2023-01-31T16:37:11.853Z - error: Report render failed
(because) error when evaluating custom script /samples/Invoice/test
connect ECONNREFUSED 127.0.0.1:8000
Error: connect ECONNREFUSED 127.0.0.1:8000
    at TCPConnectWrap.afterConnect [as oncomplete] (node:net:1247:16)
    at TCPConnectWrap.callbackTrampoline (node:internal/async_hooks:130:17) rootId=qu6rkh82j09lwq2, id=qu6rkh82j09lwq2
2023-01-31T16:37:12.201Z - error: Report render failed
(because) error when evaluating custom script /samples/Invoice/test
connect ECONNREFUSED 127.0.0.1:8000
Error: connect ECONNREFUSED 127.0.0.1:8000
    at TCPConnectWrap.afterConnect [as oncomplete] (node:net:1247:16)
    at TCPConnectWrap.callbackTrampoline (node:internal/async_hooks:130:17) rootId=8f4uuylzsz7lna6, id=8f4uuylzsz7lna6
2023-01-31T16:37:12.204Z - error: Error during processing request at http://localhost:5488/templates/rkJTnK2ce, details: Error when evaluating custom script /samples/Invoice/test
connect ECONNREFUSED 127.0.0.1:8000
Error: connect ECONNREFUSED 127.0.0.1:8000
    at TCPConnectWrap.afterConnect [as oncomplete] (node:net:1247:16)
    at TCPConnectWrap.callbackTrampoline (node:internal/async_hooks:130:17)
2023-01-31T16:37:45.494Z - error: Report render failed
(because) error when evaluating custom script /samples/Invoice/test
connect ECONNREFUSED 127.0.0.1:8000
Error: connect ECONNREFUSED 127.0.0.1:8000
    at TCPConnectWrap.afterConnect [as oncomplete] (node:net:1247:16)
    at TCPConnectWrap.callbackTrampoline (node:internal/async_hooks:130:17) rootId=gzgsy8dx9yteg8i, id=gzgsy8dx9yteg8i
2023-01-31T16:37:45.496Z - error: Error during processing request at http://localhost:5488/templates/rkJTnK2ce, details: Error when evaluating custom script /samples/Invoice/test
connect ECONNREFUSED 127.0.0.1:8000
Error: connect ECONNREFUSED 127.0.0.1:8000
    at TCPConnectWrap.afterConnect [as oncomplete] (node:net:1247:16)
    at TCPConnectWrap.callbackTrampoline (node:internal/async_hooks:130:17)
2023-02-07T19:33:20.901Z - error: Report render failed
(because) error when evaluating custom script /samples/Invoice/test
Request failed with status code 500
Error: Request failed with status code 500
    at createError (D:\xampp\htdocs\central_uniformes\Informes\node_modules\axios\lib\core\createError.js:16:15)
    at settle (D:\xampp\htdocs\central_uniformes\Informes\node_modules\axios\lib\core\settle.js:17:12)
    at IncomingMessage.handleStreamEnd (D:\xampp\htdocs\central_uniformes\Informes\node_modules\axios\lib\adapters\http.js:293:11)
    at IncomingMessage.emit (node:events:525:35)
    at IncomingMessage.emit (node:domain:552:15)
    at endReadableNT (node:internal/streams/readable:1358:12)
    at processTicksAndRejections (node:internal/process/task_queues:83:21) rootId=bw9ufwxicutmkhb, id=bw9ufwxicutmkhb
2023-02-07T19:33:20.907Z - error: Error during processing request at http://localhost:5488/templates/rkJTnK2ce, details: Error when evaluating custom script /samples/Invoice/test
Request failed with status code 500
Error: Request failed with status code 500
    at createError (D:\xampp\htdocs\central_uniformes\Informes\node_modules\axios\lib\core\createError.js:16:15)
    at settle (D:\xampp\htdocs\central_uniformes\Informes\node_modules\axios\lib\core\settle.js:17:12)
    at IncomingMessage.handleStreamEnd (D:\xampp\htdocs\central_uniformes\Informes\node_modules\axios\lib\adapters\http.js:293:11)
    at IncomingMessage.emit (node:events:525:35)
    at IncomingMessage.emit (node:domain:552:15)
    at endReadableNT (node:internal/streams/readable:1358:12)
    at processTicksAndRejections (node:internal/process/task_queues:83:21)
2023-02-09T19:37:34.233Z - error: Report render failed
(because) error when evaluating custom script /samples/Invoice/test
Request failed with status code 500
Error: Request failed with status code 500
    at createError (C:\xampp\htdocs\CentralUniformesApp\Informes\node_modules\axios\lib\core\createError.js:16:15)
    at settle (C:\xampp\htdocs\CentralUniformesApp\Informes\node_modules\axios\lib\core\settle.js:17:12)
    at IncomingMessage.handleStreamEnd (C:\xampp\htdocs\CentralUniformesApp\Informes\node_modules\axios\lib\adapters\http.js:293:11)
    at IncomingMessage.emit (node:events:525:35)
    at IncomingMessage.emit (node:domain:552:15)
    at endReadableNT (node:internal/streams/readable:1358:12)
    at processTicksAndRejections (node:internal/process/task_queues:83:21) rootId=iaw3k8qje1mkjho, id=iaw3k8qje1mkjho
2023-02-09T19:37:34.237Z - error: Error during processing request at http://localhost:5488/templates/rkJTnK2ce, details: Error when evaluating custom script /samples/Invoice/test
Request failed with status code 500
Error: Request failed with status code 500
    at createError (C:\xampp\htdocs\CentralUniformesApp\Informes\node_modules\axios\lib\core\createError.js:16:15)
    at settle (C:\xampp\htdocs\CentralUniformesApp\Informes\node_modules\axios\lib\core\settle.js:17:12)
    at IncomingMessage.handleStreamEnd (C:\xampp\htdocs\CentralUniformesApp\Informes\node_modules\axios\lib\adapters\http.js:293:11)
    at IncomingMessage.emit (node:events:525:35)
    at IncomingMessage.emit (node:domain:552:15)
    at endReadableNT (node:internal/streams/readable:1358:12)
    at processTicksAndRejections (node:internal/process/task_queues:83:21)
2023-02-09T19:37:42.828Z - error: Report render failed
(because) error when evaluating custom script /samples/Invoice/test
Request failed with status code 500
Error: Request failed with status code 500
    at createError (C:\xampp\htdocs\CentralUniformesApp\Informes\node_modules\axios\lib\core\createError.js:16:15)
    at settle (C:\xampp\htdocs\CentralUniformesApp\Informes\node_modules\axios\lib\core\settle.js:17:12)
    at IncomingMessage.handleStreamEnd (C:\xampp\htdocs\CentralUniformesApp\Informes\node_modules\axios\lib\adapters\http.js:293:11)
    at IncomingMessage.emit (node:events:525:35)
    at IncomingMessage.emit (node:domain:552:15)
    at endReadableNT (node:internal/streams/readable:1358:12)
    at processTicksAndRejections (node:internal/process/task_queues:83:21) rootId=w2n9bcobk11g2at, id=w2n9bcobk11g2at
2023-02-09T19:37:42.834Z - error: Error during processing request at http://localhost:5488/templates/rkJTnK2ce, details: Error when evaluating custom script /samples/Invoice/test
Request failed with status code 500
Error: Request failed with status code 500
    at createError (C:\xampp\htdocs\CentralUniformesApp\Informes\node_modules\axios\lib\core\createError.js:16:15)
    at settle (C:\xampp\htdocs\CentralUniformesApp\Informes\node_modules\axios\lib\core\settle.js:17:12)
    at IncomingMessage.handleStreamEnd (C:\xampp\htdocs\CentralUniformesApp\Informes\node_modules\axios\lib\adapters\http.js:293:11)
    at IncomingMessage.emit (node:events:525:35)
    at IncomingMessage.emit (node:domain:552:15)
    at endReadableNT (node:internal/streams/readable:1358:12)
    at processTicksAndRejections (node:internal/process/task_queues:83:21)
2023-02-09T19:37:44.252Z - error: Report render failed
(because) error when evaluating custom script /samples/Invoice/test
Request failed with status code 500
Error: Request failed with status code 500
    at createError (C:\xampp\htdocs\CentralUniformesApp\Informes\node_modules\axios\lib\core\createError.js:16:15)
    at settle (C:\xampp\htdocs\CentralUniformesApp\Informes\node_modules\axios\lib\core\settle.js:17:12)
    at IncomingMessage.handleStreamEnd (C:\xampp\htdocs\CentralUniformesApp\Informes\node_modules\axios\lib\adapters\http.js:293:11)
    at IncomingMessage.emit (node:events:525:35)
    at IncomingMessage.emit (node:domain:552:15)
    at endReadableNT (node:internal/streams/readable:1358:12)
    at processTicksAndRejections (node:internal/process/task_queues:83:21) rootId=9e0mst8rxap1pgp, id=9e0mst8rxap1pgp
2023-02-09T19:37:44.253Z - error: Error during processing request at http://localhost:5488/templates/rkJTnK2ce, details: Error when evaluating custom script /samples/Invoice/test
Request failed with status code 500
Error: Request failed with status code 500
    at createError (C:\xampp\htdocs\CentralUniformesApp\Informes\node_modules\axios\lib\core\createError.js:16:15)
    at settle (C:\xampp\htdocs\CentralUniformesApp\Informes\node_modules\axios\lib\core\settle.js:17:12)
    at IncomingMessage.handleStreamEnd (C:\xampp\htdocs\CentralUniformesApp\Informes\node_modules\axios\lib\adapters\http.js:293:11)
    at IncomingMessage.emit (node:events:525:35)
    at IncomingMessage.emit (node:domain:552:15)
    at endReadableNT (node:internal/streams/readable:1358:12)
    at processTicksAndRejections (node:internal/process/task_queues:83:21)
2023-02-09T19:37:45.140Z - error: Report render failed
(because) error when evaluating custom script /samples/Invoice/test
Request failed with status code 500
Error: Request failed with status code 500
    at createError (C:\xampp\htdocs\CentralUniformesApp\Informes\node_modules\axios\lib\core\createError.js:16:15)
    at settle (C:\xampp\htdocs\CentralUniformesApp\Informes\node_modules\axios\lib\core\settle.js:17:12)
    at IncomingMessage.handleStreamEnd (C:\xampp\htdocs\CentralUniformesApp\Informes\node_modules\axios\lib\adapters\http.js:293:11)
    at IncomingMessage.emit (node:events:525:35)
    at IncomingMessage.emit (node:domain:552:15)
    at endReadableNT (node:internal/streams/readable:1358:12)
    at processTicksAndRejections (node:internal/process/task_queues:83:21) rootId=dmfooyz5syxc36h, id=dmfooyz5syxc36h
2023-02-09T19:37:45.142Z - error: Error during processing request at http://localhost:5488/templates/rkJTnK2ce, details: Error when evaluating custom script /samples/Invoice/test
Request failed with status code 500
Error: Request failed with status code 500
    at createError (C:\xampp\htdocs\CentralUniformesApp\Informes\node_modules\axios\lib\core\createError.js:16:15)
    at settle (C:\xampp\htdocs\CentralUniformesApp\Informes\node_modules\axios\lib\core\settle.js:17:12)
    at IncomingMessage.handleStreamEnd (C:\xampp\htdocs\CentralUniformesApp\Informes\node_modules\axios\lib\adapters\http.js:293:11)
    at IncomingMessage.emit (node:events:525:35)
    at IncomingMessage.emit (node:domain:552:15)
    at endReadableNT (node:internal/streams/readable:1358:12)
    at processTicksAndRejections (node:internal/process/task_queues:83:21)
2023-02-09T19:37:49.324Z - error: Report render failed
(because) error when evaluating custom script /samples/Invoice/test
Request failed with status code 500
Error: Request failed with status code 500
    at createError (C:\xampp\htdocs\CentralUniformesApp\Informes\node_modules\axios\lib\core\createError.js:16:15)
    at settle (C:\xampp\htdocs\CentralUniformesApp\Informes\node_modules\axios\lib\core\settle.js:17:12)
    at IncomingMessage.handleStreamEnd (C:\xampp\htdocs\CentralUniformesApp\Informes\node_modules\axios\lib\adapters\http.js:293:11)
    at IncomingMessage.emit (node:events:525:35)
    at IncomingMessage.emit (node:domain:552:15)
    at endReadableNT (node:internal/streams/readable:1358:12)
    at processTicksAndRejections (node:internal/process/task_queues:83:21) rootId=9yf6v0hwcwu61p8, id=9yf6v0hwcwu61p8
2023-02-09T19:37:49.326Z - error: Error during processing request at http://localhost:5488/templates/rkJTnK2ce, details: Error when evaluating custom script /samples/Invoice/test
Request failed with status code 500
Error: Request failed with status code 500
    at createError (C:\xampp\htdocs\CentralUniformesApp\Informes\node_modules\axios\lib\core\createError.js:16:15)
    at settle (C:\xampp\htdocs\CentralUniformesApp\Informes\node_modules\axios\lib\core\settle.js:17:12)
    at IncomingMessage.handleStreamEnd (C:\xampp\htdocs\CentralUniformesApp\Informes\node_modules\axios\lib\adapters\http.js:293:11)
    at IncomingMessage.emit (node:events:525:35)
    at IncomingMessage.emit (node:domain:552:15)
    at endReadableNT (node:internal/streams/readable:1358:12)
    at processTicksAndRejections (node:internal/process/task_queues:83:21)
2023-02-09T19:38:18.376Z - error: Report render failed
(because) error when evaluating custom script /samples/Invoice/test
Request failed with status code 500
Error: Request failed with status code 500
    at createError (C:\xampp\htdocs\CentralUniformesApp\Informes\node_modules\axios\lib\core\createError.js:16:15)
    at settle (C:\xampp\htdocs\CentralUniformesApp\Informes\node_modules\axios\lib\core\settle.js:17:12)
    at IncomingMessage.handleStreamEnd (C:\xampp\htdocs\CentralUniformesApp\Informes\node_modules\axios\lib\adapters\http.js:293:11)
    at IncomingMessage.emit (node:events:525:35)
    at IncomingMessage.emit (node:domain:552:15)
    at endReadableNT (node:internal/streams/readable:1358:12)
    at processTicksAndRejections (node:internal/process/task_queues:83:21) rootId=pq96e1e2hyijshg, id=pq96e1e2hyijshg
2023-02-09T19:38:18.379Z - error: Error during processing request at http://localhost:5488/templates/rkJTnK2ce, details: Error when evaluating custom script /samples/Invoice/test
Request failed with status code 500
Error: Request failed with status code 500
    at createError (C:\xampp\htdocs\CentralUniformesApp\Informes\node_modules\axios\lib\core\createError.js:16:15)
    at settle (C:\xampp\htdocs\CentralUniformesApp\Informes\node_modules\axios\lib\core\settle.js:17:12)
    at IncomingMessage.handleStreamEnd (C:\xampp\htdocs\CentralUniformesApp\Informes\node_modules\axios\lib\adapters\http.js:293:11)
    at IncomingMessage.emit (node:events:525:35)
    at IncomingMessage.emit (node:domain:552:15)
    at endReadableNT (node:internal/streams/readable:1358:12)
    at processTicksAndRejections (node:internal/process/task_queues:83:21)
2023-02-09T19:38:20.894Z - error: Report render failed
(because) error when evaluating custom script /samples/Invoice/test
Request failed with status code 500
Error: Request failed with status code 500
    at createError (C:\xampp\htdocs\CentralUniformesApp\Informes\node_modules\axios\lib\core\createError.js:16:15)
    at settle (C:\xampp\htdocs\CentralUniformesApp\Informes\node_modules\axios\lib\core\settle.js:17:12)
    at IncomingMessage.handleStreamEnd (C:\xampp\htdocs\CentralUniformesApp\Informes\node_modules\axios\lib\adapters\http.js:293:11)
    at IncomingMessage.emit (node:events:525:35)
    at IncomingMessage.emit (node:domain:552:15)
    at endReadableNT (node:internal/streams/readable:1358:12)
    at processTicksAndRejections (node:internal/process/task_queues:83:21) rootId=scwu3m58n0uogko, id=scwu3m58n0uogko
2023-02-09T19:38:20.898Z - error: Error during processing request at http://localhost:5488/templates/rkJTnK2ce, details: Error when evaluating custom script /samples/Invoice/test
Request failed with status code 500
Error: Request failed with status code 500
    at createError (C:\xampp\htdocs\CentralUniformesApp\Informes\node_modules\axios\lib\core\createError.js:16:15)
    at settle (C:\xampp\htdocs\CentralUniformesApp\Informes\node_modules\axios\lib\core\settle.js:17:12)
    at IncomingMessage.handleStreamEnd (C:\xampp\htdocs\CentralUniformesApp\Informes\node_modules\axios\lib\adapters\http.js:293:11)
    at IncomingMessage.emit (node:events:525:35)
    at IncomingMessage.emit (node:domain:552:15)
    at endReadableNT (node:internal/streams/readable:1358:12)
    at processTicksAndRejections (node:internal/process/task_queues:83:21)
2023-02-09T19:40:17.234Z - error: Report render failed
(because) error when evaluating custom script /samples/Invoice/test
Request failed with status code 500
Error: Request failed with status code 500
    at createError (C:\xampp\htdocs\CentralUniformesApp\Informes\node_modules\axios\lib\core\createError.js:16:15)
    at settle (C:\xampp\htdocs\CentralUniformesApp\Informes\node_modules\axios\lib\core\settle.js:17:12)
    at IncomingMessage.handleStreamEnd (C:\xampp\htdocs\CentralUniformesApp\Informes\node_modules\axios\lib\adapters\http.js:293:11)
    at IncomingMessage.emit (node:events:525:35)
    at IncomingMessage.emit (node:domain:552:15)
    at endReadableNT (node:internal/streams/readable:1358:12)
    at processTicksAndRejections (node:internal/process/task_queues:83:21) rootId=top9hdsfv7naywl, id=top9hdsfv7naywl
2023-02-09T19:40:17.239Z - error: Error during processing request at http://localhost:5488/templates/rkJTnK2ce, details: Error when evaluating custom script /samples/Invoice/test
Request failed with status code 500
Error: Request failed with status code 500
    at createError (C:\xampp\htdocs\CentralUniformesApp\Informes\node_modules\axios\lib\core\createError.js:16:15)
    at settle (C:\xampp\htdocs\CentralUniformesApp\Informes\node_modules\axios\lib\core\settle.js:17:12)
    at IncomingMessage.handleStreamEnd (C:\xampp\htdocs\CentralUniformesApp\Informes\node_modules\axios\lib\adapters\http.js:293:11)
    at IncomingMessage.emit (node:events:525:35)
    at IncomingMessage.emit (node:domain:552:15)
    at endReadableNT (node:internal/streams/readable:1358:12)
    at processTicksAndRejections (node:internal/process/task_queues:83:21)
2023-02-09T19:40:20.336Z - error: Report render failed
(because) error when evaluating custom script /samples/Invoice/test
Request failed with status code 500
Error: Request failed with status code 500
    at createError (C:\xampp\htdocs\CentralUniformesApp\Informes\node_modules\axios\lib\core\createError.js:16:15)
    at settle (C:\xampp\htdocs\CentralUniformesApp\Informes\node_modules\axios\lib\core\settle.js:17:12)
    at IncomingMessage.handleStreamEnd (C:\xampp\htdocs\CentralUniformesApp\Informes\node_modules\axios\lib\adapters\http.js:293:11)
    at IncomingMessage.emit (node:events:525:35)
    at IncomingMessage.emit (node:domain:552:15)
    at endReadableNT (node:internal/streams/readable:1358:12)
    at processTicksAndRejections (node:internal/process/task_queues:83:21) rootId=g4s0l3vh7zq5vk5, id=g4s0l3vh7zq5vk5
2023-02-09T19:40:20.340Z - error: Error during processing request at http://localhost:5488/templates/rkJTnK2ce, details: Error when evaluating custom script /samples/Invoice/test
Request failed with status code 500
Error: Request failed with status code 500
    at createError (C:\xampp\htdocs\CentralUniformesApp\Informes\node_modules\axios\lib\core\createError.js:16:15)
    at settle (C:\xampp\htdocs\CentralUniformesApp\Informes\node_modules\axios\lib\core\settle.js:17:12)
    at IncomingMessage.handleStreamEnd (C:\xampp\htdocs\CentralUniformesApp\Informes\node_modules\axios\lib\adapters\http.js:293:11)
    at IncomingMessage.emit (node:events:525:35)
    at IncomingMessage.emit (node:domain:552:15)
    at endReadableNT (node:internal/streams/readable:1358:12)
    at processTicksAndRejections (node:internal/process/task_queues:83:21)
2023-02-09T19:40:47.769Z - error: Report render failed
(because) error when evaluating custom script /samples/Invoice/test
Request failed with status code 500
Error: Request failed with status code 500
    at createError (C:\xampp\htdocs\CentralUniformesApp\Informes\node_modules\axios\lib\core\createError.js:16:15)
    at settle (C:\xampp\htdocs\CentralUniformesApp\Informes\node_modules\axios\lib\core\settle.js:17:12)
    at IncomingMessage.handleStreamEnd (C:\xampp\htdocs\CentralUniformesApp\Informes\node_modules\axios\lib\adapters\http.js:293:11)
    at IncomingMessage.emit (node:events:525:35)
    at IncomingMessage.emit (node:domain:552:15)
    at endReadableNT (node:internal/streams/readable:1358:12)
    at processTicksAndRejections (node:internal/process/task_queues:83:21) rootId=vmiwb8mk48m661t, id=vmiwb8mk48m661t
2023-02-09T19:40:47.774Z - error: Error during processing request at http://localhost:5488/templates/rkJTnK2ce, details: Error when evaluating custom script /samples/Invoice/test
Request failed with status code 500
Error: Request failed with status code 500
    at createError (C:\xampp\htdocs\CentralUniformesApp\Informes\node_modules\axios\lib\core\createError.js:16:15)
    at settle (C:\xampp\htdocs\CentralUniformesApp\Informes\node_modules\axios\lib\core\settle.js:17:12)
    at IncomingMessage.handleStreamEnd (C:\xampp\htdocs\CentralUniformesApp\Informes\node_modules\axios\lib\adapters\http.js:293:11)
    at IncomingMessage.emit (node:events:525:35)
    at IncomingMessage.emit (node:domain:552:15)
    at endReadableNT (node:internal/streams/readable:1358:12)
    at processTicksAndRejections (node:internal/process/task_queues:83:21)
2023-02-09T19:41:30.267Z - error: Report render failed
(because) error when evaluating custom script /samples/Invoice/test
Request failed with status code 500
Error: Request failed with status code 500
    at createError (C:\xampp\htdocs\CentralUniformesApp\Informes\node_modules\axios\lib\core\createError.js:16:15)
    at settle (C:\xampp\htdocs\CentralUniformesApp\Informes\node_modules\axios\lib\core\settle.js:17:12)
    at IncomingMessage.handleStreamEnd (C:\xampp\htdocs\CentralUniformesApp\Informes\node_modules\axios\lib\adapters\http.js:293:11)
    at IncomingMessage.emit (node:events:525:35)
    at IncomingMessage.emit (node:domain:552:15)
    at endReadableNT (node:internal/streams/readable:1358:12)
    at processTicksAndRejections (node:internal/process/task_queues:83:21) rootId=8efc1xrtb8dqej7, id=8efc1xrtb8dqej7
2023-02-09T19:41:30.271Z - error: Error during processing request at http://localhost:5488/templates/rkJTnK2ce, details: Error when evaluating custom script /samples/Invoice/test
Request failed with status code 500
Error: Request failed with status code 500
    at createError (C:\xampp\htdocs\CentralUniformesApp\Informes\node_modules\axios\lib\core\createError.js:16:15)
    at settle (C:\xampp\htdocs\CentralUniformesApp\Informes\node_modules\axios\lib\core\settle.js:17:12)
    at IncomingMessage.handleStreamEnd (C:\xampp\htdocs\CentralUniformesApp\Informes\node_modules\axios\lib\adapters\http.js:293:11)
    at IncomingMessage.emit (node:events:525:35)
    at IncomingMessage.emit (node:domain:552:15)
    at endReadableNT (node:internal/streams/readable:1358:12)
    at processTicksAndRejections (node:internal/process/task_queues:83:21)
2023-02-09T19:45:19.612Z - error: Report render failed
(because) error when evaluating custom script /samples/Invoice/test
Request failed with status code 500
Error: Request failed with status code 500
    at createError (C:\xampp\htdocs\CentralUniformesApp\Informes\node_modules\axios\lib\core\createError.js:16:15)
    at settle (C:\xampp\htdocs\CentralUniformesApp\Informes\node_modules\axios\lib\core\settle.js:17:12)
    at IncomingMessage.handleStreamEnd (C:\xampp\htdocs\CentralUniformesApp\Informes\node_modules\axios\lib\adapters\http.js:293:11)
    at IncomingMessage.emit (node:events:525:35)
    at IncomingMessage.emit (node:domain:552:15)
    at endReadableNT (node:internal/streams/readable:1358:12)
    at processTicksAndRejections (node:internal/process/task_queues:83:21) rootId=aja9m56k6ifitk2, id=aja9m56k6ifitk2
2023-02-09T19:45:19.614Z - error: Error during processing request at http://localhost:5488/templates/rkJTnK2ce, details: Error when evaluating custom script /samples/Invoice/test
Request failed with status code 500
Error: Request failed with status code 500
    at createError (C:\xampp\htdocs\CentralUniformesApp\Informes\node_modules\axios\lib\core\createError.js:16:15)
    at settle (C:\xampp\htdocs\CentralUniformesApp\Informes\node_modules\axios\lib\core\settle.js:17:12)
    at IncomingMessage.handleStreamEnd (C:\xampp\htdocs\CentralUniformesApp\Informes\node_modules\axios\lib\adapters\http.js:293:11)
    at IncomingMessage.emit (node:events:525:35)
    at IncomingMessage.emit (node:domain:552:15)
    at endReadableNT (node:internal/streams/readable:1358:12)
    at processTicksAndRejections (node:internal/process/task_queues:83:21)
2023-02-09T19:46:50.568Z - error: Report render failed
(because) error when evaluating custom script /samples/Invoice/test
Request failed with status code 500
Error: Request failed with status code 500
    at createError (C:\xampp\htdocs\CentralUniformesApp\Informes\node_modules\axios\lib\core\createError.js:16:15)
    at settle (C:\xampp\htdocs\CentralUniformesApp\Informes\node_modules\axios\lib\core\settle.js:17:12)
    at IncomingMessage.handleStreamEnd (C:\xampp\htdocs\CentralUniformesApp\Informes\node_modules\axios\lib\adapters\http.js:293:11)
    at IncomingMessage.emit (node:events:525:35)
    at IncomingMessage.emit (node:domain:552:15)
    at endReadableNT (node:internal/streams/readable:1358:12)
    at processTicksAndRejections (node:internal/process/task_queues:83:21) rootId=g4m3a7shbdoect6, id=g4m3a7shbdoect6
2023-02-09T19:46:50.570Z - error: Error during processing request at http://localhost:5488/templates/rkJTnK2ce, details: Error when evaluating custom script /samples/Invoice/test
Request failed with status code 500
Error: Request failed with status code 500
    at createError (C:\xampp\htdocs\CentralUniformesApp\Informes\node_modules\axios\lib\core\createError.js:16:15)
    at settle (C:\xampp\htdocs\CentralUniformesApp\Informes\node_modules\axios\lib\core\settle.js:17:12)
    at IncomingMessage.handleStreamEnd (C:\xampp\htdocs\CentralUniformesApp\Informes\node_modules\axios\lib\adapters\http.js:293:11)
    at IncomingMessage.emit (node:events:525:35)
    at IncomingMessage.emit (node:domain:552:15)
    at endReadableNT (node:internal/streams/readable:1358:12)
    at processTicksAndRejections (node:internal/process/task_queues:83:21)
2023-02-09T19:48:11.496Z - error: Report render failed
(because) error when evaluating custom script /samples/Invoice/test
Request failed with status code 500
Error: Request failed with status code 500
    at createError (C:\xampp\htdocs\CentralUniformesApp\Informes\node_modules\axios\lib\core\createError.js:16:15)
    at settle (C:\xampp\htdocs\CentralUniformesApp\Informes\node_modules\axios\lib\core\settle.js:17:12)
    at IncomingMessage.handleStreamEnd (C:\xampp\htdocs\CentralUniformesApp\Informes\node_modules\axios\lib\adapters\http.js:293:11)
    at IncomingMessage.emit (node:events:525:35)
    at IncomingMessage.emit (node:domain:552:15)
    at endReadableNT (node:internal/streams/readable:1358:12)
    at processTicksAndRejections (node:internal/process/task_queues:83:21) rootId=z4rcj9xrecha0bt, id=z4rcj9xrecha0bt
2023-02-09T19:48:11.500Z - error: Error during processing request at http://localhost:5488/templates/rkJTnK2ce, details: Error when evaluating custom script /samples/Invoice/test
Request failed with status code 500
Error: Request failed with status code 500
    at createError (C:\xampp\htdocs\CentralUniformesApp\Informes\node_modules\axios\lib\core\createError.js:16:15)
    at settle (C:\xampp\htdocs\CentralUniformesApp\Informes\node_modules\axios\lib\core\settle.js:17:12)
    at IncomingMessage.handleStreamEnd (C:\xampp\htdocs\CentralUniformesApp\Informes\node_modules\axios\lib\adapters\http.js:293:11)
    at IncomingMessage.emit (node:events:525:35)
    at IncomingMessage.emit (node:domain:552:15)
    at endReadableNT (node:internal/streams/readable:1358:12)
    at processTicksAndRejections (node:internal/process/task_queues:83:21)
2023-02-09T19:55:54.250Z - error: Report render failed
(because) error when evaluating custom script /samples/Invoice/test
Request failed with status code 500
Error: Request failed with status code 500
    at createError (C:\xampp\htdocs\CentralUniformesApp\Informes\node_modules\axios\lib\core\createError.js:16:15)
    at settle (C:\xampp\htdocs\CentralUniformesApp\Informes\node_modules\axios\lib\core\settle.js:17:12)
    at IncomingMessage.handleStreamEnd (C:\xampp\htdocs\CentralUniformesApp\Informes\node_modules\axios\lib\adapters\http.js:293:11)
    at IncomingMessage.emit (node:events:525:35)
    at IncomingMessage.emit (node:domain:552:15)
    at endReadableNT (node:internal/streams/readable:1358:12)
    at processTicksAndRejections (node:internal/process/task_queues:83:21) rootId=95lmsroetwyqp0l, id=95lmsroetwyqp0l
2023-02-09T19:55:54.253Z - error: Error during processing request at http://localhost:5488/templates/rkJTnK2ce, details: Error when evaluating custom script /samples/Invoice/test
Request failed with status code 500
Error: Request failed with status code 500
    at createError (C:\xampp\htdocs\CentralUniformesApp\Informes\node_modules\axios\lib\core\createError.js:16:15)
    at settle (C:\xampp\htdocs\CentralUniformesApp\Informes\node_modules\axios\lib\core\settle.js:17:12)
    at IncomingMessage.handleStreamEnd (C:\xampp\htdocs\CentralUniformesApp\Informes\node_modules\axios\lib\adapters\http.js:293:11)
    at IncomingMessage.emit (node:events:525:35)
    at IncomingMessage.emit (node:domain:552:15)
    at endReadableNT (node:internal/streams/readable:1358:12)
    at processTicksAndRejections (node:internal/process/task_queues:83:21)
2023-02-09T19:59:03.864Z - error: Report render failed
(because) error when evaluating custom script /samples/Invoice/test
Request failed with status code 500
Error: Request failed with status code 500
    at createError (C:\xampp\htdocs\CentralUniformesApp\Informes\node_modules\axios\lib\core\createError.js:16:15)
    at settle (C:\xampp\htdocs\CentralUniformesApp\Informes\node_modules\axios\lib\core\settle.js:17:12)
    at IncomingMessage.handleStreamEnd (C:\xampp\htdocs\CentralUniformesApp\Informes\node_modules\axios\lib\adapters\http.js:293:11)
    at IncomingMessage.emit (node:events:525:35)
    at IncomingMessage.emit (node:domain:552:15)
    at endReadableNT (node:internal/streams/readable:1358:12)
    at processTicksAndRejections (node:internal/process/task_queues:83:21) rootId=myzsv5bjd95cr8p, id=myzsv5bjd95cr8p
2023-02-09T19:59:03.867Z - error: Error during processing request at http://localhost:5488/templates/rkJTnK2ce, details: Error when evaluating custom script /samples/Invoice/test
Request failed with status code 500
Error: Request failed with status code 500
    at createError (C:\xampp\htdocs\CentralUniformesApp\Informes\node_modules\axios\lib\core\createError.js:16:15)
    at settle (C:\xampp\htdocs\CentralUniformesApp\Informes\node_modules\axios\lib\core\settle.js:17:12)
    at IncomingMessage.handleStreamEnd (C:\xampp\htdocs\CentralUniformesApp\Informes\node_modules\axios\lib\adapters\http.js:293:11)
    at IncomingMessage.emit (node:events:525:35)
    at IncomingMessage.emit (node:domain:552:15)
    at endReadableNT (node:internal/streams/readable:1358:12)
    at processTicksAndRejections (node:internal/process/task_queues:83:21)
2023-02-09T20:00:30.244Z - error: Report render failed
(because) error when evaluating custom script /samples/Invoice/test
Request failed with status code 500
Error: Request failed with status code 500
    at createError (C:\xampp\htdocs\CentralUniformesApp\Informes\node_modules\axios\lib\core\createError.js:16:15)
    at settle (C:\xampp\htdocs\CentralUniformesApp\Informes\node_modules\axios\lib\core\settle.js:17:12)
    at IncomingMessage.handleStreamEnd (C:\xampp\htdocs\CentralUniformesApp\Informes\node_modules\axios\lib\adapters\http.js:293:11)
    at IncomingMessage.emit (node:events:525:35)
    at IncomingMessage.emit (node:domain:552:15)
    at endReadableNT (node:internal/streams/readable:1358:12)
    at processTicksAndRejections (node:internal/process/task_queues:83:21) rootId=qvec19rakha5dw6, id=qvec19rakha5dw6
2023-02-09T20:00:30.248Z - error: Error during processing request at http://localhost:5488/templates/rkJTnK2ce, details: Error when evaluating custom script /samples/Invoice/test
Request failed with status code 500
Error: Request failed with status code 500
    at createError (C:\xampp\htdocs\CentralUniformesApp\Informes\node_modules\axios\lib\core\createError.js:16:15)
    at settle (C:\xampp\htdocs\CentralUniformesApp\Informes\node_modules\axios\lib\core\settle.js:17:12)
    at IncomingMessage.handleStreamEnd (C:\xampp\htdocs\CentralUniformesApp\Informes\node_modules\axios\lib\adapters\http.js:293:11)
    at IncomingMessage.emit (node:events:525:35)
    at IncomingMessage.emit (node:domain:552:15)
    at endReadableNT (node:internal/streams/readable:1358:12)
    at processTicksAndRejections (node:internal/process/task_queues:83:21)
2023-02-10T01:30:45.536Z - error: Report render failed
(because) error when evaluating custom script /samples/Invoice/test
Request failed with status code 500
Error: Request failed with status code 500
    at createError (C:\Users\casim\Desktop\CentralUniformesApp\Informes\node_modules\axios\lib\core\createError.js:16:15)
    at settle (C:\Users\casim\Desktop\CentralUniformesApp\Informes\node_modules\axios\lib\core\settle.js:17:12)
    at IncomingMessage.handleStreamEnd (C:\Users\casim\Desktop\CentralUniformesApp\Informes\node_modules\axios\lib\adapters\http.js:293:11)
    at IncomingMessage.emit (node:events:525:35)
    at IncomingMessage.emit (node:domain:552:15)
    at endReadableNT (node:internal/streams/readable:1358:12)
    at processTicksAndRejections (node:internal/process/task_queues:83:21) rootId=skharyvkhkhnkxc, id=skharyvkhkhnkxc
2023-02-10T01:30:45.540Z - error: Error during processing request at http://localhost:5488/templates/rkJTnK2ce, details: Error when evaluating custom script /samples/Invoice/test
Request failed with status code 500
Error: Request failed with status code 500
    at createError (C:\Users\casim\Desktop\CentralUniformesApp\Informes\node_modules\axios\lib\core\createError.js:16:15)
    at settle (C:\Users\casim\Desktop\CentralUniformesApp\Informes\node_modules\axios\lib\core\settle.js:17:12)
    at IncomingMessage.handleStreamEnd (C:\Users\casim\Desktop\CentralUniformesApp\Informes\node_modules\axios\lib\adapters\http.js:293:11)
    at IncomingMessage.emit (node:events:525:35)
    at IncomingMessage.emit (node:domain:552:15)
    at endReadableNT (node:internal/streams/readable:1358:12)
    at processTicksAndRejections (node:internal/process/task_queues:83:21)
2023-02-10T15:55:08.243Z - error: Report render failed
(because) error when evaluating custom script /samples/Invoice/test
Request failed with status code 500
Error: Request failed with status code 500
    at createError (C:\Users\casim\Desktop\CentralUniformesApp\Informes\node_modules\axios\lib\core\createError.js:16:15)
    at settle (C:\Users\casim\Desktop\CentralUniformesApp\Informes\node_modules\axios\lib\core\settle.js:17:12)
    at IncomingMessage.handleStreamEnd (C:\Users\casim\Desktop\CentralUniformesApp\Informes\node_modules\axios\lib\adapters\http.js:293:11)
    at IncomingMessage.emit (node:events:525:35)
    at IncomingMessage.emit (node:domain:552:15)
    at endReadableNT (node:internal/streams/readable:1358:12)
    at processTicksAndRejections (node:internal/process/task_queues:83:21) rootId=rtwuhh9d0nn30q7, id=rtwuhh9d0nn30q7
2023-02-10T15:55:08.246Z - error: Error during processing request at http://localhost:5488/templates/rkJTnK2ce, details: Error when evaluating custom script /samples/Invoice/test
Request failed with status code 500
Error: Request failed with status code 500
    at createError (C:\Users\casim\Desktop\CentralUniformesApp\Informes\node_modules\axios\lib\core\createError.js:16:15)
    at settle (C:\Users\casim\Desktop\CentralUniformesApp\Informes\node_modules\axios\lib\core\settle.js:17:12)
    at IncomingMessage.handleStreamEnd (C:\Users\casim\Desktop\CentralUniformesApp\Informes\node_modules\axios\lib\adapters\http.js:293:11)
    at IncomingMessage.emit (node:events:525:35)
    at IncomingMessage.emit (node:domain:552:15)
    at endReadableNT (node:internal/streams/readable:1358:12)
    at processTicksAndRejections (node:internal/process/task_queues:83:21)
2023-02-10T15:55:54.539Z - error: Report render failed
(because) error when evaluating custom script /samples/Invoice/test
Request failed with status code 500
Error: Request failed with status code 500
    at createError (C:\Users\casim\Desktop\CentralUniformesApp\Informes\node_modules\axios\lib\core\createError.js:16:15)
    at settle (C:\Users\casim\Desktop\CentralUniformesApp\Informes\node_modules\axios\lib\core\settle.js:17:12)
    at IncomingMessage.handleStreamEnd (C:\Users\casim\Desktop\CentralUniformesApp\Informes\node_modules\axios\lib\adapters\http.js:293:11)
    at IncomingMessage.emit (node:events:525:35)
    at IncomingMessage.emit (node:domain:552:15)
    at endReadableNT (node:internal/streams/readable:1358:12)
    at processTicksAndRejections (node:internal/process/task_queues:83:21) rootId=a5yg675pv6wveyl, id=a5yg675pv6wveyl
2023-02-10T15:55:54.543Z - error: Error during processing request at http://localhost:5488/templates/rkJTnK2ce, details: Error when evaluating custom script /samples/Invoice/test
Request failed with status code 500
Error: Request failed with status code 500
    at createError (C:\Users\casim\Desktop\CentralUniformesApp\Informes\node_modules\axios\lib\core\createError.js:16:15)
    at settle (C:\Users\casim\Desktop\CentralUniformesApp\Informes\node_modules\axios\lib\core\settle.js:17:12)
    at IncomingMessage.handleStreamEnd (C:\Users\casim\Desktop\CentralUniformesApp\Informes\node_modules\axios\lib\adapters\http.js:293:11)
    at IncomingMessage.emit (node:events:525:35)
    at IncomingMessage.emit (node:domain:552:15)
    at endReadableNT (node:internal/streams/readable:1358:12)
    at processTicksAndRejections (node:internal/process/task_queues:83:21)
2023-02-10T15:59:10.369Z - error: Report render failed
(because) error when evaluating custom script /samples/Invoice/test
Request failed with status code 500
Error: Request failed with status code 500
    at createError (C:\Users\casim\Desktop\CentralUniformesApp\Informes\node_modules\axios\lib\core\createError.js:16:15)
    at settle (C:\Users\casim\Desktop\CentralUniformesApp\Informes\node_modules\axios\lib\core\settle.js:17:12)
    at IncomingMessage.handleStreamEnd (C:\Users\casim\Desktop\CentralUniformesApp\Informes\node_modules\axios\lib\adapters\http.js:293:11)
    at IncomingMessage.emit (node:events:525:35)
    at IncomingMessage.emit (node:domain:552:15)
    at endReadableNT (node:internal/streams/readable:1358:12)
    at processTicksAndRejections (node:internal/process/task_queues:83:21) rootId=1amks9mu3vfsbk2, id=1amks9mu3vfsbk2
2023-02-08T16:05:50.366Z - error: Report render failed
(because) error when evaluating custom script /samples/Invoice/test
Request failed with status code 500
Error: Request failed with status code 500
    at createError (D:\xampp\htdocs\central_uniformes\Informes\node_modules\axios\lib\core\createError.js:16:15)
    at settle (D:\xampp\htdocs\central_uniformes\Informes\node_modules\axios\lib\core\settle.js:17:12)
    at IncomingMessage.handleStreamEnd (D:\xampp\htdocs\central_uniformes\Informes\node_modules\axios\lib\adapters\http.js:293:11)
    at IncomingMessage.emit (node:events:525:35)
    at IncomingMessage.emit (node:domain:552:15)
    at endReadableNT (node:internal/streams/readable:1358:12)
    at processTicksAndRejections (node:internal/process/task_queues:83:21) rootId=hiwz3x5aag8qjjl, id=hiwz3x5aag8qjjl
2023-02-08T18:10:56.731Z - error: Report render failed
(because) unexpected token < in JSON at position 0
SyntaxError: Unexpected token < in JSON at position 0
    at JSON.parse (<anonymous>)
    at Request._callback (sandbox.js:13:27)
    at Request.self.callback (D:\xampp\htdocs\central_uniformes\Informes\node_modules\request\request.js:185:22)
    at Request.emit (node:events:513:28)
    at Request.emit (node:domain:552:15)
    at Request.<anonymous> (D:\xampp\htdocs\central_uniformes\Informes\node_modules\request\request.js:1154:10)
    at Request.emit (node:events:513:28)
    at Request.emit (node:domain:552:15)
    at IncomingMessage.<anonymous> (D:\xampp\htdocs\central_uniformes\Informes\node_modules\request\request.js:1076:12)
    at Object.onceWrapper (node:events:627:28) rootId=7pwklmeyncbq4ln, id=7pwklmeyncbq4ln
2023-02-08T18:11:03.532Z - error: Report render failed
(because) cannot read properties of undefined (reading 'forEach')
TypeError: Cannot read properties of undefined (reading 'forEach')
    at Request._callback (sandbox.js:16:16)
    at Request.self.callback (D:\xampp\htdocs\central_uniformes\Informes\node_modules\request\request.js:185:22)
    at Request.emit (node:events:513:28)
    at Request.emit (node:domain:552:15)
    at Request.<anonymous> (D:\xampp\htdocs\central_uniformes\Informes\node_modules\request\request.js:1154:10)
    at Request.emit (node:events:513:28)
    at Request.emit (node:domain:552:15)
    at IncomingMessage.<anonymous> (D:\xampp\htdocs\central_uniformes\Informes\node_modules\request\request.js:1076:12)
    at Object.onceWrapper (node:events:627:28)
    at IncomingMessage.emit (node:events:525:35) rootId=nkwfhvn2x4v5v1o, id=nkwfhvn2x4v5v1o
2023-02-08T18:19:42.563Z - error: Report render failed
(because) unexpected token < in JSON at position 0
SyntaxError: Unexpected token < in JSON at position 0
    at JSON.parse (<anonymous>)
    at Request._callback (sandbox.js:13:27)
    at Request.self.callback (D:\xampp\htdocs\central_uniformes\Informes\node_modules\request\request.js:185:22)
    at Request.emit (node:events:513:28)
    at Request.emit (node:domain:552:15)
    at Request.<anonymous> (D:\xampp\htdocs\central_uniformes\Informes\node_modules\request\request.js:1154:10)
    at Request.emit (node:events:513:28)
    at Request.emit (node:domain:552:15)
    at IncomingMessage.<anonymous> (D:\xampp\htdocs\central_uniformes\Informes\node_modules\request\request.js:1076:12)
    at Object.onceWrapper (node:events:627:28) rootId=kk74yd6wsbpxivv, id=kk74yd6wsbpxivv
2023-02-08T18:20:09.974Z - error: Report render failed
(because) unexpected token < in JSON at position 0
SyntaxError: Unexpected token < in JSON at position 0
    at JSON.parse (<anonymous>)
    at Request._callback (sandbox.js:13:27)
    at Request.self.callback (D:\xampp\htdocs\central_uniformes\Informes\node_modules\request\request.js:185:22)
    at Request.emit (node:events:513:28)
    at Request.emit (node:domain:552:15)
    at Request.<anonymous> (D:\xampp\htdocs\central_uniformes\Informes\node_modules\request\request.js:1154:10)
    at Request.emit (node:events:513:28)
    at Request.emit (node:domain:552:15)
    at IncomingMessage.<anonymous> (D:\xampp\htdocs\central_uniformes\Informes\node_modules\request\request.js:1076:12)
    at Object.onceWrapper (node:events:627:28) rootId=wgsi035tqifhblb, id=wgsi035tqifhblb
2023-02-08T18:20:36.212Z - error: Report render failed
(because) unexpected token < in JSON at position 0
SyntaxError: Unexpected token < in JSON at position 0
    at JSON.parse (<anonymous>)
    at Request._callback (sandbox.js:13:27)
    at Request.self.callback (D:\xampp\htdocs\central_uniformes\Informes\node_modules\request\request.js:185:22)
    at Request.emit (node:events:513:28)
    at Request.emit (node:domain:552:15)
    at Request.<anonymous> (D:\xampp\htdocs\central_uniformes\Informes\node_modules\request\request.js:1154:10)
    at Request.emit (node:events:513:28)
    at Request.emit (node:domain:552:15)
    at IncomingMessage.<anonymous> (D:\xampp\htdocs\central_uniformes\Informes\node_modules\request\request.js:1076:12)
    at Object.onceWrapper (node:events:627:28) rootId=oxvair1kf33mc4d, id=oxvair1kf33mc4d
2023-02-08T18:20:39.005Z - error: Report render failed
(because) unexpected token < in JSON at position 0
SyntaxError: Unexpected token < in JSON at position 0
    at JSON.parse (<anonymous>)
    at Request._callback (sandbox.js:13:27)
    at Request.self.callback (D:\xampp\htdocs\central_uniformes\Informes\node_modules\request\request.js:185:22)
    at Request.emit (node:events:513:28)
    at Request.emit (node:domain:552:15)
    at Request.<anonymous> (D:\xampp\htdocs\central_uniformes\Informes\node_modules\request\request.js:1154:10)
    at Request.emit (node:events:513:28)
    at Request.emit (node:domain:552:15)
    at IncomingMessage.<anonymous> (D:\xampp\htdocs\central_uniformes\Informes\node_modules\request\request.js:1076:12)
    at Object.onceWrapper (node:events:627:28) rootId=8ab1hfkycecjdfp, id=8ab1hfkycecjdfp
2023-02-08T18:21:08.509Z - error: Report render failed
(because) unexpected token < in JSON at position 0
SyntaxError: Unexpected token < in JSON at position 0
    at JSON.parse (<anonymous>)
    at Request._callback (sandbox.js:13:27)
    at Request.self.callback (D:\xampp\htdocs\central_uniformes\Informes\node_modules\request\request.js:185:22)
    at Request.emit (node:events:513:28)
    at Request.emit (node:domain:552:15)
    at Request.<anonymous> (D:\xampp\htdocs\central_uniformes\Informes\node_modules\request\request.js:1154:10)
    at Request.emit (node:events:513:28)
    at Request.emit (node:domain:552:15)
    at IncomingMessage.<anonymous> (D:\xampp\htdocs\central_uniformes\Informes\node_modules\request\request.js:1076:12)
    at Object.onceWrapper (node:events:627:28) rootId=zi24kjms7ivzrmj, id=zi24kjms7ivzrmj
2023-02-08T18:29:11.235Z - error: Report render failed
(because) unexpected token < in JSON at position 0
SyntaxError: Unexpected token < in JSON at position 0
    at JSON.parse (<anonymous>)
    at Request._callback (sandbox.js:12:27)
    at Request.self.callback (D:\xampp\htdocs\central_uniformes\Informes\node_modules\request\request.js:185:22)
    at Request.emit (node:events:513:28)
    at Request.emit (node:domain:552:15)
    at Request.<anonymous> (D:\xampp\htdocs\central_uniformes\Informes\node_modules\request\request.js:1154:10)
    at Request.emit (node:events:513:28)
    at Request.emit (node:domain:552:15)
    at IncomingMessage.<anonymous> (D:\xampp\htdocs\central_uniformes\Informes\node_modules\request\request.js:1076:12)
    at Object.onceWrapper (node:events:627:28) rootId=sktdpvu5q4oubls, id=sktdpvu5q4oubls
2023-02-09T20:14:21.325Z - error: Error when processing render request 61
(because) timeout when executing in phantom
Error: Timeout when executing in phantom
    at Timeout._onTimeout (D:\xampp\htdocs\central_uniformes\Informes\node_modules\phantom-html-to-pdf\lib\dedicatedProcessStrategy.js:89:26)
    at listOnTimeout (node:internal/timers:559:17)
    at processTimers (node:internal/timers:502:7) rootId=9fyeim8adiyw9ve, id=9fyeim8adiyw9ve, fromEmitProfile=true
2023-02-09T20:14:21.326Z - error: Rendering request 61 finished with error in 60032 ms rootId=9fyeim8adiyw9ve, id=9fyeim8adiyw9ve, fromEmitProfile=true
2023-02-09T20:29:30.061Z - error: Error when processing render request 80
(because) timeout when executing in phantom
Error: Timeout when executing in phantom
    at Timeout._onTimeout (D:\xampp\htdocs\central_uniformes\Informes\node_modules\phantom-html-to-pdf\lib\dedicatedProcessStrategy.js:89:26)
    at listOnTimeout (node:internal/timers:559:17)
    at processTimers (node:internal/timers:502:7) rootId=pew8l3ckrd6426y, id=pew8l3ckrd6426y, fromEmitProfile=true
2023-02-09T20:29:30.069Z - error: Rendering request 80 finished with error in 60023 ms rootId=pew8l3ckrd6426y, id=pew8l3ckrd6426y, fromEmitProfile=true
2023-02-10T15:23:26.798Z - error: Error when processing render request 13
(because) timeout when executing in phantom
Error: Timeout when executing in phantom
    at Timeout._onTimeout (D:\xampp\htdocs\central_uniformes\Informes\node_modules\phantom-html-to-pdf\lib\dedicatedProcessStrategy.js:89:26)
    at listOnTimeout (node:internal/timers:559:17)
    at processTimers (node:internal/timers:502:7) rootId=jpu0lvk9lpyddud, id=jpu0lvk9lpyddud, fromEmitProfile=true
2023-02-10T15:23:26.803Z - error: Rendering request 13 finished with error in 60026 ms rootId=jpu0lvk9lpyddud, id=jpu0lvk9lpyddud, fromEmitProfile=true
2023-02-10T15:24:42.794Z - error: Error when processing render request 14
(because) timeout when executing in phantom
Error: Timeout when executing in phantom
    at Timeout._onTimeout (D:\xampp\htdocs\central_uniformes\Informes\node_modules\phantom-html-to-pdf\lib\dedicatedProcessStrategy.js:89:26)
    at listOnTimeout (node:internal/timers:559:17)
    at processTimers (node:internal/timers:502:7) rootId=waw7htpqqcenwvs, id=waw7htpqqcenwvs, fromEmitProfile=true
2023-02-10T15:24:42.795Z - error: Rendering request 14 finished with error in 60023 ms rootId=waw7htpqqcenwvs, id=waw7htpqqcenwvs, fromEmitProfile=true
2023-02-10T15:35:26.699Z - error: Error when processing render request 21
(because) timeout when executing in phantom
Error: Timeout when executing in phantom
    at Timeout._onTimeout (D:\xampp\htdocs\central_uniformes\Informes\node_modules\phantom-html-to-pdf\lib\dedicatedProcessStrategy.js:89:26)
    at listOnTimeout (node:internal/timers:559:17)
    at processTimers (node:internal/timers:502:7) rootId=2i03xxaqu9x17f4, id=2i03xxaqu9x17f4, fromEmitProfile=true
2023-02-10T15:35:26.704Z - error: Rendering request 21 finished with error in 60023 ms rootId=2i03xxaqu9x17f4, id=2i03xxaqu9x17f4, fromEmitProfile=true
