{"type":"operationStart","subtype":"profile","data":{"_id":"72RHUYDWV2IHYvSW","timestamp":"2023-02-09T18:48:44.136Z","state":"queued","mode":"standard","creationDate":"2023-02-09T18:48:44.146Z","modificationDate":"2023-02-09T18:48:44.146Z","shortid":"rcojmKq","$entitySet":"profiles"},"doDiffs":false,"timestamp":1675968524141,"id":"fzm0fgq9nld4c54","previousOperationId":null,"operationId":"5mi944t9nanmjsd"}
{"type":"log","level":"info","message":"Render request 1 queued for execution and waiting for available worker","previousOperationId":"5mi944t9nanmjsd","timestamp":1675968524143,"id":"fg4mif7287umy2j"}
{"type":"operationStart","subtype":"render","name":"detail","previousOperationId":"5mi944t9nanmjsd","timestamp":1675968524216,"id":"jut63rbats7ndcd","previousEventId":"fzm0fgq9nld4c54","operationId":"4vdjuslus50ioa9"}
{"type":"log","timestamp":1675968524217,"level":"info","message":"Starting rendering request 1","meta":{"rootId":"05jx5psb5wjdp3k","id":"05jx5psb5wjdp3k"},"id":"utk931hf0r8ry7x","previousOperationId":"4vdjuslus50ioa9"}
{"type":"log","timestamp":1675968524220,"level":"info","message":"Rendering template { name: detail, recipe: html-with-browser-client, engine: handlebars, preview: true }","meta":{"rootId":"05jx5psb5wjdp3k","id":"05jx5psb5wjdp3k"},"id":"8w85a2cxwiwp482","previousOperationId":"4vdjuslus50ioa9"}
{"type":"log","timestamp":1675968524226,"level":"debug","message":"Data item not defined for this template.","meta":{"rootId":"05jx5psb5wjdp3k","id":"05jx5psb5wjdp3k"},"id":"ny9ehojl6bqwpy1","previousOperationId":"4vdjuslus50ioa9"}
{"type":"log","timestamp":1675968524234,"level":"debug","message":"Executing script get detail (beforeRender)","meta":{"rootId":"05jx5psb5wjdp3k","id":"05jx5psb5wjdp3k"},"id":"86f088qkblno9fi","previousOperationId":"4vdjuslus50ioa9"}
{"type":"operationStart","subtype":"scriptsBeforeRender","name":"scripts beforeRender","timestamp":1675968530198,"id":"nj8c2ppuo2fnad7","previousEventId":"jut63rbats7ndcd","operationId":"hw3mvt63a9jjuds","previousOperationId":"4vdjuslus50ioa9"}
{"type":"operationStart","subtype":"script","name":"scripts get detail","previousOperationId":"hw3mvt63a9jjuds","timestamp":1675968530198,"id":"oa375vyiuyi9ahw","previousEventId":"nj8c2ppuo2fnad7","operationId":"dewf35wlf707vqf"}
{"type":"log","timestamp":1675968530199,"level":"debug","message":"(console:log) http://services.odata.org/V4/Northwind/Northwind.svc/Orders?$filter=CustomerID eq 'AROUT'","meta":{"userLevel":true,"rootId":"05jx5psb5wjdp3k","id":"05jx5psb5wjdp3k"},"id":"29elyhg7zf3c3oi","previousOperationId":"dewf35wlf707vqf"}
{"type":"operationEnd","operationId":"dewf35wlf707vqf","timestamp":1675968532730,"id":"qszhu78itvab2tx","previousEventId":"jut63rbats7ndcd","previousOperationId":"4vdjuslus50ioa9"}
{"type":"operationEnd","operationId":"hw3mvt63a9jjuds","timestamp":1675968532730,"id":"wzs7grxolpsli54","previousEventId":"qszhu78itvab2tx","previousOperationId":"4vdjuslus50ioa9"}
{"type":"log","timestamp":1675968532730,"level":"debug","message":"Base url not specified, skipping its injection.","meta":{"rootId":"05jx5psb5wjdp3k","id":"05jx5psb5wjdp3k"},"id":"i4e2kumvssxk8l7","previousOperationId":"hw3mvt63a9jjuds"}
{"type":"operationStart","subtype":"engine","name":"handlebars","timestamp":1675968532733,"id":"yzs3jgk8nylttys","previousEventId":"wzs7grxolpsli54","operationId":"vx5wui58o33lu6u","previousOperationId":"hw3mvt63a9jjuds"}
{"type":"log","timestamp":1675968532733,"level":"debug","message":"Rendering engine handlebars","meta":{"rootId":"05jx5psb5wjdp3k","id":"05jx5psb5wjdp3k"},"id":"djhx1en7houyagy","previousOperationId":"vx5wui58o33lu6u"}
{"type":"operationEnd","operationId":"vx5wui58o33lu6u","timestamp":1675968534341,"id":"d6d6k3evgmlhnf0","previousEventId":"yzs3jgk8nylttys","previousOperationId":"vx5wui58o33lu6u"}
{"type":"operationStart","subtype":"recipe","name":"html-with-browser-client","timestamp":1675968534342,"id":"2uod7113q0uy4t5","previousEventId":"d6d6k3evgmlhnf0","operationId":"27l54nbdq29mq5j","previousOperationId":"vx5wui58o33lu6u"}
{"type":"log","timestamp":1675968534342,"level":"debug","message":"Executing recipe html-with-browser-client","meta":{"rootId":"05jx5psb5wjdp3k","id":"05jx5psb5wjdp3k"},"id":"a7kvtuobklppg2q","previousOperationId":"27l54nbdq29mq5j"}
{"type":"operationEnd","operationId":"27l54nbdq29mq5j","timestamp":1675968534342,"id":"94ff1g1vjxwprl9","previousEventId":"2uod7113q0uy4t5","previousOperationId":"27l54nbdq29mq5j"}
{"type":"log","timestamp":1675968534343,"level":"debug","message":"Skipping storing report.","meta":{"rootId":"05jx5psb5wjdp3k","id":"05jx5psb5wjdp3k"},"id":"wdzmkrj6gt48d7l","previousOperationId":"27l54nbdq29mq5j"}
{"type":"log","timestamp":1675968534364,"level":"info","message":"Rendering request 1 finished in 10229 ms","meta":{"rootId":"05jx5psb5wjdp3k","id":"05jx5psb5wjdp3k"},"id":"2fqiqdawjvnw7pg","previousOperationId":"27l54nbdq29mq5j"}
{"type":"operationEnd","subtype":"render","operationId":"4vdjuslus50ioa9","timestamp":1675968534364,"id":"bwybzo66e8d2esv","previousEventId":"94ff1g1vjxwprl9","previousOperationId":"27l54nbdq29mq5j"}
{"type":"operationEnd","doDiffs":false,"previousEventId":"fzm0fgq9nld4c54","previousOperationId":"5mi944t9nanmjsd","operationId":"5mi944t9nanmjsd","timestamp":1675968534380,"id":"mj6rkkgafh6a0ar"}
