{"type":"operationStart","subtype":"profile","data":{"_id":"gpptBmu0RdE6db43","timestamp":"2023-02-08T18:07:53.119Z","state":"queued","mode":"standard","creationDate":"2023-02-08T18:07:53.122Z","modificationDate":"2023-02-08T18:07:53.122Z","shortid":"sldq2oB","$entitySet":"profiles"},"doDiffs":false,"timestamp":1675879673120,"id":"f2k8slcrqxo0zxs","previousOperationId":null,"operationId":"i3o4sfttt24r4ww"}
{"type":"log","level":"info","message":"Render request 7 queued for execution and waiting for available worker","previousOperationId":"i3o4sfttt24r4ww","timestamp":1675879673120,"id":"afqx1z0bvg6o48d"}
{"type":"operationStart","subtype":"render","name":"detail","previousOperationId":"i3o4sfttt24r4ww","timestamp":1675879673133,"id":"f9f3gixrnlm1zkh","previousEventId":"f2k8slcrqxo0zxs","operationId":"zx9sqx3cugz4g61"}
{"type":"log","timestamp":1675879673133,"level":"info","message":"Starting rendering request 7","meta":{"rootId":"1dmjxmg9cvuk9uq","id":"1dmjxmg9cvuk9uq"},"id":"wzirud89b0h0xek","previousOperationId":"zx9sqx3cugz4g61"}
{"type":"log","timestamp":1675879673134,"level":"info","message":"Rendering template { name: detail, recipe: html-with-browser-client, engine: handlebars, preview: true }","meta":{"rootId":"1dmjxmg9cvuk9uq","id":"1dmjxmg9cvuk9uq"},"id":"4evfevsbghlr6d6","previousOperationId":"zx9sqx3cugz4g61"}
{"type":"log","timestamp":1675879673135,"level":"debug","message":"Data item not defined for this template.","meta":{"rootId":"1dmjxmg9cvuk9uq","id":"1dmjxmg9cvuk9uq"},"id":"kre15nrdz0d4jol","previousOperationId":"zx9sqx3cugz4g61"}
{"type":"log","timestamp":1675879673141,"level":"debug","message":"Executing script get detail (beforeRender)","meta":{"rootId":"1dmjxmg9cvuk9uq","id":"1dmjxmg9cvuk9uq"},"id":"i1m0jbwf0rxp4km","previousOperationId":"zx9sqx3cugz4g61"}
{"type":"operationStart","subtype":"scriptsBeforeRender","name":"scripts beforeRender","timestamp":1675879673264,"id":"o0zths7xu2vv689","previousEventId":"f9f3gixrnlm1zkh","operationId":"urhcs9bhsjjp0f0","previousOperationId":"zx9sqx3cugz4g61"}
{"type":"operationStart","subtype":"script","name":"scripts get detail","previousOperationId":"urhcs9bhsjjp0f0","timestamp":1675879673264,"id":"l0pgyra3ssgre9k","previousEventId":"o0zths7xu2vv689","operationId":"isjaomcsdgclmqd"}
{"type":"log","timestamp":1675879673265,"level":"debug","message":"(console:log) http://services.odata.org/V4/Northwind/Northwind.svc/Orders?$filter=CustomerID eq 'AROUT'","meta":{"userLevel":true,"rootId":"1dmjxmg9cvuk9uq","id":"1dmjxmg9cvuk9uq"},"id":"wb3pngf6r5sm4pp","previousOperationId":"isjaomcsdgclmqd"}
{"type":"operationEnd","operationId":"isjaomcsdgclmqd","timestamp":1675879674300,"id":"izwoyer98azmx5z","previousEventId":"f9f3gixrnlm1zkh","previousOperationId":"zx9sqx3cugz4g61"}
{"type":"operationEnd","operationId":"urhcs9bhsjjp0f0","timestamp":1675879674300,"id":"p10k0dvqcz7edll","previousEventId":"izwoyer98azmx5z","previousOperationId":"zx9sqx3cugz4g61"}
{"type":"log","timestamp":1675879674300,"level":"debug","message":"Base url not specified, skipping its injection.","meta":{"rootId":"1dmjxmg9cvuk9uq","id":"1dmjxmg9cvuk9uq"},"id":"vhzlo0aycwalekz","previousOperationId":"urhcs9bhsjjp0f0"}
{"type":"operationStart","subtype":"engine","name":"handlebars","timestamp":1675879674300,"id":"ofm40qwbbmyy13f","previousEventId":"p10k0dvqcz7edll","operationId":"4e0su1pcduf2r69","previousOperationId":"urhcs9bhsjjp0f0"}
{"type":"log","timestamp":1675879674300,"level":"debug","message":"Rendering engine handlebars","meta":{"rootId":"1dmjxmg9cvuk9uq","id":"1dmjxmg9cvuk9uq"},"id":"25ybjpxrr13dg0i","previousOperationId":"4e0su1pcduf2r69"}
{"type":"operationEnd","operationId":"4e0su1pcduf2r69","timestamp":1675879674314,"id":"dtue2qzwqtqbrsg","previousEventId":"ofm40qwbbmyy13f","previousOperationId":"4e0su1pcduf2r69"}
{"type":"operationStart","subtype":"recipe","name":"html-with-browser-client","timestamp":1675879674314,"id":"irknvkfhf7gjlj4","previousEventId":"dtue2qzwqtqbrsg","operationId":"vm6lgj48dp6uxm8","previousOperationId":"4e0su1pcduf2r69"}
{"type":"log","timestamp":1675879674314,"level":"debug","message":"Executing recipe html-with-browser-client","meta":{"rootId":"1dmjxmg9cvuk9uq","id":"1dmjxmg9cvuk9uq"},"id":"0zbwxolc1q5v9de","previousOperationId":"vm6lgj48dp6uxm8"}
{"type":"operationEnd","operationId":"vm6lgj48dp6uxm8","timestamp":1675879674314,"id":"18hpjxb7qzvg9cx","previousEventId":"irknvkfhf7gjlj4","previousOperationId":"vm6lgj48dp6uxm8"}
{"type":"log","timestamp":1675879674314,"level":"debug","message":"Skipping storing report.","meta":{"rootId":"1dmjxmg9cvuk9uq","id":"1dmjxmg9cvuk9uq"},"id":"g2plq5poeskj7pb","previousOperationId":"vm6lgj48dp6uxm8"}
{"type":"log","timestamp":1675879674314,"level":"info","message":"Rendering request 7 finished in 1195 ms","meta":{"rootId":"1dmjxmg9cvuk9uq","id":"1dmjxmg9cvuk9uq"},"id":"kfd69o7og6whnht","previousOperationId":"vm6lgj48dp6uxm8"}
{"type":"operationEnd","subtype":"render","operationId":"zx9sqx3cugz4g61","timestamp":1675879674314,"id":"rdq6bb0qjgq3ngv","previousEventId":"18hpjxb7qzvg9cx","previousOperationId":"vm6lgj48dp6uxm8"}
{"type":"operationEnd","doDiffs":false,"previousEventId":"f2k8slcrqxo0zxs","previousOperationId":"i3o4sfttt24r4ww","operationId":"i3o4sfttt24r4ww","timestamp":1675879674322,"id":"ws8bem9qaelqhjk"}
