{"type":"operationStart","subtype":"profile","data":{"_id":"nzP02QZCzWjHjL6m","timestamp":"2023-02-08T18:30:22.026Z","state":"queued","mode":"standard","creationDate":"2023-02-08T18:30:22.029Z","modificationDate":"2023-02-08T18:30:22.029Z","shortid":"bCLVUR-","$entitySet":"profiles"},"doDiffs":false,"timestamp":1675881022028,"id":"jv71pz1mop67hie","previousOperationId":null,"operationId":"7akk8iqkadkehu0"}
{"type":"log","level":"info","message":"Render request 27 queued for execution and waiting for available worker","previousOperationId":"7akk8iqkadkehu0","timestamp":1675881022028,"id":"m7k41xr34h74qtp"}
{"type":"operationStart","subtype":"render","name":"detail","previousOperationId":"7akk8iqkadkehu0","timestamp":1675881022039,"id":"xlkj86kkr01ffrw","previousEventId":"jv71pz1mop67hie","operationId":"xrr5wmjbri2htmi"}
{"type":"log","timestamp":1675881022040,"level":"info","message":"Starting rendering request 27","meta":{"rootId":"5jz3yh9yfc54km3","id":"5jz3yh9yfc54km3"},"id":"etc6xfuwk0kcaao","previousOperationId":"xrr5wmjbri2htmi"}
{"type":"log","timestamp":1675881022040,"level":"info","message":"Rendering template { name: detail, recipe: html-with-browser-client, engine: handlebars, preview: true }","meta":{"rootId":"5jz3yh9yfc54km3","id":"5jz3yh9yfc54km3"},"id":"jx6m2lmhme2a2of","previousOperationId":"xrr5wmjbri2htmi"}
{"type":"log","timestamp":1675881022043,"level":"debug","message":"Data item not defined for this template.","meta":{"rootId":"5jz3yh9yfc54km3","id":"5jz3yh9yfc54km3"},"id":"faxicz0gqd4hrec","previousOperationId":"xrr5wmjbri2htmi"}
{"type":"log","timestamp":1675881022050,"level":"debug","message":"Executing script get detail (beforeRender)","meta":{"rootId":"5jz3yh9yfc54km3","id":"5jz3yh9yfc54km3"},"id":"8wxtemkwm9dagaq","previousOperationId":"xrr5wmjbri2htmi"}
{"type":"operationStart","subtype":"scriptsBeforeRender","name":"scripts beforeRender","timestamp":1675881022160,"id":"c19to8ip1su46kq","previousEventId":"xlkj86kkr01ffrw","operationId":"k1yct3bxpmdlofh","previousOperationId":"xrr5wmjbri2htmi"}
{"type":"operationStart","subtype":"script","name":"scripts get detail","previousOperationId":"k1yct3bxpmdlofh","timestamp":1675881022161,"id":"sok9js98llxmnk0","previousEventId":"c19to8ip1su46kq","operationId":"ef7ca0jcyk00hiq"}
{"type":"log","timestamp":1675881022161,"level":"debug","message":"(console:log) http://services.odata.org/V4/Northwind/Northwind.svc/Orders?$filter=CustomerID eq 'AROUT'","meta":{"userLevel":true,"rootId":"5jz3yh9yfc54km3","id":"5jz3yh9yfc54km3"},"id":"97p96b2518flt9v","previousOperationId":"ef7ca0jcyk00hiq"}
{"type":"operationEnd","operationId":"ef7ca0jcyk00hiq","timestamp":1675881024117,"id":"reypz6okjk8j1rp","previousEventId":"xlkj86kkr01ffrw","previousOperationId":"xrr5wmjbri2htmi"}
{"type":"operationEnd","operationId":"k1yct3bxpmdlofh","timestamp":1675881024117,"id":"t39fnplj9um3nte","previousEventId":"reypz6okjk8j1rp","previousOperationId":"xrr5wmjbri2htmi"}
{"type":"log","timestamp":1675881024117,"level":"debug","message":"Base url not specified, skipping its injection.","meta":{"rootId":"5jz3yh9yfc54km3","id":"5jz3yh9yfc54km3"},"id":"itae5f5cnzmept8","previousOperationId":"k1yct3bxpmdlofh"}
{"type":"operationStart","subtype":"engine","name":"handlebars","timestamp":1675881024117,"id":"qtlq924lxllso13","previousEventId":"t39fnplj9um3nte","operationId":"d7iyad6edxw03qy","previousOperationId":"k1yct3bxpmdlofh"}
{"type":"log","timestamp":1675881024117,"level":"debug","message":"Rendering engine handlebars","meta":{"rootId":"5jz3yh9yfc54km3","id":"5jz3yh9yfc54km3"},"id":"cxpog2fvwekb0d6","previousOperationId":"d7iyad6edxw03qy"}
{"type":"operationEnd","operationId":"d7iyad6edxw03qy","timestamp":1675881024138,"id":"082olcm6j3mzv6m","previousEventId":"qtlq924lxllso13","previousOperationId":"d7iyad6edxw03qy"}
{"type":"operationStart","subtype":"recipe","name":"html-with-browser-client","timestamp":1675881024138,"id":"suahct2vq7n35yh","previousEventId":"082olcm6j3mzv6m","operationId":"gp9040qu64irxth","previousOperationId":"d7iyad6edxw03qy"}
{"type":"log","timestamp":1675881024138,"level":"debug","message":"Executing recipe html-with-browser-client","meta":{"rootId":"5jz3yh9yfc54km3","id":"5jz3yh9yfc54km3"},"id":"wk5u60j751orqsb","previousOperationId":"gp9040qu64irxth"}
{"type":"operationEnd","operationId":"gp9040qu64irxth","timestamp":1675881024139,"id":"trdyfywr1nw0hdn","previousEventId":"suahct2vq7n35yh","previousOperationId":"gp9040qu64irxth"}
{"type":"log","timestamp":1675881024139,"level":"debug","message":"Skipping storing report.","meta":{"rootId":"5jz3yh9yfc54km3","id":"5jz3yh9yfc54km3"},"id":"ai43ulgyuxh2mz5","previousOperationId":"gp9040qu64irxth"}
{"type":"log","timestamp":1675881024139,"level":"info","message":"Rendering request 27 finished in 2113 ms","meta":{"rootId":"5jz3yh9yfc54km3","id":"5jz3yh9yfc54km3"},"id":"zfskkz2d0x29cxn","previousOperationId":"gp9040qu64irxth"}
{"type":"operationEnd","subtype":"render","operationId":"xrr5wmjbri2htmi","timestamp":1675881024139,"id":"zizc9b5t7jh0fnd","previousEventId":"trdyfywr1nw0hdn","previousOperationId":"gp9040qu64irxth"}
{"type":"operationEnd","doDiffs":false,"previousEventId":"jv71pz1mop67hie","previousOperationId":"7akk8iqkadkehu0","operationId":"7akk8iqkadkehu0","timestamp":1675881024171,"id":"r4399p3iqvj8jqu"}
