{"type":"operationStart","subtype":"profile","data":{"_id":"0Seo4eDcjyundhbQ","timestamp":"2023-02-08T18:19:48.818Z","state":"queued","mode":"standard","creationDate":"2023-02-08T18:19:48.820Z","modificationDate":"2023-02-08T18:19:48.820Z","shortid":"5WAPHjT","$entitySet":"profiles"},"doDiffs":false,"timestamp":1675880388819,"id":"r5mxx33otvbepcd","previousOperationId":null,"operationId":"p3bqsyl56uozvh4"}
{"type":"log","level":"info","message":"Render request 13 queued for execution and waiting for available worker","previousOperationId":"p3bqsyl56uozvh4","timestamp":1675880388819,"id":"fu1kifpdwouioke"}
{"type":"operationStart","subtype":"render","name":"detail","previousOperationId":"p3bqsyl56uozvh4","timestamp":1675880388835,"id":"ebq4etgi53ez8jk","previousEventId":"r5mxx33otvbepcd","operationId":"sa0o8uvsrx0j6w8"}
{"type":"log","timestamp":1675880388835,"level":"info","message":"Starting rendering request 13","meta":{"rootId":"ajhrvaf10mkye0d","id":"ajhrvaf10mkye0d"},"id":"4yjchczz33dc1yt","previousOperationId":"sa0o8uvsrx0j6w8"}
{"type":"log","timestamp":1675880388836,"level":"info","message":"Rendering template { name: detail, recipe: html-with-browser-client, engine: handlebars, preview: true }","meta":{"rootId":"ajhrvaf10mkye0d","id":"ajhrvaf10mkye0d"},"id":"e9cyr9ufe5ulodt","previousOperationId":"sa0o8uvsrx0j6w8"}
{"type":"log","timestamp":1675880388838,"level":"debug","message":"Data item not defined for this template.","meta":{"rootId":"ajhrvaf10mkye0d","id":"ajhrvaf10mkye0d"},"id":"k7orjxk2mohasti","previousOperationId":"sa0o8uvsrx0j6w8"}
{"type":"log","timestamp":1675880388841,"level":"debug","message":"Executing script get detail (beforeRender)","meta":{"rootId":"ajhrvaf10mkye0d","id":"ajhrvaf10mkye0d"},"id":"xf1j9jif77vw4t9","previousOperationId":"sa0o8uvsrx0j6w8"}
{"type":"operationStart","subtype":"scriptsBeforeRender","name":"scripts beforeRender","timestamp":1675880388952,"id":"78movdgwq9g4by4","previousEventId":"ebq4etgi53ez8jk","operationId":"eg51m51j16o29z5","previousOperationId":"sa0o8uvsrx0j6w8"}
{"type":"operationStart","subtype":"script","name":"scripts get detail","previousOperationId":"eg51m51j16o29z5","timestamp":1675880388952,"id":"swbbast7dbg9xeu","previousEventId":"78movdgwq9g4by4","operationId":"zzjj1h4u1f8h0aa"}
{"type":"operationEnd","operationId":"zzjj1h4u1f8h0aa","timestamp":1675880390053,"id":"6vv3bzhz6p8kjow","previousEventId":"ebq4etgi53ez8jk","previousOperationId":"sa0o8uvsrx0j6w8"}
{"type":"operationEnd","operationId":"eg51m51j16o29z5","timestamp":1675880390053,"id":"xy03pxtjvvwy5j2","previousEventId":"6vv3bzhz6p8kjow","previousOperationId":"sa0o8uvsrx0j6w8"}
{"type":"log","timestamp":1675880390053,"level":"debug","message":"Base url not specified, skipping its injection.","meta":{"rootId":"ajhrvaf10mkye0d","id":"ajhrvaf10mkye0d"},"id":"vium175cijx3zbw","previousOperationId":"eg51m51j16o29z5"}
{"type":"operationStart","subtype":"engine","name":"handlebars","timestamp":1675880390054,"id":"se3uiqd3h46yb94","previousEventId":"xy03pxtjvvwy5j2","operationId":"isuc5r9nqmxza5t","previousOperationId":"eg51m51j16o29z5"}
{"type":"log","timestamp":1675880390054,"level":"debug","message":"Rendering engine handlebars","meta":{"rootId":"ajhrvaf10mkye0d","id":"ajhrvaf10mkye0d"},"id":"ey6qj0ii2q5oyvr","previousOperationId":"isuc5r9nqmxza5t"}
{"type":"operationEnd","operationId":"isuc5r9nqmxza5t","timestamp":1675880390079,"id":"926hpyoz6eea313","previousEventId":"se3uiqd3h46yb94","previousOperationId":"isuc5r9nqmxza5t"}
{"type":"operationStart","subtype":"recipe","name":"html-with-browser-client","timestamp":1675880390079,"id":"zjxuat63y5v56hb","previousEventId":"926hpyoz6eea313","operationId":"jrgabi78dupcjd4","previousOperationId":"isuc5r9nqmxza5t"}
{"type":"log","timestamp":1675880390079,"level":"debug","message":"Executing recipe html-with-browser-client","meta":{"rootId":"ajhrvaf10mkye0d","id":"ajhrvaf10mkye0d"},"id":"5qa5ciswcytnp4z","previousOperationId":"jrgabi78dupcjd4"}
{"type":"operationEnd","operationId":"jrgabi78dupcjd4","timestamp":1675880390079,"id":"wyl022is88z4hoj","previousEventId":"zjxuat63y5v56hb","previousOperationId":"jrgabi78dupcjd4"}
{"type":"log","timestamp":1675880390079,"level":"debug","message":"Skipping storing report.","meta":{"rootId":"ajhrvaf10mkye0d","id":"ajhrvaf10mkye0d"},"id":"j6r30a1al46qfi9","previousOperationId":"jrgabi78dupcjd4"}
{"type":"log","timestamp":1675880390080,"level":"info","message":"Rendering request 13 finished in 1262 ms","meta":{"rootId":"ajhrvaf10mkye0d","id":"ajhrvaf10mkye0d"},"id":"14y0f965czj5qrw","previousOperationId":"jrgabi78dupcjd4"}
{"type":"operationEnd","subtype":"render","operationId":"sa0o8uvsrx0j6w8","timestamp":1675880390080,"id":"hqc5gowtr2xha6a","previousEventId":"wyl022is88z4hoj","previousOperationId":"jrgabi78dupcjd4"}
{"type":"operationEnd","doDiffs":false,"previousEventId":"r5mxx33otvbepcd","previousOperationId":"p3bqsyl56uozvh4","operationId":"p3bqsyl56uozvh4","timestamp":1675880390087,"id":"wpv0dmwvbc73dme"}
