{"type":"operationStart","subtype":"profile","data":{"_id":"rtGVXf0RVej2ZrjR","timestamp":"2023-02-08T18:07:46.415Z","state":"queued","mode":"standard","creationDate":"2023-02-08T18:07:46.418Z","modificationDate":"2023-02-08T18:07:46.418Z","shortid":"2v9xV5f","$entitySet":"profiles"},"doDiffs":false,"timestamp":1675879666417,"id":"xt2ukf7z4md01fh","previousOperationId":null,"operationId":"lu6wx1kzo5284gx"}
{"type":"log","level":"info","message":"Render request 6 queued for execution and waiting for available worker","previousOperationId":"lu6wx1kzo5284gx","timestamp":1675879666417,"id":"0ybdnattt6k10vk"}
{"type":"operationStart","subtype":"render","name":"detail","previousOperationId":"lu6wx1kzo5284gx","timestamp":1675879666429,"id":"n5u8mgszvspzsoc","previousEventId":"xt2ukf7z4md01fh","operationId":"8xucmbn06vh19pf"}
{"type":"log","timestamp":1675879666429,"level":"info","message":"Starting rendering request 6","meta":{"rootId":"bunbvsl8n1jcwe7","id":"bunbvsl8n1jcwe7"},"id":"ew3qjxbcewczrt3","previousOperationId":"8xucmbn06vh19pf"}
{"type":"log","timestamp":1675879666430,"level":"info","message":"Rendering template { name: detail, recipe: html-with-browser-client, engine: handlebars, preview: true }","meta":{"rootId":"bunbvsl8n1jcwe7","id":"bunbvsl8n1jcwe7"},"id":"5hm422tqwqjnjgy","previousOperationId":"8xucmbn06vh19pf"}
{"type":"log","timestamp":1675879666433,"level":"debug","message":"Data item not defined for this template.","meta":{"rootId":"bunbvsl8n1jcwe7","id":"bunbvsl8n1jcwe7"},"id":"2ml9notutgc5kg2","previousOperationId":"8xucmbn06vh19pf"}
{"type":"log","timestamp":1675879666438,"level":"debug","message":"Executing script get detail (beforeRender)","meta":{"rootId":"bunbvsl8n1jcwe7","id":"bunbvsl8n1jcwe7"},"id":"3lz6803ywa7iiur","previousOperationId":"8xucmbn06vh19pf"}
{"type":"operationStart","subtype":"scriptsBeforeRender","name":"scripts beforeRender","timestamp":1675879667924,"id":"tpvdqxw4zmr5qym","previousEventId":"n5u8mgszvspzsoc","operationId":"bf89489trdq8fcr","previousOperationId":"8xucmbn06vh19pf"}
{"type":"operationStart","subtype":"script","name":"scripts get detail","previousOperationId":"bf89489trdq8fcr","timestamp":1675879667924,"id":"q13q36vputjoezi","previousEventId":"tpvdqxw4zmr5qym","operationId":"55ssag77wedxmgx"}
{"type":"log","timestamp":1675879667924,"level":"debug","message":"(console:log) http://services.odata.org/V4/Northwind/Northwind.svc/Orders?$filter=CustomerID eq 'AROUT'","meta":{"userLevel":true,"rootId":"bunbvsl8n1jcwe7","id":"bunbvsl8n1jcwe7"},"id":"qq7q2y8sj7mqc4s","previousOperationId":"55ssag77wedxmgx"}
{"type":"operationEnd","operationId":"55ssag77wedxmgx","timestamp":1675879669395,"id":"p5w755ogxaebzr5","previousEventId":"n5u8mgszvspzsoc","previousOperationId":"8xucmbn06vh19pf"}
{"type":"operationEnd","operationId":"bf89489trdq8fcr","timestamp":1675879669395,"id":"pa8xzq8w5zrsyb6","previousEventId":"p5w755ogxaebzr5","previousOperationId":"8xucmbn06vh19pf"}
{"type":"log","timestamp":1675879669395,"level":"debug","message":"Base url not specified, skipping its injection.","meta":{"rootId":"bunbvsl8n1jcwe7","id":"bunbvsl8n1jcwe7"},"id":"nnpw4waepvbheta","previousOperationId":"bf89489trdq8fcr"}
{"type":"operationStart","subtype":"engine","name":"handlebars","timestamp":1675879669397,"id":"fecw7n2agbi8uy9","previousEventId":"pa8xzq8w5zrsyb6","operationId":"bbvqlcmub9r6aj5","previousOperationId":"bf89489trdq8fcr"}
{"type":"log","timestamp":1675879669397,"level":"debug","message":"Rendering engine handlebars","meta":{"rootId":"bunbvsl8n1jcwe7","id":"bunbvsl8n1jcwe7"},"id":"b17hx7occnl75eu","previousOperationId":"bbvqlcmub9r6aj5"}
{"type":"operationEnd","operationId":"bbvqlcmub9r6aj5","timestamp":1675879669417,"id":"bbefa0d4orj35cd","previousEventId":"fecw7n2agbi8uy9","previousOperationId":"bbvqlcmub9r6aj5"}
{"type":"operationStart","subtype":"recipe","name":"html-with-browser-client","timestamp":1675879669418,"id":"n5dse1pilkto8i3","previousEventId":"bbefa0d4orj35cd","operationId":"7ykx7yku4ckx02x","previousOperationId":"bbvqlcmub9r6aj5"}
{"type":"log","timestamp":1675879669418,"level":"debug","message":"Executing recipe html-with-browser-client","meta":{"rootId":"bunbvsl8n1jcwe7","id":"bunbvsl8n1jcwe7"},"id":"0kdvpvksqg80xam","previousOperationId":"7ykx7yku4ckx02x"}
{"type":"operationEnd","operationId":"7ykx7yku4ckx02x","timestamp":1675879669418,"id":"65h0spciw4cztkh","previousEventId":"n5dse1pilkto8i3","previousOperationId":"7ykx7yku4ckx02x"}
{"type":"log","timestamp":1675879669418,"level":"debug","message":"Skipping storing report.","meta":{"rootId":"bunbvsl8n1jcwe7","id":"bunbvsl8n1jcwe7"},"id":"su1f5k7aksw28wg","previousOperationId":"7ykx7yku4ckx02x"}
{"type":"log","timestamp":1675879669418,"level":"info","message":"Rendering request 6 finished in 3003 ms","meta":{"rootId":"bunbvsl8n1jcwe7","id":"bunbvsl8n1jcwe7"},"id":"s7hf08ddmsbwtlo","previousOperationId":"7ykx7yku4ckx02x"}
{"type":"operationEnd","subtype":"render","operationId":"8xucmbn06vh19pf","timestamp":1675879669418,"id":"5flwgnhwx039f9k","previousEventId":"65h0spciw4cztkh","previousOperationId":"7ykx7yku4ckx02x"}
{"type":"operationEnd","doDiffs":false,"previousEventId":"xt2ukf7z4md01fh","previousOperationId":"lu6wx1kzo5284gx","operationId":"lu6wx1kzo5284gx","timestamp":1675879669426,"id":"9zv0fbrkoc0pnpn"}
