{"type":"operationStart","subtype":"profile","data":{"_id":"38j2KeVperGgq7TP","timestamp":"2023-02-08T18:08:14.923Z","state":"queued","mode":"standard","creationDate":"2023-02-08T18:08:14.926Z","modificationDate":"2023-02-08T18:08:14.926Z","shortid":"ERq4hAd","$entitySet":"profiles"},"doDiffs":false,"timestamp":1675879694925,"id":"qghg2v185vz56ko","previousOperationId":null,"operationId":"g0cxxe0iq0hvb0i"}
{"type":"log","level":"info","message":"Render request 8 queued for execution and waiting for available worker","previousOperationId":"g0cxxe0iq0hvb0i","timestamp":1675879694925,"id":"roln6aw39bzn2dc"}
{"type":"operationStart","subtype":"render","name":"detail","previousOperationId":"g0cxxe0iq0hvb0i","timestamp":1675879694936,"id":"70hhpab56ua41n4","previousEventId":"qghg2v185vz56ko","operationId":"5r4ipad84yimkhx"}
{"type":"log","timestamp":1675879694937,"level":"info","message":"Starting rendering request 8","meta":{"rootId":"d44n4a1i3w3pn9p","id":"d44n4a1i3w3pn9p"},"id":"i0ebkfd4pbzd83n","previousOperationId":"5r4ipad84yimkhx"}
{"type":"log","timestamp":1675879694937,"level":"info","message":"Rendering template { name: detail, recipe: html-with-browser-client, engine: handlebars, preview: true }","meta":{"rootId":"d44n4a1i3w3pn9p","id":"d44n4a1i3w3pn9p"},"id":"fftty2r4jurzfwh","previousOperationId":"5r4ipad84yimkhx"}
{"type":"log","timestamp":1675879694939,"level":"debug","message":"Data item not defined for this template.","meta":{"rootId":"d44n4a1i3w3pn9p","id":"d44n4a1i3w3pn9p"},"id":"t01nkkolvjzu7vt","previousOperationId":"5r4ipad84yimkhx"}
{"type":"log","timestamp":1675879694944,"level":"debug","message":"Executing script get detail (beforeRender)","meta":{"rootId":"d44n4a1i3w3pn9p","id":"d44n4a1i3w3pn9p"},"id":"bc3eb48l6pw0ufk","previousOperationId":"5r4ipad84yimkhx"}
{"type":"operationStart","subtype":"scriptsBeforeRender","name":"scripts beforeRender","timestamp":1675879695052,"id":"l95yon60l7p2s8c","previousEventId":"70hhpab56ua41n4","operationId":"i7ipi8un3s776jf","previousOperationId":"5r4ipad84yimkhx"}
{"type":"operationStart","subtype":"script","name":"scripts get detail","previousOperationId":"i7ipi8un3s776jf","timestamp":1675879695052,"id":"wgn7y9r9mk209kv","previousEventId":"l95yon60l7p2s8c","operationId":"wb9tad2rf8zblnq"}
{"type":"log","timestamp":1675879695052,"level":"debug","message":"(console:log) http://services.odata.org/V4/Northwind/Northwind.svc/Orders?$filter=CustomerID eq 'AROUT'","meta":{"userLevel":true,"rootId":"d44n4a1i3w3pn9p","id":"d44n4a1i3w3pn9p"},"id":"ly05ho274911dpy","previousOperationId":"wb9tad2rf8zblnq"}
{"type":"operationEnd","operationId":"wb9tad2rf8zblnq","timestamp":1675879696144,"id":"imdow220jgk7tto","previousEventId":"70hhpab56ua41n4","previousOperationId":"5r4ipad84yimkhx"}
{"type":"operationEnd","operationId":"i7ipi8un3s776jf","timestamp":1675879696144,"id":"3kbxkwtlygkuav7","previousEventId":"imdow220jgk7tto","previousOperationId":"5r4ipad84yimkhx"}
{"type":"log","timestamp":1675879696144,"level":"debug","message":"Base url not specified, skipping its injection.","meta":{"rootId":"d44n4a1i3w3pn9p","id":"d44n4a1i3w3pn9p"},"id":"kidezozqhncqu61","previousOperationId":"i7ipi8un3s776jf"}
{"type":"operationStart","subtype":"engine","name":"handlebars","timestamp":1675879696145,"id":"43aqoigu7fqvczq","previousEventId":"3kbxkwtlygkuav7","operationId":"qy9vpxp8i8fd4gm","previousOperationId":"i7ipi8un3s776jf"}
{"type":"log","timestamp":1675879696145,"level":"debug","message":"Rendering engine handlebars","meta":{"rootId":"d44n4a1i3w3pn9p","id":"d44n4a1i3w3pn9p"},"id":"mgdyz71lzjge26e","previousOperationId":"qy9vpxp8i8fd4gm"}
{"type":"operationEnd","operationId":"qy9vpxp8i8fd4gm","timestamp":1675879696166,"id":"ds8riylg82csgfg","previousEventId":"43aqoigu7fqvczq","previousOperationId":"qy9vpxp8i8fd4gm"}
{"type":"operationStart","subtype":"recipe","name":"html-with-browser-client","timestamp":1675879696166,"id":"2xdxi3cfcbj5phs","previousEventId":"ds8riylg82csgfg","operationId":"xdpjwly022y6ipc","previousOperationId":"qy9vpxp8i8fd4gm"}
{"type":"log","timestamp":1675879696166,"level":"debug","message":"Executing recipe html-with-browser-client","meta":{"rootId":"d44n4a1i3w3pn9p","id":"d44n4a1i3w3pn9p"},"id":"hjo2393t2ezx43j","previousOperationId":"xdpjwly022y6ipc"}
{"type":"operationEnd","operationId":"xdpjwly022y6ipc","timestamp":1675879696166,"id":"qoea8uh4ttnzjrr","previousEventId":"2xdxi3cfcbj5phs","previousOperationId":"xdpjwly022y6ipc"}
{"type":"log","timestamp":1675879696166,"level":"debug","message":"Skipping storing report.","meta":{"rootId":"d44n4a1i3w3pn9p","id":"d44n4a1i3w3pn9p"},"id":"koclr451xji62g6","previousOperationId":"xdpjwly022y6ipc"}
{"type":"log","timestamp":1675879696166,"level":"info","message":"Rendering request 8 finished in 1243 ms","meta":{"rootId":"d44n4a1i3w3pn9p","id":"d44n4a1i3w3pn9p"},"id":"vjmf6oef9w9shc4","previousOperationId":"xdpjwly022y6ipc"}
{"type":"operationEnd","subtype":"render","operationId":"5r4ipad84yimkhx","timestamp":1675879696166,"id":"ra19aap66s7jg1y","previousEventId":"qoea8uh4ttnzjrr","previousOperationId":"xdpjwly022y6ipc"}
{"type":"operationEnd","doDiffs":false,"previousEventId":"qghg2v185vz56ko","previousOperationId":"g0cxxe0iq0hvb0i","operationId":"g0cxxe0iq0hvb0i","timestamp":1675879696176,"id":"vcycws7hx26qdt0"}
