{"type":"operationStart","subtype":"profile","data":{"_id":"Ozi2kUDwqwBASzRc","timestamp":"2023-02-08T16:22:02.129Z","state":"queued","mode":"standard","creationDate":"2023-02-08T16:22:02.132Z","modificationDate":"2023-02-08T16:22:02.132Z","shortid":"Rwh2JRX","$entitySet":"profiles"},"doDiffs":false,"timestamp":1675873322130,"id":"hv3xv9wra3zs6q7","previousOperationId":null,"operationId":"wm8zadvgron7egd"}
{"type":"log","level":"info","message":"Render request 6 queued for execution and waiting for available worker","previousOperationId":"wm8zadvgron7egd","timestamp":1675873322130,"id":"o9vv15bdmw5t8rt"}
{"type":"operationStart","subtype":"render","name":"detail","previousOperationId":"wm8zadvgron7egd","timestamp":1675873322144,"id":"w4s7pu53ogx9pz1","previousEventId":"hv3xv9wra3zs6q7","operationId":"5ush0hv1z8ytp5x"}
{"type":"log","timestamp":1675873322144,"level":"info","message":"Starting rendering request 6","meta":{"rootId":"e37akwfhd96xwed","id":"e37akwfhd96xwed"},"id":"h4vifls8cexxweo","previousOperationId":"5ush0hv1z8ytp5x"}
{"type":"log","timestamp":1675873322145,"level":"info","message":"Rendering template { name: detail, recipe: html-with-browser-client, engine: handlebars, preview: true }","meta":{"rootId":"e37akwfhd96xwed","id":"e37akwfhd96xwed"},"id":"5ogtu2d6htbvtq9","previousOperationId":"5ush0hv1z8ytp5x"}
{"type":"log","timestamp":1675873322148,"level":"debug","message":"Data item not defined for this template.","meta":{"rootId":"e37akwfhd96xwed","id":"e37akwfhd96xwed"},"id":"5fd53foz9s1qihi","previousOperationId":"5ush0hv1z8ytp5x"}
{"type":"log","timestamp":1675873322155,"level":"debug","message":"Executing script get detail (beforeRender)","meta":{"rootId":"e37akwfhd96xwed","id":"e37akwfhd96xwed"},"id":"qxc4vb5hktkgm4z","previousOperationId":"5ush0hv1z8ytp5x"}
{"type":"operationStart","subtype":"scriptsBeforeRender","name":"scripts beforeRender","timestamp":1675873322182,"id":"wc8h1hsqxh64ql6","previousEventId":"w4s7pu53ogx9pz1","operationId":"8b6jul1b67fw1im","previousOperationId":"5ush0hv1z8ytp5x"}
{"type":"operationStart","subtype":"script","name":"scripts get detail","previousOperationId":"8b6jul1b67fw1im","timestamp":1675873322182,"id":"xkq1spxl3po2pi9","previousEventId":"wc8h1hsqxh64ql6","operationId":"cv87nipa7aak6cn"}
{"type":"operationEnd","operationId":"cv87nipa7aak6cn","timestamp":1675873322183,"id":"d03xjkza4y0kgys","previousEventId":"w4s7pu53ogx9pz1","previousOperationId":"5ush0hv1z8ytp5x"}
{"type":"operationEnd","operationId":"8b6jul1b67fw1im","timestamp":1675873322183,"id":"d3iz34zr7i6jc18","previousEventId":"d03xjkza4y0kgys","previousOperationId":"5ush0hv1z8ytp5x"}
{"type":"log","timestamp":1675873322183,"level":"debug","message":"Base url not specified, skipping its injection.","meta":{"rootId":"e37akwfhd96xwed","id":"e37akwfhd96xwed"},"id":"7wq008jt1lsemrr","previousOperationId":"8b6jul1b67fw1im"}
{"type":"operationStart","subtype":"engine","name":"handlebars","timestamp":1675873322183,"id":"6d1u3w8k5rn9f6h","previousEventId":"d3iz34zr7i6jc18","operationId":"qneg8mszdbozom8","previousOperationId":"8b6jul1b67fw1im"}
{"type":"log","timestamp":1675873322184,"level":"debug","message":"Rendering engine handlebars","meta":{"rootId":"e37akwfhd96xwed","id":"e37akwfhd96xwed"},"id":"wkrey740e378ql7","previousOperationId":"qneg8mszdbozom8"}
{"type":"operationEnd","operationId":"qneg8mszdbozom8","timestamp":1675873322208,"id":"ewlbmfwp6c5toev","previousEventId":"6d1u3w8k5rn9f6h","previousOperationId":"qneg8mszdbozom8"}
{"type":"operationStart","subtype":"recipe","name":"html-with-browser-client","timestamp":1675873322209,"id":"lqw8ntbyts6g7lj","previousEventId":"ewlbmfwp6c5toev","operationId":"i14ql2leciowoyn","previousOperationId":"qneg8mszdbozom8"}
{"type":"log","timestamp":1675873322209,"level":"debug","message":"Executing recipe html-with-browser-client","meta":{"rootId":"e37akwfhd96xwed","id":"e37akwfhd96xwed"},"id":"rbx0zo293kr60v7","previousOperationId":"i14ql2leciowoyn"}
{"type":"operationEnd","operationId":"i14ql2leciowoyn","timestamp":1675873322209,"id":"izgy1hathsc9lny","previousEventId":"lqw8ntbyts6g7lj","previousOperationId":"i14ql2leciowoyn"}
{"type":"log","timestamp":1675873322209,"level":"debug","message":"Skipping storing report.","meta":{"rootId":"e37akwfhd96xwed","id":"e37akwfhd96xwed"},"id":"7w1umvmlshg15t5","previousOperationId":"i14ql2leciowoyn"}
{"type":"log","timestamp":1675873322209,"level":"info","message":"Rendering request 6 finished in 80 ms","meta":{"rootId":"e37akwfhd96xwed","id":"e37akwfhd96xwed"},"id":"9wqjtkekk7tfxdw","previousOperationId":"i14ql2leciowoyn"}
{"type":"operationEnd","subtype":"render","operationId":"5ush0hv1z8ytp5x","timestamp":1675873322210,"id":"7kx90ma37lu9s1n","previousEventId":"izgy1hathsc9lny","previousOperationId":"i14ql2leciowoyn"}
{"type":"operationEnd","doDiffs":false,"previousEventId":"hv3xv9wra3zs6q7","previousOperationId":"wm8zadvgron7egd","operationId":"wm8zadvgron7egd","timestamp":1675873322224,"id":"dhn2e3mimr30h9t"}
