{"type":"operationStart","subtype":"profile","data":{"_id":"YMt5g0HI9w6OuKUu","timestamp":"2023-02-08T18:11:26.558Z","state":"queued","mode":"standard","creationDate":"2023-02-08T18:11:26.561Z","modificationDate":"2023-02-08T18:11:26.561Z","shortid":"pKcQjDL","$entitySet":"profiles"},"doDiffs":false,"timestamp":1675879886560,"id":"c1sl75ywoiqj2j2","previousOperationId":null,"operationId":"ffx08r9dk1ii84r"}
{"type":"log","level":"info","message":"Render request 11 queued for execution and waiting for available worker","previousOperationId":"ffx08r9dk1ii84r","timestamp":1675879886560,"id":"1fmpaybgtr9vxgz"}
{"type":"operationStart","subtype":"render","name":"detail","previousOperationId":"ffx08r9dk1ii84r","timestamp":1675879886575,"id":"uubku403s7qodhm","previousEventId":"c1sl75ywoiqj2j2","operationId":"qvy4xxj04q3900c"}
{"type":"log","timestamp":1675879886575,"level":"info","message":"Starting rendering request 11","meta":{"rootId":"h1ghooupolvm8ba","id":"h1ghooupolvm8ba"},"id":"jeti0qkc9uas2rf","previousOperationId":"qvy4xxj04q3900c"}
{"type":"log","timestamp":1675879886575,"level":"info","message":"Rendering template { name: detail, recipe: html-with-browser-client, engine: handlebars, preview: true }","meta":{"rootId":"h1ghooupolvm8ba","id":"h1ghooupolvm8ba"},"id":"s5ndc81a41sbusp","previousOperationId":"qvy4xxj04q3900c"}
{"type":"log","timestamp":1675879886577,"level":"debug","message":"Data item not defined for this template.","meta":{"rootId":"h1ghooupolvm8ba","id":"h1ghooupolvm8ba"},"id":"s7gs2tqvsn6fslr","previousOperationId":"qvy4xxj04q3900c"}
{"type":"log","timestamp":1675879886581,"level":"debug","message":"Executing script get detail (beforeRender)","meta":{"rootId":"h1ghooupolvm8ba","id":"h1ghooupolvm8ba"},"id":"6vpi9vfor7truap","previousOperationId":"qvy4xxj04q3900c"}
{"type":"operationStart","subtype":"scriptsBeforeRender","name":"scripts beforeRender","timestamp":1675879886691,"id":"ash83b2rl1z63jo","previousEventId":"uubku403s7qodhm","operationId":"tbzm7kbwx3qqq7g","previousOperationId":"qvy4xxj04q3900c"}
{"type":"operationStart","subtype":"script","name":"scripts get detail","previousOperationId":"tbzm7kbwx3qqq7g","timestamp":1675879886691,"id":"7pxigi22ei9qc4i","previousEventId":"ash83b2rl1z63jo","operationId":"fc0ry451r12f6nr"}
{"type":"log","timestamp":1675879886692,"level":"debug","message":"(console:log) http://services.odata.org/V4/Northwind/Northwind.svc/Orders?$filter=CustomerID eq 'AROUT'","meta":{"userLevel":true,"rootId":"h1ghooupolvm8ba","id":"h1ghooupolvm8ba"},"id":"2oofef83wh9nb11","previousOperationId":"fc0ry451r12f6nr"}
{"type":"operationEnd","operationId":"fc0ry451r12f6nr","timestamp":1675879888516,"id":"yevuddr8ajzut8v","previousEventId":"uubku403s7qodhm","previousOperationId":"qvy4xxj04q3900c"}
{"type":"operationEnd","operationId":"tbzm7kbwx3qqq7g","timestamp":1675879888517,"id":"nue42b0spxayjln","previousEventId":"yevuddr8ajzut8v","previousOperationId":"qvy4xxj04q3900c"}
{"type":"log","timestamp":1675879888517,"level":"debug","message":"Base url not specified, skipping its injection.","meta":{"rootId":"h1ghooupolvm8ba","id":"h1ghooupolvm8ba"},"id":"lviufm531up93g6","previousOperationId":"tbzm7kbwx3qqq7g"}
{"type":"operationStart","subtype":"engine","name":"handlebars","timestamp":1675879888517,"id":"679va397cs8i1kv","previousEventId":"nue42b0spxayjln","operationId":"p88vs1org2iyk2n","previousOperationId":"tbzm7kbwx3qqq7g"}
{"type":"log","timestamp":1675879888517,"level":"debug","message":"Rendering engine handlebars","meta":{"rootId":"h1ghooupolvm8ba","id":"h1ghooupolvm8ba"},"id":"m1lmux2nor4gout","previousOperationId":"p88vs1org2iyk2n"}
{"type":"operationEnd","operationId":"p88vs1org2iyk2n","timestamp":1675879888531,"id":"y26z5jg38walate","previousEventId":"679va397cs8i1kv","previousOperationId":"p88vs1org2iyk2n"}
{"type":"operationStart","subtype":"recipe","name":"html-with-browser-client","timestamp":1675879888531,"id":"4onin8tysm3z2fy","previousEventId":"y26z5jg38walate","operationId":"hoyjqartkt5gdhh","previousOperationId":"p88vs1org2iyk2n"}
{"type":"log","timestamp":1675879888531,"level":"debug","message":"Executing recipe html-with-browser-client","meta":{"rootId":"h1ghooupolvm8ba","id":"h1ghooupolvm8ba"},"id":"qki9l6cmrenk42o","previousOperationId":"hoyjqartkt5gdhh"}
{"type":"operationEnd","operationId":"hoyjqartkt5gdhh","timestamp":1675879888532,"id":"4ke7k4idgf75si0","previousEventId":"4onin8tysm3z2fy","previousOperationId":"hoyjqartkt5gdhh"}
{"type":"log","timestamp":1675879888532,"level":"debug","message":"Skipping storing report.","meta":{"rootId":"h1ghooupolvm8ba","id":"h1ghooupolvm8ba"},"id":"nt8lew665kip1ev","previousOperationId":"hoyjqartkt5gdhh"}
{"type":"log","timestamp":1675879888532,"level":"info","message":"Rendering request 11 finished in 1974 ms","meta":{"rootId":"h1ghooupolvm8ba","id":"h1ghooupolvm8ba"},"id":"5xrc4kgnfzpcf60","previousOperationId":"hoyjqartkt5gdhh"}
{"type":"operationEnd","subtype":"render","operationId":"qvy4xxj04q3900c","timestamp":1675879888532,"id":"53wzpzwtsjfm8sx","previousEventId":"4ke7k4idgf75si0","previousOperationId":"hoyjqartkt5gdhh"}
{"type":"operationEnd","doDiffs":false,"previousEventId":"c1sl75ywoiqj2j2","previousOperationId":"ffx08r9dk1ii84r","operationId":"ffx08r9dk1ii84r","timestamp":1675879888541,"id":"qzpr78erbvo81x8"}
