{"type":"operationStart","subtype":"profile","data":{"_id":"OMIcl4CTeE0DLcyR","timestamp":"2023-02-08T18:20:43.727Z","state":"queued","mode":"standard","creationDate":"2023-02-08T18:20:43.730Z","modificationDate":"2023-02-08T18:20:43.730Z","shortid":"fPKpn6-","$entitySet":"profiles"},"doDiffs":false,"timestamp":1675880443729,"id":"uy5dzyeojbchkkx","previousOperationId":null,"operationId":"fcvr3ec8r59qqwq"}
{"type":"log","level":"info","message":"Render request 17 queued for execution and waiting for available worker","previousOperationId":"fcvr3ec8r59qqwq","timestamp":1675880443729,"id":"fzbn673c4ojhe1g"}
{"type":"operationStart","subtype":"render","name":"detail","previousOperationId":"fcvr3ec8r59qqwq","timestamp":1675880443741,"id":"tq8848ju9c7dq0z","previousEventId":"uy5dzyeojbchkkx","operationId":"ckpe9l934pndjbx"}
{"type":"log","timestamp":1675880443741,"level":"info","message":"Starting rendering request 17","meta":{"rootId":"k29j150n4o4awou","id":"k29j150n4o4awou"},"id":"cu1p43vslyhl6x3","previousOperationId":"ckpe9l934pndjbx"}
{"type":"log","timestamp":1675880443741,"level":"info","message":"Rendering template { name: detail, recipe: html-with-browser-client, engine: handlebars, preview: true }","meta":{"rootId":"k29j150n4o4awou","id":"k29j150n4o4awou"},"id":"8i3go1ph82c1m9n","previousOperationId":"ckpe9l934pndjbx"}
{"type":"log","timestamp":1675880443744,"level":"debug","message":"Data item not defined for this template.","meta":{"rootId":"k29j150n4o4awou","id":"k29j150n4o4awou"},"id":"8q5zjyj4tjmruf5","previousOperationId":"ckpe9l934pndjbx"}
{"type":"log","timestamp":1675880443749,"level":"debug","message":"Executing script get detail (beforeRender)","meta":{"rootId":"k29j150n4o4awou","id":"k29j150n4o4awou"},"id":"bqh6151f2uccrm8","previousOperationId":"ckpe9l934pndjbx"}
{"type":"operationStart","subtype":"scriptsBeforeRender","name":"scripts beforeRender","timestamp":1675880443850,"id":"wt8occi5n17pzcr","previousEventId":"tq8848ju9c7dq0z","operationId":"yiry72fz2qbjvgd","previousOperationId":"ckpe9l934pndjbx"}
{"type":"operationStart","subtype":"script","name":"scripts get detail","previousOperationId":"yiry72fz2qbjvgd","timestamp":1675880443850,"id":"tvrmoawy0hb78jx","previousEventId":"wt8occi5n17pzcr","operationId":"iwops3ajki9mdea"}
{"type":"operationEnd","operationId":"iwops3ajki9mdea","timestamp":1675880445065,"id":"dl9wmmg48o982ap","previousEventId":"tq8848ju9c7dq0z","previousOperationId":"ckpe9l934pndjbx"}
{"type":"operationEnd","operationId":"yiry72fz2qbjvgd","timestamp":1675880445065,"id":"gnhlu40ak2nx3fp","previousEventId":"dl9wmmg48o982ap","previousOperationId":"ckpe9l934pndjbx"}
{"type":"log","timestamp":1675880445066,"level":"debug","message":"Base url not specified, skipping its injection.","meta":{"rootId":"k29j150n4o4awou","id":"k29j150n4o4awou"},"id":"wuo8mbqukwq5co1","previousOperationId":"yiry72fz2qbjvgd"}
{"type":"operationStart","subtype":"engine","name":"handlebars","timestamp":1675880445066,"id":"89h1dntt4mmmwti","previousEventId":"gnhlu40ak2nx3fp","operationId":"vvpbbmx4z8qcete","previousOperationId":"yiry72fz2qbjvgd"}
{"type":"log","timestamp":1675880445066,"level":"debug","message":"Rendering engine handlebars","meta":{"rootId":"k29j150n4o4awou","id":"k29j150n4o4awou"},"id":"dhem2xvwd6pexl7","previousOperationId":"vvpbbmx4z8qcete"}
{"type":"operationEnd","operationId":"vvpbbmx4z8qcete","timestamp":1675880445094,"id":"543sai6uxghmw15","previousEventId":"89h1dntt4mmmwti","previousOperationId":"vvpbbmx4z8qcete"}
{"type":"operationStart","subtype":"recipe","name":"html-with-browser-client","timestamp":1675880445095,"id":"mnsrdq3fuaw10uq","previousEventId":"543sai6uxghmw15","operationId":"tdfu1lr7mydyot3","previousOperationId":"vvpbbmx4z8qcete"}
{"type":"log","timestamp":1675880445095,"level":"debug","message":"Executing recipe html-with-browser-client","meta":{"rootId":"k29j150n4o4awou","id":"k29j150n4o4awou"},"id":"jbmjyqssd2tum5p","previousOperationId":"tdfu1lr7mydyot3"}
{"type":"operationEnd","operationId":"tdfu1lr7mydyot3","timestamp":1675880445095,"id":"544daqlqmyz7tkp","previousEventId":"mnsrdq3fuaw10uq","previousOperationId":"tdfu1lr7mydyot3"}
{"type":"log","timestamp":1675880445095,"level":"debug","message":"Skipping storing report.","meta":{"rootId":"k29j150n4o4awou","id":"k29j150n4o4awou"},"id":"ahqm5t454m9oojb","previousOperationId":"tdfu1lr7mydyot3"}
{"type":"log","timestamp":1675880445096,"level":"info","message":"Rendering request 17 finished in 1369 ms","meta":{"rootId":"k29j150n4o4awou","id":"k29j150n4o4awou"},"id":"6xm3axsek1pf5wg","previousOperationId":"tdfu1lr7mydyot3"}
{"type":"operationEnd","subtype":"render","operationId":"ckpe9l934pndjbx","timestamp":1675880445096,"id":"9xk9gb8p6f35at0","previousEventId":"544daqlqmyz7tkp","previousOperationId":"tdfu1lr7mydyot3"}
{"type":"operationEnd","doDiffs":false,"previousEventId":"uy5dzyeojbchkkx","previousOperationId":"fcvr3ec8r59qqwq","operationId":"fcvr3ec8r59qqwq","timestamp":1675880445105,"id":"2yrlerzineask69"}
