{"type":"operationStart","subtype":"profile","data":{"_id":"i1B9164Tpsl5IwCz","timestamp":"2023-02-08T18:31:42.728Z","state":"queued","mode":"standard","creationDate":"2023-02-08T18:31:42.732Z","modificationDate":"2023-02-08T18:31:42.732Z","shortid":"g6GX-PQ","$entitySet":"profiles"},"doDiffs":false,"timestamp":1675881102729,"id":"v7q27evwfk0bqnk","previousOperationId":null,"operationId":"g4ncngvy6ze5jia"}
{"type":"log","level":"info","message":"Render request 29 queued for execution and waiting for available worker","previousOperationId":"g4ncngvy6ze5jia","timestamp":1675881102729,"id":"qu7mmjrmiamn96e"}
{"type":"operationStart","subtype":"render","name":"detail","previousOperationId":"g4ncngvy6ze5jia","timestamp":1675881102744,"id":"oeeor7hvfxh2kqj","previousEventId":"v7q27evwfk0bqnk","operationId":"9tlaha2om8wcxc7"}
{"type":"log","timestamp":1675881102744,"level":"info","message":"Starting rendering request 29","meta":{"rootId":"m6lyxrozfhdqgds","id":"m6lyxrozfhdqgds"},"id":"5unuk5ki0wngscs","previousOperationId":"9tlaha2om8wcxc7"}
{"type":"log","timestamp":1675881102744,"level":"info","message":"Rendering template { name: detail, recipe: html-with-browser-client, engine: handlebars, preview: true }","meta":{"rootId":"m6lyxrozfhdqgds","id":"m6lyxrozfhdqgds"},"id":"i4to1ohwh1e09ru","previousOperationId":"9tlaha2om8wcxc7"}
{"type":"log","timestamp":1675881102746,"level":"debug","message":"Data item not defined for this template.","meta":{"rootId":"m6lyxrozfhdqgds","id":"m6lyxrozfhdqgds"},"id":"yrbwdgtc9e8ccz1","previousOperationId":"9tlaha2om8wcxc7"}
{"type":"log","timestamp":1675881102749,"level":"debug","message":"Executing script get detail (beforeRender)","meta":{"rootId":"m6lyxrozfhdqgds","id":"m6lyxrozfhdqgds"},"id":"8ogwakwdu1161kn","previousOperationId":"9tlaha2om8wcxc7"}
{"type":"operationStart","subtype":"scriptsBeforeRender","name":"scripts beforeRender","timestamp":1675881102864,"id":"sshnk96urw7jqmj","previousEventId":"oeeor7hvfxh2kqj","operationId":"brgjrmtywg2z1zg","previousOperationId":"9tlaha2om8wcxc7"}
{"type":"operationStart","subtype":"script","name":"scripts get detail","previousOperationId":"brgjrmtywg2z1zg","timestamp":1675881102864,"id":"u15lwf6ytm3rlgz","previousEventId":"sshnk96urw7jqmj","operationId":"vwmt6qkjp3jsucv"}
{"type":"log","timestamp":1675881102864,"level":"debug","message":"(console:log) http://services.odata.org/V4/Northwind/Northwind.svc/Orders?$filter=CustomerID eq 'AROUT'","meta":{"userLevel":true,"rootId":"m6lyxrozfhdqgds","id":"m6lyxrozfhdqgds"},"id":"7vysd9h5xav0c3e","previousOperationId":"vwmt6qkjp3jsucv"}
{"type":"operationEnd","operationId":"vwmt6qkjp3jsucv","timestamp":1675881103986,"id":"t0vq02vv33qg0id","previousEventId":"oeeor7hvfxh2kqj","previousOperationId":"9tlaha2om8wcxc7"}
{"type":"operationEnd","operationId":"brgjrmtywg2z1zg","timestamp":1675881103986,"id":"u5v28751k202bb6","previousEventId":"t0vq02vv33qg0id","previousOperationId":"9tlaha2om8wcxc7"}
{"type":"log","timestamp":1675881103986,"level":"debug","message":"Base url not specified, skipping its injection.","meta":{"rootId":"m6lyxrozfhdqgds","id":"m6lyxrozfhdqgds"},"id":"olugrc6mtxhsnka","previousOperationId":"brgjrmtywg2z1zg"}
{"type":"operationStart","subtype":"engine","name":"handlebars","timestamp":1675881103986,"id":"ld5cccqthvoyyeu","previousEventId":"u5v28751k202bb6","operationId":"fgl3mkmrqwum6us","previousOperationId":"brgjrmtywg2z1zg"}
{"type":"log","timestamp":1675881103986,"level":"debug","message":"Rendering engine handlebars","meta":{"rootId":"m6lyxrozfhdqgds","id":"m6lyxrozfhdqgds"},"id":"stec4w1pr9we4gp","previousOperationId":"fgl3mkmrqwum6us"}
{"type":"operationEnd","operationId":"fgl3mkmrqwum6us","timestamp":1675881103999,"id":"zxpozr7xqwkoe1y","previousEventId":"ld5cccqthvoyyeu","previousOperationId":"fgl3mkmrqwum6us"}
{"type":"operationStart","subtype":"recipe","name":"html-with-browser-client","timestamp":1675881103999,"id":"5ujaadbgnh3g4gy","previousEventId":"zxpozr7xqwkoe1y","operationId":"7f25d80qoyv8tl9","previousOperationId":"fgl3mkmrqwum6us"}
{"type":"log","timestamp":1675881103999,"level":"debug","message":"Executing recipe html-with-browser-client","meta":{"rootId":"m6lyxrozfhdqgds","id":"m6lyxrozfhdqgds"},"id":"ombwa3amjjk12fi","previousOperationId":"7f25d80qoyv8tl9"}
{"type":"operationEnd","operationId":"7f25d80qoyv8tl9","timestamp":1675881103999,"id":"dusnr7cp4134quu","previousEventId":"5ujaadbgnh3g4gy","previousOperationId":"7f25d80qoyv8tl9"}
{"type":"log","timestamp":1675881103999,"level":"debug","message":"Skipping storing report.","meta":{"rootId":"m6lyxrozfhdqgds","id":"m6lyxrozfhdqgds"},"id":"ih8842fgt6o5u2p","previousOperationId":"7f25d80qoyv8tl9"}
{"type":"log","timestamp":1675881103999,"level":"info","message":"Rendering request 29 finished in 1271 ms","meta":{"rootId":"m6lyxrozfhdqgds","id":"m6lyxrozfhdqgds"},"id":"xl6xqxe2b0hf6ix","previousOperationId":"7f25d80qoyv8tl9"}
{"type":"operationEnd","subtype":"render","operationId":"9tlaha2om8wcxc7","timestamp":1675881103999,"id":"urhv5tcsneh75z9","previousEventId":"dusnr7cp4134quu","previousOperationId":"7f25d80qoyv8tl9"}
{"type":"operationEnd","doDiffs":false,"previousEventId":"v7q27evwfk0bqnk","previousOperationId":"g4ncngvy6ze5jia","operationId":"g4ncngvy6ze5jia","timestamp":1675881104004,"id":"1e9rvjj6tu86ooc"}
