{"type":"operationStart","subtype":"profile","data":{"_id":"fG0hsBX1Trdio2Zt","timestamp":"2023-02-08T18:28:24.892Z","state":"queued","mode":"standard","creationDate":"2023-02-08T18:28:24.896Z","modificationDate":"2023-02-08T18:28:24.896Z","shortid":"zF6WXiu","$entitySet":"profiles"},"doDiffs":false,"timestamp":1675880904893,"id":"f5vumum1ue2mtm3","previousOperationId":null,"operationId":"y85ae1s2dba5hlv"}
{"type":"log","level":"info","message":"Render request 24 queued for execution and waiting for available worker","previousOperationId":"y85ae1s2dba5hlv","timestamp":1675880904894,"id":"q7nfreeqgbr12iw"}
{"type":"operationStart","subtype":"render","name":"detail","previousOperationId":"y85ae1s2dba5hlv","timestamp":1675880904926,"id":"qvz9obhphnjkdk2","previousEventId":"f5vumum1ue2mtm3","operationId":"ks4z0okwm4s6l4b"}
{"type":"log","timestamp":1675880904926,"level":"info","message":"Starting rendering request 24","meta":{"rootId":"mwk5uy0a0565e9q","id":"mwk5uy0a0565e9q"},"id":"1nuz400mi4ulbwi","previousOperationId":"ks4z0okwm4s6l4b"}
{"type":"log","timestamp":1675880904926,"level":"info","message":"Rendering template { name: detail, recipe: html-with-browser-client, engine: handlebars, preview: true }","meta":{"rootId":"mwk5uy0a0565e9q","id":"mwk5uy0a0565e9q"},"id":"2jvwcr7tq1oa4yg","previousOperationId":"ks4z0okwm4s6l4b"}
{"type":"log","timestamp":1675880904928,"level":"debug","message":"Data item not defined for this template.","meta":{"rootId":"mwk5uy0a0565e9q","id":"mwk5uy0a0565e9q"},"id":"2afu366cfzj5s7z","previousOperationId":"ks4z0okwm4s6l4b"}
{"type":"log","timestamp":1675880904937,"level":"debug","message":"Executing script get detail (beforeRender)","meta":{"rootId":"mwk5uy0a0565e9q","id":"mwk5uy0a0565e9q"},"id":"7bpdgso0w0qtew5","previousOperationId":"ks4z0okwm4s6l4b"}
{"type":"operationStart","subtype":"scriptsBeforeRender","name":"scripts beforeRender","timestamp":1675880905045,"id":"66ngu3vhfosaeyw","previousEventId":"qvz9obhphnjkdk2","operationId":"0hj25tzdrntl5po","previousOperationId":"ks4z0okwm4s6l4b"}
{"type":"operationStart","subtype":"script","name":"scripts get detail","previousOperationId":"0hj25tzdrntl5po","timestamp":1675880905045,"id":"03fdj6zefb0l9vi","previousEventId":"66ngu3vhfosaeyw","operationId":"775x20n6xwz1jzx"}
{"type":"operationEnd","operationId":"775x20n6xwz1jzx","timestamp":1675880906534,"id":"5d0lybfhu6ng9su","previousEventId":"qvz9obhphnjkdk2","previousOperationId":"ks4z0okwm4s6l4b"}
{"type":"operationEnd","operationId":"0hj25tzdrntl5po","timestamp":1675880906534,"id":"7g9i4n087i86e50","previousEventId":"5d0lybfhu6ng9su","previousOperationId":"ks4z0okwm4s6l4b"}
{"type":"log","timestamp":1675880906534,"level":"debug","message":"Base url not specified, skipping its injection.","meta":{"rootId":"mwk5uy0a0565e9q","id":"mwk5uy0a0565e9q"},"id":"n99yi4wpla9kyri","previousOperationId":"0hj25tzdrntl5po"}
{"type":"operationStart","subtype":"engine","name":"handlebars","timestamp":1675880906535,"id":"hlcqn1mtoma1m8t","previousEventId":"7g9i4n087i86e50","operationId":"5ybehga84mc9i19","previousOperationId":"0hj25tzdrntl5po"}
{"type":"log","timestamp":1675880906535,"level":"debug","message":"Rendering engine handlebars","meta":{"rootId":"mwk5uy0a0565e9q","id":"mwk5uy0a0565e9q"},"id":"ov3v7r6hjgm9iuw","previousOperationId":"5ybehga84mc9i19"}
{"type":"operationEnd","operationId":"5ybehga84mc9i19","timestamp":1675880906550,"id":"7yppsuk4gf7nqi8","previousEventId":"hlcqn1mtoma1m8t","previousOperationId":"5ybehga84mc9i19"}
{"type":"operationStart","subtype":"recipe","name":"html-with-browser-client","timestamp":1675880906550,"id":"w22sw9tzidhdl8x","previousEventId":"7yppsuk4gf7nqi8","operationId":"7xlgay61qm0n6j6","previousOperationId":"5ybehga84mc9i19"}
{"type":"log","timestamp":1675880906550,"level":"debug","message":"Executing recipe html-with-browser-client","meta":{"rootId":"mwk5uy0a0565e9q","id":"mwk5uy0a0565e9q"},"id":"k4otq0b3xtdvne4","previousOperationId":"7xlgay61qm0n6j6"}
{"type":"operationEnd","operationId":"7xlgay61qm0n6j6","timestamp":1675880906550,"id":"wbh03s1pnibqj94","previousEventId":"w22sw9tzidhdl8x","previousOperationId":"7xlgay61qm0n6j6"}
{"type":"log","timestamp":1675880906552,"level":"debug","message":"Skipping storing report.","meta":{"rootId":"mwk5uy0a0565e9q","id":"mwk5uy0a0565e9q"},"id":"is7k6uyal1nr2lf","previousOperationId":"7xlgay61qm0n6j6"}
{"type":"log","timestamp":1675880906552,"level":"info","message":"Rendering request 24 finished in 1660 ms","meta":{"rootId":"mwk5uy0a0565e9q","id":"mwk5uy0a0565e9q"},"id":"xmuw6on11ss3n1x","previousOperationId":"7xlgay61qm0n6j6"}
{"type":"operationEnd","subtype":"render","operationId":"ks4z0okwm4s6l4b","timestamp":1675880906552,"id":"wznsjqo6qs9k4sn","previousEventId":"wbh03s1pnibqj94","previousOperationId":"7xlgay61qm0n6j6"}
{"type":"operationEnd","doDiffs":false,"previousEventId":"f5vumum1ue2mtm3","previousOperationId":"y85ae1s2dba5hlv","operationId":"y85ae1s2dba5hlv","timestamp":1675880906560,"id":"obncla25ehou87u"}
