{"type":"operationStart","subtype":"profile","data":{"_id":"EMYgRwYPW6CPurJN","timestamp":"2023-02-08T16:35:45.737Z","state":"queued","mode":"standard","creationDate":"2023-02-08T16:35:45.740Z","modificationDate":"2023-02-08T16:35:45.740Z","shortid":"Op8z4H1","$entitySet":"profiles"},"doDiffs":false,"timestamp":1675874145739,"id":"7fdnlv0gtdjfqfw","previousOperationId":null,"operationId":"9j60d71xri8rkdh"}
{"type":"log","level":"info","message":"Render request 3 queued for execution and waiting for available worker","previousOperationId":"9j60d71xri8rkdh","timestamp":1675874145739,"id":"92mor9rkrkshuru"}
{"type":"operationStart","subtype":"render","name":"detail","previousOperationId":"9j60d71xri8rkdh","timestamp":1675874145753,"id":"vps11yjqbd2rr8w","previousEventId":"7fdnlv0gtdjfqfw","operationId":"sii5hhfbb8iq1tx"}
{"type":"log","timestamp":1675874145753,"level":"info","message":"Starting rendering request 3","meta":{"rootId":"p5t0ohgbjt02cmh","id":"p5t0ohgbjt02cmh"},"id":"i76yenhjtobaip6","previousOperationId":"sii5hhfbb8iq1tx"}
{"type":"log","timestamp":1675874145754,"level":"info","message":"Rendering template { name: detail, recipe: html-with-browser-client, engine: handlebars, preview: true }","meta":{"rootId":"p5t0ohgbjt02cmh","id":"p5t0ohgbjt02cmh"},"id":"0nl5emnv64lar6x","previousOperationId":"sii5hhfbb8iq1tx"}
{"type":"log","timestamp":1675874145757,"level":"debug","message":"Data item not defined for this template.","meta":{"rootId":"p5t0ohgbjt02cmh","id":"p5t0ohgbjt02cmh"},"id":"qduxd9lwd0c9p90","previousOperationId":"sii5hhfbb8iq1tx"}
{"type":"log","timestamp":1675874145765,"level":"debug","message":"Executing script get detail (beforeRender)","meta":{"rootId":"p5t0ohgbjt02cmh","id":"p5t0ohgbjt02cmh"},"id":"prhz2ylymyg5r3q","previousOperationId":"sii5hhfbb8iq1tx"}
{"type":"operationStart","subtype":"scriptsBeforeRender","name":"scripts beforeRender","timestamp":1675874145922,"id":"53p0thjj2vsf243","previousEventId":"vps11yjqbd2rr8w","operationId":"7ou1vg36jplrhdp","previousOperationId":"sii5hhfbb8iq1tx"}
{"type":"operationStart","subtype":"script","name":"scripts get detail","previousOperationId":"7ou1vg36jplrhdp","timestamp":1675874145922,"id":"ywsqkktj65ilm7g","previousEventId":"53p0thjj2vsf243","operationId":"83pu357hp1cydli"}
{"type":"log","timestamp":1675874145922,"level":"debug","message":"(console:log) http://services.odata.org/V4/Northwind/Northwind.svc/Orders?$filter=CustomerID eq 'AROUT'","meta":{"userLevel":true,"rootId":"p5t0ohgbjt02cmh","id":"p5t0ohgbjt02cmh"},"id":"h3nws52ovufxkzc","previousOperationId":"83pu357hp1cydli"}
{"type":"operationEnd","operationId":"83pu357hp1cydli","timestamp":1675874147467,"id":"5bsrzds125imbmp","previousEventId":"vps11yjqbd2rr8w","previousOperationId":"sii5hhfbb8iq1tx"}
{"type":"operationEnd","operationId":"7ou1vg36jplrhdp","timestamp":1675874147468,"id":"vfj9wmzz7bzrk3k","previousEventId":"5bsrzds125imbmp","previousOperationId":"sii5hhfbb8iq1tx"}
{"type":"log","timestamp":1675874147468,"level":"debug","message":"Base url not specified, skipping its injection.","meta":{"rootId":"p5t0ohgbjt02cmh","id":"p5t0ohgbjt02cmh"},"id":"op0b9ah4cek46d2","previousOperationId":"7ou1vg36jplrhdp"}
{"type":"operationStart","subtype":"engine","name":"handlebars","timestamp":1675874147470,"id":"cvcnca6asz74d3a","previousEventId":"vfj9wmzz7bzrk3k","operationId":"yt07xql3dh1ysjg","previousOperationId":"7ou1vg36jplrhdp"}
{"type":"log","timestamp":1675874147470,"level":"debug","message":"Rendering engine handlebars","meta":{"rootId":"p5t0ohgbjt02cmh","id":"p5t0ohgbjt02cmh"},"id":"wn08tseiyvfac6e","previousOperationId":"yt07xql3dh1ysjg"}
{"type":"operationEnd","operationId":"yt07xql3dh1ysjg","timestamp":1675874147515,"id":"hpcksl2d5ncqu3m","previousEventId":"cvcnca6asz74d3a","previousOperationId":"yt07xql3dh1ysjg"}
{"type":"operationStart","subtype":"recipe","name":"html-with-browser-client","timestamp":1675874147516,"id":"8ep8a476dw4c9e5","previousEventId":"hpcksl2d5ncqu3m","operationId":"2comvrh9f86hgx5","previousOperationId":"yt07xql3dh1ysjg"}
{"type":"log","timestamp":1675874147516,"level":"debug","message":"Executing recipe html-with-browser-client","meta":{"rootId":"p5t0ohgbjt02cmh","id":"p5t0ohgbjt02cmh"},"id":"w0vhkdlqbv1bmsk","previousOperationId":"2comvrh9f86hgx5"}
{"type":"operationEnd","operationId":"2comvrh9f86hgx5","timestamp":1675874147517,"id":"0d5k2t42opmnxug","previousEventId":"8ep8a476dw4c9e5","previousOperationId":"2comvrh9f86hgx5"}
{"type":"log","timestamp":1675874147517,"level":"debug","message":"Skipping storing report.","meta":{"rootId":"p5t0ohgbjt02cmh","id":"p5t0ohgbjt02cmh"},"id":"zn66zbh1i93dtj1","previousOperationId":"2comvrh9f86hgx5"}
{"type":"log","timestamp":1675874147518,"level":"info","message":"Rendering request 3 finished in 1781 ms","meta":{"rootId":"p5t0ohgbjt02cmh","id":"p5t0ohgbjt02cmh"},"id":"du7ayov93xjlomx","previousOperationId":"2comvrh9f86hgx5"}
{"type":"operationEnd","subtype":"render","operationId":"sii5hhfbb8iq1tx","timestamp":1675874147518,"id":"qushae8jvx7jow2","previousEventId":"0d5k2t42opmnxug","previousOperationId":"2comvrh9f86hgx5"}
{"type":"operationEnd","doDiffs":false,"previousEventId":"7fdnlv0gtdjfqfw","previousOperationId":"9j60d71xri8rkdh","operationId":"9j60d71xri8rkdh","timestamp":1675874147547,"id":"vcn1t7g98rwotfu"}
