{"type":"operationStart","subtype":"profile","data":{"_id":"rV5epphbyBBNtgXU","timestamp":"2023-02-08T16:34:06.895Z","state":"queued","mode":"standard","creationDate":"2023-02-08T16:34:06.898Z","modificationDate":"2023-02-08T16:34:06.898Z","shortid":"_9oV1k6","$entitySet":"profiles"},"doDiffs":false,"timestamp":1675874046896,"id":"e1busutgs0iqrqr","previousOperationId":null,"operationId":"5p7v2dorrwwklvn"}
{"type":"log","level":"info","message":"Render request 2 queued for execution and waiting for available worker","previousOperationId":"5p7v2dorrwwklvn","timestamp":1675874046897,"id":"bi15xrda07apvbl"}
{"type":"operationStart","subtype":"render","name":"detail","previousOperationId":"5p7v2dorrwwklvn","timestamp":1675874046918,"id":"y5uaebrgy7ceqxc","previousEventId":"e1busutgs0iqrqr","operationId":"z05l3sfh5f35q5g"}
{"type":"log","timestamp":1675874046919,"level":"info","message":"Starting rendering request 2","meta":{"rootId":"t44y4fcg3uxtfa5","id":"t44y4fcg3uxtfa5"},"id":"7hk555m0584y0mi","previousOperationId":"z05l3sfh5f35q5g"}
{"type":"log","timestamp":1675874046919,"level":"info","message":"Rendering template { name: detail, recipe: html-with-browser-client, engine: handlebars, preview: true }","meta":{"rootId":"t44y4fcg3uxtfa5","id":"t44y4fcg3uxtfa5"},"id":"2s4py3zfcg671eh","previousOperationId":"z05l3sfh5f35q5g"}
{"type":"log","timestamp":1675874046921,"level":"debug","message":"Data item not defined for this template.","meta":{"rootId":"t44y4fcg3uxtfa5","id":"t44y4fcg3uxtfa5"},"id":"lt0pg2so4zs50vz","previousOperationId":"z05l3sfh5f35q5g"}
{"type":"log","timestamp":1675874046931,"level":"debug","message":"Executing script get detail (beforeRender)","meta":{"rootId":"t44y4fcg3uxtfa5","id":"t44y4fcg3uxtfa5"},"id":"3c6dk56n0alwtij","previousOperationId":"z05l3sfh5f35q5g"}
{"type":"operationStart","subtype":"scriptsBeforeRender","name":"scripts beforeRender","timestamp":1675874047084,"id":"1a9eoozjsxeqe1z","previousEventId":"y5uaebrgy7ceqxc","operationId":"amy0q0xd1txlxsx","previousOperationId":"z05l3sfh5f35q5g"}
{"type":"operationStart","subtype":"script","name":"scripts get detail","previousOperationId":"amy0q0xd1txlxsx","timestamp":1675874047084,"id":"0q1wcsr7kcsnukl","previousEventId":"1a9eoozjsxeqe1z","operationId":"o03izge0zue1xif"}
{"type":"operationEnd","operationId":"o03izge0zue1xif","timestamp":1675874049661,"id":"f30v84mu9iy98nf","previousEventId":"y5uaebrgy7ceqxc","previousOperationId":"z05l3sfh5f35q5g"}
{"type":"operationEnd","operationId":"amy0q0xd1txlxsx","timestamp":1675874049661,"id":"q2fl9kdlcgw4ur5","previousEventId":"f30v84mu9iy98nf","previousOperationId":"z05l3sfh5f35q5g"}
{"type":"log","timestamp":1675874049662,"level":"debug","message":"Base url not specified, skipping its injection.","meta":{"rootId":"t44y4fcg3uxtfa5","id":"t44y4fcg3uxtfa5"},"id":"jeyipl5hmplupmv","previousOperationId":"amy0q0xd1txlxsx"}
{"type":"operationStart","subtype":"engine","name":"handlebars","timestamp":1675874049662,"id":"slqnbpz9s03tuxo","previousEventId":"q2fl9kdlcgw4ur5","operationId":"q6a1p1nkqbxg5fa","previousOperationId":"amy0q0xd1txlxsx"}
{"type":"log","timestamp":1675874049662,"level":"debug","message":"Rendering engine handlebars","meta":{"rootId":"t44y4fcg3uxtfa5","id":"t44y4fcg3uxtfa5"},"id":"r08dnomzqw2gf9j","previousOperationId":"q6a1p1nkqbxg5fa"}
{"type":"operationEnd","operationId":"q6a1p1nkqbxg5fa","timestamp":1675874049693,"id":"cssy0pl5hy4k713","previousEventId":"slqnbpz9s03tuxo","previousOperationId":"q6a1p1nkqbxg5fa"}
{"type":"operationStart","subtype":"recipe","name":"html-with-browser-client","timestamp":1675874049694,"id":"pig16wdf1fsjf1m","previousEventId":"cssy0pl5hy4k713","operationId":"uo3ofqltrdifc39","previousOperationId":"q6a1p1nkqbxg5fa"}
{"type":"log","timestamp":1675874049694,"level":"debug","message":"Executing recipe html-with-browser-client","meta":{"rootId":"t44y4fcg3uxtfa5","id":"t44y4fcg3uxtfa5"},"id":"9aam2no6lznmz4q","previousOperationId":"uo3ofqltrdifc39"}
{"type":"operationEnd","operationId":"uo3ofqltrdifc39","timestamp":1675874049695,"id":"40k54h9yyzma9ur","previousEventId":"pig16wdf1fsjf1m","previousOperationId":"uo3ofqltrdifc39"}
{"type":"log","timestamp":1675874049695,"level":"debug","message":"Skipping storing report.","meta":{"rootId":"t44y4fcg3uxtfa5","id":"t44y4fcg3uxtfa5"},"id":"m9ehwtkuw3sqn9h","previousOperationId":"uo3ofqltrdifc39"}
{"type":"log","timestamp":1675874049696,"level":"info","message":"Rendering request 2 finished in 2801 ms","meta":{"rootId":"t44y4fcg3uxtfa5","id":"t44y4fcg3uxtfa5"},"id":"1g8pnq3wvp6e406","previousOperationId":"uo3ofqltrdifc39"}
{"type":"operationEnd","subtype":"render","operationId":"z05l3sfh5f35q5g","timestamp":1675874049696,"id":"gsbesimzemqh70o","previousEventId":"40k54h9yyzma9ur","previousOperationId":"uo3ofqltrdifc39"}
{"type":"operationEnd","doDiffs":false,"previousEventId":"e1busutgs0iqrqr","previousOperationId":"5p7v2dorrwwklvn","operationId":"5p7v2dorrwwklvn","timestamp":1675874049710,"id":"4p21a45vy8z82mp"}
