{"type":"operationStart","subtype":"profile","data":{"_id":"6Zch8V64w9cdQQ42","timestamp":"2023-02-08T18:31:21.634Z","state":"queued","mode":"standard","creationDate":"2023-02-08T18:31:21.637Z","modificationDate":"2023-02-08T18:31:21.637Z","shortid":"vISgOCk","$entitySet":"profiles"},"doDiffs":false,"timestamp":1675881081636,"id":"vffghozj4zwr04m","previousOperationId":null,"operationId":"iuyua0529vpu3p5"}
{"type":"log","level":"info","message":"Render request 28 queued for execution and waiting for available worker","previousOperationId":"iuyua0529vpu3p5","timestamp":1675881081636,"id":"r40lh104ba6uv3i"}
{"type":"operationStart","subtype":"render","name":"detail","previousOperationId":"iuyua0529vpu3p5","timestamp":1675881081646,"id":"m1awxgr1uoyruy1","previousEventId":"vffghozj4zwr04m","operationId":"6y5f7mxn8e2mswx"}
{"type":"log","timestamp":1675881081647,"level":"info","message":"Starting rendering request 28","meta":{"rootId":"wtbo0hdxo2ylei6","id":"wtbo0hdxo2ylei6"},"id":"y5jugbyh6hw0xym","previousOperationId":"6y5f7mxn8e2mswx"}
{"type":"log","timestamp":1675881081648,"level":"info","message":"Rendering template { name: detail, recipe: html-with-browser-client, engine: handlebars, preview: true }","meta":{"rootId":"wtbo0hdxo2ylei6","id":"wtbo0hdxo2ylei6"},"id":"n4frqm5wt96u680","previousOperationId":"6y5f7mxn8e2mswx"}
{"type":"log","timestamp":1675881081651,"level":"debug","message":"Data item not defined for this template.","meta":{"rootId":"wtbo0hdxo2ylei6","id":"wtbo0hdxo2ylei6"},"id":"lv0091upmhybq94","previousOperationId":"6y5f7mxn8e2mswx"}
{"type":"log","timestamp":1675881081656,"level":"debug","message":"Executing script get detail (beforeRender)","meta":{"rootId":"wtbo0hdxo2ylei6","id":"wtbo0hdxo2ylei6"},"id":"yy4pfx4gynotjdn","previousOperationId":"6y5f7mxn8e2mswx"}
{"type":"operationStart","subtype":"scriptsBeforeRender","name":"scripts beforeRender","timestamp":1675881081759,"id":"25h270l9pbz7yhk","previousEventId":"m1awxgr1uoyruy1","operationId":"p83680zl0hct9gv","previousOperationId":"6y5f7mxn8e2mswx"}
{"type":"operationStart","subtype":"script","name":"scripts get detail","previousOperationId":"p83680zl0hct9gv","timestamp":1675881081759,"id":"miyceyvm02wmbl6","previousEventId":"25h270l9pbz7yhk","operationId":"eaqvz7zokbh1n3o"}
{"type":"log","timestamp":1675881081759,"level":"debug","message":"(console:log) http://services.odata.org/V4/Northwind/Northwind.svc/Orders?$filter=CustomerID eq 'AROUT'","meta":{"userLevel":true,"rootId":"wtbo0hdxo2ylei6","id":"wtbo0hdxo2ylei6"},"id":"sxbd6x7t3f3vje7","previousOperationId":"eaqvz7zokbh1n3o"}
{"type":"operationEnd","operationId":"eaqvz7zokbh1n3o","timestamp":1675881082948,"id":"nsqyhewet2tlwme","previousEventId":"m1awxgr1uoyruy1","previousOperationId":"6y5f7mxn8e2mswx"}
{"type":"operationEnd","operationId":"p83680zl0hct9gv","timestamp":1675881082948,"id":"8k1v6axmjqtuxnu","previousEventId":"nsqyhewet2tlwme","previousOperationId":"6y5f7mxn8e2mswx"}
{"type":"log","timestamp":1675881082949,"level":"debug","message":"Base url not specified, skipping its injection.","meta":{"rootId":"wtbo0hdxo2ylei6","id":"wtbo0hdxo2ylei6"},"id":"1nih1fhm73vaprd","previousOperationId":"p83680zl0hct9gv"}
{"type":"operationStart","subtype":"engine","name":"handlebars","timestamp":1675881082949,"id":"nvaxam3p8xtlq1w","previousEventId":"8k1v6axmjqtuxnu","operationId":"m8jcbuz3vw93t81","previousOperationId":"p83680zl0hct9gv"}
{"type":"log","timestamp":1675881082949,"level":"debug","message":"Rendering engine handlebars","meta":{"rootId":"wtbo0hdxo2ylei6","id":"wtbo0hdxo2ylei6"},"id":"aooek8bsq2k95a1","previousOperationId":"m8jcbuz3vw93t81"}
{"type":"operationEnd","operationId":"m8jcbuz3vw93t81","timestamp":1675881082972,"id":"eeh2sizl6skdjh6","previousEventId":"nvaxam3p8xtlq1w","previousOperationId":"m8jcbuz3vw93t81"}
{"type":"operationStart","subtype":"recipe","name":"html-with-browser-client","timestamp":1675881082973,"id":"atexyn378jhsvms","previousEventId":"eeh2sizl6skdjh6","operationId":"lvesv2tkqbwcdqp","previousOperationId":"m8jcbuz3vw93t81"}
{"type":"log","timestamp":1675881082973,"level":"debug","message":"Executing recipe html-with-browser-client","meta":{"rootId":"wtbo0hdxo2ylei6","id":"wtbo0hdxo2ylei6"},"id":"40ijyzq32z79yxy","previousOperationId":"lvesv2tkqbwcdqp"}
{"type":"operationEnd","operationId":"lvesv2tkqbwcdqp","timestamp":1675881082973,"id":"ueej990p9h1dbb5","previousEventId":"atexyn378jhsvms","previousOperationId":"lvesv2tkqbwcdqp"}
{"type":"log","timestamp":1675881082973,"level":"debug","message":"Skipping storing report.","meta":{"rootId":"wtbo0hdxo2ylei6","id":"wtbo0hdxo2ylei6"},"id":"4is85jjyufg960l","previousOperationId":"lvesv2tkqbwcdqp"}
{"type":"log","timestamp":1675881082973,"level":"info","message":"Rendering request 28 finished in 1339 ms","meta":{"rootId":"wtbo0hdxo2ylei6","id":"wtbo0hdxo2ylei6"},"id":"6qg37aqbs0xxep4","previousOperationId":"lvesv2tkqbwcdqp"}
{"type":"operationEnd","subtype":"render","operationId":"6y5f7mxn8e2mswx","timestamp":1675881082973,"id":"s83c326rby091ig","previousEventId":"ueej990p9h1dbb5","previousOperationId":"lvesv2tkqbwcdqp"}
{"type":"operationEnd","doDiffs":false,"previousEventId":"vffghozj4zwr04m","previousOperationId":"iuyua0529vpu3p5","operationId":"iuyua0529vpu3p5","timestamp":1675881082980,"id":"7tb9yzt8v2yibik"}
