{"type":"operationStart","subtype":"profile","data":{"_id":"Ena4DUHwgbCxYRoe","timestamp":"2023-02-08T18:29:14.642Z","state":"queued","mode":"standard","creationDate":"2023-02-08T18:29:14.645Z","modificationDate":"2023-02-08T18:29:14.645Z","shortid":"QHid4RQ","$entitySet":"profiles"},"doDiffs":false,"timestamp":1675880954643,"id":"570wm87lnkor5hq","previousOperationId":null,"operationId":"t73ahnz5bvm20lx"}
{"type":"log","level":"info","message":"Render request 26 queued for execution and waiting for available worker","previousOperationId":"t73ahnz5bvm20lx","timestamp":1675880954643,"id":"16rq9piso1wo1r8"}
{"type":"operationStart","subtype":"render","name":"detail","previousOperationId":"t73ahnz5bvm20lx","timestamp":1675880954653,"id":"t11tunnsdbesbpy","previousEventId":"570wm87lnkor5hq","operationId":"nj2wphiv8wbrplt"}
{"type":"log","timestamp":1675880954653,"level":"info","message":"Starting rendering request 26","meta":{"rootId":"zspmn4l9to6d4ox","id":"zspmn4l9to6d4ox"},"id":"ajjz6c5e9crx1lg","previousOperationId":"nj2wphiv8wbrplt"}
{"type":"log","timestamp":1675880954654,"level":"info","message":"Rendering template { name: detail, recipe: html-with-browser-client, engine: handlebars, preview: true }","meta":{"rootId":"zspmn4l9to6d4ox","id":"zspmn4l9to6d4ox"},"id":"9ib5fya6b937r7i","previousOperationId":"nj2wphiv8wbrplt"}
{"type":"log","timestamp":1675880954657,"level":"debug","message":"Data item not defined for this template.","meta":{"rootId":"zspmn4l9to6d4ox","id":"zspmn4l9to6d4ox"},"id":"vjmf9aa5jma965z","previousOperationId":"nj2wphiv8wbrplt"}
{"type":"log","timestamp":1675880954664,"level":"debug","message":"Executing script get detail (beforeRender)","meta":{"rootId":"zspmn4l9to6d4ox","id":"zspmn4l9to6d4ox"},"id":"wyrx5zn6xqnufu5","previousOperationId":"nj2wphiv8wbrplt"}
{"type":"operationStart","subtype":"scriptsBeforeRender","name":"scripts beforeRender","timestamp":1675880954769,"id":"m1gr6uhgq0bzohc","previousEventId":"t11tunnsdbesbpy","operationId":"ewquhh0fsa0d4yp","previousOperationId":"nj2wphiv8wbrplt"}
{"type":"operationStart","subtype":"script","name":"scripts get detail","previousOperationId":"ewquhh0fsa0d4yp","timestamp":1675880954769,"id":"d0f3jm1lm3g3c0l","previousEventId":"m1gr6uhgq0bzohc","operationId":"3znfu24d1pfebni"}
{"type":"operationEnd","operationId":"3znfu24d1pfebni","timestamp":1675880955971,"id":"3vy0fgllvbyff6q","previousEventId":"t11tunnsdbesbpy","previousOperationId":"nj2wphiv8wbrplt"}
{"type":"operationEnd","operationId":"ewquhh0fsa0d4yp","timestamp":1675880955971,"id":"xvpaivfl8yiswwr","previousEventId":"3vy0fgllvbyff6q","previousOperationId":"nj2wphiv8wbrplt"}
{"type":"log","timestamp":1675880955971,"level":"debug","message":"Base url not specified, skipping its injection.","meta":{"rootId":"zspmn4l9to6d4ox","id":"zspmn4l9to6d4ox"},"id":"ho2gt45bg6kft2y","previousOperationId":"ewquhh0fsa0d4yp"}
{"type":"operationStart","subtype":"engine","name":"handlebars","timestamp":1675880955971,"id":"bznzkp4h50j7zzo","previousEventId":"xvpaivfl8yiswwr","operationId":"d1gqx0uurbt5y62","previousOperationId":"ewquhh0fsa0d4yp"}
{"type":"log","timestamp":1675880955971,"level":"debug","message":"Rendering engine handlebars","meta":{"rootId":"zspmn4l9to6d4ox","id":"zspmn4l9to6d4ox"},"id":"eqouqfy05e0e4t5","previousOperationId":"d1gqx0uurbt5y62"}
{"type":"operationEnd","operationId":"d1gqx0uurbt5y62","timestamp":1675880955992,"id":"60a74awlul93qmn","previousEventId":"bznzkp4h50j7zzo","previousOperationId":"d1gqx0uurbt5y62"}
{"type":"operationStart","subtype":"recipe","name":"html-with-browser-client","timestamp":1675880955992,"id":"p4s60xxxgtnu6wh","previousEventId":"60a74awlul93qmn","operationId":"ozr7xu1qhzxfav2","previousOperationId":"d1gqx0uurbt5y62"}
{"type":"log","timestamp":1675880955992,"level":"debug","message":"Executing recipe html-with-browser-client","meta":{"rootId":"zspmn4l9to6d4ox","id":"zspmn4l9to6d4ox"},"id":"ho487np93vxdi9k","previousOperationId":"ozr7xu1qhzxfav2"}
{"type":"operationEnd","operationId":"ozr7xu1qhzxfav2","timestamp":1675880955992,"id":"hwlr6d1th19p1bi","previousEventId":"p4s60xxxgtnu6wh","previousOperationId":"ozr7xu1qhzxfav2"}
{"type":"log","timestamp":1675880955992,"level":"debug","message":"Skipping storing report.","meta":{"rootId":"zspmn4l9to6d4ox","id":"zspmn4l9to6d4ox"},"id":"noj8uewc4c61na2","previousOperationId":"ozr7xu1qhzxfav2"}
{"type":"log","timestamp":1675880955993,"level":"info","message":"Rendering request 26 finished in 1350 ms","meta":{"rootId":"zspmn4l9to6d4ox","id":"zspmn4l9to6d4ox"},"id":"ss6msn4a81kmpra","previousOperationId":"ozr7xu1qhzxfav2"}
{"type":"operationEnd","subtype":"render","operationId":"nj2wphiv8wbrplt","timestamp":1675880955993,"id":"uiysu9f61v6jr5c","previousEventId":"hwlr6d1th19p1bi","previousOperationId":"ozr7xu1qhzxfav2"}
{"type":"operationEnd","doDiffs":false,"previousEventId":"570wm87lnkor5hq","previousOperationId":"t73ahnz5bvm20lx","operationId":"t73ahnz5bvm20lx","timestamp":1675880956002,"id":"li8c94pzvsv97o1"}
