{"type":"operationStart","subtype":"profile","data":{"_id":"INhXJV6gbeaj4sxy","timestamp":"2023-01-26T20:19:54.647Z","state":"queued","mode":"standard","creationDate":"2023-01-26T20:19:54.650Z","modificationDate":"2023-01-26T20:19:54.650Z","shortid":"feGLUpW","$entitySet":"profiles"},"doDiffs":false,"timestamp":1674764394648,"id":"2yc9ws9pvu498b5","previousOperationId":null,"operationId":"hfze8f3owjtqb62"}
{"type":"log","level":"info","message":"Render request 11 queued for execution and waiting for available worker","previousOperationId":"hfze8f3owjtqb62","timestamp":1674764394649,"id":"cbbpkp5ex185s0y"}
{"type":"operationStart","subtype":"render","name":"orders-main","previousOperationId":"hfze8f3owjtqb62","timestamp":1674764394660,"id":"plr6gbpod5xk7uv","previousEventId":"2yc9ws9pvu498b5","operationId":"qqo56adlccmt3e1"}
{"type":"log","timestamp":1674764394660,"level":"info","message":"Starting rendering request 11","meta":{"rootId":"03rt3jusz70kcih","id":"03rt3jusz70kcih"},"id":"pz0gvidx6s3n1gx","previousOperationId":"qqo56adlccmt3e1"}
{"type":"log","timestamp":1674764394661,"level":"info","message":"Rendering template { name: orders-main, recipe: chrome-pdf, engine: handlebars, preview: true }","meta":{"rootId":"03rt3jusz70kcih","id":"03rt3jusz70kcih"},"id":"2pj01erpvhkkxr1","previousOperationId":"qqo56adlccmt3e1"}
{"type":"log","timestamp":1674764394663,"level":"debug","message":"Data item not defined for this template.","meta":{"rootId":"03rt3jusz70kcih","id":"03rt3jusz70kcih"},"id":"ic1qxmn5zgb9bc6","previousOperationId":"qqo56adlccmt3e1"}
{"type":"log","timestamp":1674764394670,"level":"debug","message":"Executing script orders-script (beforeRender)","meta":{"rootId":"03rt3jusz70kcih","id":"03rt3jusz70kcih"},"id":"bprb9lcag78280u","previousOperationId":"qqo56adlccmt3e1"}
{"type":"log","timestamp":1674764394683,"level":"debug","message":"(console:log) Hola","meta":{"userLevel":true,"rootId":"03rt3jusz70kcih","id":"03rt3jusz70kcih"},"id":"ttce937oxz8scws","previousOperationId":"qqo56adlccmt3e1"}
{"type":"operationStart","subtype":"scriptsBeforeRender","name":"scripts beforeRender","timestamp":1674764394683,"id":"thmnh9p2qkyncbq","previousEventId":"plr6gbpod5xk7uv","operationId":"h0x83jh9g6d2kvo","previousOperationId":"qqo56adlccmt3e1"}
{"type":"operationStart","subtype":"script","name":"scripts orders-script","previousOperationId":"h0x83jh9g6d2kvo","timestamp":1674764394683,"id":"i6auyr45utmjjpn","previousEventId":"thmnh9p2qkyncbq","operationId":"q6rtu3dsrxc38h4"}
{"type":"operationEnd","operationId":"q6rtu3dsrxc38h4","timestamp":1674764395901,"id":"bd0lsm7clr47jdw","previousEventId":"plr6gbpod5xk7uv","previousOperationId":"qqo56adlccmt3e1"}
{"type":"operationEnd","operationId":"h0x83jh9g6d2kvo","timestamp":1674764395901,"id":"66q0q0d62enqylk","previousEventId":"bd0lsm7clr47jdw","previousOperationId":"qqo56adlccmt3e1"}
{"type":"log","timestamp":1674764395901,"level":"debug","message":"Base url not specified, skipping its injection.","meta":{"rootId":"03rt3jusz70kcih","id":"03rt3jusz70kcih"},"id":"3g2l8iqtcyhb2on","previousOperationId":"h0x83jh9g6d2kvo"}
{"type":"operationStart","subtype":"engine","name":"handlebars","timestamp":1674764395901,"id":"nj4mcaufhwn2myn","previousEventId":"66q0q0d62enqylk","operationId":"6ceb88f2ncwx5oc","previousOperationId":"h0x83jh9g6d2kvo"}
{"type":"log","timestamp":1674764395901,"level":"debug","message":"Rendering engine handlebars","meta":{"rootId":"03rt3jusz70kcih","id":"03rt3jusz70kcih"},"id":"q7vahizmjp66vm8","previousOperationId":"6ceb88f2ncwx5oc"}
{"type":"log","timestamp":1674764395916,"level":"debug","message":"(console:log) Pdf utils adding group field, value: \"France\"","meta":{"userLevel":true,"rootId":"03rt3jusz70kcih","id":"03rt3jusz70kcih"},"id":"cvigw552sqx01uy","previousOperationId":"6ceb88f2ncwx5oc"}
{"type":"log","timestamp":1674764395919,"level":"debug","message":"(console:log) Pdf utils adding group field, value: \"Germany\"","meta":{"userLevel":true,"rootId":"03rt3jusz70kcih","id":"03rt3jusz70kcih"},"id":"5apa6lgd5rst0wb","previousOperationId":"6ceb88f2ncwx5oc"}
{"type":"operationEnd","operationId":"6ceb88f2ncwx5oc","timestamp":1674764395920,"id":"5r4clei0lgkkh4w","previousEventId":"nj4mcaufhwn2myn","previousOperationId":"6ceb88f2ncwx5oc"}
{"type":"operationStart","subtype":"recipe","name":"chrome-pdf","timestamp":1674764395921,"id":"jhqcugsbeir60md","previousEventId":"5r4clei0lgkkh4w","operationId":"cbyr8yvivch95gf","previousOperationId":"6ceb88f2ncwx5oc"}
{"type":"log","timestamp":1674764395921,"level":"debug","message":"Executing recipe chrome-pdf","meta":{"rootId":"03rt3jusz70kcih","id":"03rt3jusz70kcih"},"id":"4o4opux5m7fijlm","previousOperationId":"cbyr8yvivch95gf"}
{"type":"log","timestamp":1674764395932,"level":"debug","message":"Converting with chrome HeadlessChrome/105.0.5173.0 using chrome-pool strategy","meta":{"rootId":"03rt3jusz70kcih","id":"03rt3jusz70kcih"},"id":"7gaj704c28xw4ib","previousOperationId":"cbyr8yvivch95gf"}
{"type":"log","timestamp":1674764396046,"level":"debug","message":"Page request: GET (document) file:///C:/Users/alegu/AppData/Local/Temp/jsreport/autocleanup/16d5d239-f7bc-4f09-b7a5-a0b4e5f703c5-chrome-pdf.html","meta":{"rootId":"03rt3jusz70kcih","id":"03rt3jusz70kcih"},"id":"qe6yscsh4ugfrdz","previousOperationId":"cbyr8yvivch95gf"}
{"type":"log","timestamp":1674764396060,"level":"debug","message":"Page request finished: GET (document) 200 file:///C:/Users/alegu/AppData/Local/Temp/jsreport/autocleanup/16d5d239-f7bc-4f09-b7a5-a0b4e5f703c5-chrome-pdf.html","meta":{"rootId":"03rt3jusz70kcih","id":"03rt3jusz70kcih"},"id":"lkcavp11950r7b9","previousOperationId":"cbyr8yvivch95gf"}
{"type":"log","timestamp":1674764396060,"level":"debug","message":"Page request: GET (stylesheet) https://cdnjs.cloudflare.com/ajax/libs/metro/4.1.5/css/metro.min.css","meta":{"rootId":"03rt3jusz70kcih","id":"03rt3jusz70kcih"},"id":"pyjwdviz908lb2a","previousOperationId":"cbyr8yvivch95gf"}
{"type":"log","timestamp":1674764396061,"level":"debug","message":"Page request: GET (script) https://cdnjs.cloudflare.com/ajax/libs/Chart.js/2.7.2/Chart.min.js","meta":{"rootId":"03rt3jusz70kcih","id":"03rt3jusz70kcih"},"id":"ema2gfek3vjyoar","previousOperationId":"cbyr8yvivch95gf"}
{"type":"log","timestamp":1674764396071,"level":"debug","message":"Page request finished: GET (script) 200 https://cdnjs.cloudflare.com/ajax/libs/Chart.js/2.7.2/Chart.min.js","meta":{"rootId":"03rt3jusz70kcih","id":"03rt3jusz70kcih"},"id":"ujvkcwtwp3ehz5n","previousOperationId":"cbyr8yvivch95gf"}
{"type":"log","timestamp":1674764396091,"level":"debug","message":"Page request finished: GET (stylesheet) 200 https://cdnjs.cloudflare.com/ajax/libs/metro/4.1.5/css/metro.min.css","meta":{"rootId":"03rt3jusz70kcih","id":"03rt3jusz70kcih"},"id":"3at30u2ubw7s2sz","previousOperationId":"cbyr8yvivch95gf"}
{"type":"log","timestamp":1674764396203,"level":"debug","message":"Running chrome with params {\"printBackground\":true,\"marginTop\":\"4cm\",\"marginRight\":\"1.5cm\",\"marginBottom\":\"1.5cm\",\"marginLeft\":\"1.5cm\",\"waitForJS\":false,\"timeout\":58717,\"margin\":{\"top\":\"4cm\",\"right\":\"1.5cm\",\"bottom\":\"1.5cm\",\"left\":\"1.5cm\"}}","meta":{"rootId":"03rt3jusz70kcih","id":"03rt3jusz70kcih"},"id":"j3shz11tntqc468","previousOperationId":"cbyr8yvivch95gf"}
{"type":"operationEnd","operationId":"cbyr8yvivch95gf","timestamp":1674764396425,"id":"veed0kzhwxukrfk","previousEventId":"jhqcugsbeir60md","previousOperationId":"cbyr8yvivch95gf"}
{"type":"log","timestamp":1674764396425,"level":"info","message":"pdf-utils is starting pdf processing","meta":{"rootId":"03rt3jusz70kcih","id":"03rt3jusz70kcih"},"id":"iv8f9atfsdtsi4p","previousOperationId":"cbyr8yvivch95gf"}
{"type":"operationStart","subtype":"pdfUtils","name":"pdf utils","timestamp":1674764396425,"id":"wv1l83p1usiiiha","previousEventId":"veed0kzhwxukrfk","operationId":"8jhyecsxwrb75ra","previousOperationId":"cbyr8yvivch95gf"}
{"type":"log","timestamp":1674764396426,"level":"debug","message":"pdf-utils detected 1 pdf operation(s) to process","meta":{"rootId":"03rt3jusz70kcih","id":"03rt3jusz70kcih"},"id":"t69e8vhkogdygcn","previousOperationId":"8jhyecsxwrb75ra"}
{"type":"log","timestamp":1674764396489,"level":"debug","message":"pdf-utils running pdf operation merge","meta":{"rootId":"03rt3jusz70kcih","id":"03rt3jusz70kcih"},"id":"ei2zkpsefqehpn0","previousOperationId":"8jhyecsxwrb75ra"}
{"type":"operationStart","subtype":"pdfUtilsMerge","name":"pdf utils merge","previousOperationId":"8jhyecsxwrb75ra","timestamp":1674764396489,"id":"izkvnc3qxbivpwm","previousEventId":"wv1l83p1usiiiha","operationId":"h5407jpmyj9fzui"}
{"type":"operationStart","subtype":"render","name":"orders-header","previousOperationId":"h5407jpmyj9fzui","timestamp":1674764396491,"id":"rze72o1gcrhaehx","previousEventId":"izkvnc3qxbivpwm","operationId":"61q99tyb5cxspqk"}
{"type":"log","timestamp":1674764396491,"level":"info","message":"Starting rendering (child) request","meta":{"rootId":"03rt3jusz70kcih","id":"0nxju72ziqo6kij"},"id":"znes3p7fva2uv73","previousOperationId":"61q99tyb5cxspqk"}
{"type":"log","timestamp":1674764396491,"level":"info","message":"Rendering template { name: orders-header, recipe: chrome-pdf, engine: handlebars, preview: true }","meta":{"rootId":"03rt3jusz70kcih","id":"0nxju72ziqo6kij"},"id":"3nfurwiscs8q7h1","previousOperationId":"61q99tyb5cxspqk"}
{"type":"log","timestamp":1674764396499,"level":"debug","message":"Inline data specified.","meta":{"rootId":"03rt3jusz70kcih","id":"0nxju72ziqo6kij"},"id":"8enk2u6lw51asup","previousOperationId":"61q99tyb5cxspqk"}
{"type":"log","timestamp":1674764396507,"level":"debug","message":"Base url not specified, skipping its injection.","meta":{"rootId":"03rt3jusz70kcih","id":"0nxju72ziqo6kij"},"id":"qiirubd7uof5qzy","previousOperationId":"61q99tyb5cxspqk"}
{"type":"operationStart","subtype":"engine","name":"handlebars","timestamp":1674764396508,"id":"q6szwhjcsx9jore","previousEventId":"rze72o1gcrhaehx","operationId":"y8f4jh9960zkvo5","previousOperationId":"61q99tyb5cxspqk"}
{"type":"log","timestamp":1674764396508,"level":"debug","message":"Rendering engine handlebars","meta":{"rootId":"03rt3jusz70kcih","id":"0nxju72ziqo6kij"},"id":"bu13i5zccdw62ty","previousOperationId":"y8f4jh9960zkvo5"}
{"type":"operationEnd","operationId":"y8f4jh9960zkvo5","timestamp":1674764396529,"id":"t8zvv9yv99zlve8","previousEventId":"q6szwhjcsx9jore","previousOperationId":"y8f4jh9960zkvo5"}
{"type":"operationStart","subtype":"recipe","name":"chrome-pdf","timestamp":1674764396530,"id":"qcaf6mj0vm0j2pi","previousEventId":"t8zvv9yv99zlve8","operationId":"7j9vl1e4i12l5et","previousOperationId":"y8f4jh9960zkvo5"}
{"type":"log","timestamp":1674764396530,"level":"debug","message":"Executing recipe chrome-pdf","meta":{"rootId":"03rt3jusz70kcih","id":"0nxju72ziqo6kij"},"id":"lkx9fqoxqc9vv0u","previousOperationId":"7j9vl1e4i12l5et"}
{"type":"log","timestamp":1674764396532,"level":"debug","message":"Converting with chrome HeadlessChrome/105.0.5173.0 using chrome-pool strategy","meta":{"rootId":"03rt3jusz70kcih","id":"0nxju72ziqo6kij"},"id":"ez78bakkcfr9trq","previousOperationId":"7j9vl1e4i12l5et"}
{"type":"log","timestamp":1674764396644,"level":"debug","message":"Page request: GET (document) file:///C:/Users/alegu/AppData/Local/Temp/jsreport/autocleanup/e5fe4292-7701-46ea-9079-db6f8c765ad0-chrome-pdf.html","meta":{"rootId":"03rt3jusz70kcih","id":"0nxju72ziqo6kij"},"id":"onb36wk0e94381d","previousOperationId":"7j9vl1e4i12l5et"}
{"type":"log","timestamp":1674764396658,"level":"debug","message":"Page request finished: GET (document) 200 file:///C:/Users/alegu/AppData/Local/Temp/jsreport/autocleanup/e5fe4292-7701-46ea-9079-db6f8c765ad0-chrome-pdf.html","meta":{"rootId":"03rt3jusz70kcih","id":"0nxju72ziqo6kij"},"id":"vlx58nx396i4yxb","previousOperationId":"7j9vl1e4i12l5et"}
{"type":"log","timestamp":1674764396658,"level":"debug","message":"Page request: GET (stylesheet) https://cdnjs.cloudflare.com/ajax/libs/metro/4.1.5/css/metro.min.css","meta":{"rootId":"03rt3jusz70kcih","id":"0nxju72ziqo6kij"},"id":"cu434fvk5z1mdwj","previousOperationId":"7j9vl1e4i12l5et"}
{"type":"log","timestamp":1674764396697,"level":"debug","message":"Page request finished: GET (stylesheet) 200 https://cdnjs.cloudflare.com/ajax/libs/metro/4.1.5/css/metro.min.css","meta":{"rootId":"03rt3jusz70kcih","id":"0nxju72ziqo6kij"},"id":"hf6k7bh98mmjxw1","previousOperationId":"7j9vl1e4i12l5et"}
{"type":"log","timestamp":1674764396732,"level":"debug","message":"Running chrome with params {\"printBackground\":true,\"marginTop\":\"1.5cm\",\"marginRight\":\"1.5cm\",\"marginLeft\":\"1.cm\",\"timeout\":58116,\"margin\":{\"top\":\"1.5cm\",\"right\":\"1.5cm\",\"left\":\"1.cm\"}}","meta":{"rootId":"03rt3jusz70kcih","id":"0nxju72ziqo6kij"},"id":"liw3d3bcfrbvjn8","previousOperationId":"7j9vl1e4i12l5et"}
{"type":"operationEnd","operationId":"7j9vl1e4i12l5et","timestamp":1674764396809,"id":"s5snx7mcax2f5t6","previousEventId":"qcaf6mj0vm0j2pi","previousOperationId":"7j9vl1e4i12l5et"}
{"type":"log","timestamp":1674764396809,"level":"debug","message":"Skipping storing report.","meta":{"rootId":"03rt3jusz70kcih","id":"0nxju72ziqo6kij"},"id":"gn88n441vvsb5e3","previousOperationId":"7j9vl1e4i12l5et"}
{"type":"log","timestamp":1674764396809,"level":"info","message":"Rendering (child) request finished in 2162 ms","meta":{"rootId":"03rt3jusz70kcih","id":"0nxju72ziqo6kij"},"id":"dmqtknxici9xktj","previousOperationId":"7j9vl1e4i12l5et"}
{"type":"operationEnd","subtype":"render","operationId":"61q99tyb5cxspqk","timestamp":1674764396809,"id":"siwuym3ybcy208f","previousEventId":"s5snx7mcax2f5t6","previousOperationId":"7j9vl1e4i12l5et"}
{"type":"operationEnd","operationId":"h5407jpmyj9fzui","timestamp":1674764396821,"id":"iexbcj0qphk7e5u","previousEventId":"izkvnc3qxbivpwm","previousOperationId":"h5407jpmyj9fzui"}
{"type":"log","timestamp":1674764396821,"level":"debug","message":"pdf-utils postproces start","meta":{"rootId":"03rt3jusz70kcih","id":"03rt3jusz70kcih"},"id":"d191ddg61r4oaao","previousOperationId":"h5407jpmyj9fzui"}
{"type":"log","timestamp":1674764396837,"level":"debug","message":"pdf-utils postproces end","meta":{"rootId":"03rt3jusz70kcih","id":"03rt3jusz70kcih"},"id":"n1e3gzb4qgx1th2","previousOperationId":"h5407jpmyj9fzui"}
{"type":"operationEnd","operationId":"8jhyecsxwrb75ra","timestamp":1674764396837,"id":"i5kz6dw8ookk0xo","previousEventId":"iexbcj0qphk7e5u","previousOperationId":"h5407jpmyj9fzui"}
{"type":"log","timestamp":1674764396837,"level":"info","message":"pdf-utils pdf processing was finished","meta":{"rootId":"03rt3jusz70kcih","id":"03rt3jusz70kcih"},"id":"cpduj7wnh6mi07s","previousOperationId":"8jhyecsxwrb75ra"}
{"type":"log","timestamp":1674764396837,"level":"debug","message":"Skipping storing report.","meta":{"rootId":"03rt3jusz70kcih","id":"03rt3jusz70kcih"},"id":"jru3fh5y9qiloqo","previousOperationId":"8jhyecsxwrb75ra"}
{"type":"log","timestamp":1674764396837,"level":"info","message":"Rendering request 11 finished in 2190 ms","meta":{"rootId":"03rt3jusz70kcih","id":"03rt3jusz70kcih"},"id":"teswl26ni6hx1kc","previousOperationId":"8jhyecsxwrb75ra"}
{"type":"operationEnd","subtype":"render","operationId":"qqo56adlccmt3e1","timestamp":1674764396837,"id":"b9wi4dpnrkyx7f5","previousEventId":"i5kz6dw8ookk0xo","previousOperationId":"8jhyecsxwrb75ra"}
{"type":"operationEnd","doDiffs":false,"previousEventId":"2yc9ws9pvu498b5","previousOperationId":"hfze8f3owjtqb62","operationId":"hfze8f3owjtqb62","timestamp":1674764396848,"id":"3x0osqktxceabz8"}
