{"type":"operationStart","subtype":"profile","data":{"_id":"3WrmFse3ucQovdrW","timestamp":"2023-01-26T20:20:41.183Z","state":"queued","mode":"standard","creationDate":"2023-01-26T20:20:41.185Z","modificationDate":"2023-01-26T20:20:41.185Z","shortid":"b-QsL3T","$entitySet":"profiles"},"doDiffs":false,"timestamp":1674764441184,"id":"2lcjjwbu99m0njj","previousOperationId":null,"operationId":"ozl6rcrlimcb6fr"}
{"type":"log","level":"info","message":"Render request 16 queued for execution and waiting for available worker","previousOperationId":"ozl6rcrlimcb6fr","timestamp":1674764441184,"id":"i5m2hdydlv85f2q"}
{"type":"operationStart","subtype":"render","name":"orders-main","previousOperationId":"ozl6rcrlimcb6fr","timestamp":1674764441197,"id":"qasvccxqom9zs7w","previousEventId":"2lcjjwbu99m0njj","operationId":"ilaqbiczaogn48u"}
{"type":"log","timestamp":1674764441197,"level":"info","message":"Starting rendering request 16","meta":{"rootId":"1x0ko05sk6uzupa","id":"1x0ko05sk6uzupa"},"id":"y4b9dm8ivac8s2v","previousOperationId":"ilaqbiczaogn48u"}
{"type":"log","timestamp":1674764441197,"level":"info","message":"Rendering template { name: orders-main, recipe: chrome-pdf, engine: handlebars, preview: true }","meta":{"rootId":"1x0ko05sk6uzupa","id":"1x0ko05sk6uzupa"},"id":"t8mdz6qo8wkbzfu","previousOperationId":"ilaqbiczaogn48u"}
{"type":"log","timestamp":1674764441199,"level":"debug","message":"Data item not defined for this template.","meta":{"rootId":"1x0ko05sk6uzupa","id":"1x0ko05sk6uzupa"},"id":"pu1v0v76e6icitr","previousOperationId":"ilaqbiczaogn48u"}
{"type":"log","timestamp":1674764441204,"level":"debug","message":"Executing script orders-script (beforeRender)","meta":{"rootId":"1x0ko05sk6uzupa","id":"1x0ko05sk6uzupa"},"id":"j1lxt3dr7y1220v","previousOperationId":"ilaqbiczaogn48u"}
{"type":"log","timestamp":1674764441220,"level":"debug","message":"(console:log) Hola","meta":{"userLevel":true,"rootId":"1x0ko05sk6uzupa","id":"1x0ko05sk6uzupa"},"id":"o4jqecvlll1ssdh","previousOperationId":"ilaqbiczaogn48u"}
{"type":"operationStart","subtype":"scriptsBeforeRender","name":"scripts beforeRender","timestamp":1674764441221,"id":"kf6c30rv00cvfjo","previousEventId":"qasvccxqom9zs7w","operationId":"6w9fdaoc70jqw9y","previousOperationId":"ilaqbiczaogn48u"}
{"type":"operationStart","subtype":"script","name":"scripts orders-script","previousOperationId":"6w9fdaoc70jqw9y","timestamp":1674764441221,"id":"lonjjq2lk4ef96n","previousEventId":"kf6c30rv00cvfjo","operationId":"ih6u0ab4g4izky3"}
{"type":"log","timestamp":1674764441221,"level":"debug","message":"(console:log) Hola","meta":{"userLevel":true,"rootId":"1x0ko05sk6uzupa","id":"1x0ko05sk6uzupa"},"id":"b1z77llg172g75g","previousOperationId":"ih6u0ab4g4izky3"}
{"type":"operationEnd","operationId":"ih6u0ab4g4izky3","timestamp":1674764443237,"id":"7hoflqj754eu8ux","previousEventId":"qasvccxqom9zs7w","previousOperationId":"ilaqbiczaogn48u"}
{"type":"operationEnd","operationId":"6w9fdaoc70jqw9y","timestamp":1674764443237,"id":"rakrum0non1maks","previousEventId":"7hoflqj754eu8ux","previousOperationId":"ilaqbiczaogn48u"}
{"type":"log","timestamp":1674764443237,"level":"debug","message":"Base url not specified, skipping its injection.","meta":{"rootId":"1x0ko05sk6uzupa","id":"1x0ko05sk6uzupa"},"id":"eas6gtimhr5pitu","previousOperationId":"6w9fdaoc70jqw9y"}
{"type":"operationStart","subtype":"engine","name":"handlebars","timestamp":1674764443238,"id":"naozr8kxoth8yif","previousEventId":"rakrum0non1maks","operationId":"r8lff0dtvwaybfu","previousOperationId":"6w9fdaoc70jqw9y"}
{"type":"log","timestamp":1674764443238,"level":"debug","message":"Rendering engine handlebars","meta":{"rootId":"1x0ko05sk6uzupa","id":"1x0ko05sk6uzupa"},"id":"tfvw9i5pu7e1s1z","previousOperationId":"r8lff0dtvwaybfu"}
{"type":"log","timestamp":1674764443264,"level":"debug","message":"(console:log) Pdf utils adding group field, value: \"France\"","meta":{"userLevel":true,"rootId":"1x0ko05sk6uzupa","id":"1x0ko05sk6uzupa"},"id":"0jw5ayux0ygjmj5","previousOperationId":"r8lff0dtvwaybfu"}
{"type":"log","timestamp":1674764443264,"level":"debug","message":"(console:log) Pdf utils adding group field, value: \"Germany\"","meta":{"userLevel":true,"rootId":"1x0ko05sk6uzupa","id":"1x0ko05sk6uzupa"},"id":"u1q0zxjfczqatt9","previousOperationId":"r8lff0dtvwaybfu"}
{"type":"operationEnd","operationId":"r8lff0dtvwaybfu","timestamp":1674764443265,"id":"90htr0pbiii2nyi","previousEventId":"naozr8kxoth8yif","previousOperationId":"r8lff0dtvwaybfu"}
{"type":"operationStart","subtype":"recipe","name":"chrome-pdf","timestamp":1674764443265,"id":"qmx8k8w5vsztk7d","previousEventId":"90htr0pbiii2nyi","operationId":"nqqi0zipv8a30wr","previousOperationId":"r8lff0dtvwaybfu"}
{"type":"log","timestamp":1674764443265,"level":"debug","message":"Executing recipe chrome-pdf","meta":{"rootId":"1x0ko05sk6uzupa","id":"1x0ko05sk6uzupa"},"id":"wzldyemrfrp31wk","previousOperationId":"nqqi0zipv8a30wr"}
{"type":"log","timestamp":1674764443269,"level":"debug","message":"Converting with chrome HeadlessChrome/105.0.5173.0 using chrome-pool strategy","meta":{"rootId":"1x0ko05sk6uzupa","id":"1x0ko05sk6uzupa"},"id":"204xqedj9nmrreh","previousOperationId":"nqqi0zipv8a30wr"}
{"type":"log","timestamp":1674764443386,"level":"debug","message":"Page request: GET (document) file:///C:/Users/alegu/AppData/Local/Temp/jsreport/autocleanup/c610e464-108c-4b68-a8bc-e97856edcd93-chrome-pdf.html","meta":{"rootId":"1x0ko05sk6uzupa","id":"1x0ko05sk6uzupa"},"id":"dn01fnlf8o4sofj","previousOperationId":"nqqi0zipv8a30wr"}
{"type":"log","timestamp":1674764443399,"level":"debug","message":"Page request: GET (stylesheet) https://cdnjs.cloudflare.com/ajax/libs/metro/4.1.5/css/metro.min.css","meta":{"rootId":"1x0ko05sk6uzupa","id":"1x0ko05sk6uzupa"},"id":"hz00po42mrl1au5","previousOperationId":"nqqi0zipv8a30wr"}
{"type":"log","timestamp":1674764443399,"level":"debug","message":"Page request: GET (script) https://cdnjs.cloudflare.com/ajax/libs/Chart.js/2.7.2/Chart.min.js","meta":{"rootId":"1x0ko05sk6uzupa","id":"1x0ko05sk6uzupa"},"id":"8uuu5eq0naywdeg","previousOperationId":"nqqi0zipv8a30wr"}
{"type":"log","timestamp":1674764443400,"level":"debug","message":"Page request finished: GET (document) 200 file:///C:/Users/alegu/AppData/Local/Temp/jsreport/autocleanup/c610e464-108c-4b68-a8bc-e97856edcd93-chrome-pdf.html","meta":{"rootId":"1x0ko05sk6uzupa","id":"1x0ko05sk6uzupa"},"id":"ei5va6kiqiwhr4l","previousOperationId":"nqqi0zipv8a30wr"}
{"type":"log","timestamp":1674764443408,"level":"debug","message":"Page request finished: GET (script) 200 https://cdnjs.cloudflare.com/ajax/libs/Chart.js/2.7.2/Chart.min.js","meta":{"rootId":"1x0ko05sk6uzupa","id":"1x0ko05sk6uzupa"},"id":"ylovx4t9teqg3c0","previousOperationId":"nqqi0zipv8a30wr"}
{"type":"log","timestamp":1674764443433,"level":"debug","message":"Page request finished: GET (stylesheet) 200 https://cdnjs.cloudflare.com/ajax/libs/metro/4.1.5/css/metro.min.css","meta":{"rootId":"1x0ko05sk6uzupa","id":"1x0ko05sk6uzupa"},"id":"cbc7n6w48lmq1fh","previousOperationId":"nqqi0zipv8a30wr"}
{"type":"log","timestamp":1674764443542,"level":"debug","message":"Running chrome with params {\"printBackground\":true,\"marginTop\":\"4cm\",\"marginRight\":\"1.5cm\",\"marginBottom\":\"1.5cm\",\"marginLeft\":\"1.5cm\",\"waitForJS\":false,\"timeout\":57915,\"margin\":{\"top\":\"4cm\",\"right\":\"1.5cm\",\"bottom\":\"1.5cm\",\"left\":\"1.5cm\"}}","meta":{"rootId":"1x0ko05sk6uzupa","id":"1x0ko05sk6uzupa"},"id":"xoxscpn5dr2g8ei","previousOperationId":"nqqi0zipv8a30wr"}
{"type":"operationEnd","operationId":"nqqi0zipv8a30wr","timestamp":1674764443759,"id":"gt9s3p7qllsgoub","previousEventId":"qmx8k8w5vsztk7d","previousOperationId":"nqqi0zipv8a30wr"}
{"type":"log","timestamp":1674764443759,"level":"info","message":"pdf-utils is starting pdf processing","meta":{"rootId":"1x0ko05sk6uzupa","id":"1x0ko05sk6uzupa"},"id":"snzfp0m084gz31c","previousOperationId":"nqqi0zipv8a30wr"}
{"type":"operationStart","subtype":"pdfUtils","name":"pdf utils","timestamp":1674764443759,"id":"ppo84jmwgp28pk4","previousEventId":"gt9s3p7qllsgoub","operationId":"h3uqruzo9ar03c0","previousOperationId":"nqqi0zipv8a30wr"}
{"type":"log","timestamp":1674764443759,"level":"debug","message":"pdf-utils detected 1 pdf operation(s) to process","meta":{"rootId":"1x0ko05sk6uzupa","id":"1x0ko05sk6uzupa"},"id":"253neridmvk4349","previousOperationId":"h3uqruzo9ar03c0"}
{"type":"log","timestamp":1674764443828,"level":"debug","message":"pdf-utils running pdf operation merge","meta":{"rootId":"1x0ko05sk6uzupa","id":"1x0ko05sk6uzupa"},"id":"8f5hzxetd2owmmm","previousOperationId":"h3uqruzo9ar03c0"}
{"type":"operationStart","subtype":"pdfUtilsMerge","name":"pdf utils merge","previousOperationId":"h3uqruzo9ar03c0","timestamp":1674764443828,"id":"046cld9r9970i39","previousEventId":"ppo84jmwgp28pk4","operationId":"8vmlx0b5s49lz0n"}
{"type":"operationStart","subtype":"render","name":"orders-header","previousOperationId":"8vmlx0b5s49lz0n","timestamp":1674764443829,"id":"x2zmixosa22ofr6","previousEventId":"046cld9r9970i39","operationId":"89zu7k7car184af"}
{"type":"log","timestamp":1674764443829,"level":"info","message":"Starting rendering (child) request","meta":{"rootId":"1x0ko05sk6uzupa","id":"6iehw9ut20at94i"},"id":"pkh43mzz8ocktuu","previousOperationId":"89zu7k7car184af"}
{"type":"log","timestamp":1674764443829,"level":"info","message":"Rendering template { name: orders-header, recipe: chrome-pdf, engine: handlebars, preview: true }","meta":{"rootId":"1x0ko05sk6uzupa","id":"6iehw9ut20at94i"},"id":"tbo0q5buh7fnsep","previousOperationId":"89zu7k7car184af"}
{"type":"log","timestamp":1674764443830,"level":"debug","message":"Inline data specified.","meta":{"rootId":"1x0ko05sk6uzupa","id":"6iehw9ut20at94i"},"id":"218b8yo73ob8n9o","previousOperationId":"89zu7k7car184af"}
{"type":"log","timestamp":1674764443833,"level":"debug","message":"Base url not specified, skipping its injection.","meta":{"rootId":"1x0ko05sk6uzupa","id":"6iehw9ut20at94i"},"id":"mqb66y1rkfnam0j","previousOperationId":"89zu7k7car184af"}
{"type":"operationStart","subtype":"engine","name":"handlebars","timestamp":1674764443833,"id":"ly4ik06k5qdzk64","previousEventId":"x2zmixosa22ofr6","operationId":"fm95jis9a5xrj5p","previousOperationId":"89zu7k7car184af"}
{"type":"log","timestamp":1674764443833,"level":"debug","message":"Rendering engine handlebars","meta":{"rootId":"1x0ko05sk6uzupa","id":"6iehw9ut20at94i"},"id":"5nwvej61sngbsx8","previousOperationId":"fm95jis9a5xrj5p"}
{"type":"operationEnd","operationId":"fm95jis9a5xrj5p","timestamp":1674764443862,"id":"6r4hlc387qestm0","previousEventId":"ly4ik06k5qdzk64","previousOperationId":"fm95jis9a5xrj5p"}
{"type":"operationStart","subtype":"recipe","name":"chrome-pdf","timestamp":1674764443862,"id":"zzopkbvxzb9fmxn","previousEventId":"6r4hlc387qestm0","operationId":"xx0yb8eqhv59kqc","previousOperationId":"fm95jis9a5xrj5p"}
{"type":"log","timestamp":1674764443862,"level":"debug","message":"Executing recipe chrome-pdf","meta":{"rootId":"1x0ko05sk6uzupa","id":"6iehw9ut20at94i"},"id":"xfzj1ptt72cmbk0","previousOperationId":"xx0yb8eqhv59kqc"}
{"type":"log","timestamp":1674764443865,"level":"debug","message":"Converting with chrome HeadlessChrome/105.0.5173.0 using chrome-pool strategy","meta":{"rootId":"1x0ko05sk6uzupa","id":"6iehw9ut20at94i"},"id":"mp8cz4puy6r0mqk","previousOperationId":"xx0yb8eqhv59kqc"}
{"type":"log","timestamp":1674764443978,"level":"debug","message":"Page request: GET (document) file:///C:/Users/alegu/AppData/Local/Temp/jsreport/autocleanup/a9315cf4-f6fd-49b0-b182-3f8b8caa005a-chrome-pdf.html","meta":{"rootId":"1x0ko05sk6uzupa","id":"6iehw9ut20at94i"},"id":"qs7qr60y1zq5xbh","previousOperationId":"xx0yb8eqhv59kqc"}
{"type":"log","timestamp":1674764443990,"level":"debug","message":"Page request finished: GET (document) 200 file:///C:/Users/alegu/AppData/Local/Temp/jsreport/autocleanup/a9315cf4-f6fd-49b0-b182-3f8b8caa005a-chrome-pdf.html","meta":{"rootId":"1x0ko05sk6uzupa","id":"6iehw9ut20at94i"},"id":"c6qs1p9bbrra9q4","previousOperationId":"xx0yb8eqhv59kqc"}
{"type":"log","timestamp":1674764443991,"level":"debug","message":"Page request: GET (stylesheet) https://cdnjs.cloudflare.com/ajax/libs/metro/4.1.5/css/metro.min.css","meta":{"rootId":"1x0ko05sk6uzupa","id":"6iehw9ut20at94i"},"id":"cr4pen7xcno42os","previousOperationId":"xx0yb8eqhv59kqc"}
{"type":"log","timestamp":1674764444016,"level":"debug","message":"Page request finished: GET (stylesheet) 200 https://cdnjs.cloudflare.com/ajax/libs/metro/4.1.5/css/metro.min.css","meta":{"rootId":"1x0ko05sk6uzupa","id":"6iehw9ut20at94i"},"id":"ufx43yo3rkkqagg","previousOperationId":"xx0yb8eqhv59kqc"}
{"type":"log","timestamp":1674764444047,"level":"debug","message":"Running chrome with params {\"printBackground\":true,\"marginTop\":\"1.5cm\",\"marginRight\":\"1.5cm\",\"marginLeft\":\"1.cm\",\"timeout\":57319,\"margin\":{\"top\":\"1.5cm\",\"right\":\"1.5cm\",\"left\":\"1.cm\"}}","meta":{"rootId":"1x0ko05sk6uzupa","id":"6iehw9ut20at94i"},"id":"xwdj1q5810b23fs","previousOperationId":"xx0yb8eqhv59kqc"}
{"type":"operationEnd","operationId":"xx0yb8eqhv59kqc","timestamp":1674764444136,"id":"fcj6q8n6q4goot3","previousEventId":"zzopkbvxzb9fmxn","previousOperationId":"xx0yb8eqhv59kqc"}
{"type":"log","timestamp":1674764444137,"level":"debug","message":"Skipping storing report.","meta":{"rootId":"1x0ko05sk6uzupa","id":"6iehw9ut20at94i"},"id":"kl4jydsalibvia9","previousOperationId":"xx0yb8eqhv59kqc"}
{"type":"log","timestamp":1674764444137,"level":"info","message":"Rendering (child) request finished in 2954 ms","meta":{"rootId":"1x0ko05sk6uzupa","id":"6iehw9ut20at94i"},"id":"yuz78yo6cpffz0b","previousOperationId":"xx0yb8eqhv59kqc"}
{"type":"operationEnd","subtype":"render","operationId":"89zu7k7car184af","timestamp":1674764444137,"id":"4hk9chg93ef5oxp","previousEventId":"fcj6q8n6q4goot3","previousOperationId":"xx0yb8eqhv59kqc"}
{"type":"operationEnd","operationId":"8vmlx0b5s49lz0n","timestamp":1674764444159,"id":"q9cr9m3jcz9jvxc","previousEventId":"046cld9r9970i39","previousOperationId":"8vmlx0b5s49lz0n"}
{"type":"log","timestamp":1674764444159,"level":"debug","message":"pdf-utils postproces start","meta":{"rootId":"1x0ko05sk6uzupa","id":"1x0ko05sk6uzupa"},"id":"pla9qblxhl0estq","previousOperationId":"8vmlx0b5s49lz0n"}
{"type":"log","timestamp":1674764444188,"level":"debug","message":"pdf-utils postproces end","meta":{"rootId":"1x0ko05sk6uzupa","id":"1x0ko05sk6uzupa"},"id":"38o680y9yw2zafd","previousOperationId":"8vmlx0b5s49lz0n"}
{"type":"operationEnd","operationId":"h3uqruzo9ar03c0","timestamp":1674764444188,"id":"1zrrnqvyl6li15f","previousEventId":"q9cr9m3jcz9jvxc","previousOperationId":"8vmlx0b5s49lz0n"}
{"type":"log","timestamp":1674764444188,"level":"info","message":"pdf-utils pdf processing was finished","meta":{"rootId":"1x0ko05sk6uzupa","id":"1x0ko05sk6uzupa"},"id":"xc40jhipxxwyjuo","previousOperationId":"h3uqruzo9ar03c0"}
{"type":"log","timestamp":1674764444188,"level":"debug","message":"Skipping storing report.","meta":{"rootId":"1x0ko05sk6uzupa","id":"1x0ko05sk6uzupa"},"id":"ebrhz7t5lu5r6qm","previousOperationId":"h3uqruzo9ar03c0"}
{"type":"log","timestamp":1674764444188,"level":"info","message":"Rendering request 16 finished in 3005 ms","meta":{"rootId":"1x0ko05sk6uzupa","id":"1x0ko05sk6uzupa"},"id":"a0fmjgf2px39jdj","previousOperationId":"h3uqruzo9ar03c0"}
{"type":"operationEnd","subtype":"render","operationId":"ilaqbiczaogn48u","timestamp":1674764444189,"id":"rsoac3hrrt3poqt","previousEventId":"1zrrnqvyl6li15f","previousOperationId":"h3uqruzo9ar03c0"}
{"type":"operationEnd","doDiffs":false,"previousEventId":"2lcjjwbu99m0njj","previousOperationId":"ozl6rcrlimcb6fr","operationId":"ozl6rcrlimcb6fr","timestamp":1674764444205,"id":"bn7n0bzupqm3hc3"}
