{"type":"operationStart","subtype":"profile","data":{"_id":"6fGjJs7rDpH6QyPu","timestamp":"2023-01-26T19:58:00.488Z","state":"queued","mode":"standard","creationDate":"2023-01-26T19:58:00.494Z","modificationDate":"2023-01-26T19:58:00.494Z","shortid":"R-DEEMd","$entitySet":"profiles"},"doDiffs":false,"timestamp":1674763080491,"id":"pm5chirxlyam6j6","previousOperationId":null,"operationId":"dgx3dyndpzls9g8"}
{"type":"log","level":"info","message":"Render request 1 queued for execution and waiting for available worker","previousOperationId":"dgx3dyndpzls9g8","timestamp":1674763080492,"id":"tweid5qutci6wtw"}
{"type":"operationStart","subtype":"render","name":"orders-main","previousOperationId":"dgx3dyndpzls9g8","timestamp":1674763080524,"id":"93zqqvyka3vuh7l","previousEventId":"pm5chirxlyam6j6","operationId":"iqfint3dtef26ap"}
{"type":"log","timestamp":1674763080526,"level":"info","message":"Starting rendering request 1","meta":{"rootId":"1xft52e6n5q5jx2","id":"1xft52e6n5q5jx2"},"id":"4zvcv5j1szivu07","previousOperationId":"iqfint3dtef26ap"}
{"type":"log","timestamp":1674763080527,"level":"info","message":"Rendering template { name: orders-main, recipe: chrome-pdf, engine: handlebars, preview: true }","meta":{"rootId":"1xft52e6n5q5jx2","id":"1xft52e6n5q5jx2"},"id":"abkmwotpy2j6gvb","previousOperationId":"iqfint3dtef26ap"}
{"type":"log","timestamp":1674763080533,"level":"debug","message":"Data item not defined for this template.","meta":{"rootId":"1xft52e6n5q5jx2","id":"1xft52e6n5q5jx2"},"id":"4114oqlmt0xj3b8","previousOperationId":"iqfint3dtef26ap"}
{"type":"log","timestamp":1674763080545,"level":"debug","message":"Executing script orders-script (beforeRender)","meta":{"rootId":"1xft52e6n5q5jx2","id":"1xft52e6n5q5jx2"},"id":"3qwjcegm1b702hz","previousOperationId":"iqfint3dtef26ap"}
{"type":"operationStart","subtype":"scriptsBeforeRender","name":"scripts beforeRender","timestamp":1674763080858,"id":"unkq27k3szvepwh","previousEventId":"93zqqvyka3vuh7l","operationId":"9pjymhwrqiw04sc","previousOperationId":"iqfint3dtef26ap"}
{"type":"operationStart","subtype":"script","name":"scripts orders-script","previousOperationId":"9pjymhwrqiw04sc","timestamp":1674763080858,"id":"97h216vhttszh0b","previousEventId":"unkq27k3szvepwh","operationId":"oyhstz0u90fj2fz"}
{"type":"operationEnd","operationId":"oyhstz0u90fj2fz","timestamp":1674763082339,"id":"nojc6eps1y58f42","previousEventId":"93zqqvyka3vuh7l","previousOperationId":"iqfint3dtef26ap"}
{"type":"operationEnd","operationId":"9pjymhwrqiw04sc","timestamp":1674763082339,"id":"qrrwt04vhck8ud1","previousEventId":"nojc6eps1y58f42","previousOperationId":"iqfint3dtef26ap"}
{"type":"log","timestamp":1674763082339,"level":"debug","message":"Base url not specified, skipping its injection.","meta":{"rootId":"1xft52e6n5q5jx2","id":"1xft52e6n5q5jx2"},"id":"aao4pyn9lr7d8zv","previousOperationId":"9pjymhwrqiw04sc"}
{"type":"operationStart","subtype":"engine","name":"handlebars","timestamp":1674763082340,"id":"gz72yvw0pikb0tg","previousEventId":"qrrwt04vhck8ud1","operationId":"0vhdbc9jerefw8f","previousOperationId":"9pjymhwrqiw04sc"}
{"type":"log","timestamp":1674763082340,"level":"debug","message":"Rendering engine handlebars","meta":{"rootId":"1xft52e6n5q5jx2","id":"1xft52e6n5q5jx2"},"id":"50oqv992zzv03lx","previousOperationId":"0vhdbc9jerefw8f"}
{"type":"log","timestamp":1674763083981,"level":"debug","message":"(console:log) Pdf utils adding group field, value: \"France\"","meta":{"userLevel":true,"rootId":"1xft52e6n5q5jx2","id":"1xft52e6n5q5jx2"},"id":"1ray777a0f6jjr4","previousOperationId":"0vhdbc9jerefw8f"}
{"type":"log","timestamp":1674763083982,"level":"debug","message":"(console:log) Pdf utils adding group field, value: \"Germany\"","meta":{"userLevel":true,"rootId":"1xft52e6n5q5jx2","id":"1xft52e6n5q5jx2"},"id":"s76ei61bbo4e8d2","previousOperationId":"0vhdbc9jerefw8f"}
{"type":"operationEnd","operationId":"0vhdbc9jerefw8f","timestamp":1674763083982,"id":"fljrdz0bf4u73vw","previousEventId":"gz72yvw0pikb0tg","previousOperationId":"0vhdbc9jerefw8f"}
{"type":"operationStart","subtype":"recipe","name":"chrome-pdf","timestamp":1674763083983,"id":"i7nezl0l0416i36","previousEventId":"fljrdz0bf4u73vw","operationId":"cxtrzlhpnw204ob","previousOperationId":"0vhdbc9jerefw8f"}
{"type":"log","timestamp":1674763083983,"level":"debug","message":"Executing recipe chrome-pdf","meta":{"rootId":"1xft52e6n5q5jx2","id":"1xft52e6n5q5jx2"},"id":"8hy2oi9wsaw7hat","previousOperationId":"cxtrzlhpnw204ob"}
{"type":"log","timestamp":1674763086730,"level":"debug","message":"Converting with chrome HeadlessChrome/105.0.5173.0 using chrome-pool strategy","meta":{"rootId":"1xft52e6n5q5jx2","id":"1xft52e6n5q5jx2"},"id":"amjva8xxc3jpbrq","previousOperationId":"cxtrzlhpnw204ob"}
{"type":"log","timestamp":1674763089342,"level":"debug","message":"Page request: GET (document) file:///C:/Users/alegu/AppData/Local/Temp/jsreport/autocleanup/b3dfdd67-5d1f-4dcf-9f01-6952401cc54e-chrome-pdf.html","meta":{"rootId":"1xft52e6n5q5jx2","id":"1xft52e6n5q5jx2"},"id":"gvhkz8vo4zyssqd","previousOperationId":"cxtrzlhpnw204ob"}
{"type":"log","timestamp":1674763089369,"level":"debug","message":"Page request finished: GET (document) 200 file:///C:/Users/alegu/AppData/Local/Temp/jsreport/autocleanup/b3dfdd67-5d1f-4dcf-9f01-6952401cc54e-chrome-pdf.html","meta":{"rootId":"1xft52e6n5q5jx2","id":"1xft52e6n5q5jx2"},"id":"1wwgavrx3iv0kih","previousOperationId":"cxtrzlhpnw204ob"}
{"type":"log","timestamp":1674763089369,"level":"debug","message":"Page request: GET (stylesheet) https://cdnjs.cloudflare.com/ajax/libs/metro/4.1.5/css/metro.min.css","meta":{"rootId":"1xft52e6n5q5jx2","id":"1xft52e6n5q5jx2"},"id":"jqyxer3ptmt4urs","previousOperationId":"cxtrzlhpnw204ob"}
{"type":"log","timestamp":1674763089370,"level":"debug","message":"Page request: GET (script) https://cdnjs.cloudflare.com/ajax/libs/Chart.js/2.7.2/Chart.min.js","meta":{"rootId":"1xft52e6n5q5jx2","id":"1xft52e6n5q5jx2"},"id":"g8osnclradsaelv","previousOperationId":"cxtrzlhpnw204ob"}
{"type":"log","timestamp":1674763092258,"level":"debug","message":"Page request finished: GET (stylesheet) 200 https://cdnjs.cloudflare.com/ajax/libs/metro/4.1.5/css/metro.min.css","meta":{"rootId":"1xft52e6n5q5jx2","id":"1xft52e6n5q5jx2"},"id":"yx18cb5sxvs01rg","previousOperationId":"cxtrzlhpnw204ob"}
{"type":"log","timestamp":1674763092274,"level":"debug","message":"Page request finished: GET (script) 200 https://cdnjs.cloudflare.com/ajax/libs/Chart.js/2.7.2/Chart.min.js","meta":{"rootId":"1xft52e6n5q5jx2","id":"1xft52e6n5q5jx2"},"id":"5dvk3evl30lnts3","previousOperationId":"cxtrzlhpnw204ob"}
{"type":"log","timestamp":1674763092413,"level":"debug","message":"Running chrome with params {\"printBackground\":true,\"marginTop\":\"4cm\",\"marginRight\":\"1.5cm\",\"marginBottom\":\"1.5cm\",\"marginLeft\":\"1.5cm\",\"waitForJS\":false,\"timeout\":56316,\"margin\":{\"top\":\"4cm\",\"right\":\"1.5cm\",\"bottom\":\"1.5cm\",\"left\":\"1.5cm\"}}","meta":{"rootId":"1xft52e6n5q5jx2","id":"1xft52e6n5q5jx2"},"id":"xj48ultjb46qz38","previousOperationId":"cxtrzlhpnw204ob"}
{"type":"operationEnd","operationId":"cxtrzlhpnw204ob","timestamp":1674763092688,"id":"4a2956qv5uknbge","previousEventId":"i7nezl0l0416i36","previousOperationId":"cxtrzlhpnw204ob"}
{"type":"log","timestamp":1674763092689,"level":"info","message":"pdf-utils is starting pdf processing","meta":{"rootId":"1xft52e6n5q5jx2","id":"1xft52e6n5q5jx2"},"id":"kuz10idywg2p3l6","previousOperationId":"cxtrzlhpnw204ob"}
{"type":"operationStart","subtype":"pdfUtils","name":"pdf utils","timestamp":1674763096675,"id":"yiccsl7ykvx3dke","previousEventId":"4a2956qv5uknbge","operationId":"y03mbbpj01odfro","previousOperationId":"cxtrzlhpnw204ob"}
{"type":"log","timestamp":1674763096676,"level":"debug","message":"pdf-utils detected 1 pdf operation(s) to process","meta":{"rootId":"1xft52e6n5q5jx2","id":"1xft52e6n5q5jx2"},"id":"9v8afhg6m6mjd4l","previousOperationId":"y03mbbpj01odfro"}
{"type":"log","timestamp":1674763097488,"level":"debug","message":"pdf-utils running pdf operation merge","meta":{"rootId":"1xft52e6n5q5jx2","id":"1xft52e6n5q5jx2"},"id":"nxhhjpolujqts19","previousOperationId":"y03mbbpj01odfro"}
{"type":"operationStart","subtype":"pdfUtilsMerge","name":"pdf utils merge","previousOperationId":"y03mbbpj01odfro","timestamp":1674763097488,"id":"cnpplpok5xwdl12","previousEventId":"yiccsl7ykvx3dke","operationId":"ubxzt380axfgy4v"}
{"type":"operationStart","subtype":"render","name":"orders-header","previousOperationId":"ubxzt380axfgy4v","timestamp":1674763097492,"id":"fevv5ax4hayndaj","previousEventId":"cnpplpok5xwdl12","operationId":"xrh7s48u9qxhk5r"}
{"type":"log","timestamp":1674763097493,"level":"info","message":"Starting rendering (child) request","meta":{"rootId":"1xft52e6n5q5jx2","id":"yoyswm497u5u7n6"},"id":"zizyuo2knvwx0k0","previousOperationId":"xrh7s48u9qxhk5r"}
{"type":"log","timestamp":1674763097493,"level":"info","message":"Rendering template { name: orders-header, recipe: chrome-pdf, engine: handlebars, preview: true }","meta":{"rootId":"1xft52e6n5q5jx2","id":"yoyswm497u5u7n6"},"id":"pcu2snu29pnb7a1","previousOperationId":"xrh7s48u9qxhk5r"}
{"type":"log","timestamp":1674763097540,"level":"debug","message":"Inline data specified.","meta":{"rootId":"1xft52e6n5q5jx2","id":"yoyswm497u5u7n6"},"id":"4d0e8lj8i1qjg67","previousOperationId":"xrh7s48u9qxhk5r"}
{"type":"log","timestamp":1674763097545,"level":"debug","message":"Base url not specified, skipping its injection.","meta":{"rootId":"1xft52e6n5q5jx2","id":"yoyswm497u5u7n6"},"id":"royj1s9gzald1pa","previousOperationId":"xrh7s48u9qxhk5r"}
{"type":"operationStart","subtype":"engine","name":"handlebars","timestamp":1674763097546,"id":"y04uoyez1jgs7kj","previousEventId":"fevv5ax4hayndaj","operationId":"fhrq1gxbggj55vo","previousOperationId":"xrh7s48u9qxhk5r"}
{"type":"log","timestamp":1674763097546,"level":"debug","message":"Rendering engine handlebars","meta":{"rootId":"1xft52e6n5q5jx2","id":"yoyswm497u5u7n6"},"id":"8evqefqaj29p71i","previousOperationId":"fhrq1gxbggj55vo"}
{"type":"operationEnd","operationId":"fhrq1gxbggj55vo","timestamp":1674763097937,"id":"nhe6l5o8segzadw","previousEventId":"y04uoyez1jgs7kj","previousOperationId":"fhrq1gxbggj55vo"}
{"type":"operationStart","subtype":"recipe","name":"chrome-pdf","timestamp":1674763097938,"id":"f2v9g3zfohaqlj8","previousEventId":"nhe6l5o8segzadw","operationId":"uwxzj14v4vaow5i","previousOperationId":"fhrq1gxbggj55vo"}
{"type":"log","timestamp":1674763097938,"level":"debug","message":"Executing recipe chrome-pdf","meta":{"rootId":"1xft52e6n5q5jx2","id":"yoyswm497u5u7n6"},"id":"xtjhjwqfmm7cqgc","previousOperationId":"uwxzj14v4vaow5i"}
{"type":"log","timestamp":1674763097945,"level":"debug","message":"Converting with chrome HeadlessChrome/105.0.5173.0 using chrome-pool strategy","meta":{"rootId":"1xft52e6n5q5jx2","id":"yoyswm497u5u7n6"},"id":"bccwv3lazznh7gk","previousOperationId":"uwxzj14v4vaow5i"}
{"type":"log","timestamp":1674763098075,"level":"debug","message":"Page request: GET (document) file:///C:/Users/alegu/AppData/Local/Temp/jsreport/autocleanup/c5519888-cdd2-4140-8afe-8b489805bbb8-chrome-pdf.html","meta":{"rootId":"1xft52e6n5q5jx2","id":"yoyswm497u5u7n6"},"id":"620srvfhmxs3ywa","previousOperationId":"uwxzj14v4vaow5i"}
{"type":"log","timestamp":1674763098149,"level":"debug","message":"Page request finished: GET (document) 200 file:///C:/Users/alegu/AppData/Local/Temp/jsreport/autocleanup/c5519888-cdd2-4140-8afe-8b489805bbb8-chrome-pdf.html","meta":{"rootId":"1xft52e6n5q5jx2","id":"yoyswm497u5u7n6"},"id":"gb0gidgk9759ve0","previousOperationId":"uwxzj14v4vaow5i"}
{"type":"log","timestamp":1674763098151,"level":"debug","message":"Page request: GET (stylesheet) https://cdnjs.cloudflare.com/ajax/libs/metro/4.1.5/css/metro.min.css","meta":{"rootId":"1xft52e6n5q5jx2","id":"yoyswm497u5u7n6"},"id":"subl83t7b0icz5g","previousOperationId":"uwxzj14v4vaow5i"}
{"type":"log","timestamp":1674763098206,"level":"debug","message":"Page request finished: GET (stylesheet) 200 https://cdnjs.cloudflare.com/ajax/libs/metro/4.1.5/css/metro.min.css","meta":{"rootId":"1xft52e6n5q5jx2","id":"yoyswm497u5u7n6"},"id":"js1z24co5lv15qh","previousOperationId":"uwxzj14v4vaow5i"}
{"type":"log","timestamp":1674763098240,"level":"debug","message":"Running chrome with params {\"printBackground\":true,\"marginTop\":\"1.5cm\",\"marginRight\":\"1.5cm\",\"marginLeft\":\"1.cm\",\"timeout\":42544,\"margin\":{\"top\":\"1.5cm\",\"right\":\"1.5cm\",\"left\":\"1.cm\"}}","meta":{"rootId":"1xft52e6n5q5jx2","id":"yoyswm497u5u7n6"},"id":"ci0ez0ob5ocgn4q","previousOperationId":"uwxzj14v4vaow5i"}
{"type":"operationEnd","operationId":"uwxzj14v4vaow5i","timestamp":1674763098338,"id":"opewx6c51j3m9d6","previousEventId":"f2v9g3zfohaqlj8","previousOperationId":"uwxzj14v4vaow5i"}
{"type":"log","timestamp":1674763098339,"level":"debug","message":"Skipping storing report.","meta":{"rootId":"1xft52e6n5q5jx2","id":"yoyswm497u5u7n6"},"id":"9ou7yvhkvtmfmf5","previousOperationId":"uwxzj14v4vaow5i"}
{"type":"log","timestamp":1674763098349,"level":"info","message":"Rendering (child) request finished in 17861 ms","meta":{"rootId":"1xft52e6n5q5jx2","id":"yoyswm497u5u7n6"},"id":"ht4ll6g3waodu2v","previousOperationId":"uwxzj14v4vaow5i"}
{"type":"operationEnd","subtype":"render","operationId":"xrh7s48u9qxhk5r","timestamp":1674763098349,"id":"8avo80odamyzw5s","previousEventId":"opewx6c51j3m9d6","previousOperationId":"uwxzj14v4vaow5i"}
{"type":"operationEnd","operationId":"ubxzt380axfgy4v","timestamp":1674763098470,"id":"lgoelp08ljx3vfc","previousEventId":"cnpplpok5xwdl12","previousOperationId":"ubxzt380axfgy4v"}
{"type":"log","timestamp":1674763098470,"level":"debug","message":"pdf-utils postproces start","meta":{"rootId":"1xft52e6n5q5jx2","id":"1xft52e6n5q5jx2"},"id":"c9g14p1ttan7imd","previousOperationId":"ubxzt380axfgy4v"}
{"type":"log","timestamp":1674763098514,"level":"debug","message":"pdf-utils postproces end","meta":{"rootId":"1xft52e6n5q5jx2","id":"1xft52e6n5q5jx2"},"id":"w6xepxy21dumcy0","previousOperationId":"ubxzt380axfgy4v"}
{"type":"operationEnd","operationId":"y03mbbpj01odfro","timestamp":1674763098514,"id":"n67n5jjglognlhj","previousEventId":"lgoelp08ljx3vfc","previousOperationId":"ubxzt380axfgy4v"}
{"type":"log","timestamp":1674763098515,"level":"info","message":"pdf-utils pdf processing was finished","meta":{"rootId":"1xft52e6n5q5jx2","id":"1xft52e6n5q5jx2"},"id":"s2izcirs5fwsoz3","previousOperationId":"y03mbbpj01odfro"}
{"type":"log","timestamp":1674763098515,"level":"debug","message":"Skipping storing report.","meta":{"rootId":"1xft52e6n5q5jx2","id":"1xft52e6n5q5jx2"},"id":"bsauqc8mkoxvwex","previousOperationId":"y03mbbpj01odfro"}
{"type":"log","timestamp":1674763098515,"level":"info","message":"Rendering request 1 finished in 18028 ms","meta":{"rootId":"1xft52e6n5q5jx2","id":"1xft52e6n5q5jx2"},"id":"k5o6k1mzb955obn","previousOperationId":"y03mbbpj01odfro"}
{"type":"operationEnd","subtype":"render","operationId":"iqfint3dtef26ap","timestamp":1674763098515,"id":"copdsv5tguo0ag4","previousEventId":"n67n5jjglognlhj","previousOperationId":"y03mbbpj01odfro"}
{"type":"operationEnd","doDiffs":false,"previousEventId":"pm5chirxlyam6j6","previousOperationId":"dgx3dyndpzls9g8","operationId":"dgx3dyndpzls9g8","timestamp":1674763098543,"id":"0wyxjc7wpkzewg1"}
