{"type":"operationStart","subtype":"profile","data":{"_id":"93vtyqskq1bVrlyB","timestamp":"2023-01-26T20:06:44.469Z","state":"queued","mode":"standard","creationDate":"2023-01-26T20:06:44.472Z","modificationDate":"2023-01-26T20:06:44.472Z","shortid":"TrgMPpM","$entitySet":"profiles"},"doDiffs":false,"timestamp":1674763604471,"id":"xbh1w7c8ntrgjoc","previousOperationId":null,"operationId":"pg4u4g0sivl38f2"}
{"type":"log","level":"info","message":"Render request 9 queued for execution and waiting for available worker","previousOperationId":"pg4u4g0sivl38f2","timestamp":1674763604471,"id":"xnwk4gu8o2d9ueq"}
{"type":"operationStart","subtype":"render","name":"orders-main","previousOperationId":"pg4u4g0sivl38f2","timestamp":1674763604484,"id":"t7kyo2tenq9xxs1","previousEventId":"xbh1w7c8ntrgjoc","operationId":"dgynhx963iafj27"}
{"type":"log","timestamp":1674763604485,"level":"info","message":"Starting rendering request 9","meta":{"rootId":"7u9t1ezlgq89ctd","id":"7u9t1ezlgq89ctd"},"id":"vptajuxrivot5sr","previousOperationId":"dgynhx963iafj27"}
{"type":"log","timestamp":1674763604485,"level":"info","message":"Rendering template { name: orders-main, recipe: chrome-pdf, engine: handlebars, preview: true }","meta":{"rootId":"7u9t1ezlgq89ctd","id":"7u9t1ezlgq89ctd"},"id":"drhqqzd4xxryig6","previousOperationId":"dgynhx963iafj27"}
{"type":"log","timestamp":1674763604502,"level":"debug","message":"Data item not defined for this template.","meta":{"rootId":"7u9t1ezlgq89ctd","id":"7u9t1ezlgq89ctd"},"id":"k694dwbkcbfkbux","previousOperationId":"dgynhx963iafj27"}
{"type":"log","timestamp":1674763604506,"level":"debug","message":"Executing script orders-script (beforeRender)","meta":{"rootId":"7u9t1ezlgq89ctd","id":"7u9t1ezlgq89ctd"},"id":"q6poknm7cx8qbl2","previousOperationId":"dgynhx963iafj27"}
{"type":"operationStart","subtype":"scriptsBeforeRender","name":"scripts beforeRender","timestamp":1674763604521,"id":"j5l4rr0ya2fgen2","previousEventId":"t7kyo2tenq9xxs1","operationId":"z13szetg5oiriya","previousOperationId":"dgynhx963iafj27"}
{"type":"operationStart","subtype":"script","name":"scripts orders-script","previousOperationId":"z13szetg5oiriya","timestamp":1674763604521,"id":"phxw8l7st0h960t","previousEventId":"j5l4rr0ya2fgen2","operationId":"xklv36txmyup5m5"}
{"type":"operationEnd","operationId":"xklv36txmyup5m5","timestamp":1674763605846,"id":"ieqgea3lth3w8um","previousEventId":"t7kyo2tenq9xxs1","previousOperationId":"dgynhx963iafj27"}
{"type":"operationEnd","operationId":"z13szetg5oiriya","timestamp":1674763605846,"id":"0e4prbqnf7xx1un","previousEventId":"ieqgea3lth3w8um","previousOperationId":"dgynhx963iafj27"}
{"type":"log","timestamp":1674763605846,"level":"debug","message":"Base url not specified, skipping its injection.","meta":{"rootId":"7u9t1ezlgq89ctd","id":"7u9t1ezlgq89ctd"},"id":"hgc56zbni47b3az","previousOperationId":"z13szetg5oiriya"}
{"type":"operationStart","subtype":"engine","name":"handlebars","timestamp":1674763605846,"id":"gsf48ntlbks4cy0","previousEventId":"0e4prbqnf7xx1un","operationId":"r3d7jo5dtzst035","previousOperationId":"z13szetg5oiriya"}
{"type":"log","timestamp":1674763605846,"level":"debug","message":"Rendering engine handlebars","meta":{"rootId":"7u9t1ezlgq89ctd","id":"7u9t1ezlgq89ctd"},"id":"ct0fryo21kz3cxg","previousOperationId":"r3d7jo5dtzst035"}
{"type":"log","timestamp":1674763605871,"level":"debug","message":"(console:log) Pdf utils adding group field, value: \"France\"","meta":{"userLevel":true,"rootId":"7u9t1ezlgq89ctd","id":"7u9t1ezlgq89ctd"},"id":"q0rqi52rohuqh9s","previousOperationId":"r3d7jo5dtzst035"}
{"type":"log","timestamp":1674763605872,"level":"debug","message":"(console:log) Pdf utils adding group field, value: \"Germany\"","meta":{"userLevel":true,"rootId":"7u9t1ezlgq89ctd","id":"7u9t1ezlgq89ctd"},"id":"42i1z8xmivfti9h","previousOperationId":"r3d7jo5dtzst035"}
{"type":"operationEnd","operationId":"r3d7jo5dtzst035","timestamp":1674763605872,"id":"pn6t1h6jqwqc4la","previousEventId":"gsf48ntlbks4cy0","previousOperationId":"r3d7jo5dtzst035"}
{"type":"operationStart","subtype":"recipe","name":"chrome-pdf","timestamp":1674763605873,"id":"mlanirwfhsf97pe","previousEventId":"pn6t1h6jqwqc4la","operationId":"9g3gu4uuydil0jx","previousOperationId":"r3d7jo5dtzst035"}
{"type":"log","timestamp":1674763605873,"level":"debug","message":"Executing recipe chrome-pdf","meta":{"rootId":"7u9t1ezlgq89ctd","id":"7u9t1ezlgq89ctd"},"id":"rv94jrewcqlcwjn","previousOperationId":"9g3gu4uuydil0jx"}
{"type":"log","timestamp":1674763605876,"level":"debug","message":"Converting with chrome HeadlessChrome/105.0.5173.0 using chrome-pool strategy","meta":{"rootId":"7u9t1ezlgq89ctd","id":"7u9t1ezlgq89ctd"},"id":"av6a98j6m4tiko3","previousOperationId":"9g3gu4uuydil0jx"}
{"type":"log","timestamp":1674763606004,"level":"debug","message":"Page request: GET (document) file:///C:/Users/alegu/AppData/Local/Temp/jsreport/autocleanup/a8e892c1-6e7e-424f-ae6b-caaa039bbccf-chrome-pdf.html","meta":{"rootId":"7u9t1ezlgq89ctd","id":"7u9t1ezlgq89ctd"},"id":"0cuuaqyj2wzpwc3","previousOperationId":"9g3gu4uuydil0jx"}
{"type":"log","timestamp":1674763606019,"level":"debug","message":"Page request finished: GET (document) 200 file:///C:/Users/alegu/AppData/Local/Temp/jsreport/autocleanup/a8e892c1-6e7e-424f-ae6b-caaa039bbccf-chrome-pdf.html","meta":{"rootId":"7u9t1ezlgq89ctd","id":"7u9t1ezlgq89ctd"},"id":"bmv3yj0hqcgfks2","previousOperationId":"9g3gu4uuydil0jx"}
{"type":"log","timestamp":1674763606019,"level":"debug","message":"Page request: GET (stylesheet) https://cdnjs.cloudflare.com/ajax/libs/metro/4.1.5/css/metro.min.css","meta":{"rootId":"7u9t1ezlgq89ctd","id":"7u9t1ezlgq89ctd"},"id":"m0l6xwzr85qkb63","previousOperationId":"9g3gu4uuydil0jx"}
{"type":"log","timestamp":1674763606020,"level":"debug","message":"Page request: GET (script) https://cdnjs.cloudflare.com/ajax/libs/Chart.js/2.7.2/Chart.min.js","meta":{"rootId":"7u9t1ezlgq89ctd","id":"7u9t1ezlgq89ctd"},"id":"zzbd6cx10o60fyz","previousOperationId":"9g3gu4uuydil0jx"}
{"type":"log","timestamp":1674763606028,"level":"debug","message":"Page request finished: GET (script) 200 https://cdnjs.cloudflare.com/ajax/libs/Chart.js/2.7.2/Chart.min.js","meta":{"rootId":"7u9t1ezlgq89ctd","id":"7u9t1ezlgq89ctd"},"id":"an79v4a9fk6418s","previousOperationId":"9g3gu4uuydil0jx"}
{"type":"log","timestamp":1674763606048,"level":"debug","message":"Page request finished: GET (stylesheet) 200 https://cdnjs.cloudflare.com/ajax/libs/metro/4.1.5/css/metro.min.css","meta":{"rootId":"7u9t1ezlgq89ctd","id":"7u9t1ezlgq89ctd"},"id":"7f63vjp69td8uo6","previousOperationId":"9g3gu4uuydil0jx"}
{"type":"log","timestamp":1674763606168,"level":"debug","message":"Running chrome with params {\"printBackground\":true,\"marginTop\":\"4cm\",\"marginRight\":\"1.5cm\",\"marginBottom\":\"1.5cm\",\"marginLeft\":\"1.5cm\",\"waitForJS\":false,\"timeout\":58594,\"margin\":{\"top\":\"4cm\",\"right\":\"1.5cm\",\"bottom\":\"1.5cm\",\"left\":\"1.5cm\"}}","meta":{"rootId":"7u9t1ezlgq89ctd","id":"7u9t1ezlgq89ctd"},"id":"8s164ahzf4rz3en","previousOperationId":"9g3gu4uuydil0jx"}
{"type":"operationEnd","operationId":"9g3gu4uuydil0jx","timestamp":1674763606393,"id":"c98gt7srhwnrmwu","previousEventId":"mlanirwfhsf97pe","previousOperationId":"9g3gu4uuydil0jx"}
{"type":"log","timestamp":1674763606393,"level":"info","message":"pdf-utils is starting pdf processing","meta":{"rootId":"7u9t1ezlgq89ctd","id":"7u9t1ezlgq89ctd"},"id":"lamr8nezb32w1hn","previousOperationId":"9g3gu4uuydil0jx"}
{"type":"operationStart","subtype":"pdfUtils","name":"pdf utils","timestamp":1674763606393,"id":"ojlj6dm569zrrrj","previousEventId":"c98gt7srhwnrmwu","operationId":"ec42lzvyqc5v0ep","previousOperationId":"9g3gu4uuydil0jx"}
{"type":"log","timestamp":1674763606393,"level":"debug","message":"pdf-utils detected 1 pdf operation(s) to process","meta":{"rootId":"7u9t1ezlgq89ctd","id":"7u9t1ezlgq89ctd"},"id":"yi8mi2c2vn0p7lz","previousOperationId":"ec42lzvyqc5v0ep"}
{"type":"log","timestamp":1674763606446,"level":"debug","message":"pdf-utils running pdf operation merge","meta":{"rootId":"7u9t1ezlgq89ctd","id":"7u9t1ezlgq89ctd"},"id":"9gjyvvgxbgthd1x","previousOperationId":"ec42lzvyqc5v0ep"}
{"type":"operationStart","subtype":"pdfUtilsMerge","name":"pdf utils merge","previousOperationId":"ec42lzvyqc5v0ep","timestamp":1674763606446,"id":"48563ykno9z4ghr","previousEventId":"ojlj6dm569zrrrj","operationId":"avpositsnny1mn7"}
{"type":"operationStart","subtype":"render","name":"orders-header","previousOperationId":"avpositsnny1mn7","timestamp":1674763606448,"id":"rjvbxz9d0eypaa8","previousEventId":"48563ykno9z4ghr","operationId":"kay5i1hn0v2ureg"}
{"type":"log","timestamp":1674763606448,"level":"info","message":"Starting rendering (child) request","meta":{"rootId":"7u9t1ezlgq89ctd","id":"pyptpovhzf9vj2q"},"id":"q59az71gkvn71zi","previousOperationId":"kay5i1hn0v2ureg"}
{"type":"log","timestamp":1674763606448,"level":"info","message":"Rendering template { name: orders-header, recipe: chrome-pdf, engine: handlebars, preview: true }","meta":{"rootId":"7u9t1ezlgq89ctd","id":"pyptpovhzf9vj2q"},"id":"7kf8f8yffgqggtv","previousOperationId":"kay5i1hn0v2ureg"}
{"type":"log","timestamp":1674763606450,"level":"debug","message":"Inline data specified.","meta":{"rootId":"7u9t1ezlgq89ctd","id":"pyptpovhzf9vj2q"},"id":"h78ttze3gojt2mt","previousOperationId":"kay5i1hn0v2ureg"}
{"type":"log","timestamp":1674763606454,"level":"debug","message":"Base url not specified, skipping its injection.","meta":{"rootId":"7u9t1ezlgq89ctd","id":"pyptpovhzf9vj2q"},"id":"ltqx7uudh2szajr","previousOperationId":"kay5i1hn0v2ureg"}
{"type":"operationStart","subtype":"engine","name":"handlebars","timestamp":1674763606454,"id":"0m8ciu16bx5bvvu","previousEventId":"rjvbxz9d0eypaa8","operationId":"lfi40nn4yb7ybbl","previousOperationId":"kay5i1hn0v2ureg"}
{"type":"log","timestamp":1674763606454,"level":"debug","message":"Rendering engine handlebars","meta":{"rootId":"7u9t1ezlgq89ctd","id":"pyptpovhzf9vj2q"},"id":"jb99khf4ayrb0xm","previousOperationId":"lfi40nn4yb7ybbl"}
{"type":"operationEnd","operationId":"lfi40nn4yb7ybbl","timestamp":1674763606489,"id":"vqjrns634cr12x2","previousEventId":"0m8ciu16bx5bvvu","previousOperationId":"lfi40nn4yb7ybbl"}
{"type":"operationStart","subtype":"recipe","name":"chrome-pdf","timestamp":1674763606490,"id":"lxzjcw5qa54dpdm","previousEventId":"vqjrns634cr12x2","operationId":"ipoqiyjll4mpytl","previousOperationId":"lfi40nn4yb7ybbl"}
{"type":"log","timestamp":1674763606490,"level":"debug","message":"Executing recipe chrome-pdf","meta":{"rootId":"7u9t1ezlgq89ctd","id":"pyptpovhzf9vj2q"},"id":"y9bckoybbm6oni5","previousOperationId":"ipoqiyjll4mpytl"}
{"type":"log","timestamp":1674763606493,"level":"debug","message":"Converting with chrome HeadlessChrome/105.0.5173.0 using chrome-pool strategy","meta":{"rootId":"7u9t1ezlgq89ctd","id":"pyptpovhzf9vj2q"},"id":"vrwme1ewdyqnu67","previousOperationId":"ipoqiyjll4mpytl"}
{"type":"log","timestamp":1674763606604,"level":"debug","message":"Page request: GET (document) file:///C:/Users/alegu/AppData/Local/Temp/jsreport/autocleanup/0d56ab84-1cd0-4ee3-ac4f-db22398d7f96-chrome-pdf.html","meta":{"rootId":"7u9t1ezlgq89ctd","id":"pyptpovhzf9vj2q"},"id":"3mxpsi8a8wd9my3","previousOperationId":"ipoqiyjll4mpytl"}
{"type":"log","timestamp":1674763606618,"level":"debug","message":"Page request finished: GET (document) 200 file:///C:/Users/alegu/AppData/Local/Temp/jsreport/autocleanup/0d56ab84-1cd0-4ee3-ac4f-db22398d7f96-chrome-pdf.html","meta":{"rootId":"7u9t1ezlgq89ctd","id":"pyptpovhzf9vj2q"},"id":"226y55chbosk3js","previousOperationId":"ipoqiyjll4mpytl"}
{"type":"log","timestamp":1674763606618,"level":"debug","message":"Page request: GET (stylesheet) https://cdnjs.cloudflare.com/ajax/libs/metro/4.1.5/css/metro.min.css","meta":{"rootId":"7u9t1ezlgq89ctd","id":"pyptpovhzf9vj2q"},"id":"ox43kkqfq0ezh5v","previousOperationId":"ipoqiyjll4mpytl"}
{"type":"log","timestamp":1674763606647,"level":"debug","message":"Page request finished: GET (stylesheet) 200 https://cdnjs.cloudflare.com/ajax/libs/metro/4.1.5/css/metro.min.css","meta":{"rootId":"7u9t1ezlgq89ctd","id":"pyptpovhzf9vj2q"},"id":"t2zjplnmc7006b5","previousOperationId":"ipoqiyjll4mpytl"}
{"type":"log","timestamp":1674763606677,"level":"debug","message":"Running chrome with params {\"printBackground\":true,\"marginTop\":\"1.5cm\",\"marginRight\":\"1.5cm\",\"marginLeft\":\"1.cm\",\"timeout\":57977,\"margin\":{\"top\":\"1.5cm\",\"right\":\"1.5cm\",\"left\":\"1.cm\"}}","meta":{"rootId":"7u9t1ezlgq89ctd","id":"pyptpovhzf9vj2q"},"id":"35lew6g11v0mawz","previousOperationId":"ipoqiyjll4mpytl"}
{"type":"operationEnd","operationId":"ipoqiyjll4mpytl","timestamp":1674763606778,"id":"yjavfad5rhdbk7i","previousEventId":"lxzjcw5qa54dpdm","previousOperationId":"ipoqiyjll4mpytl"}
{"type":"log","timestamp":1674763606778,"level":"debug","message":"Skipping storing report.","meta":{"rootId":"7u9t1ezlgq89ctd","id":"pyptpovhzf9vj2q"},"id":"dzg3w41a7wvphhd","previousOperationId":"ipoqiyjll4mpytl"}
{"type":"log","timestamp":1674763606779,"level":"info","message":"Rendering (child) request finished in 2310 ms","meta":{"rootId":"7u9t1ezlgq89ctd","id":"pyptpovhzf9vj2q"},"id":"aywo1fxze6xqb0w","previousOperationId":"ipoqiyjll4mpytl"}
{"type":"operationEnd","subtype":"render","operationId":"kay5i1hn0v2ureg","timestamp":1674763606779,"id":"9en0qkpkbt3notq","previousEventId":"yjavfad5rhdbk7i","previousOperationId":"ipoqiyjll4mpytl"}
{"type":"operationEnd","operationId":"avpositsnny1mn7","timestamp":1674763606792,"id":"qef59ezaxdmbrng","previousEventId":"48563ykno9z4ghr","previousOperationId":"avpositsnny1mn7"}
{"type":"log","timestamp":1674763606792,"level":"debug","message":"pdf-utils postproces start","meta":{"rootId":"7u9t1ezlgq89ctd","id":"7u9t1ezlgq89ctd"},"id":"2l4lmftyft1k8z8","previousOperationId":"avpositsnny1mn7"}
{"type":"log","timestamp":1674763606819,"level":"debug","message":"pdf-utils postproces end","meta":{"rootId":"7u9t1ezlgq89ctd","id":"7u9t1ezlgq89ctd"},"id":"4mu33t1gz7cv5r3","previousOperationId":"avpositsnny1mn7"}
{"type":"operationEnd","operationId":"ec42lzvyqc5v0ep","timestamp":1674763606819,"id":"e1j7uyoukm9xins","previousEventId":"qef59ezaxdmbrng","previousOperationId":"avpositsnny1mn7"}
{"type":"log","timestamp":1674763606819,"level":"info","message":"pdf-utils pdf processing was finished","meta":{"rootId":"7u9t1ezlgq89ctd","id":"7u9t1ezlgq89ctd"},"id":"b2cnqy8lr6vd1j0","previousOperationId":"ec42lzvyqc5v0ep"}
{"type":"log","timestamp":1674763606819,"level":"debug","message":"Skipping storing report.","meta":{"rootId":"7u9t1ezlgq89ctd","id":"7u9t1ezlgq89ctd"},"id":"ujlbw84mh0otaii","previousOperationId":"ec42lzvyqc5v0ep"}
{"type":"log","timestamp":1674763606820,"level":"info","message":"Rendering request 9 finished in 2351 ms","meta":{"rootId":"7u9t1ezlgq89ctd","id":"7u9t1ezlgq89ctd"},"id":"f8u42mpvf5pbe74","previousOperationId":"ec42lzvyqc5v0ep"}
{"type":"operationEnd","subtype":"render","operationId":"dgynhx963iafj27","timestamp":1674763606820,"id":"yc2jqrlfgbekn98","previousEventId":"e1j7uyoukm9xins","previousOperationId":"ec42lzvyqc5v0ep"}
{"type":"operationEnd","doDiffs":false,"previousEventId":"xbh1w7c8ntrgjoc","previousOperationId":"pg4u4g0sivl38f2","operationId":"pg4u4g0sivl38f2","timestamp":1674763606834,"id":"7dep1lh2z8tpmpi"}
