{"type":"operationStart","subtype":"profile","data":{"_id":"xWqrBa6275fm1CTd","timestamp":"2023-01-26T20:20:13.807Z","state":"queued","mode":"standard","creationDate":"2023-01-26T20:20:13.810Z","modificationDate":"2023-01-26T20:20:13.810Z","shortid":"ntpejli","$entitySet":"profiles"},"doDiffs":false,"timestamp":1674764413808,"id":"9hxwimsgjtsv3ut","previousOperationId":null,"operationId":"sgf0m7wkr8gczyu"}
{"type":"log","level":"info","message":"Render request 12 queued for execution and waiting for available worker","previousOperationId":"sgf0m7wkr8gczyu","timestamp":1674764413809,"id":"n6gp68bmmolqnmi"}
{"type":"operationStart","subtype":"render","name":"orders-main","previousOperationId":"sgf0m7wkr8gczyu","timestamp":1674764413819,"id":"a3pa84srpzflx6s","previousEventId":"9hxwimsgjtsv3ut","operationId":"tfyude2ayskhmc0"}
{"type":"log","timestamp":1674764413819,"level":"info","message":"Starting rendering request 12","meta":{"rootId":"8rkyfqr9gxh0qz0","id":"8rkyfqr9gxh0qz0"},"id":"nf1ktdndre91ddc","previousOperationId":"tfyude2ayskhmc0"}
{"type":"log","timestamp":1674764413819,"level":"info","message":"Rendering template { name: orders-main, recipe: chrome-pdf, engine: handlebars, preview: true }","meta":{"rootId":"8rkyfqr9gxh0qz0","id":"8rkyfqr9gxh0qz0"},"id":"ge36rkvuragak4k","previousOperationId":"tfyude2ayskhmc0"}
{"type":"log","timestamp":1674764413821,"level":"debug","message":"Data item not defined for this template.","meta":{"rootId":"8rkyfqr9gxh0qz0","id":"8rkyfqr9gxh0qz0"},"id":"xyxinzajll3uvie","previousOperationId":"tfyude2ayskhmc0"}
{"type":"log","timestamp":1674764413826,"level":"debug","message":"Executing script orders-script (beforeRender)","meta":{"rootId":"8rkyfqr9gxh0qz0","id":"8rkyfqr9gxh0qz0"},"id":"db1i3tvdh4rqk5f","previousOperationId":"tfyude2ayskhmc0"}
{"type":"log","timestamp":1674764413859,"level":"debug","message":"(console:log) Hola","meta":{"userLevel":true,"rootId":"8rkyfqr9gxh0qz0","id":"8rkyfqr9gxh0qz0"},"id":"dk6vylzxim76t3k","previousOperationId":"tfyude2ayskhmc0"}
{"type":"operationStart","subtype":"scriptsBeforeRender","name":"scripts beforeRender","timestamp":1674764413859,"id":"5iksoxrmi3kped0","previousEventId":"a3pa84srpzflx6s","operationId":"n4kffv9c51rfhku","previousOperationId":"tfyude2ayskhmc0"}
{"type":"operationStart","subtype":"script","name":"scripts orders-script","previousOperationId":"n4kffv9c51rfhku","timestamp":1674764413860,"id":"thj0zc6oj1ouw45","previousEventId":"5iksoxrmi3kped0","operationId":"kz1msh7fy9aysi1"}
{"type":"log","timestamp":1674764413860,"level":"debug","message":"(console:log) Hola","meta":{"userLevel":true,"rootId":"8rkyfqr9gxh0qz0","id":"8rkyfqr9gxh0qz0"},"id":"x4eltkn12y2978w","previousOperationId":"kz1msh7fy9aysi1"}
{"type":"operationEnd","operationId":"kz1msh7fy9aysi1","timestamp":1674764415144,"id":"2ok103z3e6ve46o","previousEventId":"a3pa84srpzflx6s","previousOperationId":"tfyude2ayskhmc0"}
{"type":"operationEnd","operationId":"n4kffv9c51rfhku","timestamp":1674764415144,"id":"37gxijf7toe7h3b","previousEventId":"2ok103z3e6ve46o","previousOperationId":"tfyude2ayskhmc0"}
{"type":"log","timestamp":1674764415144,"level":"debug","message":"Base url not specified, skipping its injection.","meta":{"rootId":"8rkyfqr9gxh0qz0","id":"8rkyfqr9gxh0qz0"},"id":"314f7w0tbjjr13x","previousOperationId":"n4kffv9c51rfhku"}
{"type":"operationStart","subtype":"engine","name":"handlebars","timestamp":1674764415145,"id":"n32yrkd6zt60o15","previousEventId":"37gxijf7toe7h3b","operationId":"iyfxw7zluln5pmw","previousOperationId":"n4kffv9c51rfhku"}
{"type":"log","timestamp":1674764415145,"level":"debug","message":"Rendering engine handlebars","meta":{"rootId":"8rkyfqr9gxh0qz0","id":"8rkyfqr9gxh0qz0"},"id":"kl6vi3x3c2lp0o1","previousOperationId":"iyfxw7zluln5pmw"}
{"type":"log","timestamp":1674764415168,"level":"debug","message":"(console:log) Pdf utils adding group field, value: \"France\"","meta":{"userLevel":true,"rootId":"8rkyfqr9gxh0qz0","id":"8rkyfqr9gxh0qz0"},"id":"4vdr32nslw7rpj2","previousOperationId":"iyfxw7zluln5pmw"}
{"type":"log","timestamp":1674764415169,"level":"debug","message":"(console:log) Pdf utils adding group field, value: \"Germany\"","meta":{"userLevel":true,"rootId":"8rkyfqr9gxh0qz0","id":"8rkyfqr9gxh0qz0"},"id":"jd6ep7rtjlgxlqz","previousOperationId":"iyfxw7zluln5pmw"}
{"type":"operationEnd","operationId":"iyfxw7zluln5pmw","timestamp":1674764415169,"id":"ol0gdg5y3jszwvl","previousEventId":"n32yrkd6zt60o15","previousOperationId":"iyfxw7zluln5pmw"}
{"type":"operationStart","subtype":"recipe","name":"chrome-pdf","timestamp":1674764415170,"id":"cjk2j7ynx9qag22","previousEventId":"ol0gdg5y3jszwvl","operationId":"2dd7r0a7i0lpvzu","previousOperationId":"iyfxw7zluln5pmw"}
{"type":"log","timestamp":1674764415170,"level":"debug","message":"Executing recipe chrome-pdf","meta":{"rootId":"8rkyfqr9gxh0qz0","id":"8rkyfqr9gxh0qz0"},"id":"3a42apa9afexglv","previousOperationId":"2dd7r0a7i0lpvzu"}
{"type":"log","timestamp":1674764415172,"level":"debug","message":"Converting with chrome HeadlessChrome/105.0.5173.0 using chrome-pool strategy","meta":{"rootId":"8rkyfqr9gxh0qz0","id":"8rkyfqr9gxh0qz0"},"id":"lxw3wmzncj2kggl","previousOperationId":"2dd7r0a7i0lpvzu"}
{"type":"log","timestamp":1674764415304,"level":"debug","message":"Page request: GET (document) file:///C:/Users/alegu/AppData/Local/Temp/jsreport/autocleanup/1b0527bc-cce9-45be-b78f-df9e0fdb785a-chrome-pdf.html","meta":{"rootId":"8rkyfqr9gxh0qz0","id":"8rkyfqr9gxh0qz0"},"id":"i0sodyj9mpo0fdo","previousOperationId":"2dd7r0a7i0lpvzu"}
{"type":"log","timestamp":1674764415316,"level":"debug","message":"Page request finished: GET (document) 200 file:///C:/Users/alegu/AppData/Local/Temp/jsreport/autocleanup/1b0527bc-cce9-45be-b78f-df9e0fdb785a-chrome-pdf.html","meta":{"rootId":"8rkyfqr9gxh0qz0","id":"8rkyfqr9gxh0qz0"},"id":"8v6p96cxmtyacza","previousOperationId":"2dd7r0a7i0lpvzu"}
{"type":"log","timestamp":1674764415316,"level":"debug","message":"Page request: GET (stylesheet) https://cdnjs.cloudflare.com/ajax/libs/metro/4.1.5/css/metro.min.css","meta":{"rootId":"8rkyfqr9gxh0qz0","id":"8rkyfqr9gxh0qz0"},"id":"04reffiogbw1uvm","previousOperationId":"2dd7r0a7i0lpvzu"}
{"type":"log","timestamp":1674764415317,"level":"debug","message":"Page request: GET (script) https://cdnjs.cloudflare.com/ajax/libs/Chart.js/2.7.2/Chart.min.js","meta":{"rootId":"8rkyfqr9gxh0qz0","id":"8rkyfqr9gxh0qz0"},"id":"lhkal89rn00x5fx","previousOperationId":"2dd7r0a7i0lpvzu"}
{"type":"log","timestamp":1674764415325,"level":"debug","message":"Page request finished: GET (script) 200 https://cdnjs.cloudflare.com/ajax/libs/Chart.js/2.7.2/Chart.min.js","meta":{"rootId":"8rkyfqr9gxh0qz0","id":"8rkyfqr9gxh0qz0"},"id":"q5djmqjtxbapdsp","previousOperationId":"2dd7r0a7i0lpvzu"}
{"type":"log","timestamp":1674764415344,"level":"debug","message":"Page request finished: GET (stylesheet) 200 https://cdnjs.cloudflare.com/ajax/libs/metro/4.1.5/css/metro.min.css","meta":{"rootId":"8rkyfqr9gxh0qz0","id":"8rkyfqr9gxh0qz0"},"id":"gye2y1mwbjuo6nc","previousOperationId":"2dd7r0a7i0lpvzu"}
{"type":"log","timestamp":1674764415464,"level":"debug","message":"Running chrome with params {\"printBackground\":true,\"marginTop\":\"4cm\",\"marginRight\":\"1.5cm\",\"marginBottom\":\"1.5cm\",\"marginLeft\":\"1.5cm\",\"waitForJS\":false,\"timeout\":58636,\"margin\":{\"top\":\"4cm\",\"right\":\"1.5cm\",\"bottom\":\"1.5cm\",\"left\":\"1.5cm\"}}","meta":{"rootId":"8rkyfqr9gxh0qz0","id":"8rkyfqr9gxh0qz0"},"id":"1jqh890wqrvz49i","previousOperationId":"2dd7r0a7i0lpvzu"}
{"type":"operationEnd","operationId":"2dd7r0a7i0lpvzu","timestamp":1674764415684,"id":"grqlahryji1xrg4","previousEventId":"cjk2j7ynx9qag22","previousOperationId":"2dd7r0a7i0lpvzu"}
{"type":"log","timestamp":1674764415684,"level":"info","message":"pdf-utils is starting pdf processing","meta":{"rootId":"8rkyfqr9gxh0qz0","id":"8rkyfqr9gxh0qz0"},"id":"zo3vz0u1bs1rb9b","previousOperationId":"2dd7r0a7i0lpvzu"}
{"type":"operationStart","subtype":"pdfUtils","name":"pdf utils","timestamp":1674764415684,"id":"v1it7ydkalu6kax","previousEventId":"grqlahryji1xrg4","operationId":"o2x7sp7hb410t1t","previousOperationId":"2dd7r0a7i0lpvzu"}
{"type":"log","timestamp":1674764415684,"level":"debug","message":"pdf-utils detected 1 pdf operation(s) to process","meta":{"rootId":"8rkyfqr9gxh0qz0","id":"8rkyfqr9gxh0qz0"},"id":"312zbzirb5u71mw","previousOperationId":"o2x7sp7hb410t1t"}
{"type":"log","timestamp":1674764415736,"level":"debug","message":"pdf-utils running pdf operation merge","meta":{"rootId":"8rkyfqr9gxh0qz0","id":"8rkyfqr9gxh0qz0"},"id":"lh0xvofbmynq7k3","previousOperationId":"o2x7sp7hb410t1t"}
{"type":"operationStart","subtype":"pdfUtilsMerge","name":"pdf utils merge","previousOperationId":"o2x7sp7hb410t1t","timestamp":1674764415736,"id":"7imo0yf63re3re3","previousEventId":"v1it7ydkalu6kax","operationId":"dmz97knydmann7a"}
{"type":"operationStart","subtype":"render","name":"orders-header","previousOperationId":"dmz97knydmann7a","timestamp":1674764415738,"id":"a1641vn5m5q9t5x","previousEventId":"7imo0yf63re3re3","operationId":"6thzhbwtqos3rht"}
{"type":"log","timestamp":1674764415738,"level":"info","message":"Starting rendering (child) request","meta":{"rootId":"8rkyfqr9gxh0qz0","id":"gd84rfk4m271hgx"},"id":"703g3b2z2pewv10","previousOperationId":"6thzhbwtqos3rht"}
{"type":"log","timestamp":1674764415738,"level":"info","message":"Rendering template { name: orders-header, recipe: chrome-pdf, engine: handlebars, preview: true }","meta":{"rootId":"8rkyfqr9gxh0qz0","id":"gd84rfk4m271hgx"},"id":"aroreedb31ylgvb","previousOperationId":"6thzhbwtqos3rht"}
{"type":"log","timestamp":1674764415739,"level":"debug","message":"Inline data specified.","meta":{"rootId":"8rkyfqr9gxh0qz0","id":"gd84rfk4m271hgx"},"id":"th98lsy0s9enbxd","previousOperationId":"6thzhbwtqos3rht"}
{"type":"log","timestamp":1674764415742,"level":"debug","message":"Base url not specified, skipping its injection.","meta":{"rootId":"8rkyfqr9gxh0qz0","id":"gd84rfk4m271hgx"},"id":"8ln1jtsblckaj2v","previousOperationId":"6thzhbwtqos3rht"}
{"type":"operationStart","subtype":"engine","name":"handlebars","timestamp":1674764415742,"id":"rgzmso2fbea474d","previousEventId":"a1641vn5m5q9t5x","operationId":"r2apwe7b2jruxos","previousOperationId":"6thzhbwtqos3rht"}
{"type":"log","timestamp":1674764415742,"level":"debug","message":"Rendering engine handlebars","meta":{"rootId":"8rkyfqr9gxh0qz0","id":"gd84rfk4m271hgx"},"id":"l66iyfg322ikp8p","previousOperationId":"r2apwe7b2jruxos"}
{"type":"operationEnd","operationId":"r2apwe7b2jruxos","timestamp":1674764415772,"id":"ym1ui2zhwxvrhsu","previousEventId":"rgzmso2fbea474d","previousOperationId":"r2apwe7b2jruxos"}
{"type":"operationStart","subtype":"recipe","name":"chrome-pdf","timestamp":1674764415772,"id":"h8sssb7y65gnltk","previousEventId":"ym1ui2zhwxvrhsu","operationId":"u867yl83q3d4i42","previousOperationId":"r2apwe7b2jruxos"}
{"type":"log","timestamp":1674764415772,"level":"debug","message":"Executing recipe chrome-pdf","meta":{"rootId":"8rkyfqr9gxh0qz0","id":"gd84rfk4m271hgx"},"id":"34vmp5cbqd27bn1","previousOperationId":"u867yl83q3d4i42"}
{"type":"log","timestamp":1674764415775,"level":"debug","message":"Converting with chrome HeadlessChrome/105.0.5173.0 using chrome-pool strategy","meta":{"rootId":"8rkyfqr9gxh0qz0","id":"gd84rfk4m271hgx"},"id":"atds4jmgjhtihpv","previousOperationId":"u867yl83q3d4i42"}
{"type":"log","timestamp":1674764415902,"level":"debug","message":"Page request: GET (document) file:///C:/Users/alegu/AppData/Local/Temp/jsreport/autocleanup/f5c8c2ad-a3f2-4c40-92d9-e5edf9ceb56d-chrome-pdf.html","meta":{"rootId":"8rkyfqr9gxh0qz0","id":"gd84rfk4m271hgx"},"id":"iahqbcvqqj8x7hl","previousOperationId":"u867yl83q3d4i42"}
{"type":"log","timestamp":1674764415912,"level":"debug","message":"Page request finished: GET (document) 200 file:///C:/Users/alegu/AppData/Local/Temp/jsreport/autocleanup/f5c8c2ad-a3f2-4c40-92d9-e5edf9ceb56d-chrome-pdf.html","meta":{"rootId":"8rkyfqr9gxh0qz0","id":"gd84rfk4m271hgx"},"id":"5b1nxd5o494vanb","previousOperationId":"u867yl83q3d4i42"}
{"type":"log","timestamp":1674764415912,"level":"debug","message":"Page request: GET (stylesheet) https://cdnjs.cloudflare.com/ajax/libs/metro/4.1.5/css/metro.min.css","meta":{"rootId":"8rkyfqr9gxh0qz0","id":"gd84rfk4m271hgx"},"id":"ex16lynyusrtli3","previousOperationId":"u867yl83q3d4i42"}
{"type":"log","timestamp":1674764415939,"level":"debug","message":"Page request finished: GET (stylesheet) 200 https://cdnjs.cloudflare.com/ajax/libs/metro/4.1.5/css/metro.min.css","meta":{"rootId":"8rkyfqr9gxh0qz0","id":"gd84rfk4m271hgx"},"id":"4vz38yan752zzch","previousOperationId":"u867yl83q3d4i42"}
{"type":"log","timestamp":1674764415968,"level":"debug","message":"Running chrome with params {\"printBackground\":true,\"marginTop\":\"1.5cm\",\"marginRight\":\"1.5cm\",\"marginLeft\":\"1.cm\",\"timeout\":58033,\"margin\":{\"top\":\"1.5cm\",\"right\":\"1.5cm\",\"left\":\"1.cm\"}}","meta":{"rootId":"8rkyfqr9gxh0qz0","id":"gd84rfk4m271hgx"},"id":"zs218lhd0spx47p","previousOperationId":"u867yl83q3d4i42"}
{"type":"operationEnd","operationId":"u867yl83q3d4i42","timestamp":1674764416053,"id":"3fuv40t01sg8o35","previousEventId":"h8sssb7y65gnltk","previousOperationId":"u867yl83q3d4i42"}
{"type":"log","timestamp":1674764416053,"level":"debug","message":"Skipping storing report.","meta":{"rootId":"8rkyfqr9gxh0qz0","id":"gd84rfk4m271hgx"},"id":"dyh7yh7bv66siah","previousOperationId":"u867yl83q3d4i42"}
{"type":"log","timestamp":1674764416054,"level":"info","message":"Rendering (child) request finished in 2247 ms","meta":{"rootId":"8rkyfqr9gxh0qz0","id":"gd84rfk4m271hgx"},"id":"4w181iksha8luf4","previousOperationId":"u867yl83q3d4i42"}
{"type":"operationEnd","subtype":"render","operationId":"6thzhbwtqos3rht","timestamp":1674764416054,"id":"d3llq2oi4r1z3xu","previousEventId":"3fuv40t01sg8o35","previousOperationId":"u867yl83q3d4i42"}
{"type":"operationEnd","operationId":"dmz97knydmann7a","timestamp":1674764416069,"id":"epp51d8kmsglyfz","previousEventId":"7imo0yf63re3re3","previousOperationId":"dmz97knydmann7a"}
{"type":"log","timestamp":1674764416069,"level":"debug","message":"pdf-utils postproces start","meta":{"rootId":"8rkyfqr9gxh0qz0","id":"8rkyfqr9gxh0qz0"},"id":"wkvlz4qdj5miinv","previousOperationId":"dmz97knydmann7a"}
{"type":"log","timestamp":1674764416086,"level":"debug","message":"pdf-utils postproces end","meta":{"rootId":"8rkyfqr9gxh0qz0","id":"8rkyfqr9gxh0qz0"},"id":"kz1wks289be9619","previousOperationId":"dmz97knydmann7a"}
{"type":"operationEnd","operationId":"o2x7sp7hb410t1t","timestamp":1674764416086,"id":"gpxv9nblfo8lumh","previousEventId":"epp51d8kmsglyfz","previousOperationId":"dmz97knydmann7a"}
{"type":"log","timestamp":1674764416086,"level":"info","message":"pdf-utils pdf processing was finished","meta":{"rootId":"8rkyfqr9gxh0qz0","id":"8rkyfqr9gxh0qz0"},"id":"wa0k9ix2f65di4f","previousOperationId":"o2x7sp7hb410t1t"}
{"type":"log","timestamp":1674764416086,"level":"debug","message":"Skipping storing report.","meta":{"rootId":"8rkyfqr9gxh0qz0","id":"8rkyfqr9gxh0qz0"},"id":"kdsso8xafv17le1","previousOperationId":"o2x7sp7hb410t1t"}
{"type":"log","timestamp":1674764416086,"level":"info","message":"Rendering request 12 finished in 2279 ms","meta":{"rootId":"8rkyfqr9gxh0qz0","id":"8rkyfqr9gxh0qz0"},"id":"i4evb979fvbq8gf","previousOperationId":"o2x7sp7hb410t1t"}
{"type":"operationEnd","subtype":"render","operationId":"tfyude2ayskhmc0","timestamp":1674764416086,"id":"yx79c0gsnpn0g0x","previousEventId":"gpxv9nblfo8lumh","previousOperationId":"o2x7sp7hb410t1t"}
{"type":"operationEnd","doDiffs":false,"previousEventId":"9hxwimsgjtsv3ut","previousOperationId":"sgf0m7wkr8gczyu","operationId":"sgf0m7wkr8gczyu","timestamp":1674764416101,"id":"bv7h1lypq880g11"}
