{"type":"operationStart","subtype":"profile","data":{"_id":"PeVBRZwWx783wPW2","timestamp":"2023-01-26T20:05:24.838Z","state":"queued","mode":"standard","creationDate":"2023-01-26T20:05:24.841Z","modificationDate":"2023-01-26T20:05:24.841Z","shortid":"QUuVfo6","$entitySet":"profiles"},"doDiffs":false,"timestamp":1674763524839,"id":"ehtsjkl796ifz0j","previousOperationId":null,"operationId":"8hklndm8kyuoz3s"}
{"type":"log","level":"info","message":"Render request 8 queued for execution and waiting for available worker","previousOperationId":"8hklndm8kyuoz3s","timestamp":1674763524839,"id":"8lnlde3rgv790jh"}
{"type":"operationStart","subtype":"render","name":"orders-main","previousOperationId":"8hklndm8kyuoz3s","timestamp":1674763524851,"id":"6fih08wsugzlhal","previousEventId":"ehtsjkl796ifz0j","operationId":"3gop53ua6er4dmk"}
{"type":"log","timestamp":1674763524851,"level":"info","message":"Starting rendering request 8","meta":{"rootId":"8ul3gg1pm18hz29","id":"8ul3gg1pm18hz29"},"id":"mpkzl7aibdvfswx","previousOperationId":"3gop53ua6er4dmk"}
{"type":"log","timestamp":1674763524852,"level":"info","message":"Rendering template { name: orders-main, recipe: chrome-pdf, engine: handlebars, preview: true }","meta":{"rootId":"8ul3gg1pm18hz29","id":"8ul3gg1pm18hz29"},"id":"mx8wnjdphcr62e8","previousOperationId":"3gop53ua6er4dmk"}
{"type":"log","timestamp":1674763524854,"level":"debug","message":"Data item not defined for this template.","meta":{"rootId":"8ul3gg1pm18hz29","id":"8ul3gg1pm18hz29"},"id":"qjn87crs7u73hpv","previousOperationId":"3gop53ua6er4dmk"}
{"type":"log","timestamp":1674763524861,"level":"debug","message":"Executing script orders-script (beforeRender)","meta":{"rootId":"8ul3gg1pm18hz29","id":"8ul3gg1pm18hz29"},"id":"ypgfyc9u95vwy86","previousOperationId":"3gop53ua6er4dmk"}
{"type":"operationStart","subtype":"scriptsBeforeRender","name":"scripts beforeRender","timestamp":1674763524878,"id":"cccmz9r5avg1rqb","previousEventId":"6fih08wsugzlhal","operationId":"ix25hj3uvvol4md","previousOperationId":"3gop53ua6er4dmk"}
{"type":"operationStart","subtype":"script","name":"scripts orders-script","previousOperationId":"ix25hj3uvvol4md","timestamp":1674763524878,"id":"bmdqvcyjtwvt1j2","previousEventId":"cccmz9r5avg1rqb","operationId":"grltk3wa7d9aw8r"}
{"type":"operationEnd","operationId":"grltk3wa7d9aw8r","timestamp":1674763526136,"id":"wcb0pnum6fznoii","previousEventId":"6fih08wsugzlhal","previousOperationId":"3gop53ua6er4dmk"}
{"type":"operationEnd","operationId":"ix25hj3uvvol4md","timestamp":1674763526136,"id":"2h7j71rmurblj7a","previousEventId":"wcb0pnum6fznoii","previousOperationId":"3gop53ua6er4dmk"}
{"type":"log","timestamp":1674763526136,"level":"debug","message":"Base url not specified, skipping its injection.","meta":{"rootId":"8ul3gg1pm18hz29","id":"8ul3gg1pm18hz29"},"id":"uujwlal8h3gn9v5","previousOperationId":"ix25hj3uvvol4md"}
{"type":"operationStart","subtype":"engine","name":"handlebars","timestamp":1674763526136,"id":"69jeq02vsd22sji","previousEventId":"2h7j71rmurblj7a","operationId":"ohic1wouc8jipzm","previousOperationId":"ix25hj3uvvol4md"}
{"type":"log","timestamp":1674763526136,"level":"debug","message":"Rendering engine handlebars","meta":{"rootId":"8ul3gg1pm18hz29","id":"8ul3gg1pm18hz29"},"id":"tbx00hbvg5uowxm","previousOperationId":"ohic1wouc8jipzm"}
{"type":"log","timestamp":1674763526150,"level":"debug","message":"(console:log) Pdf utils adding group field, value: \"France\"","meta":{"userLevel":true,"rootId":"8ul3gg1pm18hz29","id":"8ul3gg1pm18hz29"},"id":"nq6x89rv56uvtb4","previousOperationId":"ohic1wouc8jipzm"}
{"type":"log","timestamp":1674763526150,"level":"debug","message":"(console:log) Pdf utils adding group field, value: \"Germany\"","meta":{"userLevel":true,"rootId":"8ul3gg1pm18hz29","id":"8ul3gg1pm18hz29"},"id":"wso2nr2jyye2w4c","previousOperationId":"ohic1wouc8jipzm"}
{"type":"operationEnd","operationId":"ohic1wouc8jipzm","timestamp":1674763526150,"id":"dquisevb08r0d1p","previousEventId":"69jeq02vsd22sji","previousOperationId":"ohic1wouc8jipzm"}
{"type":"operationStart","subtype":"recipe","name":"chrome-pdf","timestamp":1674763526151,"id":"mfvu4waicmz5260","previousEventId":"dquisevb08r0d1p","operationId":"0xhojhmzy7bygyj","previousOperationId":"ohic1wouc8jipzm"}
{"type":"log","timestamp":1674763526151,"level":"debug","message":"Executing recipe chrome-pdf","meta":{"rootId":"8ul3gg1pm18hz29","id":"8ul3gg1pm18hz29"},"id":"smexwextlnom07w","previousOperationId":"0xhojhmzy7bygyj"}
{"type":"log","timestamp":1674763526154,"level":"debug","message":"Converting with chrome HeadlessChrome/105.0.5173.0 using chrome-pool strategy","meta":{"rootId":"8ul3gg1pm18hz29","id":"8ul3gg1pm18hz29"},"id":"vb8lac4blzcv0ht","previousOperationId":"0xhojhmzy7bygyj"}
{"type":"log","timestamp":1674763526277,"level":"debug","message":"Page request: GET (document) file:///C:/Users/alegu/AppData/Local/Temp/jsreport/autocleanup/09219cf9-01b7-4798-8549-2675aaba0530-chrome-pdf.html","meta":{"rootId":"8ul3gg1pm18hz29","id":"8ul3gg1pm18hz29"},"id":"hr41gxhwuww42u8","previousOperationId":"0xhojhmzy7bygyj"}
{"type":"log","timestamp":1674763526291,"level":"debug","message":"Page request: GET (stylesheet) https://cdnjs.cloudflare.com/ajax/libs/metro/4.1.5/css/metro.min.css","meta":{"rootId":"8ul3gg1pm18hz29","id":"8ul3gg1pm18hz29"},"id":"hiy1fem8zec0xvz","previousOperationId":"0xhojhmzy7bygyj"}
{"type":"log","timestamp":1674763526291,"level":"debug","message":"Page request finished: GET (document) 200 file:///C:/Users/alegu/AppData/Local/Temp/jsreport/autocleanup/09219cf9-01b7-4798-8549-2675aaba0530-chrome-pdf.html","meta":{"rootId":"8ul3gg1pm18hz29","id":"8ul3gg1pm18hz29"},"id":"o8vk0yy9z8ybvxz","previousOperationId":"0xhojhmzy7bygyj"}
{"type":"log","timestamp":1674763526292,"level":"debug","message":"Page request: GET (script) https://cdnjs.cloudflare.com/ajax/libs/Chart.js/2.7.2/Chart.min.js","meta":{"rootId":"8ul3gg1pm18hz29","id":"8ul3gg1pm18hz29"},"id":"gndd0j6x912mltv","previousOperationId":"0xhojhmzy7bygyj"}
{"type":"log","timestamp":1674763526300,"level":"debug","message":"Page request finished: GET (script) 200 https://cdnjs.cloudflare.com/ajax/libs/Chart.js/2.7.2/Chart.min.js","meta":{"rootId":"8ul3gg1pm18hz29","id":"8ul3gg1pm18hz29"},"id":"e47x7iny4v8zglc","previousOperationId":"0xhojhmzy7bygyj"}
{"type":"log","timestamp":1674763526322,"level":"debug","message":"Page request finished: GET (stylesheet) 200 https://cdnjs.cloudflare.com/ajax/libs/metro/4.1.5/css/metro.min.css","meta":{"rootId":"8ul3gg1pm18hz29","id":"8ul3gg1pm18hz29"},"id":"njga6oryfo5cqx5","previousOperationId":"0xhojhmzy7bygyj"}
{"type":"log","timestamp":1674763526443,"level":"debug","message":"Running chrome with params {\"printBackground\":true,\"marginTop\":\"4cm\",\"marginRight\":\"1.5cm\",\"marginBottom\":\"1.5cm\",\"marginLeft\":\"1.5cm\",\"waitForJS\":false,\"timeout\":58685,\"margin\":{\"top\":\"4cm\",\"right\":\"1.5cm\",\"bottom\":\"1.5cm\",\"left\":\"1.5cm\"}}","meta":{"rootId":"8ul3gg1pm18hz29","id":"8ul3gg1pm18hz29"},"id":"n4fpxumfkrvqh9y","previousOperationId":"0xhojhmzy7bygyj"}
{"type":"operationEnd","operationId":"0xhojhmzy7bygyj","timestamp":1674763526693,"id":"89wor9cdkh0l41x","previousEventId":"mfvu4waicmz5260","previousOperationId":"0xhojhmzy7bygyj"}
{"type":"log","timestamp":1674763526693,"level":"info","message":"pdf-utils is starting pdf processing","meta":{"rootId":"8ul3gg1pm18hz29","id":"8ul3gg1pm18hz29"},"id":"ktl1wy9j4ec9vyk","previousOperationId":"0xhojhmzy7bygyj"}
{"type":"operationStart","subtype":"pdfUtils","name":"pdf utils","timestamp":1674763526693,"id":"0e6ak9mg18ofeh0","previousEventId":"89wor9cdkh0l41x","operationId":"jahpjc4k02dhhbc","previousOperationId":"0xhojhmzy7bygyj"}
{"type":"log","timestamp":1674763526693,"level":"debug","message":"pdf-utils detected 1 pdf operation(s) to process","meta":{"rootId":"8ul3gg1pm18hz29","id":"8ul3gg1pm18hz29"},"id":"1nnx0qpjfydvo1d","previousOperationId":"jahpjc4k02dhhbc"}
{"type":"log","timestamp":1674763526766,"level":"debug","message":"pdf-utils running pdf operation merge","meta":{"rootId":"8ul3gg1pm18hz29","id":"8ul3gg1pm18hz29"},"id":"d14yuh0hit4uvo4","previousOperationId":"jahpjc4k02dhhbc"}
{"type":"operationStart","subtype":"pdfUtilsMerge","name":"pdf utils merge","previousOperationId":"jahpjc4k02dhhbc","timestamp":1674763526766,"id":"gxa6dnw9ez4x6ca","previousEventId":"0e6ak9mg18ofeh0","operationId":"cfrnpt32l9v6sqq"}
{"type":"operationStart","subtype":"render","name":"orders-header","previousOperationId":"cfrnpt32l9v6sqq","timestamp":1674763526767,"id":"2u9dxsmplbgacyk","previousEventId":"gxa6dnw9ez4x6ca","operationId":"ihk5t7yop6o1oky"}
{"type":"log","timestamp":1674763526768,"level":"info","message":"Starting rendering (child) request","meta":{"rootId":"8ul3gg1pm18hz29","id":"30eun5np0ptegc2"},"id":"ay12awpyvhrc8cd","previousOperationId":"ihk5t7yop6o1oky"}
{"type":"log","timestamp":1674763526768,"level":"info","message":"Rendering template { name: orders-header, recipe: chrome-pdf, engine: handlebars, preview: true }","meta":{"rootId":"8ul3gg1pm18hz29","id":"30eun5np0ptegc2"},"id":"5nyrfl6n6qwkm8j","previousOperationId":"ihk5t7yop6o1oky"}
{"type":"log","timestamp":1674763526776,"level":"debug","message":"Inline data specified.","meta":{"rootId":"8ul3gg1pm18hz29","id":"30eun5np0ptegc2"},"id":"itjv16r8qdsuugi","previousOperationId":"ihk5t7yop6o1oky"}
{"type":"log","timestamp":1674763526783,"level":"debug","message":"Base url not specified, skipping its injection.","meta":{"rootId":"8ul3gg1pm18hz29","id":"30eun5np0ptegc2"},"id":"gbensasxklqfikx","previousOperationId":"ihk5t7yop6o1oky"}
{"type":"operationStart","subtype":"engine","name":"handlebars","timestamp":1674763526784,"id":"h4mdodgpad83275","previousEventId":"2u9dxsmplbgacyk","operationId":"o7azm3nyu6vt8wi","previousOperationId":"ihk5t7yop6o1oky"}
{"type":"log","timestamp":1674763526784,"level":"debug","message":"Rendering engine handlebars","meta":{"rootId":"8ul3gg1pm18hz29","id":"30eun5np0ptegc2"},"id":"0p19fgd99pzuhru","previousOperationId":"o7azm3nyu6vt8wi"}
{"type":"operationEnd","operationId":"o7azm3nyu6vt8wi","timestamp":1674763526809,"id":"d8cw66un2phkjsd","previousEventId":"h4mdodgpad83275","previousOperationId":"o7azm3nyu6vt8wi"}
{"type":"operationStart","subtype":"recipe","name":"chrome-pdf","timestamp":1674763526810,"id":"39xl0ju4pr1foa9","previousEventId":"d8cw66un2phkjsd","operationId":"f88237zjvabh5bl","previousOperationId":"o7azm3nyu6vt8wi"}
{"type":"log","timestamp":1674763526810,"level":"debug","message":"Executing recipe chrome-pdf","meta":{"rootId":"8ul3gg1pm18hz29","id":"30eun5np0ptegc2"},"id":"xtitxlqrimu3m11","previousOperationId":"f88237zjvabh5bl"}
{"type":"log","timestamp":1674763526814,"level":"debug","message":"Converting with chrome HeadlessChrome/105.0.5173.0 using chrome-pool strategy","meta":{"rootId":"8ul3gg1pm18hz29","id":"30eun5np0ptegc2"},"id":"5zu4pigj9mujufa","previousOperationId":"f88237zjvabh5bl"}
{"type":"log","timestamp":1674763526933,"level":"debug","message":"Page request: GET (document) file:///C:/Users/alegu/AppData/Local/Temp/jsreport/autocleanup/ea93fa4e-ef87-4cd9-b0f1-6ce3a6f6ee48-chrome-pdf.html","meta":{"rootId":"8ul3gg1pm18hz29","id":"30eun5np0ptegc2"},"id":"rwlqx8qy4u894zf","previousOperationId":"f88237zjvabh5bl"}
{"type":"log","timestamp":1674763526946,"level":"debug","message":"Page request finished: GET (document) 200 file:///C:/Users/alegu/AppData/Local/Temp/jsreport/autocleanup/ea93fa4e-ef87-4cd9-b0f1-6ce3a6f6ee48-chrome-pdf.html","meta":{"rootId":"8ul3gg1pm18hz29","id":"30eun5np0ptegc2"},"id":"wogsacvg8ww8bom","previousOperationId":"f88237zjvabh5bl"}
{"type":"log","timestamp":1674763526946,"level":"debug","message":"Page request: GET (stylesheet) https://cdnjs.cloudflare.com/ajax/libs/metro/4.1.5/css/metro.min.css","meta":{"rootId":"8ul3gg1pm18hz29","id":"30eun5np0ptegc2"},"id":"52mh9ijawz6wy9p","previousOperationId":"f88237zjvabh5bl"}
{"type":"log","timestamp":1674763526980,"level":"debug","message":"Page request finished: GET (stylesheet) 200 https://cdnjs.cloudflare.com/ajax/libs/metro/4.1.5/css/metro.min.css","meta":{"rootId":"8ul3gg1pm18hz29","id":"30eun5np0ptegc2"},"id":"avzqn1eruf80uic","previousOperationId":"f88237zjvabh5bl"}
{"type":"log","timestamp":1674763527013,"level":"debug","message":"Running chrome with params {\"printBackground\":true,\"marginTop\":\"1.5cm\",\"marginRight\":\"1.5cm\",\"marginLeft\":\"1.cm\",\"timeout\":58026,\"margin\":{\"top\":\"1.5cm\",\"right\":\"1.5cm\",\"left\":\"1.cm\"}}","meta":{"rootId":"8ul3gg1pm18hz29","id":"30eun5np0ptegc2"},"id":"qbdzy47148cktbq","previousOperationId":"f88237zjvabh5bl"}
{"type":"operationEnd","operationId":"f88237zjvabh5bl","timestamp":1674763527111,"id":"04v7gyfvzo8rp1x","previousEventId":"39xl0ju4pr1foa9","previousOperationId":"f88237zjvabh5bl"}
{"type":"log","timestamp":1674763527111,"level":"debug","message":"Skipping storing report.","meta":{"rootId":"8ul3gg1pm18hz29","id":"30eun5np0ptegc2"},"id":"3ehb0p91epuvey9","previousOperationId":"f88237zjvabh5bl"}
{"type":"log","timestamp":1674763527111,"level":"info","message":"Rendering (child) request finished in 2273 ms","meta":{"rootId":"8ul3gg1pm18hz29","id":"30eun5np0ptegc2"},"id":"bv49am5p7sgxs4u","previousOperationId":"f88237zjvabh5bl"}
{"type":"operationEnd","subtype":"render","operationId":"ihk5t7yop6o1oky","timestamp":1674763527111,"id":"vx1abvsoz15ihug","previousEventId":"04v7gyfvzo8rp1x","previousOperationId":"f88237zjvabh5bl"}
{"type":"operationEnd","operationId":"cfrnpt32l9v6sqq","timestamp":1674763527135,"id":"9h8924chvmf1i1q","previousEventId":"gxa6dnw9ez4x6ca","previousOperationId":"cfrnpt32l9v6sqq"}
{"type":"log","timestamp":1674763527135,"level":"debug","message":"pdf-utils postproces start","meta":{"rootId":"8ul3gg1pm18hz29","id":"8ul3gg1pm18hz29"},"id":"93rbul6mzx1oede","previousOperationId":"cfrnpt32l9v6sqq"}
{"type":"log","timestamp":1674763527174,"level":"debug","message":"pdf-utils postproces end","meta":{"rootId":"8ul3gg1pm18hz29","id":"8ul3gg1pm18hz29"},"id":"kxq0ior2ewyvv03","previousOperationId":"cfrnpt32l9v6sqq"}
{"type":"operationEnd","operationId":"jahpjc4k02dhhbc","timestamp":1674763527174,"id":"g3gf2oa5u3tmoz2","previousEventId":"9h8924chvmf1i1q","previousOperationId":"cfrnpt32l9v6sqq"}
{"type":"log","timestamp":1674763527174,"level":"info","message":"pdf-utils pdf processing was finished","meta":{"rootId":"8ul3gg1pm18hz29","id":"8ul3gg1pm18hz29"},"id":"toh67xvmzs4n1x3","previousOperationId":"jahpjc4k02dhhbc"}
{"type":"log","timestamp":1674763527174,"level":"debug","message":"Skipping storing report.","meta":{"rootId":"8ul3gg1pm18hz29","id":"8ul3gg1pm18hz29"},"id":"q7g6xqgvm91uxnh","previousOperationId":"jahpjc4k02dhhbc"}
{"type":"log","timestamp":1674763527174,"level":"info","message":"Rendering request 8 finished in 2336 ms","meta":{"rootId":"8ul3gg1pm18hz29","id":"8ul3gg1pm18hz29"},"id":"r03myc0pewclyg8","previousOperationId":"jahpjc4k02dhhbc"}
{"type":"operationEnd","subtype":"render","operationId":"3gop53ua6er4dmk","timestamp":1674763527174,"id":"hgwfz4jc3yroxhu","previousEventId":"g3gf2oa5u3tmoz2","previousOperationId":"jahpjc4k02dhhbc"}
{"type":"operationEnd","doDiffs":false,"previousEventId":"ehtsjkl796ifz0j","previousOperationId":"8hklndm8kyuoz3s","operationId":"8hklndm8kyuoz3s","timestamp":1674763527188,"id":"q3h88ikwfg3golm"}
