{"type":"operationStart","subtype":"profile","data":{"_id":"EJw0IreFzGCVDbzt","timestamp":"2023-01-26T19:59:09.255Z","state":"queued","mode":"standard","creationDate":"2023-01-26T19:59:09.258Z","modificationDate":"2023-01-26T19:59:09.258Z","shortid":"17IsUoj","$entitySet":"profiles"},"doDiffs":false,"timestamp":1674763149256,"id":"0n8es5hfvyqayv1","previousOperationId":null,"operationId":"uxc84g5vmx3alpt"}
{"type":"log","level":"info","message":"Render request 4 queued for execution and waiting for available worker","previousOperationId":"uxc84g5vmx3alpt","timestamp":1674763149257,"id":"rfgpeze8xgvld8y"}
{"type":"operationStart","subtype":"render","name":"orders-main","previousOperationId":"uxc84g5vmx3alpt","timestamp":1674763149271,"id":"m5hwhm5myt57g5d","previousEventId":"0n8es5hfvyqayv1","operationId":"x5ub8btd3wl3r3z"}
{"type":"log","timestamp":1674763149272,"level":"info","message":"Starting rendering request 4","meta":{"rootId":"azqe61h631erc8s","id":"azqe61h631erc8s"},"id":"3fw8u5trqzi9ecw","previousOperationId":"x5ub8btd3wl3r3z"}
{"type":"log","timestamp":1674763149273,"level":"info","message":"Rendering template { name: orders-main, recipe: chrome-pdf, engine: handlebars, preview: true }","meta":{"rootId":"azqe61h631erc8s","id":"azqe61h631erc8s"},"id":"dcppk5q57wvdajy","previousOperationId":"x5ub8btd3wl3r3z"}
{"type":"log","timestamp":1674763149275,"level":"debug","message":"Data item not defined for this template.","meta":{"rootId":"azqe61h631erc8s","id":"azqe61h631erc8s"},"id":"zgh9xei1m6n1yx8","previousOperationId":"x5ub8btd3wl3r3z"}
{"type":"log","timestamp":1674763149282,"level":"debug","message":"Executing script orders-script (beforeRender)","meta":{"rootId":"azqe61h631erc8s","id":"azqe61h631erc8s"},"id":"dl6e123f4jftzxn","previousOperationId":"x5ub8btd3wl3r3z"}
{"type":"operationStart","subtype":"scriptsBeforeRender","name":"scripts beforeRender","timestamp":1674763149300,"id":"18av2c96lkn5sqm","previousEventId":"m5hwhm5myt57g5d","operationId":"lpcu8lophqgk421","previousOperationId":"x5ub8btd3wl3r3z"}
{"type":"operationStart","subtype":"script","name":"scripts orders-script","previousOperationId":"lpcu8lophqgk421","timestamp":1674763149300,"id":"e1yx8i7iyolnigx","previousEventId":"18av2c96lkn5sqm","operationId":"vzq60x85q9ctlrz"}
{"type":"operationEnd","operationId":"vzq60x85q9ctlrz","timestamp":1674763150601,"id":"8yuaygovz8he96e","previousEventId":"m5hwhm5myt57g5d","previousOperationId":"x5ub8btd3wl3r3z"}
{"type":"operationEnd","operationId":"lpcu8lophqgk421","timestamp":1674763150601,"id":"1s6s72a8cjah9w6","previousEventId":"8yuaygovz8he96e","previousOperationId":"x5ub8btd3wl3r3z"}
{"type":"log","timestamp":1674763150601,"level":"debug","message":"Base url not specified, skipping its injection.","meta":{"rootId":"azqe61h631erc8s","id":"azqe61h631erc8s"},"id":"mrxes2c27hvqs2d","previousOperationId":"lpcu8lophqgk421"}
{"type":"operationStart","subtype":"engine","name":"handlebars","timestamp":1674763150604,"id":"a99w5wzkd3rds2h","previousEventId":"1s6s72a8cjah9w6","operationId":"uq5il8enljheizh","previousOperationId":"lpcu8lophqgk421"}
{"type":"log","timestamp":1674763150604,"level":"debug","message":"Rendering engine handlebars","meta":{"rootId":"azqe61h631erc8s","id":"azqe61h631erc8s"},"id":"s951sowvwbhb12m","previousOperationId":"uq5il8enljheizh"}
{"type":"operationEnd","operationId":"uq5il8enljheizh","timestamp":1674763150632,"id":"h1vvd7y90a6ejhg","previousEventId":"a99w5wzkd3rds2h","previousOperationId":"uq5il8enljheizh"}
{"type":"operationStart","subtype":"recipe","name":"chrome-pdf","timestamp":1674763150633,"id":"v0rfooq6la1imp0","previousEventId":"h1vvd7y90a6ejhg","operationId":"q4e686xbmcuzy29","previousOperationId":"uq5il8enljheizh"}
{"type":"log","timestamp":1674763150633,"level":"debug","message":"Executing recipe chrome-pdf","meta":{"rootId":"azqe61h631erc8s","id":"azqe61h631erc8s"},"id":"ku72bifumxfepnd","previousOperationId":"q4e686xbmcuzy29"}
{"type":"log","timestamp":1674763150637,"level":"debug","message":"Converting with chrome HeadlessChrome/105.0.5173.0 using chrome-pool strategy","meta":{"rootId":"azqe61h631erc8s","id":"azqe61h631erc8s"},"id":"8qdldirn84rirng","previousOperationId":"q4e686xbmcuzy29"}
{"type":"log","timestamp":1674763150783,"level":"debug","message":"Page request: GET (document) file:///C:/Users/alegu/AppData/Local/Temp/jsreport/autocleanup/b86c7220-c123-4cf0-8165-0149758e828e-chrome-pdf.html","meta":{"rootId":"azqe61h631erc8s","id":"azqe61h631erc8s"},"id":"7tg7tca8jsk7959","previousOperationId":"q4e686xbmcuzy29"}
{"type":"log","timestamp":1674763150794,"level":"debug","message":"Page request: GET (stylesheet) https://cdnjs.cloudflare.com/ajax/libs/metro/4.1.5/css/metro.min.css","meta":{"rootId":"azqe61h631erc8s","id":"azqe61h631erc8s"},"id":"jtlcj9o74ei8yx0","previousOperationId":"q4e686xbmcuzy29"}
{"type":"log","timestamp":1674763150795,"level":"debug","message":"Page request finished: GET (document) 200 file:///C:/Users/alegu/AppData/Local/Temp/jsreport/autocleanup/b86c7220-c123-4cf0-8165-0149758e828e-chrome-pdf.html","meta":{"rootId":"azqe61h631erc8s","id":"azqe61h631erc8s"},"id":"agt5r0no44qa9b9","previousOperationId":"q4e686xbmcuzy29"}
{"type":"log","timestamp":1674763150795,"level":"debug","message":"Page request: GET (script) https://cdnjs.cloudflare.com/ajax/libs/Chart.js/2.7.2/Chart.min.js","meta":{"rootId":"azqe61h631erc8s","id":"azqe61h631erc8s"},"id":"sw4nuvebcy2px34","previousOperationId":"q4e686xbmcuzy29"}
{"type":"log","timestamp":1674763150802,"level":"debug","message":"Page request finished: GET (script) 200 https://cdnjs.cloudflare.com/ajax/libs/Chart.js/2.7.2/Chart.min.js","meta":{"rootId":"azqe61h631erc8s","id":"azqe61h631erc8s"},"id":"3hthqd5ol5ps8fy","previousOperationId":"q4e686xbmcuzy29"}
{"type":"log","timestamp":1674763150820,"level":"debug","message":"Page request finished: GET (stylesheet) 200 https://cdnjs.cloudflare.com/ajax/libs/metro/4.1.5/css/metro.min.css","meta":{"rootId":"azqe61h631erc8s","id":"azqe61h631erc8s"},"id":"gsbvxv7iytxvj50","previousOperationId":"q4e686xbmcuzy29"}
{"type":"log","timestamp":1674763150828,"level":"warn","message":"Page error: SyntaxError: \"undefined\" is not valid JSON\n    at JSON.parse (<anonymous>)\n    at file:///C:/Users/alegu/AppData/Local/Temp/jsreport/autocleanup/b86c7220-c123-4cf0-8165-0149758e828e-chrome-pdf.html:41:29","meta":{"rootId":"azqe61h631erc8s","id":"azqe61h631erc8s"},"id":"jpdrrg6t8uiyozc","previousOperationId":"q4e686xbmcuzy29"}
{"type":"log","timestamp":1674763150856,"level":"debug","message":"Running chrome with params {\"printBackground\":true,\"marginTop\":\"4cm\",\"marginRight\":\"1.5cm\",\"marginBottom\":\"1.5cm\",\"marginLeft\":\"1.5cm\",\"waitForJS\":false,\"timeout\":58619,\"margin\":{\"top\":\"4cm\",\"right\":\"1.5cm\",\"bottom\":\"1.5cm\",\"left\":\"1.5cm\"}}","meta":{"rootId":"azqe61h631erc8s","id":"azqe61h631erc8s"},"id":"zy36qx9kj050mzz","previousOperationId":"q4e686xbmcuzy29"}
{"type":"operationEnd","operationId":"q4e686xbmcuzy29","timestamp":1674763150947,"id":"iuperaswmsgse66","previousEventId":"v0rfooq6la1imp0","previousOperationId":"q4e686xbmcuzy29"}
{"type":"log","timestamp":1674763150947,"level":"info","message":"pdf-utils is starting pdf processing","meta":{"rootId":"azqe61h631erc8s","id":"azqe61h631erc8s"},"id":"0yo41732f7ab4sm","previousOperationId":"q4e686xbmcuzy29"}
{"type":"operationStart","subtype":"pdfUtils","name":"pdf utils","timestamp":1674763150947,"id":"4g219n483ugmvw9","previousEventId":"iuperaswmsgse66","operationId":"objnu1zlit5bznk","previousOperationId":"q4e686xbmcuzy29"}
{"type":"log","timestamp":1674763150947,"level":"debug","message":"pdf-utils detected 1 pdf operation(s) to process","meta":{"rootId":"azqe61h631erc8s","id":"azqe61h631erc8s"},"id":"q0x2rb69unk4k3d","previousOperationId":"objnu1zlit5bznk"}
{"type":"log","timestamp":1674763150964,"level":"debug","message":"pdf-utils running pdf operation merge","meta":{"rootId":"azqe61h631erc8s","id":"azqe61h631erc8s"},"id":"a1owhgprq0oo4li","previousOperationId":"objnu1zlit5bznk"}
{"type":"operationStart","subtype":"pdfUtilsMerge","name":"pdf utils merge","previousOperationId":"objnu1zlit5bznk","timestamp":1674763150964,"id":"wcyqrrvehdxson0","previousEventId":"4g219n483ugmvw9","operationId":"kytijy0feulngkb"}
{"type":"operationStart","subtype":"render","name":"orders-header","previousOperationId":"kytijy0feulngkb","timestamp":1674763150965,"id":"0a0zdm1hu0o2ay4","previousEventId":"wcyqrrvehdxson0","operationId":"f2o3eijxtp0fik7"}
{"type":"log","timestamp":1674763150965,"level":"info","message":"Starting rendering (child) request","meta":{"rootId":"azqe61h631erc8s","id":"wx32rnvdre0s1kk"},"id":"n0e91tpaiv1btsq","previousOperationId":"f2o3eijxtp0fik7"}
{"type":"log","timestamp":1674763150965,"level":"info","message":"Rendering template { name: orders-header, recipe: chrome-pdf, engine: handlebars, preview: true }","meta":{"rootId":"azqe61h631erc8s","id":"wx32rnvdre0s1kk"},"id":"rh9qqg68gbnlqkq","previousOperationId":"f2o3eijxtp0fik7"}
{"type":"log","timestamp":1674763150968,"level":"debug","message":"Inline data specified.","meta":{"rootId":"azqe61h631erc8s","id":"wx32rnvdre0s1kk"},"id":"sc45ivohxaa23hu","previousOperationId":"f2o3eijxtp0fik7"}
{"type":"log","timestamp":1674763150972,"level":"debug","message":"Base url not specified, skipping its injection.","meta":{"rootId":"azqe61h631erc8s","id":"wx32rnvdre0s1kk"},"id":"olndun9giyi50ha","previousOperationId":"f2o3eijxtp0fik7"}
{"type":"operationStart","subtype":"engine","name":"handlebars","timestamp":1674763150973,"id":"801r4c3865sj8yx","previousEventId":"0a0zdm1hu0o2ay4","operationId":"p0fnypotcsort7z","previousOperationId":"f2o3eijxtp0fik7"}
{"type":"log","timestamp":1674763150973,"level":"debug","message":"Rendering engine handlebars","meta":{"rootId":"azqe61h631erc8s","id":"wx32rnvdre0s1kk"},"id":"y7ylnuitloh72xo","previousOperationId":"p0fnypotcsort7z"}
{"type":"operationEnd","operationId":"p0fnypotcsort7z","timestamp":1674763151017,"id":"ubssegezqv08a0c","previousEventId":"801r4c3865sj8yx","previousOperationId":"p0fnypotcsort7z"}
{"type":"operationStart","subtype":"recipe","name":"chrome-pdf","timestamp":1674763151017,"id":"xbxpwj3eycicuxc","previousEventId":"ubssegezqv08a0c","operationId":"53lsaoudeiy2lyp","previousOperationId":"p0fnypotcsort7z"}
{"type":"log","timestamp":1674763151017,"level":"debug","message":"Executing recipe chrome-pdf","meta":{"rootId":"azqe61h631erc8s","id":"wx32rnvdre0s1kk"},"id":"n7knd34muoschcy","previousOperationId":"53lsaoudeiy2lyp"}
{"type":"log","timestamp":1674763151021,"level":"debug","message":"Converting with chrome HeadlessChrome/105.0.5173.0 using chrome-pool strategy","meta":{"rootId":"azqe61h631erc8s","id":"wx32rnvdre0s1kk"},"id":"9h08dx1q70vdo1z","previousOperationId":"53lsaoudeiy2lyp"}
{"type":"log","timestamp":1674763151138,"level":"debug","message":"Page request: GET (document) file:///C:/Users/alegu/AppData/Local/Temp/jsreport/autocleanup/40973d8b-b21b-4ca9-b9fa-5c9cf4492140-chrome-pdf.html","meta":{"rootId":"azqe61h631erc8s","id":"wx32rnvdre0s1kk"},"id":"1ewgk6zediso55x","previousOperationId":"53lsaoudeiy2lyp"}
{"type":"log","timestamp":1674763151151,"level":"debug","message":"Page request finished: GET (document) 200 file:///C:/Users/alegu/AppData/Local/Temp/jsreport/autocleanup/40973d8b-b21b-4ca9-b9fa-5c9cf4492140-chrome-pdf.html","meta":{"rootId":"azqe61h631erc8s","id":"wx32rnvdre0s1kk"},"id":"429r82o732r4iev","previousOperationId":"53lsaoudeiy2lyp"}
{"type":"log","timestamp":1674763151151,"level":"debug","message":"Page request: GET (stylesheet) https://cdnjs.cloudflare.com/ajax/libs/metro/4.1.5/css/metro.min.css","meta":{"rootId":"azqe61h631erc8s","id":"wx32rnvdre0s1kk"},"id":"gs31h3thd6uayqj","previousOperationId":"53lsaoudeiy2lyp"}
{"type":"log","timestamp":1674763151176,"level":"debug","message":"Page request finished: GET (stylesheet) 200 https://cdnjs.cloudflare.com/ajax/libs/metro/4.1.5/css/metro.min.css","meta":{"rootId":"azqe61h631erc8s","id":"wx32rnvdre0s1kk"},"id":"b89wgo6rb5vm10x","previousOperationId":"53lsaoudeiy2lyp"}
{"type":"log","timestamp":1674763151203,"level":"debug","message":"Running chrome with params {\"printBackground\":true,\"marginTop\":\"1.5cm\",\"marginRight\":\"1.5cm\",\"marginLeft\":\"1.cm\",\"timeout\":58236,\"margin\":{\"top\":\"1.5cm\",\"right\":\"1.5cm\",\"left\":\"1.cm\"}}","meta":{"rootId":"azqe61h631erc8s","id":"wx32rnvdre0s1kk"},"id":"oulmqc936ug5hhh","previousOperationId":"53lsaoudeiy2lyp"}
{"type":"operationEnd","operationId":"53lsaoudeiy2lyp","timestamp":1674763151277,"id":"l6ifi5a3p9objwn","previousEventId":"xbxpwj3eycicuxc","previousOperationId":"53lsaoudeiy2lyp"}
{"type":"log","timestamp":1674763151277,"level":"debug","message":"Skipping storing report.","meta":{"rootId":"azqe61h631erc8s","id":"wx32rnvdre0s1kk"},"id":"lkyi8g6yx6qub85","previousOperationId":"53lsaoudeiy2lyp"}
{"type":"log","timestamp":1674763151277,"level":"info","message":"Rendering (child) request finished in 2022 ms","meta":{"rootId":"azqe61h631erc8s","id":"wx32rnvdre0s1kk"},"id":"cx71sb97mlpvrss","previousOperationId":"53lsaoudeiy2lyp"}
{"type":"operationEnd","subtype":"render","operationId":"f2o3eijxtp0fik7","timestamp":1674763151277,"id":"foii1afrxkb9ph0","previousEventId":"l6ifi5a3p9objwn","previousOperationId":"53lsaoudeiy2lyp"}
{"type":"operationEnd","operationId":"kytijy0feulngkb","timestamp":1674763151286,"id":"kmeyqlt4uai5t6f","previousEventId":"wcyqrrvehdxson0","previousOperationId":"kytijy0feulngkb"}
{"type":"log","timestamp":1674763151286,"level":"debug","message":"pdf-utils postproces start","meta":{"rootId":"azqe61h631erc8s","id":"azqe61h631erc8s"},"id":"swj3rgio017ak62","previousOperationId":"kytijy0feulngkb"}
{"type":"log","timestamp":1674763151293,"level":"debug","message":"pdf-utils postproces end","meta":{"rootId":"azqe61h631erc8s","id":"azqe61h631erc8s"},"id":"wyvw2flrgdpxfjy","previousOperationId":"kytijy0feulngkb"}
{"type":"operationEnd","operationId":"objnu1zlit5bznk","timestamp":1674763151293,"id":"3wtm8d7nuz8ra32","previousEventId":"kmeyqlt4uai5t6f","previousOperationId":"kytijy0feulngkb"}
{"type":"log","timestamp":1674763151293,"level":"info","message":"pdf-utils pdf processing was finished","meta":{"rootId":"azqe61h631erc8s","id":"azqe61h631erc8s"},"id":"k9ctjlq4fcltvvt","previousOperationId":"objnu1zlit5bznk"}
{"type":"log","timestamp":1674763151293,"level":"debug","message":"Skipping storing report.","meta":{"rootId":"azqe61h631erc8s","id":"azqe61h631erc8s"},"id":"46ob6qdk510dqma","previousOperationId":"objnu1zlit5bznk"}
{"type":"log","timestamp":1674763151293,"level":"info","message":"Rendering request 4 finished in 2038 ms","meta":{"rootId":"azqe61h631erc8s","id":"azqe61h631erc8s"},"id":"u4a4776qbchmd7v","previousOperationId":"objnu1zlit5bznk"}
{"type":"operationEnd","subtype":"render","operationId":"x5ub8btd3wl3r3z","timestamp":1674763151293,"id":"fkuah08t5xfhhit","previousEventId":"3wtm8d7nuz8ra32","previousOperationId":"objnu1zlit5bznk"}
{"type":"operationEnd","doDiffs":false,"previousEventId":"0n8es5hfvyqayv1","previousOperationId":"uxc84g5vmx3alpt","operationId":"uxc84g5vmx3alpt","timestamp":1674763151381,"id":"0jeqg4734g434pr"}
