{"type":"operationStart","subtype":"profile","data":{"_id":"QUaAq89m3IL5Tzv3","timestamp":"2023-01-26T20:04:41.231Z","state":"queued","mode":"standard","creationDate":"2023-01-26T20:04:41.233Z","modificationDate":"2023-01-26T20:04:41.234Z","shortid":"XVI3iW4","$entitySet":"profiles"},"doDiffs":false,"timestamp":1674763481232,"id":"c26lumgeuszws1i","previousOperationId":null,"operationId":"xdusrt80zndwmnh"}
{"type":"log","level":"info","message":"Render request 6 queued for execution and waiting for available worker","previousOperationId":"xdusrt80zndwmnh","timestamp":1674763481232,"id":"uhdj6yinjapjhsx"}
{"type":"operationStart","subtype":"render","name":"orders-main","previousOperationId":"xdusrt80zndwmnh","timestamp":1674763481249,"id":"hxnsar64v7jraej","previousEventId":"c26lumgeuszws1i","operationId":"kbhueps7vk5nyra"}
{"type":"log","timestamp":1674763481250,"level":"info","message":"Starting rendering request 6","meta":{"rootId":"cc8g90n9s1uyrdy","id":"cc8g90n9s1uyrdy"},"id":"iy32w41bc1m0cgz","previousOperationId":"kbhueps7vk5nyra"}
{"type":"log","timestamp":1674763481250,"level":"info","message":"Rendering template { name: orders-main, recipe: chrome-pdf, engine: handlebars, preview: true }","meta":{"rootId":"cc8g90n9s1uyrdy","id":"cc8g90n9s1uyrdy"},"id":"iqil4wxfme5rvvl","previousOperationId":"kbhueps7vk5nyra"}
{"type":"log","timestamp":1674763481253,"level":"debug","message":"Data item not defined for this template.","meta":{"rootId":"cc8g90n9s1uyrdy","id":"cc8g90n9s1uyrdy"},"id":"rzobbqnuqy1exh6","previousOperationId":"kbhueps7vk5nyra"}
{"type":"log","timestamp":1674763481261,"level":"debug","message":"Executing script orders-script (beforeRender)","meta":{"rootId":"cc8g90n9s1uyrdy","id":"cc8g90n9s1uyrdy"},"id":"dstw9d27aa7c0x8","previousOperationId":"kbhueps7vk5nyra"}
{"type":"operationStart","subtype":"scriptsBeforeRender","name":"scripts beforeRender","timestamp":1674763481274,"id":"uyrncsecwkjo8sr","previousEventId":"hxnsar64v7jraej","operationId":"pt1xp53hwtoup4n","previousOperationId":"kbhueps7vk5nyra"}
{"type":"operationStart","subtype":"script","name":"scripts orders-script","previousOperationId":"pt1xp53hwtoup4n","timestamp":1674763481274,"id":"zvz6wkxmhx5iul3","previousEventId":"uyrncsecwkjo8sr","operationId":"qks3psnu6du9a6f"}
{"type":"operationEnd","operationId":"qks3psnu6du9a6f","timestamp":1674763482524,"id":"nuqx14x19bp2eth","previousEventId":"hxnsar64v7jraej","previousOperationId":"kbhueps7vk5nyra"}
{"type":"operationEnd","operationId":"pt1xp53hwtoup4n","timestamp":1674763482524,"id":"zrcsp3bos6n0uff","previousEventId":"nuqx14x19bp2eth","previousOperationId":"kbhueps7vk5nyra"}
{"type":"log","timestamp":1674763482524,"level":"debug","message":"Base url not specified, skipping its injection.","meta":{"rootId":"cc8g90n9s1uyrdy","id":"cc8g90n9s1uyrdy"},"id":"8nor3l3bor8tq45","previousOperationId":"pt1xp53hwtoup4n"}
{"type":"operationStart","subtype":"engine","name":"handlebars","timestamp":1674763482525,"id":"2avugcjw9y0wkcu","previousEventId":"zrcsp3bos6n0uff","operationId":"uovtcfytdakff5n","previousOperationId":"pt1xp53hwtoup4n"}
{"type":"log","timestamp":1674763482525,"level":"debug","message":"Rendering engine handlebars","meta":{"rootId":"cc8g90n9s1uyrdy","id":"cc8g90n9s1uyrdy"},"id":"se0u6rj8xra5s05","previousOperationId":"uovtcfytdakff5n"}
{"type":"log","timestamp":1674763482543,"level":"debug","message":"(console:log) Pdf utils adding group field, value: \"France\"","meta":{"userLevel":true,"rootId":"cc8g90n9s1uyrdy","id":"cc8g90n9s1uyrdy"},"id":"1a8utlbjf9m0b0o","previousOperationId":"uovtcfytdakff5n"}
{"type":"log","timestamp":1674763482543,"level":"debug","message":"(console:log) Pdf utils adding group field, value: \"Germany\"","meta":{"userLevel":true,"rootId":"cc8g90n9s1uyrdy","id":"cc8g90n9s1uyrdy"},"id":"1vkxwxkwipz67y1","previousOperationId":"uovtcfytdakff5n"}
{"type":"operationEnd","operationId":"uovtcfytdakff5n","timestamp":1674763482544,"id":"bsofrq3ukzq30bq","previousEventId":"2avugcjw9y0wkcu","previousOperationId":"uovtcfytdakff5n"}
{"type":"operationStart","subtype":"recipe","name":"chrome-pdf","timestamp":1674763482545,"id":"armp38ktlpzscj0","previousEventId":"bsofrq3ukzq30bq","operationId":"f0lyer987zojvdx","previousOperationId":"uovtcfytdakff5n"}
{"type":"log","timestamp":1674763482545,"level":"debug","message":"Executing recipe chrome-pdf","meta":{"rootId":"cc8g90n9s1uyrdy","id":"cc8g90n9s1uyrdy"},"id":"6up3ne2b9dxx0uk","previousOperationId":"f0lyer987zojvdx"}
{"type":"log","timestamp":1674763482550,"level":"debug","message":"Converting with chrome HeadlessChrome/105.0.5173.0 using chrome-pool strategy","meta":{"rootId":"cc8g90n9s1uyrdy","id":"cc8g90n9s1uyrdy"},"id":"vvz64ue3cwtxix1","previousOperationId":"f0lyer987zojvdx"}
{"type":"log","timestamp":1674763482670,"level":"debug","message":"Page request: GET (document) file:///C:/Users/alegu/AppData/Local/Temp/jsreport/autocleanup/9e5b2bdd-ecb9-42e4-968e-a3506d50fdf0-chrome-pdf.html","meta":{"rootId":"cc8g90n9s1uyrdy","id":"cc8g90n9s1uyrdy"},"id":"kuyj49bh5hu4r9z","previousOperationId":"f0lyer987zojvdx"}
{"type":"log","timestamp":1674763482684,"level":"debug","message":"Page request finished: GET (document) 200 file:///C:/Users/alegu/AppData/Local/Temp/jsreport/autocleanup/9e5b2bdd-ecb9-42e4-968e-a3506d50fdf0-chrome-pdf.html","meta":{"rootId":"cc8g90n9s1uyrdy","id":"cc8g90n9s1uyrdy"},"id":"4p5vkpy65fl1u5p","previousOperationId":"f0lyer987zojvdx"}
{"type":"log","timestamp":1674763482684,"level":"debug","message":"Page request: GET (stylesheet) https://cdnjs.cloudflare.com/ajax/libs/metro/4.1.5/css/metro.min.css","meta":{"rootId":"cc8g90n9s1uyrdy","id":"cc8g90n9s1uyrdy"},"id":"hkugmip7ax3sct3","previousOperationId":"f0lyer987zojvdx"}
{"type":"log","timestamp":1674763482684,"level":"debug","message":"Page request: GET (script) https://cdnjs.cloudflare.com/ajax/libs/Chart.js/2.7.2/Chart.min.js","meta":{"rootId":"cc8g90n9s1uyrdy","id":"cc8g90n9s1uyrdy"},"id":"h628c9isv0ogaad","previousOperationId":"f0lyer987zojvdx"}
{"type":"log","timestamp":1674763482694,"level":"debug","message":"Page request finished: GET (script) 200 https://cdnjs.cloudflare.com/ajax/libs/Chart.js/2.7.2/Chart.min.js","meta":{"rootId":"cc8g90n9s1uyrdy","id":"cc8g90n9s1uyrdy"},"id":"jdg03insj9sb5zb","previousOperationId":"f0lyer987zojvdx"}
{"type":"log","timestamp":1674763482714,"level":"debug","message":"Page request finished: GET (stylesheet) 200 https://cdnjs.cloudflare.com/ajax/libs/metro/4.1.5/css/metro.min.css","meta":{"rootId":"cc8g90n9s1uyrdy","id":"cc8g90n9s1uyrdy"},"id":"xtokfbekc2fash6","previousOperationId":"f0lyer987zojvdx"}
{"type":"log","timestamp":1674763482837,"level":"debug","message":"Running chrome with params {\"printBackground\":true,\"marginTop\":\"4cm\",\"marginRight\":\"1.5cm\",\"marginBottom\":\"1.5cm\",\"marginLeft\":\"1.5cm\",\"waitForJS\":false,\"timeout\":58682,\"margin\":{\"top\":\"4cm\",\"right\":\"1.5cm\",\"bottom\":\"1.5cm\",\"left\":\"1.5cm\"}}","meta":{"rootId":"cc8g90n9s1uyrdy","id":"cc8g90n9s1uyrdy"},"id":"68izw9lsa8h1eh0","previousOperationId":"f0lyer987zojvdx"}
{"type":"operationEnd","operationId":"f0lyer987zojvdx","timestamp":1674763483071,"id":"9m92yfv3tm3o104","previousEventId":"armp38ktlpzscj0","previousOperationId":"f0lyer987zojvdx"}
{"type":"log","timestamp":1674763483071,"level":"info","message":"pdf-utils is starting pdf processing","meta":{"rootId":"cc8g90n9s1uyrdy","id":"cc8g90n9s1uyrdy"},"id":"sncfv99d15suk0v","previousOperationId":"f0lyer987zojvdx"}
{"type":"operationStart","subtype":"pdfUtils","name":"pdf utils","timestamp":1674763483071,"id":"nou5nxxwprup2k0","previousEventId":"9m92yfv3tm3o104","operationId":"5u9x4zpfm6kwimf","previousOperationId":"f0lyer987zojvdx"}
{"type":"log","timestamp":1674763483071,"level":"debug","message":"pdf-utils detected 1 pdf operation(s) to process","meta":{"rootId":"cc8g90n9s1uyrdy","id":"cc8g90n9s1uyrdy"},"id":"xe6th9l8judsgxx","previousOperationId":"5u9x4zpfm6kwimf"}
{"type":"log","timestamp":1674763483134,"level":"debug","message":"pdf-utils running pdf operation merge","meta":{"rootId":"cc8g90n9s1uyrdy","id":"cc8g90n9s1uyrdy"},"id":"dspcvlrqwfpijrg","previousOperationId":"5u9x4zpfm6kwimf"}
{"type":"operationStart","subtype":"pdfUtilsMerge","name":"pdf utils merge","previousOperationId":"5u9x4zpfm6kwimf","timestamp":1674763483134,"id":"qg8kf75e6eifv3j","previousEventId":"nou5nxxwprup2k0","operationId":"gjfej7klz4fnnv6"}
{"type":"operationStart","subtype":"render","name":"orders-header","previousOperationId":"gjfej7klz4fnnv6","timestamp":1674763483136,"id":"sb7kxx60qi83n42","previousEventId":"qg8kf75e6eifv3j","operationId":"0orii4qs3s07s67"}
{"type":"log","timestamp":1674763483136,"level":"info","message":"Starting rendering (child) request","meta":{"rootId":"cc8g90n9s1uyrdy","id":"iv3mcbxn6z94l1x"},"id":"b87qulq3hc2aaxf","previousOperationId":"0orii4qs3s07s67"}
{"type":"log","timestamp":1674763483136,"level":"info","message":"Rendering template { name: orders-header, recipe: chrome-pdf, engine: handlebars, preview: true }","meta":{"rootId":"cc8g90n9s1uyrdy","id":"iv3mcbxn6z94l1x"},"id":"965hth43wzrvvon","previousOperationId":"0orii4qs3s07s67"}
{"type":"log","timestamp":1674763483137,"level":"debug","message":"Inline data specified.","meta":{"rootId":"cc8g90n9s1uyrdy","id":"iv3mcbxn6z94l1x"},"id":"799uwci6ogkkj1f","previousOperationId":"0orii4qs3s07s67"}
{"type":"log","timestamp":1674763483140,"level":"debug","message":"Base url not specified, skipping its injection.","meta":{"rootId":"cc8g90n9s1uyrdy","id":"iv3mcbxn6z94l1x"},"id":"9has8lfxn0427x3","previousOperationId":"0orii4qs3s07s67"}
{"type":"operationStart","subtype":"engine","name":"handlebars","timestamp":1674763483140,"id":"3jxoh0y77m7tn2b","previousEventId":"sb7kxx60qi83n42","operationId":"zovjmnd4cbt29bx","previousOperationId":"0orii4qs3s07s67"}
{"type":"log","timestamp":1674763483140,"level":"debug","message":"Rendering engine handlebars","meta":{"rootId":"cc8g90n9s1uyrdy","id":"iv3mcbxn6z94l1x"},"id":"pz97gs2hi5srkze","previousOperationId":"zovjmnd4cbt29bx"}
{"type":"operationEnd","operationId":"zovjmnd4cbt29bx","timestamp":1674763483169,"id":"wmnmrf0xcl09pmt","previousEventId":"3jxoh0y77m7tn2b","previousOperationId":"zovjmnd4cbt29bx"}
{"type":"operationStart","subtype":"recipe","name":"chrome-pdf","timestamp":1674763483169,"id":"nyg3y2q9zjm72ft","previousEventId":"wmnmrf0xcl09pmt","operationId":"cfhqvlq1h5egafj","previousOperationId":"zovjmnd4cbt29bx"}
{"type":"log","timestamp":1674763483169,"level":"debug","message":"Executing recipe chrome-pdf","meta":{"rootId":"cc8g90n9s1uyrdy","id":"iv3mcbxn6z94l1x"},"id":"g9p4sgp7z0nq45e","previousOperationId":"cfhqvlq1h5egafj"}
{"type":"log","timestamp":1674763483172,"level":"debug","message":"Converting with chrome HeadlessChrome/105.0.5173.0 using chrome-pool strategy","meta":{"rootId":"cc8g90n9s1uyrdy","id":"iv3mcbxn6z94l1x"},"id":"h4hlqpm4o7bt5ii","previousOperationId":"cfhqvlq1h5egafj"}
{"type":"log","timestamp":1674763483292,"level":"debug","message":"Page request: GET (document) file:///C:/Users/alegu/AppData/Local/Temp/jsreport/autocleanup/50acdfde-b108-4042-a9b4-3659d22dd02a-chrome-pdf.html","meta":{"rootId":"cc8g90n9s1uyrdy","id":"iv3mcbxn6z94l1x"},"id":"niqxpwn62lvmjxw","previousOperationId":"cfhqvlq1h5egafj"}
{"type":"log","timestamp":1674763483304,"level":"debug","message":"Page request finished: GET (document) 200 file:///C:/Users/alegu/AppData/Local/Temp/jsreport/autocleanup/50acdfde-b108-4042-a9b4-3659d22dd02a-chrome-pdf.html","meta":{"rootId":"cc8g90n9s1uyrdy","id":"iv3mcbxn6z94l1x"},"id":"hkcv3mw0v2kzdm0","previousOperationId":"cfhqvlq1h5egafj"}
{"type":"log","timestamp":1674763483305,"level":"debug","message":"Page request: GET (stylesheet) https://cdnjs.cloudflare.com/ajax/libs/metro/4.1.5/css/metro.min.css","meta":{"rootId":"cc8g90n9s1uyrdy","id":"iv3mcbxn6z94l1x"},"id":"j1c6yuu3xa2sx35","previousOperationId":"cfhqvlq1h5egafj"}
{"type":"log","timestamp":1674763483331,"level":"debug","message":"Page request finished: GET (stylesheet) 200 https://cdnjs.cloudflare.com/ajax/libs/metro/4.1.5/css/metro.min.css","meta":{"rootId":"cc8g90n9s1uyrdy","id":"iv3mcbxn6z94l1x"},"id":"pbjlkwrzuka5pqc","previousOperationId":"cfhqvlq1h5egafj"}
{"type":"log","timestamp":1674763483362,"level":"debug","message":"Running chrome with params {\"printBackground\":true,\"marginTop\":\"1.5cm\",\"marginRight\":\"1.5cm\",\"marginLeft\":\"1.cm\",\"timeout\":58060,\"margin\":{\"top\":\"1.5cm\",\"right\":\"1.5cm\",\"left\":\"1.cm\"}}","meta":{"rootId":"cc8g90n9s1uyrdy","id":"iv3mcbxn6z94l1x"},"id":"o1pmfxparrla7pk","previousOperationId":"cfhqvlq1h5egafj"}
{"type":"operationEnd","operationId":"cfhqvlq1h5egafj","timestamp":1674763483450,"id":"l4lgq37mq0y80v8","previousEventId":"nyg3y2q9zjm72ft","previousOperationId":"cfhqvlq1h5egafj"}
{"type":"log","timestamp":1674763483451,"level":"debug","message":"Skipping storing report.","meta":{"rootId":"cc8g90n9s1uyrdy","id":"iv3mcbxn6z94l1x"},"id":"5n3lolpq2pifn3r","previousOperationId":"cfhqvlq1h5egafj"}
{"type":"log","timestamp":1674763483451,"level":"info","message":"Rendering (child) request finished in 2220 ms","meta":{"rootId":"cc8g90n9s1uyrdy","id":"iv3mcbxn6z94l1x"},"id":"zgrwhkknra6fbg2","previousOperationId":"cfhqvlq1h5egafj"}
{"type":"operationEnd","subtype":"render","operationId":"0orii4qs3s07s67","timestamp":1674763483451,"id":"syzua1x1gskpsh3","previousEventId":"l4lgq37mq0y80v8","previousOperationId":"cfhqvlq1h5egafj"}
{"type":"operationEnd","operationId":"gjfej7klz4fnnv6","timestamp":1674763483466,"id":"lhr217gw76u5vjk","previousEventId":"qg8kf75e6eifv3j","previousOperationId":"gjfej7klz4fnnv6"}
{"type":"log","timestamp":1674763483466,"level":"debug","message":"pdf-utils postproces start","meta":{"rootId":"cc8g90n9s1uyrdy","id":"cc8g90n9s1uyrdy"},"id":"8qrs1w1s6g5j6zo","previousOperationId":"gjfej7klz4fnnv6"}
{"type":"log","timestamp":1674763483497,"level":"debug","message":"pdf-utils postproces end","meta":{"rootId":"cc8g90n9s1uyrdy","id":"cc8g90n9s1uyrdy"},"id":"9td1oh5zh6e6fuf","previousOperationId":"gjfej7klz4fnnv6"}
{"type":"operationEnd","operationId":"5u9x4zpfm6kwimf","timestamp":1674763483497,"id":"ibf7snh4lttvjbb","previousEventId":"lhr217gw76u5vjk","previousOperationId":"gjfej7klz4fnnv6"}
{"type":"log","timestamp":1674763483497,"level":"info","message":"pdf-utils pdf processing was finished","meta":{"rootId":"cc8g90n9s1uyrdy","id":"cc8g90n9s1uyrdy"},"id":"qauwydzfmmgfql9","previousOperationId":"5u9x4zpfm6kwimf"}
{"type":"log","timestamp":1674763483497,"level":"debug","message":"Skipping storing report.","meta":{"rootId":"cc8g90n9s1uyrdy","id":"cc8g90n9s1uyrdy"},"id":"0fgm9ns6u9p0rdo","previousOperationId":"5u9x4zpfm6kwimf"}
{"type":"log","timestamp":1674763483498,"level":"info","message":"Rendering request 6 finished in 2267 ms","meta":{"rootId":"cc8g90n9s1uyrdy","id":"cc8g90n9s1uyrdy"},"id":"j1tqreehsk86ya7","previousOperationId":"5u9x4zpfm6kwimf"}
{"type":"operationEnd","subtype":"render","operationId":"kbhueps7vk5nyra","timestamp":1674763483498,"id":"9emhuih7ubjbphe","previousEventId":"ibf7snh4lttvjbb","previousOperationId":"5u9x4zpfm6kwimf"}
{"type":"operationEnd","doDiffs":false,"previousEventId":"c26lumgeuszws1i","previousOperationId":"xdusrt80zndwmnh","operationId":"xdusrt80zndwmnh","timestamp":1674763483519,"id":"ixqdvs8wk72yj8h"}
