{"type":"operationStart","subtype":"profile","data":{"_id":"jgBXjB7JGPtffMD6","timestamp":"2023-01-26T20:20:23.469Z","state":"queued","mode":"standard","creationDate":"2023-01-26T20:20:23.472Z","modificationDate":"2023-01-26T20:20:23.472Z","shortid":"dTKmoPP","$entitySet":"profiles"},"doDiffs":false,"timestamp":1674764423470,"id":"0zn8uxdj3j4alts","previousOperationId":null,"operationId":"ypbmb3jydyk8lcj"}
{"type":"log","level":"info","message":"Render request 14 queued for execution and waiting for available worker","previousOperationId":"ypbmb3jydyk8lcj","timestamp":1674764423470,"id":"rurxz43pgnzg16y"}
{"type":"operationStart","subtype":"render","name":"orders-main","previousOperationId":"ypbmb3jydyk8lcj","timestamp":1674764423489,"id":"5zhn0s9zwdjuo05","previousEventId":"0zn8uxdj3j4alts","operationId":"rs05xwnph44tegn"}
{"type":"log","timestamp":1674764423491,"level":"info","message":"Starting rendering request 14","meta":{"rootId":"ed5gikj0oayhxmq","id":"ed5gikj0oayhxmq"},"id":"z0zx5oi5trsrvwu","previousOperationId":"rs05xwnph44tegn"}
{"type":"log","timestamp":1674764423496,"level":"info","message":"Rendering template { name: orders-main, recipe: chrome-pdf, engine: handlebars, preview: true }","meta":{"rootId":"ed5gikj0oayhxmq","id":"ed5gikj0oayhxmq"},"id":"cz4mh9gjqp6g59h","previousOperationId":"rs05xwnph44tegn"}
{"type":"log","timestamp":1674764423502,"level":"debug","message":"Data item not defined for this template.","meta":{"rootId":"ed5gikj0oayhxmq","id":"ed5gikj0oayhxmq"},"id":"b7b6ryld905b2wc","previousOperationId":"rs05xwnph44tegn"}
{"type":"log","timestamp":1674764423506,"level":"debug","message":"Executing script orders-script (beforeRender)","meta":{"rootId":"ed5gikj0oayhxmq","id":"ed5gikj0oayhxmq"},"id":"w9lujl0wpilde5m","previousOperationId":"rs05xwnph44tegn"}
{"type":"log","timestamp":1674764423797,"level":"debug","message":"(console:log) Hola","meta":{"userLevel":true,"rootId":"ed5gikj0oayhxmq","id":"ed5gikj0oayhxmq"},"id":"gn91mvkb4evev1y","previousOperationId":"rs05xwnph44tegn"}
{"type":"operationStart","subtype":"scriptsBeforeRender","name":"scripts beforeRender","timestamp":1674764423797,"id":"r7qlk0hxiuekb8j","previousEventId":"5zhn0s9zwdjuo05","operationId":"lip10irs2q6czrc","previousOperationId":"rs05xwnph44tegn"}
{"type":"operationStart","subtype":"script","name":"scripts orders-script","previousOperationId":"lip10irs2q6czrc","timestamp":1674764423797,"id":"xn1vm75ds8ax5it","previousEventId":"r7qlk0hxiuekb8j","operationId":"zo0bv3wxot3pbgh"}
{"type":"log","timestamp":1674764423797,"level":"debug","message":"(console:log) Hola","meta":{"userLevel":true,"rootId":"ed5gikj0oayhxmq","id":"ed5gikj0oayhxmq"},"id":"ph24r3ojbdzv9fs","previousOperationId":"zo0bv3wxot3pbgh"}
{"type":"operationEnd","operationId":"zo0bv3wxot3pbgh","timestamp":1674764425411,"id":"mb5u6wd9hwixgtk","previousEventId":"5zhn0s9zwdjuo05","previousOperationId":"rs05xwnph44tegn"}
{"type":"operationEnd","operationId":"lip10irs2q6czrc","timestamp":1674764425411,"id":"41t8h7vqc95qzs5","previousEventId":"mb5u6wd9hwixgtk","previousOperationId":"rs05xwnph44tegn"}
{"type":"log","timestamp":1674764425412,"level":"debug","message":"Base url not specified, skipping its injection.","meta":{"rootId":"ed5gikj0oayhxmq","id":"ed5gikj0oayhxmq"},"id":"unt6m00k31sg39l","previousOperationId":"lip10irs2q6czrc"}
{"type":"operationStart","subtype":"engine","name":"handlebars","timestamp":1674764425413,"id":"xz9yj743vs0r27v","previousEventId":"41t8h7vqc95qzs5","operationId":"hthfpo8g7s0zpnt","previousOperationId":"lip10irs2q6czrc"}
{"type":"log","timestamp":1674764425413,"level":"debug","message":"Rendering engine handlebars","meta":{"rootId":"ed5gikj0oayhxmq","id":"ed5gikj0oayhxmq"},"id":"39g5m08koaojrn0","previousOperationId":"hthfpo8g7s0zpnt"}
{"type":"log","timestamp":1674764425751,"level":"debug","message":"(console:log) Pdf utils adding group field, value: \"France\"","meta":{"userLevel":true,"rootId":"ed5gikj0oayhxmq","id":"ed5gikj0oayhxmq"},"id":"xwp018q9yc0canh","previousOperationId":"hthfpo8g7s0zpnt"}
{"type":"log","timestamp":1674764425752,"level":"debug","message":"(console:log) Pdf utils adding group field, value: \"Germany\"","meta":{"userLevel":true,"rootId":"ed5gikj0oayhxmq","id":"ed5gikj0oayhxmq"},"id":"z4q4hnc7t39zudm","previousOperationId":"hthfpo8g7s0zpnt"}
{"type":"operationEnd","operationId":"hthfpo8g7s0zpnt","timestamp":1674764425752,"id":"wx9x0ttf41tqv5x","previousEventId":"xz9yj743vs0r27v","previousOperationId":"hthfpo8g7s0zpnt"}
{"type":"operationStart","subtype":"recipe","name":"chrome-pdf","timestamp":1674764425753,"id":"qksuwfi4c9bv2m2","previousEventId":"wx9x0ttf41tqv5x","operationId":"4mvb8krlk8ocyms","previousOperationId":"hthfpo8g7s0zpnt"}
{"type":"log","timestamp":1674764425753,"level":"debug","message":"Executing recipe chrome-pdf","meta":{"rootId":"ed5gikj0oayhxmq","id":"ed5gikj0oayhxmq"},"id":"pqdf5iimk62xdk5","previousOperationId":"4mvb8krlk8ocyms"}
{"type":"log","timestamp":1674764426125,"level":"debug","message":"Converting with chrome HeadlessChrome/105.0.5173.0 using chrome-pool strategy","meta":{"rootId":"ed5gikj0oayhxmq","id":"ed5gikj0oayhxmq"},"id":"6gry80jcg84scxv","previousOperationId":"4mvb8krlk8ocyms"}
{"type":"log","timestamp":1674764426374,"level":"debug","message":"Page request: GET (document) file:///C:/Users/alegu/AppData/Local/Temp/jsreport/autocleanup/5450f3cf-2859-4e92-a741-c6328a384942-chrome-pdf.html","meta":{"rootId":"ed5gikj0oayhxmq","id":"ed5gikj0oayhxmq"},"id":"f0j66c40t74kzg0","previousOperationId":"4mvb8krlk8ocyms"}
{"type":"log","timestamp":1674764426388,"level":"debug","message":"Page request finished: GET (document) 200 file:///C:/Users/alegu/AppData/Local/Temp/jsreport/autocleanup/5450f3cf-2859-4e92-a741-c6328a384942-chrome-pdf.html","meta":{"rootId":"ed5gikj0oayhxmq","id":"ed5gikj0oayhxmq"},"id":"cvyrkxbe7lsggfa","previousOperationId":"4mvb8krlk8ocyms"}
{"type":"log","timestamp":1674764426388,"level":"debug","message":"Page request: GET (stylesheet) https://cdnjs.cloudflare.com/ajax/libs/metro/4.1.5/css/metro.min.css","meta":{"rootId":"ed5gikj0oayhxmq","id":"ed5gikj0oayhxmq"},"id":"ke692wd20vadnnt","previousOperationId":"4mvb8krlk8ocyms"}
{"type":"log","timestamp":1674764426388,"level":"debug","message":"Page request: GET (script) https://cdnjs.cloudflare.com/ajax/libs/Chart.js/2.7.2/Chart.min.js","meta":{"rootId":"ed5gikj0oayhxmq","id":"ed5gikj0oayhxmq"},"id":"4mla15nstr234wi","previousOperationId":"4mvb8krlk8ocyms"}
{"type":"log","timestamp":1674764429071,"level":"debug","message":"Page request finished: GET (script) 200 https://cdnjs.cloudflare.com/ajax/libs/Chart.js/2.7.2/Chart.min.js","meta":{"rootId":"ed5gikj0oayhxmq","id":"ed5gikj0oayhxmq"},"id":"kp23ts6l0wjwc3q","previousOperationId":"4mvb8krlk8ocyms"}
{"type":"log","timestamp":1674764429148,"level":"debug","message":"Page request finished: GET (stylesheet) 200 https://cdnjs.cloudflare.com/ajax/libs/metro/4.1.5/css/metro.min.css","meta":{"rootId":"ed5gikj0oayhxmq","id":"ed5gikj0oayhxmq"},"id":"p6u8tptaqty3v44","previousOperationId":"4mvb8krlk8ocyms"}
{"type":"log","timestamp":1674764429267,"level":"debug","message":"Running chrome with params {\"printBackground\":true,\"marginTop\":\"4cm\",\"marginRight\":\"1.5cm\",\"marginBottom\":\"1.5cm\",\"marginLeft\":\"1.5cm\",\"waitForJS\":false,\"timeout\":57589,\"margin\":{\"top\":\"4cm\",\"right\":\"1.5cm\",\"bottom\":\"1.5cm\",\"left\":\"1.5cm\"}}","meta":{"rootId":"ed5gikj0oayhxmq","id":"ed5gikj0oayhxmq"},"id":"m1eu8odgyhjejli","previousOperationId":"4mvb8krlk8ocyms"}
{"type":"operationEnd","operationId":"4mvb8krlk8ocyms","timestamp":1674764429489,"id":"b4ssrzmqyv7f5pm","previousEventId":"qksuwfi4c9bv2m2","previousOperationId":"4mvb8krlk8ocyms"}
{"type":"log","timestamp":1674764429490,"level":"info","message":"pdf-utils is starting pdf processing","meta":{"rootId":"ed5gikj0oayhxmq","id":"ed5gikj0oayhxmq"},"id":"vto5q61ue4dt7k0","previousOperationId":"4mvb8krlk8ocyms"}
{"type":"operationStart","subtype":"pdfUtils","name":"pdf utils","timestamp":1674764429675,"id":"0pegfgnl7q47mec","previousEventId":"b4ssrzmqyv7f5pm","operationId":"valbvp17mk7twkg","previousOperationId":"4mvb8krlk8ocyms"}
{"type":"log","timestamp":1674764429675,"level":"debug","message":"pdf-utils detected 1 pdf operation(s) to process","meta":{"rootId":"ed5gikj0oayhxmq","id":"ed5gikj0oayhxmq"},"id":"dg683tz3ohz76b2","previousOperationId":"valbvp17mk7twkg"}
{"type":"log","timestamp":1674764429989,"level":"debug","message":"pdf-utils running pdf operation merge","meta":{"rootId":"ed5gikj0oayhxmq","id":"ed5gikj0oayhxmq"},"id":"33zvg7kba5bddyp","previousOperationId":"valbvp17mk7twkg"}
{"type":"operationStart","subtype":"pdfUtilsMerge","name":"pdf utils merge","previousOperationId":"valbvp17mk7twkg","timestamp":1674764429989,"id":"0patizwwatzutcj","previousEventId":"0pegfgnl7q47mec","operationId":"bulcifh22g49xff"}
{"type":"operationStart","subtype":"render","name":"orders-header","previousOperationId":"bulcifh22g49xff","timestamp":1674764429991,"id":"q68hhorh0bx18b2","previousEventId":"0patizwwatzutcj","operationId":"hy2l78bsk0iv2x5"}
{"type":"log","timestamp":1674764429992,"level":"info","message":"Starting rendering (child) request","meta":{"rootId":"ed5gikj0oayhxmq","id":"bein1il6g6439l4"},"id":"ytsyqw9gsqtcplw","previousOperationId":"hy2l78bsk0iv2x5"}
{"type":"log","timestamp":1674764429992,"level":"info","message":"Rendering template { name: orders-header, recipe: chrome-pdf, engine: handlebars, preview: true }","meta":{"rootId":"ed5gikj0oayhxmq","id":"bein1il6g6439l4"},"id":"fwphx396ky5f3gq","previousOperationId":"hy2l78bsk0iv2x5"}
{"type":"log","timestamp":1674764430004,"level":"debug","message":"Inline data specified.","meta":{"rootId":"ed5gikj0oayhxmq","id":"bein1il6g6439l4"},"id":"ztp3hq5792mgbga","previousOperationId":"hy2l78bsk0iv2x5"}
{"type":"log","timestamp":1674764430015,"level":"debug","message":"Base url not specified, skipping its injection.","meta":{"rootId":"ed5gikj0oayhxmq","id":"bein1il6g6439l4"},"id":"1ea8rvhjoxoy7mn","previousOperationId":"hy2l78bsk0iv2x5"}
{"type":"operationStart","subtype":"engine","name":"handlebars","timestamp":1674764430015,"id":"vd4avvpyz86q804","previousEventId":"q68hhorh0bx18b2","operationId":"g8np6mi2ce7d46t","previousOperationId":"hy2l78bsk0iv2x5"}
{"type":"log","timestamp":1674764430015,"level":"debug","message":"Rendering engine handlebars","meta":{"rootId":"ed5gikj0oayhxmq","id":"bein1il6g6439l4"},"id":"6k1c4ak9c9q53ka","previousOperationId":"g8np6mi2ce7d46t"}
{"type":"operationEnd","operationId":"g8np6mi2ce7d46t","timestamp":1674764430050,"id":"izkabx5316ls0hq","previousEventId":"vd4avvpyz86q804","previousOperationId":"g8np6mi2ce7d46t"}
{"type":"operationStart","subtype":"recipe","name":"chrome-pdf","timestamp":1674764430050,"id":"ijp7p27xhn9iift","previousEventId":"izkabx5316ls0hq","operationId":"xxfdspjfo7lxpu1","previousOperationId":"g8np6mi2ce7d46t"}
{"type":"log","timestamp":1674764430050,"level":"debug","message":"Executing recipe chrome-pdf","meta":{"rootId":"ed5gikj0oayhxmq","id":"bein1il6g6439l4"},"id":"m2a1lmq5ohdlzze","previousOperationId":"xxfdspjfo7lxpu1"}
{"type":"log","timestamp":1674764430054,"level":"debug","message":"Converting with chrome HeadlessChrome/105.0.5173.0 using chrome-pool strategy","meta":{"rootId":"ed5gikj0oayhxmq","id":"bein1il6g6439l4"},"id":"lo97xyjaj4qci74","previousOperationId":"xxfdspjfo7lxpu1"}
{"type":"log","timestamp":1674764430170,"level":"debug","message":"Page request: GET (document) file:///C:/Users/alegu/AppData/Local/Temp/jsreport/autocleanup/4b8b05be-b8fc-4ca7-a364-3cb7a3de3f91-chrome-pdf.html","meta":{"rootId":"ed5gikj0oayhxmq","id":"bein1il6g6439l4"},"id":"p9zfr416zgvynyb","previousOperationId":"xxfdspjfo7lxpu1"}
{"type":"log","timestamp":1674764430181,"level":"debug","message":"Page request finished: GET (document) 200 file:///C:/Users/alegu/AppData/Local/Temp/jsreport/autocleanup/4b8b05be-b8fc-4ca7-a364-3cb7a3de3f91-chrome-pdf.html","meta":{"rootId":"ed5gikj0oayhxmq","id":"bein1il6g6439l4"},"id":"oxrp39z5s0ilz0d","previousOperationId":"xxfdspjfo7lxpu1"}
{"type":"log","timestamp":1674764430182,"level":"debug","message":"Page request: GET (stylesheet) https://cdnjs.cloudflare.com/ajax/libs/metro/4.1.5/css/metro.min.css","meta":{"rootId":"ed5gikj0oayhxmq","id":"bein1il6g6439l4"},"id":"upvt9kqedlhktuc","previousOperationId":"xxfdspjfo7lxpu1"}
{"type":"log","timestamp":1674764430207,"level":"debug","message":"Page request finished: GET (stylesheet) 200 https://cdnjs.cloudflare.com/ajax/libs/metro/4.1.5/css/metro.min.css","meta":{"rootId":"ed5gikj0oayhxmq","id":"bein1il6g6439l4"},"id":"4bqr1o06lezisiz","previousOperationId":"xxfdspjfo7lxpu1"}
{"type":"log","timestamp":1674764430244,"level":"debug","message":"Running chrome with params {\"printBackground\":true,\"marginTop\":\"1.5cm\",\"marginRight\":\"1.5cm\",\"marginLeft\":\"1.cm\",\"timeout\":53416,\"margin\":{\"top\":\"1.5cm\",\"right\":\"1.5cm\",\"left\":\"1.cm\"}}","meta":{"rootId":"ed5gikj0oayhxmq","id":"bein1il6g6439l4"},"id":"jnzdyoi8qz25m55","previousOperationId":"xxfdspjfo7lxpu1"}
{"type":"operationEnd","operationId":"xxfdspjfo7lxpu1","timestamp":1674764430327,"id":"uxx31htfpna9dx3","previousEventId":"ijp7p27xhn9iift","previousOperationId":"xxfdspjfo7lxpu1"}
{"type":"log","timestamp":1674764430328,"level":"debug","message":"Skipping storing report.","meta":{"rootId":"ed5gikj0oayhxmq","id":"bein1il6g6439l4"},"id":"d6mtvxshajf2b99","previousOperationId":"xxfdspjfo7lxpu1"}
{"type":"log","timestamp":1674764430329,"level":"info","message":"Rendering (child) request finished in 6860 ms","meta":{"rootId":"ed5gikj0oayhxmq","id":"bein1il6g6439l4"},"id":"sd93c3qfg9vuw97","previousOperationId":"xxfdspjfo7lxpu1"}
{"type":"operationEnd","subtype":"render","operationId":"hy2l78bsk0iv2x5","timestamp":1674764430329,"id":"z9gb1ge7rlsta9z","previousEventId":"uxx31htfpna9dx3","previousOperationId":"xxfdspjfo7lxpu1"}
{"type":"operationEnd","operationId":"bulcifh22g49xff","timestamp":1674764430364,"id":"nnm36nefuwdlvp8","previousEventId":"0patizwwatzutcj","previousOperationId":"bulcifh22g49xff"}
{"type":"log","timestamp":1674764430364,"level":"debug","message":"pdf-utils postproces start","meta":{"rootId":"ed5gikj0oayhxmq","id":"ed5gikj0oayhxmq"},"id":"bgeu10fom5g1w5i","previousOperationId":"bulcifh22g49xff"}
{"type":"log","timestamp":1674764430405,"level":"debug","message":"pdf-utils postproces end","meta":{"rootId":"ed5gikj0oayhxmq","id":"ed5gikj0oayhxmq"},"id":"zl3n5j32p6wzkms","previousOperationId":"bulcifh22g49xff"}
{"type":"operationEnd","operationId":"valbvp17mk7twkg","timestamp":1674764430405,"id":"0qjxz87fxwhhszm","previousEventId":"nnm36nefuwdlvp8","previousOperationId":"bulcifh22g49xff"}
{"type":"log","timestamp":1674764430405,"level":"info","message":"pdf-utils pdf processing was finished","meta":{"rootId":"ed5gikj0oayhxmq","id":"ed5gikj0oayhxmq"},"id":"shyimd84bvwg2pm","previousOperationId":"valbvp17mk7twkg"}
{"type":"log","timestamp":1674764430405,"level":"debug","message":"Skipping storing report.","meta":{"rootId":"ed5gikj0oayhxmq","id":"ed5gikj0oayhxmq"},"id":"rcznne05rxeeeiv","previousOperationId":"valbvp17mk7twkg"}
{"type":"log","timestamp":1674764430405,"level":"info","message":"Rendering request 14 finished in 6936 ms","meta":{"rootId":"ed5gikj0oayhxmq","id":"ed5gikj0oayhxmq"},"id":"24jekdtj8s9hj3t","previousOperationId":"valbvp17mk7twkg"}
{"type":"operationEnd","subtype":"render","operationId":"rs05xwnph44tegn","timestamp":1674764430405,"id":"jic6o8hitdowenu","previousEventId":"0qjxz87fxwhhszm","previousOperationId":"valbvp17mk7twkg"}
{"type":"operationEnd","doDiffs":false,"previousEventId":"0zn8uxdj3j4alts","previousOperationId":"ypbmb3jydyk8lcj","operationId":"ypbmb3jydyk8lcj","timestamp":1674764430422,"id":"nzwywz36cj3sin9"}
