{"type":"operationStart","subtype":"profile","data":{"_id":"7tyyiZVycpAErxU6","timestamp":"2023-01-26T20:26:33.232Z","state":"queued","mode":"standard","creationDate":"2023-01-26T20:26:33.235Z","modificationDate":"2023-01-26T20:26:33.235Z","shortid":"TEGcMnP","$entitySet":"profiles"},"doDiffs":false,"timestamp":1674764793234,"id":"6ne1txjcfjqglma","previousOperationId":null,"operationId":"56wykeveex2ptjj"}
{"type":"log","level":"info","message":"Render request 21 queued for execution and waiting for available worker","previousOperationId":"56wykeveex2ptjj","timestamp":1674764793234,"id":"2qqh48qbomjhmnk"}
{"type":"operationStart","subtype":"render","name":"orders-main","previousOperationId":"56wykeveex2ptjj","timestamp":1674764793247,"id":"rjxji9cbpkqq3e3","previousEventId":"6ne1txjcfjqglma","operationId":"s36memy3op8nfbn"}
{"type":"log","timestamp":1674764793247,"level":"info","message":"Starting rendering request 21","meta":{"rootId":"ewl3ymgbsq2n56g","id":"ewl3ymgbsq2n56g"},"id":"olpt81ufr4rbr0p","previousOperationId":"s36memy3op8nfbn"}
{"type":"log","timestamp":1674764793248,"level":"info","message":"Rendering template { name: orders-main, recipe: chrome-pdf, engine: handlebars, preview: true }","meta":{"rootId":"ewl3ymgbsq2n56g","id":"ewl3ymgbsq2n56g"},"id":"m8n5hvs37u29rp6","previousOperationId":"s36memy3op8nfbn"}
{"type":"log","timestamp":1674764793251,"level":"debug","message":"Data item not defined for this template.","meta":{"rootId":"ewl3ymgbsq2n56g","id":"ewl3ymgbsq2n56g"},"id":"hm783d7z5l2ge4o","previousOperationId":"s36memy3op8nfbn"}
{"type":"log","timestamp":1674764793258,"level":"debug","message":"Executing script orders-script (beforeRender)","meta":{"rootId":"ewl3ymgbsq2n56g","id":"ewl3ymgbsq2n56g"},"id":"5v5ur68tspb4692","previousOperationId":"s36memy3op8nfbn"}
{"type":"log","timestamp":1674764793270,"level":"debug","message":"(console:log) Hola","meta":{"userLevel":true,"rootId":"ewl3ymgbsq2n56g","id":"ewl3ymgbsq2n56g"},"id":"2nwlozofwbdx9b8","previousOperationId":"s36memy3op8nfbn"}
{"type":"operationStart","subtype":"scriptsBeforeRender","name":"scripts beforeRender","timestamp":1674764793270,"id":"fw44wczv0xj9z20","previousEventId":"rjxji9cbpkqq3e3","operationId":"50l2ihcne8885qm","previousOperationId":"s36memy3op8nfbn"}
{"type":"operationStart","subtype":"script","name":"scripts orders-script","previousOperationId":"50l2ihcne8885qm","timestamp":1674764793270,"id":"fusas9hhprfg0c2","previousEventId":"fw44wczv0xj9z20","operationId":"rui4ofmr8t4jkpb"}
{"type":"log","timestamp":1674764793271,"level":"debug","message":"(console:log) Hola","meta":{"userLevel":true,"rootId":"ewl3ymgbsq2n56g","id":"ewl3ymgbsq2n56g"},"id":"nyt6h5posm24i1h","previousOperationId":"rui4ofmr8t4jkpb"}
{"type":"operationEnd","operationId":"rui4ofmr8t4jkpb","timestamp":1674764794627,"id":"0rtppin75n03s7k","previousEventId":"rjxji9cbpkqq3e3","previousOperationId":"s36memy3op8nfbn"}
{"type":"operationEnd","operationId":"50l2ihcne8885qm","timestamp":1674764794627,"id":"u6jggm5kejdt598","previousEventId":"0rtppin75n03s7k","previousOperationId":"s36memy3op8nfbn"}
{"type":"log","timestamp":1674764794627,"level":"debug","message":"Base url not specified, skipping its injection.","meta":{"rootId":"ewl3ymgbsq2n56g","id":"ewl3ymgbsq2n56g"},"id":"ygvfcwzwr3qzl7e","previousOperationId":"50l2ihcne8885qm"}
{"type":"operationStart","subtype":"engine","name":"handlebars","timestamp":1674764794628,"id":"gpnv171rxpf8n4m","previousEventId":"u6jggm5kejdt598","operationId":"ai7v9o2ide5xw3j","previousOperationId":"50l2ihcne8885qm"}
{"type":"log","timestamp":1674764794628,"level":"debug","message":"Rendering engine handlebars","meta":{"rootId":"ewl3ymgbsq2n56g","id":"ewl3ymgbsq2n56g"},"id":"dij2k9xywq4yl7g","previousOperationId":"ai7v9o2ide5xw3j"}
{"type":"log","timestamp":1674764794644,"level":"debug","message":"(console:log) Pdf utils adding group field, value: \"France\"","meta":{"userLevel":true,"rootId":"ewl3ymgbsq2n56g","id":"ewl3ymgbsq2n56g"},"id":"719d44e9wmzx6qq","previousOperationId":"ai7v9o2ide5xw3j"}
{"type":"log","timestamp":1674764794644,"level":"debug","message":"(console:log) Pdf utils adding group field, value: \"Germany\"","meta":{"userLevel":true,"rootId":"ewl3ymgbsq2n56g","id":"ewl3ymgbsq2n56g"},"id":"8wmpp9zo5j5auxj","previousOperationId":"ai7v9o2ide5xw3j"}
{"type":"operationEnd","operationId":"ai7v9o2ide5xw3j","timestamp":1674764794645,"id":"3ctdgr0rtgvm1ju","previousEventId":"gpnv171rxpf8n4m","previousOperationId":"ai7v9o2ide5xw3j"}
{"type":"operationStart","subtype":"recipe","name":"chrome-pdf","timestamp":1674764794645,"id":"f9hlj8phy33qktf","previousEventId":"3ctdgr0rtgvm1ju","operationId":"ubranof53e6gy4i","previousOperationId":"ai7v9o2ide5xw3j"}
{"type":"log","timestamp":1674764794645,"level":"debug","message":"Executing recipe chrome-pdf","meta":{"rootId":"ewl3ymgbsq2n56g","id":"ewl3ymgbsq2n56g"},"id":"fzzc2ms1juk89tc","previousOperationId":"ubranof53e6gy4i"}
{"type":"log","timestamp":1674764794648,"level":"debug","message":"Converting with chrome HeadlessChrome/105.0.5173.0 using chrome-pool strategy","meta":{"rootId":"ewl3ymgbsq2n56g","id":"ewl3ymgbsq2n56g"},"id":"inir7j3kpxmisxd","previousOperationId":"ubranof53e6gy4i"}
{"type":"log","timestamp":1674764794766,"level":"debug","message":"Page request: GET (document) file:///C:/Users/alegu/AppData/Local/Temp/jsreport/autocleanup/0d8f4a58-ccda-4169-99a1-82e9285331aa-chrome-pdf.html","meta":{"rootId":"ewl3ymgbsq2n56g","id":"ewl3ymgbsq2n56g"},"id":"yf0l84qt4wicncx","previousOperationId":"ubranof53e6gy4i"}
{"type":"log","timestamp":1674764794778,"level":"debug","message":"Page request finished: GET (document) 200 file:///C:/Users/alegu/AppData/Local/Temp/jsreport/autocleanup/0d8f4a58-ccda-4169-99a1-82e9285331aa-chrome-pdf.html","meta":{"rootId":"ewl3ymgbsq2n56g","id":"ewl3ymgbsq2n56g"},"id":"p281s6lhnq0wszu","previousOperationId":"ubranof53e6gy4i"}
{"type":"log","timestamp":1674764794779,"level":"debug","message":"Page request: GET (stylesheet) https://cdnjs.cloudflare.com/ajax/libs/metro/4.1.5/css/metro.min.css","meta":{"rootId":"ewl3ymgbsq2n56g","id":"ewl3ymgbsq2n56g"},"id":"flanw3alsjtcx3y","previousOperationId":"ubranof53e6gy4i"}
{"type":"log","timestamp":1674764794779,"level":"debug","message":"Page request: GET (script) https://cdnjs.cloudflare.com/ajax/libs/Chart.js/2.7.2/Chart.min.js","meta":{"rootId":"ewl3ymgbsq2n56g","id":"ewl3ymgbsq2n56g"},"id":"3qbvh6fke926sly","previousOperationId":"ubranof53e6gy4i"}
{"type":"log","timestamp":1674764794786,"level":"debug","message":"Page request finished: GET (script) 200 https://cdnjs.cloudflare.com/ajax/libs/Chart.js/2.7.2/Chart.min.js","meta":{"rootId":"ewl3ymgbsq2n56g","id":"ewl3ymgbsq2n56g"},"id":"6xd9bou25m921p2","previousOperationId":"ubranof53e6gy4i"}
{"type":"log","timestamp":1674764794805,"level":"debug","message":"Page request finished: GET (stylesheet) 200 https://cdnjs.cloudflare.com/ajax/libs/metro/4.1.5/css/metro.min.css","meta":{"rootId":"ewl3ymgbsq2n56g","id":"ewl3ymgbsq2n56g"},"id":"qllauzz6lclr78f","previousOperationId":"ubranof53e6gy4i"}
{"type":"log","timestamp":1674764794919,"level":"debug","message":"Running chrome with params {\"printBackground\":true,\"marginTop\":\"4cm\",\"marginRight\":\"1.5cm\",\"marginBottom\":\"1.5cm\",\"marginLeft\":\"1.5cm\",\"waitForJS\":false,\"timeout\":58585,\"margin\":{\"top\":\"4cm\",\"right\":\"1.5cm\",\"bottom\":\"1.5cm\",\"left\":\"1.5cm\"}}","meta":{"rootId":"ewl3ymgbsq2n56g","id":"ewl3ymgbsq2n56g"},"id":"nl3akt0y9wr2lp2","previousOperationId":"ubranof53e6gy4i"}
{"type":"operationEnd","operationId":"ubranof53e6gy4i","timestamp":1674764795137,"id":"9gxkyljq8gcfj4n","previousEventId":"f9hlj8phy33qktf","previousOperationId":"ubranof53e6gy4i"}
{"type":"log","timestamp":1674764795137,"level":"info","message":"pdf-utils is starting pdf processing","meta":{"rootId":"ewl3ymgbsq2n56g","id":"ewl3ymgbsq2n56g"},"id":"5m4g8sj6rjgkw5a","previousOperationId":"ubranof53e6gy4i"}
{"type":"operationStart","subtype":"pdfUtils","name":"pdf utils","timestamp":1674764795137,"id":"azvtvztdnthu08s","previousEventId":"9gxkyljq8gcfj4n","operationId":"srwel35i9zcvwml","previousOperationId":"ubranof53e6gy4i"}
{"type":"log","timestamp":1674764795137,"level":"debug","message":"pdf-utils detected 1 pdf operation(s) to process","meta":{"rootId":"ewl3ymgbsq2n56g","id":"ewl3ymgbsq2n56g"},"id":"4iclnej6s34iyxt","previousOperationId":"srwel35i9zcvwml"}
{"type":"log","timestamp":1674764795182,"level":"debug","message":"pdf-utils running pdf operation merge","meta":{"rootId":"ewl3ymgbsq2n56g","id":"ewl3ymgbsq2n56g"},"id":"rucsf93z7x180rd","previousOperationId":"srwel35i9zcvwml"}
{"type":"operationStart","subtype":"pdfUtilsMerge","name":"pdf utils merge","previousOperationId":"srwel35i9zcvwml","timestamp":1674764795182,"id":"geaio0dbe1jr3y9","previousEventId":"azvtvztdnthu08s","operationId":"tjhr7x1bami5njg"}
{"type":"operationStart","subtype":"render","name":"orders-header","previousOperationId":"tjhr7x1bami5njg","timestamp":1674764795183,"id":"7kbmwia0epwh4b1","previousEventId":"geaio0dbe1jr3y9","operationId":"1kwdllm5aye0n42"}
{"type":"log","timestamp":1674764795183,"level":"info","message":"Starting rendering (child) request","meta":{"rootId":"ewl3ymgbsq2n56g","id":"4vlm456uapi2t3j"},"id":"rqvphyamzhguxpf","previousOperationId":"1kwdllm5aye0n42"}
{"type":"log","timestamp":1674764795183,"level":"info","message":"Rendering template { name: orders-header, recipe: chrome-pdf, engine: handlebars, preview: true }","meta":{"rootId":"ewl3ymgbsq2n56g","id":"4vlm456uapi2t3j"},"id":"41iec2ntpxokd8m","previousOperationId":"1kwdllm5aye0n42"}
{"type":"log","timestamp":1674764795191,"level":"debug","message":"Inline data specified.","meta":{"rootId":"ewl3ymgbsq2n56g","id":"4vlm456uapi2t3j"},"id":"ton83fzevxruekj","previousOperationId":"1kwdllm5aye0n42"}
{"type":"log","timestamp":1674764795194,"level":"debug","message":"Base url not specified, skipping its injection.","meta":{"rootId":"ewl3ymgbsq2n56g","id":"4vlm456uapi2t3j"},"id":"5qrziyrku1ogt6x","previousOperationId":"1kwdllm5aye0n42"}
{"type":"operationStart","subtype":"engine","name":"handlebars","timestamp":1674764795194,"id":"ncdc8ceo70efc79","previousEventId":"7kbmwia0epwh4b1","operationId":"g003mzarq4wcatb","previousOperationId":"1kwdllm5aye0n42"}
{"type":"log","timestamp":1674764795194,"level":"debug","message":"Rendering engine handlebars","meta":{"rootId":"ewl3ymgbsq2n56g","id":"4vlm456uapi2t3j"},"id":"5x3oehc42f1qkkj","previousOperationId":"g003mzarq4wcatb"}
{"type":"operationEnd","operationId":"g003mzarq4wcatb","timestamp":1674764795214,"id":"gqcrp6m20u6808m","previousEventId":"ncdc8ceo70efc79","previousOperationId":"g003mzarq4wcatb"}
{"type":"operationStart","subtype":"recipe","name":"chrome-pdf","timestamp":1674764795214,"id":"erz5kcqvbz0fggy","previousEventId":"gqcrp6m20u6808m","operationId":"rmzh9p2yu8b2i78","previousOperationId":"g003mzarq4wcatb"}
{"type":"log","timestamp":1674764795214,"level":"debug","message":"Executing recipe chrome-pdf","meta":{"rootId":"ewl3ymgbsq2n56g","id":"4vlm456uapi2t3j"},"id":"jzqrfi5xlcnq018","previousOperationId":"rmzh9p2yu8b2i78"}
{"type":"log","timestamp":1674764795219,"level":"debug","message":"Converting with chrome HeadlessChrome/105.0.5173.0 using chrome-pool strategy","meta":{"rootId":"ewl3ymgbsq2n56g","id":"4vlm456uapi2t3j"},"id":"cq8kmwt3hpxa63y","previousOperationId":"rmzh9p2yu8b2i78"}
{"type":"log","timestamp":1674764795345,"level":"debug","message":"Page request: GET (document) file:///C:/Users/alegu/AppData/Local/Temp/jsreport/autocleanup/34e6f787-bc80-4eba-8962-ae8aa4bb430d-chrome-pdf.html","meta":{"rootId":"ewl3ymgbsq2n56g","id":"4vlm456uapi2t3j"},"id":"3jsigcknx1f035v","previousOperationId":"rmzh9p2yu8b2i78"}
{"type":"log","timestamp":1674764795356,"level":"debug","message":"Page request finished: GET (document) 200 file:///C:/Users/alegu/AppData/Local/Temp/jsreport/autocleanup/34e6f787-bc80-4eba-8962-ae8aa4bb430d-chrome-pdf.html","meta":{"rootId":"ewl3ymgbsq2n56g","id":"4vlm456uapi2t3j"},"id":"8lixkykc1bgdujx","previousOperationId":"rmzh9p2yu8b2i78"}
{"type":"log","timestamp":1674764795356,"level":"debug","message":"Page request: GET (stylesheet) https://cdnjs.cloudflare.com/ajax/libs/metro/4.1.5/css/metro.min.css","meta":{"rootId":"ewl3ymgbsq2n56g","id":"4vlm456uapi2t3j"},"id":"m28m86osoag1ixi","previousOperationId":"rmzh9p2yu8b2i78"}
{"type":"log","timestamp":1674764795380,"level":"debug","message":"Page request finished: GET (stylesheet) 200 https://cdnjs.cloudflare.com/ajax/libs/metro/4.1.5/css/metro.min.css","meta":{"rootId":"ewl3ymgbsq2n56g","id":"4vlm456uapi2t3j"},"id":"0ab7haj486ofp8p","previousOperationId":"rmzh9p2yu8b2i78"}
{"type":"log","timestamp":1674764795416,"level":"debug","message":"Running chrome with params {\"printBackground\":true,\"marginTop\":\"1.5cm\",\"marginRight\":\"1.5cm\",\"marginLeft\":\"1.cm\",\"timeout\":58015,\"margin\":{\"top\":\"1.5cm\",\"right\":\"1.5cm\",\"left\":\"1.cm\"}}","meta":{"rootId":"ewl3ymgbsq2n56g","id":"4vlm456uapi2t3j"},"id":"plwoy6swpcmq9hk","previousOperationId":"rmzh9p2yu8b2i78"}
{"type":"operationEnd","operationId":"rmzh9p2yu8b2i78","timestamp":1674764795506,"id":"3b8d8rv6fdw6zh7","previousEventId":"erz5kcqvbz0fggy","previousOperationId":"rmzh9p2yu8b2i78"}
{"type":"log","timestamp":1674764795506,"level":"debug","message":"Skipping storing report.","meta":{"rootId":"ewl3ymgbsq2n56g","id":"4vlm456uapi2t3j"},"id":"dkc3faejtg1k2fe","previousOperationId":"rmzh9p2yu8b2i78"}
{"type":"log","timestamp":1674764795506,"level":"info","message":"Rendering (child) request finished in 2274 ms","meta":{"rootId":"ewl3ymgbsq2n56g","id":"4vlm456uapi2t3j"},"id":"h18nvyz9gwa98f8","previousOperationId":"rmzh9p2yu8b2i78"}
{"type":"operationEnd","subtype":"render","operationId":"1kwdllm5aye0n42","timestamp":1674764795506,"id":"r2lbexwjv4nfbgo","previousEventId":"3b8d8rv6fdw6zh7","previousOperationId":"rmzh9p2yu8b2i78"}
{"type":"operationEnd","operationId":"tjhr7x1bami5njg","timestamp":1674764795522,"id":"yqr7p7sggql9xvv","previousEventId":"geaio0dbe1jr3y9","previousOperationId":"tjhr7x1bami5njg"}
{"type":"log","timestamp":1674764795522,"level":"debug","message":"pdf-utils postproces start","meta":{"rootId":"ewl3ymgbsq2n56g","id":"ewl3ymgbsq2n56g"},"id":"lorq9qd7agh4842","previousOperationId":"tjhr7x1bami5njg"}
{"type":"log","timestamp":1674764795539,"level":"debug","message":"pdf-utils postproces end","meta":{"rootId":"ewl3ymgbsq2n56g","id":"ewl3ymgbsq2n56g"},"id":"5pev4f3oxpa414s","previousOperationId":"tjhr7x1bami5njg"}
{"type":"operationEnd","operationId":"srwel35i9zcvwml","timestamp":1674764795539,"id":"jrh4k532o3hs8xu","previousEventId":"yqr7p7sggql9xvv","previousOperationId":"tjhr7x1bami5njg"}
{"type":"log","timestamp":1674764795539,"level":"info","message":"pdf-utils pdf processing was finished","meta":{"rootId":"ewl3ymgbsq2n56g","id":"ewl3ymgbsq2n56g"},"id":"310y9wfv3jyy4eg","previousOperationId":"srwel35i9zcvwml"}
{"type":"log","timestamp":1674764795539,"level":"debug","message":"Skipping storing report.","meta":{"rootId":"ewl3ymgbsq2n56g","id":"ewl3ymgbsq2n56g"},"id":"8w7n4kest6xnn8k","previousOperationId":"srwel35i9zcvwml"}
{"type":"log","timestamp":1674764795539,"level":"info","message":"Rendering request 21 finished in 2307 ms","meta":{"rootId":"ewl3ymgbsq2n56g","id":"ewl3ymgbsq2n56g"},"id":"fxohogump10qh3v","previousOperationId":"srwel35i9zcvwml"}
{"type":"operationEnd","subtype":"render","operationId":"s36memy3op8nfbn","timestamp":1674764795539,"id":"ui7mb635y61xgft","previousEventId":"jrh4k532o3hs8xu","previousOperationId":"srwel35i9zcvwml"}
{"type":"operationEnd","doDiffs":false,"previousEventId":"6ne1txjcfjqglma","previousOperationId":"56wykeveex2ptjj","operationId":"56wykeveex2ptjj","timestamp":1674764795555,"id":"yrlf89uojivlgqd"}
