{"type":"operationStart","subtype":"profile","data":{"_id":"betMUgfUDLsgZ8I0","timestamp":"2023-01-26T20:23:35.206Z","state":"queued","mode":"standard","creationDate":"2023-01-26T20:23:35.209Z","modificationDate":"2023-01-26T20:23:35.209Z","shortid":"P7HIKha","$entitySet":"profiles"},"doDiffs":false,"timestamp":1674764615207,"id":"sc39uwd8diakrqs","previousOperationId":null,"operationId":"mqtw3cq1ha1wej7"}
{"type":"log","level":"info","message":"Render request 20 queued for execution and waiting for available worker","previousOperationId":"mqtw3cq1ha1wej7","timestamp":1674764615208,"id":"o1q4i2be6aytsmb"}
{"type":"operationStart","subtype":"render","name":"orders-main","previousOperationId":"mqtw3cq1ha1wej7","timestamp":1674764615220,"id":"05fw017fvqmhnfo","previousEventId":"sc39uwd8diakrqs","operationId":"blrln1bl33t8vnc"}
{"type":"log","timestamp":1674764615220,"level":"info","message":"Starting rendering request 20","meta":{"rootId":"fqqpnfv260jxe3i","id":"fqqpnfv260jxe3i"},"id":"cndtwglp6twzpas","previousOperationId":"blrln1bl33t8vnc"}
{"type":"log","timestamp":1674764615221,"level":"info","message":"Rendering template { name: orders-main, recipe: chrome-pdf, engine: handlebars, preview: true }","meta":{"rootId":"fqqpnfv260jxe3i","id":"fqqpnfv260jxe3i"},"id":"spx7tewwh9ngq70","previousOperationId":"blrln1bl33t8vnc"}
{"type":"log","timestamp":1674764615222,"level":"debug","message":"Data item not defined for this template.","meta":{"rootId":"fqqpnfv260jxe3i","id":"fqqpnfv260jxe3i"},"id":"njkgur1i7erb38l","previousOperationId":"blrln1bl33t8vnc"}
{"type":"log","timestamp":1674764615228,"level":"debug","message":"Executing script orders-script (beforeRender)","meta":{"rootId":"fqqpnfv260jxe3i","id":"fqqpnfv260jxe3i"},"id":"4px61p7f7le5ui7","previousOperationId":"blrln1bl33t8vnc"}
{"type":"log","timestamp":1674764615242,"level":"debug","message":"(console:log) Hola","meta":{"userLevel":true,"rootId":"fqqpnfv260jxe3i","id":"fqqpnfv260jxe3i"},"id":"q07ctn4inshn5xm","previousOperationId":"blrln1bl33t8vnc"}
{"type":"operationStart","subtype":"scriptsBeforeRender","name":"scripts beforeRender","timestamp":1674764615242,"id":"l6x95kbzvohhayd","previousEventId":"05fw017fvqmhnfo","operationId":"1boihablsl12wwm","previousOperationId":"blrln1bl33t8vnc"}
{"type":"operationStart","subtype":"script","name":"scripts orders-script","previousOperationId":"1boihablsl12wwm","timestamp":1674764615242,"id":"en8n24cclw7fbma","previousEventId":"l6x95kbzvohhayd","operationId":"j3zc9qaebwcywg6"}
{"type":"log","timestamp":1674764615242,"level":"debug","message":"(console:log) Hola","meta":{"userLevel":true,"rootId":"fqqpnfv260jxe3i","id":"fqqpnfv260jxe3i"},"id":"dcyuvz31t40c9wc","previousOperationId":"j3zc9qaebwcywg6"}
{"type":"operationEnd","operationId":"j3zc9qaebwcywg6","timestamp":1674764616447,"id":"3lapdf54d59l3m7","previousEventId":"05fw017fvqmhnfo","previousOperationId":"blrln1bl33t8vnc"}
{"type":"operationEnd","operationId":"1boihablsl12wwm","timestamp":1674764616448,"id":"6pfkpw7zfq6u3bn","previousEventId":"3lapdf54d59l3m7","previousOperationId":"blrln1bl33t8vnc"}
{"type":"log","timestamp":1674764616448,"level":"debug","message":"Base url not specified, skipping its injection.","meta":{"rootId":"fqqpnfv260jxe3i","id":"fqqpnfv260jxe3i"},"id":"rq0eidgdhwpnp7t","previousOperationId":"1boihablsl12wwm"}
{"type":"operationStart","subtype":"engine","name":"handlebars","timestamp":1674764616448,"id":"rg29oqpgyl7ssj1","previousEventId":"6pfkpw7zfq6u3bn","operationId":"io3f6kw34rhppjb","previousOperationId":"1boihablsl12wwm"}
{"type":"log","timestamp":1674764616448,"level":"debug","message":"Rendering engine handlebars","meta":{"rootId":"fqqpnfv260jxe3i","id":"fqqpnfv260jxe3i"},"id":"jjnbzydrtlp2l6h","previousOperationId":"io3f6kw34rhppjb"}
{"type":"log","timestamp":1674764616459,"level":"debug","message":"(console:log) Pdf utils adding group field, value: \"France\"","meta":{"userLevel":true,"rootId":"fqqpnfv260jxe3i","id":"fqqpnfv260jxe3i"},"id":"iowqxvjfsrwd540","previousOperationId":"io3f6kw34rhppjb"}
{"type":"log","timestamp":1674764616459,"level":"debug","message":"(console:log) Pdf utils adding group field, value: \"Germany\"","meta":{"userLevel":true,"rootId":"fqqpnfv260jxe3i","id":"fqqpnfv260jxe3i"},"id":"0bx18qth5gqc96n","previousOperationId":"io3f6kw34rhppjb"}
{"type":"operationEnd","operationId":"io3f6kw34rhppjb","timestamp":1674764616459,"id":"48adrp9nqj8s05z","previousEventId":"rg29oqpgyl7ssj1","previousOperationId":"io3f6kw34rhppjb"}
{"type":"operationStart","subtype":"recipe","name":"chrome-pdf","timestamp":1674764616460,"id":"apqjcu5csg68u37","previousEventId":"48adrp9nqj8s05z","operationId":"cw8vy8c4x70jl6j","previousOperationId":"io3f6kw34rhppjb"}
{"type":"log","timestamp":1674764616460,"level":"debug","message":"Executing recipe chrome-pdf","meta":{"rootId":"fqqpnfv260jxe3i","id":"fqqpnfv260jxe3i"},"id":"z5f58gns01v84e3","previousOperationId":"cw8vy8c4x70jl6j"}
{"type":"log","timestamp":1674764616463,"level":"debug","message":"Converting with chrome HeadlessChrome/105.0.5173.0 using chrome-pool strategy","meta":{"rootId":"fqqpnfv260jxe3i","id":"fqqpnfv260jxe3i"},"id":"ydlpzp8biyucywm","previousOperationId":"cw8vy8c4x70jl6j"}
{"type":"log","timestamp":1674764616588,"level":"debug","message":"Page request: GET (document) file:///C:/Users/alegu/AppData/Local/Temp/jsreport/autocleanup/06c3c913-457c-4082-a4d0-64424f06d82f-chrome-pdf.html","meta":{"rootId":"fqqpnfv260jxe3i","id":"fqqpnfv260jxe3i"},"id":"jb9kne59dx3l2hu","previousOperationId":"cw8vy8c4x70jl6j"}
{"type":"log","timestamp":1674764616600,"level":"debug","message":"Page request finished: GET (document) 200 file:///C:/Users/alegu/AppData/Local/Temp/jsreport/autocleanup/06c3c913-457c-4082-a4d0-64424f06d82f-chrome-pdf.html","meta":{"rootId":"fqqpnfv260jxe3i","id":"fqqpnfv260jxe3i"},"id":"k35q4kz2mfzuyr6","previousOperationId":"cw8vy8c4x70jl6j"}
{"type":"log","timestamp":1674764616600,"level":"debug","message":"Page request: GET (stylesheet) https://cdnjs.cloudflare.com/ajax/libs/metro/4.1.5/css/metro.min.css","meta":{"rootId":"fqqpnfv260jxe3i","id":"fqqpnfv260jxe3i"},"id":"yivh8voiigdlt6c","previousOperationId":"cw8vy8c4x70jl6j"}
{"type":"log","timestamp":1674764616600,"level":"debug","message":"Page request: GET (script) https://cdnjs.cloudflare.com/ajax/libs/Chart.js/2.7.2/Chart.min.js","meta":{"rootId":"fqqpnfv260jxe3i","id":"fqqpnfv260jxe3i"},"id":"ehks9h526q1ewx5","previousOperationId":"cw8vy8c4x70jl6j"}
{"type":"log","timestamp":1674764616606,"level":"debug","message":"Page request finished: GET (script) 200 https://cdnjs.cloudflare.com/ajax/libs/Chart.js/2.7.2/Chart.min.js","meta":{"rootId":"fqqpnfv260jxe3i","id":"fqqpnfv260jxe3i"},"id":"0nbjq2bzl40as7j","previousOperationId":"cw8vy8c4x70jl6j"}
{"type":"log","timestamp":1674764616625,"level":"debug","message":"Page request finished: GET (stylesheet) 200 https://cdnjs.cloudflare.com/ajax/libs/metro/4.1.5/css/metro.min.css","meta":{"rootId":"fqqpnfv260jxe3i","id":"fqqpnfv260jxe3i"},"id":"lf7olweelk940kl","previousOperationId":"cw8vy8c4x70jl6j"}
{"type":"log","timestamp":1674764616739,"level":"debug","message":"Running chrome with params {\"printBackground\":true,\"marginTop\":\"4cm\",\"marginRight\":\"1.5cm\",\"marginBottom\":\"1.5cm\",\"marginLeft\":\"1.5cm\",\"waitForJS\":false,\"timeout\":58745,\"margin\":{\"top\":\"4cm\",\"right\":\"1.5cm\",\"bottom\":\"1.5cm\",\"left\":\"1.5cm\"}}","meta":{"rootId":"fqqpnfv260jxe3i","id":"fqqpnfv260jxe3i"},"id":"lfw782j6uloxtmy","previousOperationId":"cw8vy8c4x70jl6j"}
{"type":"operationEnd","operationId":"cw8vy8c4x70jl6j","timestamp":1674764616966,"id":"fx6v46dlbhvh0d1","previousEventId":"apqjcu5csg68u37","previousOperationId":"cw8vy8c4x70jl6j"}
{"type":"log","timestamp":1674764616966,"level":"info","message":"pdf-utils is starting pdf processing","meta":{"rootId":"fqqpnfv260jxe3i","id":"fqqpnfv260jxe3i"},"id":"c4014dbs9lsowhr","previousOperationId":"cw8vy8c4x70jl6j"}
{"type":"operationStart","subtype":"pdfUtils","name":"pdf utils","timestamp":1674764616966,"id":"m1h7t7vjt48s6xf","previousEventId":"fx6v46dlbhvh0d1","operationId":"rfs5lp2vicl0cgu","previousOperationId":"cw8vy8c4x70jl6j"}
{"type":"log","timestamp":1674764616966,"level":"debug","message":"pdf-utils detected 1 pdf operation(s) to process","meta":{"rootId":"fqqpnfv260jxe3i","id":"fqqpnfv260jxe3i"},"id":"8nhdlylnlitfhyh","previousOperationId":"rfs5lp2vicl0cgu"}
{"type":"log","timestamp":1674764617025,"level":"debug","message":"pdf-utils running pdf operation merge","meta":{"rootId":"fqqpnfv260jxe3i","id":"fqqpnfv260jxe3i"},"id":"leiy7aza6htxao2","previousOperationId":"rfs5lp2vicl0cgu"}
{"type":"operationStart","subtype":"pdfUtilsMerge","name":"pdf utils merge","previousOperationId":"rfs5lp2vicl0cgu","timestamp":1674764617025,"id":"4n30zt8p223yghe","previousEventId":"m1h7t7vjt48s6xf","operationId":"rt5yyybillk4j70"}
{"type":"operationStart","subtype":"render","name":"orders-header","previousOperationId":"rt5yyybillk4j70","timestamp":1674764617026,"id":"mclxvi9ypf37x18","previousEventId":"4n30zt8p223yghe","operationId":"ulcdw9accuqfhil"}
{"type":"log","timestamp":1674764617026,"level":"info","message":"Starting rendering (child) request","meta":{"rootId":"fqqpnfv260jxe3i","id":"yez0irxe7s26tz8"},"id":"tymzy265bhp6duj","previousOperationId":"ulcdw9accuqfhil"}
{"type":"log","timestamp":1674764617026,"level":"info","message":"Rendering template { name: orders-header, recipe: chrome-pdf, engine: handlebars, preview: true }","meta":{"rootId":"fqqpnfv260jxe3i","id":"yez0irxe7s26tz8"},"id":"v7t7cbbdurq19xz","previousOperationId":"ulcdw9accuqfhil"}
{"type":"log","timestamp":1674764617027,"level":"debug","message":"Inline data specified.","meta":{"rootId":"fqqpnfv260jxe3i","id":"yez0irxe7s26tz8"},"id":"c6ju0k7304rndro","previousOperationId":"ulcdw9accuqfhil"}
{"type":"log","timestamp":1674764617031,"level":"debug","message":"Base url not specified, skipping its injection.","meta":{"rootId":"fqqpnfv260jxe3i","id":"yez0irxe7s26tz8"},"id":"pdcyx30ipxuaiqs","previousOperationId":"ulcdw9accuqfhil"}
{"type":"operationStart","subtype":"engine","name":"handlebars","timestamp":1674764617031,"id":"b8c7ql8t9u3igf3","previousEventId":"mclxvi9ypf37x18","operationId":"ocz6evclconqi6x","previousOperationId":"ulcdw9accuqfhil"}
{"type":"log","timestamp":1674764617031,"level":"debug","message":"Rendering engine handlebars","meta":{"rootId":"fqqpnfv260jxe3i","id":"yez0irxe7s26tz8"},"id":"546enm61b3j55os","previousOperationId":"ocz6evclconqi6x"}
{"type":"operationEnd","operationId":"ocz6evclconqi6x","timestamp":1674764617064,"id":"15nfsas5w0k5x0z","previousEventId":"b8c7ql8t9u3igf3","previousOperationId":"ocz6evclconqi6x"}
{"type":"operationStart","subtype":"recipe","name":"chrome-pdf","timestamp":1674764617065,"id":"nrcjty9ojdw40sn","previousEventId":"15nfsas5w0k5x0z","operationId":"hoz9uqff26h48n9","previousOperationId":"ocz6evclconqi6x"}
{"type":"log","timestamp":1674764617065,"level":"debug","message":"Executing recipe chrome-pdf","meta":{"rootId":"fqqpnfv260jxe3i","id":"yez0irxe7s26tz8"},"id":"mucgmuqoyj78orf","previousOperationId":"hoz9uqff26h48n9"}
{"type":"log","timestamp":1674764617069,"level":"debug","message":"Converting with chrome HeadlessChrome/105.0.5173.0 using chrome-pool strategy","meta":{"rootId":"fqqpnfv260jxe3i","id":"yez0irxe7s26tz8"},"id":"4cturttmianco31","previousOperationId":"hoz9uqff26h48n9"}
{"type":"log","timestamp":1674764617178,"level":"debug","message":"Page request: GET (document) file:///C:/Users/alegu/AppData/Local/Temp/jsreport/autocleanup/00cc4f5f-c4e6-4d6f-bca9-ab5a5dd8b6f7-chrome-pdf.html","meta":{"rootId":"fqqpnfv260jxe3i","id":"yez0irxe7s26tz8"},"id":"jotdqfm8datwfu8","previousOperationId":"hoz9uqff26h48n9"}
{"type":"log","timestamp":1674764617190,"level":"debug","message":"Page request finished: GET (document) 200 file:///C:/Users/alegu/AppData/Local/Temp/jsreport/autocleanup/00cc4f5f-c4e6-4d6f-bca9-ab5a5dd8b6f7-chrome-pdf.html","meta":{"rootId":"fqqpnfv260jxe3i","id":"yez0irxe7s26tz8"},"id":"ry9gxzi12m34sht","previousOperationId":"hoz9uqff26h48n9"}
{"type":"log","timestamp":1674764617190,"level":"debug","message":"Page request: GET (stylesheet) https://cdnjs.cloudflare.com/ajax/libs/metro/4.1.5/css/metro.min.css","meta":{"rootId":"fqqpnfv260jxe3i","id":"yez0irxe7s26tz8"},"id":"9yw31qmuik4h77t","previousOperationId":"hoz9uqff26h48n9"}
{"type":"log","timestamp":1674764617220,"level":"debug","message":"Page request finished: GET (stylesheet) 200 https://cdnjs.cloudflare.com/ajax/libs/metro/4.1.5/css/metro.min.css","meta":{"rootId":"fqqpnfv260jxe3i","id":"yez0irxe7s26tz8"},"id":"8o0n4hht3syq9pv","previousOperationId":"hoz9uqff26h48n9"}
{"type":"log","timestamp":1674764617249,"level":"debug","message":"Running chrome with params {\"printBackground\":true,\"marginTop\":\"1.5cm\",\"marginRight\":\"1.5cm\",\"marginLeft\":\"1.cm\",\"timeout\":58139,\"margin\":{\"top\":\"1.5cm\",\"right\":\"1.5cm\",\"left\":\"1.cm\"}}","meta":{"rootId":"fqqpnfv260jxe3i","id":"yez0irxe7s26tz8"},"id":"e65tj7r72h4y1bn","previousOperationId":"hoz9uqff26h48n9"}
{"type":"operationEnd","operationId":"hoz9uqff26h48n9","timestamp":1674764617350,"id":"p25j5aj02rx93pt","previousEventId":"nrcjty9ojdw40sn","previousOperationId":"hoz9uqff26h48n9"}
{"type":"log","timestamp":1674764617351,"level":"debug","message":"Skipping storing report.","meta":{"rootId":"fqqpnfv260jxe3i","id":"yez0irxe7s26tz8"},"id":"dlexnzasejacxth","previousOperationId":"hoz9uqff26h48n9"}
{"type":"log","timestamp":1674764617351,"level":"info","message":"Rendering (child) request finished in 2145 ms","meta":{"rootId":"fqqpnfv260jxe3i","id":"yez0irxe7s26tz8"},"id":"4c7trwsr120y9j1","previousOperationId":"hoz9uqff26h48n9"}
{"type":"operationEnd","subtype":"render","operationId":"ulcdw9accuqfhil","timestamp":1674764617351,"id":"sjmcz8rkwyrst3j","previousEventId":"p25j5aj02rx93pt","previousOperationId":"hoz9uqff26h48n9"}
{"type":"operationEnd","operationId":"rt5yyybillk4j70","timestamp":1674764617376,"id":"2dyu1kw6w4kcb6q","previousEventId":"4n30zt8p223yghe","previousOperationId":"rt5yyybillk4j70"}
{"type":"log","timestamp":1674764617376,"level":"debug","message":"pdf-utils postproces start","meta":{"rootId":"fqqpnfv260jxe3i","id":"fqqpnfv260jxe3i"},"id":"2cia035rjd9bafl","previousOperationId":"rt5yyybillk4j70"}
{"type":"log","timestamp":1674764617395,"level":"debug","message":"pdf-utils postproces end","meta":{"rootId":"fqqpnfv260jxe3i","id":"fqqpnfv260jxe3i"},"id":"rnevxvy3g9c4hos","previousOperationId":"rt5yyybillk4j70"}
{"type":"operationEnd","operationId":"rfs5lp2vicl0cgu","timestamp":1674764617395,"id":"ffhh1j3bhzw3ttp","previousEventId":"2dyu1kw6w4kcb6q","previousOperationId":"rt5yyybillk4j70"}
{"type":"log","timestamp":1674764617395,"level":"info","message":"pdf-utils pdf processing was finished","meta":{"rootId":"fqqpnfv260jxe3i","id":"fqqpnfv260jxe3i"},"id":"6x6x691zunfqjkf","previousOperationId":"rfs5lp2vicl0cgu"}
{"type":"log","timestamp":1674764617395,"level":"debug","message":"Skipping storing report.","meta":{"rootId":"fqqpnfv260jxe3i","id":"fqqpnfv260jxe3i"},"id":"6bu8aloyyyrzbis","previousOperationId":"rfs5lp2vicl0cgu"}
{"type":"log","timestamp":1674764617395,"level":"info","message":"Rendering request 20 finished in 2189 ms","meta":{"rootId":"fqqpnfv260jxe3i","id":"fqqpnfv260jxe3i"},"id":"wlmecwn9cjc58e3","previousOperationId":"rfs5lp2vicl0cgu"}
{"type":"operationEnd","subtype":"render","operationId":"blrln1bl33t8vnc","timestamp":1674764617395,"id":"tddyt2swo70ck0f","previousEventId":"ffhh1j3bhzw3ttp","previousOperationId":"rfs5lp2vicl0cgu"}
{"type":"operationEnd","doDiffs":false,"previousEventId":"sc39uwd8diakrqs","previousOperationId":"mqtw3cq1ha1wej7","operationId":"mqtw3cq1ha1wej7","timestamp":1674764617411,"id":"m5jh81qvyogw5go"}
