{"type":"operationStart","subtype":"profile","data":{"_id":"fziXHrVDKMfOtW2J","timestamp":"2023-01-26T20:23:24.150Z","state":"queued","mode":"standard","creationDate":"2023-01-26T20:23:24.153Z","modificationDate":"2023-01-26T20:23:24.153Z","shortid":"u8l7wB1","$entitySet":"profiles"},"doDiffs":false,"timestamp":1674764604151,"id":"v5afo6za0juots3","previousOperationId":null,"operationId":"j4sa86ei6h6vax1"}
{"type":"log","level":"info","message":"Render request 19 queued for execution and waiting for available worker","previousOperationId":"j4sa86ei6h6vax1","timestamp":1674764604151,"id":"jod51azcjoixacb"}
{"type":"operationStart","subtype":"render","name":"orders-main","previousOperationId":"j4sa86ei6h6vax1","timestamp":1674764604167,"id":"n5xlbyumak2tvnu","previousEventId":"v5afo6za0juots3","operationId":"fj6bn6gs0jiud4r"}
{"type":"log","timestamp":1674764604168,"level":"info","message":"Starting rendering request 19","meta":{"rootId":"hef91i7xf5g03am","id":"hef91i7xf5g03am"},"id":"tf59lg60a9mz621","previousOperationId":"fj6bn6gs0jiud4r"}
{"type":"log","timestamp":1674764604168,"level":"info","message":"Rendering template { name: orders-main, recipe: chrome-pdf, engine: handlebars, preview: true }","meta":{"rootId":"hef91i7xf5g03am","id":"hef91i7xf5g03am"},"id":"mtboab8jgpf9xyv","previousOperationId":"fj6bn6gs0jiud4r"}
{"type":"log","timestamp":1674764604170,"level":"debug","message":"Data item not defined for this template.","meta":{"rootId":"hef91i7xf5g03am","id":"hef91i7xf5g03am"},"id":"d0arue4r1zduzep","previousOperationId":"fj6bn6gs0jiud4r"}
{"type":"log","timestamp":1674764604193,"level":"debug","message":"Executing script orders-script (beforeRender)","meta":{"rootId":"hef91i7xf5g03am","id":"hef91i7xf5g03am"},"id":"wj4i39m3l73o3v9","previousOperationId":"fj6bn6gs0jiud4r"}
{"type":"log","timestamp":1674764604205,"level":"debug","message":"(console:log) Hola","meta":{"userLevel":true,"rootId":"hef91i7xf5g03am","id":"hef91i7xf5g03am"},"id":"opkak0ikrfknz01","previousOperationId":"fj6bn6gs0jiud4r"}
{"type":"operationStart","subtype":"scriptsBeforeRender","name":"scripts beforeRender","timestamp":1674764604205,"id":"27q2gndbvc8wmz3","previousEventId":"n5xlbyumak2tvnu","operationId":"nj53hjp4ws2lmah","previousOperationId":"fj6bn6gs0jiud4r"}
{"type":"operationStart","subtype":"script","name":"scripts orders-script","previousOperationId":"nj53hjp4ws2lmah","timestamp":1674764604205,"id":"07gar58lwk8fne3","previousEventId":"27q2gndbvc8wmz3","operationId":"8hr15v7sbebmcmk"}
{"type":"log","timestamp":1674764604206,"level":"debug","message":"(console:log) Hola","meta":{"userLevel":true,"rootId":"hef91i7xf5g03am","id":"hef91i7xf5g03am"},"id":"7sbiebfd7rbv5j0","previousOperationId":"8hr15v7sbebmcmk"}
{"type":"operationEnd","operationId":"8hr15v7sbebmcmk","timestamp":1674764605768,"id":"ad8w0ps48hujs4e","previousEventId":"n5xlbyumak2tvnu","previousOperationId":"fj6bn6gs0jiud4r"}
{"type":"operationEnd","operationId":"nj53hjp4ws2lmah","timestamp":1674764605768,"id":"trl95d5kum0eaez","previousEventId":"ad8w0ps48hujs4e","previousOperationId":"fj6bn6gs0jiud4r"}
{"type":"log","timestamp":1674764605769,"level":"debug","message":"Base url not specified, skipping its injection.","meta":{"rootId":"hef91i7xf5g03am","id":"hef91i7xf5g03am"},"id":"l707a237grqprtj","previousOperationId":"nj53hjp4ws2lmah"}
{"type":"operationStart","subtype":"engine","name":"handlebars","timestamp":1674764605769,"id":"qu5eudixiik7m00","previousEventId":"trl95d5kum0eaez","operationId":"b7cfw8yk3ri0a03","previousOperationId":"nj53hjp4ws2lmah"}
{"type":"log","timestamp":1674764605769,"level":"debug","message":"Rendering engine handlebars","meta":{"rootId":"hef91i7xf5g03am","id":"hef91i7xf5g03am"},"id":"jrp37v5k2jtcwlh","previousOperationId":"b7cfw8yk3ri0a03"}
{"type":"log","timestamp":1674764605787,"level":"debug","message":"(console:log) Pdf utils adding group field, value: \"France\"","meta":{"userLevel":true,"rootId":"hef91i7xf5g03am","id":"hef91i7xf5g03am"},"id":"1hqe0qymgjorpty","previousOperationId":"b7cfw8yk3ri0a03"}
{"type":"log","timestamp":1674764605788,"level":"debug","message":"(console:log) Pdf utils adding group field, value: \"Germany\"","meta":{"userLevel":true,"rootId":"hef91i7xf5g03am","id":"hef91i7xf5g03am"},"id":"krl3nywwedexqj8","previousOperationId":"b7cfw8yk3ri0a03"}
{"type":"operationEnd","operationId":"b7cfw8yk3ri0a03","timestamp":1674764605788,"id":"gvqm9ado08bc0m5","previousEventId":"qu5eudixiik7m00","previousOperationId":"b7cfw8yk3ri0a03"}
{"type":"operationStart","subtype":"recipe","name":"chrome-pdf","timestamp":1674764605789,"id":"5bd5trwra56dtd0","previousEventId":"gvqm9ado08bc0m5","operationId":"c9esu2ojkyriglk","previousOperationId":"b7cfw8yk3ri0a03"}
{"type":"log","timestamp":1674764605789,"level":"debug","message":"Executing recipe chrome-pdf","meta":{"rootId":"hef91i7xf5g03am","id":"hef91i7xf5g03am"},"id":"grqaf4uozeguiem","previousOperationId":"c9esu2ojkyriglk"}
{"type":"log","timestamp":1674764605792,"level":"debug","message":"Converting with chrome HeadlessChrome/105.0.5173.0 using chrome-pool strategy","meta":{"rootId":"hef91i7xf5g03am","id":"hef91i7xf5g03am"},"id":"0t6cvy8cpfjat6a","previousOperationId":"c9esu2ojkyriglk"}
{"type":"log","timestamp":1674764605914,"level":"debug","message":"Page request: GET (document) file:///C:/Users/alegu/AppData/Local/Temp/jsreport/autocleanup/055b4fae-714c-4188-b96b-861ae713e620-chrome-pdf.html","meta":{"rootId":"hef91i7xf5g03am","id":"hef91i7xf5g03am"},"id":"pk8upxkk0ibb8lq","previousOperationId":"c9esu2ojkyriglk"}
{"type":"log","timestamp":1674764605929,"level":"debug","message":"Page request finished: GET (document) 200 file:///C:/Users/alegu/AppData/Local/Temp/jsreport/autocleanup/055b4fae-714c-4188-b96b-861ae713e620-chrome-pdf.html","meta":{"rootId":"hef91i7xf5g03am","id":"hef91i7xf5g03am"},"id":"vp41x3vc8zgak04","previousOperationId":"c9esu2ojkyriglk"}
{"type":"log","timestamp":1674764605930,"level":"debug","message":"Page request: GET (stylesheet) https://cdnjs.cloudflare.com/ajax/libs/metro/4.1.5/css/metro.min.css","meta":{"rootId":"hef91i7xf5g03am","id":"hef91i7xf5g03am"},"id":"2dmh8u8ly49sopz","previousOperationId":"c9esu2ojkyriglk"}
{"type":"log","timestamp":1674764605930,"level":"debug","message":"Page request: GET (script) https://cdnjs.cloudflare.com/ajax/libs/Chart.js/2.7.2/Chart.min.js","meta":{"rootId":"hef91i7xf5g03am","id":"hef91i7xf5g03am"},"id":"ekryh7hn8fyibz3","previousOperationId":"c9esu2ojkyriglk"}
{"type":"log","timestamp":1674764605938,"level":"debug","message":"Page request finished: GET (script) 200 https://cdnjs.cloudflare.com/ajax/libs/Chart.js/2.7.2/Chart.min.js","meta":{"rootId":"hef91i7xf5g03am","id":"hef91i7xf5g03am"},"id":"oxd7e36x3tjp2w6","previousOperationId":"c9esu2ojkyriglk"}
{"type":"log","timestamp":1674764605957,"level":"debug","message":"Page request finished: GET (stylesheet) 200 https://cdnjs.cloudflare.com/ajax/libs/metro/4.1.5/css/metro.min.css","meta":{"rootId":"hef91i7xf5g03am","id":"hef91i7xf5g03am"},"id":"992pszkjobbp7nl","previousOperationId":"c9esu2ojkyriglk"}
{"type":"log","timestamp":1674764606074,"level":"debug","message":"Running chrome with params {\"printBackground\":true,\"marginTop\":\"4cm\",\"marginRight\":\"1.5cm\",\"marginBottom\":\"1.5cm\",\"marginLeft\":\"1.5cm\",\"waitForJS\":false,\"timeout\":58359,\"margin\":{\"top\":\"4cm\",\"right\":\"1.5cm\",\"bottom\":\"1.5cm\",\"left\":\"1.5cm\"}}","meta":{"rootId":"hef91i7xf5g03am","id":"hef91i7xf5g03am"},"id":"uf0iatne115gdab","previousOperationId":"c9esu2ojkyriglk"}
{"type":"operationEnd","operationId":"c9esu2ojkyriglk","timestamp":1674764606288,"id":"xpnevp3m7w6in3t","previousEventId":"5bd5trwra56dtd0","previousOperationId":"c9esu2ojkyriglk"}
{"type":"log","timestamp":1674764606288,"level":"info","message":"pdf-utils is starting pdf processing","meta":{"rootId":"hef91i7xf5g03am","id":"hef91i7xf5g03am"},"id":"qdr4yy88irf8ddg","previousOperationId":"c9esu2ojkyriglk"}
{"type":"operationStart","subtype":"pdfUtils","name":"pdf utils","timestamp":1674764606289,"id":"wmhu5gz2kbf39u1","previousEventId":"xpnevp3m7w6in3t","operationId":"q3jyrgbbmfh49um","previousOperationId":"c9esu2ojkyriglk"}
{"type":"log","timestamp":1674764606289,"level":"debug","message":"pdf-utils detected 1 pdf operation(s) to process","meta":{"rootId":"hef91i7xf5g03am","id":"hef91i7xf5g03am"},"id":"5415ocacy7pnxy4","previousOperationId":"q3jyrgbbmfh49um"}
{"type":"log","timestamp":1674764606347,"level":"debug","message":"pdf-utils running pdf operation merge","meta":{"rootId":"hef91i7xf5g03am","id":"hef91i7xf5g03am"},"id":"wy1kulxndabq107","previousOperationId":"q3jyrgbbmfh49um"}
{"type":"operationStart","subtype":"pdfUtilsMerge","name":"pdf utils merge","previousOperationId":"q3jyrgbbmfh49um","timestamp":1674764606347,"id":"n0i5fdccms0fvg1","previousEventId":"wmhu5gz2kbf39u1","operationId":"mm5gql40cswi5w9"}
{"type":"operationStart","subtype":"render","name":"orders-header","previousOperationId":"mm5gql40cswi5w9","timestamp":1674764606348,"id":"onmrzrctpauxfrt","previousEventId":"n0i5fdccms0fvg1","operationId":"k9rvvi1pc26tbz4"}
{"type":"log","timestamp":1674764606348,"level":"info","message":"Starting rendering (child) request","meta":{"rootId":"hef91i7xf5g03am","id":"6meel1qm4ibfmzc"},"id":"ea9a8j9svbzm999","previousOperationId":"k9rvvi1pc26tbz4"}
{"type":"log","timestamp":1674764606348,"level":"info","message":"Rendering template { name: orders-header, recipe: chrome-pdf, engine: handlebars, preview: true }","meta":{"rootId":"hef91i7xf5g03am","id":"6meel1qm4ibfmzc"},"id":"pajki393aj9pvkg","previousOperationId":"k9rvvi1pc26tbz4"}
{"type":"log","timestamp":1674764606359,"level":"debug","message":"Inline data specified.","meta":{"rootId":"hef91i7xf5g03am","id":"6meel1qm4ibfmzc"},"id":"ta7mu02595cvtd0","previousOperationId":"k9rvvi1pc26tbz4"}
{"type":"log","timestamp":1674764606362,"level":"debug","message":"Base url not specified, skipping its injection.","meta":{"rootId":"hef91i7xf5g03am","id":"6meel1qm4ibfmzc"},"id":"9uxuff4xules7jn","previousOperationId":"k9rvvi1pc26tbz4"}
{"type":"operationStart","subtype":"engine","name":"handlebars","timestamp":1674764606362,"id":"85k8geecjbkxubd","previousEventId":"onmrzrctpauxfrt","operationId":"7yrh2181k7q3psd","previousOperationId":"k9rvvi1pc26tbz4"}
{"type":"log","timestamp":1674764606362,"level":"debug","message":"Rendering engine handlebars","meta":{"rootId":"hef91i7xf5g03am","id":"6meel1qm4ibfmzc"},"id":"fbsxnice0iypihh","previousOperationId":"7yrh2181k7q3psd"}
{"type":"operationEnd","operationId":"7yrh2181k7q3psd","timestamp":1674764606384,"id":"h4v6zpq7merxo2p","previousEventId":"85k8geecjbkxubd","previousOperationId":"7yrh2181k7q3psd"}
{"type":"operationStart","subtype":"recipe","name":"chrome-pdf","timestamp":1674764606384,"id":"81onoinfvucthor","previousEventId":"h4v6zpq7merxo2p","operationId":"q08vlvqc35k79hu","previousOperationId":"7yrh2181k7q3psd"}
{"type":"log","timestamp":1674764606384,"level":"debug","message":"Executing recipe chrome-pdf","meta":{"rootId":"hef91i7xf5g03am","id":"6meel1qm4ibfmzc"},"id":"as9877nlb1bce9o","previousOperationId":"q08vlvqc35k79hu"}
{"type":"log","timestamp":1674764606388,"level":"debug","message":"Converting with chrome HeadlessChrome/105.0.5173.0 using chrome-pool strategy","meta":{"rootId":"hef91i7xf5g03am","id":"6meel1qm4ibfmzc"},"id":"l4r6ydeax8k7mss","previousOperationId":"q08vlvqc35k79hu"}
{"type":"log","timestamp":1674764606503,"level":"debug","message":"Page request: GET (document) file:///C:/Users/alegu/AppData/Local/Temp/jsreport/autocleanup/2d94deba-c00a-4ef1-bf2a-7252824e3617-chrome-pdf.html","meta":{"rootId":"hef91i7xf5g03am","id":"6meel1qm4ibfmzc"},"id":"xdnxoxjmgp37zmn","previousOperationId":"q08vlvqc35k79hu"}
{"type":"log","timestamp":1674764606512,"level":"debug","message":"Page request: GET (stylesheet) https://cdnjs.cloudflare.com/ajax/libs/metro/4.1.5/css/metro.min.css","meta":{"rootId":"hef91i7xf5g03am","id":"6meel1qm4ibfmzc"},"id":"abb6knz264c2vl2","previousOperationId":"q08vlvqc35k79hu"}
{"type":"log","timestamp":1674764606512,"level":"debug","message":"Page request finished: GET (document) 200 file:///C:/Users/alegu/AppData/Local/Temp/jsreport/autocleanup/2d94deba-c00a-4ef1-bf2a-7252824e3617-chrome-pdf.html","meta":{"rootId":"hef91i7xf5g03am","id":"6meel1qm4ibfmzc"},"id":"da9yo3zis7o21aa","previousOperationId":"q08vlvqc35k79hu"}
{"type":"log","timestamp":1674764606535,"level":"debug","message":"Page request finished: GET (stylesheet) 200 https://cdnjs.cloudflare.com/ajax/libs/metro/4.1.5/css/metro.min.css","meta":{"rootId":"hef91i7xf5g03am","id":"6meel1qm4ibfmzc"},"id":"6v7tinoiyv8w6fy","previousOperationId":"q08vlvqc35k79hu"}
{"type":"log","timestamp":1674764606563,"level":"debug","message":"Running chrome with params {\"printBackground\":true,\"marginTop\":\"1.5cm\",\"marginRight\":\"1.5cm\",\"marginLeft\":\"1.cm\",\"timeout\":57764,\"margin\":{\"top\":\"1.5cm\",\"right\":\"1.5cm\",\"left\":\"1.cm\"}}","meta":{"rootId":"hef91i7xf5g03am","id":"6meel1qm4ibfmzc"},"id":"3k5dtw4imgt0qn3","previousOperationId":"q08vlvqc35k79hu"}
{"type":"operationEnd","operationId":"q08vlvqc35k79hu","timestamp":1674764606655,"id":"ispauugfzunet3z","previousEventId":"81onoinfvucthor","previousOperationId":"q08vlvqc35k79hu"}
{"type":"log","timestamp":1674764606655,"level":"debug","message":"Skipping storing report.","meta":{"rootId":"hef91i7xf5g03am","id":"6meel1qm4ibfmzc"},"id":"se2bi095vklkwdr","previousOperationId":"q08vlvqc35k79hu"}
{"type":"log","timestamp":1674764606655,"level":"info","message":"Rendering (child) request finished in 2505 ms","meta":{"rootId":"hef91i7xf5g03am","id":"6meel1qm4ibfmzc"},"id":"58hq6la8qdr3hsu","previousOperationId":"q08vlvqc35k79hu"}
{"type":"operationEnd","subtype":"render","operationId":"k9rvvi1pc26tbz4","timestamp":1674764606655,"id":"cvmtymelwq0pm4l","previousEventId":"ispauugfzunet3z","previousOperationId":"q08vlvqc35k79hu"}
{"type":"operationEnd","operationId":"mm5gql40cswi5w9","timestamp":1674764606668,"id":"g8qqf8268rv3nq4","previousEventId":"n0i5fdccms0fvg1","previousOperationId":"mm5gql40cswi5w9"}
{"type":"log","timestamp":1674764606668,"level":"debug","message":"pdf-utils postproces start","meta":{"rootId":"hef91i7xf5g03am","id":"hef91i7xf5g03am"},"id":"ewwspor0erc2ezl","previousOperationId":"mm5gql40cswi5w9"}
{"type":"log","timestamp":1674764606684,"level":"debug","message":"pdf-utils postproces end","meta":{"rootId":"hef91i7xf5g03am","id":"hef91i7xf5g03am"},"id":"v6bw0d4ye4hyc8s","previousOperationId":"mm5gql40cswi5w9"}
{"type":"operationEnd","operationId":"q3jyrgbbmfh49um","timestamp":1674764606684,"id":"q6aic57xi1qixvw","previousEventId":"g8qqf8268rv3nq4","previousOperationId":"mm5gql40cswi5w9"}
{"type":"log","timestamp":1674764606684,"level":"info","message":"pdf-utils pdf processing was finished","meta":{"rootId":"hef91i7xf5g03am","id":"hef91i7xf5g03am"},"id":"agc75td1izvta40","previousOperationId":"q3jyrgbbmfh49um"}
{"type":"log","timestamp":1674764606684,"level":"debug","message":"Skipping storing report.","meta":{"rootId":"hef91i7xf5g03am","id":"hef91i7xf5g03am"},"id":"aq7dbv6temh6srn","previousOperationId":"q3jyrgbbmfh49um"}
{"type":"log","timestamp":1674764606684,"level":"info","message":"Rendering request 19 finished in 2534 ms","meta":{"rootId":"hef91i7xf5g03am","id":"hef91i7xf5g03am"},"id":"9bgnvbnf2s69yqm","previousOperationId":"q3jyrgbbmfh49um"}
{"type":"operationEnd","subtype":"render","operationId":"fj6bn6gs0jiud4r","timestamp":1674764606684,"id":"ucuecvzshqduo7q","previousEventId":"q6aic57xi1qixvw","previousOperationId":"q3jyrgbbmfh49um"}
{"type":"operationEnd","doDiffs":false,"previousEventId":"v5afo6za0juots3","previousOperationId":"j4sa86ei6h6vax1","operationId":"j4sa86ei6h6vax1","timestamp":1674764606698,"id":"8qo0nxvpsghhh0d"}
