{"type":"operationStart","subtype":"profile","data":{"_id":"nUMhvjl3lzq5h3T0","timestamp":"2023-01-26T19:58:37.390Z","state":"queued","mode":"standard","creationDate":"2023-01-26T19:58:37.392Z","modificationDate":"2023-01-26T19:58:37.392Z","shortid":"poYbRp8","$entitySet":"profiles"},"doDiffs":false,"timestamp":1674763117391,"id":"u8pkl0ilxh5hj2p","previousOperationId":null,"operationId":"ntgv91qn8ptlerp"}
{"type":"log","level":"info","message":"Render request 2 queued for execution and waiting for available worker","previousOperationId":"ntgv91qn8ptlerp","timestamp":1674763117391,"id":"5yfw8h38ijaz03v"}
{"type":"operationStart","subtype":"render","name":"orders-main","previousOperationId":"ntgv91qn8ptlerp","timestamp":1674763117406,"id":"9t675aaznqc7cht","previousEventId":"u8pkl0ilxh5hj2p","operationId":"224o28gd3s7sqpj"}
{"type":"log","timestamp":1674763117406,"level":"info","message":"Starting rendering request 2","meta":{"rootId":"lznks9wpyth6xfu","id":"lznks9wpyth6xfu"},"id":"8d0lu98exxhjrvy","previousOperationId":"224o28gd3s7sqpj"}
{"type":"log","timestamp":1674763117406,"level":"info","message":"Rendering template { name: orders-main, recipe: chrome-pdf, engine: handlebars, preview: true }","meta":{"rootId":"lznks9wpyth6xfu","id":"lznks9wpyth6xfu"},"id":"qaubcryho1r17d3","previousOperationId":"224o28gd3s7sqpj"}
{"type":"log","timestamp":1674763117409,"level":"debug","message":"Data item not defined for this template.","meta":{"rootId":"lznks9wpyth6xfu","id":"lznks9wpyth6xfu"},"id":"f00l8cwyz2uaydi","previousOperationId":"224o28gd3s7sqpj"}
{"type":"log","timestamp":1674763117418,"level":"debug","message":"Executing script orders-script (beforeRender)","meta":{"rootId":"lznks9wpyth6xfu","id":"lznks9wpyth6xfu"},"id":"hit4xjl8e1k06wn","previousOperationId":"224o28gd3s7sqpj"}
{"type":"operationStart","subtype":"scriptsBeforeRender","name":"scripts beforeRender","timestamp":1674763117436,"id":"elukqojilweaiua","previousEventId":"9t675aaznqc7cht","operationId":"5beggf61uzgkjon","previousOperationId":"224o28gd3s7sqpj"}
{"type":"operationStart","subtype":"script","name":"scripts orders-script","previousOperationId":"5beggf61uzgkjon","timestamp":1674763117436,"id":"najsijdycj9hsme","previousEventId":"elukqojilweaiua","operationId":"7zrrypa99gns581"}
{"type":"operationEnd","operationId":"7zrrypa99gns581","timestamp":1674763118722,"id":"flxi9vk79xrge7a","previousEventId":"9t675aaznqc7cht","previousOperationId":"224o28gd3s7sqpj"}
{"type":"operationEnd","operationId":"5beggf61uzgkjon","timestamp":1674763118722,"id":"439zxd6xlnxh2ey","previousEventId":"flxi9vk79xrge7a","previousOperationId":"224o28gd3s7sqpj"}
{"type":"log","timestamp":1674763118722,"level":"debug","message":"Base url not specified, skipping its injection.","meta":{"rootId":"lznks9wpyth6xfu","id":"lznks9wpyth6xfu"},"id":"3pskj1na806i8o3","previousOperationId":"5beggf61uzgkjon"}
{"type":"operationStart","subtype":"engine","name":"handlebars","timestamp":1674763118724,"id":"24aklasixnopyug","previousEventId":"439zxd6xlnxh2ey","operationId":"nh1mtcw3424lm8n","previousOperationId":"5beggf61uzgkjon"}
{"type":"log","timestamp":1674763118724,"level":"debug","message":"Rendering engine handlebars","meta":{"rootId":"lznks9wpyth6xfu","id":"lznks9wpyth6xfu"},"id":"gs2igf3wd8vg1ou","previousOperationId":"nh1mtcw3424lm8n"}
{"type":"log","timestamp":1674763118745,"level":"debug","message":"(console:log) Pdf utils adding group field, value: \"France\"","meta":{"userLevel":true,"rootId":"lznks9wpyth6xfu","id":"lznks9wpyth6xfu"},"id":"gtjnoyrjip9wmwh","previousOperationId":"nh1mtcw3424lm8n"}
{"type":"log","timestamp":1674763118746,"level":"debug","message":"(console:log) Pdf utils adding group field, value: \"Germany\"","meta":{"userLevel":true,"rootId":"lznks9wpyth6xfu","id":"lznks9wpyth6xfu"},"id":"4cdfknd9uczyy4c","previousOperationId":"nh1mtcw3424lm8n"}
{"type":"operationEnd","operationId":"nh1mtcw3424lm8n","timestamp":1674763118747,"id":"cx1uraovqqvi6dg","previousEventId":"24aklasixnopyug","previousOperationId":"nh1mtcw3424lm8n"}
{"type":"operationStart","subtype":"recipe","name":"chrome-pdf","timestamp":1674763118748,"id":"rbwyte1xdwr8lts","previousEventId":"cx1uraovqqvi6dg","operationId":"w3fzfn90b40rfaz","previousOperationId":"nh1mtcw3424lm8n"}
{"type":"log","timestamp":1674763118748,"level":"debug","message":"Executing recipe chrome-pdf","meta":{"rootId":"lznks9wpyth6xfu","id":"lznks9wpyth6xfu"},"id":"pksqs9yckqyyxqu","previousOperationId":"w3fzfn90b40rfaz"}
{"type":"log","timestamp":1674763118752,"level":"debug","message":"Converting with chrome HeadlessChrome/105.0.5173.0 using chrome-pool strategy","meta":{"rootId":"lznks9wpyth6xfu","id":"lznks9wpyth6xfu"},"id":"st7j64qce8ehgi7","previousOperationId":"w3fzfn90b40rfaz"}
{"type":"log","timestamp":1674763118884,"level":"debug","message":"Page request: GET (document) file:///C:/Users/alegu/AppData/Local/Temp/jsreport/autocleanup/8342a02f-7409-4f2b-a757-5b52c58959d2-chrome-pdf.html","meta":{"rootId":"lznks9wpyth6xfu","id":"lznks9wpyth6xfu"},"id":"apnfpn51b4ro2wv","previousOperationId":"w3fzfn90b40rfaz"}
{"type":"log","timestamp":1674763118895,"level":"debug","message":"Page request finished: GET (document) 200 file:///C:/Users/alegu/AppData/Local/Temp/jsreport/autocleanup/8342a02f-7409-4f2b-a757-5b52c58959d2-chrome-pdf.html","meta":{"rootId":"lznks9wpyth6xfu","id":"lznks9wpyth6xfu"},"id":"2y4fk7mknu3rqr1","previousOperationId":"w3fzfn90b40rfaz"}
{"type":"log","timestamp":1674763118896,"level":"debug","message":"Page request: GET (stylesheet) https://cdnjs.cloudflare.com/ajax/libs/metro/4.1.5/css/metro.min.css","meta":{"rootId":"lznks9wpyth6xfu","id":"lznks9wpyth6xfu"},"id":"bzsvch3rh7hxnm4","previousOperationId":"w3fzfn90b40rfaz"}
{"type":"log","timestamp":1674763118897,"level":"debug","message":"Page request: GET (script) https://cdnjs.cloudflare.com/ajax/libs/Chart.js/2.7.2/Chart.min.js","meta":{"rootId":"lznks9wpyth6xfu","id":"lznks9wpyth6xfu"},"id":"jf3gl5ol9gpad5d","previousOperationId":"w3fzfn90b40rfaz"}
{"type":"log","timestamp":1674763118923,"level":"debug","message":"Page request finished: GET (stylesheet) 200 https://cdnjs.cloudflare.com/ajax/libs/metro/4.1.5/css/metro.min.css","meta":{"rootId":"lznks9wpyth6xfu","id":"lznks9wpyth6xfu"},"id":"35xse3o2dkttkdq","previousOperationId":"w3fzfn90b40rfaz"}
{"type":"log","timestamp":1674763118923,"level":"debug","message":"Page request finished: GET (script) 200 https://cdnjs.cloudflare.com/ajax/libs/Chart.js/2.7.2/Chart.min.js","meta":{"rootId":"lznks9wpyth6xfu","id":"lznks9wpyth6xfu"},"id":"vzx4zf4y9yjcwnz","previousOperationId":"w3fzfn90b40rfaz"}
{"type":"log","timestamp":1674763119025,"level":"debug","message":"Running chrome with params {\"printBackground\":true,\"marginTop\":\"4cm\",\"marginRight\":\"1.5cm\",\"marginBottom\":\"1.5cm\",\"marginLeft\":\"1.5cm\",\"waitForJS\":false,\"timeout\":58639,\"margin\":{\"top\":\"4cm\",\"right\":\"1.5cm\",\"bottom\":\"1.5cm\",\"left\":\"1.5cm\"}}","meta":{"rootId":"lznks9wpyth6xfu","id":"lznks9wpyth6xfu"},"id":"ow1qdtda12va8ye","previousOperationId":"w3fzfn90b40rfaz"}
{"type":"operationEnd","operationId":"w3fzfn90b40rfaz","timestamp":1674763119171,"id":"1ys5rqw9hbrp92o","previousEventId":"rbwyte1xdwr8lts","previousOperationId":"w3fzfn90b40rfaz"}
{"type":"log","timestamp":1674763119171,"level":"info","message":"pdf-utils is starting pdf processing","meta":{"rootId":"lznks9wpyth6xfu","id":"lznks9wpyth6xfu"},"id":"xkrlupzu44owku2","previousOperationId":"w3fzfn90b40rfaz"}
{"type":"operationStart","subtype":"pdfUtils","name":"pdf utils","timestamp":1674763119171,"id":"422sjeex3au4550","previousEventId":"1ys5rqw9hbrp92o","operationId":"cvf9bzgqgru4ty4","previousOperationId":"w3fzfn90b40rfaz"}
{"type":"log","timestamp":1674763119172,"level":"debug","message":"pdf-utils detected 1 pdf operation(s) to process","meta":{"rootId":"lznks9wpyth6xfu","id":"lznks9wpyth6xfu"},"id":"ekir38hdouu3ryt","previousOperationId":"cvf9bzgqgru4ty4"}
{"type":"log","timestamp":1674763119211,"level":"debug","message":"pdf-utils running pdf operation merge","meta":{"rootId":"lznks9wpyth6xfu","id":"lznks9wpyth6xfu"},"id":"hqtjzk32yl5f9vd","previousOperationId":"cvf9bzgqgru4ty4"}
{"type":"operationStart","subtype":"pdfUtilsMerge","name":"pdf utils merge","previousOperationId":"cvf9bzgqgru4ty4","timestamp":1674763119211,"id":"8f3a3b32wvpzmis","previousEventId":"422sjeex3au4550","operationId":"8ry6j6qdhys1id3"}
{"type":"operationStart","subtype":"render","name":"orders-header","previousOperationId":"8ry6j6qdhys1id3","timestamp":1674763119214,"id":"h4v7grrifpe3x7b","previousEventId":"8f3a3b32wvpzmis","operationId":"vg0hoou0v5ubdrr"}
{"type":"log","timestamp":1674763119214,"level":"info","message":"Starting rendering (child) request","meta":{"rootId":"lznks9wpyth6xfu","id":"31v4ng5775jsjzm"},"id":"bak7e6lvfmvm5dk","previousOperationId":"vg0hoou0v5ubdrr"}
{"type":"log","timestamp":1674763119215,"level":"info","message":"Rendering template { name: orders-header, recipe: chrome-pdf, engine: handlebars, preview: true }","meta":{"rootId":"lznks9wpyth6xfu","id":"31v4ng5775jsjzm"},"id":"7bgntu98rvpox1o","previousOperationId":"vg0hoou0v5ubdrr"}
{"type":"log","timestamp":1674763119217,"level":"debug","message":"Inline data specified.","meta":{"rootId":"lznks9wpyth6xfu","id":"31v4ng5775jsjzm"},"id":"q8j4tk8id0urswx","previousOperationId":"vg0hoou0v5ubdrr"}
{"type":"log","timestamp":1674763119219,"level":"debug","message":"Base url not specified, skipping its injection.","meta":{"rootId":"lznks9wpyth6xfu","id":"31v4ng5775jsjzm"},"id":"a6obup6o1r7mnxq","previousOperationId":"vg0hoou0v5ubdrr"}
{"type":"operationStart","subtype":"engine","name":"handlebars","timestamp":1674763119220,"id":"38cx42jcsb5uhyg","previousEventId":"h4v7grrifpe3x7b","operationId":"foi1m71mnpm3ysj","previousOperationId":"vg0hoou0v5ubdrr"}
{"type":"log","timestamp":1674763119220,"level":"debug","message":"Rendering engine handlebars","meta":{"rootId":"lznks9wpyth6xfu","id":"31v4ng5775jsjzm"},"id":"2rn92q9t6sq830a","previousOperationId":"foi1m71mnpm3ysj"}
{"type":"operationEnd","operationId":"foi1m71mnpm3ysj","timestamp":1674763119248,"id":"hu1z95je83ohzpd","previousEventId":"38cx42jcsb5uhyg","previousOperationId":"foi1m71mnpm3ysj"}
{"type":"operationStart","subtype":"recipe","name":"chrome-pdf","timestamp":1674763119248,"id":"at6k7tylchf2x7d","previousEventId":"hu1z95je83ohzpd","operationId":"q8oi7yv1ns4nu4n","previousOperationId":"foi1m71mnpm3ysj"}
{"type":"log","timestamp":1674763119248,"level":"debug","message":"Executing recipe chrome-pdf","meta":{"rootId":"lznks9wpyth6xfu","id":"31v4ng5775jsjzm"},"id":"g8l068klu7wsxzp","previousOperationId":"q8oi7yv1ns4nu4n"}
{"type":"log","timestamp":1674763119251,"level":"debug","message":"Converting with chrome HeadlessChrome/105.0.5173.0 using chrome-pool strategy","meta":{"rootId":"lznks9wpyth6xfu","id":"31v4ng5775jsjzm"},"id":"x608tl3b4o37kz1","previousOperationId":"q8oi7yv1ns4nu4n"}
{"type":"log","timestamp":1674763119375,"level":"debug","message":"Page request: GET (document) file:///C:/Users/alegu/AppData/Local/Temp/jsreport/autocleanup/cda63d3d-7cdd-4968-a699-cd6221a44985-chrome-pdf.html","meta":{"rootId":"lznks9wpyth6xfu","id":"31v4ng5775jsjzm"},"id":"xdw4rovj5yfyb7s","previousOperationId":"q8oi7yv1ns4nu4n"}
{"type":"log","timestamp":1674763119390,"level":"debug","message":"Page request finished: GET (document) 200 file:///C:/Users/alegu/AppData/Local/Temp/jsreport/autocleanup/cda63d3d-7cdd-4968-a699-cd6221a44985-chrome-pdf.html","meta":{"rootId":"lznks9wpyth6xfu","id":"31v4ng5775jsjzm"},"id":"dqqhs2jh41zfsn7","previousOperationId":"q8oi7yv1ns4nu4n"}
{"type":"log","timestamp":1674763119390,"level":"debug","message":"Page request: GET (stylesheet) https://cdnjs.cloudflare.com/ajax/libs/metro/4.1.5/css/metro.min.css","meta":{"rootId":"lznks9wpyth6xfu","id":"31v4ng5775jsjzm"},"id":"2a829lc4mkiszau","previousOperationId":"q8oi7yv1ns4nu4n"}
{"type":"log","timestamp":1674763119434,"level":"debug","message":"Page request finished: GET (stylesheet) 200 https://cdnjs.cloudflare.com/ajax/libs/metro/4.1.5/css/metro.min.css","meta":{"rootId":"lznks9wpyth6xfu","id":"31v4ng5775jsjzm"},"id":"k2j6kth16wodpac","previousOperationId":"q8oi7yv1ns4nu4n"}
{"type":"log","timestamp":1674763119464,"level":"debug","message":"Running chrome with params {\"printBackground\":true,\"marginTop\":\"1.5cm\",\"marginRight\":\"1.5cm\",\"marginLeft\":\"1.cm\",\"timeout\":58140,\"margin\":{\"top\":\"1.5cm\",\"right\":\"1.5cm\",\"left\":\"1.cm\"}}","meta":{"rootId":"lznks9wpyth6xfu","id":"31v4ng5775jsjzm"},"id":"nhffp0fmdrkmc62","previousOperationId":"q8oi7yv1ns4nu4n"}
{"type":"operationEnd","operationId":"q8oi7yv1ns4nu4n","timestamp":1674763119546,"id":"1ck3yh6l62ngvs0","previousEventId":"at6k7tylchf2x7d","previousOperationId":"q8oi7yv1ns4nu4n"}
{"type":"log","timestamp":1674763119547,"level":"debug","message":"Skipping storing report.","meta":{"rootId":"lznks9wpyth6xfu","id":"31v4ng5775jsjzm"},"id":"l5rkwgd9gqybiwo","previousOperationId":"q8oi7yv1ns4nu4n"}
{"type":"log","timestamp":1674763119547,"level":"info","message":"Rendering (child) request finished in 2157 ms","meta":{"rootId":"lznks9wpyth6xfu","id":"31v4ng5775jsjzm"},"id":"ondbtxammgiaa4n","previousOperationId":"q8oi7yv1ns4nu4n"}
{"type":"operationEnd","subtype":"render","operationId":"vg0hoou0v5ubdrr","timestamp":1674763119547,"id":"ii1caanzu97d8rg","previousEventId":"1ck3yh6l62ngvs0","previousOperationId":"q8oi7yv1ns4nu4n"}
{"type":"operationEnd","operationId":"8ry6j6qdhys1id3","timestamp":1674763119564,"id":"tx8ccpjeb92hljc","previousEventId":"8f3a3b32wvpzmis","previousOperationId":"8ry6j6qdhys1id3"}
{"type":"log","timestamp":1674763119564,"level":"debug","message":"pdf-utils postproces start","meta":{"rootId":"lznks9wpyth6xfu","id":"lznks9wpyth6xfu"},"id":"3v3nuhmnes4zn4f","previousOperationId":"8ry6j6qdhys1id3"}
{"type":"log","timestamp":1674763119575,"level":"debug","message":"pdf-utils postproces end","meta":{"rootId":"lznks9wpyth6xfu","id":"lznks9wpyth6xfu"},"id":"q25sppyh1br2lpo","previousOperationId":"8ry6j6qdhys1id3"}
{"type":"operationEnd","operationId":"cvf9bzgqgru4ty4","timestamp":1674763119575,"id":"d1agqnk5tny2uv1","previousEventId":"tx8ccpjeb92hljc","previousOperationId":"8ry6j6qdhys1id3"}
{"type":"log","timestamp":1674763119575,"level":"info","message":"pdf-utils pdf processing was finished","meta":{"rootId":"lznks9wpyth6xfu","id":"lznks9wpyth6xfu"},"id":"xrih10pfaafoqd8","previousOperationId":"cvf9bzgqgru4ty4"}
{"type":"log","timestamp":1674763119576,"level":"debug","message":"Skipping storing report.","meta":{"rootId":"lznks9wpyth6xfu","id":"lznks9wpyth6xfu"},"id":"8z1v7gtlikcqa71","previousOperationId":"cvf9bzgqgru4ty4"}
{"type":"log","timestamp":1674763119576,"level":"info","message":"Rendering request 2 finished in 2186 ms","meta":{"rootId":"lznks9wpyth6xfu","id":"lznks9wpyth6xfu"},"id":"9gggb13bmjpwctd","previousOperationId":"cvf9bzgqgru4ty4"}
{"type":"operationEnd","subtype":"render","operationId":"224o28gd3s7sqpj","timestamp":1674763119576,"id":"2vtniwgwzb9v5pk","previousEventId":"d1agqnk5tny2uv1","previousOperationId":"cvf9bzgqgru4ty4"}
{"type":"operationEnd","doDiffs":false,"previousEventId":"u8pkl0ilxh5hj2p","previousOperationId":"ntgv91qn8ptlerp","operationId":"ntgv91qn8ptlerp","timestamp":1674763119593,"id":"djt8b68f90nm49v"}
