{"type":"operationStart","subtype":"profile","data":{"_id":"C854gppbPB9uVaBz","timestamp":"2023-01-26T20:20:45.811Z","state":"queued","mode":"standard","creationDate":"2023-01-26T20:20:45.814Z","modificationDate":"2023-01-26T20:20:45.814Z","shortid":"f0qLcCD","$entitySet":"profiles"},"doDiffs":false,"timestamp":1674764445812,"id":"98x8jiqsk3oww89","previousOperationId":null,"operationId":"quv39dqqedi6be4"}
{"type":"log","level":"info","message":"Render request 17 queued for execution and waiting for available worker","previousOperationId":"quv39dqqedi6be4","timestamp":1674764445812,"id":"lpw2hsldyi2q4sp"}
{"type":"operationStart","subtype":"render","name":"orders-main","previousOperationId":"quv39dqqedi6be4","timestamp":1674764445826,"id":"s9tj7h4jvxtpbb4","previousEventId":"98x8jiqsk3oww89","operationId":"x1p8m3kbxbytiv2"}
{"type":"log","timestamp":1674764445826,"level":"info","message":"Starting rendering request 17","meta":{"rootId":"n9luq9hrx86xjtv","id":"n9luq9hrx86xjtv"},"id":"u33yidrk7qfrzsi","previousOperationId":"x1p8m3kbxbytiv2"}
{"type":"log","timestamp":1674764445827,"level":"info","message":"Rendering template { name: orders-main, recipe: chrome-pdf, engine: handlebars, preview: true }","meta":{"rootId":"n9luq9hrx86xjtv","id":"n9luq9hrx86xjtv"},"id":"qrfrmm40r9nkooe","previousOperationId":"x1p8m3kbxbytiv2"}
{"type":"log","timestamp":1674764445828,"level":"debug","message":"Data item not defined for this template.","meta":{"rootId":"n9luq9hrx86xjtv","id":"n9luq9hrx86xjtv"},"id":"87u9df4hwq4i4zu","previousOperationId":"x1p8m3kbxbytiv2"}
{"type":"log","timestamp":1674764445834,"level":"debug","message":"Executing script orders-script (beforeRender)","meta":{"rootId":"n9luq9hrx86xjtv","id":"n9luq9hrx86xjtv"},"id":"mcdgnlc6deci405","previousOperationId":"x1p8m3kbxbytiv2"}
{"type":"log","timestamp":1674764445847,"level":"debug","message":"(console:log) Hola","meta":{"userLevel":true,"rootId":"n9luq9hrx86xjtv","id":"n9luq9hrx86xjtv"},"id":"z9rqia4ioe13ste","previousOperationId":"x1p8m3kbxbytiv2"}
{"type":"operationStart","subtype":"scriptsBeforeRender","name":"scripts beforeRender","timestamp":1674764445848,"id":"9nttqd1q0gyhvqa","previousEventId":"s9tj7h4jvxtpbb4","operationId":"40b04jj4a4yb7sg","previousOperationId":"x1p8m3kbxbytiv2"}
{"type":"operationStart","subtype":"script","name":"scripts orders-script","previousOperationId":"40b04jj4a4yb7sg","timestamp":1674764445848,"id":"d8wb4izsecvwzu9","previousEventId":"9nttqd1q0gyhvqa","operationId":"4z87852ktftne9n"}
{"type":"log","timestamp":1674764445848,"level":"debug","message":"(console:log) Hola","meta":{"userLevel":true,"rootId":"n9luq9hrx86xjtv","id":"n9luq9hrx86xjtv"},"id":"zi7q7li7jlsqgey","previousOperationId":"4z87852ktftne9n"}
{"type":"operationEnd","operationId":"4z87852ktftne9n","timestamp":1674764447088,"id":"ycshw9fkcwqngf1","previousEventId":"s9tj7h4jvxtpbb4","previousOperationId":"x1p8m3kbxbytiv2"}
{"type":"operationEnd","operationId":"40b04jj4a4yb7sg","timestamp":1674764447088,"id":"pc00mocwf7hognj","previousEventId":"ycshw9fkcwqngf1","previousOperationId":"x1p8m3kbxbytiv2"}
{"type":"log","timestamp":1674764447088,"level":"debug","message":"Base url not specified, skipping its injection.","meta":{"rootId":"n9luq9hrx86xjtv","id":"n9luq9hrx86xjtv"},"id":"8fogbc977jc4n8y","previousOperationId":"40b04jj4a4yb7sg"}
{"type":"operationStart","subtype":"engine","name":"handlebars","timestamp":1674764447090,"id":"jyv6ekp0ppkbf5z","previousEventId":"pc00mocwf7hognj","operationId":"nwkpusbvbrmyika","previousOperationId":"40b04jj4a4yb7sg"}
{"type":"log","timestamp":1674764447090,"level":"debug","message":"Rendering engine handlebars","meta":{"rootId":"n9luq9hrx86xjtv","id":"n9luq9hrx86xjtv"},"id":"gh54fi6hvbwp8id","previousOperationId":"nwkpusbvbrmyika"}
{"type":"log","timestamp":1674764447113,"level":"debug","message":"(console:log) Pdf utils adding group field, value: \"France\"","meta":{"userLevel":true,"rootId":"n9luq9hrx86xjtv","id":"n9luq9hrx86xjtv"},"id":"9qskl4vx10wk7r5","previousOperationId":"nwkpusbvbrmyika"}
{"type":"log","timestamp":1674764447113,"level":"debug","message":"(console:log) Pdf utils adding group field, value: \"Germany\"","meta":{"userLevel":true,"rootId":"n9luq9hrx86xjtv","id":"n9luq9hrx86xjtv"},"id":"l9xuhwj5bbixt7t","previousOperationId":"nwkpusbvbrmyika"}
{"type":"operationEnd","operationId":"nwkpusbvbrmyika","timestamp":1674764447113,"id":"ixrhydk195xkw95","previousEventId":"jyv6ekp0ppkbf5z","previousOperationId":"nwkpusbvbrmyika"}
{"type":"operationStart","subtype":"recipe","name":"chrome-pdf","timestamp":1674764447114,"id":"63zp3d5rtkc3c45","previousEventId":"ixrhydk195xkw95","operationId":"0fz1pzdn6ydno6u","previousOperationId":"nwkpusbvbrmyika"}
{"type":"log","timestamp":1674764447114,"level":"debug","message":"Executing recipe chrome-pdf","meta":{"rootId":"n9luq9hrx86xjtv","id":"n9luq9hrx86xjtv"},"id":"58r2jn9mq61gboz","previousOperationId":"0fz1pzdn6ydno6u"}
{"type":"log","timestamp":1674764447119,"level":"debug","message":"Converting with chrome HeadlessChrome/105.0.5173.0 using chrome-pool strategy","meta":{"rootId":"n9luq9hrx86xjtv","id":"n9luq9hrx86xjtv"},"id":"iswltpm8xxw94a9","previousOperationId":"0fz1pzdn6ydno6u"}
{"type":"log","timestamp":1674764447239,"level":"debug","message":"Page request: GET (document) file:///C:/Users/alegu/AppData/Local/Temp/jsreport/autocleanup/bf936e44-0a5c-4536-8781-ded8226bfb5b-chrome-pdf.html","meta":{"rootId":"n9luq9hrx86xjtv","id":"n9luq9hrx86xjtv"},"id":"dy9kofizzhczgru","previousOperationId":"0fz1pzdn6ydno6u"}
{"type":"log","timestamp":1674764447252,"level":"debug","message":"Page request finished: GET (document) 200 file:///C:/Users/alegu/AppData/Local/Temp/jsreport/autocleanup/bf936e44-0a5c-4536-8781-ded8226bfb5b-chrome-pdf.html","meta":{"rootId":"n9luq9hrx86xjtv","id":"n9luq9hrx86xjtv"},"id":"qswgbsx8vzwt28s","previousOperationId":"0fz1pzdn6ydno6u"}
{"type":"log","timestamp":1674764447252,"level":"debug","message":"Page request: GET (stylesheet) https://cdnjs.cloudflare.com/ajax/libs/metro/4.1.5/css/metro.min.css","meta":{"rootId":"n9luq9hrx86xjtv","id":"n9luq9hrx86xjtv"},"id":"anishpjb9wooo19","previousOperationId":"0fz1pzdn6ydno6u"}
{"type":"log","timestamp":1674764447252,"level":"debug","message":"Page request: GET (script) https://cdnjs.cloudflare.com/ajax/libs/Chart.js/2.7.2/Chart.min.js","meta":{"rootId":"n9luq9hrx86xjtv","id":"n9luq9hrx86xjtv"},"id":"z9pbql4ify7e3sw","previousOperationId":"0fz1pzdn6ydno6u"}
{"type":"log","timestamp":1674764447261,"level":"debug","message":"Page request finished: GET (script) 200 https://cdnjs.cloudflare.com/ajax/libs/Chart.js/2.7.2/Chart.min.js","meta":{"rootId":"n9luq9hrx86xjtv","id":"n9luq9hrx86xjtv"},"id":"o36gqv56xekm9jo","previousOperationId":"0fz1pzdn6ydno6u"}
{"type":"log","timestamp":1674764447280,"level":"debug","message":"Page request finished: GET (stylesheet) 200 https://cdnjs.cloudflare.com/ajax/libs/metro/4.1.5/css/metro.min.css","meta":{"rootId":"n9luq9hrx86xjtv","id":"n9luq9hrx86xjtv"},"id":"e4bqv3qrpsdao2z","previousOperationId":"0fz1pzdn6ydno6u"}
{"type":"log","timestamp":1674764447401,"level":"debug","message":"Running chrome with params {\"printBackground\":true,\"marginTop\":\"4cm\",\"marginRight\":\"1.5cm\",\"marginBottom\":\"1.5cm\",\"marginLeft\":\"1.5cm\",\"waitForJS\":false,\"timeout\":58694,\"margin\":{\"top\":\"4cm\",\"right\":\"1.5cm\",\"bottom\":\"1.5cm\",\"left\":\"1.5cm\"}}","meta":{"rootId":"n9luq9hrx86xjtv","id":"n9luq9hrx86xjtv"},"id":"oxbg6a6v9wqf142","previousOperationId":"0fz1pzdn6ydno6u"}
{"type":"operationEnd","operationId":"0fz1pzdn6ydno6u","timestamp":1674764447627,"id":"gbea7wifjbjf5xd","previousEventId":"63zp3d5rtkc3c45","previousOperationId":"0fz1pzdn6ydno6u"}
{"type":"log","timestamp":1674764447628,"level":"info","message":"pdf-utils is starting pdf processing","meta":{"rootId":"n9luq9hrx86xjtv","id":"n9luq9hrx86xjtv"},"id":"a5oit3hnu0nj7rb","previousOperationId":"0fz1pzdn6ydno6u"}
{"type":"operationStart","subtype":"pdfUtils","name":"pdf utils","timestamp":1674764447628,"id":"oha7zdzahuwchp6","previousEventId":"gbea7wifjbjf5xd","operationId":"q7cyo7pxgqh2czv","previousOperationId":"0fz1pzdn6ydno6u"}
{"type":"log","timestamp":1674764447629,"level":"debug","message":"pdf-utils detected 1 pdf operation(s) to process","meta":{"rootId":"n9luq9hrx86xjtv","id":"n9luq9hrx86xjtv"},"id":"ysgc4qch0lfqmal","previousOperationId":"q7cyo7pxgqh2czv"}
{"type":"log","timestamp":1674764447685,"level":"debug","message":"pdf-utils running pdf operation merge","meta":{"rootId":"n9luq9hrx86xjtv","id":"n9luq9hrx86xjtv"},"id":"l0z1foju2l2ygtv","previousOperationId":"q7cyo7pxgqh2czv"}
{"type":"operationStart","subtype":"pdfUtilsMerge","name":"pdf utils merge","previousOperationId":"q7cyo7pxgqh2czv","timestamp":1674764447685,"id":"6ws09rbs1ar1t4o","previousEventId":"oha7zdzahuwchp6","operationId":"zalcjed9sfno583"}
{"type":"operationStart","subtype":"render","name":"orders-header","previousOperationId":"zalcjed9sfno583","timestamp":1674764447687,"id":"tpordw54br6u91f","previousEventId":"6ws09rbs1ar1t4o","operationId":"fthlvpf7egex128"}
{"type":"log","timestamp":1674764447687,"level":"info","message":"Starting rendering (child) request","meta":{"rootId":"n9luq9hrx86xjtv","id":"q80flknoijvxsws"},"id":"s3elm93xmhgq2tr","previousOperationId":"fthlvpf7egex128"}
{"type":"log","timestamp":1674764447687,"level":"info","message":"Rendering template { name: orders-header, recipe: chrome-pdf, engine: handlebars, preview: true }","meta":{"rootId":"n9luq9hrx86xjtv","id":"q80flknoijvxsws"},"id":"1jgc0kewcdis0h8","previousOperationId":"fthlvpf7egex128"}
{"type":"log","timestamp":1674764447699,"level":"debug","message":"Inline data specified.","meta":{"rootId":"n9luq9hrx86xjtv","id":"q80flknoijvxsws"},"id":"u21dp3fssscu3ll","previousOperationId":"fthlvpf7egex128"}
{"type":"log","timestamp":1674764447704,"level":"debug","message":"Base url not specified, skipping its injection.","meta":{"rootId":"n9luq9hrx86xjtv","id":"q80flknoijvxsws"},"id":"h4mqb1u6zef7m76","previousOperationId":"fthlvpf7egex128"}
{"type":"operationStart","subtype":"engine","name":"handlebars","timestamp":1674764447705,"id":"8oxoplk28jm09oz","previousEventId":"tpordw54br6u91f","operationId":"dp6pr8l7o0v8rxl","previousOperationId":"fthlvpf7egex128"}
{"type":"log","timestamp":1674764447705,"level":"debug","message":"Rendering engine handlebars","meta":{"rootId":"n9luq9hrx86xjtv","id":"q80flknoijvxsws"},"id":"1euzksxbfpaaocz","previousOperationId":"dp6pr8l7o0v8rxl"}
{"type":"operationEnd","operationId":"dp6pr8l7o0v8rxl","timestamp":1674764447727,"id":"w57qq3bldsxb30e","previousEventId":"8oxoplk28jm09oz","previousOperationId":"dp6pr8l7o0v8rxl"}
{"type":"operationStart","subtype":"recipe","name":"chrome-pdf","timestamp":1674764447728,"id":"fexdstx6boaw2cl","previousEventId":"w57qq3bldsxb30e","operationId":"slddkrdgdlamsoz","previousOperationId":"dp6pr8l7o0v8rxl"}
{"type":"log","timestamp":1674764447728,"level":"debug","message":"Executing recipe chrome-pdf","meta":{"rootId":"n9luq9hrx86xjtv","id":"q80flknoijvxsws"},"id":"9czec74bdw7lpb4","previousOperationId":"slddkrdgdlamsoz"}
{"type":"log","timestamp":1674764447731,"level":"debug","message":"Converting with chrome HeadlessChrome/105.0.5173.0 using chrome-pool strategy","meta":{"rootId":"n9luq9hrx86xjtv","id":"q80flknoijvxsws"},"id":"bwa3up4djxwcmph","previousOperationId":"slddkrdgdlamsoz"}
{"type":"log","timestamp":1674764447847,"level":"debug","message":"Page request: GET (document) file:///C:/Users/alegu/AppData/Local/Temp/jsreport/autocleanup/5379a1ef-2775-45ea-bebe-2c5c8030b581-chrome-pdf.html","meta":{"rootId":"n9luq9hrx86xjtv","id":"q80flknoijvxsws"},"id":"un92oh2m277ea7h","previousOperationId":"slddkrdgdlamsoz"}
{"type":"log","timestamp":1674764447859,"level":"debug","message":"Page request finished: GET (document) 200 file:///C:/Users/alegu/AppData/Local/Temp/jsreport/autocleanup/5379a1ef-2775-45ea-bebe-2c5c8030b581-chrome-pdf.html","meta":{"rootId":"n9luq9hrx86xjtv","id":"q80flknoijvxsws"},"id":"b6kbqc0ky5k3c3c","previousOperationId":"slddkrdgdlamsoz"}
{"type":"log","timestamp":1674764447859,"level":"debug","message":"Page request: GET (stylesheet) https://cdnjs.cloudflare.com/ajax/libs/metro/4.1.5/css/metro.min.css","meta":{"rootId":"n9luq9hrx86xjtv","id":"q80flknoijvxsws"},"id":"qpgcgo6zpjn34v2","previousOperationId":"slddkrdgdlamsoz"}
{"type":"log","timestamp":1674764447883,"level":"debug","message":"Page request finished: GET (stylesheet) 200 https://cdnjs.cloudflare.com/ajax/libs/metro/4.1.5/css/metro.min.css","meta":{"rootId":"n9luq9hrx86xjtv","id":"q80flknoijvxsws"},"id":"7b7f09jqp3uuerr","previousOperationId":"slddkrdgdlamsoz"}
{"type":"log","timestamp":1674764447914,"level":"debug","message":"Running chrome with params {\"printBackground\":true,\"marginTop\":\"1.5cm\",\"marginRight\":\"1.5cm\",\"marginLeft\":\"1.cm\",\"timeout\":58081,\"margin\":{\"top\":\"1.5cm\",\"right\":\"1.5cm\",\"left\":\"1.cm\"}}","meta":{"rootId":"n9luq9hrx86xjtv","id":"q80flknoijvxsws"},"id":"txeaaid2b4a3hpy","previousOperationId":"slddkrdgdlamsoz"}
{"type":"operationEnd","operationId":"slddkrdgdlamsoz","timestamp":1674764448009,"id":"a5sm7l7d184x5kh","previousEventId":"fexdstx6boaw2cl","previousOperationId":"slddkrdgdlamsoz"}
{"type":"log","timestamp":1674764448009,"level":"debug","message":"Skipping storing report.","meta":{"rootId":"n9luq9hrx86xjtv","id":"q80flknoijvxsws"},"id":"1poamb3ddrhtgdr","previousOperationId":"slddkrdgdlamsoz"}
{"type":"log","timestamp":1674764448009,"level":"info","message":"Rendering (child) request finished in 2198 ms","meta":{"rootId":"n9luq9hrx86xjtv","id":"q80flknoijvxsws"},"id":"vczkntekmilsbbs","previousOperationId":"slddkrdgdlamsoz"}
{"type":"operationEnd","subtype":"render","operationId":"fthlvpf7egex128","timestamp":1674764448009,"id":"9otvbpbgxzqw0sd","previousEventId":"a5sm7l7d184x5kh","previousOperationId":"slddkrdgdlamsoz"}
{"type":"operationEnd","operationId":"zalcjed9sfno583","timestamp":1674764448029,"id":"se2x8u14pmsg2dq","previousEventId":"6ws09rbs1ar1t4o","previousOperationId":"zalcjed9sfno583"}
{"type":"log","timestamp":1674764448029,"level":"debug","message":"pdf-utils postproces start","meta":{"rootId":"n9luq9hrx86xjtv","id":"n9luq9hrx86xjtv"},"id":"o88ikq9cfpf30s6","previousOperationId":"zalcjed9sfno583"}
{"type":"log","timestamp":1674764448055,"level":"debug","message":"pdf-utils postproces end","meta":{"rootId":"n9luq9hrx86xjtv","id":"n9luq9hrx86xjtv"},"id":"f58y1egqtkgmsi5","previousOperationId":"zalcjed9sfno583"}
{"type":"operationEnd","operationId":"q7cyo7pxgqh2czv","timestamp":1674764448055,"id":"x8ubyjoypxz1dz4","previousEventId":"se2x8u14pmsg2dq","previousOperationId":"zalcjed9sfno583"}
{"type":"log","timestamp":1674764448055,"level":"info","message":"pdf-utils pdf processing was finished","meta":{"rootId":"n9luq9hrx86xjtv","id":"n9luq9hrx86xjtv"},"id":"rl4uenyr9e0byvi","previousOperationId":"q7cyo7pxgqh2czv"}
{"type":"log","timestamp":1674764448055,"level":"debug","message":"Skipping storing report.","meta":{"rootId":"n9luq9hrx86xjtv","id":"n9luq9hrx86xjtv"},"id":"lsv8qcw9qvghwfv","previousOperationId":"q7cyo7pxgqh2czv"}
{"type":"log","timestamp":1674764448055,"level":"info","message":"Rendering request 17 finished in 2244 ms","meta":{"rootId":"n9luq9hrx86xjtv","id":"n9luq9hrx86xjtv"},"id":"n3q71aldp1141xb","previousOperationId":"q7cyo7pxgqh2czv"}
{"type":"operationEnd","subtype":"render","operationId":"x1p8m3kbxbytiv2","timestamp":1674764448055,"id":"x7oein7mahcffpg","previousEventId":"x8ubyjoypxz1dz4","previousOperationId":"q7cyo7pxgqh2czv"}
{"type":"operationEnd","doDiffs":false,"previousEventId":"98x8jiqsk3oww89","previousOperationId":"quv39dqqedi6be4","operationId":"quv39dqqedi6be4","timestamp":1674764448068,"id":"g8zcxmgdhev1qgi"}
