{"type":"operationStart","subtype":"profile","data":{"_id":"GjZ1jSsig0OIPowf","timestamp":"2023-01-26T20:22:56.395Z","state":"queued","mode":"standard","creationDate":"2023-01-26T20:22:56.399Z","modificationDate":"2023-01-26T20:22:56.399Z","shortid":"bEcFUOr","$entitySet":"profiles"},"doDiffs":false,"timestamp":1674764576397,"id":"a42c8d7xv2w9kld","previousOperationId":null,"operationId":"82u523qabpb646o"}
{"type":"log","level":"info","message":"Render request 18 queued for execution and waiting for available worker","previousOperationId":"82u523qabpb646o","timestamp":1674764576397,"id":"ddg3qd9u4nupm9o"}
{"type":"operationStart","subtype":"render","name":"orders-main","previousOperationId":"82u523qabpb646o","timestamp":1674764576416,"id":"gcpcybhdx4z2syb","previousEventId":"a42c8d7xv2w9kld","operationId":"hjxm4n6etvpcby6"}
{"type":"log","timestamp":1674764576416,"level":"info","message":"Starting rendering request 18","meta":{"rootId":"pyweyrilzu616if","id":"pyweyrilzu616if"},"id":"a0ykd02fdx6urju","previousOperationId":"hjxm4n6etvpcby6"}
{"type":"log","timestamp":1674764576416,"level":"info","message":"Rendering template { name: orders-main, recipe: chrome-pdf, engine: handlebars, preview: true }","meta":{"rootId":"pyweyrilzu616if","id":"pyweyrilzu616if"},"id":"nhqjnr5mf8c0nw4","previousOperationId":"hjxm4n6etvpcby6"}
{"type":"log","timestamp":1674764576418,"level":"debug","message":"Data item not defined for this template.","meta":{"rootId":"pyweyrilzu616if","id":"pyweyrilzu616if"},"id":"vg9sp2jc8aawsb9","previousOperationId":"hjxm4n6etvpcby6"}
{"type":"log","timestamp":1674764576425,"level":"debug","message":"Executing script orders-script (beforeRender)","meta":{"rootId":"pyweyrilzu616if","id":"pyweyrilzu616if"},"id":"elr3lrpqhdsfggx","previousOperationId":"hjxm4n6etvpcby6"}
{"type":"log","timestamp":1674764576439,"level":"debug","message":"(console:log) Hola","meta":{"userLevel":true,"rootId":"pyweyrilzu616if","id":"pyweyrilzu616if"},"id":"8iuo5szd3kyz8rs","previousOperationId":"hjxm4n6etvpcby6"}
{"type":"operationStart","subtype":"scriptsBeforeRender","name":"scripts beforeRender","timestamp":1674764576440,"id":"dnpzz3pnfrue30n","previousEventId":"gcpcybhdx4z2syb","operationId":"9zgs3odw43nl72c","previousOperationId":"hjxm4n6etvpcby6"}
{"type":"operationStart","subtype":"script","name":"scripts orders-script","previousOperationId":"9zgs3odw43nl72c","timestamp":1674764576440,"id":"r3zj7py0j3k4zfw","previousEventId":"dnpzz3pnfrue30n","operationId":"oyetogarev9nc0x"}
{"type":"log","timestamp":1674764576441,"level":"debug","message":"(console:log) Hola","meta":{"userLevel":true,"rootId":"pyweyrilzu616if","id":"pyweyrilzu616if"},"id":"9vgf9d0xac1s4sj","previousOperationId":"oyetogarev9nc0x"}
{"type":"operationEnd","operationId":"oyetogarev9nc0x","timestamp":1674764577833,"id":"ihl53wn3bs4ynxw","previousEventId":"gcpcybhdx4z2syb","previousOperationId":"hjxm4n6etvpcby6"}
{"type":"operationEnd","operationId":"9zgs3odw43nl72c","timestamp":1674764577834,"id":"yiimvei1t4vajtj","previousEventId":"ihl53wn3bs4ynxw","previousOperationId":"hjxm4n6etvpcby6"}
{"type":"log","timestamp":1674764577834,"level":"debug","message":"Base url not specified, skipping its injection.","meta":{"rootId":"pyweyrilzu616if","id":"pyweyrilzu616if"},"id":"jrvhgg4m6qhx7gf","previousOperationId":"9zgs3odw43nl72c"}
{"type":"operationStart","subtype":"engine","name":"handlebars","timestamp":1674764577834,"id":"woda7x2yscydfau","previousEventId":"yiimvei1t4vajtj","operationId":"tasnaxom1nbwaq6","previousOperationId":"9zgs3odw43nl72c"}
{"type":"log","timestamp":1674764577834,"level":"debug","message":"Rendering engine handlebars","meta":{"rootId":"pyweyrilzu616if","id":"pyweyrilzu616if"},"id":"nk9e0b9phoeg8jh","previousOperationId":"tasnaxom1nbwaq6"}
{"type":"log","timestamp":1674764577854,"level":"debug","message":"(console:log) Pdf utils adding group field, value: \"France\"","meta":{"userLevel":true,"rootId":"pyweyrilzu616if","id":"pyweyrilzu616if"},"id":"i9zma9ojaruav1d","previousOperationId":"tasnaxom1nbwaq6"}
{"type":"log","timestamp":1674764577854,"level":"debug","message":"(console:log) Pdf utils adding group field, value: \"Germany\"","meta":{"userLevel":true,"rootId":"pyweyrilzu616if","id":"pyweyrilzu616if"},"id":"1huc72fmruyooec","previousOperationId":"tasnaxom1nbwaq6"}
{"type":"operationEnd","operationId":"tasnaxom1nbwaq6","timestamp":1674764577854,"id":"wbdnrn3de6fp5xy","previousEventId":"woda7x2yscydfau","previousOperationId":"tasnaxom1nbwaq6"}
{"type":"operationStart","subtype":"recipe","name":"chrome-pdf","timestamp":1674764577857,"id":"ew5inya8j94olfz","previousEventId":"wbdnrn3de6fp5xy","operationId":"8yibtml8iwzd18z","previousOperationId":"tasnaxom1nbwaq6"}
{"type":"log","timestamp":1674764577857,"level":"debug","message":"Executing recipe chrome-pdf","meta":{"rootId":"pyweyrilzu616if","id":"pyweyrilzu616if"},"id":"34z44k3170f5bdk","previousOperationId":"8yibtml8iwzd18z"}
{"type":"log","timestamp":1674764577863,"level":"debug","message":"Converting with chrome HeadlessChrome/105.0.5173.0 using chrome-pool strategy","meta":{"rootId":"pyweyrilzu616if","id":"pyweyrilzu616if"},"id":"psher1dm933fn5a","previousOperationId":"8yibtml8iwzd18z"}
{"type":"log","timestamp":1674764577984,"level":"debug","message":"Page request: GET (document) file:///C:/Users/alegu/AppData/Local/Temp/jsreport/autocleanup/276b730e-54f9-48a1-9fa1-6d75ddf2a3e1-chrome-pdf.html","meta":{"rootId":"pyweyrilzu616if","id":"pyweyrilzu616if"},"id":"p82443btyn87eqi","previousOperationId":"8yibtml8iwzd18z"}
{"type":"log","timestamp":1674764577995,"level":"debug","message":"Page request: GET (stylesheet) https://cdnjs.cloudflare.com/ajax/libs/metro/4.1.5/css/metro.min.css","meta":{"rootId":"pyweyrilzu616if","id":"pyweyrilzu616if"},"id":"9ltw416xu1dcgz0","previousOperationId":"8yibtml8iwzd18z"}
{"type":"log","timestamp":1674764577995,"level":"debug","message":"Page request: GET (script) https://cdnjs.cloudflare.com/ajax/libs/Chart.js/2.7.2/Chart.min.js","meta":{"rootId":"pyweyrilzu616if","id":"pyweyrilzu616if"},"id":"3k4zhhcdbstm9ve","previousOperationId":"8yibtml8iwzd18z"}
{"type":"log","timestamp":1674764577996,"level":"debug","message":"Page request finished: GET (document) 200 file:///C:/Users/alegu/AppData/Local/Temp/jsreport/autocleanup/276b730e-54f9-48a1-9fa1-6d75ddf2a3e1-chrome-pdf.html","meta":{"rootId":"pyweyrilzu616if","id":"pyweyrilzu616if"},"id":"0ezijj4chqo269w","previousOperationId":"8yibtml8iwzd18z"}
{"type":"log","timestamp":1674764578002,"level":"debug","message":"Page request finished: GET (script) 200 https://cdnjs.cloudflare.com/ajax/libs/Chart.js/2.7.2/Chart.min.js","meta":{"rootId":"pyweyrilzu616if","id":"pyweyrilzu616if"},"id":"5gojj66fieqjww9","previousOperationId":"8yibtml8iwzd18z"}
{"type":"log","timestamp":1674764578022,"level":"debug","message":"Page request finished: GET (stylesheet) 200 https://cdnjs.cloudflare.com/ajax/libs/metro/4.1.5/css/metro.min.css","meta":{"rootId":"pyweyrilzu616if","id":"pyweyrilzu616if"},"id":"rc7szaelooh4zqq","previousOperationId":"8yibtml8iwzd18z"}
{"type":"log","timestamp":1674764578082,"level":"debug","message":"(console:log) Holaaaa","meta":{"userLevel":true,"rootId":"pyweyrilzu616if","id":"pyweyrilzu616if"},"id":"1luij6kmr30bffb","previousOperationId":"8yibtml8iwzd18z"}
{"type":"log","timestamp":1674764578123,"level":"debug","message":"(console:log) Holaaaa","meta":{"userLevel":true,"rootId":"pyweyrilzu616if","id":"pyweyrilzu616if"},"id":"we1ekleb9tqbf3z","previousOperationId":"8yibtml8iwzd18z"}
{"type":"log","timestamp":1674764578140,"level":"debug","message":"Running chrome with params {\"printBackground\":true,\"marginTop\":\"4cm\",\"marginRight\":\"1.5cm\",\"marginBottom\":\"1.5cm\",\"marginLeft\":\"1.5cm\",\"waitForJS\":false,\"timeout\":58533,\"margin\":{\"top\":\"4cm\",\"right\":\"1.5cm\",\"bottom\":\"1.5cm\",\"left\":\"1.5cm\"}}","meta":{"rootId":"pyweyrilzu616if","id":"pyweyrilzu616if"},"id":"e2ns5u8ksn2u99w","previousOperationId":"8yibtml8iwzd18z"}
{"type":"operationEnd","operationId":"8yibtml8iwzd18z","timestamp":1674764578362,"id":"vbyrqfnkxvwu1hl","previousEventId":"ew5inya8j94olfz","previousOperationId":"8yibtml8iwzd18z"}
{"type":"log","timestamp":1674764578362,"level":"info","message":"pdf-utils is starting pdf processing","meta":{"rootId":"pyweyrilzu616if","id":"pyweyrilzu616if"},"id":"kjxek7y4jap82os","previousOperationId":"8yibtml8iwzd18z"}
{"type":"operationStart","subtype":"pdfUtils","name":"pdf utils","timestamp":1674764578362,"id":"096khoz51u30xen","previousEventId":"vbyrqfnkxvwu1hl","operationId":"ca4tyn79omolpxv","previousOperationId":"8yibtml8iwzd18z"}
{"type":"log","timestamp":1674764578362,"level":"debug","message":"pdf-utils detected 1 pdf operation(s) to process","meta":{"rootId":"pyweyrilzu616if","id":"pyweyrilzu616if"},"id":"nysadc452504qi5","previousOperationId":"ca4tyn79omolpxv"}
{"type":"log","timestamp":1674764578411,"level":"debug","message":"pdf-utils running pdf operation merge","meta":{"rootId":"pyweyrilzu616if","id":"pyweyrilzu616if"},"id":"e3t39m9c68tn2er","previousOperationId":"ca4tyn79omolpxv"}
{"type":"operationStart","subtype":"pdfUtilsMerge","name":"pdf utils merge","previousOperationId":"ca4tyn79omolpxv","timestamp":1674764578411,"id":"4ghbqmao301mixw","previousEventId":"096khoz51u30xen","operationId":"9ft3nxikq1mm5fh"}
{"type":"operationStart","subtype":"render","name":"orders-header","previousOperationId":"9ft3nxikq1mm5fh","timestamp":1674764578412,"id":"l4sdzn3n6t4jiye","previousEventId":"4ghbqmao301mixw","operationId":"r7icnq3wz8qi3ay"}
{"type":"log","timestamp":1674764578412,"level":"info","message":"Starting rendering (child) request","meta":{"rootId":"pyweyrilzu616if","id":"86l5xrizd3ilvpx"},"id":"qq6avl522x23wem","previousOperationId":"r7icnq3wz8qi3ay"}
{"type":"log","timestamp":1674764578413,"level":"info","message":"Rendering template { name: orders-header, recipe: chrome-pdf, engine: handlebars, preview: true }","meta":{"rootId":"pyweyrilzu616if","id":"86l5xrizd3ilvpx"},"id":"4r6dkszz47sxequ","previousOperationId":"r7icnq3wz8qi3ay"}
{"type":"log","timestamp":1674764578414,"level":"debug","message":"Inline data specified.","meta":{"rootId":"pyweyrilzu616if","id":"86l5xrizd3ilvpx"},"id":"di28tkvk517q6lu","previousOperationId":"r7icnq3wz8qi3ay"}
{"type":"log","timestamp":1674764578418,"level":"debug","message":"Base url not specified, skipping its injection.","meta":{"rootId":"pyweyrilzu616if","id":"86l5xrizd3ilvpx"},"id":"ip3l4l0zpdntcgc","previousOperationId":"r7icnq3wz8qi3ay"}
{"type":"operationStart","subtype":"engine","name":"handlebars","timestamp":1674764578418,"id":"wbp2mrg5e6pa44k","previousEventId":"l4sdzn3n6t4jiye","operationId":"0u9r5vp0m6u4f1o","previousOperationId":"r7icnq3wz8qi3ay"}
{"type":"log","timestamp":1674764578418,"level":"debug","message":"Rendering engine handlebars","meta":{"rootId":"pyweyrilzu616if","id":"86l5xrizd3ilvpx"},"id":"mwr9w1egyzddwyw","previousOperationId":"0u9r5vp0m6u4f1o"}
{"type":"operationEnd","operationId":"0u9r5vp0m6u4f1o","timestamp":1674764578444,"id":"0tfcur1qkscl1qv","previousEventId":"wbp2mrg5e6pa44k","previousOperationId":"0u9r5vp0m6u4f1o"}
{"type":"operationStart","subtype":"recipe","name":"chrome-pdf","timestamp":1674764578444,"id":"ke4yyoaap5iekqb","previousEventId":"0tfcur1qkscl1qv","operationId":"p9gjxf3xuzyvvq5","previousOperationId":"0u9r5vp0m6u4f1o"}
{"type":"log","timestamp":1674764578444,"level":"debug","message":"Executing recipe chrome-pdf","meta":{"rootId":"pyweyrilzu616if","id":"86l5xrizd3ilvpx"},"id":"vtulhf05ehqzr9d","previousOperationId":"p9gjxf3xuzyvvq5"}
{"type":"log","timestamp":1674764578448,"level":"debug","message":"Converting with chrome HeadlessChrome/105.0.5173.0 using chrome-pool strategy","meta":{"rootId":"pyweyrilzu616if","id":"86l5xrizd3ilvpx"},"id":"glph1zew689ky4g","previousOperationId":"p9gjxf3xuzyvvq5"}
{"type":"log","timestamp":1674764578563,"level":"debug","message":"Page request: GET (document) file:///C:/Users/alegu/AppData/Local/Temp/jsreport/autocleanup/4de0cfe1-d3ac-431c-9e6d-6d5788168de6-chrome-pdf.html","meta":{"rootId":"pyweyrilzu616if","id":"86l5xrizd3ilvpx"},"id":"3wt5bkek3tm9ans","previousOperationId":"p9gjxf3xuzyvvq5"}
{"type":"log","timestamp":1674764578574,"level":"debug","message":"Page request finished: GET (document) 200 file:///C:/Users/alegu/AppData/Local/Temp/jsreport/autocleanup/4de0cfe1-d3ac-431c-9e6d-6d5788168de6-chrome-pdf.html","meta":{"rootId":"pyweyrilzu616if","id":"86l5xrizd3ilvpx"},"id":"eud6tuwijmq7e3u","previousOperationId":"p9gjxf3xuzyvvq5"}
{"type":"log","timestamp":1674764578575,"level":"debug","message":"Page request: GET (stylesheet) https://cdnjs.cloudflare.com/ajax/libs/metro/4.1.5/css/metro.min.css","meta":{"rootId":"pyweyrilzu616if","id":"86l5xrizd3ilvpx"},"id":"62j6ema7u8yfvoo","previousOperationId":"p9gjxf3xuzyvvq5"}
{"type":"log","timestamp":1674764578600,"level":"debug","message":"Page request finished: GET (stylesheet) 200 https://cdnjs.cloudflare.com/ajax/libs/metro/4.1.5/css/metro.min.css","meta":{"rootId":"pyweyrilzu616if","id":"86l5xrizd3ilvpx"},"id":"zzqwm16lu2i3wa7","previousOperationId":"p9gjxf3xuzyvvq5"}
{"type":"log","timestamp":1674764578631,"level":"debug","message":"Running chrome with params {\"printBackground\":true,\"marginTop\":\"1.5cm\",\"marginRight\":\"1.5cm\",\"marginLeft\":\"1.cm\",\"timeout\":57948,\"margin\":{\"top\":\"1.5cm\",\"right\":\"1.5cm\",\"left\":\"1.cm\"}}","meta":{"rootId":"pyweyrilzu616if","id":"86l5xrizd3ilvpx"},"id":"se6mvhx5wr0v99f","previousOperationId":"p9gjxf3xuzyvvq5"}
{"type":"operationEnd","operationId":"p9gjxf3xuzyvvq5","timestamp":1674764578720,"id":"2v44bfyw5z1zn0l","previousEventId":"ke4yyoaap5iekqb","previousOperationId":"p9gjxf3xuzyvvq5"}
{"type":"log","timestamp":1674764578720,"level":"debug","message":"Skipping storing report.","meta":{"rootId":"pyweyrilzu616if","id":"86l5xrizd3ilvpx"},"id":"cq6x6dq37phmbiz","previousOperationId":"p9gjxf3xuzyvvq5"}
{"type":"log","timestamp":1674764578721,"level":"info","message":"Rendering (child) request finished in 2326 ms","meta":{"rootId":"pyweyrilzu616if","id":"86l5xrizd3ilvpx"},"id":"9dure2bhinn0spz","previousOperationId":"p9gjxf3xuzyvvq5"}
{"type":"operationEnd","subtype":"render","operationId":"r7icnq3wz8qi3ay","timestamp":1674764578721,"id":"1gykp96kk2thuts","previousEventId":"2v44bfyw5z1zn0l","previousOperationId":"p9gjxf3xuzyvvq5"}
{"type":"operationEnd","operationId":"9ft3nxikq1mm5fh","timestamp":1674764578736,"id":"gi61rvr02tz4xgq","previousEventId":"4ghbqmao301mixw","previousOperationId":"9ft3nxikq1mm5fh"}
{"type":"log","timestamp":1674764578736,"level":"debug","message":"pdf-utils postproces start","meta":{"rootId":"pyweyrilzu616if","id":"pyweyrilzu616if"},"id":"tykt78el4v7sqc6","previousOperationId":"9ft3nxikq1mm5fh"}
{"type":"log","timestamp":1674764578761,"level":"debug","message":"pdf-utils postproces end","meta":{"rootId":"pyweyrilzu616if","id":"pyweyrilzu616if"},"id":"hw4ppy8k6tn0uaw","previousOperationId":"9ft3nxikq1mm5fh"}
{"type":"operationEnd","operationId":"ca4tyn79omolpxv","timestamp":1674764578762,"id":"0e86pvt3e90trfg","previousEventId":"gi61rvr02tz4xgq","previousOperationId":"9ft3nxikq1mm5fh"}
{"type":"log","timestamp":1674764578762,"level":"info","message":"pdf-utils pdf processing was finished","meta":{"rootId":"pyweyrilzu616if","id":"pyweyrilzu616if"},"id":"54a8m9d37cg9ntt","previousOperationId":"ca4tyn79omolpxv"}
{"type":"log","timestamp":1674764578762,"level":"debug","message":"Skipping storing report.","meta":{"rootId":"pyweyrilzu616if","id":"pyweyrilzu616if"},"id":"wsjmg90kj7nh2cv","previousOperationId":"ca4tyn79omolpxv"}
{"type":"log","timestamp":1674764578762,"level":"info","message":"Rendering request 18 finished in 2367 ms","meta":{"rootId":"pyweyrilzu616if","id":"pyweyrilzu616if"},"id":"vvp779dwuoj52cf","previousOperationId":"ca4tyn79omolpxv"}
{"type":"operationEnd","subtype":"render","operationId":"hjxm4n6etvpcby6","timestamp":1674764578762,"id":"4i1zziyvn8lgi4x","previousEventId":"0e86pvt3e90trfg","previousOperationId":"ca4tyn79omolpxv"}
{"type":"operationEnd","doDiffs":false,"previousEventId":"a42c8d7xv2w9kld","previousOperationId":"82u523qabpb646o","operationId":"82u523qabpb646o","timestamp":1674764578779,"id":"vkxztlxvqiil0ng"}
