{"type":"operationStart","subtype":"profile","data":{"_id":"mgr19fS02V5Iehzs","timestamp":"2023-01-26T20:04:31.487Z","state":"queued","mode":"standard","creationDate":"2023-01-26T20:04:31.490Z","modificationDate":"2023-01-26T20:04:31.490Z","shortid":"EKZs32S","$entitySet":"profiles"},"doDiffs":false,"timestamp":1674763471489,"id":"fl1c0fqktcxlghg","previousOperationId":null,"operationId":"cizl29j0itm70gb"}
{"type":"log","level":"info","message":"Render request 5 queued for execution and waiting for available worker","previousOperationId":"cizl29j0itm70gb","timestamp":1674763471489,"id":"ejoblfcipi6p9zt"}
{"type":"operationStart","subtype":"render","name":"orders-main","previousOperationId":"cizl29j0itm70gb","timestamp":1674763471502,"id":"fymp4afs3fnue89","previousEventId":"fl1c0fqktcxlghg","operationId":"x6bs6vaxh1oixu6"}
{"type":"log","timestamp":1674763471502,"level":"info","message":"Starting rendering request 5","meta":{"rootId":"u46v6ccif86fgol","id":"u46v6ccif86fgol"},"id":"hop30d0ok1nk00p","previousOperationId":"x6bs6vaxh1oixu6"}
{"type":"log","timestamp":1674763471504,"level":"info","message":"Rendering template { name: orders-main, recipe: chrome-pdf, engine: handlebars, preview: true }","meta":{"rootId":"u46v6ccif86fgol","id":"u46v6ccif86fgol"},"id":"v98lp09yq10ac4b","previousOperationId":"x6bs6vaxh1oixu6"}
{"type":"log","timestamp":1674763471507,"level":"debug","message":"Data item not defined for this template.","meta":{"rootId":"u46v6ccif86fgol","id":"u46v6ccif86fgol"},"id":"zwquhzh85cw9isr","previousOperationId":"x6bs6vaxh1oixu6"}
{"type":"log","timestamp":1674763471512,"level":"debug","message":"Executing script orders-script (beforeRender)","meta":{"rootId":"u46v6ccif86fgol","id":"u46v6ccif86fgol"},"id":"reaozsxy58co7m6","previousOperationId":"x6bs6vaxh1oixu6"}
{"type":"operationStart","subtype":"scriptsBeforeRender","name":"scripts beforeRender","timestamp":1674763471528,"id":"yjeyinztp35225e","previousEventId":"fymp4afs3fnue89","operationId":"lzkxdp6uovxdglu","previousOperationId":"x6bs6vaxh1oixu6"}
{"type":"operationStart","subtype":"script","name":"scripts orders-script","previousOperationId":"lzkxdp6uovxdglu","timestamp":1674763471528,"id":"43azfo4mae2x957","previousEventId":"yjeyinztp35225e","operationId":"qfo5u4recwgdc4f"}
{"type":"operationEnd","operationId":"qfo5u4recwgdc4f","timestamp":1674763473452,"id":"18c2qd16zhsrxp7","previousEventId":"fymp4afs3fnue89","previousOperationId":"x6bs6vaxh1oixu6"}
{"type":"operationEnd","operationId":"lzkxdp6uovxdglu","timestamp":1674763473452,"id":"xzix5qiw9uu9y0h","previousEventId":"18c2qd16zhsrxp7","previousOperationId":"x6bs6vaxh1oixu6"}
{"type":"log","timestamp":1674763473452,"level":"debug","message":"Base url not specified, skipping its injection.","meta":{"rootId":"u46v6ccif86fgol","id":"u46v6ccif86fgol"},"id":"odgzi9qlb0ikal9","previousOperationId":"lzkxdp6uovxdglu"}
{"type":"operationStart","subtype":"engine","name":"handlebars","timestamp":1674763473453,"id":"o5knua5ge9rl8xd","previousEventId":"xzix5qiw9uu9y0h","operationId":"j5ttdoem5cc2l74","previousOperationId":"lzkxdp6uovxdglu"}
{"type":"log","timestamp":1674763473453,"level":"debug","message":"Rendering engine handlebars","meta":{"rootId":"u46v6ccif86fgol","id":"u46v6ccif86fgol"},"id":"14h4au3vqon1ni3","previousOperationId":"j5ttdoem5cc2l74"}
{"type":"operationEnd","operationId":"j5ttdoem5cc2l74","timestamp":1674763473486,"id":"lee384d2t25pzmx","previousEventId":"o5knua5ge9rl8xd","previousOperationId":"j5ttdoem5cc2l74"}
{"type":"operationStart","subtype":"recipe","name":"chrome-pdf","timestamp":1674763473487,"id":"3u7g73qysd97zkb","previousEventId":"lee384d2t25pzmx","operationId":"es887bd9ywwcv0e","previousOperationId":"j5ttdoem5cc2l74"}
{"type":"log","timestamp":1674763473487,"level":"debug","message":"Executing recipe chrome-pdf","meta":{"rootId":"u46v6ccif86fgol","id":"u46v6ccif86fgol"},"id":"kj0f1qixa99znp5","previousOperationId":"es887bd9ywwcv0e"}
{"type":"log","timestamp":1674763473497,"level":"debug","message":"Converting with chrome HeadlessChrome/105.0.5173.0 using chrome-pool strategy","meta":{"rootId":"u46v6ccif86fgol","id":"u46v6ccif86fgol"},"id":"pe36bnx6gbaadmq","previousOperationId":"es887bd9ywwcv0e"}
{"type":"log","timestamp":1674763473640,"level":"debug","message":"Page request: GET (document) file:///C:/Users/alegu/AppData/Local/Temp/jsreport/autocleanup/d96bea89-d848-4775-a8e9-7bb16ff49268-chrome-pdf.html","meta":{"rootId":"u46v6ccif86fgol","id":"u46v6ccif86fgol"},"id":"854jbyoxxre7fwe","previousOperationId":"es887bd9ywwcv0e"}
{"type":"log","timestamp":1674763473655,"level":"debug","message":"Page request finished: GET (document) 200 file:///C:/Users/alegu/AppData/Local/Temp/jsreport/autocleanup/d96bea89-d848-4775-a8e9-7bb16ff49268-chrome-pdf.html","meta":{"rootId":"u46v6ccif86fgol","id":"u46v6ccif86fgol"},"id":"2y52tec6omfkje9","previousOperationId":"es887bd9ywwcv0e"}
{"type":"log","timestamp":1674763473655,"level":"debug","message":"Page request: GET (stylesheet) https://cdnjs.cloudflare.com/ajax/libs/metro/4.1.5/css/metro.min.css","meta":{"rootId":"u46v6ccif86fgol","id":"u46v6ccif86fgol"},"id":"hhgrcrbjlbfdhov","previousOperationId":"es887bd9ywwcv0e"}
{"type":"log","timestamp":1674763473656,"level":"debug","message":"Page request: GET (script) https://cdnjs.cloudflare.com/ajax/libs/Chart.js/2.7.2/Chart.min.js","meta":{"rootId":"u46v6ccif86fgol","id":"u46v6ccif86fgol"},"id":"28mqhtgkvk2i58k","previousOperationId":"es887bd9ywwcv0e"}
{"type":"log","timestamp":1674763473665,"level":"debug","message":"Page request finished: GET (script) 200 https://cdnjs.cloudflare.com/ajax/libs/Chart.js/2.7.2/Chart.min.js","meta":{"rootId":"u46v6ccif86fgol","id":"u46v6ccif86fgol"},"id":"r288owiq7ym45ol","previousOperationId":"es887bd9ywwcv0e"}
{"type":"log","timestamp":1674763473685,"level":"debug","message":"Page request finished: GET (stylesheet) 200 https://cdnjs.cloudflare.com/ajax/libs/metro/4.1.5/css/metro.min.css","meta":{"rootId":"u46v6ccif86fgol","id":"u46v6ccif86fgol"},"id":"vacfgepfimib50f","previousOperationId":"es887bd9ywwcv0e"}
{"type":"log","timestamp":1674763473692,"level":"warn","message":"Page error: SyntaxError: \"undefined\" is not valid JSON\n    at JSON.parse (<anonymous>)\n    at file:///C:/Users/alegu/AppData/Local/Temp/jsreport/autocleanup/d96bea89-d848-4775-a8e9-7bb16ff49268-chrome-pdf.html:41:29","meta":{"rootId":"u46v6ccif86fgol","id":"u46v6ccif86fgol"},"id":"e8csvvzgbt0bgsh","previousOperationId":"es887bd9ywwcv0e"}
{"type":"log","timestamp":1674763473725,"level":"debug","message":"Running chrome with params {\"printBackground\":true,\"marginTop\":\"4cm\",\"marginRight\":\"1.5cm\",\"marginBottom\":\"1.5cm\",\"marginLeft\":\"1.5cm\",\"waitForJS\":false,\"timeout\":57996,\"margin\":{\"top\":\"4cm\",\"right\":\"1.5cm\",\"bottom\":\"1.5cm\",\"left\":\"1.5cm\"}}","meta":{"rootId":"u46v6ccif86fgol","id":"u46v6ccif86fgol"},"id":"16sbpccplsh4kvo","previousOperationId":"es887bd9ywwcv0e"}
{"type":"operationEnd","operationId":"es887bd9ywwcv0e","timestamp":1674763473826,"id":"d1ncm0au3xl7i46","previousEventId":"3u7g73qysd97zkb","previousOperationId":"es887bd9ywwcv0e"}
{"type":"log","timestamp":1674763473827,"level":"info","message":"pdf-utils is starting pdf processing","meta":{"rootId":"u46v6ccif86fgol","id":"u46v6ccif86fgol"},"id":"mc4nzxcvp5dp0h8","previousOperationId":"es887bd9ywwcv0e"}
{"type":"operationStart","subtype":"pdfUtils","name":"pdf utils","timestamp":1674763473827,"id":"qtu6h1iy8t5lizy","previousEventId":"d1ncm0au3xl7i46","operationId":"1hcbohj2t954uxa","previousOperationId":"es887bd9ywwcv0e"}
{"type":"log","timestamp":1674763473829,"level":"debug","message":"pdf-utils detected 1 pdf operation(s) to process","meta":{"rootId":"u46v6ccif86fgol","id":"u46v6ccif86fgol"},"id":"y3hi4neeksuxso7","previousOperationId":"1hcbohj2t954uxa"}
{"type":"log","timestamp":1674763473884,"level":"debug","message":"pdf-utils running pdf operation merge","meta":{"rootId":"u46v6ccif86fgol","id":"u46v6ccif86fgol"},"id":"cij1rsrwiyj9zym","previousOperationId":"1hcbohj2t954uxa"}
{"type":"operationStart","subtype":"pdfUtilsMerge","name":"pdf utils merge","previousOperationId":"1hcbohj2t954uxa","timestamp":1674763473884,"id":"f4yaamta489v62j","previousEventId":"qtu6h1iy8t5lizy","operationId":"690yl27umwo7n0o"}
{"type":"operationStart","subtype":"render","name":"orders-header","previousOperationId":"690yl27umwo7n0o","timestamp":1674763473885,"id":"ou22n9iupgwp3e7","previousEventId":"f4yaamta489v62j","operationId":"gompqvnfl8rdb7j"}
{"type":"log","timestamp":1674763473885,"level":"info","message":"Starting rendering (child) request","meta":{"rootId":"u46v6ccif86fgol","id":"tu4tlk7v3asdpi1"},"id":"c1un2t939hi6msp","previousOperationId":"gompqvnfl8rdb7j"}
{"type":"log","timestamp":1674763473885,"level":"info","message":"Rendering template { name: orders-header, recipe: chrome-pdf, engine: handlebars, preview: true }","meta":{"rootId":"u46v6ccif86fgol","id":"tu4tlk7v3asdpi1"},"id":"hkbf6helu8xrebr","previousOperationId":"gompqvnfl8rdb7j"}
{"type":"log","timestamp":1674763473892,"level":"debug","message":"Inline data specified.","meta":{"rootId":"u46v6ccif86fgol","id":"tu4tlk7v3asdpi1"},"id":"43vqpqkxli5mx7n","previousOperationId":"gompqvnfl8rdb7j"}
{"type":"log","timestamp":1674763473898,"level":"debug","message":"Base url not specified, skipping its injection.","meta":{"rootId":"u46v6ccif86fgol","id":"tu4tlk7v3asdpi1"},"id":"kskgqzf04ulotwa","previousOperationId":"gompqvnfl8rdb7j"}
{"type":"operationStart","subtype":"engine","name":"handlebars","timestamp":1674763473898,"id":"xnwvifncwzix47x","previousEventId":"ou22n9iupgwp3e7","operationId":"wsfh7y7ugfi8k4v","previousOperationId":"gompqvnfl8rdb7j"}
{"type":"log","timestamp":1674763473899,"level":"debug","message":"Rendering engine handlebars","meta":{"rootId":"u46v6ccif86fgol","id":"tu4tlk7v3asdpi1"},"id":"8tqs1ddgrqpwd1z","previousOperationId":"wsfh7y7ugfi8k4v"}
{"type":"operationEnd","operationId":"wsfh7y7ugfi8k4v","timestamp":1674763473923,"id":"6qgqkwkwwz7asoc","previousEventId":"xnwvifncwzix47x","previousOperationId":"wsfh7y7ugfi8k4v"}
{"type":"operationStart","subtype":"recipe","name":"chrome-pdf","timestamp":1674763473924,"id":"1idlddwytqqo7w1","previousEventId":"6qgqkwkwwz7asoc","operationId":"hszalddeu8111cy","previousOperationId":"wsfh7y7ugfi8k4v"}
{"type":"log","timestamp":1674763473924,"level":"debug","message":"Executing recipe chrome-pdf","meta":{"rootId":"u46v6ccif86fgol","id":"tu4tlk7v3asdpi1"},"id":"rzyb55p8iz2heyo","previousOperationId":"hszalddeu8111cy"}
{"type":"log","timestamp":1674763473927,"level":"debug","message":"Converting with chrome HeadlessChrome/105.0.5173.0 using chrome-pool strategy","meta":{"rootId":"u46v6ccif86fgol","id":"tu4tlk7v3asdpi1"},"id":"1t54a0gk6m9uizn","previousOperationId":"hszalddeu8111cy"}
{"type":"log","timestamp":1674763474052,"level":"debug","message":"Page request: GET (document) file:///C:/Users/alegu/AppData/Local/Temp/jsreport/autocleanup/d0ccf0a7-cd18-4f17-8a40-9ca0985a112f-chrome-pdf.html","meta":{"rootId":"u46v6ccif86fgol","id":"tu4tlk7v3asdpi1"},"id":"p14a5r0ow4sfde0","previousOperationId":"hszalddeu8111cy"}
{"type":"log","timestamp":1674763474065,"level":"debug","message":"Page request finished: GET (document) 200 file:///C:/Users/alegu/AppData/Local/Temp/jsreport/autocleanup/d0ccf0a7-cd18-4f17-8a40-9ca0985a112f-chrome-pdf.html","meta":{"rootId":"u46v6ccif86fgol","id":"tu4tlk7v3asdpi1"},"id":"gsyjdm330n6ncc4","previousOperationId":"hszalddeu8111cy"}
{"type":"log","timestamp":1674763474065,"level":"debug","message":"Page request: GET (stylesheet) https://cdnjs.cloudflare.com/ajax/libs/metro/4.1.5/css/metro.min.css","meta":{"rootId":"u46v6ccif86fgol","id":"tu4tlk7v3asdpi1"},"id":"9fwkjoj3kywopvi","previousOperationId":"hszalddeu8111cy"}
{"type":"log","timestamp":1674763474093,"level":"debug","message":"Page request finished: GET (stylesheet) 200 https://cdnjs.cloudflare.com/ajax/libs/metro/4.1.5/css/metro.min.css","meta":{"rootId":"u46v6ccif86fgol","id":"tu4tlk7v3asdpi1"},"id":"dewijg9jhn9pg20","previousOperationId":"hszalddeu8111cy"}
{"type":"log","timestamp":1674763474118,"level":"debug","message":"Running chrome with params {\"printBackground\":true,\"marginTop\":\"1.5cm\",\"marginRight\":\"1.5cm\",\"marginLeft\":\"1.cm\",\"timeout\":57562,\"margin\":{\"top\":\"1.5cm\",\"right\":\"1.5cm\",\"left\":\"1.cm\"}}","meta":{"rootId":"u46v6ccif86fgol","id":"tu4tlk7v3asdpi1"},"id":"s6odeuzvwejwh3f","previousOperationId":"hszalddeu8111cy"}
{"type":"operationEnd","operationId":"hszalddeu8111cy","timestamp":1674763474185,"id":"54l5lkii2padkwm","previousEventId":"1idlddwytqqo7w1","previousOperationId":"hszalddeu8111cy"}
{"type":"log","timestamp":1674763474185,"level":"debug","message":"Skipping storing report.","meta":{"rootId":"u46v6ccif86fgol","id":"tu4tlk7v3asdpi1"},"id":"je6vtdpumgyte6u","previousOperationId":"hszalddeu8111cy"}
{"type":"log","timestamp":1674763474186,"level":"info","message":"Rendering (child) request finished in 2699 ms","meta":{"rootId":"u46v6ccif86fgol","id":"tu4tlk7v3asdpi1"},"id":"jue12vxgcwsokql","previousOperationId":"hszalddeu8111cy"}
{"type":"operationEnd","subtype":"render","operationId":"gompqvnfl8rdb7j","timestamp":1674763474186,"id":"9xe5a5a00mu3nqj","previousEventId":"54l5lkii2padkwm","previousOperationId":"hszalddeu8111cy"}
{"type":"operationEnd","operationId":"690yl27umwo7n0o","timestamp":1674763474195,"id":"4zwyo3omycczze8","previousEventId":"f4yaamta489v62j","previousOperationId":"690yl27umwo7n0o"}
{"type":"log","timestamp":1674763474195,"level":"debug","message":"pdf-utils postproces start","meta":{"rootId":"u46v6ccif86fgol","id":"u46v6ccif86fgol"},"id":"12h2wxfmy2qyg12","previousOperationId":"690yl27umwo7n0o"}
{"type":"log","timestamp":1674763474201,"level":"debug","message":"pdf-utils postproces end","meta":{"rootId":"u46v6ccif86fgol","id":"u46v6ccif86fgol"},"id":"k4oodxcz81zoxsg","previousOperationId":"690yl27umwo7n0o"}
{"type":"operationEnd","operationId":"1hcbohj2t954uxa","timestamp":1674763474201,"id":"wxt9j2oou7vao32","previousEventId":"4zwyo3omycczze8","previousOperationId":"690yl27umwo7n0o"}
{"type":"log","timestamp":1674763474201,"level":"info","message":"pdf-utils pdf processing was finished","meta":{"rootId":"u46v6ccif86fgol","id":"u46v6ccif86fgol"},"id":"rkz660btky4xrxc","previousOperationId":"1hcbohj2t954uxa"}
{"type":"log","timestamp":1674763474201,"level":"debug","message":"Skipping storing report.","meta":{"rootId":"u46v6ccif86fgol","id":"u46v6ccif86fgol"},"id":"j4j6x2869ao2524","previousOperationId":"1hcbohj2t954uxa"}
{"type":"log","timestamp":1674763474201,"level":"info","message":"Rendering request 5 finished in 2714 ms","meta":{"rootId":"u46v6ccif86fgol","id":"u46v6ccif86fgol"},"id":"a1vkay55v0ske8r","previousOperationId":"1hcbohj2t954uxa"}
{"type":"operationEnd","subtype":"render","operationId":"x6bs6vaxh1oixu6","timestamp":1674763474201,"id":"xvo60eyiutryg6y","previousEventId":"wxt9j2oou7vao32","previousOperationId":"1hcbohj2t954uxa"}
{"type":"operationEnd","doDiffs":false,"previousEventId":"fl1c0fqktcxlghg","previousOperationId":"cizl29j0itm70gb","operationId":"cizl29j0itm70gb","timestamp":1674763474215,"id":"n3j6ac4ey1g90k9"}
