{"type":"operationStart","subtype":"profile","data":{"_id":"UOGgT4XPPfqhJQ80","timestamp":"2023-01-26T20:20:36.223Z","state":"queued","mode":"standard","creationDate":"2023-01-26T20:20:36.226Z","modificationDate":"2023-01-26T20:20:36.226Z","shortid":"uZ1X1hP","$entitySet":"profiles"},"doDiffs":false,"timestamp":1674764436225,"id":"yhnb587acfq7dha","previousOperationId":null,"operationId":"u8avkju3glgbocv"}
{"type":"log","level":"info","message":"Render request 15 queued for execution and waiting for available worker","previousOperationId":"u8avkju3glgbocv","timestamp":1674764436225,"id":"i7qr2ymphpofykg"}
{"type":"operationStart","subtype":"render","name":"orders-main","previousOperationId":"u8avkju3glgbocv","timestamp":1674764436236,"id":"988nl6y2rmih2a5","previousEventId":"yhnb587acfq7dha","operationId":"z1yfk72rc7j7sze"}
{"type":"log","timestamp":1674764436236,"level":"info","message":"Starting rendering request 15","meta":{"rootId":"v6wftm7nc09cp5j","id":"v6wftm7nc09cp5j"},"id":"ni320wur5o6bli4","previousOperationId":"z1yfk72rc7j7sze"}
{"type":"log","timestamp":1674764436236,"level":"info","message":"Rendering template { name: orders-main, recipe: chrome-pdf, engine: handlebars, preview: true }","meta":{"rootId":"v6wftm7nc09cp5j","id":"v6wftm7nc09cp5j"},"id":"1xvju3ielfxbmzg","previousOperationId":"z1yfk72rc7j7sze"}
{"type":"log","timestamp":1674764436238,"level":"debug","message":"Data item not defined for this template.","meta":{"rootId":"v6wftm7nc09cp5j","id":"v6wftm7nc09cp5j"},"id":"8psg05em07hrsxk","previousOperationId":"z1yfk72rc7j7sze"}
{"type":"log","timestamp":1674764436245,"level":"debug","message":"Executing script orders-script (beforeRender)","meta":{"rootId":"v6wftm7nc09cp5j","id":"v6wftm7nc09cp5j"},"id":"jnuwhsxwchcr1xi","previousOperationId":"z1yfk72rc7j7sze"}
{"type":"log","timestamp":1674764436264,"level":"debug","message":"(console:log) Hola","meta":{"userLevel":true,"rootId":"v6wftm7nc09cp5j","id":"v6wftm7nc09cp5j"},"id":"systnu62smuok6y","previousOperationId":"z1yfk72rc7j7sze"}
{"type":"operationStart","subtype":"scriptsBeforeRender","name":"scripts beforeRender","timestamp":1674764436265,"id":"06rgp21epkxpqiw","previousEventId":"988nl6y2rmih2a5","operationId":"xxllvz8qscotlqh","previousOperationId":"z1yfk72rc7j7sze"}
{"type":"operationStart","subtype":"script","name":"scripts orders-script","previousOperationId":"xxllvz8qscotlqh","timestamp":1674764436265,"id":"05ow9xdm4a0bmfl","previousEventId":"06rgp21epkxpqiw","operationId":"f68cd3t0bl7totf"}
{"type":"log","timestamp":1674764436265,"level":"debug","message":"(console:log) Hola","meta":{"userLevel":true,"rootId":"v6wftm7nc09cp5j","id":"v6wftm7nc09cp5j"},"id":"90jiybeadilkgiv","previousOperationId":"f68cd3t0bl7totf"}
{"type":"operationEnd","operationId":"f68cd3t0bl7totf","timestamp":1674764437681,"id":"hyric368y961dww","previousEventId":"988nl6y2rmih2a5","previousOperationId":"z1yfk72rc7j7sze"}
{"type":"operationEnd","operationId":"xxllvz8qscotlqh","timestamp":1674764437681,"id":"uhdhwblmq84yiuz","previousEventId":"hyric368y961dww","previousOperationId":"z1yfk72rc7j7sze"}
{"type":"log","timestamp":1674764437681,"level":"debug","message":"Base url not specified, skipping its injection.","meta":{"rootId":"v6wftm7nc09cp5j","id":"v6wftm7nc09cp5j"},"id":"9winu0nfwctln9y","previousOperationId":"xxllvz8qscotlqh"}
{"type":"operationStart","subtype":"engine","name":"handlebars","timestamp":1674764437681,"id":"hp8qy3vth8y45dy","previousEventId":"uhdhwblmq84yiuz","operationId":"pa85w0qoshr8onf","previousOperationId":"xxllvz8qscotlqh"}
{"type":"log","timestamp":1674764437681,"level":"debug","message":"Rendering engine handlebars","meta":{"rootId":"v6wftm7nc09cp5j","id":"v6wftm7nc09cp5j"},"id":"r5easv2ffr56fsl","previousOperationId":"pa85w0qoshr8onf"}
{"type":"log","timestamp":1674764437700,"level":"debug","message":"(console:log) Pdf utils adding group field, value: \"France\"","meta":{"userLevel":true,"rootId":"v6wftm7nc09cp5j","id":"v6wftm7nc09cp5j"},"id":"qf0j2qelx8ihbsa","previousOperationId":"pa85w0qoshr8onf"}
{"type":"log","timestamp":1674764437700,"level":"debug","message":"(console:log) Pdf utils adding group field, value: \"Germany\"","meta":{"userLevel":true,"rootId":"v6wftm7nc09cp5j","id":"v6wftm7nc09cp5j"},"id":"y33g9m5ttiyjgnp","previousOperationId":"pa85w0qoshr8onf"}
{"type":"operationEnd","operationId":"pa85w0qoshr8onf","timestamp":1674764437700,"id":"uvxav85csoa93cf","previousEventId":"hp8qy3vth8y45dy","previousOperationId":"pa85w0qoshr8onf"}
{"type":"operationStart","subtype":"recipe","name":"chrome-pdf","timestamp":1674764437701,"id":"cfimh1ttn8gzxtj","previousEventId":"uvxav85csoa93cf","operationId":"2y3pghj6yl2ivss","previousOperationId":"pa85w0qoshr8onf"}
{"type":"log","timestamp":1674764437701,"level":"debug","message":"Executing recipe chrome-pdf","meta":{"rootId":"v6wftm7nc09cp5j","id":"v6wftm7nc09cp5j"},"id":"4ek0o90mw4khu3q","previousOperationId":"2y3pghj6yl2ivss"}
{"type":"log","timestamp":1674764437704,"level":"debug","message":"Converting with chrome HeadlessChrome/105.0.5173.0 using chrome-pool strategy","meta":{"rootId":"v6wftm7nc09cp5j","id":"v6wftm7nc09cp5j"},"id":"elloip450ed3oh3","previousOperationId":"2y3pghj6yl2ivss"}
{"type":"log","timestamp":1674764437826,"level":"debug","message":"Page request: GET (document) file:///C:/Users/alegu/AppData/Local/Temp/jsreport/autocleanup/e3e842e2-aabe-469b-a23b-c968f31ff9c2-chrome-pdf.html","meta":{"rootId":"v6wftm7nc09cp5j","id":"v6wftm7nc09cp5j"},"id":"4m6fykt8f8guzua","previousOperationId":"2y3pghj6yl2ivss"}
{"type":"log","timestamp":1674764437837,"level":"debug","message":"Page request finished: GET (document) 200 file:///C:/Users/alegu/AppData/Local/Temp/jsreport/autocleanup/e3e842e2-aabe-469b-a23b-c968f31ff9c2-chrome-pdf.html","meta":{"rootId":"v6wftm7nc09cp5j","id":"v6wftm7nc09cp5j"},"id":"cb4f0ichk7lsr5u","previousOperationId":"2y3pghj6yl2ivss"}
{"type":"log","timestamp":1674764437837,"level":"debug","message":"Page request: GET (stylesheet) https://cdnjs.cloudflare.com/ajax/libs/metro/4.1.5/css/metro.min.css","meta":{"rootId":"v6wftm7nc09cp5j","id":"v6wftm7nc09cp5j"},"id":"mxbhnfzv3c9rszf","previousOperationId":"2y3pghj6yl2ivss"}
{"type":"log","timestamp":1674764437838,"level":"debug","message":"Page request: GET (script) https://cdnjs.cloudflare.com/ajax/libs/Chart.js/2.7.2/Chart.min.js","meta":{"rootId":"v6wftm7nc09cp5j","id":"v6wftm7nc09cp5j"},"id":"z31uyh9kxwmy0q0","previousOperationId":"2y3pghj6yl2ivss"}
{"type":"log","timestamp":1674764437868,"level":"debug","message":"Page request finished: GET (stylesheet) 200 https://cdnjs.cloudflare.com/ajax/libs/metro/4.1.5/css/metro.min.css","meta":{"rootId":"v6wftm7nc09cp5j","id":"v6wftm7nc09cp5j"},"id":"4gpcrimu2bi0sjg","previousOperationId":"2y3pghj6yl2ivss"}
{"type":"log","timestamp":1674764437869,"level":"debug","message":"Page request finished: GET (script) 200 https://cdnjs.cloudflare.com/ajax/libs/Chart.js/2.7.2/Chart.min.js","meta":{"rootId":"v6wftm7nc09cp5j","id":"v6wftm7nc09cp5j"},"id":"6g8vcsyd9agdbqo","previousOperationId":"2y3pghj6yl2ivss"}
{"type":"log","timestamp":1674764437996,"level":"debug","message":"Running chrome with params {\"printBackground\":true,\"marginTop\":\"4cm\",\"marginRight\":\"1.5cm\",\"marginBottom\":\"1.5cm\",\"marginLeft\":\"1.5cm\",\"waitForJS\":false,\"timeout\":58519,\"margin\":{\"top\":\"4cm\",\"right\":\"1.5cm\",\"bottom\":\"1.5cm\",\"left\":\"1.5cm\"}}","meta":{"rootId":"v6wftm7nc09cp5j","id":"v6wftm7nc09cp5j"},"id":"d5djymh4w7rjmwn","previousOperationId":"2y3pghj6yl2ivss"}
{"type":"operationEnd","operationId":"2y3pghj6yl2ivss","timestamp":1674764438213,"id":"118r9j9osa1wobg","previousEventId":"cfimh1ttn8gzxtj","previousOperationId":"2y3pghj6yl2ivss"}
{"type":"log","timestamp":1674764438213,"level":"info","message":"pdf-utils is starting pdf processing","meta":{"rootId":"v6wftm7nc09cp5j","id":"v6wftm7nc09cp5j"},"id":"ogoq8ciw1j69pum","previousOperationId":"2y3pghj6yl2ivss"}
{"type":"operationStart","subtype":"pdfUtils","name":"pdf utils","timestamp":1674764438214,"id":"i4rcsjqe4mviz55","previousEventId":"118r9j9osa1wobg","operationId":"5fvuo9hqfxdw68w","previousOperationId":"2y3pghj6yl2ivss"}
{"type":"log","timestamp":1674764438214,"level":"debug","message":"pdf-utils detected 1 pdf operation(s) to process","meta":{"rootId":"v6wftm7nc09cp5j","id":"v6wftm7nc09cp5j"},"id":"n1bnrqktkebd2dq","previousOperationId":"5fvuo9hqfxdw68w"}
{"type":"log","timestamp":1674764438272,"level":"debug","message":"pdf-utils running pdf operation merge","meta":{"rootId":"v6wftm7nc09cp5j","id":"v6wftm7nc09cp5j"},"id":"72qrst208f3jkmm","previousOperationId":"5fvuo9hqfxdw68w"}
{"type":"operationStart","subtype":"pdfUtilsMerge","name":"pdf utils merge","previousOperationId":"5fvuo9hqfxdw68w","timestamp":1674764438272,"id":"2eshfan71xv94tr","previousEventId":"i4rcsjqe4mviz55","operationId":"oe2e1s4pos0gg5s"}
{"type":"operationStart","subtype":"render","name":"orders-header","previousOperationId":"oe2e1s4pos0gg5s","timestamp":1674764438273,"id":"gj3frmn7dgje7s2","previousEventId":"2eshfan71xv94tr","operationId":"abxiwwed0ti9rxd"}
{"type":"log","timestamp":1674764438273,"level":"info","message":"Starting rendering (child) request","meta":{"rootId":"v6wftm7nc09cp5j","id":"ph71ni74byikj47"},"id":"azh14mmjr36tqye","previousOperationId":"abxiwwed0ti9rxd"}
{"type":"log","timestamp":1674764438273,"level":"info","message":"Rendering template { name: orders-header, recipe: chrome-pdf, engine: handlebars, preview: true }","meta":{"rootId":"v6wftm7nc09cp5j","id":"ph71ni74byikj47"},"id":"joz4jz7dzxxtwzu","previousOperationId":"abxiwwed0ti9rxd"}
{"type":"log","timestamp":1674764438275,"level":"debug","message":"Inline data specified.","meta":{"rootId":"v6wftm7nc09cp5j","id":"ph71ni74byikj47"},"id":"eeerx5rmatz7nt0","previousOperationId":"abxiwwed0ti9rxd"}
{"type":"log","timestamp":1674764438278,"level":"debug","message":"Base url not specified, skipping its injection.","meta":{"rootId":"v6wftm7nc09cp5j","id":"ph71ni74byikj47"},"id":"73316ybqsjgkied","previousOperationId":"abxiwwed0ti9rxd"}
{"type":"operationStart","subtype":"engine","name":"handlebars","timestamp":1674764438278,"id":"6kxnr7ql6o9zeq4","previousEventId":"gj3frmn7dgje7s2","operationId":"i3i7jqoow58kywe","previousOperationId":"abxiwwed0ti9rxd"}
{"type":"log","timestamp":1674764438278,"level":"debug","message":"Rendering engine handlebars","meta":{"rootId":"v6wftm7nc09cp5j","id":"ph71ni74byikj47"},"id":"51zps5wfyetbpl3","previousOperationId":"i3i7jqoow58kywe"}
{"type":"operationEnd","operationId":"i3i7jqoow58kywe","timestamp":1674764438308,"id":"ffvaewwtkjrbl4b","previousEventId":"6kxnr7ql6o9zeq4","previousOperationId":"i3i7jqoow58kywe"}
{"type":"operationStart","subtype":"recipe","name":"chrome-pdf","timestamp":1674764438309,"id":"rc669xdnjegelax","previousEventId":"ffvaewwtkjrbl4b","operationId":"m6g621ttjt2f6h3","previousOperationId":"i3i7jqoow58kywe"}
{"type":"log","timestamp":1674764438309,"level":"debug","message":"Executing recipe chrome-pdf","meta":{"rootId":"v6wftm7nc09cp5j","id":"ph71ni74byikj47"},"id":"3tlfkj5w1satlcn","previousOperationId":"m6g621ttjt2f6h3"}
{"type":"log","timestamp":1674764438313,"level":"debug","message":"Converting with chrome HeadlessChrome/105.0.5173.0 using chrome-pool strategy","meta":{"rootId":"v6wftm7nc09cp5j","id":"ph71ni74byikj47"},"id":"shu4evliz6cfflj","previousOperationId":"m6g621ttjt2f6h3"}
{"type":"log","timestamp":1674764438430,"level":"debug","message":"Page request: GET (document) file:///C:/Users/alegu/AppData/Local/Temp/jsreport/autocleanup/10f1cb6d-6e50-4c2c-9156-76a541b624fc-chrome-pdf.html","meta":{"rootId":"v6wftm7nc09cp5j","id":"ph71ni74byikj47"},"id":"fzfpg4tdnugm3iu","previousOperationId":"m6g621ttjt2f6h3"}
{"type":"log","timestamp":1674764438443,"level":"debug","message":"Page request: GET (stylesheet) https://cdnjs.cloudflare.com/ajax/libs/metro/4.1.5/css/metro.min.css","meta":{"rootId":"v6wftm7nc09cp5j","id":"ph71ni74byikj47"},"id":"nb3xbtlu88fng9k","previousOperationId":"m6g621ttjt2f6h3"}
{"type":"log","timestamp":1674764438444,"level":"debug","message":"Page request finished: GET (document) 200 file:///C:/Users/alegu/AppData/Local/Temp/jsreport/autocleanup/10f1cb6d-6e50-4c2c-9156-76a541b624fc-chrome-pdf.html","meta":{"rootId":"v6wftm7nc09cp5j","id":"ph71ni74byikj47"},"id":"fz8tlhdygrn14v6","previousOperationId":"m6g621ttjt2f6h3"}
{"type":"log","timestamp":1674764438470,"level":"debug","message":"Page request finished: GET (stylesheet) 200 https://cdnjs.cloudflare.com/ajax/libs/metro/4.1.5/css/metro.min.css","meta":{"rootId":"v6wftm7nc09cp5j","id":"ph71ni74byikj47"},"id":"n2mi92bqxm5qmqu","previousOperationId":"m6g621ttjt2f6h3"}
{"type":"log","timestamp":1674764438501,"level":"debug","message":"Running chrome with params {\"printBackground\":true,\"marginTop\":\"1.5cm\",\"marginRight\":\"1.5cm\",\"marginLeft\":\"1.cm\",\"timeout\":57910,\"margin\":{\"top\":\"1.5cm\",\"right\":\"1.5cm\",\"left\":\"1.cm\"}}","meta":{"rootId":"v6wftm7nc09cp5j","id":"ph71ni74byikj47"},"id":"0uquk168a5comav","previousOperationId":"m6g621ttjt2f6h3"}
{"type":"operationEnd","operationId":"m6g621ttjt2f6h3","timestamp":1674764438586,"id":"i3ansft10omre2y","previousEventId":"rc669xdnjegelax","previousOperationId":"m6g621ttjt2f6h3"}
{"type":"log","timestamp":1674764438586,"level":"debug","message":"Skipping storing report.","meta":{"rootId":"v6wftm7nc09cp5j","id":"ph71ni74byikj47"},"id":"78tzeji5j0kur0h","previousOperationId":"m6g621ttjt2f6h3"}
{"type":"log","timestamp":1674764438587,"level":"info","message":"Rendering (child) request finished in 2365 ms","meta":{"rootId":"v6wftm7nc09cp5j","id":"ph71ni74byikj47"},"id":"wbpo1q0gn1vp11r","previousOperationId":"m6g621ttjt2f6h3"}
{"type":"operationEnd","subtype":"render","operationId":"abxiwwed0ti9rxd","timestamp":1674764438587,"id":"nfl1nfu5zyf9ghj","previousEventId":"i3ansft10omre2y","previousOperationId":"m6g621ttjt2f6h3"}
{"type":"operationEnd","operationId":"oe2e1s4pos0gg5s","timestamp":1674764438599,"id":"z4y86xoslefu0fl","previousEventId":"2eshfan71xv94tr","previousOperationId":"oe2e1s4pos0gg5s"}
{"type":"log","timestamp":1674764438599,"level":"debug","message":"pdf-utils postproces start","meta":{"rootId":"v6wftm7nc09cp5j","id":"v6wftm7nc09cp5j"},"id":"xe17yddjm549dyz","previousOperationId":"oe2e1s4pos0gg5s"}
{"type":"log","timestamp":1674764438627,"level":"debug","message":"pdf-utils postproces end","meta":{"rootId":"v6wftm7nc09cp5j","id":"v6wftm7nc09cp5j"},"id":"m3ua8jmkcehcqc9","previousOperationId":"oe2e1s4pos0gg5s"}
{"type":"operationEnd","operationId":"5fvuo9hqfxdw68w","timestamp":1674764438627,"id":"6u2glf4f8ouftfi","previousEventId":"z4y86xoslefu0fl","previousOperationId":"oe2e1s4pos0gg5s"}
{"type":"log","timestamp":1674764438627,"level":"info","message":"pdf-utils pdf processing was finished","meta":{"rootId":"v6wftm7nc09cp5j","id":"v6wftm7nc09cp5j"},"id":"h6ikuzzs45sygar","previousOperationId":"5fvuo9hqfxdw68w"}
{"type":"log","timestamp":1674764438627,"level":"debug","message":"Skipping storing report.","meta":{"rootId":"v6wftm7nc09cp5j","id":"v6wftm7nc09cp5j"},"id":"2y2x6wz3abp4knh","previousOperationId":"5fvuo9hqfxdw68w"}
{"type":"log","timestamp":1674764438627,"level":"info","message":"Rendering request 15 finished in 2405 ms","meta":{"rootId":"v6wftm7nc09cp5j","id":"v6wftm7nc09cp5j"},"id":"74ezpj0dr1c7vbp","previousOperationId":"5fvuo9hqfxdw68w"}
{"type":"operationEnd","subtype":"render","operationId":"z1yfk72rc7j7sze","timestamp":1674764438627,"id":"1h1ge01k6qo7v84","previousEventId":"6u2glf4f8ouftfi","previousOperationId":"5fvuo9hqfxdw68w"}
{"type":"operationEnd","doDiffs":false,"previousEventId":"yhnb587acfq7dha","previousOperationId":"u8avkju3glgbocv","operationId":"u8avkju3glgbocv","timestamp":1674764438642,"id":"siudaw4do4xapm4"}
