{"type":"operationStart","subtype":"profile","data":{"_id":"PShRRIo58AyZlFCK","timestamp":"2023-01-26T20:04:56.643Z","state":"queued","mode":"standard","creationDate":"2023-01-26T20:04:56.646Z","modificationDate":"2023-01-26T20:04:56.646Z","shortid":"2wu_xRF","$entitySet":"profiles"},"doDiffs":false,"timestamp":1674763496644,"id":"kwachdcfpqi0zde","previousOperationId":null,"operationId":"e3pt5bzmde8ebhv"}
{"type":"log","level":"info","message":"Render request 7 queued for execution and waiting for available worker","previousOperationId":"e3pt5bzmde8ebhv","timestamp":1674763496645,"id":"mubbnyli49u7kxf"}
{"type":"operationStart","subtype":"render","name":"orders-main","previousOperationId":"e3pt5bzmde8ebhv","timestamp":1674763496657,"id":"5zuit112u9q1q2t","previousEventId":"kwachdcfpqi0zde","operationId":"gaf9sbfx75pnk0w"}
{"type":"log","timestamp":1674763496657,"level":"info","message":"Starting rendering request 7","meta":{"rootId":"x5uv33i5ub90kh1","id":"x5uv33i5ub90kh1"},"id":"1uilo6woorezh7w","previousOperationId":"gaf9sbfx75pnk0w"}
{"type":"log","timestamp":1674763496658,"level":"info","message":"Rendering template { name: orders-main, recipe: chrome-pdf, engine: handlebars, preview: true }","meta":{"rootId":"x5uv33i5ub90kh1","id":"x5uv33i5ub90kh1"},"id":"3iuf6ss4i1m7gsq","previousOperationId":"gaf9sbfx75pnk0w"}
{"type":"log","timestamp":1674763496660,"level":"debug","message":"Data item not defined for this template.","meta":{"rootId":"x5uv33i5ub90kh1","id":"x5uv33i5ub90kh1"},"id":"933m05t7kl9wlu4","previousOperationId":"gaf9sbfx75pnk0w"}
{"type":"log","timestamp":1674763496666,"level":"debug","message":"Executing script orders-script (beforeRender)","meta":{"rootId":"x5uv33i5ub90kh1","id":"x5uv33i5ub90kh1"},"id":"9edttrq42e2mj6g","previousOperationId":"gaf9sbfx75pnk0w"}
{"type":"operationStart","subtype":"scriptsBeforeRender","name":"scripts beforeRender","timestamp":1674763496682,"id":"hdlaj9dinag9nak","previousEventId":"5zuit112u9q1q2t","operationId":"ho6fkowyhgkgptp","previousOperationId":"gaf9sbfx75pnk0w"}
{"type":"operationStart","subtype":"script","name":"scripts orders-script","previousOperationId":"ho6fkowyhgkgptp","timestamp":1674763496682,"id":"3v2r3pmig4o1emm","previousEventId":"hdlaj9dinag9nak","operationId":"awa638oydiuvb31"}
{"type":"operationEnd","operationId":"awa638oydiuvb31","timestamp":1674763497928,"id":"de55exs7t18ixbx","previousEventId":"5zuit112u9q1q2t","previousOperationId":"gaf9sbfx75pnk0w"}
{"type":"operationEnd","operationId":"ho6fkowyhgkgptp","timestamp":1674763497928,"id":"scu9s0uplb9oatt","previousEventId":"de55exs7t18ixbx","previousOperationId":"gaf9sbfx75pnk0w"}
{"type":"log","timestamp":1674763497928,"level":"debug","message":"Base url not specified, skipping its injection.","meta":{"rootId":"x5uv33i5ub90kh1","id":"x5uv33i5ub90kh1"},"id":"eoojwv0hhktqgo5","previousOperationId":"ho6fkowyhgkgptp"}
{"type":"operationStart","subtype":"engine","name":"handlebars","timestamp":1674763497929,"id":"t7z68a0qrate9o4","previousEventId":"scu9s0uplb9oatt","operationId":"uwmdckpa1n0dtaj","previousOperationId":"ho6fkowyhgkgptp"}
{"type":"log","timestamp":1674763497929,"level":"debug","message":"Rendering engine handlebars","meta":{"rootId":"x5uv33i5ub90kh1","id":"x5uv33i5ub90kh1"},"id":"6hr104r7gbj63yc","previousOperationId":"uwmdckpa1n0dtaj"}
{"type":"log","timestamp":1674763497962,"level":"debug","message":"(console:log) Pdf utils adding group field, value: \"France\"","meta":{"userLevel":true,"rootId":"x5uv33i5ub90kh1","id":"x5uv33i5ub90kh1"},"id":"43k28s8sf5sz8v8","previousOperationId":"uwmdckpa1n0dtaj"}
{"type":"log","timestamp":1674763497962,"level":"debug","message":"(console:log) Pdf utils adding group field, value: \"Germany\"","meta":{"userLevel":true,"rootId":"x5uv33i5ub90kh1","id":"x5uv33i5ub90kh1"},"id":"6dnrk74g7s4l57c","previousOperationId":"uwmdckpa1n0dtaj"}
{"type":"operationEnd","operationId":"uwmdckpa1n0dtaj","timestamp":1674763497963,"id":"0nss609kmh60l0h","previousEventId":"t7z68a0qrate9o4","previousOperationId":"uwmdckpa1n0dtaj"}
{"type":"operationStart","subtype":"recipe","name":"chrome-pdf","timestamp":1674763497963,"id":"wpzpkdv91mkdet7","previousEventId":"0nss609kmh60l0h","operationId":"i00qj7jdegrs986","previousOperationId":"uwmdckpa1n0dtaj"}
{"type":"log","timestamp":1674763497963,"level":"debug","message":"Executing recipe chrome-pdf","meta":{"rootId":"x5uv33i5ub90kh1","id":"x5uv33i5ub90kh1"},"id":"o7yw43m2emf9erk","previousOperationId":"i00qj7jdegrs986"}
{"type":"log","timestamp":1674763497967,"level":"debug","message":"Converting with chrome HeadlessChrome/105.0.5173.0 using chrome-pool strategy","meta":{"rootId":"x5uv33i5ub90kh1","id":"x5uv33i5ub90kh1"},"id":"t1l7yr9yxlm7ijw","previousOperationId":"i00qj7jdegrs986"}
{"type":"log","timestamp":1674763498092,"level":"debug","message":"Page request: GET (document) file:///C:/Users/alegu/AppData/Local/Temp/jsreport/autocleanup/22fe2f9e-ec73-469f-a73a-e9c9a4b7fb36-chrome-pdf.html","meta":{"rootId":"x5uv33i5ub90kh1","id":"x5uv33i5ub90kh1"},"id":"bp55tyqrczz0gkj","previousOperationId":"i00qj7jdegrs986"}
{"type":"log","timestamp":1674763498102,"level":"debug","message":"Page request: GET (stylesheet) https://cdnjs.cloudflare.com/ajax/libs/metro/4.1.5/css/metro.min.css","meta":{"rootId":"x5uv33i5ub90kh1","id":"x5uv33i5ub90kh1"},"id":"2pljoz473i7uvib","previousOperationId":"i00qj7jdegrs986"}
{"type":"log","timestamp":1674763498103,"level":"debug","message":"Page request finished: GET (document) 200 file:///C:/Users/alegu/AppData/Local/Temp/jsreport/autocleanup/22fe2f9e-ec73-469f-a73a-e9c9a4b7fb36-chrome-pdf.html","meta":{"rootId":"x5uv33i5ub90kh1","id":"x5uv33i5ub90kh1"},"id":"z0hk3okrt4pfmge","previousOperationId":"i00qj7jdegrs986"}
{"type":"log","timestamp":1674763498104,"level":"debug","message":"Page request: GET (script) https://cdnjs.cloudflare.com/ajax/libs/Chart.js/2.7.2/Chart.min.js","meta":{"rootId":"x5uv33i5ub90kh1","id":"x5uv33i5ub90kh1"},"id":"15am7ynnrlevze0","previousOperationId":"i00qj7jdegrs986"}
{"type":"log","timestamp":1674763498110,"level":"debug","message":"Page request finished: GET (script) 200 https://cdnjs.cloudflare.com/ajax/libs/Chart.js/2.7.2/Chart.min.js","meta":{"rootId":"x5uv33i5ub90kh1","id":"x5uv33i5ub90kh1"},"id":"2rloo9z6yhplxab","previousOperationId":"i00qj7jdegrs986"}
{"type":"log","timestamp":1674763498130,"level":"debug","message":"Page request finished: GET (stylesheet) 200 https://cdnjs.cloudflare.com/ajax/libs/metro/4.1.5/css/metro.min.css","meta":{"rootId":"x5uv33i5ub90kh1","id":"x5uv33i5ub90kh1"},"id":"sfr5k64vbjl0wrk","previousOperationId":"i00qj7jdegrs986"}
{"type":"log","timestamp":1674763498140,"level":"warn","message":"Page error: ReferenceError: ordersFrance is not defined\n    at file:///C:/Users/alegu/AppData/Local/Temp/jsreport/autocleanup/22fe2f9e-ec73-469f-a73a-e9c9a4b7fb36-chrome-pdf.html:32:23","meta":{"rootId":"x5uv33i5ub90kh1","id":"x5uv33i5ub90kh1"},"id":"4v2w8wdw5yczi5m","previousOperationId":"i00qj7jdegrs986"}
{"type":"log","timestamp":1674763498141,"level":"warn","message":"Page error: ReferenceError: ordersGermany is not defined\n    at file:///C:/Users/alegu/AppData/Local/Temp/jsreport/autocleanup/22fe2f9e-ec73-469f-a73a-e9c9a4b7fb36-chrome-pdf.html:70:23","meta":{"rootId":"x5uv33i5ub90kh1","id":"x5uv33i5ub90kh1"},"id":"o9r01o9ysdkls60","previousOperationId":"i00qj7jdegrs986"}
{"type":"log","timestamp":1674763498175,"level":"debug","message":"Running chrome with params {\"printBackground\":true,\"marginTop\":\"4cm\",\"marginRight\":\"1.5cm\",\"marginBottom\":\"1.5cm\",\"marginLeft\":\"1.5cm\",\"waitForJS\":false,\"timeout\":58677,\"margin\":{\"top\":\"4cm\",\"right\":\"1.5cm\",\"bottom\":\"1.5cm\",\"left\":\"1.5cm\"}}","meta":{"rootId":"x5uv33i5ub90kh1","id":"x5uv33i5ub90kh1"},"id":"cundgicw1ci3d4h","previousOperationId":"i00qj7jdegrs986"}
{"type":"operationEnd","operationId":"i00qj7jdegrs986","timestamp":1674763498243,"id":"13anxt7qnck0btr","previousEventId":"wpzpkdv91mkdet7","previousOperationId":"i00qj7jdegrs986"}
{"type":"log","timestamp":1674763498243,"level":"info","message":"pdf-utils is starting pdf processing","meta":{"rootId":"x5uv33i5ub90kh1","id":"x5uv33i5ub90kh1"},"id":"jys327sqo05bpz3","previousOperationId":"i00qj7jdegrs986"}
{"type":"operationStart","subtype":"pdfUtils","name":"pdf utils","timestamp":1674763498243,"id":"18voar0sesocjeb","previousEventId":"13anxt7qnck0btr","operationId":"ip06fv9vk3x7is3","previousOperationId":"i00qj7jdegrs986"}
{"type":"log","timestamp":1674763498243,"level":"debug","message":"pdf-utils detected 1 pdf operation(s) to process","meta":{"rootId":"x5uv33i5ub90kh1","id":"x5uv33i5ub90kh1"},"id":"dwuwgd1emktovrh","previousOperationId":"ip06fv9vk3x7is3"}
{"type":"log","timestamp":1674763498265,"level":"debug","message":"pdf-utils running pdf operation merge","meta":{"rootId":"x5uv33i5ub90kh1","id":"x5uv33i5ub90kh1"},"id":"q88iv578l82axbo","previousOperationId":"ip06fv9vk3x7is3"}
{"type":"operationStart","subtype":"pdfUtilsMerge","name":"pdf utils merge","previousOperationId":"ip06fv9vk3x7is3","timestamp":1674763498265,"id":"3qhho345u5rbaec","previousEventId":"18voar0sesocjeb","operationId":"6xixl60nnxez1vb"}
{"type":"operationStart","subtype":"render","name":"orders-header","previousOperationId":"6xixl60nnxez1vb","timestamp":1674763498267,"id":"iz0r0etvav5nbw7","previousEventId":"3qhho345u5rbaec","operationId":"27hgshtmk5eb16y"}
{"type":"log","timestamp":1674763498267,"level":"info","message":"Starting rendering (child) request","meta":{"rootId":"x5uv33i5ub90kh1","id":"i68u8xpf11chjkp"},"id":"cxzj9tp8s9p734i","previousOperationId":"27hgshtmk5eb16y"}
{"type":"log","timestamp":1674763498267,"level":"info","message":"Rendering template { name: orders-header, recipe: chrome-pdf, engine: handlebars, preview: true }","meta":{"rootId":"x5uv33i5ub90kh1","id":"i68u8xpf11chjkp"},"id":"1uiqt195fznhjw6","previousOperationId":"27hgshtmk5eb16y"}
{"type":"log","timestamp":1674763498268,"level":"debug","message":"Inline data specified.","meta":{"rootId":"x5uv33i5ub90kh1","id":"i68u8xpf11chjkp"},"id":"6oq857x6kr498pz","previousOperationId":"27hgshtmk5eb16y"}
{"type":"log","timestamp":1674763498275,"level":"debug","message":"Base url not specified, skipping its injection.","meta":{"rootId":"x5uv33i5ub90kh1","id":"i68u8xpf11chjkp"},"id":"o7rthud61kxloka","previousOperationId":"27hgshtmk5eb16y"}
{"type":"operationStart","subtype":"engine","name":"handlebars","timestamp":1674763498275,"id":"6rtzxignaxmdgap","previousEventId":"iz0r0etvav5nbw7","operationId":"p7rxz0oc76r37uf","previousOperationId":"27hgshtmk5eb16y"}
{"type":"log","timestamp":1674763498275,"level":"debug","message":"Rendering engine handlebars","meta":{"rootId":"x5uv33i5ub90kh1","id":"i68u8xpf11chjkp"},"id":"v3m1tqpjiuy0ig6","previousOperationId":"p7rxz0oc76r37uf"}
{"type":"operationEnd","operationId":"p7rxz0oc76r37uf","timestamp":1674763498303,"id":"4677at4uf8ppag2","previousEventId":"6rtzxignaxmdgap","previousOperationId":"p7rxz0oc76r37uf"}
{"type":"operationStart","subtype":"recipe","name":"chrome-pdf","timestamp":1674763498304,"id":"f158kuzo916njmc","previousEventId":"4677at4uf8ppag2","operationId":"w27q416e0os0g4e","previousOperationId":"p7rxz0oc76r37uf"}
{"type":"log","timestamp":1674763498304,"level":"debug","message":"Executing recipe chrome-pdf","meta":{"rootId":"x5uv33i5ub90kh1","id":"i68u8xpf11chjkp"},"id":"nzxi85atzhg5d95","previousOperationId":"w27q416e0os0g4e"}
{"type":"log","timestamp":1674763498308,"level":"debug","message":"Converting with chrome HeadlessChrome/105.0.5173.0 using chrome-pool strategy","meta":{"rootId":"x5uv33i5ub90kh1","id":"i68u8xpf11chjkp"},"id":"325oktjvurmxuje","previousOperationId":"w27q416e0os0g4e"}
{"type":"log","timestamp":1674763498417,"level":"debug","message":"Page request: GET (document) file:///C:/Users/alegu/AppData/Local/Temp/jsreport/autocleanup/552e9760-e8af-4f99-b0fe-417de43569f2-chrome-pdf.html","meta":{"rootId":"x5uv33i5ub90kh1","id":"i68u8xpf11chjkp"},"id":"rwzubm6nhnmh60i","previousOperationId":"w27q416e0os0g4e"}
{"type":"log","timestamp":1674763498427,"level":"debug","message":"Page request finished: GET (document) 200 file:///C:/Users/alegu/AppData/Local/Temp/jsreport/autocleanup/552e9760-e8af-4f99-b0fe-417de43569f2-chrome-pdf.html","meta":{"rootId":"x5uv33i5ub90kh1","id":"i68u8xpf11chjkp"},"id":"xsiu0gazvmgofg1","previousOperationId":"w27q416e0os0g4e"}
{"type":"log","timestamp":1674763498427,"level":"debug","message":"Page request: GET (stylesheet) https://cdnjs.cloudflare.com/ajax/libs/metro/4.1.5/css/metro.min.css","meta":{"rootId":"x5uv33i5ub90kh1","id":"i68u8xpf11chjkp"},"id":"z8wkn2e52fg5y4f","previousOperationId":"w27q416e0os0g4e"}
{"type":"log","timestamp":1674763498454,"level":"debug","message":"Page request finished: GET (stylesheet) 200 https://cdnjs.cloudflare.com/ajax/libs/metro/4.1.5/css/metro.min.css","meta":{"rootId":"x5uv33i5ub90kh1","id":"i68u8xpf11chjkp"},"id":"glv4gegmj5ge3s0","previousOperationId":"w27q416e0os0g4e"}
{"type":"log","timestamp":1674763498491,"level":"debug","message":"Running chrome with params {\"printBackground\":true,\"marginTop\":\"1.5cm\",\"marginRight\":\"1.5cm\",\"marginLeft\":\"1.cm\",\"timeout\":58336,\"margin\":{\"top\":\"1.5cm\",\"right\":\"1.5cm\",\"left\":\"1.cm\"}}","meta":{"rootId":"x5uv33i5ub90kh1","id":"i68u8xpf11chjkp"},"id":"mq5sec53yxwfcji","previousOperationId":"w27q416e0os0g4e"}
{"type":"operationEnd","operationId":"w27q416e0os0g4e","timestamp":1674763498560,"id":"62pt3z0t1ustr8o","previousEventId":"f158kuzo916njmc","previousOperationId":"w27q416e0os0g4e"}
{"type":"log","timestamp":1674763498561,"level":"debug","message":"Skipping storing report.","meta":{"rootId":"x5uv33i5ub90kh1","id":"i68u8xpf11chjkp"},"id":"18s7gsykab6b24g","previousOperationId":"w27q416e0os0g4e"}
{"type":"log","timestamp":1674763498561,"level":"info","message":"Rendering (child) request finished in 1918 ms","meta":{"rootId":"x5uv33i5ub90kh1","id":"i68u8xpf11chjkp"},"id":"sne01qbpcnsyx5q","previousOperationId":"w27q416e0os0g4e"}
{"type":"operationEnd","subtype":"render","operationId":"27hgshtmk5eb16y","timestamp":1674763498561,"id":"y8dde946ewozhl1","previousEventId":"62pt3z0t1ustr8o","previousOperationId":"w27q416e0os0g4e"}
{"type":"operationEnd","operationId":"6xixl60nnxez1vb","timestamp":1674763498571,"id":"iqfg5wbwwtcfgqx","previousEventId":"3qhho345u5rbaec","previousOperationId":"6xixl60nnxez1vb"}
{"type":"log","timestamp":1674763498571,"level":"debug","message":"pdf-utils postproces start","meta":{"rootId":"x5uv33i5ub90kh1","id":"x5uv33i5ub90kh1"},"id":"jk72dxszfgzdfic","previousOperationId":"6xixl60nnxez1vb"}
{"type":"log","timestamp":1674763498580,"level":"debug","message":"pdf-utils postproces end","meta":{"rootId":"x5uv33i5ub90kh1","id":"x5uv33i5ub90kh1"},"id":"g1m3nto5k12bxn0","previousOperationId":"6xixl60nnxez1vb"}
{"type":"operationEnd","operationId":"ip06fv9vk3x7is3","timestamp":1674763498580,"id":"nicb7op2ma4v9ep","previousEventId":"iqfg5wbwwtcfgqx","previousOperationId":"6xixl60nnxez1vb"}
{"type":"log","timestamp":1674763498580,"level":"info","message":"pdf-utils pdf processing was finished","meta":{"rootId":"x5uv33i5ub90kh1","id":"x5uv33i5ub90kh1"},"id":"wskegvijgjelal9","previousOperationId":"ip06fv9vk3x7is3"}
{"type":"log","timestamp":1674763498580,"level":"debug","message":"Skipping storing report.","meta":{"rootId":"x5uv33i5ub90kh1","id":"x5uv33i5ub90kh1"},"id":"jc9j7r4os1ps9ka","previousOperationId":"ip06fv9vk3x7is3"}
{"type":"log","timestamp":1674763498580,"level":"info","message":"Rendering request 7 finished in 1937 ms","meta":{"rootId":"x5uv33i5ub90kh1","id":"x5uv33i5ub90kh1"},"id":"ldth8eqp0xhi9vk","previousOperationId":"ip06fv9vk3x7is3"}
{"type":"operationEnd","subtype":"render","operationId":"gaf9sbfx75pnk0w","timestamp":1674763498580,"id":"6esrc90ikrfdegs","previousEventId":"nicb7op2ma4v9ep","previousOperationId":"ip06fv9vk3x7is3"}
{"type":"operationEnd","doDiffs":false,"previousEventId":"kwachdcfpqi0zde","previousOperationId":"e3pt5bzmde8ebhv","operationId":"e3pt5bzmde8ebhv","timestamp":1674763498592,"id":"p2ektxnhqdlhlzd"}
