{"type":"operationStart","subtype":"profile","data":{"_id":"Fl6m9CYhI5qiEWNF","timestamp":"2023-01-26T20:19:40.045Z","state":"queued","mode":"standard","creationDate":"2023-01-26T20:19:40.048Z","modificationDate":"2023-01-26T20:19:40.048Z","shortid":"j_U48MD","$entitySet":"profiles"},"doDiffs":false,"timestamp":1674764380046,"id":"zanzbcgiskk7paj","previousOperationId":null,"operationId":"yfolmnfvhdsrfx1"}
{"type":"log","level":"info","message":"Render request 10 queued for execution and waiting for available worker","previousOperationId":"yfolmnfvhdsrfx1","timestamp":1674764380046,"id":"adirri9qlp3e929"}
{"type":"operationStart","subtype":"render","name":"orders-main","previousOperationId":"yfolmnfvhdsrfx1","timestamp":1674764380060,"id":"zv6e1jetzsxvk6z","previousEventId":"zanzbcgiskk7paj","operationId":"xs3kgxv27xexuai"}
{"type":"log","timestamp":1674764380060,"level":"info","message":"Starting rendering request 10","meta":{"rootId":"zo4i291vb4224r5","id":"zo4i291vb4224r5"},"id":"an5lguxcrkqv2w4","previousOperationId":"xs3kgxv27xexuai"}
{"type":"log","timestamp":1674764380060,"level":"info","message":"Rendering template { name: orders-main, recipe: chrome-pdf, engine: handlebars, preview: true }","meta":{"rootId":"zo4i291vb4224r5","id":"zo4i291vb4224r5"},"id":"1z2s4rarni49gqq","previousOperationId":"xs3kgxv27xexuai"}
{"type":"log","timestamp":1674764380064,"level":"debug","message":"Data item not defined for this template.","meta":{"rootId":"zo4i291vb4224r5","id":"zo4i291vb4224r5"},"id":"zrw1xuxbhmd4t5n","previousOperationId":"xs3kgxv27xexuai"}
{"type":"log","timestamp":1674764380071,"level":"debug","message":"Executing script orders-script (beforeRender)","meta":{"rootId":"zo4i291vb4224r5","id":"zo4i291vb4224r5"},"id":"etho0nhgpsfy5w6","previousOperationId":"xs3kgxv27xexuai"}
{"type":"log","timestamp":1674764380101,"level":"debug","message":"(console:log) Hola","meta":{"userLevel":true,"rootId":"zo4i291vb4224r5","id":"zo4i291vb4224r5"},"id":"yuara3q55saywwu","previousOperationId":"xs3kgxv27xexuai"}
{"type":"operationStart","subtype":"scriptsBeforeRender","name":"scripts beforeRender","timestamp":1674764380101,"id":"h67x8a6kffgogfe","previousEventId":"zv6e1jetzsxvk6z","operationId":"81r6mwwp6ofozfw","previousOperationId":"xs3kgxv27xexuai"}
{"type":"operationStart","subtype":"script","name":"scripts orders-script","previousOperationId":"81r6mwwp6ofozfw","timestamp":1674764380101,"id":"9nvvdd5ezye0nlc","previousEventId":"h67x8a6kffgogfe","operationId":"nmx5zko0qoce02c"}
{"type":"operationEnd","operationId":"nmx5zko0qoce02c","timestamp":1674764381618,"id":"8pe4sfiw815m5k1","previousEventId":"zv6e1jetzsxvk6z","previousOperationId":"xs3kgxv27xexuai"}
{"type":"operationEnd","operationId":"81r6mwwp6ofozfw","timestamp":1674764381618,"id":"0gz5yz3w20jcgxn","previousEventId":"8pe4sfiw815m5k1","previousOperationId":"xs3kgxv27xexuai"}
{"type":"log","timestamp":1674764381619,"level":"debug","message":"Base url not specified, skipping its injection.","meta":{"rootId":"zo4i291vb4224r5","id":"zo4i291vb4224r5"},"id":"ep7yrfqkesdok5z","previousOperationId":"81r6mwwp6ofozfw"}
{"type":"operationStart","subtype":"engine","name":"handlebars","timestamp":1674764381619,"id":"92i23vwcqyrb4j5","previousEventId":"0gz5yz3w20jcgxn","operationId":"iobfqj9bbbcw2w4","previousOperationId":"81r6mwwp6ofozfw"}
{"type":"log","timestamp":1674764381619,"level":"debug","message":"Rendering engine handlebars","meta":{"rootId":"zo4i291vb4224r5","id":"zo4i291vb4224r5"},"id":"kvgt6o1ce4fhehq","previousOperationId":"iobfqj9bbbcw2w4"}
{"type":"log","timestamp":1674764381649,"level":"debug","message":"(console:log) Pdf utils adding group field, value: \"France\"","meta":{"userLevel":true,"rootId":"zo4i291vb4224r5","id":"zo4i291vb4224r5"},"id":"ygmvfe9k6fecb22","previousOperationId":"iobfqj9bbbcw2w4"}
{"type":"log","timestamp":1674764381649,"level":"debug","message":"(console:log) Pdf utils adding group field, value: \"Germany\"","meta":{"userLevel":true,"rootId":"zo4i291vb4224r5","id":"zo4i291vb4224r5"},"id":"fq6bptm9dzoer4w","previousOperationId":"iobfqj9bbbcw2w4"}
{"type":"operationEnd","operationId":"iobfqj9bbbcw2w4","timestamp":1674764381650,"id":"itmlagag9tnldnj","previousEventId":"92i23vwcqyrb4j5","previousOperationId":"iobfqj9bbbcw2w4"}
{"type":"operationStart","subtype":"recipe","name":"chrome-pdf","timestamp":1674764381650,"id":"9inxwj5vn2uw74b","previousEventId":"itmlagag9tnldnj","operationId":"an29x5moldl6xti","previousOperationId":"iobfqj9bbbcw2w4"}
{"type":"log","timestamp":1674764381650,"level":"debug","message":"Executing recipe chrome-pdf","meta":{"rootId":"zo4i291vb4224r5","id":"zo4i291vb4224r5"},"id":"tycej6ig410aurq","previousOperationId":"an29x5moldl6xti"}
{"type":"log","timestamp":1674764381654,"level":"debug","message":"Converting with chrome HeadlessChrome/105.0.5173.0 using chrome-pool strategy","meta":{"rootId":"zo4i291vb4224r5","id":"zo4i291vb4224r5"},"id":"ye4stt5nogtzj4y","previousOperationId":"an29x5moldl6xti"}
{"type":"log","timestamp":1674764381769,"level":"debug","message":"Page request: GET (document) file:///C:/Users/alegu/AppData/Local/Temp/jsreport/autocleanup/13e83ed2-5ebf-4b13-b67c-fffc5248c2ef-chrome-pdf.html","meta":{"rootId":"zo4i291vb4224r5","id":"zo4i291vb4224r5"},"id":"lrxrjp1yhirng66","previousOperationId":"an29x5moldl6xti"}
{"type":"log","timestamp":1674764381783,"level":"debug","message":"Page request finished: GET (document) 200 file:///C:/Users/alegu/AppData/Local/Temp/jsreport/autocleanup/13e83ed2-5ebf-4b13-b67c-fffc5248c2ef-chrome-pdf.html","meta":{"rootId":"zo4i291vb4224r5","id":"zo4i291vb4224r5"},"id":"scbu9466sqy2ktj","previousOperationId":"an29x5moldl6xti"}
{"type":"log","timestamp":1674764381783,"level":"debug","message":"Page request: GET (stylesheet) https://cdnjs.cloudflare.com/ajax/libs/metro/4.1.5/css/metro.min.css","meta":{"rootId":"zo4i291vb4224r5","id":"zo4i291vb4224r5"},"id":"056a9ag60c8dzln","previousOperationId":"an29x5moldl6xti"}
{"type":"log","timestamp":1674764381784,"level":"debug","message":"Page request: GET (script) https://cdnjs.cloudflare.com/ajax/libs/Chart.js/2.7.2/Chart.min.js","meta":{"rootId":"zo4i291vb4224r5","id":"zo4i291vb4224r5"},"id":"zl0bsmx1ov21h0a","previousOperationId":"an29x5moldl6xti"}
{"type":"log","timestamp":1674764381791,"level":"debug","message":"Page request finished: GET (script) 200 https://cdnjs.cloudflare.com/ajax/libs/Chart.js/2.7.2/Chart.min.js","meta":{"rootId":"zo4i291vb4224r5","id":"zo4i291vb4224r5"},"id":"7kjpjjq6ujeikci","previousOperationId":"an29x5moldl6xti"}
{"type":"log","timestamp":1674764381811,"level":"debug","message":"Page request finished: GET (stylesheet) 200 https://cdnjs.cloudflare.com/ajax/libs/metro/4.1.5/css/metro.min.css","meta":{"rootId":"zo4i291vb4224r5","id":"zo4i291vb4224r5"},"id":"j1i083nnylee5jb","previousOperationId":"an29x5moldl6xti"}
{"type":"log","timestamp":1674764381933,"level":"debug","message":"Running chrome with params {\"printBackground\":true,\"marginTop\":\"4cm\",\"marginRight\":\"1.5cm\",\"marginBottom\":\"1.5cm\",\"marginLeft\":\"1.5cm\",\"waitForJS\":false,\"timeout\":58392,\"margin\":{\"top\":\"4cm\",\"right\":\"1.5cm\",\"bottom\":\"1.5cm\",\"left\":\"1.5cm\"}}","meta":{"rootId":"zo4i291vb4224r5","id":"zo4i291vb4224r5"},"id":"jtmp316go39tknp","previousOperationId":"an29x5moldl6xti"}
{"type":"operationEnd","operationId":"an29x5moldl6xti","timestamp":1674764382153,"id":"8rcoxldpoxb77jt","previousEventId":"9inxwj5vn2uw74b","previousOperationId":"an29x5moldl6xti"}
{"type":"log","timestamp":1674764382153,"level":"info","message":"pdf-utils is starting pdf processing","meta":{"rootId":"zo4i291vb4224r5","id":"zo4i291vb4224r5"},"id":"waov8c6ltc02m4w","previousOperationId":"an29x5moldl6xti"}
{"type":"operationStart","subtype":"pdfUtils","name":"pdf utils","timestamp":1674764382153,"id":"fmdjfr85hbuk6vx","previousEventId":"8rcoxldpoxb77jt","operationId":"5aa3lyql02ixul9","previousOperationId":"an29x5moldl6xti"}
{"type":"log","timestamp":1674764382153,"level":"debug","message":"pdf-utils detected 1 pdf operation(s) to process","meta":{"rootId":"zo4i291vb4224r5","id":"zo4i291vb4224r5"},"id":"ksp36r6e21s9gxy","previousOperationId":"5aa3lyql02ixul9"}
{"type":"log","timestamp":1674764382211,"level":"debug","message":"pdf-utils running pdf operation merge","meta":{"rootId":"zo4i291vb4224r5","id":"zo4i291vb4224r5"},"id":"hjmutie2o78eddn","previousOperationId":"5aa3lyql02ixul9"}
{"type":"operationStart","subtype":"pdfUtilsMerge","name":"pdf utils merge","previousOperationId":"5aa3lyql02ixul9","timestamp":1674764382211,"id":"omv42kzbcyhhlgp","previousEventId":"fmdjfr85hbuk6vx","operationId":"1g4asanajp388jg"}
{"type":"operationStart","subtype":"render","name":"orders-header","previousOperationId":"1g4asanajp388jg","timestamp":1674764382212,"id":"u6mti7a3aumk0oc","previousEventId":"omv42kzbcyhhlgp","operationId":"bnratn16q823g3h"}
{"type":"log","timestamp":1674764382212,"level":"info","message":"Starting rendering (child) request","meta":{"rootId":"zo4i291vb4224r5","id":"g7yfstdy2qrxmaa"},"id":"nj02janmhrvx7y8","previousOperationId":"bnratn16q823g3h"}
{"type":"log","timestamp":1674764382212,"level":"info","message":"Rendering template { name: orders-header, recipe: chrome-pdf, engine: handlebars, preview: true }","meta":{"rootId":"zo4i291vb4224r5","id":"g7yfstdy2qrxmaa"},"id":"ggcnnqziut9xaei","previousOperationId":"bnratn16q823g3h"}
{"type":"log","timestamp":1674764382221,"level":"debug","message":"Inline data specified.","meta":{"rootId":"zo4i291vb4224r5","id":"g7yfstdy2qrxmaa"},"id":"nzgexhgue80etxq","previousOperationId":"bnratn16q823g3h"}
{"type":"log","timestamp":1674764382227,"level":"debug","message":"Base url not specified, skipping its injection.","meta":{"rootId":"zo4i291vb4224r5","id":"g7yfstdy2qrxmaa"},"id":"3ntyw92120our3u","previousOperationId":"bnratn16q823g3h"}
{"type":"operationStart","subtype":"engine","name":"handlebars","timestamp":1674764382227,"id":"59czv7masv35xg2","previousEventId":"u6mti7a3aumk0oc","operationId":"y0deefrpkzjk2s7","previousOperationId":"bnratn16q823g3h"}
{"type":"log","timestamp":1674764382228,"level":"debug","message":"Rendering engine handlebars","meta":{"rootId":"zo4i291vb4224r5","id":"g7yfstdy2qrxmaa"},"id":"iih1nbbvcknr38i","previousOperationId":"y0deefrpkzjk2s7"}
{"type":"operationEnd","operationId":"y0deefrpkzjk2s7","timestamp":1674764382249,"id":"379o4oyqa4qpyg2","previousEventId":"59czv7masv35xg2","previousOperationId":"y0deefrpkzjk2s7"}
{"type":"operationStart","subtype":"recipe","name":"chrome-pdf","timestamp":1674764382249,"id":"c3uc77boouo61sr","previousEventId":"379o4oyqa4qpyg2","operationId":"7uoibys8drao0cy","previousOperationId":"y0deefrpkzjk2s7"}
{"type":"log","timestamp":1674764382249,"level":"debug","message":"Executing recipe chrome-pdf","meta":{"rootId":"zo4i291vb4224r5","id":"g7yfstdy2qrxmaa"},"id":"gu2x82jicgl203a","previousOperationId":"7uoibys8drao0cy"}
{"type":"log","timestamp":1674764382252,"level":"debug","message":"Converting with chrome HeadlessChrome/105.0.5173.0 using chrome-pool strategy","meta":{"rootId":"zo4i291vb4224r5","id":"g7yfstdy2qrxmaa"},"id":"07fvr6dvoi3zosj","previousOperationId":"7uoibys8drao0cy"}
{"type":"log","timestamp":1674764382378,"level":"debug","message":"Page request: GET (document) file:///C:/Users/alegu/AppData/Local/Temp/jsreport/autocleanup/e3d0aa26-b85c-4404-8c03-d462300fd866-chrome-pdf.html","meta":{"rootId":"zo4i291vb4224r5","id":"g7yfstdy2qrxmaa"},"id":"f2kvh0mvicmmopz","previousOperationId":"7uoibys8drao0cy"}
{"type":"log","timestamp":1674764382392,"level":"debug","message":"Page request finished: GET (document) 200 file:///C:/Users/alegu/AppData/Local/Temp/jsreport/autocleanup/e3d0aa26-b85c-4404-8c03-d462300fd866-chrome-pdf.html","meta":{"rootId":"zo4i291vb4224r5","id":"g7yfstdy2qrxmaa"},"id":"pjrtpx5fogt3qyw","previousOperationId":"7uoibys8drao0cy"}
{"type":"log","timestamp":1674764382392,"level":"debug","message":"Page request: GET (stylesheet) https://cdnjs.cloudflare.com/ajax/libs/metro/4.1.5/css/metro.min.css","meta":{"rootId":"zo4i291vb4224r5","id":"g7yfstdy2qrxmaa"},"id":"kik2xbwifmerfyh","previousOperationId":"7uoibys8drao0cy"}
{"type":"log","timestamp":1674764382416,"level":"debug","message":"Page request finished: GET (stylesheet) 200 https://cdnjs.cloudflare.com/ajax/libs/metro/4.1.5/css/metro.min.css","meta":{"rootId":"zo4i291vb4224r5","id":"g7yfstdy2qrxmaa"},"id":"3pqn6ohkgp7zzze","previousOperationId":"7uoibys8drao0cy"}
{"type":"log","timestamp":1674764382447,"level":"debug","message":"Running chrome with params {\"printBackground\":true,\"marginTop\":\"1.5cm\",\"marginRight\":\"1.5cm\",\"marginLeft\":\"1.cm\",\"timeout\":57793,\"margin\":{\"top\":\"1.5cm\",\"right\":\"1.5cm\",\"left\":\"1.cm\"}}","meta":{"rootId":"zo4i291vb4224r5","id":"g7yfstdy2qrxmaa"},"id":"0likx6jylt87m57","previousOperationId":"7uoibys8drao0cy"}
{"type":"operationEnd","operationId":"7uoibys8drao0cy","timestamp":1674764382530,"id":"vckpsnr9tl97jk5","previousEventId":"c3uc77boouo61sr","previousOperationId":"7uoibys8drao0cy"}
{"type":"log","timestamp":1674764382530,"level":"debug","message":"Skipping storing report.","meta":{"rootId":"zo4i291vb4224r5","id":"g7yfstdy2qrxmaa"},"id":"cn3bn3fk7ngxizs","previousOperationId":"7uoibys8drao0cy"}
{"type":"log","timestamp":1674764382530,"level":"info","message":"Rendering (child) request finished in 2486 ms","meta":{"rootId":"zo4i291vb4224r5","id":"g7yfstdy2qrxmaa"},"id":"6xj07mezwjh89kv","previousOperationId":"7uoibys8drao0cy"}
{"type":"operationEnd","subtype":"render","operationId":"bnratn16q823g3h","timestamp":1674764382530,"id":"4ybhul6hugr5u5j","previousEventId":"vckpsnr9tl97jk5","previousOperationId":"7uoibys8drao0cy"}
{"type":"operationEnd","operationId":"1g4asanajp388jg","timestamp":1674764382549,"id":"yeia96l8cwx1twn","previousEventId":"omv42kzbcyhhlgp","previousOperationId":"1g4asanajp388jg"}
{"type":"log","timestamp":1674764382549,"level":"debug","message":"pdf-utils postproces start","meta":{"rootId":"zo4i291vb4224r5","id":"zo4i291vb4224r5"},"id":"55jpricb75pvbux","previousOperationId":"1g4asanajp388jg"}
{"type":"log","timestamp":1674764382567,"level":"debug","message":"pdf-utils postproces end","meta":{"rootId":"zo4i291vb4224r5","id":"zo4i291vb4224r5"},"id":"k1nz6gl3cyc9rtg","previousOperationId":"1g4asanajp388jg"}
{"type":"operationEnd","operationId":"5aa3lyql02ixul9","timestamp":1674764382567,"id":"lx0jdkd42s8k5wk","previousEventId":"yeia96l8cwx1twn","previousOperationId":"1g4asanajp388jg"}
{"type":"log","timestamp":1674764382567,"level":"info","message":"pdf-utils pdf processing was finished","meta":{"rootId":"zo4i291vb4224r5","id":"zo4i291vb4224r5"},"id":"ixtnl9kd9yc37s1","previousOperationId":"5aa3lyql02ixul9"}
{"type":"log","timestamp":1674764382567,"level":"debug","message":"Skipping storing report.","meta":{"rootId":"zo4i291vb4224r5","id":"zo4i291vb4224r5"},"id":"m6prkirbgpq3u6k","previousOperationId":"5aa3lyql02ixul9"}
{"type":"log","timestamp":1674764382567,"level":"info","message":"Rendering request 10 finished in 2523 ms","meta":{"rootId":"zo4i291vb4224r5","id":"zo4i291vb4224r5"},"id":"ugd3423sgfmh9jj","previousOperationId":"5aa3lyql02ixul9"}
{"type":"operationEnd","subtype":"render","operationId":"xs3kgxv27xexuai","timestamp":1674764382567,"id":"s2jvoj9y0l913s8","previousEventId":"lx0jdkd42s8k5wk","previousOperationId":"5aa3lyql02ixul9"}
{"type":"operationEnd","doDiffs":false,"previousEventId":"zanzbcgiskk7paj","previousOperationId":"yfolmnfvhdsrfx1","operationId":"yfolmnfvhdsrfx1","timestamp":1674764382582,"id":"dov00z23pzm2tpm"}
