{"type":"operationStart","subtype":"profile","data":{"_id":"9ZPmB3QdeHfc1nD3","timestamp":"2023-02-09T19:57:00.847Z","state":"queued","mode":"standard","creationDate":"2023-02-09T19:57:00.849Z","modificationDate":"2023-02-09T19:57:00.849Z","shortid":"QeKgIr5","$entitySet":"profiles"},"doDiffs":false,"timestamp":1675972620848,"id":"307fbxmcauc4j5h","previousOperationId":null,"operationId":"7algaa4ov36bufh"}
{"type":"log","level":"info","message":"Render request 33 queued for execution and waiting for available worker","previousOperationId":"7algaa4ov36bufh","timestamp":1675972620848,"id":"q6eg599rcmziauk"}
{"type":"operationStart","subtype":"render","name":"chart","previousOperationId":"7algaa4ov36bufh","timestamp":1675972620862,"id":"7m4wxjhm7b6d9w7","previousEventId":"307fbxmcauc4j5h","operationId":"tkywb59depv62ol"}
{"type":"log","timestamp":1675972620862,"level":"info","message":"Starting rendering request 33","meta":{"rootId":"0g6yg9gz3oy3t8n","id":"0g6yg9gz3oy3t8n"},"id":"8070nevg2wyttu3","previousOperationId":"tkywb59depv62ol"}
{"type":"log","timestamp":1675972620863,"level":"info","message":"Rendering template { name: chart, recipe: phantom-pdf, engine: handlebars, preview: true }","meta":{"rootId":"0g6yg9gz3oy3t8n","id":"0g6yg9gz3oy3t8n"},"id":"bnm2q2yiq5mgk1y","previousOperationId":"tkywb59depv62ol"}
{"type":"log","timestamp":1675972620865,"level":"debug","message":"Data item not defined for this template.","meta":{"rootId":"0g6yg9gz3oy3t8n","id":"0g6yg9gz3oy3t8n"},"id":"xil3gwezd5aiyos","previousOperationId":"tkywb59depv62ol"}
{"type":"log","timestamp":1675972620868,"level":"debug","message":"Executing script chartscript (beforeRender)","meta":{"rootId":"0g6yg9gz3oy3t8n","id":"0g6yg9gz3oy3t8n"},"id":"ohvket4il3dgora","previousOperationId":"tkywb59depv62ol"}
{"type":"operationStart","subtype":"scriptsBeforeRender","name":"scripts beforeRender","timestamp":1675972620901,"id":"iafjjfletcnq8gf","previousEventId":"7m4wxjhm7b6d9w7","operationId":"k5j7mhq1r9j22fh","previousOperationId":"tkywb59depv62ol"}
{"type":"operationStart","subtype":"script","name":"scripts chartscript","previousOperationId":"k5j7mhq1r9j22fh","timestamp":1675972620901,"id":"8y92h18x9qdp6qk","previousEventId":"iafjjfletcnq8gf","operationId":"ztx0m95n4o1ffbk"}
{"type":"log","timestamp":1675972621118,"level":"debug","message":"(console:log) { A: [ 50, 6 ] }","meta":{"userLevel":true,"rootId":"0g6yg9gz3oy3t8n","id":"0g6yg9gz3oy3t8n"},"id":"90udoc29kohb081","previousOperationId":"ztx0m95n4o1ffbk"}
{"type":"operationEnd","operationId":"ztx0m95n4o1ffbk","timestamp":1675972621119,"id":"788ne3yb4t66q39","previousEventId":"7m4wxjhm7b6d9w7","previousOperationId":"tkywb59depv62ol"}
{"type":"operationEnd","operationId":"k5j7mhq1r9j22fh","timestamp":1675972621119,"id":"fx4n0zlb7r1iurl","previousEventId":"788ne3yb4t66q39","previousOperationId":"tkywb59depv62ol"}
{"type":"log","timestamp":1675972621119,"level":"debug","message":"Base url not specified, skipping its injection.","meta":{"rootId":"0g6yg9gz3oy3t8n","id":"0g6yg9gz3oy3t8n"},"id":"fi959d76r354mq6","previousOperationId":"k5j7mhq1r9j22fh"}
{"type":"operationStart","subtype":"engine","name":"handlebars","timestamp":1675972621120,"id":"x36zpkgfqe8sgl2","previousEventId":"fx4n0zlb7r1iurl","operationId":"rf55t64iot78hpe","previousOperationId":"k5j7mhq1r9j22fh"}
{"type":"log","timestamp":1675972621120,"level":"debug","message":"Rendering engine handlebars","meta":{"rootId":"0g6yg9gz3oy3t8n","id":"0g6yg9gz3oy3t8n"},"id":"sgv7mf020fe3hl0","previousOperationId":"rf55t64iot78hpe"}
{"type":"operationEnd","operationId":"rf55t64iot78hpe","timestamp":1675972621144,"id":"p6sftmqwm1relgn","previousEventId":"x36zpkgfqe8sgl2","previousOperationId":"rf55t64iot78hpe"}
{"type":"operationStart","subtype":"recipe","name":"phantom-pdf","timestamp":1675972621145,"id":"znwj67pibimit5j","previousEventId":"p6sftmqwm1relgn","operationId":"uuuqlhu2yu0z011","previousOperationId":"rf55t64iot78hpe"}
{"type":"log","timestamp":1675972621145,"level":"debug","message":"Executing recipe phantom-pdf","meta":{"rootId":"0g6yg9gz3oy3t8n","id":"0g6yg9gz3oy3t8n"},"id":"1s7f5fr52w9nfi6","previousOperationId":"uuuqlhu2yu0z011"}
{"type":"log","timestamp":1675972624023,"level":"debug","message":"Converting in dedicated phantomjs 1.9.8","meta":{"rootId":"0g6yg9gz3oy3t8n","id":"0g6yg9gz3oy3t8n"},"id":"mgqaq360iip5p8j","previousOperationId":"uuuqlhu2yu0z011"}
{"type":"log","timestamp":1675972624023,"level":"debug","message":"Request file:///C%3A%5CUsers%5Calegu%5CAppData%5CLocal%5CTemp%5C66f0da23-54f9-4276-a63f-26f88213818fhtml.html","meta":{"rootId":"0g6yg9gz3oy3t8n","id":"0g6yg9gz3oy3t8n"},"id":"c92qn6lmytoa37l","previousOperationId":"uuuqlhu2yu0z011"}
{"type":"log","timestamp":1675972624023,"level":"debug","message":"Request https://cdnjs.cloudflare.com/ajax/libs/Chart.js/2.1.6/Chart.min.js","meta":{"rootId":"0g6yg9gz3oy3t8n","id":"0g6yg9gz3oy3t8n"},"id":"zdz7ot4s17rzsdp","previousOperationId":"uuuqlhu2yu0z011"}
{"type":"log","timestamp":1675972624023,"level":"debug","message":"PhantomJS printing done","meta":{"rootId":"0g6yg9gz3oy3t8n","id":"0g6yg9gz3oy3t8n"},"id":"2ebqmeyqt66axnp","previousOperationId":"uuuqlhu2yu0z011"}
{"type":"log","timestamp":1675972624023,"level":"debug","message":"PhantomJS printing done","meta":{"rootId":"0g6yg9gz3oy3t8n","id":"0g6yg9gz3oy3t8n"},"id":"4w7vvwqrc1v92lj","previousOperationId":"uuuqlhu2yu0z011"}
{"type":"log","timestamp":1675972624023,"level":"debug","message":"PhantomJS printing done","meta":{"rootId":"0g6yg9gz3oy3t8n","id":"0g6yg9gz3oy3t8n"},"id":"c0oyw72o4fwxsnu","previousOperationId":"uuuqlhu2yu0z011"}
{"type":"log","timestamp":1675972624023,"level":"debug","message":"PhantomJS printing done","meta":{"rootId":"0g6yg9gz3oy3t8n","id":"0g6yg9gz3oy3t8n"},"id":"t8ws0jpzagm32ba","previousOperationId":"uuuqlhu2yu0z011"}
{"type":"log","timestamp":1675972624024,"level":"debug","message":"PhantomJS printing done","meta":{"rootId":"0g6yg9gz3oy3t8n","id":"0g6yg9gz3oy3t8n"},"id":"1gxhkzafbfqgg2u","previousOperationId":"uuuqlhu2yu0z011"}
{"type":"log","timestamp":1675972624024,"level":"debug","message":"PhantomJS printing done","meta":{"rootId":"0g6yg9gz3oy3t8n","id":"0g6yg9gz3oy3t8n"},"id":"uhzdlqumt5aij1r","previousOperationId":"uuuqlhu2yu0z011"}
{"type":"log","timestamp":1675972624024,"level":"debug","message":"PhantomJS printing done","meta":{"rootId":"0g6yg9gz3oy3t8n","id":"0g6yg9gz3oy3t8n"},"id":"bnz41nihsnlhfd5","previousOperationId":"uuuqlhu2yu0z011"}
{"type":"log","timestamp":1675972624024,"level":"debug","message":"PhantomJS printing done","meta":{"rootId":"0g6yg9gz3oy3t8n","id":"0g6yg9gz3oy3t8n"},"id":"1wh2vgf5ght54os","previousOperationId":"uuuqlhu2yu0z011"}
{"type":"log","timestamp":1675972624024,"level":"debug","message":"PhantomJS printing done","meta":{"rootId":"0g6yg9gz3oy3t8n","id":"0g6yg9gz3oy3t8n"},"id":"124c48jids6efre","previousOperationId":"uuuqlhu2yu0z011"}
{"type":"log","timestamp":1675972624024,"level":"debug","message":"Request http://intruct-javascript-ending/","meta":{"rootId":"0g6yg9gz3oy3t8n","id":"0g6yg9gz3oy3t8n"},"id":"vrtphzs26f2c1h3","previousOperationId":"uuuqlhu2yu0z011"}
{"type":"log","timestamp":1675972624024,"level":"debug","message":"PhantomJS printing done","meta":{"rootId":"0g6yg9gz3oy3t8n","id":"0g6yg9gz3oy3t8n"},"id":"cn25m1ymgubuic1","previousOperationId":"uuuqlhu2yu0z011"}
{"type":"log","timestamp":1675972624025,"level":"debug","message":"phantom-pdf recipe finished with 1 pages generated","meta":{"rootId":"0g6yg9gz3oy3t8n","id":"0g6yg9gz3oy3t8n"},"id":"tvu5poovx9l22w9","previousOperationId":"uuuqlhu2yu0z011"}
{"type":"operationEnd","operationId":"uuuqlhu2yu0z011","timestamp":1675972624025,"id":"3zza09zzbbaclqp","previousEventId":"znwj67pibimit5j","previousOperationId":"uuuqlhu2yu0z011"}
{"type":"log","timestamp":1675972624025,"level":"debug","message":"Skipping storing report.","meta":{"rootId":"0g6yg9gz3oy3t8n","id":"0g6yg9gz3oy3t8n"},"id":"f5c1d3cc40gukws","previousOperationId":"uuuqlhu2yu0z011"}
{"type":"log","timestamp":1675972624025,"level":"info","message":"Rendering request 33 finished in 3178 ms","meta":{"rootId":"0g6yg9gz3oy3t8n","id":"0g6yg9gz3oy3t8n"},"id":"tazc7rmq40vcbwy","previousOperationId":"uuuqlhu2yu0z011"}
{"type":"operationEnd","subtype":"render","operationId":"tkywb59depv62ol","timestamp":1675972624025,"id":"h2ossn8xqlftx78","previousEventId":"3zza09zzbbaclqp","previousOperationId":"uuuqlhu2yu0z011"}
{"type":"operationEnd","doDiffs":false,"previousEventId":"307fbxmcauc4j5h","previousOperationId":"7algaa4ov36bufh","operationId":"7algaa4ov36bufh","timestamp":1675972624051,"id":"2pewh2c5d0scy1x"}
