{"type":"operationStart","subtype":"profile","data":{"_id":"cQ3rludM72ISNGtb","timestamp":"2023-02-10T15:41:05.033Z","state":"queued","mode":"standard","creationDate":"2023-02-10T15:41:05.036Z","modificationDate":"2023-02-10T15:41:05.036Z","shortid":"FcARf8e","$entitySet":"profiles"},"doDiffs":false,"timestamp":1676043665034,"id":"ddn4zf9bgf5jwdc","previousOperationId":null,"operationId":"bammxnlpfcxf9ip"}
{"type":"log","level":"info","message":"Render request 32 queued for execution and waiting for available worker","previousOperationId":"bammxnlpfcxf9ip","timestamp":1676043665035,"id":"xjjfng2uo4f9g4o"}
{"type":"operationStart","subtype":"render","name":"chart","previousOperationId":"bammxnlpfcxf9ip","timestamp":1676043665048,"id":"x4u4h279pcjnbnh","previousEventId":"ddn4zf9bgf5jwdc","operationId":"p8jcp1zg2makzqm"}
{"type":"log","timestamp":1676043665049,"level":"info","message":"Starting rendering request 32","meta":{"rootId":"0s9jd6u5tro3833","id":"0s9jd6u5tro3833"},"id":"jmhf109ajrtditt","previousOperationId":"p8jcp1zg2makzqm"}
{"type":"log","timestamp":1676043665051,"level":"info","message":"Rendering template { name: chart, recipe: phantom-pdf, engine: handlebars, preview: true }","meta":{"rootId":"0s9jd6u5tro3833","id":"0s9jd6u5tro3833"},"id":"9jgxjlx2956p96e","previousOperationId":"p8jcp1zg2makzqm"}
{"type":"log","timestamp":1676043665057,"level":"debug","message":"Data item not defined for this template.","meta":{"rootId":"0s9jd6u5tro3833","id":"0s9jd6u5tro3833"},"id":"yim3sxy5a7nqzqs","previousOperationId":"p8jcp1zg2makzqm"}
{"type":"log","timestamp":1676043665061,"level":"debug","message":"Executing script chartscript (beforeRender)","meta":{"rootId":"0s9jd6u5tro3833","id":"0s9jd6u5tro3833"},"id":"g58tl4xw61iuvd6","previousOperationId":"p8jcp1zg2makzqm"}
{"type":"operationStart","subtype":"scriptsBeforeRender","name":"scripts beforeRender","timestamp":1676043665361,"id":"07k0xvxm3jhkdrt","previousEventId":"x4u4h279pcjnbnh","operationId":"a076cjtm8ui5leh","previousOperationId":"p8jcp1zg2makzqm"}
{"type":"operationStart","subtype":"script","name":"scripts chartscript","previousOperationId":"a076cjtm8ui5leh","timestamp":1676043665362,"id":"5wttgk8z9zeky6a","previousEventId":"07k0xvxm3jhkdrt","operationId":"p5jpp1zy51w9kfe"}
{"type":"log","timestamp":1676043665559,"level":"debug","message":"(console:log) [ 50, 45 ]","meta":{"userLevel":true,"rootId":"0s9jd6u5tro3833","id":"0s9jd6u5tro3833"},"id":"u4g2xo9h7q1xc5o","previousOperationId":"p5jpp1zy51w9kfe"}
{"type":"log","timestamp":1676043665559,"level":"debug","message":"(console:log) [ 50, 45 ]","meta":{"userLevel":true,"rootId":"0s9jd6u5tro3833","id":"0s9jd6u5tro3833"},"id":"q3v9ry9w8wijnrc","previousOperationId":"p5jpp1zy51w9kfe"}
{"type":"operationEnd","operationId":"p5jpp1zy51w9kfe","timestamp":1676043665560,"id":"yu69u3zczyinwtn","previousEventId":"x4u4h279pcjnbnh","previousOperationId":"p8jcp1zg2makzqm"}
{"type":"operationEnd","operationId":"a076cjtm8ui5leh","timestamp":1676043665560,"id":"lj4fvjn2zy113sj","previousEventId":"yu69u3zczyinwtn","previousOperationId":"p8jcp1zg2makzqm"}
{"type":"log","timestamp":1676043665560,"level":"debug","message":"Base url not specified, skipping its injection.","meta":{"rootId":"0s9jd6u5tro3833","id":"0s9jd6u5tro3833"},"id":"vgoyjivsxffimli","previousOperationId":"a076cjtm8ui5leh"}
{"type":"operationStart","subtype":"engine","name":"handlebars","timestamp":1676043665561,"id":"21rtfc224uanq0r","previousEventId":"lj4fvjn2zy113sj","operationId":"b2nmd9i5qga8sw8","previousOperationId":"a076cjtm8ui5leh"}
{"type":"log","timestamp":1676043665561,"level":"debug","message":"Rendering engine handlebars","meta":{"rootId":"0s9jd6u5tro3833","id":"0s9jd6u5tro3833"},"id":"cyuuq8xirgpc64h","previousOperationId":"b2nmd9i5qga8sw8"}
{"type":"log","timestamp":1676043665905,"level":"debug","message":"(console:log) [ 50, 45 ]","meta":{"userLevel":true,"rootId":"0s9jd6u5tro3833","id":"0s9jd6u5tro3833"},"id":"nkxyoj09ubvshg1","previousOperationId":"b2nmd9i5qga8sw8"}
{"type":"log","timestamp":1676043665906,"level":"debug","message":"(console:log) [50,45]","meta":{"userLevel":true,"rootId":"0s9jd6u5tro3833","id":"0s9jd6u5tro3833"},"id":"plv8dy071qsc9y3","previousOperationId":"b2nmd9i5qga8sw8"}
{"type":"operationEnd","operationId":"b2nmd9i5qga8sw8","timestamp":1676043665906,"id":"jt7axc279u2hs3m","previousEventId":"21rtfc224uanq0r","previousOperationId":"b2nmd9i5qga8sw8"}
{"type":"operationStart","subtype":"recipe","name":"phantom-pdf","timestamp":1676043665908,"id":"q831wec9snr7s1b","previousEventId":"jt7axc279u2hs3m","operationId":"2ug7d1kjww49jho","previousOperationId":"b2nmd9i5qga8sw8"}
{"type":"log","timestamp":1676043665908,"level":"debug","message":"Executing recipe phantom-pdf","meta":{"rootId":"0s9jd6u5tro3833","id":"0s9jd6u5tro3833"},"id":"55gicdvf2j1b9kb","previousOperationId":"2ug7d1kjww49jho"}
{"type":"log","timestamp":1676043668871,"level":"debug","message":"Converting in dedicated phantomjs 1.9.8","meta":{"rootId":"0s9jd6u5tro3833","id":"0s9jd6u5tro3833"},"id":"sa9fvadung54wia","previousOperationId":"2ug7d1kjww49jho"}
{"type":"log","timestamp":1676043668871,"level":"debug","message":"Request file:///C%3A%5CUsers%5Calegu%5CAppData%5CLocal%5CTemp%5C3885baba-5300-4301-8c9a-030fe33247aehtml.html","meta":{"rootId":"0s9jd6u5tro3833","id":"0s9jd6u5tro3833"},"id":"dwcevv508bmvrun","previousOperationId":"2ug7d1kjww49jho"}
{"type":"log","timestamp":1676043668871,"level":"debug","message":"Request https://cdnjs.cloudflare.com/ajax/libs/Chart.js/2.1.6/Chart.min.js","meta":{"rootId":"0s9jd6u5tro3833","id":"0s9jd6u5tro3833"},"id":"czrzy2xzjjn0315","previousOperationId":"2ug7d1kjww49jho"}
{"type":"log","timestamp":1676043668871,"level":"debug","message":"PhantomJS printing done","meta":{"rootId":"0s9jd6u5tro3833","id":"0s9jd6u5tro3833"},"id":"5crwwgbpt483128","previousOperationId":"2ug7d1kjww49jho"}
{"type":"log","timestamp":1676043668871,"level":"debug","message":"PhantomJS printing done","meta":{"rootId":"0s9jd6u5tro3833","id":"0s9jd6u5tro3833"},"id":"rbrocy48l6c0m2o","previousOperationId":"2ug7d1kjww49jho"}
{"type":"log","timestamp":1676043668871,"level":"debug","message":"PhantomJS printing done","meta":{"rootId":"0s9jd6u5tro3833","id":"0s9jd6u5tro3833"},"id":"ktykg0r42gbjo9f","previousOperationId":"2ug7d1kjww49jho"}
{"type":"log","timestamp":1676043668871,"level":"debug","message":"PhantomJS printing done","meta":{"rootId":"0s9jd6u5tro3833","id":"0s9jd6u5tro3833"},"id":"k1cphndye4fioe9","previousOperationId":"2ug7d1kjww49jho"}
{"type":"log","timestamp":1676043668871,"level":"debug","message":"PhantomJS printing done","meta":{"rootId":"0s9jd6u5tro3833","id":"0s9jd6u5tro3833"},"id":"lmjoi57o4896oiu","previousOperationId":"2ug7d1kjww49jho"}
{"type":"log","timestamp":1676043668871,"level":"debug","message":"PhantomJS printing done","meta":{"rootId":"0s9jd6u5tro3833","id":"0s9jd6u5tro3833"},"id":"y3wnj7hewgxmonx","previousOperationId":"2ug7d1kjww49jho"}
{"type":"log","timestamp":1676043668871,"level":"debug","message":"PhantomJS printing done","meta":{"rootId":"0s9jd6u5tro3833","id":"0s9jd6u5tro3833"},"id":"f3l3qq0r5bmjony","previousOperationId":"2ug7d1kjww49jho"}
{"type":"log","timestamp":1676043668871,"level":"debug","message":"PhantomJS printing done","meta":{"rootId":"0s9jd6u5tro3833","id":"0s9jd6u5tro3833"},"id":"hu819b789ydoa9j","previousOperationId":"2ug7d1kjww49jho"}
{"type":"log","timestamp":1676043668871,"level":"debug","message":"PhantomJS printing done","meta":{"rootId":"0s9jd6u5tro3833","id":"0s9jd6u5tro3833"},"id":"6r1gzx0zte31uid","previousOperationId":"2ug7d1kjww49jho"}
{"type":"log","timestamp":1676043668871,"level":"debug","message":"Request http://intruct-javascript-ending/","meta":{"rootId":"0s9jd6u5tro3833","id":"0s9jd6u5tro3833"},"id":"6okxg8wg83s1nt4","previousOperationId":"2ug7d1kjww49jho"}
{"type":"log","timestamp":1676043668871,"level":"debug","message":"PhantomJS printing done","meta":{"rootId":"0s9jd6u5tro3833","id":"0s9jd6u5tro3833"},"id":"wds50h8frh5k2hq","previousOperationId":"2ug7d1kjww49jho"}
{"type":"log","timestamp":1676043668873,"level":"debug","message":"phantom-pdf recipe finished with 1 pages generated","meta":{"rootId":"0s9jd6u5tro3833","id":"0s9jd6u5tro3833"},"id":"ferlfphtaj283el","previousOperationId":"2ug7d1kjww49jho"}
{"type":"operationEnd","operationId":"2ug7d1kjww49jho","timestamp":1676043668873,"id":"04csp0tcqy1gsm0","previousEventId":"q831wec9snr7s1b","previousOperationId":"2ug7d1kjww49jho"}
{"type":"log","timestamp":1676043668874,"level":"debug","message":"Skipping storing report.","meta":{"rootId":"0s9jd6u5tro3833","id":"0s9jd6u5tro3833"},"id":"ievx26pu6pbrece","previousOperationId":"2ug7d1kjww49jho"}
{"type":"log","timestamp":1676043668874,"level":"info","message":"Rendering request 32 finished in 3841 ms","meta":{"rootId":"0s9jd6u5tro3833","id":"0s9jd6u5tro3833"},"id":"v9neuvah45a9i4h","previousOperationId":"2ug7d1kjww49jho"}
{"type":"operationEnd","subtype":"render","operationId":"p8jcp1zg2makzqm","timestamp":1676043668874,"id":"nehtds9leluangs","previousEventId":"04csp0tcqy1gsm0","previousOperationId":"2ug7d1kjww49jho"}
{"type":"operationEnd","doDiffs":false,"previousEventId":"ddn4zf9bgf5jwdc","previousOperationId":"bammxnlpfcxf9ip","operationId":"bammxnlpfcxf9ip","timestamp":1676043668895,"id":"hicm3h1b30l1qj7"}
