{"type":"operationStart","subtype":"profile","data":{"_id":"vn2nWjzXj1zjBCj4","timestamp":"2023-02-09T20:25:58.265Z","state":"queued","mode":"standard","creationDate":"2023-02-09T20:25:58.267Z","modificationDate":"2023-02-09T20:25:58.267Z","shortid":"iisoQtS","$entitySet":"profiles"},"doDiffs":false,"timestamp":1675974358266,"id":"54isviacxbhmnaw","previousOperationId":null,"operationId":"zsvtt99mjdomvhe"}
{"type":"log","level":"info","message":"Render request 75 queued for execution and waiting for available worker","previousOperationId":"zsvtt99mjdomvhe","timestamp":1675974358266,"id":"un26dnhk06tc79m"}
{"type":"operationStart","subtype":"render","name":"chart","previousOperationId":"zsvtt99mjdomvhe","timestamp":1675974358301,"id":"ln7kp35v3bwlt46","previousEventId":"54isviacxbhmnaw","operationId":"n6nk7vrt2bwp1it"}
{"type":"log","timestamp":1675974358302,"level":"info","message":"Starting rendering request 75","meta":{"rootId":"1mpmgdz26pel2fz","id":"1mpmgdz26pel2fz"},"id":"21d98yhnyk3yua6","previousOperationId":"n6nk7vrt2bwp1it"}
{"type":"log","timestamp":1675974358312,"level":"info","message":"Rendering template { name: chart, recipe: phantom-pdf, engine: handlebars, preview: true }","meta":{"rootId":"1mpmgdz26pel2fz","id":"1mpmgdz26pel2fz"},"id":"s36rej5zz6us1gk","previousOperationId":"n6nk7vrt2bwp1it"}
{"type":"log","timestamp":1675974358317,"level":"debug","message":"Inline data specified.","meta":{"rootId":"1mpmgdz26pel2fz","id":"1mpmgdz26pel2fz"},"id":"dw3l6e4a79pq5ms","previousOperationId":"n6nk7vrt2bwp1it"}
{"type":"log","timestamp":1675974358322,"level":"debug","message":"Base url not specified, skipping its injection.","meta":{"rootId":"1mpmgdz26pel2fz","id":"1mpmgdz26pel2fz"},"id":"v290n0c4oulu4gk","previousOperationId":"n6nk7vrt2bwp1it"}
{"type":"operationStart","subtype":"engine","name":"handlebars","timestamp":1675974358325,"id":"u5ll3c07jlenxkb","previousEventId":"ln7kp35v3bwlt46","operationId":"n36gygfocf0knni","previousOperationId":"n6nk7vrt2bwp1it"}
{"type":"log","timestamp":1675974358325,"level":"debug","message":"Rendering engine handlebars","meta":{"rootId":"1mpmgdz26pel2fz","id":"1mpmgdz26pel2fz"},"id":"27j11z2etvnv3n0","previousOperationId":"n36gygfocf0knni"}
{"type":"log","timestamp":1675974358930,"level":"debug","message":"(console:log) [50,6]","meta":{"userLevel":true,"rootId":"1mpmgdz26pel2fz","id":"1mpmgdz26pel2fz"},"id":"8yhg9a84t3nbjsc","previousOperationId":"n36gygfocf0knni"}
{"type":"operationEnd","operationId":"n36gygfocf0knni","timestamp":1675974358930,"id":"mwu8t58685mhsi5","previousEventId":"u5ll3c07jlenxkb","previousOperationId":"n36gygfocf0knni"}
{"type":"operationStart","subtype":"recipe","name":"phantom-pdf","timestamp":1675974358931,"id":"1wc2ohiqil9nk0u","previousEventId":"mwu8t58685mhsi5","operationId":"of8t6nmsfmajv0d","previousOperationId":"n36gygfocf0knni"}
{"type":"log","timestamp":1675974358931,"level":"debug","message":"Executing recipe phantom-pdf","meta":{"rootId":"1mpmgdz26pel2fz","id":"1mpmgdz26pel2fz"},"id":"gq70207iu3x1y9y","previousOperationId":"of8t6nmsfmajv0d"}
{"type":"log","timestamp":1675974361758,"level":"debug","message":"Converting in dedicated phantomjs 1.9.8","meta":{"rootId":"1mpmgdz26pel2fz","id":"1mpmgdz26pel2fz"},"id":"v5wvzeyhblx4ds6","previousOperationId":"of8t6nmsfmajv0d"}
{"type":"log","timestamp":1675974361759,"level":"debug","message":"Request file:///C%3A%5CUsers%5Calegu%5CAppData%5CLocal%5CTemp%5Cac29b723-213b-4419-9639-31042acf0e91html.html","meta":{"rootId":"1mpmgdz26pel2fz","id":"1mpmgdz26pel2fz"},"id":"wop47sf47s9mh0n","previousOperationId":"of8t6nmsfmajv0d"}
{"type":"log","timestamp":1675974361759,"level":"debug","message":"Request https://cdnjs.cloudflare.com/ajax/libs/Chart.js/2.1.6/Chart.min.js","meta":{"rootId":"1mpmgdz26pel2fz","id":"1mpmgdz26pel2fz"},"id":"8gu1opzk958fwxa","previousOperationId":"of8t6nmsfmajv0d"}
{"type":"log","timestamp":1675974361759,"level":"debug","message":"PhantomJS printing done","meta":{"rootId":"1mpmgdz26pel2fz","id":"1mpmgdz26pel2fz"},"id":"2flsjlm2ti97bvm","previousOperationId":"of8t6nmsfmajv0d"}
{"type":"log","timestamp":1675974361759,"level":"debug","message":"PhantomJS printing done","meta":{"rootId":"1mpmgdz26pel2fz","id":"1mpmgdz26pel2fz"},"id":"tbrcpvpt4wxbruj","previousOperationId":"of8t6nmsfmajv0d"}
{"type":"log","timestamp":1675974361759,"level":"debug","message":"PhantomJS printing done","meta":{"rootId":"1mpmgdz26pel2fz","id":"1mpmgdz26pel2fz"},"id":"t6o465y0ymnjcj2","previousOperationId":"of8t6nmsfmajv0d"}
{"type":"log","timestamp":1675974361759,"level":"debug","message":"PhantomJS printing done","meta":{"rootId":"1mpmgdz26pel2fz","id":"1mpmgdz26pel2fz"},"id":"j59197qt9829ls4","previousOperationId":"of8t6nmsfmajv0d"}
{"type":"log","timestamp":1675974361759,"level":"debug","message":"PhantomJS printing done","meta":{"rootId":"1mpmgdz26pel2fz","id":"1mpmgdz26pel2fz"},"id":"zatlopaao56p830","previousOperationId":"of8t6nmsfmajv0d"}
{"type":"log","timestamp":1675974361759,"level":"debug","message":"PhantomJS printing done","meta":{"rootId":"1mpmgdz26pel2fz","id":"1mpmgdz26pel2fz"},"id":"e43bj2yq6yvjge3","previousOperationId":"of8t6nmsfmajv0d"}
{"type":"log","timestamp":1675974361759,"level":"debug","message":"PhantomJS printing done","meta":{"rootId":"1mpmgdz26pel2fz","id":"1mpmgdz26pel2fz"},"id":"vpx6w7oiuoh2v6e","previousOperationId":"of8t6nmsfmajv0d"}
{"type":"log","timestamp":1675974361759,"level":"debug","message":"PhantomJS printing done","meta":{"rootId":"1mpmgdz26pel2fz","id":"1mpmgdz26pel2fz"},"id":"okgs9tyjt7xfayn","previousOperationId":"of8t6nmsfmajv0d"}
{"type":"log","timestamp":1675974361759,"level":"debug","message":"PhantomJS printing done","meta":{"rootId":"1mpmgdz26pel2fz","id":"1mpmgdz26pel2fz"},"id":"lizuz8kb7mhn9x2","previousOperationId":"of8t6nmsfmajv0d"}
{"type":"log","timestamp":1675974361759,"level":"debug","message":"Request http://intruct-javascript-ending/","meta":{"rootId":"1mpmgdz26pel2fz","id":"1mpmgdz26pel2fz"},"id":"ee6qn551l2ftppz","previousOperationId":"of8t6nmsfmajv0d"}
{"type":"log","timestamp":1675974361759,"level":"debug","message":"PhantomJS printing done","meta":{"rootId":"1mpmgdz26pel2fz","id":"1mpmgdz26pel2fz"},"id":"7k1xht36waqdtvd","previousOperationId":"of8t6nmsfmajv0d"}
{"type":"log","timestamp":1675974361762,"level":"debug","message":"phantom-pdf recipe finished with 1 pages generated","meta":{"rootId":"1mpmgdz26pel2fz","id":"1mpmgdz26pel2fz"},"id":"hc89zfotstemssj","previousOperationId":"of8t6nmsfmajv0d"}
{"type":"operationEnd","operationId":"of8t6nmsfmajv0d","timestamp":1675974361762,"id":"119g2d5d8k2qlxg","previousEventId":"1wc2ohiqil9nk0u","previousOperationId":"of8t6nmsfmajv0d"}
{"type":"log","timestamp":1675974361763,"level":"debug","message":"Skipping storing report.","meta":{"rootId":"1mpmgdz26pel2fz","id":"1mpmgdz26pel2fz"},"id":"sue1i2d1xa8mn1o","previousOperationId":"of8t6nmsfmajv0d"}
{"type":"log","timestamp":1675974361763,"level":"info","message":"Rendering request 75 finished in 3498 ms","meta":{"rootId":"1mpmgdz26pel2fz","id":"1mpmgdz26pel2fz"},"id":"he4qqqp411lcuuz","previousOperationId":"of8t6nmsfmajv0d"}
{"type":"operationEnd","subtype":"render","operationId":"n6nk7vrt2bwp1it","timestamp":1675974361763,"id":"t5v5lvnz58s2zf2","previousEventId":"119g2d5d8k2qlxg","previousOperationId":"of8t6nmsfmajv0d"}
{"type":"operationEnd","doDiffs":false,"previousEventId":"54isviacxbhmnaw","previousOperationId":"zsvtt99mjdomvhe","operationId":"zsvtt99mjdomvhe","timestamp":1675974361786,"id":"kru9bxr71nu96jr"}
