{"type":"operationStart","subtype":"profile","data":{"_id":"SDrjUt9yDcHBWxiG","timestamp":"2023-02-10T15:49:39.298Z","state":"queued","mode":"standard","creationDate":"2023-02-10T15:49:39.301Z","modificationDate":"2023-02-10T15:49:39.301Z","shortid":"Gk25kq-","$entitySet":"profiles"},"doDiffs":false,"timestamp":1676044179299,"id":"n2bxg5cgw1s23gi","previousOperationId":null,"operationId":"j9pauq77f29ba5y"}
{"type":"log","level":"info","message":"Render request 40 queued for execution and waiting for available worker","previousOperationId":"j9pauq77f29ba5y","timestamp":1676044179299,"id":"bdrcuua1h6rduqn"}
{"type":"operationStart","subtype":"render","name":"chart","previousOperationId":"j9pauq77f29ba5y","timestamp":1676044179313,"id":"bk5tkd50wlqjahf","previousEventId":"n2bxg5cgw1s23gi","operationId":"t77nnegt98curu0"}
{"type":"log","timestamp":1676044179313,"level":"info","message":"Starting rendering request 40","meta":{"rootId":"1wp8yr1y5v01akn","id":"1wp8yr1y5v01akn"},"id":"ckj5t85xda6eone","previousOperationId":"t77nnegt98curu0"}
{"type":"log","timestamp":1676044179314,"level":"info","message":"Rendering template { name: chart, recipe: phantom-pdf, engine: handlebars, preview: true }","meta":{"rootId":"1wp8yr1y5v01akn","id":"1wp8yr1y5v01akn"},"id":"ycwn7r3guurcxbv","previousOperationId":"t77nnegt98curu0"}
{"type":"log","timestamp":1676044179317,"level":"debug","message":"Data item not defined for this template.","meta":{"rootId":"1wp8yr1y5v01akn","id":"1wp8yr1y5v01akn"},"id":"iukjzmjpabn2blu","previousOperationId":"t77nnegt98curu0"}
{"type":"log","timestamp":1676044179321,"level":"debug","message":"Executing script chartscript (beforeRender)","meta":{"rootId":"1wp8yr1y5v01akn","id":"1wp8yr1y5v01akn"},"id":"n6beuro5bniatos","previousOperationId":"t77nnegt98curu0"}
{"type":"operationStart","subtype":"scriptsBeforeRender","name":"scripts beforeRender","timestamp":1676044179349,"id":"657bk2w9wycnz2h","previousEventId":"bk5tkd50wlqjahf","operationId":"zbmo35njehj6xmu","previousOperationId":"t77nnegt98curu0"}
{"type":"operationStart","subtype":"script","name":"scripts chartscript","previousOperationId":"zbmo35njehj6xmu","timestamp":1676044179349,"id":"7e94f3zksnbgx57","previousEventId":"657bk2w9wycnz2h","operationId":"uzs99rw2fdtpvbq"}
{"type":"log","timestamp":1676044179554,"level":"debug","message":"(console:log) [ 50, 45, 0 ]","meta":{"userLevel":true,"rootId":"1wp8yr1y5v01akn","id":"1wp8yr1y5v01akn"},"id":"raaq71y39zgqcza","previousOperationId":"uzs99rw2fdtpvbq"}
{"type":"log","timestamp":1676044179554,"level":"debug","message":"(console:log) [ 50, 45, 0 ]","meta":{"userLevel":true,"rootId":"1wp8yr1y5v01akn","id":"1wp8yr1y5v01akn"},"id":"vld4khdzfgpmkpe","previousOperationId":"uzs99rw2fdtpvbq"}
{"type":"operationEnd","operationId":"uzs99rw2fdtpvbq","timestamp":1676044179555,"id":"h05c5sh35322mn8","previousEventId":"bk5tkd50wlqjahf","previousOperationId":"t77nnegt98curu0"}
{"type":"operationEnd","operationId":"zbmo35njehj6xmu","timestamp":1676044179555,"id":"j9lmu66vxqvrcel","previousEventId":"h05c5sh35322mn8","previousOperationId":"t77nnegt98curu0"}
{"type":"log","timestamp":1676044179555,"level":"debug","message":"Base url not specified, skipping its injection.","meta":{"rootId":"1wp8yr1y5v01akn","id":"1wp8yr1y5v01akn"},"id":"y88sptf732skgt9","previousOperationId":"zbmo35njehj6xmu"}
{"type":"operationStart","subtype":"engine","name":"handlebars","timestamp":1676044179555,"id":"ghlwrxav53c2198","previousEventId":"j9lmu66vxqvrcel","operationId":"s7o18efacsq53ef","previousOperationId":"zbmo35njehj6xmu"}
{"type":"log","timestamp":1676044179555,"level":"debug","message":"Rendering engine handlebars","meta":{"rootId":"1wp8yr1y5v01akn","id":"1wp8yr1y5v01akn"},"id":"qgoxyncbfw2dgf9","previousOperationId":"s7o18efacsq53ef"}
{"type":"log","timestamp":1676044179570,"level":"debug","message":"(console:log) [ 50, 45, 0 ]","meta":{"userLevel":true,"rootId":"1wp8yr1y5v01akn","id":"1wp8yr1y5v01akn"},"id":"kycyblhystejp7x","previousOperationId":"s7o18efacsq53ef"}
{"type":"log","timestamp":1676044179570,"level":"debug","message":"(console:log) [50,45,0]","meta":{"userLevel":true,"rootId":"1wp8yr1y5v01akn","id":"1wp8yr1y5v01akn"},"id":"bniw19x9hkf0d34","previousOperationId":"s7o18efacsq53ef"}
{"type":"operationEnd","operationId":"s7o18efacsq53ef","timestamp":1676044179570,"id":"v97ahgxyl5dzl14","previousEventId":"ghlwrxav53c2198","previousOperationId":"s7o18efacsq53ef"}
{"type":"operationStart","subtype":"recipe","name":"phantom-pdf","timestamp":1676044179570,"id":"5pso8xjaekucg41","previousEventId":"v97ahgxyl5dzl14","operationId":"ts16ojh3ctgjhtf","previousOperationId":"s7o18efacsq53ef"}
{"type":"log","timestamp":1676044179570,"level":"debug","message":"Executing recipe phantom-pdf","meta":{"rootId":"1wp8yr1y5v01akn","id":"1wp8yr1y5v01akn"},"id":"x7qgtwgqj9hk41m","previousOperationId":"ts16ojh3ctgjhtf"}
{"type":"log","timestamp":1676044182471,"level":"debug","message":"Converting in dedicated phantomjs 1.9.8","meta":{"rootId":"1wp8yr1y5v01akn","id":"1wp8yr1y5v01akn"},"id":"js604jv0qg212u4","previousOperationId":"ts16ojh3ctgjhtf"}
{"type":"log","timestamp":1676044182471,"level":"debug","message":"Request file:///C%3A%5CUsers%5Calegu%5CAppData%5CLocal%5CTemp%5Cc7cadfba-dc71-4503-98a9-2e3fe4da83e7html.html","meta":{"rootId":"1wp8yr1y5v01akn","id":"1wp8yr1y5v01akn"},"id":"3n517jho15xg5qb","previousOperationId":"ts16ojh3ctgjhtf"}
{"type":"log","timestamp":1676044182471,"level":"debug","message":"Request https://cdnjs.cloudflare.com/ajax/libs/Chart.js/2.1.6/Chart.min.js","meta":{"rootId":"1wp8yr1y5v01akn","id":"1wp8yr1y5v01akn"},"id":"nb92t43sfxgsbv2","previousOperationId":"ts16ojh3ctgjhtf"}
{"type":"log","timestamp":1676044182471,"level":"debug","message":"PhantomJS printing done","meta":{"rootId":"1wp8yr1y5v01akn","id":"1wp8yr1y5v01akn"},"id":"h312hzruevlm8cs","previousOperationId":"ts16ojh3ctgjhtf"}
{"type":"log","timestamp":1676044182471,"level":"debug","message":"PhantomJS printing done","meta":{"rootId":"1wp8yr1y5v01akn","id":"1wp8yr1y5v01akn"},"id":"qhsdoup48ngg0kq","previousOperationId":"ts16ojh3ctgjhtf"}
{"type":"log","timestamp":1676044182471,"level":"debug","message":"PhantomJS printing done","meta":{"rootId":"1wp8yr1y5v01akn","id":"1wp8yr1y5v01akn"},"id":"aquewsarkzhlw21","previousOperationId":"ts16ojh3ctgjhtf"}
{"type":"log","timestamp":1676044182471,"level":"debug","message":"PhantomJS printing done","meta":{"rootId":"1wp8yr1y5v01akn","id":"1wp8yr1y5v01akn"},"id":"w2zznef86l3j4kh","previousOperationId":"ts16ojh3ctgjhtf"}
{"type":"log","timestamp":1676044182471,"level":"debug","message":"PhantomJS printing done","meta":{"rootId":"1wp8yr1y5v01akn","id":"1wp8yr1y5v01akn"},"id":"9vbk8rylnv2fksd","previousOperationId":"ts16ojh3ctgjhtf"}
{"type":"log","timestamp":1676044182471,"level":"debug","message":"PhantomJS printing done","meta":{"rootId":"1wp8yr1y5v01akn","id":"1wp8yr1y5v01akn"},"id":"9jmtcaz5mgl4u5p","previousOperationId":"ts16ojh3ctgjhtf"}
{"type":"log","timestamp":1676044182471,"level":"debug","message":"PhantomJS printing done","meta":{"rootId":"1wp8yr1y5v01akn","id":"1wp8yr1y5v01akn"},"id":"fy5phrhxnofyow0","previousOperationId":"ts16ojh3ctgjhtf"}
{"type":"log","timestamp":1676044182471,"level":"debug","message":"PhantomJS printing done","meta":{"rootId":"1wp8yr1y5v01akn","id":"1wp8yr1y5v01akn"},"id":"jkkj6dd0wk45ush","previousOperationId":"ts16ojh3ctgjhtf"}
{"type":"log","timestamp":1676044182471,"level":"debug","message":"PhantomJS printing done","meta":{"rootId":"1wp8yr1y5v01akn","id":"1wp8yr1y5v01akn"},"id":"yflmg4731w9ihf8","previousOperationId":"ts16ojh3ctgjhtf"}
{"type":"log","timestamp":1676044182471,"level":"debug","message":"Request http://intruct-javascript-ending/","meta":{"rootId":"1wp8yr1y5v01akn","id":"1wp8yr1y5v01akn"},"id":"tfs6nnb7tbiqphf","previousOperationId":"ts16ojh3ctgjhtf"}
{"type":"log","timestamp":1676044182471,"level":"debug","message":"PhantomJS printing done","meta":{"rootId":"1wp8yr1y5v01akn","id":"1wp8yr1y5v01akn"},"id":"xqxv06s7ijyfzfo","previousOperationId":"ts16ojh3ctgjhtf"}
{"type":"log","timestamp":1676044182472,"level":"debug","message":"phantom-pdf recipe finished with 1 pages generated","meta":{"rootId":"1wp8yr1y5v01akn","id":"1wp8yr1y5v01akn"},"id":"3ojc8hpbnh4bqhr","previousOperationId":"ts16ojh3ctgjhtf"}
{"type":"operationEnd","operationId":"ts16ojh3ctgjhtf","timestamp":1676044182472,"id":"00gr2rszcqoirap","previousEventId":"5pso8xjaekucg41","previousOperationId":"ts16ojh3ctgjhtf"}
{"type":"log","timestamp":1676044182472,"level":"debug","message":"Skipping storing report.","meta":{"rootId":"1wp8yr1y5v01akn","id":"1wp8yr1y5v01akn"},"id":"jyze0ycxcl6ja04","previousOperationId":"ts16ojh3ctgjhtf"}
{"type":"log","timestamp":1676044182472,"level":"info","message":"Rendering request 40 finished in 3174 ms","meta":{"rootId":"1wp8yr1y5v01akn","id":"1wp8yr1y5v01akn"},"id":"zi1demg5a0kwp94","previousOperationId":"ts16ojh3ctgjhtf"}
{"type":"operationEnd","subtype":"render","operationId":"t77nnegt98curu0","timestamp":1676044182472,"id":"jcmu41ei9wl023t","previousEventId":"00gr2rszcqoirap","previousOperationId":"ts16ojh3ctgjhtf"}
{"type":"operationEnd","doDiffs":false,"previousEventId":"n2bxg5cgw1s23gi","previousOperationId":"j9pauq77f29ba5y","operationId":"j9pauq77f29ba5y","timestamp":1676044182498,"id":"0os7zxrheru9t2c"}
