{"type":"operationStart","subtype":"profile","data":{"_id":"THXioMyooD4EV7K0","timestamp":"2023-02-09T19:08:53.969Z","state":"queued","mode":"standard","creationDate":"2023-02-09T19:08:53.972Z","modificationDate":"2023-02-09T19:08:53.972Z","shortid":"t732jfF","$entitySet":"profiles"},"doDiffs":false,"timestamp":1675969733970,"id":"9aikbtelat5v2pw","previousOperationId":null,"operationId":"479ae0iwv19h0j4"}
{"type":"log","level":"info","message":"Render request 12 queued for execution and waiting for available worker","previousOperationId":"479ae0iwv19h0j4","timestamp":1675969733970,"id":"3hg1sc0b6uvgct8"}
{"type":"operationStart","subtype":"render","name":"chart","previousOperationId":"479ae0iwv19h0j4","timestamp":1675969733982,"id":"h2qk7ofzdef8pnf","previousEventId":"9aikbtelat5v2pw","operationId":"sdeh50fqkdagvyh"}
{"type":"log","timestamp":1675969733983,"level":"info","message":"Starting rendering request 12","meta":{"rootId":"27ffun1d194ebgy","id":"27ffun1d194ebgy"},"id":"yuqiuw7kzj6pqjh","previousOperationId":"sdeh50fqkdagvyh"}
{"type":"log","timestamp":1675969733984,"level":"info","message":"Rendering template { name: chart, recipe: phantom-pdf, engine: handlebars, preview: true }","meta":{"rootId":"27ffun1d194ebgy","id":"27ffun1d194ebgy"},"id":"qmzn3wpshkqf2wb","previousOperationId":"sdeh50fqkdagvyh"}
{"type":"log","timestamp":1675969733986,"level":"debug","message":"Inline data specified.","meta":{"rootId":"27ffun1d194ebgy","id":"27ffun1d194ebgy"},"id":"h75z6r9z5t3ak8m","previousOperationId":"sdeh50fqkdagvyh"}
{"type":"log","timestamp":1675969733991,"level":"debug","message":"Base url not specified, skipping its injection.","meta":{"rootId":"27ffun1d194ebgy","id":"27ffun1d194ebgy"},"id":"9khnu3lvbibwymr","previousOperationId":"sdeh50fqkdagvyh"}
{"type":"operationStart","subtype":"engine","name":"handlebars","timestamp":1675969733992,"id":"0z8ni5si697tghg","previousEventId":"h2qk7ofzdef8pnf","operationId":"9dgfqoubu2u7qo1","previousOperationId":"sdeh50fqkdagvyh"}
{"type":"log","timestamp":1675969733992,"level":"debug","message":"Rendering engine handlebars","meta":{"rootId":"27ffun1d194ebgy","id":"27ffun1d194ebgy"},"id":"dltx7db9qp924j5","previousOperationId":"9dgfqoubu2u7qo1"}
{"type":"operationEnd","operationId":"9dgfqoubu2u7qo1","timestamp":1675969734012,"id":"v4fvuncsug2tyi0","previousEventId":"0z8ni5si697tghg","previousOperationId":"9dgfqoubu2u7qo1"}
{"type":"operationStart","subtype":"recipe","name":"phantom-pdf","timestamp":1675969734012,"id":"lfw8wc2860f1ote","previousEventId":"v4fvuncsug2tyi0","operationId":"7xbtne92zogoieh","previousOperationId":"9dgfqoubu2u7qo1"}
{"type":"log","timestamp":1675969734013,"level":"debug","message":"Executing recipe phantom-pdf","meta":{"rootId":"27ffun1d194ebgy","id":"27ffun1d194ebgy"},"id":"wf3ph1w1shtsfig","previousOperationId":"7xbtne92zogoieh"}
{"type":"log","timestamp":1675969736790,"level":"debug","message":"Converting in dedicated phantomjs 1.9.8","meta":{"rootId":"27ffun1d194ebgy","id":"27ffun1d194ebgy"},"id":"n61ym2hzl5ypj4g","previousOperationId":"7xbtne92zogoieh"}
{"type":"log","timestamp":1675969736790,"level":"debug","message":"Request file:///C%3A%5CUsers%5Calegu%5CAppData%5CLocal%5CTemp%5C39f003e0-3139-4b1d-8125-f486be24fdddhtml.html","meta":{"rootId":"27ffun1d194ebgy","id":"27ffun1d194ebgy"},"id":"ajemuhrqdvqbe82","previousOperationId":"7xbtne92zogoieh"}
{"type":"log","timestamp":1675969736790,"level":"debug","message":"Request https://cdnjs.cloudflare.com/ajax/libs/Chart.js/2.1.6/Chart.min.js","meta":{"rootId":"27ffun1d194ebgy","id":"27ffun1d194ebgy"},"id":"5jfq4prjnjohx5j","previousOperationId":"7xbtne92zogoieh"}
{"type":"log","timestamp":1675969736790,"level":"debug","message":"PhantomJS printing done","meta":{"rootId":"27ffun1d194ebgy","id":"27ffun1d194ebgy"},"id":"8jzcr3dxjxugnto","previousOperationId":"7xbtne92zogoieh"}
{"type":"log","timestamp":1675969736790,"level":"debug","message":"PhantomJS printing done","meta":{"rootId":"27ffun1d194ebgy","id":"27ffun1d194ebgy"},"id":"53muz31fo6ndg0b","previousOperationId":"7xbtne92zogoieh"}
{"type":"log","timestamp":1675969736790,"level":"debug","message":"PhantomJS printing done","meta":{"rootId":"27ffun1d194ebgy","id":"27ffun1d194ebgy"},"id":"yis20vflvc2tccu","previousOperationId":"7xbtne92zogoieh"}
{"type":"log","timestamp":1675969736790,"level":"debug","message":"PhantomJS printing done","meta":{"rootId":"27ffun1d194ebgy","id":"27ffun1d194ebgy"},"id":"v0ni14daqy81zw9","previousOperationId":"7xbtne92zogoieh"}
{"type":"log","timestamp":1675969736790,"level":"debug","message":"PhantomJS printing done","meta":{"rootId":"27ffun1d194ebgy","id":"27ffun1d194ebgy"},"id":"f6uwxtcuu3el7sl","previousOperationId":"7xbtne92zogoieh"}
{"type":"log","timestamp":1675969736790,"level":"debug","message":"PhantomJS printing done","meta":{"rootId":"27ffun1d194ebgy","id":"27ffun1d194ebgy"},"id":"tybofu2vcn5g3b5","previousOperationId":"7xbtne92zogoieh"}
{"type":"log","timestamp":1675969736790,"level":"debug","message":"PhantomJS printing done","meta":{"rootId":"27ffun1d194ebgy","id":"27ffun1d194ebgy"},"id":"bj7x1234je4thvd","previousOperationId":"7xbtne92zogoieh"}
{"type":"log","timestamp":1675969736790,"level":"debug","message":"PhantomJS printing done","meta":{"rootId":"27ffun1d194ebgy","id":"27ffun1d194ebgy"},"id":"1e1eawq66ayvybh","previousOperationId":"7xbtne92zogoieh"}
{"type":"log","timestamp":1675969736790,"level":"debug","message":"PhantomJS printing done","meta":{"rootId":"27ffun1d194ebgy","id":"27ffun1d194ebgy"},"id":"dyw3x2skdh32bd2","previousOperationId":"7xbtne92zogoieh"}
{"type":"log","timestamp":1675969736790,"level":"debug","message":"Request http://intruct-javascript-ending/","meta":{"rootId":"27ffun1d194ebgy","id":"27ffun1d194ebgy"},"id":"lokxfipfnsdpfd1","previousOperationId":"7xbtne92zogoieh"}
{"type":"log","timestamp":1675969736790,"level":"debug","message":"PhantomJS printing done","meta":{"rootId":"27ffun1d194ebgy","id":"27ffun1d194ebgy"},"id":"o32dbm8v4aeyir2","previousOperationId":"7xbtne92zogoieh"}
{"type":"log","timestamp":1675969736792,"level":"debug","message":"phantom-pdf recipe finished with 1 pages generated","meta":{"rootId":"27ffun1d194ebgy","id":"27ffun1d194ebgy"},"id":"rw8gz8kizchkafy","previousOperationId":"7xbtne92zogoieh"}
{"type":"operationEnd","operationId":"7xbtne92zogoieh","timestamp":1675969736792,"id":"lajw89c9rv7hv6q","previousEventId":"lfw8wc2860f1ote","previousOperationId":"7xbtne92zogoieh"}
{"type":"log","timestamp":1675969736793,"level":"debug","message":"Skipping storing report.","meta":{"rootId":"27ffun1d194ebgy","id":"27ffun1d194ebgy"},"id":"2a3n58rccar46rz","previousOperationId":"7xbtne92zogoieh"}
{"type":"log","timestamp":1675969736793,"level":"info","message":"Rendering request 12 finished in 2824 ms","meta":{"rootId":"27ffun1d194ebgy","id":"27ffun1d194ebgy"},"id":"clxeufhqfnvo99p","previousOperationId":"7xbtne92zogoieh"}
{"type":"operationEnd","subtype":"render","operationId":"sdeh50fqkdagvyh","timestamp":1675969736793,"id":"yg695ckzq8v2oa6","previousEventId":"lajw89c9rv7hv6q","previousOperationId":"7xbtne92zogoieh"}
{"type":"operationEnd","doDiffs":false,"previousEventId":"9aikbtelat5v2pw","previousOperationId":"479ae0iwv19h0j4","operationId":"479ae0iwv19h0j4","timestamp":1675969736819,"id":"22rpo6r63e1joxb"}
