{"type":"operationStart","subtype":"profile","data":{"_id":"5k9A3bGzp0LRVwoM","timestamp":"2023-02-09T20:34:21.386Z","state":"queued","mode":"standard","creationDate":"2023-02-09T20:34:21.388Z","modificationDate":"2023-02-09T20:34:21.388Z","shortid":"Ns-yVT4","$entitySet":"profiles"},"doDiffs":false,"timestamp":1675974861387,"id":"i2mz5755p65xx4k","previousOperationId":null,"operationId":"uws56qwon90jgi3"}
{"type":"log","level":"info","message":"Render request 87 queued for execution and waiting for available worker","previousOperationId":"uws56qwon90jgi3","timestamp":1675974861387,"id":"2wwvwxqndva3s7d"}
{"type":"operationStart","subtype":"render","name":"chart","previousOperationId":"uws56qwon90jgi3","timestamp":1675974861399,"id":"fixqodz20kr1a5n","previousEventId":"i2mz5755p65xx4k","operationId":"mwn9k3trq075v9v"}
{"type":"log","timestamp":1675974861400,"level":"info","message":"Starting rendering request 87","meta":{"rootId":"28swhjvrqbj5mrj","id":"28swhjvrqbj5mrj"},"id":"rxwh23raju0nyc0","previousOperationId":"mwn9k3trq075v9v"}
{"type":"log","timestamp":1675974861400,"level":"info","message":"Rendering template { name: chart, recipe: phantom-pdf, engine: handlebars, preview: true }","meta":{"rootId":"28swhjvrqbj5mrj","id":"28swhjvrqbj5mrj"},"id":"2o6ikxd9mtjj2sy","previousOperationId":"mwn9k3trq075v9v"}
{"type":"log","timestamp":1675974861402,"level":"debug","message":"Inline data specified.","meta":{"rootId":"28swhjvrqbj5mrj","id":"28swhjvrqbj5mrj"},"id":"zugbld9dcgielsu","previousOperationId":"mwn9k3trq075v9v"}
{"type":"log","timestamp":1675974861414,"level":"debug","message":"Base url not specified, skipping its injection.","meta":{"rootId":"28swhjvrqbj5mrj","id":"28swhjvrqbj5mrj"},"id":"eb7bna691c5j99c","previousOperationId":"mwn9k3trq075v9v"}
{"type":"operationStart","subtype":"engine","name":"handlebars","timestamp":1675974861415,"id":"jyui7wx92iuo545","previousEventId":"fixqodz20kr1a5n","operationId":"uhaj5q42g83c4qp","previousOperationId":"mwn9k3trq075v9v"}
{"type":"log","timestamp":1675974861415,"level":"debug","message":"Rendering engine handlebars","meta":{"rootId":"28swhjvrqbj5mrj","id":"28swhjvrqbj5mrj"},"id":"s3jhst2kcxsfchl","previousOperationId":"uhaj5q42g83c4qp"}
{"type":"log","timestamp":1675974861434,"level":"debug","message":"(console:log) [ 50, 6 ]","meta":{"userLevel":true,"rootId":"28swhjvrqbj5mrj","id":"28swhjvrqbj5mrj"},"id":"3gp5d6u4eied1jr","previousOperationId":"uhaj5q42g83c4qp"}
{"type":"operationEnd","operationId":"uhaj5q42g83c4qp","timestamp":1675974861434,"id":"u3hr1xas8qiy655","previousEventId":"jyui7wx92iuo545","previousOperationId":"uhaj5q42g83c4qp"}
{"type":"operationStart","subtype":"recipe","name":"phantom-pdf","timestamp":1675974861434,"id":"xc1tx20wakix2z4","previousEventId":"u3hr1xas8qiy655","operationId":"zd013o89y3g3enh","previousOperationId":"uhaj5q42g83c4qp"}
{"type":"log","timestamp":1675974861434,"level":"debug","message":"Executing recipe phantom-pdf","meta":{"rootId":"28swhjvrqbj5mrj","id":"28swhjvrqbj5mrj"},"id":"nu0hc0377og1up4","previousOperationId":"zd013o89y3g3enh"}
{"type":"log","timestamp":1675974864282,"level":"debug","message":"Converting in dedicated phantomjs 1.9.8","meta":{"rootId":"28swhjvrqbj5mrj","id":"28swhjvrqbj5mrj"},"id":"8fcx273b23m3wzq","previousOperationId":"zd013o89y3g3enh"}
{"type":"log","timestamp":1675974864282,"level":"debug","message":"Request file:///C%3A%5CUsers%5Calegu%5CAppData%5CLocal%5CTemp%5C2a9fedab-13dd-4b65-884b-75e5a15edc97html.html","meta":{"rootId":"28swhjvrqbj5mrj","id":"28swhjvrqbj5mrj"},"id":"3t9p4zw0a908ax3","previousOperationId":"zd013o89y3g3enh"}
{"type":"log","timestamp":1675974864283,"level":"debug","message":"Request https://cdnjs.cloudflare.com/ajax/libs/Chart.js/2.1.6/Chart.min.js","meta":{"rootId":"28swhjvrqbj5mrj","id":"28swhjvrqbj5mrj"},"id":"6eg60uffmrx8yg4","previousOperationId":"zd013o89y3g3enh"}
{"type":"log","timestamp":1675974864283,"level":"debug","message":"PhantomJS printing done","meta":{"rootId":"28swhjvrqbj5mrj","id":"28swhjvrqbj5mrj"},"id":"gszpdgphpliumn1","previousOperationId":"zd013o89y3g3enh"}
{"type":"log","timestamp":1675974864283,"level":"debug","message":"PhantomJS printing done","meta":{"rootId":"28swhjvrqbj5mrj","id":"28swhjvrqbj5mrj"},"id":"cc8t9hbnnus1u26","previousOperationId":"zd013o89y3g3enh"}
{"type":"log","timestamp":1675974864283,"level":"debug","message":"PhantomJS printing done","meta":{"rootId":"28swhjvrqbj5mrj","id":"28swhjvrqbj5mrj"},"id":"nmeq5o5f6k1fzlw","previousOperationId":"zd013o89y3g3enh"}
{"type":"log","timestamp":1675974864283,"level":"debug","message":"PhantomJS printing done","meta":{"rootId":"28swhjvrqbj5mrj","id":"28swhjvrqbj5mrj"},"id":"45v7ur4eb0jdz3t","previousOperationId":"zd013o89y3g3enh"}
{"type":"log","timestamp":1675974864283,"level":"debug","message":"PhantomJS printing done","meta":{"rootId":"28swhjvrqbj5mrj","id":"28swhjvrqbj5mrj"},"id":"zrv8894pdtprbq2","previousOperationId":"zd013o89y3g3enh"}
{"type":"log","timestamp":1675974864283,"level":"debug","message":"PhantomJS printing done","meta":{"rootId":"28swhjvrqbj5mrj","id":"28swhjvrqbj5mrj"},"id":"0dx8l2aa6xhajo6","previousOperationId":"zd013o89y3g3enh"}
{"type":"log","timestamp":1675974864283,"level":"debug","message":"PhantomJS printing done","meta":{"rootId":"28swhjvrqbj5mrj","id":"28swhjvrqbj5mrj"},"id":"rlhcf5wolh5seys","previousOperationId":"zd013o89y3g3enh"}
{"type":"log","timestamp":1675974864283,"level":"debug","message":"PhantomJS printing done","meta":{"rootId":"28swhjvrqbj5mrj","id":"28swhjvrqbj5mrj"},"id":"no8k9ees92ua5im","previousOperationId":"zd013o89y3g3enh"}
{"type":"log","timestamp":1675974864283,"level":"debug","message":"PhantomJS printing done","meta":{"rootId":"28swhjvrqbj5mrj","id":"28swhjvrqbj5mrj"},"id":"362lwmd1zxnieca","previousOperationId":"zd013o89y3g3enh"}
{"type":"log","timestamp":1675974864283,"level":"debug","message":"Request http://intruct-javascript-ending/","meta":{"rootId":"28swhjvrqbj5mrj","id":"28swhjvrqbj5mrj"},"id":"8y1v85ua569n5wa","previousOperationId":"zd013o89y3g3enh"}
{"type":"log","timestamp":1675974864283,"level":"debug","message":"PhantomJS printing done","meta":{"rootId":"28swhjvrqbj5mrj","id":"28swhjvrqbj5mrj"},"id":"n4ccpidokyr2s0s","previousOperationId":"zd013o89y3g3enh"}
{"type":"log","timestamp":1675974864284,"level":"debug","message":"phantom-pdf recipe finished with 1 pages generated","meta":{"rootId":"28swhjvrqbj5mrj","id":"28swhjvrqbj5mrj"},"id":"nzkq0adbs66ez3b","previousOperationId":"zd013o89y3g3enh"}
{"type":"operationEnd","operationId":"zd013o89y3g3enh","timestamp":1675974864284,"id":"4h70sosxfc04qo0","previousEventId":"xc1tx20wakix2z4","previousOperationId":"zd013o89y3g3enh"}
{"type":"log","timestamp":1675974864284,"level":"debug","message":"Skipping storing report.","meta":{"rootId":"28swhjvrqbj5mrj","id":"28swhjvrqbj5mrj"},"id":"8p5ehmw6hg5dsb8","previousOperationId":"zd013o89y3g3enh"}
{"type":"log","timestamp":1675974864284,"level":"info","message":"Rendering request 87 finished in 2899 ms","meta":{"rootId":"28swhjvrqbj5mrj","id":"28swhjvrqbj5mrj"},"id":"jix0zpr2u7lb96z","previousOperationId":"zd013o89y3g3enh"}
{"type":"operationEnd","subtype":"render","operationId":"mwn9k3trq075v9v","timestamp":1675974864285,"id":"jjjbjwzxlujn1yf","previousEventId":"4h70sosxfc04qo0","previousOperationId":"zd013o89y3g3enh"}
{"type":"operationEnd","doDiffs":false,"previousEventId":"i2mz5755p65xx4k","previousOperationId":"uws56qwon90jgi3","operationId":"uws56qwon90jgi3","timestamp":1675974864307,"id":"s8d4nr7ob7nbr14"}
