{"type":"operationStart","subtype":"profile","data":{"_id":"HPfugFH3WRY1PSGg","timestamp":"2023-02-10T15:34:26.676Z","state":"queued","mode":"standard","creationDate":"2023-02-10T15:34:26.678Z","modificationDate":"2023-02-10T15:34:26.678Z","shortid":"f3GmgVh","$entitySet":"profiles"},"doDiffs":false,"timestamp":1676043266677,"id":"6k5k8oyrawdr2vw","previousOperationId":null,"operationId":"heq9c0au5j73pu4"}
{"type":"log","level":"info","message":"Render request 21 queued for execution and waiting for available worker","previousOperationId":"heq9c0au5j73pu4","timestamp":1676043266677,"id":"znsdguiauuj3y0v"}
{"type":"operationStart","subtype":"render","name":"chart","previousOperationId":"heq9c0au5j73pu4","timestamp":1676043266698,"id":"9zqitpx3hobt2a1","previousEventId":"6k5k8oyrawdr2vw","operationId":"wohuiorjnsefzsq"}
{"type":"log","timestamp":1676043266701,"level":"info","message":"Starting rendering request 21","meta":{"rootId":"2i03xxaqu9x17f4","id":"2i03xxaqu9x17f4"},"id":"rsq8sghf485vd2i","previousOperationId":"wohuiorjnsefzsq"}
{"type":"log","timestamp":1676043266704,"level":"info","message":"Rendering template { name: chart, recipe: phantom-pdf, engine: handlebars, preview: true }","meta":{"rootId":"2i03xxaqu9x17f4","id":"2i03xxaqu9x17f4"},"id":"r5ibx8t3zbm907t","previousOperationId":"wohuiorjnsefzsq"}
{"type":"log","timestamp":1676043266708,"level":"debug","message":"Data item not defined for this template.","meta":{"rootId":"2i03xxaqu9x17f4","id":"2i03xxaqu9x17f4"},"id":"juo1p5t9bwiif7h","previousOperationId":"wohuiorjnsefzsq"}
{"type":"log","timestamp":1676043266715,"level":"debug","message":"Executing script chartscript (beforeRender)","meta":{"rootId":"2i03xxaqu9x17f4","id":"2i03xxaqu9x17f4"},"id":"lgw73gqw2pcro0f","previousOperationId":"wohuiorjnsefzsq"}
{"type":"operationStart","subtype":"scriptsBeforeRender","name":"scripts beforeRender","timestamp":1676043267073,"id":"su7sbp6epvsnspy","previousEventId":"9zqitpx3hobt2a1","operationId":"mr7l0rfpu3gdpuz","previousOperationId":"wohuiorjnsefzsq"}
{"type":"operationStart","subtype":"script","name":"scripts chartscript","previousOperationId":"mr7l0rfpu3gdpuz","timestamp":1676043267073,"id":"vy4het28c5d83eq","previousEventId":"su7sbp6epvsnspy","operationId":"0h8tcrdmoeajb9i"}
{"type":"operationEnd","operationId":"0h8tcrdmoeajb9i","timestamp":1676043267323,"id":"xhr3fzt51pj5pcj","previousEventId":"9zqitpx3hobt2a1","previousOperationId":"wohuiorjnsefzsq"}
{"type":"operationEnd","operationId":"mr7l0rfpu3gdpuz","timestamp":1676043267323,"id":"xgifu8o8fhcrjvb","previousEventId":"xhr3fzt51pj5pcj","previousOperationId":"wohuiorjnsefzsq"}
{"type":"log","timestamp":1676043267324,"level":"debug","message":"Base url not specified, skipping its injection.","meta":{"rootId":"2i03xxaqu9x17f4","id":"2i03xxaqu9x17f4"},"id":"00ivev90wnh223w","previousOperationId":"mr7l0rfpu3gdpuz"}
{"type":"operationStart","subtype":"engine","name":"handlebars","timestamp":1676043267324,"id":"9os686j4wkx2jb6","previousEventId":"xgifu8o8fhcrjvb","operationId":"x7e9jdn1c741i8b","previousOperationId":"mr7l0rfpu3gdpuz"}
{"type":"log","timestamp":1676043267324,"level":"debug","message":"Rendering engine handlebars","meta":{"rootId":"2i03xxaqu9x17f4","id":"2i03xxaqu9x17f4"},"id":"rc5kxza94fe5sni","previousOperationId":"x7e9jdn1c741i8b"}
{"type":"log","timestamp":1676043267656,"level":"debug","message":"(console:log) { '0': 50, '1': 2 }","meta":{"userLevel":true,"rootId":"2i03xxaqu9x17f4","id":"2i03xxaqu9x17f4"},"id":"xrydvnv5zunjzr7","previousOperationId":"x7e9jdn1c741i8b"}
{"type":"log","timestamp":1676043267657,"level":"debug","message":"(console:log) {\"0\":50,\"1\":2}","meta":{"userLevel":true,"rootId":"2i03xxaqu9x17f4","id":"2i03xxaqu9x17f4"},"id":"xxog6lg0wh9fp51","previousOperationId":"x7e9jdn1c741i8b"}
{"type":"operationEnd","operationId":"x7e9jdn1c741i8b","timestamp":1676043267657,"id":"agylz7e05f6hbj9","previousEventId":"9os686j4wkx2jb6","previousOperationId":"x7e9jdn1c741i8b"}
{"type":"operationStart","subtype":"recipe","name":"phantom-pdf","timestamp":1676043267658,"id":"pj75ze8rj49erd9","previousEventId":"agylz7e05f6hbj9","operationId":"ojxd2c7yjv2b9ye","previousOperationId":"x7e9jdn1c741i8b"}
{"type":"log","timestamp":1676043267658,"level":"debug","message":"Executing recipe phantom-pdf","meta":{"rootId":"2i03xxaqu9x17f4","id":"2i03xxaqu9x17f4"},"id":"dknfaovl22os2sx","previousOperationId":"ojxd2c7yjv2b9ye"}
{"type":"log","timestamp":1676043326698,"level":"error","message":"Error when processing render request 21\n(because) timeout when executing in phantom\nError: Timeout when executing in phantom\n    at Timeout._onTimeout (D:\\xampp\\htdocs\\central_uniformes\\Informes\\node_modules\\phantom-html-to-pdf\\lib\\dedicatedProcessStrategy.js:89:26)\n    at listOnTimeout (node:internal/timers:559:17)\n    at processTimers (node:internal/timers:502:7)","meta":{"rootId":"2i03xxaqu9x17f4","id":"2i03xxaqu9x17f4"},"id":"ytyxr93q8qar00z","previousOperationId":"ojxd2c7yjv2b9ye"}
{"type":"log","timestamp":1676043326698,"level":"error","message":"Rendering request 21 finished with error in 60023 ms","meta":{"rootId":"2i03xxaqu9x17f4","id":"2i03xxaqu9x17f4"},"id":"65w4c4qeiw4r6l2","previousOperationId":"ojxd2c7yjv2b9ye"}
{"type":"error","timestamp":1676043326710,"phantomTimeout":true,"logged":true,"previousOperationId":"ojxd2c7yjv2b9ye","id":"evn550p64ttxp4x","stack":"Error: Timeout when executing in phantom\n    at Timeout._onTimeout (D:\\xampp\\htdocs\\central_uniformes\\Informes\\node_modules\\phantom-html-to-pdf\\lib\\dedicatedProcessStrategy.js:89:26)\n    at listOnTimeout (node:internal/timers:559:17)\n    at processTimers (node:internal/timers:502:7)","message":"Timeout when executing in phantom"}
