{"type":"operationStart","subtype":"profile","data":{"_id":"YmUesFFTk08CvoeM","timestamp":"2023-02-09T19:06:59.480Z","state":"queued","mode":"standard","creationDate":"2023-02-09T19:06:59.482Z","modificationDate":"2023-02-09T19:06:59.482Z","shortid":"gf9f8_W","$entitySet":"profiles"},"doDiffs":false,"timestamp":1675969619481,"id":"o8sxqik6wza1tvg","previousOperationId":null,"operationId":"6m3n72f8njlbgr3"}
{"type":"log","level":"info","message":"Render request 7 queued for execution and waiting for available worker","previousOperationId":"6m3n72f8njlbgr3","timestamp":1675969619481,"id":"rb5zd4xzyuootze"}
{"type":"operationStart","subtype":"render","name":"chart","previousOperationId":"6m3n72f8njlbgr3","timestamp":1675969619496,"id":"ch5wa47u3pqude4","previousEventId":"o8sxqik6wza1tvg","operationId":"5lzkh18u4k0fa4e"}
{"type":"log","timestamp":1675969619496,"level":"info","message":"Starting rendering request 7","meta":{"rootId":"45egn86odjjfjtk","id":"45egn86odjjfjtk"},"id":"mdvnppba8rlm6vb","previousOperationId":"5lzkh18u4k0fa4e"}
{"type":"log","timestamp":1675969619496,"level":"info","message":"Rendering template { name: chart, recipe: phantom-pdf, engine: handlebars, preview: true }","meta":{"rootId":"45egn86odjjfjtk","id":"45egn86odjjfjtk"},"id":"qz00iefox3to1dw","previousOperationId":"5lzkh18u4k0fa4e"}
{"type":"log","timestamp":1675969619499,"level":"debug","message":"Inline data specified.","meta":{"rootId":"45egn86odjjfjtk","id":"45egn86odjjfjtk"},"id":"zhzu0ep0ci7u0tr","previousOperationId":"5lzkh18u4k0fa4e"}
{"type":"log","timestamp":1675969619505,"level":"debug","message":"Base url not specified, skipping its injection.","meta":{"rootId":"45egn86odjjfjtk","id":"45egn86odjjfjtk"},"id":"xqxmg1ezuragokk","previousOperationId":"5lzkh18u4k0fa4e"}
{"type":"operationStart","subtype":"engine","name":"handlebars","timestamp":1675969619506,"id":"dy14iw3yi4lros3","previousEventId":"ch5wa47u3pqude4","operationId":"sc17cdl7rk82g4j","previousOperationId":"5lzkh18u4k0fa4e"}
{"type":"log","timestamp":1675969619506,"level":"debug","message":"Rendering engine handlebars","meta":{"rootId":"45egn86odjjfjtk","id":"45egn86odjjfjtk"},"id":"vvzt1ufbyl838to","previousOperationId":"sc17cdl7rk82g4j"}
{"type":"operationEnd","operationId":"sc17cdl7rk82g4j","timestamp":1675969619527,"id":"l5t7wjlxx06va2o","previousEventId":"dy14iw3yi4lros3","previousOperationId":"sc17cdl7rk82g4j"}
{"type":"operationStart","subtype":"recipe","name":"phantom-pdf","timestamp":1675969619527,"id":"ub899rg83wzlrrd","previousEventId":"l5t7wjlxx06va2o","operationId":"a7bmzs7pgtxjkb0","previousOperationId":"sc17cdl7rk82g4j"}
{"type":"log","timestamp":1675969619527,"level":"debug","message":"Executing recipe phantom-pdf","meta":{"rootId":"45egn86odjjfjtk","id":"45egn86odjjfjtk"},"id":"gjf9vumabo629l9","previousOperationId":"a7bmzs7pgtxjkb0"}
{"type":"log","timestamp":1675969622330,"level":"debug","message":"Converting in dedicated phantomjs 1.9.8","meta":{"rootId":"45egn86odjjfjtk","id":"45egn86odjjfjtk"},"id":"fz6fwnd7zwa94ia","previousOperationId":"a7bmzs7pgtxjkb0"}
{"type":"log","timestamp":1675969622330,"level":"debug","message":"Request file:///C%3A%5CUsers%5Calegu%5CAppData%5CLocal%5CTemp%5Ca9b5c89c-c382-4f96-a486-5cb75010d9ffhtml.html","meta":{"rootId":"45egn86odjjfjtk","id":"45egn86odjjfjtk"},"id":"zy7ual8yzr05i5y","previousOperationId":"a7bmzs7pgtxjkb0"}
{"type":"log","timestamp":1675969622330,"level":"debug","message":"Request https://cdnjs.cloudflare.com/ajax/libs/Chart.js/2.1.6/Chart.min.js","meta":{"rootId":"45egn86odjjfjtk","id":"45egn86odjjfjtk"},"id":"gbdbbxchv9rb9yh","previousOperationId":"a7bmzs7pgtxjkb0"}
{"type":"log","timestamp":1675969622330,"level":"debug","message":"PhantomJS printing done","meta":{"rootId":"45egn86odjjfjtk","id":"45egn86odjjfjtk"},"id":"rhh3thuzpo2z3gr","previousOperationId":"a7bmzs7pgtxjkb0"}
{"type":"log","timestamp":1675969622330,"level":"debug","message":"PhantomJS printing done","meta":{"rootId":"45egn86odjjfjtk","id":"45egn86odjjfjtk"},"id":"6s6wlvvfoyx37i8","previousOperationId":"a7bmzs7pgtxjkb0"}
{"type":"log","timestamp":1675969622330,"level":"debug","message":"PhantomJS printing done","meta":{"rootId":"45egn86odjjfjtk","id":"45egn86odjjfjtk"},"id":"is2q10sv33dyj24","previousOperationId":"a7bmzs7pgtxjkb0"}
{"type":"log","timestamp":1675969622330,"level":"debug","message":"PhantomJS printing done","meta":{"rootId":"45egn86odjjfjtk","id":"45egn86odjjfjtk"},"id":"tlzq4x1doep84ow","previousOperationId":"a7bmzs7pgtxjkb0"}
{"type":"log","timestamp":1675969622330,"level":"debug","message":"PhantomJS printing done","meta":{"rootId":"45egn86odjjfjtk","id":"45egn86odjjfjtk"},"id":"6k6zlx404z0o4rj","previousOperationId":"a7bmzs7pgtxjkb0"}
{"type":"log","timestamp":1675969622330,"level":"debug","message":"PhantomJS printing done","meta":{"rootId":"45egn86odjjfjtk","id":"45egn86odjjfjtk"},"id":"ey9ryqfxekwlk9j","previousOperationId":"a7bmzs7pgtxjkb0"}
{"type":"log","timestamp":1675969622330,"level":"debug","message":"PhantomJS printing done","meta":{"rootId":"45egn86odjjfjtk","id":"45egn86odjjfjtk"},"id":"zzlblbghqm9otdo","previousOperationId":"a7bmzs7pgtxjkb0"}
{"type":"log","timestamp":1675969622330,"level":"debug","message":"PhantomJS printing done","meta":{"rootId":"45egn86odjjfjtk","id":"45egn86odjjfjtk"},"id":"g7ebmlylsotcfo4","previousOperationId":"a7bmzs7pgtxjkb0"}
{"type":"log","timestamp":1675969622330,"level":"debug","message":"PhantomJS printing done","meta":{"rootId":"45egn86odjjfjtk","id":"45egn86odjjfjtk"},"id":"1jz338rrl2th2p1","previousOperationId":"a7bmzs7pgtxjkb0"}
{"type":"log","timestamp":1675969622330,"level":"debug","message":"PhantomJS printing done","meta":{"rootId":"45egn86odjjfjtk","id":"45egn86odjjfjtk"},"id":"75a5ats9fdxkh9r","previousOperationId":"a7bmzs7pgtxjkb0"}
{"type":"log","timestamp":1675969622330,"level":"debug","message":"Request http://intruct-javascript-ending/","meta":{"rootId":"45egn86odjjfjtk","id":"45egn86odjjfjtk"},"id":"2c1meen5vhs6o36","previousOperationId":"a7bmzs7pgtxjkb0"}
{"type":"log","timestamp":1675969622330,"level":"debug","message":"PhantomJS printing done","meta":{"rootId":"45egn86odjjfjtk","id":"45egn86odjjfjtk"},"id":"a892fnkbwvlc9tj","previousOperationId":"a7bmzs7pgtxjkb0"}
{"type":"log","timestamp":1675969622331,"level":"debug","message":"phantom-pdf recipe finished with 1 pages generated","meta":{"rootId":"45egn86odjjfjtk","id":"45egn86odjjfjtk"},"id":"8ksicz9dsi5yf4u","previousOperationId":"a7bmzs7pgtxjkb0"}
{"type":"operationEnd","operationId":"a7bmzs7pgtxjkb0","timestamp":1675969622331,"id":"ti4hvtsf6d0wcja","previousEventId":"ub899rg83wzlrrd","previousOperationId":"a7bmzs7pgtxjkb0"}
{"type":"log","timestamp":1675969622331,"level":"debug","message":"Skipping storing report.","meta":{"rootId":"45egn86odjjfjtk","id":"45egn86odjjfjtk"},"id":"1vyg71c6fq9jkeu","previousOperationId":"a7bmzs7pgtxjkb0"}
{"type":"log","timestamp":1675969622331,"level":"info","message":"Rendering request 7 finished in 2852 ms","meta":{"rootId":"45egn86odjjfjtk","id":"45egn86odjjfjtk"},"id":"mqmdyed7nmhxv2e","previousOperationId":"a7bmzs7pgtxjkb0"}
{"type":"operationEnd","subtype":"render","operationId":"5lzkh18u4k0fa4e","timestamp":1675969622331,"id":"ve9f1wmto13yvgx","previousEventId":"ti4hvtsf6d0wcja","previousOperationId":"a7bmzs7pgtxjkb0"}
{"type":"operationEnd","doDiffs":false,"previousEventId":"o8sxqik6wza1tvg","previousOperationId":"6m3n72f8njlbgr3","operationId":"6m3n72f8njlbgr3","timestamp":1675969622358,"id":"253wu1jmfdgkkt6"}
