{"type":"operationStart","subtype":"profile","data":{"_id":"vmaCShwJFvX09mWV","timestamp":"2023-02-09T20:21:07.654Z","state":"queued","mode":"standard","creationDate":"2023-02-09T20:21:07.657Z","modificationDate":"2023-02-09T20:21:07.657Z","shortid":"VSXpzP3","$entitySet":"profiles"},"doDiffs":false,"timestamp":1675974067656,"id":"d0ugjgbylkpyx3c","previousOperationId":null,"operationId":"fhlh3mieowq0n3w"}
{"type":"log","level":"info","message":"Render request 66 queued for execution and waiting for available worker","previousOperationId":"fhlh3mieowq0n3w","timestamp":1675974067656,"id":"qw64mq82ktwv0i7"}
{"type":"operationStart","subtype":"render","name":"chart","previousOperationId":"fhlh3mieowq0n3w","timestamp":1675974067675,"id":"vy8gi49hglgug8o","previousEventId":"d0ugjgbylkpyx3c","operationId":"9l9cqq1m1cquerk"}
{"type":"log","timestamp":1675974067676,"level":"info","message":"Starting rendering request 66","meta":{"rootId":"497vfw0l437yk30","id":"497vfw0l437yk30"},"id":"m4inqpvact06ezt","previousOperationId":"9l9cqq1m1cquerk"}
{"type":"log","timestamp":1675974067678,"level":"info","message":"Rendering template { name: chart, recipe: phantom-pdf, engine: handlebars, preview: true }","meta":{"rootId":"497vfw0l437yk30","id":"497vfw0l437yk30"},"id":"p0bvqpiyy27g888","previousOperationId":"9l9cqq1m1cquerk"}
{"type":"log","timestamp":1675974067681,"level":"debug","message":"Data item not defined for this template.","meta":{"rootId":"497vfw0l437yk30","id":"497vfw0l437yk30"},"id":"vbhhp6mftrxuxl0","previousOperationId":"9l9cqq1m1cquerk"}
{"type":"log","timestamp":1675974067688,"level":"debug","message":"Executing script chartscript (beforeRender)","meta":{"rootId":"497vfw0l437yk30","id":"497vfw0l437yk30"},"id":"kge1woyo83urbiq","previousOperationId":"9l9cqq1m1cquerk"}
{"type":"operationStart","subtype":"scriptsBeforeRender","name":"scripts beforeRender","timestamp":1675974068018,"id":"urft73rbxyi7c6q","previousEventId":"vy8gi49hglgug8o","operationId":"rb5ul9yctscvgty","previousOperationId":"9l9cqq1m1cquerk"}
{"type":"operationStart","subtype":"script","name":"scripts chartscript","previousOperationId":"rb5ul9yctscvgty","timestamp":1675974068018,"id":"1osnx4szj6jhgur","previousEventId":"urft73rbxyi7c6q","operationId":"htnr5yi8qkhmq5j"}
{"type":"log","timestamp":1675974068236,"level":"debug","message":"(console:log) { A: [ 50, 6 ] }","meta":{"userLevel":true,"rootId":"497vfw0l437yk30","id":"497vfw0l437yk30"},"id":"br0ns4kbtr1fa15","previousOperationId":"htnr5yi8qkhmq5j"}
{"type":"log","timestamp":1675974068236,"level":"debug","message":"(console:log) { A: [ 50, 6 ] }","meta":{"userLevel":true,"rootId":"497vfw0l437yk30","id":"497vfw0l437yk30"},"id":"2hnlibwoxgvpckz","previousOperationId":"htnr5yi8qkhmq5j"}
{"type":"operationEnd","operationId":"htnr5yi8qkhmq5j","timestamp":1675974068237,"id":"d0o0i0iqgns63hb","previousEventId":"vy8gi49hglgug8o","previousOperationId":"9l9cqq1m1cquerk"}
{"type":"operationEnd","operationId":"rb5ul9yctscvgty","timestamp":1675974068237,"id":"v0lp8hug66fs6i1","previousEventId":"d0o0i0iqgns63hb","previousOperationId":"9l9cqq1m1cquerk"}
{"type":"log","timestamp":1675974068237,"level":"debug","message":"Base url not specified, skipping its injection.","meta":{"rootId":"497vfw0l437yk30","id":"497vfw0l437yk30"},"id":"6sqrteaf8u4po3p","previousOperationId":"rb5ul9yctscvgty"}
{"type":"operationStart","subtype":"engine","name":"handlebars","timestamp":1675974068238,"id":"m640kqtc5n3uvk0","previousEventId":"v0lp8hug66fs6i1","operationId":"qf156myjhkl79ut","previousOperationId":"rb5ul9yctscvgty"}
{"type":"log","timestamp":1675974068238,"level":"debug","message":"Rendering engine handlebars","meta":{"rootId":"497vfw0l437yk30","id":"497vfw0l437yk30"},"id":"wyumhesnscmdbt4","previousOperationId":"qf156myjhkl79ut"}
{"type":"log","timestamp":1675974068557,"level":"debug","message":"(console:log) data[object Object]","meta":{"userLevel":true,"rootId":"497vfw0l437yk30","id":"497vfw0l437yk30"},"id":"381bej12ai7j984","previousOperationId":"qf156myjhkl79ut"}
{"type":"operationEnd","operationId":"qf156myjhkl79ut","timestamp":1675974068557,"id":"5vtxiuccpfdglyi","previousEventId":"m640kqtc5n3uvk0","previousOperationId":"qf156myjhkl79ut"}
{"type":"operationStart","subtype":"recipe","name":"phantom-pdf","timestamp":1675974068558,"id":"e1bs56he70gacdy","previousEventId":"5vtxiuccpfdglyi","operationId":"dci9ixnxv70t2il","previousOperationId":"qf156myjhkl79ut"}
{"type":"log","timestamp":1675974068558,"level":"debug","message":"Executing recipe phantom-pdf","meta":{"rootId":"497vfw0l437yk30","id":"497vfw0l437yk30"},"id":"v7pbuojj95r3bs3","previousOperationId":"dci9ixnxv70t2il"}
{"type":"log","timestamp":1675974071405,"level":"debug","message":"Converting in dedicated phantomjs 1.9.8","meta":{"rootId":"497vfw0l437yk30","id":"497vfw0l437yk30"},"id":"fikuo24sfin877l","previousOperationId":"dci9ixnxv70t2il"}
{"type":"log","timestamp":1675974071405,"level":"debug","message":"Request file:///C%3A%5CUsers%5Calegu%5CAppData%5CLocal%5CTemp%5C4a074ff6-363a-4d9d-b58d-f483a5db04bchtml.html","meta":{"rootId":"497vfw0l437yk30","id":"497vfw0l437yk30"},"id":"l5lr8mobqa09cxq","previousOperationId":"dci9ixnxv70t2il"}
{"type":"log","timestamp":1675974071405,"level":"debug","message":"Request https://cdnjs.cloudflare.com/ajax/libs/Chart.js/2.1.6/Chart.min.js","meta":{"rootId":"497vfw0l437yk30","id":"497vfw0l437yk30"},"id":"8bghila2ekcmf1w","previousOperationId":"dci9ixnxv70t2il"}
{"type":"log","timestamp":1675974071405,"level":"debug","message":"PhantomJS printing done","meta":{"rootId":"497vfw0l437yk30","id":"497vfw0l437yk30"},"id":"dci90p19cm4lauf","previousOperationId":"dci9ixnxv70t2il"}
{"type":"log","timestamp":1675974071405,"level":"debug","message":"PhantomJS printing done","meta":{"rootId":"497vfw0l437yk30","id":"497vfw0l437yk30"},"id":"61c37g5u1i6lgzw","previousOperationId":"dci9ixnxv70t2il"}
{"type":"log","timestamp":1675974071405,"level":"debug","message":"PhantomJS printing done","meta":{"rootId":"497vfw0l437yk30","id":"497vfw0l437yk30"},"id":"lxw6f4wkqlcz78m","previousOperationId":"dci9ixnxv70t2il"}
{"type":"log","timestamp":1675974071405,"level":"debug","message":"PhantomJS printing done","meta":{"rootId":"497vfw0l437yk30","id":"497vfw0l437yk30"},"id":"s2wtj37rjvs9ypa","previousOperationId":"dci9ixnxv70t2il"}
{"type":"log","timestamp":1675974071405,"level":"debug","message":"PhantomJS printing done","meta":{"rootId":"497vfw0l437yk30","id":"497vfw0l437yk30"},"id":"vh1guf6ehdrkjkk","previousOperationId":"dci9ixnxv70t2il"}
{"type":"log","timestamp":1675974071405,"level":"debug","message":"PhantomJS printing done","meta":{"rootId":"497vfw0l437yk30","id":"497vfw0l437yk30"},"id":"4evmzwd361v6e5o","previousOperationId":"dci9ixnxv70t2il"}
{"type":"log","timestamp":1675974071405,"level":"debug","message":"PhantomJS printing done","meta":{"rootId":"497vfw0l437yk30","id":"497vfw0l437yk30"},"id":"jkr4pkbaw5dfale","previousOperationId":"dci9ixnxv70t2il"}
{"type":"log","timestamp":1675974071405,"level":"debug","message":"PhantomJS printing done","meta":{"rootId":"497vfw0l437yk30","id":"497vfw0l437yk30"},"id":"2qlgntc0cnsh54r","previousOperationId":"dci9ixnxv70t2il"}
{"type":"log","timestamp":1675974071405,"level":"debug","message":"PhantomJS printing done","meta":{"rootId":"497vfw0l437yk30","id":"497vfw0l437yk30"},"id":"mklyhy44lc01pwk","previousOperationId":"dci9ixnxv70t2il"}
{"type":"log","timestamp":1675974071405,"level":"debug","message":"Request http://intruct-javascript-ending/","meta":{"rootId":"497vfw0l437yk30","id":"497vfw0l437yk30"},"id":"ot7yx79hh4dc1y6","previousOperationId":"dci9ixnxv70t2il"}
{"type":"log","timestamp":1675974071405,"level":"debug","message":"PhantomJS printing done","meta":{"rootId":"497vfw0l437yk30","id":"497vfw0l437yk30"},"id":"8uuevt96rjl4d2x","previousOperationId":"dci9ixnxv70t2il"}
{"type":"log","timestamp":1675974071407,"level":"debug","message":"phantom-pdf recipe finished with 1 pages generated","meta":{"rootId":"497vfw0l437yk30","id":"497vfw0l437yk30"},"id":"k1rxq0q0hay5yzz","previousOperationId":"dci9ixnxv70t2il"}
{"type":"operationEnd","operationId":"dci9ixnxv70t2il","timestamp":1675974071407,"id":"yh1utes2hwkjsox","previousEventId":"e1bs56he70gacdy","previousOperationId":"dci9ixnxv70t2il"}
{"type":"log","timestamp":1675974071408,"level":"debug","message":"Skipping storing report.","meta":{"rootId":"497vfw0l437yk30","id":"497vfw0l437yk30"},"id":"fj9pz2h1p13i4p5","previousOperationId":"dci9ixnxv70t2il"}
{"type":"log","timestamp":1675974071408,"level":"info","message":"Rendering request 66 finished in 3754 ms","meta":{"rootId":"497vfw0l437yk30","id":"497vfw0l437yk30"},"id":"1fwk7zk6qd1i08h","previousOperationId":"dci9ixnxv70t2il"}
{"type":"operationEnd","subtype":"render","operationId":"9l9cqq1m1cquerk","timestamp":1675974071408,"id":"l8o1zk3og9nvsy7","previousEventId":"yh1utes2hwkjsox","previousOperationId":"dci9ixnxv70t2il"}
{"type":"operationEnd","doDiffs":false,"previousEventId":"d0ugjgbylkpyx3c","previousOperationId":"fhlh3mieowq0n3w","operationId":"fhlh3mieowq0n3w","timestamp":1675974071427,"id":"x5axukqlxkri65h"}
