{"type":"operationStart","subtype":"profile","data":{"_id":"u8xQqrs3sSD3o0iX","timestamp":"2023-02-09T20:32:00.666Z","state":"queued","mode":"standard","creationDate":"2023-02-09T20:32:00.668Z","modificationDate":"2023-02-09T20:32:00.668Z","shortid":"1CxPaJf","$entitySet":"profiles"},"doDiffs":false,"timestamp":1675974720667,"id":"mdfifyyy27xeiry","previousOperationId":null,"operationId":"duoq2nigk7w66xj"}
{"type":"log","level":"info","message":"Render request 83 queued for execution and waiting for available worker","previousOperationId":"duoq2nigk7w66xj","timestamp":1675974720667,"id":"tuhhzapjebr6b5p"}
{"type":"operationStart","subtype":"render","name":"chart","previousOperationId":"duoq2nigk7w66xj","timestamp":1675974720679,"id":"rqjuxfcv2tp1rlx","previousEventId":"mdfifyyy27xeiry","operationId":"77xnucvn4q118pk"}
{"type":"log","timestamp":1675974720680,"level":"info","message":"Starting rendering request 83","meta":{"rootId":"4dbg7ib32eyod5l","id":"4dbg7ib32eyod5l"},"id":"g8r2g6cmg9fj5fk","previousOperationId":"77xnucvn4q118pk"}
{"type":"log","timestamp":1675974720681,"level":"info","message":"Rendering template { name: chart, recipe: phantom-pdf, engine: handlebars, preview: true }","meta":{"rootId":"4dbg7ib32eyod5l","id":"4dbg7ib32eyod5l"},"id":"bt6cs6wxz6x9gjg","previousOperationId":"77xnucvn4q118pk"}
{"type":"log","timestamp":1675974720683,"level":"debug","message":"Inline data specified.","meta":{"rootId":"4dbg7ib32eyod5l","id":"4dbg7ib32eyod5l"},"id":"8v42g3v0w46huso","previousOperationId":"77xnucvn4q118pk"}
{"type":"log","timestamp":1675974720686,"level":"debug","message":"Base url not specified, skipping its injection.","meta":{"rootId":"4dbg7ib32eyod5l","id":"4dbg7ib32eyod5l"},"id":"95uvui10dek4xw8","previousOperationId":"77xnucvn4q118pk"}
{"type":"operationStart","subtype":"engine","name":"handlebars","timestamp":1675974720687,"id":"ii1fcbefbewued2","previousEventId":"rqjuxfcv2tp1rlx","operationId":"ccpcn27fkqdgo85","previousOperationId":"77xnucvn4q118pk"}
{"type":"log","timestamp":1675974720687,"level":"debug","message":"Rendering engine handlebars","meta":{"rootId":"4dbg7ib32eyod5l","id":"4dbg7ib32eyod5l"},"id":"9yqakgh8dkzl3ow","previousOperationId":"ccpcn27fkqdgo85"}
{"type":"log","timestamp":1675974720710,"level":"debug","message":"(console:log) [50,6]","meta":{"userLevel":true,"rootId":"4dbg7ib32eyod5l","id":"4dbg7ib32eyod5l"},"id":"6ewwytysleszw0s","previousOperationId":"ccpcn27fkqdgo85"}
{"type":"operationEnd","operationId":"ccpcn27fkqdgo85","timestamp":1675974720710,"id":"iifwyr8hpjigaha","previousEventId":"ii1fcbefbewued2","previousOperationId":"ccpcn27fkqdgo85"}
{"type":"operationStart","subtype":"recipe","name":"phantom-pdf","timestamp":1675974720711,"id":"5p5rysxqxn6nlcc","previousEventId":"iifwyr8hpjigaha","operationId":"x8llib0dbo6l3ay","previousOperationId":"ccpcn27fkqdgo85"}
{"type":"log","timestamp":1675974720711,"level":"debug","message":"Executing recipe phantom-pdf","meta":{"rootId":"4dbg7ib32eyod5l","id":"4dbg7ib32eyod5l"},"id":"718lxbb4dpuucth","previousOperationId":"x8llib0dbo6l3ay"}
{"type":"log","timestamp":1675974723533,"level":"debug","message":"Converting in dedicated phantomjs 1.9.8","meta":{"rootId":"4dbg7ib32eyod5l","id":"4dbg7ib32eyod5l"},"id":"ouxjy0bhbuhnwg2","previousOperationId":"x8llib0dbo6l3ay"}
{"type":"log","timestamp":1675974723533,"level":"debug","message":"Request file:///C%3A%5CUsers%5Calegu%5CAppData%5CLocal%5CTemp%5C648c30de-7699-4292-bd2d-9e315a25a471html.html","meta":{"rootId":"4dbg7ib32eyod5l","id":"4dbg7ib32eyod5l"},"id":"aaqmh7vx2tbptjy","previousOperationId":"x8llib0dbo6l3ay"}
{"type":"log","timestamp":1675974723533,"level":"debug","message":"Request https://cdnjs.cloudflare.com/ajax/libs/Chart.js/2.1.6/Chart.min.js","meta":{"rootId":"4dbg7ib32eyod5l","id":"4dbg7ib32eyod5l"},"id":"0n2oibiy842ch1z","previousOperationId":"x8llib0dbo6l3ay"}
{"type":"log","timestamp":1675974723533,"level":"debug","message":"PhantomJS printing done","meta":{"rootId":"4dbg7ib32eyod5l","id":"4dbg7ib32eyod5l"},"id":"gi04pulwjrxzp3i","previousOperationId":"x8llib0dbo6l3ay"}
{"type":"log","timestamp":1675974723533,"level":"debug","message":"PhantomJS printing done","meta":{"rootId":"4dbg7ib32eyod5l","id":"4dbg7ib32eyod5l"},"id":"g5u759jdxd38sgo","previousOperationId":"x8llib0dbo6l3ay"}
{"type":"log","timestamp":1675974723533,"level":"debug","message":"PhantomJS printing done","meta":{"rootId":"4dbg7ib32eyod5l","id":"4dbg7ib32eyod5l"},"id":"5bic4800t2c6465","previousOperationId":"x8llib0dbo6l3ay"}
{"type":"log","timestamp":1675974723533,"level":"debug","message":"PhantomJS printing done","meta":{"rootId":"4dbg7ib32eyod5l","id":"4dbg7ib32eyod5l"},"id":"btljvyjv8kug7pv","previousOperationId":"x8llib0dbo6l3ay"}
{"type":"log","timestamp":1675974723533,"level":"debug","message":"PhantomJS printing done","meta":{"rootId":"4dbg7ib32eyod5l","id":"4dbg7ib32eyod5l"},"id":"fivzr8f4qsa9lea","previousOperationId":"x8llib0dbo6l3ay"}
{"type":"log","timestamp":1675974723533,"level":"debug","message":"PhantomJS printing done","meta":{"rootId":"4dbg7ib32eyod5l","id":"4dbg7ib32eyod5l"},"id":"2coy4qefulidwwr","previousOperationId":"x8llib0dbo6l3ay"}
{"type":"log","timestamp":1675974723533,"level":"debug","message":"PhantomJS printing done","meta":{"rootId":"4dbg7ib32eyod5l","id":"4dbg7ib32eyod5l"},"id":"wl5yb2lwprdb33e","previousOperationId":"x8llib0dbo6l3ay"}
{"type":"log","timestamp":1675974723533,"level":"debug","message":"PhantomJS printing done","meta":{"rootId":"4dbg7ib32eyod5l","id":"4dbg7ib32eyod5l"},"id":"lvp4zz5x8idonan","previousOperationId":"x8llib0dbo6l3ay"}
{"type":"log","timestamp":1675974723533,"level":"debug","message":"PhantomJS printing done","meta":{"rootId":"4dbg7ib32eyod5l","id":"4dbg7ib32eyod5l"},"id":"td60nmppd6nt8dy","previousOperationId":"x8llib0dbo6l3ay"}
{"type":"log","timestamp":1675974723533,"level":"debug","message":"Request http://intruct-javascript-ending/","meta":{"rootId":"4dbg7ib32eyod5l","id":"4dbg7ib32eyod5l"},"id":"ltejjet5xx8x2t3","previousOperationId":"x8llib0dbo6l3ay"}
{"type":"log","timestamp":1675974723533,"level":"debug","message":"PhantomJS printing done","meta":{"rootId":"4dbg7ib32eyod5l","id":"4dbg7ib32eyod5l"},"id":"7thalcwhl1lqhan","previousOperationId":"x8llib0dbo6l3ay"}
{"type":"log","timestamp":1675974723534,"level":"debug","message":"phantom-pdf recipe finished with 1 pages generated","meta":{"rootId":"4dbg7ib32eyod5l","id":"4dbg7ib32eyod5l"},"id":"lqs0nl0uwar0srb","previousOperationId":"x8llib0dbo6l3ay"}
{"type":"operationEnd","operationId":"x8llib0dbo6l3ay","timestamp":1675974723534,"id":"ad5jzcv0tehqq0s","previousEventId":"5p5rysxqxn6nlcc","previousOperationId":"x8llib0dbo6l3ay"}
{"type":"log","timestamp":1675974723534,"level":"debug","message":"Skipping storing report.","meta":{"rootId":"4dbg7ib32eyod5l","id":"4dbg7ib32eyod5l"},"id":"kfutck0zsyupl4r","previousOperationId":"x8llib0dbo6l3ay"}
{"type":"log","timestamp":1675974723534,"level":"info","message":"Rendering request 83 finished in 2868 ms","meta":{"rootId":"4dbg7ib32eyod5l","id":"4dbg7ib32eyod5l"},"id":"fwr2xooggbvx2kw","previousOperationId":"x8llib0dbo6l3ay"}
{"type":"operationEnd","subtype":"render","operationId":"77xnucvn4q118pk","timestamp":1675974723534,"id":"e4m5yyj1e3ie0kv","previousEventId":"ad5jzcv0tehqq0s","previousOperationId":"x8llib0dbo6l3ay"}
{"type":"operationEnd","doDiffs":false,"previousEventId":"mdfifyyy27xeiry","previousOperationId":"duoq2nigk7w66xj","operationId":"duoq2nigk7w66xj","timestamp":1675974723553,"id":"uq380ycixbqipc6"}
