{"type":"operationStart","subtype":"profile","data":{"_id":"drGFvUIXjXBN5s4v","timestamp":"2023-02-09T20:21:42.080Z","state":"queued","mode":"standard","creationDate":"2023-02-09T20:21:42.082Z","modificationDate":"2023-02-09T20:21:42.082Z","shortid":"PdmMD3o","$entitySet":"profiles"},"doDiffs":false,"timestamp":1675974102081,"id":"0qgfa144zhz566y","previousOperationId":null,"operationId":"2pve8hpdiykcpii"}
{"type":"log","level":"info","message":"Render request 68 queued for execution and waiting for available worker","previousOperationId":"2pve8hpdiykcpii","timestamp":1675974102081,"id":"ew3upwm7pq96ev1"}
{"type":"operationStart","subtype":"render","name":"chart","previousOperationId":"2pve8hpdiykcpii","timestamp":1675974102092,"id":"chllg2gfns71g79","previousEventId":"0qgfa144zhz566y","operationId":"0yylbojtfay638l"}
{"type":"log","timestamp":1675974102093,"level":"info","message":"Starting rendering request 68","meta":{"rootId":"5c3zeo11lcnhnbi","id":"5c3zeo11lcnhnbi"},"id":"g5sq9ck2j9gh5nc","previousOperationId":"0yylbojtfay638l"}
{"type":"log","timestamp":1675974102093,"level":"info","message":"Rendering template { name: chart, recipe: phantom-pdf, engine: handlebars, preview: true }","meta":{"rootId":"5c3zeo11lcnhnbi","id":"5c3zeo11lcnhnbi"},"id":"a2geieng7h3f7yf","previousOperationId":"0yylbojtfay638l"}
{"type":"log","timestamp":1675974102096,"level":"debug","message":"Data item not defined for this template.","meta":{"rootId":"5c3zeo11lcnhnbi","id":"5c3zeo11lcnhnbi"},"id":"6a4grjm8agafmk2","previousOperationId":"0yylbojtfay638l"}
{"type":"log","timestamp":1675974102103,"level":"debug","message":"Executing script chartscript (beforeRender)","meta":{"rootId":"5c3zeo11lcnhnbi","id":"5c3zeo11lcnhnbi"},"id":"kp0cf0h52r7fomb","previousOperationId":"0yylbojtfay638l"}
{"type":"operationStart","subtype":"scriptsBeforeRender","name":"scripts beforeRender","timestamp":1675974102130,"id":"58hi5ojtyb1dahf","previousEventId":"chllg2gfns71g79","operationId":"tq28xzcld8jgfi5","previousOperationId":"0yylbojtfay638l"}
{"type":"operationStart","subtype":"script","name":"scripts chartscript","previousOperationId":"tq28xzcld8jgfi5","timestamp":1675974102130,"id":"r2zu8fpfypq83ly","previousEventId":"58hi5ojtyb1dahf","operationId":"e8rms7qz00gcs6o"}
{"type":"operationEnd","operationId":"e8rms7qz00gcs6o","timestamp":1675974102338,"id":"rf7ykmhcmhkpnpg","previousEventId":"chllg2gfns71g79","previousOperationId":"0yylbojtfay638l"}
{"type":"operationEnd","operationId":"tq28xzcld8jgfi5","timestamp":1675974102338,"id":"ryh3j2qf61877ao","previousEventId":"rf7ykmhcmhkpnpg","previousOperationId":"0yylbojtfay638l"}
{"type":"log","timestamp":1675974102338,"level":"debug","message":"Base url not specified, skipping its injection.","meta":{"rootId":"5c3zeo11lcnhnbi","id":"5c3zeo11lcnhnbi"},"id":"ykkiy5evq496umc","previousOperationId":"tq28xzcld8jgfi5"}
{"type":"operationStart","subtype":"engine","name":"handlebars","timestamp":1675974102339,"id":"rfcq9w32m11lqhg","previousEventId":"ryh3j2qf61877ao","operationId":"yqsrfrm4gvum5z6","previousOperationId":"tq28xzcld8jgfi5"}
{"type":"log","timestamp":1675974102339,"level":"debug","message":"Rendering engine handlebars","meta":{"rootId":"5c3zeo11lcnhnbi","id":"5c3zeo11lcnhnbi"},"id":"8us7xdn8ttjd0ch","previousOperationId":"yqsrfrm4gvum5z6"}
{"type":"log","timestamp":1675974102355,"level":"debug","message":"(console:log) {\"A\":[50,6]}","meta":{"userLevel":true,"rootId":"5c3zeo11lcnhnbi","id":"5c3zeo11lcnhnbi"},"id":"vnohbrsuoo3ndh1","previousOperationId":"yqsrfrm4gvum5z6"}
{"type":"operationEnd","operationId":"yqsrfrm4gvum5z6","timestamp":1675974102355,"id":"z00npht21vgh91c","previousEventId":"rfcq9w32m11lqhg","previousOperationId":"yqsrfrm4gvum5z6"}
{"type":"operationStart","subtype":"recipe","name":"phantom-pdf","timestamp":1675974102355,"id":"ydxtozz2smsnmo7","previousEventId":"z00npht21vgh91c","operationId":"to5kueipcdu7gq1","previousOperationId":"yqsrfrm4gvum5z6"}
{"type":"log","timestamp":1675974102355,"level":"debug","message":"Executing recipe phantom-pdf","meta":{"rootId":"5c3zeo11lcnhnbi","id":"5c3zeo11lcnhnbi"},"id":"i5da7hosaqzczx3","previousOperationId":"to5kueipcdu7gq1"}
{"type":"log","timestamp":1675974105275,"level":"debug","message":"Converting in dedicated phantomjs 1.9.8","meta":{"rootId":"5c3zeo11lcnhnbi","id":"5c3zeo11lcnhnbi"},"id":"mvgo8j24y7i7st1","previousOperationId":"to5kueipcdu7gq1"}
{"type":"log","timestamp":1675974105275,"level":"debug","message":"Request file:///C%3A%5CUsers%5Calegu%5CAppData%5CLocal%5CTemp%5Ca8fd57e5-94b9-45f1-9df9-4dc59c368c98html.html","meta":{"rootId":"5c3zeo11lcnhnbi","id":"5c3zeo11lcnhnbi"},"id":"twts0hefmvkg57o","previousOperationId":"to5kueipcdu7gq1"}
{"type":"log","timestamp":1675974105275,"level":"debug","message":"Request https://cdnjs.cloudflare.com/ajax/libs/Chart.js/2.1.6/Chart.min.js","meta":{"rootId":"5c3zeo11lcnhnbi","id":"5c3zeo11lcnhnbi"},"id":"gvn7m60dedsib8h","previousOperationId":"to5kueipcdu7gq1"}
{"type":"log","timestamp":1675974105275,"level":"debug","message":"PhantomJS printing done","meta":{"rootId":"5c3zeo11lcnhnbi","id":"5c3zeo11lcnhnbi"},"id":"0vo15b15fyi1ybm","previousOperationId":"to5kueipcdu7gq1"}
{"type":"log","timestamp":1675974105275,"level":"debug","message":"PhantomJS printing done","meta":{"rootId":"5c3zeo11lcnhnbi","id":"5c3zeo11lcnhnbi"},"id":"arr9wng8bqpez7g","previousOperationId":"to5kueipcdu7gq1"}
{"type":"log","timestamp":1675974105275,"level":"debug","message":"PhantomJS printing done","meta":{"rootId":"5c3zeo11lcnhnbi","id":"5c3zeo11lcnhnbi"},"id":"ia6azricex4k426","previousOperationId":"to5kueipcdu7gq1"}
{"type":"log","timestamp":1675974105275,"level":"debug","message":"PhantomJS printing done","meta":{"rootId":"5c3zeo11lcnhnbi","id":"5c3zeo11lcnhnbi"},"id":"bj33jysbzh0h1ga","previousOperationId":"to5kueipcdu7gq1"}
{"type":"log","timestamp":1675974105275,"level":"debug","message":"PhantomJS printing done","meta":{"rootId":"5c3zeo11lcnhnbi","id":"5c3zeo11lcnhnbi"},"id":"brkflbogqyg1c0c","previousOperationId":"to5kueipcdu7gq1"}
{"type":"log","timestamp":1675974105275,"level":"debug","message":"PhantomJS printing done","meta":{"rootId":"5c3zeo11lcnhnbi","id":"5c3zeo11lcnhnbi"},"id":"tl0zb4wq5943456","previousOperationId":"to5kueipcdu7gq1"}
{"type":"log","timestamp":1675974105275,"level":"debug","message":"PhantomJS printing done","meta":{"rootId":"5c3zeo11lcnhnbi","id":"5c3zeo11lcnhnbi"},"id":"oevc95dkb8nmwx4","previousOperationId":"to5kueipcdu7gq1"}
{"type":"log","timestamp":1675974105276,"level":"debug","message":"PhantomJS printing done","meta":{"rootId":"5c3zeo11lcnhnbi","id":"5c3zeo11lcnhnbi"},"id":"3yllot10o7q7lbr","previousOperationId":"to5kueipcdu7gq1"}
{"type":"log","timestamp":1675974105276,"level":"debug","message":"PhantomJS printing done","meta":{"rootId":"5c3zeo11lcnhnbi","id":"5c3zeo11lcnhnbi"},"id":"fnosidsm3gpdnqb","previousOperationId":"to5kueipcdu7gq1"}
{"type":"log","timestamp":1675974105276,"level":"debug","message":"PhantomJS printing done","meta":{"rootId":"5c3zeo11lcnhnbi","id":"5c3zeo11lcnhnbi"},"id":"gn3eoo7mnrx77me","previousOperationId":"to5kueipcdu7gq1"}
{"type":"log","timestamp":1675974105276,"level":"debug","message":"Request http://intruct-javascript-ending/","meta":{"rootId":"5c3zeo11lcnhnbi","id":"5c3zeo11lcnhnbi"},"id":"71rhzy358z9ttmq","previousOperationId":"to5kueipcdu7gq1"}
{"type":"log","timestamp":1675974105276,"level":"debug","message":"PhantomJS printing done","meta":{"rootId":"5c3zeo11lcnhnbi","id":"5c3zeo11lcnhnbi"},"id":"henl3b2iwtnil0i","previousOperationId":"to5kueipcdu7gq1"}
{"type":"log","timestamp":1675974105276,"level":"debug","message":"phantom-pdf recipe finished with 1 pages generated","meta":{"rootId":"5c3zeo11lcnhnbi","id":"5c3zeo11lcnhnbi"},"id":"3fvo3uhbpazmutu","previousOperationId":"to5kueipcdu7gq1"}
{"type":"operationEnd","operationId":"to5kueipcdu7gq1","timestamp":1675974105277,"id":"8hhajzpj0awmp8s","previousEventId":"ydxtozz2smsnmo7","previousOperationId":"to5kueipcdu7gq1"}
{"type":"log","timestamp":1675974105277,"level":"debug","message":"Skipping storing report.","meta":{"rootId":"5c3zeo11lcnhnbi","id":"5c3zeo11lcnhnbi"},"id":"srt45rbyeqgpsn0","previousOperationId":"to5kueipcdu7gq1"}
{"type":"log","timestamp":1675974105277,"level":"info","message":"Rendering request 68 finished in 3197 ms","meta":{"rootId":"5c3zeo11lcnhnbi","id":"5c3zeo11lcnhnbi"},"id":"2p9ycdrhfzac9w1","previousOperationId":"to5kueipcdu7gq1"}
{"type":"operationEnd","subtype":"render","operationId":"0yylbojtfay638l","timestamp":1675974105277,"id":"z2la2fuv6ibzi5o","previousEventId":"8hhajzpj0awmp8s","previousOperationId":"to5kueipcdu7gq1"}
{"type":"operationEnd","doDiffs":false,"previousEventId":"0qgfa144zhz566y","previousOperationId":"2pve8hpdiykcpii","operationId":"2pve8hpdiykcpii","timestamp":1675974105298,"id":"t8wthn0si9f1lt7"}
