{"type":"operationStart","subtype":"profile","data":{"_id":"3KWxR7Raa9FG5HeC","timestamp":"2023-02-10T15:20:02.330Z","state":"queued","mode":"standard","creationDate":"2023-02-10T15:20:02.333Z","modificationDate":"2023-02-10T15:20:02.333Z","shortid":"QgfpHyq","$entitySet":"profiles"},"doDiffs":false,"timestamp":1676042402331,"id":"ndfsz9tws0qhx2e","previousOperationId":null,"operationId":"v6x3l8ib5kgrsg3"}
{"type":"log","level":"info","message":"Render request 11 queued for execution and waiting for available worker","previousOperationId":"v6x3l8ib5kgrsg3","timestamp":1676042402331,"id":"qmvjra3lw0ain62"}
{"type":"operationStart","subtype":"render","name":"chart","previousOperationId":"v6x3l8ib5kgrsg3","timestamp":1676042402344,"id":"7bd1rsesddqi8wh","previousEventId":"ndfsz9tws0qhx2e","operationId":"1z7gdstapv5hgji"}
{"type":"log","timestamp":1676042402344,"level":"info","message":"Starting rendering request 11","meta":{"rootId":"5hdo34nzclqfy7o","id":"5hdo34nzclqfy7o"},"id":"zs54c5okf5zl7f3","previousOperationId":"1z7gdstapv5hgji"}
{"type":"log","timestamp":1676042402345,"level":"info","message":"Rendering template { name: chart, recipe: phantom-pdf, engine: handlebars, preview: true }","meta":{"rootId":"5hdo34nzclqfy7o","id":"5hdo34nzclqfy7o"},"id":"9f99t3bfaplryu6","previousOperationId":"1z7gdstapv5hgji"}
{"type":"log","timestamp":1676042402355,"level":"debug","message":"Inline data specified.","meta":{"rootId":"5hdo34nzclqfy7o","id":"5hdo34nzclqfy7o"},"id":"7sue3xazkruwhal","previousOperationId":"1z7gdstapv5hgji"}
{"type":"log","timestamp":1676042402367,"level":"debug","message":"Base url not specified, skipping its injection.","meta":{"rootId":"5hdo34nzclqfy7o","id":"5hdo34nzclqfy7o"},"id":"i8hlp4pcl4fg18v","previousOperationId":"1z7gdstapv5hgji"}
{"type":"operationStart","subtype":"engine","name":"handlebars","timestamp":1676042402367,"id":"c3r47lecddf9anf","previousEventId":"7bd1rsesddqi8wh","operationId":"5x7crqo6vkgyuva","previousOperationId":"1z7gdstapv5hgji"}
{"type":"log","timestamp":1676042402367,"level":"debug","message":"Rendering engine handlebars","meta":{"rootId":"5hdo34nzclqfy7o","id":"5hdo34nzclqfy7o"},"id":"dokbjz2pggvaem0","previousOperationId":"5x7crqo6vkgyuva"}
{"type":"log","timestamp":1676042402393,"level":"debug","message":"(console:log) [ 50, 6 ]","meta":{"userLevel":true,"rootId":"5hdo34nzclqfy7o","id":"5hdo34nzclqfy7o"},"id":"80blvara2c8lk3a","previousOperationId":"5x7crqo6vkgyuva"}
{"type":"operationEnd","operationId":"5x7crqo6vkgyuva","timestamp":1676042402394,"id":"3s7fd8az71uelux","previousEventId":"c3r47lecddf9anf","previousOperationId":"5x7crqo6vkgyuva"}
{"type":"operationStart","subtype":"recipe","name":"phantom-pdf","timestamp":1676042402394,"id":"0y5qynpd7st5ftl","previousEventId":"3s7fd8az71uelux","operationId":"jjnq159i8i5jksg","previousOperationId":"5x7crqo6vkgyuva"}
{"type":"log","timestamp":1676042402394,"level":"debug","message":"Executing recipe phantom-pdf","meta":{"rootId":"5hdo34nzclqfy7o","id":"5hdo34nzclqfy7o"},"id":"pouon9q6dljgfcx","previousOperationId":"jjnq159i8i5jksg"}
{"type":"log","timestamp":1676042405433,"level":"debug","message":"Converting in dedicated phantomjs 1.9.8","meta":{"rootId":"5hdo34nzclqfy7o","id":"5hdo34nzclqfy7o"},"id":"68lyn81fz9xzw3x","previousOperationId":"jjnq159i8i5jksg"}
{"type":"log","timestamp":1676042405433,"level":"debug","message":"Request file:///C%3A%5CUsers%5Calegu%5CAppData%5CLocal%5CTemp%5C6281a8de-81bd-489a-aa4a-008859b94114html.html","meta":{"rootId":"5hdo34nzclqfy7o","id":"5hdo34nzclqfy7o"},"id":"hozo533ffh9ys7y","previousOperationId":"jjnq159i8i5jksg"}
{"type":"log","timestamp":1676042405433,"level":"debug","message":"Request https://cdnjs.cloudflare.com/ajax/libs/Chart.js/2.1.6/Chart.min.js","meta":{"rootId":"5hdo34nzclqfy7o","id":"5hdo34nzclqfy7o"},"id":"xasoy5arbq6a382","previousOperationId":"jjnq159i8i5jksg"}
{"type":"log","timestamp":1676042405433,"level":"debug","message":"PhantomJS printing done","meta":{"rootId":"5hdo34nzclqfy7o","id":"5hdo34nzclqfy7o"},"id":"n0a8ei0g79809ya","previousOperationId":"jjnq159i8i5jksg"}
{"type":"log","timestamp":1676042405433,"level":"debug","message":"PhantomJS printing done","meta":{"rootId":"5hdo34nzclqfy7o","id":"5hdo34nzclqfy7o"},"id":"04su0fgk9j4f3f4","previousOperationId":"jjnq159i8i5jksg"}
{"type":"log","timestamp":1676042405433,"level":"debug","message":"PhantomJS printing done","meta":{"rootId":"5hdo34nzclqfy7o","id":"5hdo34nzclqfy7o"},"id":"q4wg99ot84uwbiv","previousOperationId":"jjnq159i8i5jksg"}
{"type":"log","timestamp":1676042405433,"level":"debug","message":"PhantomJS printing done","meta":{"rootId":"5hdo34nzclqfy7o","id":"5hdo34nzclqfy7o"},"id":"vum6bh00nlrir0j","previousOperationId":"jjnq159i8i5jksg"}
{"type":"log","timestamp":1676042405433,"level":"debug","message":"PhantomJS printing done","meta":{"rootId":"5hdo34nzclqfy7o","id":"5hdo34nzclqfy7o"},"id":"f9g1zoa3m723j7d","previousOperationId":"jjnq159i8i5jksg"}
{"type":"log","timestamp":1676042405433,"level":"debug","message":"PhantomJS printing done","meta":{"rootId":"5hdo34nzclqfy7o","id":"5hdo34nzclqfy7o"},"id":"soz6y0umixs3jor","previousOperationId":"jjnq159i8i5jksg"}
{"type":"log","timestamp":1676042405433,"level":"debug","message":"PhantomJS printing done","meta":{"rootId":"5hdo34nzclqfy7o","id":"5hdo34nzclqfy7o"},"id":"xpdy9jy70xt43dh","previousOperationId":"jjnq159i8i5jksg"}
{"type":"log","timestamp":1676042405433,"level":"debug","message":"PhantomJS printing done","meta":{"rootId":"5hdo34nzclqfy7o","id":"5hdo34nzclqfy7o"},"id":"5ao5rv2pwq1zs71","previousOperationId":"jjnq159i8i5jksg"}
{"type":"log","timestamp":1676042405433,"level":"debug","message":"PhantomJS printing done","meta":{"rootId":"5hdo34nzclqfy7o","id":"5hdo34nzclqfy7o"},"id":"1equ86io7ibkufk","previousOperationId":"jjnq159i8i5jksg"}
{"type":"log","timestamp":1676042405433,"level":"debug","message":"PhantomJS printing done","meta":{"rootId":"5hdo34nzclqfy7o","id":"5hdo34nzclqfy7o"},"id":"jswcrojz7rdlu0i","previousOperationId":"jjnq159i8i5jksg"}
{"type":"log","timestamp":1676042405433,"level":"debug","message":"Request http://intruct-javascript-ending/","meta":{"rootId":"5hdo34nzclqfy7o","id":"5hdo34nzclqfy7o"},"id":"gvu6adu1h2kcu48","previousOperationId":"jjnq159i8i5jksg"}
{"type":"log","timestamp":1676042405433,"level":"debug","message":"PhantomJS printing done","meta":{"rootId":"5hdo34nzclqfy7o","id":"5hdo34nzclqfy7o"},"id":"qjr42evmnu2jq34","previousOperationId":"jjnq159i8i5jksg"}
{"type":"log","timestamp":1676042405434,"level":"debug","message":"phantom-pdf recipe finished with 1 pages generated","meta":{"rootId":"5hdo34nzclqfy7o","id":"5hdo34nzclqfy7o"},"id":"kbhza146sxsnu5b","previousOperationId":"jjnq159i8i5jksg"}
{"type":"operationEnd","operationId":"jjnq159i8i5jksg","timestamp":1676042405434,"id":"2wpd6yx58ileokj","previousEventId":"0y5qynpd7st5ftl","previousOperationId":"jjnq159i8i5jksg"}
{"type":"log","timestamp":1676042405434,"level":"debug","message":"Skipping storing report.","meta":{"rootId":"5hdo34nzclqfy7o","id":"5hdo34nzclqfy7o"},"id":"xnkx6sszhlryt65","previousOperationId":"jjnq159i8i5jksg"}
{"type":"log","timestamp":1676042405434,"level":"info","message":"Rendering request 11 finished in 3104 ms","meta":{"rootId":"5hdo34nzclqfy7o","id":"5hdo34nzclqfy7o"},"id":"t1osjbtpk2afayu","previousOperationId":"jjnq159i8i5jksg"}
{"type":"operationEnd","subtype":"render","operationId":"1z7gdstapv5hgji","timestamp":1676042405434,"id":"a6g19oaekrj1a54","previousEventId":"2wpd6yx58ileokj","previousOperationId":"jjnq159i8i5jksg"}
{"type":"operationEnd","doDiffs":false,"previousEventId":"ndfsz9tws0qhx2e","previousOperationId":"v6x3l8ib5kgrsg3","operationId":"v6x3l8ib5kgrsg3","timestamp":1676042405457,"id":"osfpuoqaema0bez"}
