{"type":"operationStart","subtype":"profile","data":{"_id":"FaO4Khmrd5wfa9CT","timestamp":"2023-02-10T15:32:08.233Z","state":"queued","mode":"standard","creationDate":"2023-02-10T15:32:08.236Z","modificationDate":"2023-02-10T15:32:08.236Z","shortid":"KAbVbc1","$entitySet":"profiles"},"doDiffs":false,"timestamp":1676043128234,"id":"4puda2j88964a4f","previousOperationId":null,"operationId":"gcuyz8igwezqnvu"}
{"type":"log","level":"info","message":"Render request 19 queued for execution and waiting for available worker","previousOperationId":"gcuyz8igwezqnvu","timestamp":1676043128235,"id":"w2ypvqyq30c2cdk"}
{"type":"operationStart","subtype":"render","name":"chart","previousOperationId":"gcuyz8igwezqnvu","timestamp":1676043128246,"id":"u72nk78h2hc2c56","previousEventId":"4puda2j88964a4f","operationId":"eqc7t5cw7xyk27l"}
{"type":"log","timestamp":1676043128246,"level":"info","message":"Starting rendering request 19","meta":{"rootId":"5j7ot2dnj5yti9p","id":"5j7ot2dnj5yti9p"},"id":"pgx6hy764n3er9o","previousOperationId":"eqc7t5cw7xyk27l"}
{"type":"log","timestamp":1676043128247,"level":"info","message":"Rendering template { name: chart, recipe: phantom-pdf, engine: handlebars, preview: true }","meta":{"rootId":"5j7ot2dnj5yti9p","id":"5j7ot2dnj5yti9p"},"id":"bdyqlpvt80j13bu","previousOperationId":"eqc7t5cw7xyk27l"}
{"type":"log","timestamp":1676043128250,"level":"debug","message":"Data item not defined for this template.","meta":{"rootId":"5j7ot2dnj5yti9p","id":"5j7ot2dnj5yti9p"},"id":"0e9hj4dzeyaxh9w","previousOperationId":"eqc7t5cw7xyk27l"}
{"type":"log","timestamp":1676043128255,"level":"debug","message":"Executing script chartscript (beforeRender)","meta":{"rootId":"5j7ot2dnj5yti9p","id":"5j7ot2dnj5yti9p"},"id":"fo9l0wsvm6fffc7","previousOperationId":"eqc7t5cw7xyk27l"}
{"type":"operationStart","subtype":"scriptsBeforeRender","name":"scripts beforeRender","timestamp":1676043128281,"id":"jk9ji8kgp7gu251","previousEventId":"u72nk78h2hc2c56","operationId":"z5n37m5035dwg9m","previousOperationId":"eqc7t5cw7xyk27l"}
{"type":"operationStart","subtype":"script","name":"scripts chartscript","previousOperationId":"z5n37m5035dwg9m","timestamp":1676043128281,"id":"q1rwg1kybfgiwwy","previousEventId":"jk9ji8kgp7gu251","operationId":"e314n851ye8cbvs"}
{"type":"operationEnd","operationId":"e314n851ye8cbvs","timestamp":1676043128511,"id":"1b5gus88f262k6x","previousEventId":"u72nk78h2hc2c56","previousOperationId":"eqc7t5cw7xyk27l"}
{"type":"operationEnd","operationId":"z5n37m5035dwg9m","timestamp":1676043128511,"id":"g6zsolvh3o0wvbe","previousEventId":"1b5gus88f262k6x","previousOperationId":"eqc7t5cw7xyk27l"}
{"type":"log","timestamp":1676043128511,"level":"debug","message":"Base url not specified, skipping its injection.","meta":{"rootId":"5j7ot2dnj5yti9p","id":"5j7ot2dnj5yti9p"},"id":"howh5yjl81h8jgg","previousOperationId":"z5n37m5035dwg9m"}
{"type":"operationStart","subtype":"engine","name":"handlebars","timestamp":1676043128511,"id":"c0tl33lf3t2gfxg","previousEventId":"g6zsolvh3o0wvbe","operationId":"0rb47q4mpqmao3n","previousOperationId":"z5n37m5035dwg9m"}
{"type":"log","timestamp":1676043128511,"level":"debug","message":"Rendering engine handlebars","meta":{"rootId":"5j7ot2dnj5yti9p","id":"5j7ot2dnj5yti9p"},"id":"qoh4x4x4f4eemex","previousOperationId":"0rb47q4mpqmao3n"}
{"type":"log","timestamp":1676043128526,"level":"debug","message":"(console:log) { '0': [ 50, 6 ] }","meta":{"userLevel":true,"rootId":"5j7ot2dnj5yti9p","id":"5j7ot2dnj5yti9p"},"id":"r67gmaqx9pmy87w","previousOperationId":"0rb47q4mpqmao3n"}
{"type":"log","timestamp":1676043128526,"level":"debug","message":"(console:log) {\"0\":[50,6]}","meta":{"userLevel":true,"rootId":"5j7ot2dnj5yti9p","id":"5j7ot2dnj5yti9p"},"id":"tf4khw2bs15w5qv","previousOperationId":"0rb47q4mpqmao3n"}
{"type":"operationEnd","operationId":"0rb47q4mpqmao3n","timestamp":1676043128527,"id":"14mxz07qdtpfu96","previousEventId":"c0tl33lf3t2gfxg","previousOperationId":"0rb47q4mpqmao3n"}
{"type":"operationStart","subtype":"recipe","name":"phantom-pdf","timestamp":1676043128527,"id":"cw4x4nukdomweni","previousEventId":"14mxz07qdtpfu96","operationId":"v35nex2bke6qyv9","previousOperationId":"0rb47q4mpqmao3n"}
{"type":"log","timestamp":1676043128527,"level":"debug","message":"Executing recipe phantom-pdf","meta":{"rootId":"5j7ot2dnj5yti9p","id":"5j7ot2dnj5yti9p"},"id":"xh7rmeaux7dz9si","previousOperationId":"v35nex2bke6qyv9"}
{"type":"log","timestamp":1676043132606,"level":"debug","message":"Converting in dedicated phantomjs 1.9.8","meta":{"rootId":"5j7ot2dnj5yti9p","id":"5j7ot2dnj5yti9p"},"id":"y91jbafie2x5zaq","previousOperationId":"v35nex2bke6qyv9"}
{"type":"log","timestamp":1676043132606,"level":"debug","message":"Request file:///C%3A%5CUsers%5Calegu%5CAppData%5CLocal%5CTemp%5Cf7033230-a483-4899-a7d7-171bf526239ahtml.html","meta":{"rootId":"5j7ot2dnj5yti9p","id":"5j7ot2dnj5yti9p"},"id":"87mv40fkqa7ag3s","previousOperationId":"v35nex2bke6qyv9"}
{"type":"log","timestamp":1676043132606,"level":"debug","message":"Request https://cdnjs.cloudflare.com/ajax/libs/Chart.js/2.1.6/Chart.min.js","meta":{"rootId":"5j7ot2dnj5yti9p","id":"5j7ot2dnj5yti9p"},"id":"xbxdy95nri3y37d","previousOperationId":"v35nex2bke6qyv9"}
{"type":"log","timestamp":1676043132606,"level":"debug","message":"PhantomJS printing done","meta":{"rootId":"5j7ot2dnj5yti9p","id":"5j7ot2dnj5yti9p"},"id":"cw34rsf3dft20u5","previousOperationId":"v35nex2bke6qyv9"}
{"type":"log","timestamp":1676043132606,"level":"debug","message":"PhantomJS printing done","meta":{"rootId":"5j7ot2dnj5yti9p","id":"5j7ot2dnj5yti9p"},"id":"hz75rmrn22qj1lz","previousOperationId":"v35nex2bke6qyv9"}
{"type":"log","timestamp":1676043132606,"level":"debug","message":"PhantomJS printing done","meta":{"rootId":"5j7ot2dnj5yti9p","id":"5j7ot2dnj5yti9p"},"id":"mwwnr032ifcsiis","previousOperationId":"v35nex2bke6qyv9"}
{"type":"log","timestamp":1676043132606,"level":"debug","message":"PhantomJS printing done","meta":{"rootId":"5j7ot2dnj5yti9p","id":"5j7ot2dnj5yti9p"},"id":"ayw3i9pn5f7px5q","previousOperationId":"v35nex2bke6qyv9"}
{"type":"log","timestamp":1676043132606,"level":"debug","message":"PhantomJS printing done","meta":{"rootId":"5j7ot2dnj5yti9p","id":"5j7ot2dnj5yti9p"},"id":"n3xaapn3exgeni3","previousOperationId":"v35nex2bke6qyv9"}
{"type":"log","timestamp":1676043132606,"level":"debug","message":"PhantomJS printing done","meta":{"rootId":"5j7ot2dnj5yti9p","id":"5j7ot2dnj5yti9p"},"id":"ix72n3qv9k299w4","previousOperationId":"v35nex2bke6qyv9"}
{"type":"log","timestamp":1676043132606,"level":"debug","message":"PhantomJS printing done","meta":{"rootId":"5j7ot2dnj5yti9p","id":"5j7ot2dnj5yti9p"},"id":"2i7zb2iga4osm9g","previousOperationId":"v35nex2bke6qyv9"}
{"type":"log","timestamp":1676043132606,"level":"debug","message":"PhantomJS printing done","meta":{"rootId":"5j7ot2dnj5yti9p","id":"5j7ot2dnj5yti9p"},"id":"qpp9jq7t65pmrpr","previousOperationId":"v35nex2bke6qyv9"}
{"type":"log","timestamp":1676043132606,"level":"debug","message":"PhantomJS printing done","meta":{"rootId":"5j7ot2dnj5yti9p","id":"5j7ot2dnj5yti9p"},"id":"23qducas4dhlb2d","previousOperationId":"v35nex2bke6qyv9"}
{"type":"log","timestamp":1676043132606,"level":"debug","message":"PhantomJS printing done","meta":{"rootId":"5j7ot2dnj5yti9p","id":"5j7ot2dnj5yti9p"},"id":"kg5ud1tax7gqr10","previousOperationId":"v35nex2bke6qyv9"}
{"type":"log","timestamp":1676043132606,"level":"debug","message":"Request http://intruct-javascript-ending/","meta":{"rootId":"5j7ot2dnj5yti9p","id":"5j7ot2dnj5yti9p"},"id":"cygkuuc656rx93d","previousOperationId":"v35nex2bke6qyv9"}
{"type":"log","timestamp":1676043132607,"level":"debug","message":"PhantomJS printing done","meta":{"rootId":"5j7ot2dnj5yti9p","id":"5j7ot2dnj5yti9p"},"id":"4gs7cwvw8fdik6x","previousOperationId":"v35nex2bke6qyv9"}
{"type":"log","timestamp":1676043132608,"level":"debug","message":"phantom-pdf recipe finished with 1 pages generated","meta":{"rootId":"5j7ot2dnj5yti9p","id":"5j7ot2dnj5yti9p"},"id":"qm4h3q6u6a22hxv","previousOperationId":"v35nex2bke6qyv9"}
{"type":"operationEnd","operationId":"v35nex2bke6qyv9","timestamp":1676043132608,"id":"skvi2gsva3hsvt2","previousEventId":"cw4x4nukdomweni","previousOperationId":"v35nex2bke6qyv9"}
{"type":"log","timestamp":1676043132608,"level":"debug","message":"Skipping storing report.","meta":{"rootId":"5j7ot2dnj5yti9p","id":"5j7ot2dnj5yti9p"},"id":"nir8krzaazu7r2y","previousOperationId":"v35nex2bke6qyv9"}
{"type":"log","timestamp":1676043132608,"level":"info","message":"Rendering request 19 finished in 4375 ms","meta":{"rootId":"5j7ot2dnj5yti9p","id":"5j7ot2dnj5yti9p"},"id":"mqblt864n9rbsf8","previousOperationId":"v35nex2bke6qyv9"}
{"type":"operationEnd","subtype":"render","operationId":"eqc7t5cw7xyk27l","timestamp":1676043132608,"id":"j7wp6fpg6e5ptxo","previousEventId":"skvi2gsva3hsvt2","previousOperationId":"v35nex2bke6qyv9"}
{"type":"operationEnd","doDiffs":false,"previousEventId":"4puda2j88964a4f","previousOperationId":"gcuyz8igwezqnvu","operationId":"gcuyz8igwezqnvu","timestamp":1676043132635,"id":"fxj1qdd4d35z31v"}
