{"type":"operationStart","subtype":"profile","data":{"_id":"gfVotnmMHiALgbZC","timestamp":"2023-02-09T19:05:26.874Z","state":"queued","mode":"standard","creationDate":"2023-02-09T19:05:26.878Z","modificationDate":"2023-02-09T19:05:26.878Z","shortid":"Pn-j8XS","$entitySet":"profiles"},"doDiffs":false,"timestamp":1675969526876,"id":"8o82mfealg0bj56","previousOperationId":null,"operationId":"27ts4nkir63447u"}
{"type":"log","level":"info","message":"Render request 5 queued for execution and waiting for available worker","previousOperationId":"27ts4nkir63447u","timestamp":1675969526876,"id":"qoz2l96c19p3s9m"}
{"type":"operationStart","subtype":"render","name":"chart","previousOperationId":"27ts4nkir63447u","timestamp":1675969526888,"id":"cg409z32dh6icgd","previousEventId":"8o82mfealg0bj56","operationId":"j81ktv01ce7yc1e"}
{"type":"log","timestamp":1675969526889,"level":"info","message":"Starting rendering request 5","meta":{"rootId":"66j70bm8674ccw3","id":"66j70bm8674ccw3"},"id":"eu5x9zguj4kkx4o","previousOperationId":"j81ktv01ce7yc1e"}
{"type":"log","timestamp":1675969526891,"level":"info","message":"Rendering template { name: chart, recipe: phantom-pdf, engine: handlebars, preview: true }","meta":{"rootId":"66j70bm8674ccw3","id":"66j70bm8674ccw3"},"id":"95wfdxta35qnixu","previousOperationId":"j81ktv01ce7yc1e"}
{"type":"log","timestamp":1675969526899,"level":"debug","message":"Inline data specified.","meta":{"rootId":"66j70bm8674ccw3","id":"66j70bm8674ccw3"},"id":"hegqkcore842agd","previousOperationId":"j81ktv01ce7yc1e"}
{"type":"log","timestamp":1675969526904,"level":"debug","message":"Base url not specified, skipping its injection.","meta":{"rootId":"66j70bm8674ccw3","id":"66j70bm8674ccw3"},"id":"ok1s4o54b8mjrny","previousOperationId":"j81ktv01ce7yc1e"}
{"type":"operationStart","subtype":"engine","name":"handlebars","timestamp":1675969526905,"id":"rv756uva98tyv7z","previousEventId":"cg409z32dh6icgd","operationId":"9wdkhcksqvv33p2","previousOperationId":"j81ktv01ce7yc1e"}
{"type":"log","timestamp":1675969526905,"level":"debug","message":"Rendering engine handlebars","meta":{"rootId":"66j70bm8674ccw3","id":"66j70bm8674ccw3"},"id":"idkeyn2e4j71f31","previousOperationId":"9wdkhcksqvv33p2"}
{"type":"operationEnd","operationId":"9wdkhcksqvv33p2","timestamp":1675969526932,"id":"xhn64njtpjjairx","previousEventId":"rv756uva98tyv7z","previousOperationId":"9wdkhcksqvv33p2"}
{"type":"operationStart","subtype":"recipe","name":"phantom-pdf","timestamp":1675969526933,"id":"wjb7yr1rsxzplrg","previousEventId":"xhn64njtpjjairx","operationId":"91o185s2coc46sr","previousOperationId":"9wdkhcksqvv33p2"}
{"type":"log","timestamp":1675969526933,"level":"debug","message":"Executing recipe phantom-pdf","meta":{"rootId":"66j70bm8674ccw3","id":"66j70bm8674ccw3"},"id":"laiapewwso5wtgw","previousOperationId":"91o185s2coc46sr"}
{"type":"log","timestamp":1675969529712,"level":"debug","message":"Converting in dedicated phantomjs 1.9.8","meta":{"rootId":"66j70bm8674ccw3","id":"66j70bm8674ccw3"},"id":"gkfich29gunt5ro","previousOperationId":"91o185s2coc46sr"}
{"type":"log","timestamp":1675969529713,"level":"debug","message":"Request file:///C%3A%5CUsers%5Calegu%5CAppData%5CLocal%5CTemp%5C420ee6ff-37e7-44f5-a934-22e09e4095a3html.html","meta":{"rootId":"66j70bm8674ccw3","id":"66j70bm8674ccw3"},"id":"gxy1feuftmpdp37","previousOperationId":"91o185s2coc46sr"}
{"type":"log","timestamp":1675969529713,"level":"debug","message":"Request https://cdnjs.cloudflare.com/ajax/libs/Chart.js/2.1.6/Chart.min.js","meta":{"rootId":"66j70bm8674ccw3","id":"66j70bm8674ccw3"},"id":"sjljou10zb05fs7","previousOperationId":"91o185s2coc46sr"}
{"type":"log","timestamp":1675969529713,"level":"debug","message":"PhantomJS printing done","meta":{"rootId":"66j70bm8674ccw3","id":"66j70bm8674ccw3"},"id":"tki0yaym0tqn3tu","previousOperationId":"91o185s2coc46sr"}
{"type":"log","timestamp":1675969529713,"level":"debug","message":"PhantomJS printing done","meta":{"rootId":"66j70bm8674ccw3","id":"66j70bm8674ccw3"},"id":"0ndk018r91pj30b","previousOperationId":"91o185s2coc46sr"}
{"type":"log","timestamp":1675969529713,"level":"debug","message":"PhantomJS printing done","meta":{"rootId":"66j70bm8674ccw3","id":"66j70bm8674ccw3"},"id":"o145dbvzmgg7v89","previousOperationId":"91o185s2coc46sr"}
{"type":"log","timestamp":1675969529713,"level":"debug","message":"PhantomJS printing done","meta":{"rootId":"66j70bm8674ccw3","id":"66j70bm8674ccw3"},"id":"9ty1vlhwqf4tfq0","previousOperationId":"91o185s2coc46sr"}
{"type":"log","timestamp":1675969529713,"level":"debug","message":"PhantomJS printing done","meta":{"rootId":"66j70bm8674ccw3","id":"66j70bm8674ccw3"},"id":"dqzrlns0ychpitu","previousOperationId":"91o185s2coc46sr"}
{"type":"log","timestamp":1675969529713,"level":"debug","message":"PhantomJS printing done","meta":{"rootId":"66j70bm8674ccw3","id":"66j70bm8674ccw3"},"id":"td69tp9b89dyasf","previousOperationId":"91o185s2coc46sr"}
{"type":"log","timestamp":1675969529713,"level":"debug","message":"PhantomJS printing done","meta":{"rootId":"66j70bm8674ccw3","id":"66j70bm8674ccw3"},"id":"fzttxv5eq8ewzyb","previousOperationId":"91o185s2coc46sr"}
{"type":"log","timestamp":1675969529713,"level":"debug","message":"PhantomJS printing done","meta":{"rootId":"66j70bm8674ccw3","id":"66j70bm8674ccw3"},"id":"jwqlhlpwb0xfq4v","previousOperationId":"91o185s2coc46sr"}
{"type":"log","timestamp":1675969529713,"level":"debug","message":"PhantomJS printing done","meta":{"rootId":"66j70bm8674ccw3","id":"66j70bm8674ccw3"},"id":"3svpuxvju9uscgn","previousOperationId":"91o185s2coc46sr"}
{"type":"log","timestamp":1675969529713,"level":"debug","message":"Request http://intruct-javascript-ending/","meta":{"rootId":"66j70bm8674ccw3","id":"66j70bm8674ccw3"},"id":"ijyg8te7cfla8sd","previousOperationId":"91o185s2coc46sr"}
{"type":"log","timestamp":1675969529713,"level":"debug","message":"PhantomJS printing done","meta":{"rootId":"66j70bm8674ccw3","id":"66j70bm8674ccw3"},"id":"3ejg04364ozzkly","previousOperationId":"91o185s2coc46sr"}
{"type":"log","timestamp":1675969529715,"level":"debug","message":"phantom-pdf recipe finished with 1 pages generated","meta":{"rootId":"66j70bm8674ccw3","id":"66j70bm8674ccw3"},"id":"7e8tbz6cpc10yi0","previousOperationId":"91o185s2coc46sr"}
{"type":"operationEnd","operationId":"91o185s2coc46sr","timestamp":1675969529715,"id":"fqdnmjkbbdwe6hu","previousEventId":"wjb7yr1rsxzplrg","previousOperationId":"91o185s2coc46sr"}
{"type":"log","timestamp":1675969529715,"level":"debug","message":"Skipping storing report.","meta":{"rootId":"66j70bm8674ccw3","id":"66j70bm8674ccw3"},"id":"fx4o6h7x9npljsi","previousOperationId":"91o185s2coc46sr"}
{"type":"log","timestamp":1675969529715,"level":"info","message":"Rendering request 5 finished in 2841 ms","meta":{"rootId":"66j70bm8674ccw3","id":"66j70bm8674ccw3"},"id":"n5c1q5mf8p31xcf","previousOperationId":"91o185s2coc46sr"}
{"type":"operationEnd","subtype":"render","operationId":"j81ktv01ce7yc1e","timestamp":1675969529715,"id":"4n6bts4g3nc5f5l","previousEventId":"fqdnmjkbbdwe6hu","previousOperationId":"91o185s2coc46sr"}
{"type":"operationEnd","doDiffs":false,"previousEventId":"8o82mfealg0bj56","previousOperationId":"27ts4nkir63447u","operationId":"27ts4nkir63447u","timestamp":1675969529744,"id":"pizv947z3uz8acy"}
