{"type":"operationStart","subtype":"profile","data":{"_id":"IscdHGkqDkOxt1BZ","timestamp":"2023-02-09T19:51:15.407Z","state":"queued","mode":"standard","creationDate":"2023-02-09T19:51:15.410Z","modificationDate":"2023-02-09T19:51:15.410Z","shortid":"mRQ85nr","$entitySet":"profiles"},"doDiffs":false,"timestamp":1675972275408,"id":"bk7g9ksm87vohre","previousOperationId":null,"operationId":"gnrbu6mvxgn7hcm"}
{"type":"log","level":"info","message":"Render request 20 queued for execution and waiting for available worker","previousOperationId":"gnrbu6mvxgn7hcm","timestamp":1675972275409,"id":"r5pgdj61k54cs8q"}
{"type":"operationStart","subtype":"render","name":"chart","previousOperationId":"gnrbu6mvxgn7hcm","timestamp":1675972275420,"id":"q3zi4hhldqkomla","previousEventId":"bk7g9ksm87vohre","operationId":"f57t48tsyk2gedp"}
{"type":"log","timestamp":1675972275421,"level":"info","message":"Starting rendering request 20","meta":{"rootId":"6bzkn3v8da5za0a","id":"6bzkn3v8da5za0a"},"id":"tmuvid2jupir8d5","previousOperationId":"f57t48tsyk2gedp"}
{"type":"log","timestamp":1675972275421,"level":"info","message":"Rendering template { name: chart, recipe: phantom-pdf, engine: handlebars, preview: true }","meta":{"rootId":"6bzkn3v8da5za0a","id":"6bzkn3v8da5za0a"},"id":"c08mprdxmmyp269","previousOperationId":"f57t48tsyk2gedp"}
{"type":"log","timestamp":1675972275425,"level":"debug","message":"Inline data specified.","meta":{"rootId":"6bzkn3v8da5za0a","id":"6bzkn3v8da5za0a"},"id":"awzr8na87dffkzj","previousOperationId":"f57t48tsyk2gedp"}
{"type":"log","timestamp":1675972275430,"level":"debug","message":"Base url not specified, skipping its injection.","meta":{"rootId":"6bzkn3v8da5za0a","id":"6bzkn3v8da5za0a"},"id":"oza1d76ivaiuupe","previousOperationId":"f57t48tsyk2gedp"}
{"type":"operationStart","subtype":"engine","name":"handlebars","timestamp":1675972275430,"id":"q2259ph6wgvlul0","previousEventId":"q3zi4hhldqkomla","operationId":"sbda8ozqsfmuwsl","previousOperationId":"f57t48tsyk2gedp"}
{"type":"log","timestamp":1675972275430,"level":"debug","message":"Rendering engine handlebars","meta":{"rootId":"6bzkn3v8da5za0a","id":"6bzkn3v8da5za0a"},"id":"tu25rne1yrsn6ad","previousOperationId":"sbda8ozqsfmuwsl"}
{"type":"operationEnd","operationId":"sbda8ozqsfmuwsl","timestamp":1675972275450,"id":"cdyv3lyrrpfm5ve","previousEventId":"q2259ph6wgvlul0","previousOperationId":"sbda8ozqsfmuwsl"}
{"type":"operationStart","subtype":"recipe","name":"phantom-pdf","timestamp":1675972275450,"id":"skx7nwlx19li978","previousEventId":"cdyv3lyrrpfm5ve","operationId":"fryhf9d0dig4q4t","previousOperationId":"sbda8ozqsfmuwsl"}
{"type":"log","timestamp":1675972275450,"level":"debug","message":"Executing recipe phantom-pdf","meta":{"rootId":"6bzkn3v8da5za0a","id":"6bzkn3v8da5za0a"},"id":"7kx91lw4eadfeef","previousOperationId":"fryhf9d0dig4q4t"}
{"type":"log","timestamp":1675972278287,"level":"debug","message":"Converting in dedicated phantomjs 1.9.8","meta":{"rootId":"6bzkn3v8da5za0a","id":"6bzkn3v8da5za0a"},"id":"1zq9xo1m7xrxaxo","previousOperationId":"fryhf9d0dig4q4t"}
{"type":"log","timestamp":1675972278287,"level":"debug","message":"Request file:///C%3A%5CUsers%5Calegu%5CAppData%5CLocal%5CTemp%5Cf45a2659-28b7-4249-b9f7-a7f0f202cb2bhtml.html","meta":{"rootId":"6bzkn3v8da5za0a","id":"6bzkn3v8da5za0a"},"id":"2k0a5bhvm2e3iq1","previousOperationId":"fryhf9d0dig4q4t"}
{"type":"log","timestamp":1675972278287,"level":"debug","message":"Request https://cdnjs.cloudflare.com/ajax/libs/Chart.js/2.1.6/Chart.min.js","meta":{"rootId":"6bzkn3v8da5za0a","id":"6bzkn3v8da5za0a"},"id":"ln2fyev5k1dp07y","previousOperationId":"fryhf9d0dig4q4t"}
{"type":"log","timestamp":1675972278287,"level":"debug","message":"PhantomJS printing done","meta":{"rootId":"6bzkn3v8da5za0a","id":"6bzkn3v8da5za0a"},"id":"76ukmzcwfr24xm2","previousOperationId":"fryhf9d0dig4q4t"}
{"type":"log","timestamp":1675972278287,"level":"debug","message":"PhantomJS printing done","meta":{"rootId":"6bzkn3v8da5za0a","id":"6bzkn3v8da5za0a"},"id":"c2psgl5zvp20hag","previousOperationId":"fryhf9d0dig4q4t"}
{"type":"log","timestamp":1675972278287,"level":"debug","message":"PhantomJS printing done","meta":{"rootId":"6bzkn3v8da5za0a","id":"6bzkn3v8da5za0a"},"id":"xex49xiwwtlzcou","previousOperationId":"fryhf9d0dig4q4t"}
{"type":"log","timestamp":1675972278287,"level":"debug","message":"PhantomJS printing done","meta":{"rootId":"6bzkn3v8da5za0a","id":"6bzkn3v8da5za0a"},"id":"g1h7pzk0rb56ayq","previousOperationId":"fryhf9d0dig4q4t"}
{"type":"log","timestamp":1675972278287,"level":"debug","message":"PhantomJS printing done","meta":{"rootId":"6bzkn3v8da5za0a","id":"6bzkn3v8da5za0a"},"id":"73p0umugiy88fmf","previousOperationId":"fryhf9d0dig4q4t"}
{"type":"log","timestamp":1675972278287,"level":"debug","message":"PhantomJS printing done","meta":{"rootId":"6bzkn3v8da5za0a","id":"6bzkn3v8da5za0a"},"id":"pjajkt99lhkihmf","previousOperationId":"fryhf9d0dig4q4t"}
{"type":"log","timestamp":1675972278288,"level":"debug","message":"PhantomJS printing done","meta":{"rootId":"6bzkn3v8da5za0a","id":"6bzkn3v8da5za0a"},"id":"m9d73r33a7fc1q7","previousOperationId":"fryhf9d0dig4q4t"}
{"type":"log","timestamp":1675972278288,"level":"debug","message":"PhantomJS printing done","meta":{"rootId":"6bzkn3v8da5za0a","id":"6bzkn3v8da5za0a"},"id":"fkewaornru74l66","previousOperationId":"fryhf9d0dig4q4t"}
{"type":"log","timestamp":1675972278288,"level":"debug","message":"PhantomJS printing done","meta":{"rootId":"6bzkn3v8da5za0a","id":"6bzkn3v8da5za0a"},"id":"3ziu421ia41g4il","previousOperationId":"fryhf9d0dig4q4t"}
{"type":"log","timestamp":1675972278288,"level":"debug","message":"Request http://intruct-javascript-ending/","meta":{"rootId":"6bzkn3v8da5za0a","id":"6bzkn3v8da5za0a"},"id":"0iu8e7qf35qhpgd","previousOperationId":"fryhf9d0dig4q4t"}
{"type":"log","timestamp":1675972278288,"level":"debug","message":"PhantomJS printing done","meta":{"rootId":"6bzkn3v8da5za0a","id":"6bzkn3v8da5za0a"},"id":"mlvcjotrchgy9nc","previousOperationId":"fryhf9d0dig4q4t"}
{"type":"log","timestamp":1675972278289,"level":"debug","message":"phantom-pdf recipe finished with 1 pages generated","meta":{"rootId":"6bzkn3v8da5za0a","id":"6bzkn3v8da5za0a"},"id":"q5es1ej41xgvevi","previousOperationId":"fryhf9d0dig4q4t"}
{"type":"operationEnd","operationId":"fryhf9d0dig4q4t","timestamp":1675972278289,"id":"ypjs69o4u55sb6s","previousEventId":"skx7nwlx19li978","previousOperationId":"fryhf9d0dig4q4t"}
{"type":"log","timestamp":1675972278289,"level":"debug","message":"Skipping storing report.","meta":{"rootId":"6bzkn3v8da5za0a","id":"6bzkn3v8da5za0a"},"id":"ju4d395saxy869v","previousOperationId":"fryhf9d0dig4q4t"}
{"type":"log","timestamp":1675972278289,"level":"info","message":"Rendering request 20 finished in 2882 ms","meta":{"rootId":"6bzkn3v8da5za0a","id":"6bzkn3v8da5za0a"},"id":"7i22uwr7uqkujwz","previousOperationId":"fryhf9d0dig4q4t"}
{"type":"operationEnd","subtype":"render","operationId":"f57t48tsyk2gedp","timestamp":1675972278289,"id":"wc8p4zryj318w7r","previousEventId":"ypjs69o4u55sb6s","previousOperationId":"fryhf9d0dig4q4t"}
{"type":"operationEnd","doDiffs":false,"previousEventId":"bk7g9ksm87vohre","previousOperationId":"gnrbu6mvxgn7hcm","operationId":"gnrbu6mvxgn7hcm","timestamp":1675972278313,"id":"vceizo8abcxzase"}
