{"type":"operationStart","subtype":"profile","data":{"_id":"0pOLXxqhjEKbjEkr","timestamp":"2023-02-10T15:38:40.493Z","state":"queued","mode":"standard","creationDate":"2023-02-10T15:38:40.495Z","modificationDate":"2023-02-10T15:38:40.495Z","shortid":"25IXeFN","$entitySet":"profiles"},"doDiffs":false,"timestamp":1676043520494,"id":"pit2j7jo60ebl5n","previousOperationId":null,"operationId":"9a242rvh3ckttz6"}
{"type":"log","level":"info","message":"Render request 27 queued for execution and waiting for available worker","previousOperationId":"9a242rvh3ckttz6","timestamp":1676043520494,"id":"pviurqs7n17b92j"}
{"type":"operationStart","subtype":"render","name":"chart","previousOperationId":"9a242rvh3ckttz6","timestamp":1676043520507,"id":"n5fz13p7wukpyuv","previousEventId":"pit2j7jo60ebl5n","operationId":"ficiy6hssoa8jhb"}
{"type":"log","timestamp":1676043520508,"level":"info","message":"Starting rendering request 27","meta":{"rootId":"751dl7yv0gp7321","id":"751dl7yv0gp7321"},"id":"cz0lu7ks0nceuul","previousOperationId":"ficiy6hssoa8jhb"}
{"type":"log","timestamp":1676043520510,"level":"info","message":"Rendering template { name: chart, recipe: phantom-pdf, engine: handlebars, preview: true }","meta":{"rootId":"751dl7yv0gp7321","id":"751dl7yv0gp7321"},"id":"zss39zkkw45j3eo","previousOperationId":"ficiy6hssoa8jhb"}
{"type":"log","timestamp":1676043520513,"level":"debug","message":"Data item not defined for this template.","meta":{"rootId":"751dl7yv0gp7321","id":"751dl7yv0gp7321"},"id":"i7avd804x8mnjqc","previousOperationId":"ficiy6hssoa8jhb"}
{"type":"log","timestamp":1676043520517,"level":"debug","message":"Executing script chartscript (beforeRender)","meta":{"rootId":"751dl7yv0gp7321","id":"751dl7yv0gp7321"},"id":"z520pcwlqzj0tul","previousOperationId":"ficiy6hssoa8jhb"}
{"type":"operationStart","subtype":"scriptsBeforeRender","name":"scripts beforeRender","timestamp":1676043520543,"id":"894kyoc1xroe3d4","previousEventId":"n5fz13p7wukpyuv","operationId":"l6opvjfrrnw8vys","previousOperationId":"ficiy6hssoa8jhb"}
{"type":"operationStart","subtype":"script","name":"scripts chartscript","previousOperationId":"l6opvjfrrnw8vys","timestamp":1676043520543,"id":"ckc104silbdqzat","previousEventId":"894kyoc1xroe3d4","operationId":"g9eag8l9ydfd5lt"}
{"type":"log","timestamp":1676043520735,"level":"debug","message":"(console:log) [ 20, 10 ]","meta":{"userLevel":true,"rootId":"751dl7yv0gp7321","id":"751dl7yv0gp7321"},"id":"i225yzh8v4h84ne","previousOperationId":"g9eag8l9ydfd5lt"}
{"type":"log","timestamp":1676043520737,"level":"debug","message":"(console:log) [ 20, 10 ]","meta":{"userLevel":true,"rootId":"751dl7yv0gp7321","id":"751dl7yv0gp7321"},"id":"gdvo0k5ovmgsifj","previousOperationId":"g9eag8l9ydfd5lt"}
{"type":"operationEnd","operationId":"g9eag8l9ydfd5lt","timestamp":1676043520738,"id":"zfdmp1d7huhof5g","previousEventId":"n5fz13p7wukpyuv","previousOperationId":"ficiy6hssoa8jhb"}
{"type":"operationEnd","operationId":"l6opvjfrrnw8vys","timestamp":1676043520738,"id":"919nlja4p4ssx6d","previousEventId":"zfdmp1d7huhof5g","previousOperationId":"ficiy6hssoa8jhb"}
{"type":"log","timestamp":1676043520738,"level":"debug","message":"Base url not specified, skipping its injection.","meta":{"rootId":"751dl7yv0gp7321","id":"751dl7yv0gp7321"},"id":"b3qnqtsobinw4g9","previousOperationId":"l6opvjfrrnw8vys"}
{"type":"operationStart","subtype":"engine","name":"handlebars","timestamp":1676043520739,"id":"wcucniwcqvbwi92","previousEventId":"919nlja4p4ssx6d","operationId":"fgkon7084x8lwf7","previousOperationId":"l6opvjfrrnw8vys"}
{"type":"log","timestamp":1676043520739,"level":"debug","message":"Rendering engine handlebars","meta":{"rootId":"751dl7yv0gp7321","id":"751dl7yv0gp7321"},"id":"qa5xmhqhzsx968x","previousOperationId":"fgkon7084x8lwf7"}
{"type":"log","timestamp":1676043520759,"level":"debug","message":"(console:log) [ 20, 10 ]","meta":{"userLevel":true,"rootId":"751dl7yv0gp7321","id":"751dl7yv0gp7321"},"id":"aoj81z6zm94ou7p","previousOperationId":"fgkon7084x8lwf7"}
{"type":"log","timestamp":1676043520759,"level":"debug","message":"(console:log) [20,10]","meta":{"userLevel":true,"rootId":"751dl7yv0gp7321","id":"751dl7yv0gp7321"},"id":"ov9b5pkfijhfzdc","previousOperationId":"fgkon7084x8lwf7"}
{"type":"operationEnd","operationId":"fgkon7084x8lwf7","timestamp":1676043520759,"id":"488ez3cz8cym4n1","previousEventId":"wcucniwcqvbwi92","previousOperationId":"fgkon7084x8lwf7"}
{"type":"operationStart","subtype":"recipe","name":"phantom-pdf","timestamp":1676043520759,"id":"pn1p0mfzxj5x5lz","previousEventId":"488ez3cz8cym4n1","operationId":"pk8sp25onwhri0u","previousOperationId":"fgkon7084x8lwf7"}
{"type":"log","timestamp":1676043520759,"level":"debug","message":"Executing recipe phantom-pdf","meta":{"rootId":"751dl7yv0gp7321","id":"751dl7yv0gp7321"},"id":"l8g2pqyu732ttfu","previousOperationId":"pk8sp25onwhri0u"}
{"type":"log","timestamp":1676043525403,"level":"debug","message":"Converting in dedicated phantomjs 1.9.8","meta":{"rootId":"751dl7yv0gp7321","id":"751dl7yv0gp7321"},"id":"lrw20nxwrilupaw","previousOperationId":"pk8sp25onwhri0u"}
{"type":"log","timestamp":1676043525403,"level":"debug","message":"Request file:///C%3A%5CUsers%5Calegu%5CAppData%5CLocal%5CTemp%5Cbfc0ebae-a0ad-421b-8655-85c351c0dcadhtml.html","meta":{"rootId":"751dl7yv0gp7321","id":"751dl7yv0gp7321"},"id":"bfob862er9amf2f","previousOperationId":"pk8sp25onwhri0u"}
{"type":"log","timestamp":1676043525403,"level":"debug","message":"Request https://cdnjs.cloudflare.com/ajax/libs/Chart.js/2.1.6/Chart.min.js","meta":{"rootId":"751dl7yv0gp7321","id":"751dl7yv0gp7321"},"id":"806ltyqwcj4a61x","previousOperationId":"pk8sp25onwhri0u"}
{"type":"log","timestamp":1676043525403,"level":"debug","message":"PhantomJS printing done","meta":{"rootId":"751dl7yv0gp7321","id":"751dl7yv0gp7321"},"id":"pvwlvuvc9adcw65","previousOperationId":"pk8sp25onwhri0u"}
{"type":"log","timestamp":1676043525403,"level":"debug","message":"PhantomJS printing done","meta":{"rootId":"751dl7yv0gp7321","id":"751dl7yv0gp7321"},"id":"qzhncyimt385smz","previousOperationId":"pk8sp25onwhri0u"}
{"type":"log","timestamp":1676043525403,"level":"debug","message":"PhantomJS printing done","meta":{"rootId":"751dl7yv0gp7321","id":"751dl7yv0gp7321"},"id":"oqez5k10rnqxwrj","previousOperationId":"pk8sp25onwhri0u"}
{"type":"log","timestamp":1676043525403,"level":"debug","message":"PhantomJS printing done","meta":{"rootId":"751dl7yv0gp7321","id":"751dl7yv0gp7321"},"id":"7hs61o9dlm0wjep","previousOperationId":"pk8sp25onwhri0u"}
{"type":"log","timestamp":1676043525403,"level":"debug","message":"PhantomJS printing done","meta":{"rootId":"751dl7yv0gp7321","id":"751dl7yv0gp7321"},"id":"d0yn9cglx1i7psv","previousOperationId":"pk8sp25onwhri0u"}
{"type":"log","timestamp":1676043525403,"level":"debug","message":"PhantomJS printing done","meta":{"rootId":"751dl7yv0gp7321","id":"751dl7yv0gp7321"},"id":"fxbw1ruow20xd61","previousOperationId":"pk8sp25onwhri0u"}
{"type":"log","timestamp":1676043525403,"level":"debug","message":"PhantomJS printing done","meta":{"rootId":"751dl7yv0gp7321","id":"751dl7yv0gp7321"},"id":"vcq3fkz7ighy0fe","previousOperationId":"pk8sp25onwhri0u"}
{"type":"log","timestamp":1676043525403,"level":"debug","message":"PhantomJS printing done","meta":{"rootId":"751dl7yv0gp7321","id":"751dl7yv0gp7321"},"id":"i4v7g8e2diient3","previousOperationId":"pk8sp25onwhri0u"}
{"type":"log","timestamp":1676043525403,"level":"debug","message":"PhantomJS printing done","meta":{"rootId":"751dl7yv0gp7321","id":"751dl7yv0gp7321"},"id":"pj6cf3lyfp2csy8","previousOperationId":"pk8sp25onwhri0u"}
{"type":"log","timestamp":1676043525403,"level":"debug","message":"PhantomJS printing done","meta":{"rootId":"751dl7yv0gp7321","id":"751dl7yv0gp7321"},"id":"zjfvp8kb567m3ur","previousOperationId":"pk8sp25onwhri0u"}
{"type":"log","timestamp":1676043525403,"level":"debug","message":"Request http://intruct-javascript-ending/","meta":{"rootId":"751dl7yv0gp7321","id":"751dl7yv0gp7321"},"id":"ea0jrxhzpr9s47c","previousOperationId":"pk8sp25onwhri0u"}
{"type":"log","timestamp":1676043525403,"level":"debug","message":"PhantomJS printing done","meta":{"rootId":"751dl7yv0gp7321","id":"751dl7yv0gp7321"},"id":"ooy7pa7jiywsln3","previousOperationId":"pk8sp25onwhri0u"}
{"type":"log","timestamp":1676043525406,"level":"debug","message":"phantom-pdf recipe finished with 1 pages generated","meta":{"rootId":"751dl7yv0gp7321","id":"751dl7yv0gp7321"},"id":"z274145fsjv5d97","previousOperationId":"pk8sp25onwhri0u"}
{"type":"operationEnd","operationId":"pk8sp25onwhri0u","timestamp":1676043525406,"id":"kf3sbq9i17r5gv8","previousEventId":"pn1p0mfzxj5x5lz","previousOperationId":"pk8sp25onwhri0u"}
{"type":"log","timestamp":1676043525406,"level":"debug","message":"Skipping storing report.","meta":{"rootId":"751dl7yv0gp7321","id":"751dl7yv0gp7321"},"id":"ub90x4hoe09t6tq","previousOperationId":"pk8sp25onwhri0u"}
{"type":"log","timestamp":1676043525406,"level":"info","message":"Rendering request 27 finished in 4913 ms","meta":{"rootId":"751dl7yv0gp7321","id":"751dl7yv0gp7321"},"id":"a4lc94hi4kqf6rr","previousOperationId":"pk8sp25onwhri0u"}
{"type":"operationEnd","subtype":"render","operationId":"ficiy6hssoa8jhb","timestamp":1676043525406,"id":"5hpdm289k9jrxh9","previousEventId":"kf3sbq9i17r5gv8","previousOperationId":"pk8sp25onwhri0u"}
{"type":"operationEnd","doDiffs":false,"previousEventId":"pit2j7jo60ebl5n","previousOperationId":"9a242rvh3ckttz6","operationId":"9a242rvh3ckttz6","timestamp":1676043525432,"id":"mv6bw7dj27a96ea"}
