{"type":"operationStart","subtype":"profile","data":{"_id":"9FhaQJehHNP1fQVy","timestamp":"2023-02-09T19:53:51.547Z","state":"queued","mode":"standard","creationDate":"2023-02-09T19:53:51.551Z","modificationDate":"2023-02-09T19:53:51.551Z","shortid":"yjtB6xD","$entitySet":"profiles"},"doDiffs":false,"timestamp":1675972431548,"id":"iztq4xqdykf2sfz","previousOperationId":null,"operationId":"nep8geuc1k4b6om"}
{"type":"log","level":"info","message":"Render request 28 queued for execution and waiting for available worker","previousOperationId":"nep8geuc1k4b6om","timestamp":1675972431548,"id":"6nt0cjo9gzs5hgv"}
{"type":"operationStart","subtype":"render","name":"chart","previousOperationId":"nep8geuc1k4b6om","timestamp":1675972431560,"id":"awqnapnrelos40z","previousEventId":"iztq4xqdykf2sfz","operationId":"v8gblr3kth30yf8"}
{"type":"log","timestamp":1675972431560,"level":"info","message":"Starting rendering request 28","meta":{"rootId":"7ec2k2a9ym1e7se","id":"7ec2k2a9ym1e7se"},"id":"us87w9agx22r39g","previousOperationId":"v8gblr3kth30yf8"}
{"type":"log","timestamp":1675972431561,"level":"info","message":"Rendering template { name: chart, recipe: phantom-pdf, engine: handlebars, preview: true }","meta":{"rootId":"7ec2k2a9ym1e7se","id":"7ec2k2a9ym1e7se"},"id":"fj5rd0o67t71sgz","previousOperationId":"v8gblr3kth30yf8"}
{"type":"log","timestamp":1675972431579,"level":"debug","message":"Inline data specified.","meta":{"rootId":"7ec2k2a9ym1e7se","id":"7ec2k2a9ym1e7se"},"id":"xpkzjljczvuuieh","previousOperationId":"v8gblr3kth30yf8"}
{"type":"log","timestamp":1675972431587,"level":"debug","message":"Base url not specified, skipping its injection.","meta":{"rootId":"7ec2k2a9ym1e7se","id":"7ec2k2a9ym1e7se"},"id":"02npl1dueyketbh","previousOperationId":"v8gblr3kth30yf8"}
{"type":"operationStart","subtype":"engine","name":"handlebars","timestamp":1675972431587,"id":"8b2knt32hiscnru","previousEventId":"awqnapnrelos40z","operationId":"xu0mblfk6qio8ut","previousOperationId":"v8gblr3kth30yf8"}
{"type":"log","timestamp":1675972431587,"level":"debug","message":"Rendering engine handlebars","meta":{"rootId":"7ec2k2a9ym1e7se","id":"7ec2k2a9ym1e7se"},"id":"jt9bykdnme51nh1","previousOperationId":"xu0mblfk6qio8ut"}
{"type":"operationEnd","operationId":"xu0mblfk6qio8ut","timestamp":1675972431614,"id":"d5ets7c5f9m7y75","previousEventId":"8b2knt32hiscnru","previousOperationId":"xu0mblfk6qio8ut"}
{"type":"operationStart","subtype":"recipe","name":"phantom-pdf","timestamp":1675972431614,"id":"7lbfcxqe08kxr3h","previousEventId":"d5ets7c5f9m7y75","operationId":"8pxcjepp39zmzyf","previousOperationId":"xu0mblfk6qio8ut"}
{"type":"log","timestamp":1675972431614,"level":"debug","message":"Executing recipe phantom-pdf","meta":{"rootId":"7ec2k2a9ym1e7se","id":"7ec2k2a9ym1e7se"},"id":"i0nzmfi8jii9atf","previousOperationId":"8pxcjepp39zmzyf"}
{"type":"log","timestamp":1675972434374,"level":"debug","message":"Converting in dedicated phantomjs 1.9.8","meta":{"rootId":"7ec2k2a9ym1e7se","id":"7ec2k2a9ym1e7se"},"id":"c04xdb0cddnrgaj","previousOperationId":"8pxcjepp39zmzyf"}
{"type":"log","timestamp":1675972434374,"level":"debug","message":"Request file:///C%3A%5CUsers%5Calegu%5CAppData%5CLocal%5CTemp%5C9b25f5fa-8bb5-4817-8238-2cb4411d3db5html.html","meta":{"rootId":"7ec2k2a9ym1e7se","id":"7ec2k2a9ym1e7se"},"id":"pg6w8h30n3tsnma","previousOperationId":"8pxcjepp39zmzyf"}
{"type":"log","timestamp":1675972434374,"level":"debug","message":"Request https://cdnjs.cloudflare.com/ajax/libs/Chart.js/2.1.6/Chart.min.js","meta":{"rootId":"7ec2k2a9ym1e7se","id":"7ec2k2a9ym1e7se"},"id":"0pejxovc9v9r799","previousOperationId":"8pxcjepp39zmzyf"}
{"type":"log","timestamp":1675972434374,"level":"debug","message":"PhantomJS printing done","meta":{"rootId":"7ec2k2a9ym1e7se","id":"7ec2k2a9ym1e7se"},"id":"mx53uyaqxd6pvk0","previousOperationId":"8pxcjepp39zmzyf"}
{"type":"log","timestamp":1675972434374,"level":"debug","message":"PhantomJS printing done","meta":{"rootId":"7ec2k2a9ym1e7se","id":"7ec2k2a9ym1e7se"},"id":"tmh45dg0jqh19yh","previousOperationId":"8pxcjepp39zmzyf"}
{"type":"log","timestamp":1675972434374,"level":"debug","message":"PhantomJS printing done","meta":{"rootId":"7ec2k2a9ym1e7se","id":"7ec2k2a9ym1e7se"},"id":"b7ncjwlswaab3gb","previousOperationId":"8pxcjepp39zmzyf"}
{"type":"log","timestamp":1675972434374,"level":"debug","message":"PhantomJS printing done","meta":{"rootId":"7ec2k2a9ym1e7se","id":"7ec2k2a9ym1e7se"},"id":"i72ntbqnlokn098","previousOperationId":"8pxcjepp39zmzyf"}
{"type":"log","timestamp":1675972434374,"level":"debug","message":"PhantomJS printing done","meta":{"rootId":"7ec2k2a9ym1e7se","id":"7ec2k2a9ym1e7se"},"id":"v48o5ai4vd78x8o","previousOperationId":"8pxcjepp39zmzyf"}
{"type":"log","timestamp":1675972434374,"level":"debug","message":"PhantomJS printing done","meta":{"rootId":"7ec2k2a9ym1e7se","id":"7ec2k2a9ym1e7se"},"id":"3xtar7vj3jqhy26","previousOperationId":"8pxcjepp39zmzyf"}
{"type":"log","timestamp":1675972434374,"level":"debug","message":"PhantomJS printing done","meta":{"rootId":"7ec2k2a9ym1e7se","id":"7ec2k2a9ym1e7se"},"id":"cp2yakkgbvbz10i","previousOperationId":"8pxcjepp39zmzyf"}
{"type":"log","timestamp":1675972434374,"level":"debug","message":"PhantomJS printing done","meta":{"rootId":"7ec2k2a9ym1e7se","id":"7ec2k2a9ym1e7se"},"id":"puwfxnhmxoajr7p","previousOperationId":"8pxcjepp39zmzyf"}
{"type":"log","timestamp":1675972434374,"level":"debug","message":"PhantomJS printing done","meta":{"rootId":"7ec2k2a9ym1e7se","id":"7ec2k2a9ym1e7se"},"id":"c0j01ua63ub0gx7","previousOperationId":"8pxcjepp39zmzyf"}
{"type":"log","timestamp":1675972434374,"level":"debug","message":"Request http://intruct-javascript-ending/","meta":{"rootId":"7ec2k2a9ym1e7se","id":"7ec2k2a9ym1e7se"},"id":"f6vqhys3ufg7w01","previousOperationId":"8pxcjepp39zmzyf"}
{"type":"log","timestamp":1675972434375,"level":"debug","message":"PhantomJS printing done","meta":{"rootId":"7ec2k2a9ym1e7se","id":"7ec2k2a9ym1e7se"},"id":"fdyep6ay8xdmpej","previousOperationId":"8pxcjepp39zmzyf"}
{"type":"log","timestamp":1675972434376,"level":"debug","message":"phantom-pdf recipe finished with 1 pages generated","meta":{"rootId":"7ec2k2a9ym1e7se","id":"7ec2k2a9ym1e7se"},"id":"slsgwixsl8oq6eh","previousOperationId":"8pxcjepp39zmzyf"}
{"type":"operationEnd","operationId":"8pxcjepp39zmzyf","timestamp":1675972434376,"id":"dpu8vigpebw0hhh","previousEventId":"7lbfcxqe08kxr3h","previousOperationId":"8pxcjepp39zmzyf"}
{"type":"log","timestamp":1675972434376,"level":"debug","message":"Skipping storing report.","meta":{"rootId":"7ec2k2a9ym1e7se","id":"7ec2k2a9ym1e7se"},"id":"b5oe6u2cr18nakx","previousOperationId":"8pxcjepp39zmzyf"}
{"type":"log","timestamp":1675972434376,"level":"info","message":"Rendering request 28 finished in 2829 ms","meta":{"rootId":"7ec2k2a9ym1e7se","id":"7ec2k2a9ym1e7se"},"id":"6mcbdoqwwzxq629","previousOperationId":"8pxcjepp39zmzyf"}
{"type":"operationEnd","subtype":"render","operationId":"v8gblr3kth30yf8","timestamp":1675972434376,"id":"9xobs536rb13ryf","previousEventId":"dpu8vigpebw0hhh","previousOperationId":"8pxcjepp39zmzyf"}
{"type":"operationEnd","doDiffs":false,"previousEventId":"iztq4xqdykf2sfz","previousOperationId":"nep8geuc1k4b6om","operationId":"nep8geuc1k4b6om","timestamp":1675972434410,"id":"ok4tj9r3vo35l76"}
