{"type":"operationStart","subtype":"profile","data":{"_id":"vAR8qb5JTtkwx1Ii","timestamp":"2023-02-10T15:39:42.911Z","state":"queued","mode":"standard","creationDate":"2023-02-10T15:39:42.913Z","modificationDate":"2023-02-10T15:39:42.913Z","shortid":"68b_nTP","$entitySet":"profiles"},"doDiffs":false,"timestamp":1676043582912,"id":"rxswevbp0ut8e0m","previousOperationId":null,"operationId":"3zkv4eqe2oh7avv"}
{"type":"log","level":"info","message":"Render request 29 queued for execution and waiting for available worker","previousOperationId":"3zkv4eqe2oh7avv","timestamp":1676043582912,"id":"ha6poyw6lrew42u"}
{"type":"operationStart","subtype":"render","name":"chart","previousOperationId":"3zkv4eqe2oh7avv","timestamp":1676043582924,"id":"cb00ejlvm3ul1qm","previousEventId":"rxswevbp0ut8e0m","operationId":"ocr4m55x66wjr92"}
{"type":"log","timestamp":1676043582925,"level":"info","message":"Starting rendering request 29","meta":{"rootId":"7l6drqosspotcs9","id":"7l6drqosspotcs9"},"id":"dz0ugvj2723j2z3","previousOperationId":"ocr4m55x66wjr92"}
{"type":"log","timestamp":1676043582925,"level":"info","message":"Rendering template { name: chart, recipe: phantom-pdf, engine: handlebars, preview: true }","meta":{"rootId":"7l6drqosspotcs9","id":"7l6drqosspotcs9"},"id":"cximntkamoiraj4","previousOperationId":"ocr4m55x66wjr92"}
{"type":"log","timestamp":1676043582928,"level":"debug","message":"Data item not defined for this template.","meta":{"rootId":"7l6drqosspotcs9","id":"7l6drqosspotcs9"},"id":"zz51g96d136b1ze","previousOperationId":"ocr4m55x66wjr92"}
{"type":"log","timestamp":1676043582932,"level":"debug","message":"Executing script chartscript (beforeRender)","meta":{"rootId":"7l6drqosspotcs9","id":"7l6drqosspotcs9"},"id":"68buclecq9p5wpx","previousOperationId":"ocr4m55x66wjr92"}
{"type":"operationStart","subtype":"scriptsBeforeRender","name":"scripts beforeRender","timestamp":1676043582957,"id":"zb0158ix5w0bl85","previousEventId":"cb00ejlvm3ul1qm","operationId":"iegsph80qohvfla","previousOperationId":"ocr4m55x66wjr92"}
{"type":"operationStart","subtype":"script","name":"scripts chartscript","previousOperationId":"iegsph80qohvfla","timestamp":1676043582957,"id":"2whh9qoanx8gn59","previousEventId":"zb0158ix5w0bl85","operationId":"p95y5lr1dxuqzpo"}
{"type":"log","timestamp":1676043583168,"level":"debug","message":"(console:log) [ 50, 2 ]","meta":{"userLevel":true,"rootId":"7l6drqosspotcs9","id":"7l6drqosspotcs9"},"id":"ldyvyg73dz4ubf7","previousOperationId":"p95y5lr1dxuqzpo"}
{"type":"log","timestamp":1676043583168,"level":"debug","message":"(console:log) [ 50, 2 ]","meta":{"userLevel":true,"rootId":"7l6drqosspotcs9","id":"7l6drqosspotcs9"},"id":"xa844n2gysauah3","previousOperationId":"p95y5lr1dxuqzpo"}
{"type":"operationEnd","operationId":"p95y5lr1dxuqzpo","timestamp":1676043583168,"id":"rnsv7ly6ovu2she","previousEventId":"cb00ejlvm3ul1qm","previousOperationId":"ocr4m55x66wjr92"}
{"type":"operationEnd","operationId":"iegsph80qohvfla","timestamp":1676043583168,"id":"awfac3lhj5xrrw2","previousEventId":"rnsv7ly6ovu2she","previousOperationId":"ocr4m55x66wjr92"}
{"type":"log","timestamp":1676043583168,"level":"debug","message":"Base url not specified, skipping its injection.","meta":{"rootId":"7l6drqosspotcs9","id":"7l6drqosspotcs9"},"id":"7zxxw4s88lv3rh9","previousOperationId":"iegsph80qohvfla"}
{"type":"operationStart","subtype":"engine","name":"handlebars","timestamp":1676043583170,"id":"4rsl6iaj5dzk0kj","previousEventId":"awfac3lhj5xrrw2","operationId":"n3pyucak7tnpipt","previousOperationId":"iegsph80qohvfla"}
{"type":"log","timestamp":1676043583170,"level":"debug","message":"Rendering engine handlebars","meta":{"rootId":"7l6drqosspotcs9","id":"7l6drqosspotcs9"},"id":"o7wv0sdynzoaig3","previousOperationId":"n3pyucak7tnpipt"}
{"type":"log","timestamp":1676043583187,"level":"debug","message":"(console:log) [ 50, 2 ]","meta":{"userLevel":true,"rootId":"7l6drqosspotcs9","id":"7l6drqosspotcs9"},"id":"cg9i1df2o6dqzac","previousOperationId":"n3pyucak7tnpipt"}
{"type":"log","timestamp":1676043583187,"level":"debug","message":"(console:log) [50,2]","meta":{"userLevel":true,"rootId":"7l6drqosspotcs9","id":"7l6drqosspotcs9"},"id":"rico72rvtmaxm7c","previousOperationId":"n3pyucak7tnpipt"}
{"type":"operationEnd","operationId":"n3pyucak7tnpipt","timestamp":1676043583187,"id":"6724tab9bwkmi4p","previousEventId":"4rsl6iaj5dzk0kj","previousOperationId":"n3pyucak7tnpipt"}
{"type":"operationStart","subtype":"recipe","name":"phantom-pdf","timestamp":1676043583188,"id":"ehy3irst4fj0kyu","previousEventId":"6724tab9bwkmi4p","operationId":"wpaydr6iqghpuym","previousOperationId":"n3pyucak7tnpipt"}
{"type":"log","timestamp":1676043583188,"level":"debug","message":"Executing recipe phantom-pdf","meta":{"rootId":"7l6drqosspotcs9","id":"7l6drqosspotcs9"},"id":"wuj1rjgvro8r7ry","previousOperationId":"wpaydr6iqghpuym"}
{"type":"log","timestamp":1676043586208,"level":"debug","message":"Converting in dedicated phantomjs 1.9.8","meta":{"rootId":"7l6drqosspotcs9","id":"7l6drqosspotcs9"},"id":"ddhasguxf0pbdq2","previousOperationId":"wpaydr6iqghpuym"}
{"type":"log","timestamp":1676043586208,"level":"debug","message":"Request file:///C%3A%5CUsers%5Calegu%5CAppData%5CLocal%5CTemp%5C5b9b9376-3d23-4362-8660-9eb8737dd950html.html","meta":{"rootId":"7l6drqosspotcs9","id":"7l6drqosspotcs9"},"id":"zg068p7gkbwd840","previousOperationId":"wpaydr6iqghpuym"}
{"type":"log","timestamp":1676043586208,"level":"debug","message":"Request https://cdnjs.cloudflare.com/ajax/libs/Chart.js/2.1.6/Chart.min.js","meta":{"rootId":"7l6drqosspotcs9","id":"7l6drqosspotcs9"},"id":"w8uggwpyjv4tsit","previousOperationId":"wpaydr6iqghpuym"}
{"type":"log","timestamp":1676043586208,"level":"debug","message":"PhantomJS printing done","meta":{"rootId":"7l6drqosspotcs9","id":"7l6drqosspotcs9"},"id":"58qcdd5k54m6mkf","previousOperationId":"wpaydr6iqghpuym"}
{"type":"log","timestamp":1676043586208,"level":"debug","message":"PhantomJS printing done","meta":{"rootId":"7l6drqosspotcs9","id":"7l6drqosspotcs9"},"id":"a9m42gxfzq3jnes","previousOperationId":"wpaydr6iqghpuym"}
{"type":"log","timestamp":1676043586208,"level":"debug","message":"PhantomJS printing done","meta":{"rootId":"7l6drqosspotcs9","id":"7l6drqosspotcs9"},"id":"zh5oyoquyd2x48o","previousOperationId":"wpaydr6iqghpuym"}
{"type":"log","timestamp":1676043586208,"level":"debug","message":"PhantomJS printing done","meta":{"rootId":"7l6drqosspotcs9","id":"7l6drqosspotcs9"},"id":"4gaaw7pd506q5x8","previousOperationId":"wpaydr6iqghpuym"}
{"type":"log","timestamp":1676043586208,"level":"debug","message":"PhantomJS printing done","meta":{"rootId":"7l6drqosspotcs9","id":"7l6drqosspotcs9"},"id":"i6z1r8oil6fj2wn","previousOperationId":"wpaydr6iqghpuym"}
{"type":"log","timestamp":1676043586208,"level":"debug","message":"PhantomJS printing done","meta":{"rootId":"7l6drqosspotcs9","id":"7l6drqosspotcs9"},"id":"w67lxe2fj5ia30d","previousOperationId":"wpaydr6iqghpuym"}
{"type":"log","timestamp":1676043586209,"level":"debug","message":"PhantomJS printing done","meta":{"rootId":"7l6drqosspotcs9","id":"7l6drqosspotcs9"},"id":"3db2mb5u5oeemdr","previousOperationId":"wpaydr6iqghpuym"}
{"type":"log","timestamp":1676043586209,"level":"debug","message":"PhantomJS printing done","meta":{"rootId":"7l6drqosspotcs9","id":"7l6drqosspotcs9"},"id":"e9gz9mdae636mh1","previousOperationId":"wpaydr6iqghpuym"}
{"type":"log","timestamp":1676043586209,"level":"debug","message":"PhantomJS printing done","meta":{"rootId":"7l6drqosspotcs9","id":"7l6drqosspotcs9"},"id":"wv4tufu8q1ic57m","previousOperationId":"wpaydr6iqghpuym"}
{"type":"log","timestamp":1676043586209,"level":"debug","message":"PhantomJS printing done","meta":{"rootId":"7l6drqosspotcs9","id":"7l6drqosspotcs9"},"id":"26xzjjlv4krvtnm","previousOperationId":"wpaydr6iqghpuym"}
{"type":"log","timestamp":1676043586209,"level":"debug","message":"Request http://intruct-javascript-ending/","meta":{"rootId":"7l6drqosspotcs9","id":"7l6drqosspotcs9"},"id":"lg0ia4aw7fubaiv","previousOperationId":"wpaydr6iqghpuym"}
{"type":"log","timestamp":1676043586209,"level":"debug","message":"PhantomJS printing done","meta":{"rootId":"7l6drqosspotcs9","id":"7l6drqosspotcs9"},"id":"lrveik54kd6bld9","previousOperationId":"wpaydr6iqghpuym"}
{"type":"log","timestamp":1676043586209,"level":"debug","message":"phantom-pdf recipe finished with 1 pages generated","meta":{"rootId":"7l6drqosspotcs9","id":"7l6drqosspotcs9"},"id":"pcl5ahfw8bf3stz","previousOperationId":"wpaydr6iqghpuym"}
{"type":"operationEnd","operationId":"wpaydr6iqghpuym","timestamp":1676043586210,"id":"5ht2466l8iqoyso","previousEventId":"ehy3irst4fj0kyu","previousOperationId":"wpaydr6iqghpuym"}
{"type":"log","timestamp":1676043586210,"level":"debug","message":"Skipping storing report.","meta":{"rootId":"7l6drqosspotcs9","id":"7l6drqosspotcs9"},"id":"lg3tdnvzhgt7rjv","previousOperationId":"wpaydr6iqghpuym"}
{"type":"log","timestamp":1676043586210,"level":"info","message":"Rendering request 29 finished in 3299 ms","meta":{"rootId":"7l6drqosspotcs9","id":"7l6drqosspotcs9"},"id":"0cbwlp3edk7was9","previousOperationId":"wpaydr6iqghpuym"}
{"type":"operationEnd","subtype":"render","operationId":"ocr4m55x66wjr92","timestamp":1676043586210,"id":"9l69x7wq57smziq","previousEventId":"5ht2466l8iqoyso","previousOperationId":"wpaydr6iqghpuym"}
{"type":"operationEnd","doDiffs":false,"previousEventId":"rxswevbp0ut8e0m","previousOperationId":"3zkv4eqe2oh7avv","operationId":"3zkv4eqe2oh7avv","timestamp":1676043586233,"id":"r9clar9yblkbh04"}
