{"type":"operationStart","subtype":"profile","data":{"_id":"mrmt5oPsioMrOitW","timestamp":"2023-02-10T15:40:05.985Z","state":"queued","mode":"standard","creationDate":"2023-02-10T15:40:05.987Z","modificationDate":"2023-02-10T15:40:05.987Z","shortid":"AZMX1tv","$entitySet":"profiles"},"doDiffs":false,"timestamp":1676043605986,"id":"a5gbxuui8u095i8","previousOperationId":null,"operationId":"qzupydwhcj8qfyt"}
{"type":"log","level":"info","message":"Render request 30 queued for execution and waiting for available worker","previousOperationId":"qzupydwhcj8qfyt","timestamp":1676043605986,"id":"thx68ot5i46ewr9"}
{"type":"operationStart","subtype":"render","name":"chart","previousOperationId":"qzupydwhcj8qfyt","timestamp":1676043606003,"id":"o38hjcgc5lddyht","previousEventId":"a5gbxuui8u095i8","operationId":"0nwkcy94wt4vc5q"}
{"type":"log","timestamp":1676043606004,"level":"info","message":"Starting rendering request 30","meta":{"rootId":"8i2bpnz83teqr5x","id":"8i2bpnz83teqr5x"},"id":"intbfmnn29r26v3","previousOperationId":"0nwkcy94wt4vc5q"}
{"type":"log","timestamp":1676043606004,"level":"info","message":"Rendering template { name: chart, recipe: phantom-pdf, engine: handlebars, preview: true }","meta":{"rootId":"8i2bpnz83teqr5x","id":"8i2bpnz83teqr5x"},"id":"io74ix1pfucabc7","previousOperationId":"0nwkcy94wt4vc5q"}
{"type":"log","timestamp":1676043606010,"level":"debug","message":"Data item not defined for this template.","meta":{"rootId":"8i2bpnz83teqr5x","id":"8i2bpnz83teqr5x"},"id":"uar4gg4bemo2drw","previousOperationId":"0nwkcy94wt4vc5q"}
{"type":"log","timestamp":1676043606014,"level":"debug","message":"Executing script chartscript (beforeRender)","meta":{"rootId":"8i2bpnz83teqr5x","id":"8i2bpnz83teqr5x"},"id":"3p7sgz104njv7u9","previousOperationId":"0nwkcy94wt4vc5q"}
{"type":"operationStart","subtype":"scriptsBeforeRender","name":"scripts beforeRender","timestamp":1676043606041,"id":"y4vpcb4kfamjqfn","previousEventId":"o38hjcgc5lddyht","operationId":"af2caynt5cayq7x","previousOperationId":"0nwkcy94wt4vc5q"}
{"type":"operationStart","subtype":"script","name":"scripts chartscript","previousOperationId":"af2caynt5cayq7x","timestamp":1676043606041,"id":"q56tnd43pm8xzp5","previousEventId":"y4vpcb4kfamjqfn","operationId":"dp068lkn0bvph03"}
{"type":"log","timestamp":1676043606229,"level":"debug","message":"(console:log) [ 50, 20 ]","meta":{"userLevel":true,"rootId":"8i2bpnz83teqr5x","id":"8i2bpnz83teqr5x"},"id":"k4t15ng6g7h0t3q","previousOperationId":"dp068lkn0bvph03"}
{"type":"log","timestamp":1676043606229,"level":"debug","message":"(console:log) [ 50, 20 ]","meta":{"userLevel":true,"rootId":"8i2bpnz83teqr5x","id":"8i2bpnz83teqr5x"},"id":"pr63d4e38bnjtha","previousOperationId":"dp068lkn0bvph03"}
{"type":"operationEnd","operationId":"dp068lkn0bvph03","timestamp":1676043606229,"id":"fdi2m3nq5c1nm9w","previousEventId":"o38hjcgc5lddyht","previousOperationId":"0nwkcy94wt4vc5q"}
{"type":"operationEnd","operationId":"af2caynt5cayq7x","timestamp":1676043606229,"id":"m9ar9cdcaym4j3z","previousEventId":"fdi2m3nq5c1nm9w","previousOperationId":"0nwkcy94wt4vc5q"}
{"type":"log","timestamp":1676043606229,"level":"debug","message":"Base url not specified, skipping its injection.","meta":{"rootId":"8i2bpnz83teqr5x","id":"8i2bpnz83teqr5x"},"id":"iz9aa8jy8wh3cuv","previousOperationId":"af2caynt5cayq7x"}
{"type":"operationStart","subtype":"engine","name":"handlebars","timestamp":1676043606229,"id":"iix9y8dnae5e5o7","previousEventId":"m9ar9cdcaym4j3z","operationId":"ha16e1v6z5xwiuo","previousOperationId":"af2caynt5cayq7x"}
{"type":"log","timestamp":1676043606229,"level":"debug","message":"Rendering engine handlebars","meta":{"rootId":"8i2bpnz83teqr5x","id":"8i2bpnz83teqr5x"},"id":"bzcswbdca6xvm3c","previousOperationId":"ha16e1v6z5xwiuo"}
{"type":"log","timestamp":1676043606248,"level":"debug","message":"(console:log) [ 50, 20 ]","meta":{"userLevel":true,"rootId":"8i2bpnz83teqr5x","id":"8i2bpnz83teqr5x"},"id":"moo7rr4bn2xmgd9","previousOperationId":"ha16e1v6z5xwiuo"}
{"type":"log","timestamp":1676043606248,"level":"debug","message":"(console:log) [50,20]","meta":{"userLevel":true,"rootId":"8i2bpnz83teqr5x","id":"8i2bpnz83teqr5x"},"id":"q87m4uijel2e6my","previousOperationId":"ha16e1v6z5xwiuo"}
{"type":"operationEnd","operationId":"ha16e1v6z5xwiuo","timestamp":1676043606248,"id":"60zzi5vy9dyq8gt","previousEventId":"iix9y8dnae5e5o7","previousOperationId":"ha16e1v6z5xwiuo"}
{"type":"operationStart","subtype":"recipe","name":"phantom-pdf","timestamp":1676043606249,"id":"86kfv161aibet5c","previousEventId":"60zzi5vy9dyq8gt","operationId":"voixfunu57zfmmv","previousOperationId":"ha16e1v6z5xwiuo"}
{"type":"log","timestamp":1676043606249,"level":"debug","message":"Executing recipe phantom-pdf","meta":{"rootId":"8i2bpnz83teqr5x","id":"8i2bpnz83teqr5x"},"id":"r33yl87fvhux9dw","previousOperationId":"voixfunu57zfmmv"}
{"type":"log","timestamp":1676043609583,"level":"debug","message":"Converting in dedicated phantomjs 1.9.8","meta":{"rootId":"8i2bpnz83teqr5x","id":"8i2bpnz83teqr5x"},"id":"h33dvoyfbujusa9","previousOperationId":"voixfunu57zfmmv"}
{"type":"log","timestamp":1676043609583,"level":"debug","message":"Request file:///C%3A%5CUsers%5Calegu%5CAppData%5CLocal%5CTemp%5C3e4607ed-5e79-465b-a510-fbba3ee2d187html.html","meta":{"rootId":"8i2bpnz83teqr5x","id":"8i2bpnz83teqr5x"},"id":"9ajagp0n520c238","previousOperationId":"voixfunu57zfmmv"}
{"type":"log","timestamp":1676043609583,"level":"debug","message":"Request https://cdnjs.cloudflare.com/ajax/libs/Chart.js/2.1.6/Chart.min.js","meta":{"rootId":"8i2bpnz83teqr5x","id":"8i2bpnz83teqr5x"},"id":"zjwvaxaucrkrm2w","previousOperationId":"voixfunu57zfmmv"}
{"type":"log","timestamp":1676043609583,"level":"debug","message":"PhantomJS printing done","meta":{"rootId":"8i2bpnz83teqr5x","id":"8i2bpnz83teqr5x"},"id":"wq9xtprztvjc4nn","previousOperationId":"voixfunu57zfmmv"}
{"type":"log","timestamp":1676043609583,"level":"debug","message":"PhantomJS printing done","meta":{"rootId":"8i2bpnz83teqr5x","id":"8i2bpnz83teqr5x"},"id":"6qnbvyhm78gmpwq","previousOperationId":"voixfunu57zfmmv"}
{"type":"log","timestamp":1676043609583,"level":"debug","message":"PhantomJS printing done","meta":{"rootId":"8i2bpnz83teqr5x","id":"8i2bpnz83teqr5x"},"id":"z7kyg1lct6d9gfo","previousOperationId":"voixfunu57zfmmv"}
{"type":"log","timestamp":1676043609583,"level":"debug","message":"PhantomJS printing done","meta":{"rootId":"8i2bpnz83teqr5x","id":"8i2bpnz83teqr5x"},"id":"yyj46rlocqnxvp9","previousOperationId":"voixfunu57zfmmv"}
{"type":"log","timestamp":1676043609583,"level":"debug","message":"PhantomJS printing done","meta":{"rootId":"8i2bpnz83teqr5x","id":"8i2bpnz83teqr5x"},"id":"iqpm2e80j2t0tw8","previousOperationId":"voixfunu57zfmmv"}
{"type":"log","timestamp":1676043609583,"level":"debug","message":"PhantomJS printing done","meta":{"rootId":"8i2bpnz83teqr5x","id":"8i2bpnz83teqr5x"},"id":"holdzstojp453yi","previousOperationId":"voixfunu57zfmmv"}
{"type":"log","timestamp":1676043609583,"level":"debug","message":"PhantomJS printing done","meta":{"rootId":"8i2bpnz83teqr5x","id":"8i2bpnz83teqr5x"},"id":"42vzvel084gjwif","previousOperationId":"voixfunu57zfmmv"}
{"type":"log","timestamp":1676043609583,"level":"debug","message":"PhantomJS printing done","meta":{"rootId":"8i2bpnz83teqr5x","id":"8i2bpnz83teqr5x"},"id":"2x4v6z8vlqftgb1","previousOperationId":"voixfunu57zfmmv"}
{"type":"log","timestamp":1676043609583,"level":"debug","message":"PhantomJS printing done","meta":{"rootId":"8i2bpnz83teqr5x","id":"8i2bpnz83teqr5x"},"id":"v8hv78412lzadlq","previousOperationId":"voixfunu57zfmmv"}
{"type":"log","timestamp":1676043609583,"level":"debug","message":"Request http://intruct-javascript-ending/","meta":{"rootId":"8i2bpnz83teqr5x","id":"8i2bpnz83teqr5x"},"id":"49z3gj9m5shy3j5","previousOperationId":"voixfunu57zfmmv"}
{"type":"log","timestamp":1676043609583,"level":"debug","message":"PhantomJS printing done","meta":{"rootId":"8i2bpnz83teqr5x","id":"8i2bpnz83teqr5x"},"id":"a3n0a0jibbkvpv7","previousOperationId":"voixfunu57zfmmv"}
{"type":"log","timestamp":1676043609584,"level":"debug","message":"phantom-pdf recipe finished with 1 pages generated","meta":{"rootId":"8i2bpnz83teqr5x","id":"8i2bpnz83teqr5x"},"id":"xo93i9jzj9fz7h1","previousOperationId":"voixfunu57zfmmv"}
{"type":"operationEnd","operationId":"voixfunu57zfmmv","timestamp":1676043609584,"id":"di4eiapkk72p4kb","previousEventId":"86kfv161aibet5c","previousOperationId":"voixfunu57zfmmv"}
{"type":"log","timestamp":1676043609584,"level":"debug","message":"Skipping storing report.","meta":{"rootId":"8i2bpnz83teqr5x","id":"8i2bpnz83teqr5x"},"id":"xnf7o1h126bqcg2","previousOperationId":"voixfunu57zfmmv"}
{"type":"log","timestamp":1676043609585,"level":"info","message":"Rendering request 30 finished in 3600 ms","meta":{"rootId":"8i2bpnz83teqr5x","id":"8i2bpnz83teqr5x"},"id":"ndo8nkmt19mp8sg","previousOperationId":"voixfunu57zfmmv"}
{"type":"operationEnd","subtype":"render","operationId":"0nwkcy94wt4vc5q","timestamp":1676043609585,"id":"2xmo7ym59dvsvru","previousEventId":"di4eiapkk72p4kb","previousOperationId":"voixfunu57zfmmv"}
{"type":"operationEnd","doDiffs":false,"previousEventId":"a5gbxuui8u095i8","previousOperationId":"qzupydwhcj8qfyt","operationId":"qzupydwhcj8qfyt","timestamp":1676043609605,"id":"lydotcdoa6j4k5s"}
