{"type":"operationStart","subtype":"profile","data":{"_id":"UhVLMJPMXvRlSTzf","timestamp":"2023-02-09T20:05:51.410Z","state":"queued","mode":"standard","creationDate":"2023-02-09T20:05:51.413Z","modificationDate":"2023-02-09T20:05:51.413Z","shortid":"pZKP3u5","$entitySet":"profiles"},"doDiffs":false,"timestamp":1675973151412,"id":"5t7iqn6u9czm3zz","previousOperationId":null,"operationId":"z07l3cdakbrhtut"}
{"type":"log","level":"info","message":"Render request 43 queued for execution and waiting for available worker","previousOperationId":"z07l3cdakbrhtut","timestamp":1675973151412,"id":"lbwvhsgm5s4z224"}
{"type":"operationStart","subtype":"render","name":"chart","previousOperationId":"z07l3cdakbrhtut","timestamp":1675973151426,"id":"2nmx0rgvrjruuq0","previousEventId":"5t7iqn6u9czm3zz","operationId":"vqukk1l1lvb29yf"}
{"type":"log","timestamp":1675973151427,"level":"info","message":"Starting rendering request 43","meta":{"rootId":"8iceuz3e2sh5423","id":"8iceuz3e2sh5423"},"id":"8093l3rs33sx4a3","previousOperationId":"vqukk1l1lvb29yf"}
{"type":"log","timestamp":1675973151429,"level":"info","message":"Rendering template { name: chart, recipe: phantom-pdf, engine: handlebars, preview: true }","meta":{"rootId":"8iceuz3e2sh5423","id":"8iceuz3e2sh5423"},"id":"dbkxyb8aukv5i9p","previousOperationId":"vqukk1l1lvb29yf"}
{"type":"log","timestamp":1675973151432,"level":"debug","message":"Data item not defined for this template.","meta":{"rootId":"8iceuz3e2sh5423","id":"8iceuz3e2sh5423"},"id":"6r1f5rwtahy0oti","previousOperationId":"vqukk1l1lvb29yf"}
{"type":"log","timestamp":1675973151438,"level":"debug","message":"Executing script chartscript (beforeRender)","meta":{"rootId":"8iceuz3e2sh5423","id":"8iceuz3e2sh5423"},"id":"741c4nx272vwtfm","previousOperationId":"vqukk1l1lvb29yf"}
{"type":"operationStart","subtype":"scriptsBeforeRender","name":"scripts beforeRender","timestamp":1675973151470,"id":"7yaycgt720nngnh","previousEventId":"2nmx0rgvrjruuq0","operationId":"brzgctrngurxmsv","previousOperationId":"vqukk1l1lvb29yf"}
{"type":"operationStart","subtype":"script","name":"scripts chartscript","previousOperationId":"brzgctrngurxmsv","timestamp":1675973151470,"id":"o50yhoj0hou51eo","previousEventId":"7yaycgt720nngnh","operationId":"jq28kzokmkw45nv"}
{"type":"log","timestamp":1675973151736,"level":"debug","message":"(console:log) [ 50, 6 ]","meta":{"userLevel":true,"rootId":"8iceuz3e2sh5423","id":"8iceuz3e2sh5423"},"id":"dt1vkascvye65ph","previousOperationId":"jq28kzokmkw45nv"}
{"type":"operationEnd","operationId":"jq28kzokmkw45nv","timestamp":1675973151737,"id":"izftw8773rqwm46","previousEventId":"2nmx0rgvrjruuq0","previousOperationId":"vqukk1l1lvb29yf"}
{"type":"operationEnd","operationId":"brzgctrngurxmsv","timestamp":1675973151737,"id":"fx0689o52owoo02","previousEventId":"izftw8773rqwm46","previousOperationId":"vqukk1l1lvb29yf"}
{"type":"log","timestamp":1675973151737,"level":"debug","message":"Base url not specified, skipping its injection.","meta":{"rootId":"8iceuz3e2sh5423","id":"8iceuz3e2sh5423"},"id":"jdl7w98zuho8iqk","previousOperationId":"brzgctrngurxmsv"}
{"type":"operationStart","subtype":"engine","name":"handlebars","timestamp":1675973151738,"id":"70afi2n4pveec18","previousEventId":"fx0689o52owoo02","operationId":"bwm8e6qft7481pu","previousOperationId":"brzgctrngurxmsv"}
{"type":"log","timestamp":1675973151738,"level":"debug","message":"Rendering engine handlebars","meta":{"rootId":"8iceuz3e2sh5423","id":"8iceuz3e2sh5423"},"id":"edtade294bhdfbk","previousOperationId":"bwm8e6qft7481pu"}
{"type":"log","timestamp":1675973151795,"level":"debug","message":"(console:log) {\"A\":{\"0\":50,\"1\":6}}","meta":{"userLevel":true,"rootId":"8iceuz3e2sh5423","id":"8iceuz3e2sh5423"},"id":"ab37t5t1l2cmfc3","previousOperationId":"bwm8e6qft7481pu"}
{"type":"operationEnd","operationId":"bwm8e6qft7481pu","timestamp":1675973151796,"id":"n3ms6ertlwzvmys","previousEventId":"70afi2n4pveec18","previousOperationId":"bwm8e6qft7481pu"}
{"type":"operationStart","subtype":"recipe","name":"phantom-pdf","timestamp":1675973151797,"id":"yp0zmibci3pidns","previousEventId":"n3ms6ertlwzvmys","operationId":"kwr7y4jvtzadt2h","previousOperationId":"bwm8e6qft7481pu"}
{"type":"log","timestamp":1675973151797,"level":"debug","message":"Executing recipe phantom-pdf","meta":{"rootId":"8iceuz3e2sh5423","id":"8iceuz3e2sh5423"},"id":"9mdqchoxdpct9lh","previousOperationId":"kwr7y4jvtzadt2h"}
{"type":"log","timestamp":1675973154626,"level":"debug","message":"Converting in dedicated phantomjs 1.9.8","meta":{"rootId":"8iceuz3e2sh5423","id":"8iceuz3e2sh5423"},"id":"bzibz8aianead64","previousOperationId":"kwr7y4jvtzadt2h"}
{"type":"log","timestamp":1675973154626,"level":"debug","message":"Request file:///C%3A%5CUsers%5Calegu%5CAppData%5CLocal%5CTemp%5C79275af8-4b0d-48ef-8e92-e844ff3df42dhtml.html","meta":{"rootId":"8iceuz3e2sh5423","id":"8iceuz3e2sh5423"},"id":"958raw4cvh72h45","previousOperationId":"kwr7y4jvtzadt2h"}
{"type":"log","timestamp":1675973154626,"level":"debug","message":"Request https://cdnjs.cloudflare.com/ajax/libs/Chart.js/2.1.6/Chart.min.js","meta":{"rootId":"8iceuz3e2sh5423","id":"8iceuz3e2sh5423"},"id":"p1wfyrlfmb4h8u1","previousOperationId":"kwr7y4jvtzadt2h"}
{"type":"log","timestamp":1675973154626,"level":"debug","message":"PhantomJS printing done","meta":{"rootId":"8iceuz3e2sh5423","id":"8iceuz3e2sh5423"},"id":"33qyphf53vw0l2b","previousOperationId":"kwr7y4jvtzadt2h"}
{"type":"log","timestamp":1675973154626,"level":"debug","message":"PhantomJS printing done","meta":{"rootId":"8iceuz3e2sh5423","id":"8iceuz3e2sh5423"},"id":"0bmb42450450zcj","previousOperationId":"kwr7y4jvtzadt2h"}
{"type":"log","timestamp":1675973154626,"level":"debug","message":"PhantomJS printing done","meta":{"rootId":"8iceuz3e2sh5423","id":"8iceuz3e2sh5423"},"id":"17nlj44ei2f74e1","previousOperationId":"kwr7y4jvtzadt2h"}
{"type":"log","timestamp":1675973154626,"level":"debug","message":"PhantomJS printing done","meta":{"rootId":"8iceuz3e2sh5423","id":"8iceuz3e2sh5423"},"id":"5e79cay8pxkc65q","previousOperationId":"kwr7y4jvtzadt2h"}
{"type":"log","timestamp":1675973154626,"level":"debug","message":"PhantomJS printing done","meta":{"rootId":"8iceuz3e2sh5423","id":"8iceuz3e2sh5423"},"id":"2qxvf7ay2afazi2","previousOperationId":"kwr7y4jvtzadt2h"}
{"type":"log","timestamp":1675973154626,"level":"debug","message":"PhantomJS printing done","meta":{"rootId":"8iceuz3e2sh5423","id":"8iceuz3e2sh5423"},"id":"onm7y0xccqpagkv","previousOperationId":"kwr7y4jvtzadt2h"}
{"type":"log","timestamp":1675973154626,"level":"debug","message":"PhantomJS printing done","meta":{"rootId":"8iceuz3e2sh5423","id":"8iceuz3e2sh5423"},"id":"myz4jof7e6j2zma","previousOperationId":"kwr7y4jvtzadt2h"}
{"type":"log","timestamp":1675973154626,"level":"debug","message":"PhantomJS printing done","meta":{"rootId":"8iceuz3e2sh5423","id":"8iceuz3e2sh5423"},"id":"7t097okklf29d9w","previousOperationId":"kwr7y4jvtzadt2h"}
{"type":"log","timestamp":1675973154626,"level":"debug","message":"PhantomJS printing done","meta":{"rootId":"8iceuz3e2sh5423","id":"8iceuz3e2sh5423"},"id":"8s1fgfomlf7w0bk","previousOperationId":"kwr7y4jvtzadt2h"}
{"type":"log","timestamp":1675973154626,"level":"debug","message":"PhantomJS printing done","meta":{"rootId":"8iceuz3e2sh5423","id":"8iceuz3e2sh5423"},"id":"lvc6n7zk21oi27w","previousOperationId":"kwr7y4jvtzadt2h"}
{"type":"log","timestamp":1675973154626,"level":"debug","message":"Request http://intruct-javascript-ending/","meta":{"rootId":"8iceuz3e2sh5423","id":"8iceuz3e2sh5423"},"id":"hhm5d6s7eo0mmck","previousOperationId":"kwr7y4jvtzadt2h"}
{"type":"log","timestamp":1675973154626,"level":"debug","message":"PhantomJS printing done","meta":{"rootId":"8iceuz3e2sh5423","id":"8iceuz3e2sh5423"},"id":"swf3wg9oq2u96f8","previousOperationId":"kwr7y4jvtzadt2h"}
{"type":"log","timestamp":1675973154628,"level":"debug","message":"phantom-pdf recipe finished with 1 pages generated","meta":{"rootId":"8iceuz3e2sh5423","id":"8iceuz3e2sh5423"},"id":"qdc0n8cso38r0rd","previousOperationId":"kwr7y4jvtzadt2h"}
{"type":"operationEnd","operationId":"kwr7y4jvtzadt2h","timestamp":1675973154628,"id":"tkq7l34kp2kho0t","previousEventId":"yp0zmibci3pidns","previousOperationId":"kwr7y4jvtzadt2h"}
{"type":"log","timestamp":1675973154628,"level":"debug","message":"Skipping storing report.","meta":{"rootId":"8iceuz3e2sh5423","id":"8iceuz3e2sh5423"},"id":"cknqpimlsm257cm","previousOperationId":"kwr7y4jvtzadt2h"}
{"type":"log","timestamp":1675973154628,"level":"info","message":"Rendering request 43 finished in 3218 ms","meta":{"rootId":"8iceuz3e2sh5423","id":"8iceuz3e2sh5423"},"id":"lak9xq7d2w0dzu0","previousOperationId":"kwr7y4jvtzadt2h"}
{"type":"operationEnd","subtype":"render","operationId":"vqukk1l1lvb29yf","timestamp":1675973154628,"id":"t8cmc4mitn21vp6","previousEventId":"tkq7l34kp2kho0t","previousOperationId":"kwr7y4jvtzadt2h"}
{"type":"operationEnd","doDiffs":false,"previousEventId":"5t7iqn6u9czm3zz","previousOperationId":"z07l3cdakbrhtut","operationId":"z07l3cdakbrhtut","timestamp":1675973154652,"id":"0bpaaro0jtghbvl"}
