{"type":"operationStart","subtype":"profile","data":{"_id":"mwDUefGpi9uKdHgP","timestamp":"2023-02-09T19:51:08.821Z","state":"queued","mode":"standard","creationDate":"2023-02-09T19:51:08.823Z","modificationDate":"2023-02-09T19:51:08.823Z","shortid":"fsCn-mw","$entitySet":"profiles"},"doDiffs":false,"timestamp":1675972268822,"id":"p77zcd6lioep9td","previousOperationId":null,"operationId":"h9m31zk7ivyr8sa"}
{"type":"log","level":"info","message":"Render request 19 queued for execution and waiting for available worker","previousOperationId":"h9m31zk7ivyr8sa","timestamp":1675972268822,"id":"gxzwgea9othhwse"}
{"type":"operationStart","subtype":"render","name":"chart","previousOperationId":"h9m31zk7ivyr8sa","timestamp":1675972268835,"id":"fwihafm4llrlrap","previousEventId":"p77zcd6lioep9td","operationId":"k2tk59tw8zeqf3q"}
{"type":"log","timestamp":1675972268837,"level":"info","message":"Starting rendering request 19","meta":{"rootId":"97vujh58p8xnzab","id":"97vujh58p8xnzab"},"id":"tt8w6xf8wifffqq","previousOperationId":"k2tk59tw8zeqf3q"}
{"type":"log","timestamp":1675972268843,"level":"info","message":"Rendering template { name: chart, recipe: phantom-pdf, engine: handlebars, preview: true }","meta":{"rootId":"97vujh58p8xnzab","id":"97vujh58p8xnzab"},"id":"m73ujgm66he7ayp","previousOperationId":"k2tk59tw8zeqf3q"}
{"type":"log","timestamp":1675972268846,"level":"debug","message":"Inline data specified.","meta":{"rootId":"97vujh58p8xnzab","id":"97vujh58p8xnzab"},"id":"ngeld8gpbmvf1zf","previousOperationId":"k2tk59tw8zeqf3q"}
{"type":"log","timestamp":1675972268850,"level":"debug","message":"Base url not specified, skipping its injection.","meta":{"rootId":"97vujh58p8xnzab","id":"97vujh58p8xnzab"},"id":"7s2wkil1dkg7o13","previousOperationId":"k2tk59tw8zeqf3q"}
{"type":"operationStart","subtype":"engine","name":"handlebars","timestamp":1675972268852,"id":"m4nhyqleq4b40ru","previousEventId":"fwihafm4llrlrap","operationId":"5hh3ccpujrqjrfj","previousOperationId":"k2tk59tw8zeqf3q"}
{"type":"log","timestamp":1675972268852,"level":"debug","message":"Rendering engine handlebars","meta":{"rootId":"97vujh58p8xnzab","id":"97vujh58p8xnzab"},"id":"n8w4akq6jf43pvr","previousOperationId":"5hh3ccpujrqjrfj"}
{"type":"operationEnd","operationId":"5hh3ccpujrqjrfj","timestamp":1675972269558,"id":"xq8ny5aj3lklgy4","previousEventId":"m4nhyqleq4b40ru","previousOperationId":"5hh3ccpujrqjrfj"}
{"type":"operationStart","subtype":"recipe","name":"phantom-pdf","timestamp":1675972269559,"id":"epigpb4k87rwfit","previousEventId":"xq8ny5aj3lklgy4","operationId":"tvag29f0tao6o7x","previousOperationId":"5hh3ccpujrqjrfj"}
{"type":"log","timestamp":1675972269559,"level":"debug","message":"Executing recipe phantom-pdf","meta":{"rootId":"97vujh58p8xnzab","id":"97vujh58p8xnzab"},"id":"b7eqacd1zi1apms","previousOperationId":"tvag29f0tao6o7x"}
{"type":"log","timestamp":1675972272460,"level":"debug","message":"Converting in dedicated phantomjs 1.9.8","meta":{"rootId":"97vujh58p8xnzab","id":"97vujh58p8xnzab"},"id":"nzpmquzmkq51biy","previousOperationId":"tvag29f0tao6o7x"}
{"type":"log","timestamp":1675972272460,"level":"debug","message":"Request file:///C%3A%5CUsers%5Calegu%5CAppData%5CLocal%5CTemp%5C18e3cd6e-ad57-4ddd-a44e-7b499bd894dchtml.html","meta":{"rootId":"97vujh58p8xnzab","id":"97vujh58p8xnzab"},"id":"1rodp9sexew7d65","previousOperationId":"tvag29f0tao6o7x"}
{"type":"log","timestamp":1675972272460,"level":"debug","message":"Request https://cdnjs.cloudflare.com/ajax/libs/Chart.js/2.1.6/Chart.min.js","meta":{"rootId":"97vujh58p8xnzab","id":"97vujh58p8xnzab"},"id":"uis8y5y2gsow0m2","previousOperationId":"tvag29f0tao6o7x"}
{"type":"log","timestamp":1675972272461,"level":"debug","message":"PhantomJS printing done","meta":{"rootId":"97vujh58p8xnzab","id":"97vujh58p8xnzab"},"id":"awg0sbyc5bge210","previousOperationId":"tvag29f0tao6o7x"}
{"type":"log","timestamp":1675972272461,"level":"debug","message":"PhantomJS printing done","meta":{"rootId":"97vujh58p8xnzab","id":"97vujh58p8xnzab"},"id":"n4gkcyaalq98rf7","previousOperationId":"tvag29f0tao6o7x"}
{"type":"log","timestamp":1675972272461,"level":"debug","message":"PhantomJS printing done","meta":{"rootId":"97vujh58p8xnzab","id":"97vujh58p8xnzab"},"id":"bd0m269d258vzhl","previousOperationId":"tvag29f0tao6o7x"}
{"type":"log","timestamp":1675972272461,"level":"debug","message":"PhantomJS printing done","meta":{"rootId":"97vujh58p8xnzab","id":"97vujh58p8xnzab"},"id":"bs7s8osn27h1rrh","previousOperationId":"tvag29f0tao6o7x"}
{"type":"log","timestamp":1675972272461,"level":"debug","message":"PhantomJS printing done","meta":{"rootId":"97vujh58p8xnzab","id":"97vujh58p8xnzab"},"id":"gnaiwqile4z381n","previousOperationId":"tvag29f0tao6o7x"}
{"type":"log","timestamp":1675972272461,"level":"debug","message":"PhantomJS printing done","meta":{"rootId":"97vujh58p8xnzab","id":"97vujh58p8xnzab"},"id":"3ftvq87u7wym0ko","previousOperationId":"tvag29f0tao6o7x"}
{"type":"log","timestamp":1675972272461,"level":"debug","message":"PhantomJS printing done","meta":{"rootId":"97vujh58p8xnzab","id":"97vujh58p8xnzab"},"id":"wbr8d4wyjkvt321","previousOperationId":"tvag29f0tao6o7x"}
{"type":"log","timestamp":1675972272461,"level":"debug","message":"PhantomJS printing done","meta":{"rootId":"97vujh58p8xnzab","id":"97vujh58p8xnzab"},"id":"h7ueyng2d56um6w","previousOperationId":"tvag29f0tao6o7x"}
{"type":"log","timestamp":1675972272461,"level":"debug","message":"PhantomJS printing done","meta":{"rootId":"97vujh58p8xnzab","id":"97vujh58p8xnzab"},"id":"er9cb7uorm241k5","previousOperationId":"tvag29f0tao6o7x"}
{"type":"log","timestamp":1675972272461,"level":"debug","message":"Request http://intruct-javascript-ending/","meta":{"rootId":"97vujh58p8xnzab","id":"97vujh58p8xnzab"},"id":"hf80wxghx2qz3fr","previousOperationId":"tvag29f0tao6o7x"}
{"type":"log","timestamp":1675972272461,"level":"debug","message":"PhantomJS printing done","meta":{"rootId":"97vujh58p8xnzab","id":"97vujh58p8xnzab"},"id":"bcepiw9rxice8z1","previousOperationId":"tvag29f0tao6o7x"}
{"type":"log","timestamp":1675972272464,"level":"debug","message":"phantom-pdf recipe finished with 1 pages generated","meta":{"rootId":"97vujh58p8xnzab","id":"97vujh58p8xnzab"},"id":"3wpsxi7oxrnitlc","previousOperationId":"tvag29f0tao6o7x"}
{"type":"operationEnd","operationId":"tvag29f0tao6o7x","timestamp":1675972272464,"id":"mgb16cm951b19jx","previousEventId":"epigpb4k87rwfit","previousOperationId":"tvag29f0tao6o7x"}
{"type":"log","timestamp":1675972272465,"level":"debug","message":"Skipping storing report.","meta":{"rootId":"97vujh58p8xnzab","id":"97vujh58p8xnzab"},"id":"vfmvlyhz8t86bgl","previousOperationId":"tvag29f0tao6o7x"}
{"type":"log","timestamp":1675972272465,"level":"info","message":"Rendering request 19 finished in 3644 ms","meta":{"rootId":"97vujh58p8xnzab","id":"97vujh58p8xnzab"},"id":"k3if7zakulqjqir","previousOperationId":"tvag29f0tao6o7x"}
{"type":"operationEnd","subtype":"render","operationId":"k2tk59tw8zeqf3q","timestamp":1675972272466,"id":"jr5enpvgjelpapz","previousEventId":"mgb16cm951b19jx","previousOperationId":"tvag29f0tao6o7x"}
{"type":"operationEnd","doDiffs":false,"previousEventId":"p77zcd6lioep9td","previousOperationId":"h9m31zk7ivyr8sa","operationId":"h9m31zk7ivyr8sa","timestamp":1675972272493,"id":"2mo8q4vrnmc6uds"}
