{"type":"operationStart","subtype":"profile","data":{"_id":"w5kVQlbGVtZNPSzd","timestamp":"2023-02-09T20:13:21.292Z","state":"queued","mode":"standard","creationDate":"2023-02-09T20:13:21.294Z","modificationDate":"2023-02-09T20:13:21.294Z","shortid":"jHq1J0t","$entitySet":"profiles"},"doDiffs":false,"timestamp":1675973601293,"id":"4tljzqvknpmsqko","previousOperationId":null,"operationId":"97ujrsda6ub2yam"}
{"type":"log","level":"info","message":"Render request 61 queued for execution and waiting for available worker","previousOperationId":"97ujrsda6ub2yam","timestamp":1675973601293,"id":"gvgdgljthamtsge"}
{"type":"operationStart","subtype":"render","name":"chart","previousOperationId":"97ujrsda6ub2yam","timestamp":1675973601309,"id":"9onyxtqsnc5u1ox","previousEventId":"4tljzqvknpmsqko","operationId":"7r8snlb7nygpid9"}
{"type":"log","timestamp":1675973601309,"level":"info","message":"Starting rendering request 61","meta":{"rootId":"9fyeim8adiyw9ve","id":"9fyeim8adiyw9ve"},"id":"e107rqgd3527z0u","previousOperationId":"7r8snlb7nygpid9"}
{"type":"log","timestamp":1675973601311,"level":"info","message":"Rendering template { name: chart, recipe: phantom-pdf, engine: handlebars, preview: true }","meta":{"rootId":"9fyeim8adiyw9ve","id":"9fyeim8adiyw9ve"},"id":"a55898r48s5hg7u","previousOperationId":"7r8snlb7nygpid9"}
{"type":"log","timestamp":1675973601314,"level":"debug","message":"Data item not defined for this template.","meta":{"rootId":"9fyeim8adiyw9ve","id":"9fyeim8adiyw9ve"},"id":"lnyqjkrpgairi3f","previousOperationId":"7r8snlb7nygpid9"}
{"type":"log","timestamp":1675973601320,"level":"debug","message":"Executing script chartscript (beforeRender)","meta":{"rootId":"9fyeim8adiyw9ve","id":"9fyeim8adiyw9ve"},"id":"y54aakc219t8kma","previousOperationId":"7r8snlb7nygpid9"}
{"type":"operationStart","subtype":"scriptsBeforeRender","name":"scripts beforeRender","timestamp":1675973601650,"id":"sachek2nqur5vwx","previousEventId":"9onyxtqsnc5u1ox","operationId":"bawqbfrmzinac6i","previousOperationId":"7r8snlb7nygpid9"}
{"type":"operationStart","subtype":"script","name":"scripts chartscript","previousOperationId":"bawqbfrmzinac6i","timestamp":1675973601650,"id":"6jqnw50hdwgda3e","previousEventId":"sachek2nqur5vwx","operationId":"quam4chx12eedka"}
{"type":"operationEnd","operationId":"quam4chx12eedka","timestamp":1675973601874,"id":"9ao74m53k0t5m3y","previousEventId":"9onyxtqsnc5u1ox","previousOperationId":"7r8snlb7nygpid9"}
{"type":"operationEnd","operationId":"bawqbfrmzinac6i","timestamp":1675973601874,"id":"bkjzbaqq7qe7kvl","previousEventId":"9ao74m53k0t5m3y","previousOperationId":"7r8snlb7nygpid9"}
{"type":"log","timestamp":1675973601875,"level":"debug","message":"Base url not specified, skipping its injection.","meta":{"rootId":"9fyeim8adiyw9ve","id":"9fyeim8adiyw9ve"},"id":"53z11g5f4qinrvu","previousOperationId":"bawqbfrmzinac6i"}
{"type":"operationStart","subtype":"engine","name":"handlebars","timestamp":1675973601876,"id":"h17jclcagvt9ekb","previousEventId":"bkjzbaqq7qe7kvl","operationId":"o1s9vem62hjxjup","previousOperationId":"bawqbfrmzinac6i"}
{"type":"log","timestamp":1675973601876,"level":"debug","message":"Rendering engine handlebars","meta":{"rootId":"9fyeim8adiyw9ve","id":"9fyeim8adiyw9ve"},"id":"rvl4913u70el3te","previousOperationId":"o1s9vem62hjxjup"}
{"type":"log","timestamp":1675973602320,"level":"debug","message":"(console:log) data[object Object]","meta":{"userLevel":true,"rootId":"9fyeim8adiyw9ve","id":"9fyeim8adiyw9ve"},"id":"gyhtd60u1beu1g6","previousOperationId":"o1s9vem62hjxjup"}
{"type":"log","timestamp":1675973602320,"level":"debug","message":"(console:log) json{\"0\":50,\"1\":6}","meta":{"userLevel":true,"rootId":"9fyeim8adiyw9ve","id":"9fyeim8adiyw9ve"},"id":"d965v0s3btdnm3e","previousOperationId":"o1s9vem62hjxjup"}
{"type":"operationEnd","operationId":"o1s9vem62hjxjup","timestamp":1675973602321,"id":"767odxwahomxidz","previousEventId":"h17jclcagvt9ekb","previousOperationId":"o1s9vem62hjxjup"}
{"type":"operationStart","subtype":"recipe","name":"phantom-pdf","timestamp":1675973602323,"id":"p6nmvhtngn2oey1","previousEventId":"767odxwahomxidz","operationId":"dbls6b591w5i65w","previousOperationId":"o1s9vem62hjxjup"}
{"type":"log","timestamp":1675973602323,"level":"debug","message":"Executing recipe phantom-pdf","meta":{"rootId":"9fyeim8adiyw9ve","id":"9fyeim8adiyw9ve"},"id":"bf7gq42er6guzx8","previousOperationId":"dbls6b591w5i65w"}
{"type":"log","timestamp":1675973661324,"level":"error","message":"Error when processing render request 61\n(because) timeout when executing in phantom\nError: Timeout when executing in phantom\n    at Timeout._onTimeout (D:\\xampp\\htdocs\\central_uniformes\\Informes\\node_modules\\phantom-html-to-pdf\\lib\\dedicatedProcessStrategy.js:89:26)\n    at listOnTimeout (node:internal/timers:559:17)\n    at processTimers (node:internal/timers:502:7)","meta":{"rootId":"9fyeim8adiyw9ve","id":"9fyeim8adiyw9ve"},"id":"vunhuj33sm7rxjg","previousOperationId":"dbls6b591w5i65w"}
{"type":"log","timestamp":1675973661324,"level":"error","message":"Rendering request 61 finished with error in 60032 ms","meta":{"rootId":"9fyeim8adiyw9ve","id":"9fyeim8adiyw9ve"},"id":"qivzmwtojnxsurr","previousOperationId":"dbls6b591w5i65w"}
{"type":"error","timestamp":1675973661329,"phantomTimeout":true,"logged":true,"previousOperationId":"dbls6b591w5i65w","id":"rb7d6nb3co5nxp5","stack":"Error: Timeout when executing in phantom\n    at Timeout._onTimeout (D:\\xampp\\htdocs\\central_uniformes\\Informes\\node_modules\\phantom-html-to-pdf\\lib\\dedicatedProcessStrategy.js:89:26)\n    at listOnTimeout (node:internal/timers:559:17)\n    at processTimers (node:internal/timers:502:7)","message":"Timeout when executing in phantom"}
