{"type":"operationStart","subtype":"profile","data":{"_id":"O3mV5KShWT2friXn","timestamp":"2023-02-24T16:26:50.187Z","state":"queued","mode":"standard","creationDate":"2023-02-24T16:26:50.190Z","modificationDate":"2023-02-24T16:26:50.190Z","shortid":"5a9G2NK","$entitySet":"profiles"},"doDiffs":false,"timestamp":1677256010188,"id":"1vm3et7gp2d7zxl","previousOperationId":null,"operationId":"bh6y5vhjjue3mkp"}
{"type":"log","level":"info","message":"Render request 4 queued for execution and waiting for available worker","previousOperationId":"bh6y5vhjjue3mkp","timestamp":1677256010188,"id":"ptb6s0esfillmqn"}
{"type":"operationStart","subtype":"render","name":"chart","previousOperationId":"bh6y5vhjjue3mkp","timestamp":1677256010204,"id":"qha1lsgmc5smncd","previousEventId":"1vm3et7gp2d7zxl","operationId":"almaogxg1qxgtny"}
{"type":"log","timestamp":1677256010204,"level":"info","message":"Starting rendering request 4","meta":{"rootId":"9gw4b0r7jcyww64","id":"9gw4b0r7jcyww64"},"id":"1fp7ovkty4zo1xm","previousOperationId":"almaogxg1qxgtny"}
{"type":"log","timestamp":1677256010205,"level":"info","message":"Rendering template { name: chart, recipe: phantom-pdf, engine: handlebars, preview: true }","meta":{"rootId":"9gw4b0r7jcyww64","id":"9gw4b0r7jcyww64"},"id":"j0npsjd118ynphj","previousOperationId":"almaogxg1qxgtny"}
{"type":"log","timestamp":1677256010208,"level":"debug","message":"Data item not defined for this template.","meta":{"rootId":"9gw4b0r7jcyww64","id":"9gw4b0r7jcyww64"},"id":"pop4sbgmajyb5fd","previousOperationId":"almaogxg1qxgtny"}
{"type":"log","timestamp":1677256010216,"level":"debug","message":"Executing script chartscript (beforeRender)","meta":{"rootId":"9gw4b0r7jcyww64","id":"9gw4b0r7jcyww64"},"id":"trn6i50411vqryj","previousOperationId":"almaogxg1qxgtny"}
{"type":"operationStart","subtype":"scriptsBeforeRender","name":"scripts beforeRender","timestamp":1677256010253,"id":"gxdx3hxrlyklwl4","previousEventId":"qha1lsgmc5smncd","operationId":"x1gygznpv6mxnut","previousOperationId":"almaogxg1qxgtny"}
{"type":"operationStart","subtype":"script","name":"scripts chartscript","previousOperationId":"x1gygznpv6mxnut","timestamp":1677256010253,"id":"5n7nykevqxvyos4","previousEventId":"gxdx3hxrlyklwl4","operationId":"4yb5g33bh95iwrq"}
{"type":"log","timestamp":1677256010484,"level":"debug","message":"(console:log) [ 0 ]","meta":{"userLevel":true,"rootId":"9gw4b0r7jcyww64","id":"9gw4b0r7jcyww64"},"id":"gjo30gekhy88n23","previousOperationId":"4yb5g33bh95iwrq"}
{"type":"log","timestamp":1677256010484,"level":"debug","message":"(console:log) [ 0 ]","meta":{"userLevel":true,"rootId":"9gw4b0r7jcyww64","id":"9gw4b0r7jcyww64"},"id":"wj1jm06xjqx4msc","previousOperationId":"4yb5g33bh95iwrq"}
{"type":"operationEnd","operationId":"4yb5g33bh95iwrq","timestamp":1677256010485,"id":"h49358odzj0zv42","previousEventId":"qha1lsgmc5smncd","previousOperationId":"almaogxg1qxgtny"}
{"type":"operationEnd","operationId":"x1gygznpv6mxnut","timestamp":1677256010485,"id":"4zyw0r5ku3dy6ra","previousEventId":"h49358odzj0zv42","previousOperationId":"almaogxg1qxgtny"}
{"type":"log","timestamp":1677256010485,"level":"debug","message":"Base url not specified, skipping its injection.","meta":{"rootId":"9gw4b0r7jcyww64","id":"9gw4b0r7jcyww64"},"id":"x1uztifq6er27re","previousOperationId":"x1gygznpv6mxnut"}
{"type":"operationStart","subtype":"engine","name":"handlebars","timestamp":1677256010486,"id":"of3twi8xpbla6qi","previousEventId":"4zyw0r5ku3dy6ra","operationId":"xwc6pmdudm3uxf9","previousOperationId":"x1gygznpv6mxnut"}
{"type":"log","timestamp":1677256010486,"level":"debug","message":"Rendering engine handlebars","meta":{"rootId":"9gw4b0r7jcyww64","id":"9gw4b0r7jcyww64"},"id":"ml79upavcptcth2","previousOperationId":"xwc6pmdudm3uxf9"}
{"type":"log","timestamp":1677256010506,"level":"debug","message":"(console:log) [ 0 ]","meta":{"userLevel":true,"rootId":"9gw4b0r7jcyww64","id":"9gw4b0r7jcyww64"},"id":"op7y0tkp6wqke1u","previousOperationId":"xwc6pmdudm3uxf9"}
{"type":"log","timestamp":1677256010506,"level":"debug","message":"(console:log) [0]","meta":{"userLevel":true,"rootId":"9gw4b0r7jcyww64","id":"9gw4b0r7jcyww64"},"id":"o7st0eum4jl9t3o","previousOperationId":"xwc6pmdudm3uxf9"}
{"type":"operationEnd","operationId":"xwc6pmdudm3uxf9","timestamp":1677256010507,"id":"iceljaqfuyhycs6","previousEventId":"of3twi8xpbla6qi","previousOperationId":"xwc6pmdudm3uxf9"}
{"type":"operationStart","subtype":"recipe","name":"phantom-pdf","timestamp":1677256010507,"id":"ujhc7fuz7bl5icg","previousEventId":"iceljaqfuyhycs6","operationId":"lwsvjwr0ueisbpq","previousOperationId":"xwc6pmdudm3uxf9"}
{"type":"log","timestamp":1677256010507,"level":"debug","message":"Executing recipe phantom-pdf","meta":{"rootId":"9gw4b0r7jcyww64","id":"9gw4b0r7jcyww64"},"id":"l53pul9hbvhp5wh","previousOperationId":"lwsvjwr0ueisbpq"}
{"type":"log","timestamp":1677256016079,"level":"debug","message":"Converting in dedicated phantomjs 1.9.8","meta":{"rootId":"9gw4b0r7jcyww64","id":"9gw4b0r7jcyww64"},"id":"te1lgisq254vzt4","previousOperationId":"lwsvjwr0ueisbpq"}
{"type":"log","timestamp":1677256016079,"level":"debug","message":"Request file:///C%3A%5CUsers%5Calegu%5CAppData%5CLocal%5CTemp%5Ccd5d58cf-dfd6-4215-876b-e099176df4echtml.html","meta":{"rootId":"9gw4b0r7jcyww64","id":"9gw4b0r7jcyww64"},"id":"wz86rcz23n56rvt","previousOperationId":"lwsvjwr0ueisbpq"}
{"type":"log","timestamp":1677256016079,"level":"debug","message":"Request https://cdnjs.cloudflare.com/ajax/libs/Chart.js/2.1.6/Chart.min.js","meta":{"rootId":"9gw4b0r7jcyww64","id":"9gw4b0r7jcyww64"},"id":"9isxd5aj6hptmio","previousOperationId":"lwsvjwr0ueisbpq"}
{"type":"log","timestamp":1677256016079,"level":"debug","message":"PhantomJS printing done","meta":{"rootId":"9gw4b0r7jcyww64","id":"9gw4b0r7jcyww64"},"id":"w8uvgmjbxqk2mhz","previousOperationId":"lwsvjwr0ueisbpq"}
{"type":"log","timestamp":1677256016079,"level":"debug","message":"PhantomJS printing done","meta":{"rootId":"9gw4b0r7jcyww64","id":"9gw4b0r7jcyww64"},"id":"k9v37al3f0j994d","previousOperationId":"lwsvjwr0ueisbpq"}
{"type":"log","timestamp":1677256016079,"level":"debug","message":"PhantomJS printing done","meta":{"rootId":"9gw4b0r7jcyww64","id":"9gw4b0r7jcyww64"},"id":"x8k95576xgmqegt","previousOperationId":"lwsvjwr0ueisbpq"}
{"type":"log","timestamp":1677256016079,"level":"debug","message":"PhantomJS printing done","meta":{"rootId":"9gw4b0r7jcyww64","id":"9gw4b0r7jcyww64"},"id":"xy4vezo6kujk2yc","previousOperationId":"lwsvjwr0ueisbpq"}
{"type":"log","timestamp":1677256016079,"level":"debug","message":"PhantomJS printing done","meta":{"rootId":"9gw4b0r7jcyww64","id":"9gw4b0r7jcyww64"},"id":"k38fcoi3jcm4ouu","previousOperationId":"lwsvjwr0ueisbpq"}
{"type":"log","timestamp":1677256016079,"level":"debug","message":"PhantomJS printing done","meta":{"rootId":"9gw4b0r7jcyww64","id":"9gw4b0r7jcyww64"},"id":"46v6cpykh8icbus","previousOperationId":"lwsvjwr0ueisbpq"}
{"type":"log","timestamp":1677256016079,"level":"debug","message":"PhantomJS printing done","meta":{"rootId":"9gw4b0r7jcyww64","id":"9gw4b0r7jcyww64"},"id":"jr824jgkddsazwn","previousOperationId":"lwsvjwr0ueisbpq"}
{"type":"log","timestamp":1677256016079,"level":"debug","message":"PhantomJS printing done","meta":{"rootId":"9gw4b0r7jcyww64","id":"9gw4b0r7jcyww64"},"id":"szel9e4lqshyf8e","previousOperationId":"lwsvjwr0ueisbpq"}
{"type":"log","timestamp":1677256016079,"level":"debug","message":"PhantomJS printing done","meta":{"rootId":"9gw4b0r7jcyww64","id":"9gw4b0r7jcyww64"},"id":"8agngky4spdqoig","previousOperationId":"lwsvjwr0ueisbpq"}
{"type":"log","timestamp":1677256016079,"level":"debug","message":"PhantomJS printing done","meta":{"rootId":"9gw4b0r7jcyww64","id":"9gw4b0r7jcyww64"},"id":"bd7vpe2tcu3twb7","previousOperationId":"lwsvjwr0ueisbpq"}
{"type":"log","timestamp":1677256016079,"level":"debug","message":"Request http://intruct-javascript-ending/","meta":{"rootId":"9gw4b0r7jcyww64","id":"9gw4b0r7jcyww64"},"id":"zq9hkmza5tifz7x","previousOperationId":"lwsvjwr0ueisbpq"}
{"type":"log","timestamp":1677256016079,"level":"debug","message":"PhantomJS printing done","meta":{"rootId":"9gw4b0r7jcyww64","id":"9gw4b0r7jcyww64"},"id":"qtbc4k5gfvql7s2","previousOperationId":"lwsvjwr0ueisbpq"}
{"type":"log","timestamp":1677256016082,"level":"debug","message":"phantom-pdf recipe finished with 1 pages generated","meta":{"rootId":"9gw4b0r7jcyww64","id":"9gw4b0r7jcyww64"},"id":"3g1zlyqnhnviavm","previousOperationId":"lwsvjwr0ueisbpq"}
{"type":"operationEnd","operationId":"lwsvjwr0ueisbpq","timestamp":1677256016082,"id":"zb45nolv188psxu","previousEventId":"ujhc7fuz7bl5icg","previousOperationId":"lwsvjwr0ueisbpq"}
{"type":"log","timestamp":1677256016083,"level":"debug","message":"Skipping storing report.","meta":{"rootId":"9gw4b0r7jcyww64","id":"9gw4b0r7jcyww64"},"id":"q1buc5brl8bq4pn","previousOperationId":"lwsvjwr0ueisbpq"}
{"type":"log","timestamp":1677256016083,"level":"info","message":"Rendering request 4 finished in 5896 ms","meta":{"rootId":"9gw4b0r7jcyww64","id":"9gw4b0r7jcyww64"},"id":"25hd2f21hilfjem","previousOperationId":"lwsvjwr0ueisbpq"}
{"type":"operationEnd","subtype":"render","operationId":"almaogxg1qxgtny","timestamp":1677256016083,"id":"uhilcanwm7knjo3","previousEventId":"zb45nolv188psxu","previousOperationId":"lwsvjwr0ueisbpq"}
{"type":"operationEnd","doDiffs":false,"previousEventId":"1vm3et7gp2d7zxl","previousOperationId":"bh6y5vhjjue3mkp","operationId":"bh6y5vhjjue3mkp","timestamp":1677256016112,"id":"nb37r4o9f0ynaow"}
