{"type":"operationStart","subtype":"profile","data":{"_id":"N7b9QQF93QpJV5Fa","timestamp":"2023-02-10T15:16:17.645Z","state":"queued","mode":"standard","creationDate":"2023-02-10T15:16:17.649Z","modificationDate":"2023-02-10T15:16:17.649Z","shortid":"FZ-uq9y","$entitySet":"profiles"},"doDiffs":false,"timestamp":1676042177647,"id":"0wxar2vpr7p5yoe","previousOperationId":null,"operationId":"kak4xuj1kfsme9k"}
{"type":"log","level":"info","message":"Render request 6 queued for execution and waiting for available worker","previousOperationId":"kak4xuj1kfsme9k","timestamp":1676042177647,"id":"1pvurirc0g8mbz6"}
{"type":"operationStart","subtype":"render","name":"chart","previousOperationId":"kak4xuj1kfsme9k","timestamp":1676042177802,"id":"9n3yg48auny6wib","previousEventId":"0wxar2vpr7p5yoe","operationId":"uw5u19kgdr21vr0"}
{"type":"log","timestamp":1676042177802,"level":"info","message":"Starting rendering request 6","meta":{"rootId":"9ki2dn39giij8xz","id":"9ki2dn39giij8xz"},"id":"araej71h1w2pzwd","previousOperationId":"uw5u19kgdr21vr0"}
{"type":"log","timestamp":1676042177803,"level":"info","message":"Rendering template { name: chart, recipe: phantom-pdf, engine: handlebars, preview: true }","meta":{"rootId":"9ki2dn39giij8xz","id":"9ki2dn39giij8xz"},"id":"6kvjapjtc2se5gp","previousOperationId":"uw5u19kgdr21vr0"}
{"type":"log","timestamp":1676042177806,"level":"debug","message":"Data item not defined for this template.","meta":{"rootId":"9ki2dn39giij8xz","id":"9ki2dn39giij8xz"},"id":"v2zynhsb4usri85","previousOperationId":"uw5u19kgdr21vr0"}
{"type":"log","timestamp":1676042177850,"level":"debug","message":"Executing script chartscript (beforeRender)","meta":{"rootId":"9ki2dn39giij8xz","id":"9ki2dn39giij8xz"},"id":"ezvyfs6o0zod8qo","previousOperationId":"uw5u19kgdr21vr0"}
{"type":"operationStart","subtype":"scriptsBeforeRender","name":"scripts beforeRender","timestamp":1676042177925,"id":"hgq3qz24h8uq9l3","previousEventId":"9n3yg48auny6wib","operationId":"q1grboq4q5uukg9","previousOperationId":"uw5u19kgdr21vr0"}
{"type":"operationStart","subtype":"script","name":"scripts chartscript","previousOperationId":"q1grboq4q5uukg9","timestamp":1676042177925,"id":"fk75vlv7ni2yw6r","previousEventId":"hgq3qz24h8uq9l3","operationId":"sx7eo7bzbvw5byz"}
{"type":"operationEnd","operationId":"sx7eo7bzbvw5byz","timestamp":1676042178185,"id":"ealz167g14v2nv6","previousEventId":"9n3yg48auny6wib","previousOperationId":"uw5u19kgdr21vr0"}
{"type":"operationEnd","operationId":"q1grboq4q5uukg9","timestamp":1676042178185,"id":"yy17l8bi6dftdsa","previousEventId":"ealz167g14v2nv6","previousOperationId":"uw5u19kgdr21vr0"}
{"type":"log","timestamp":1676042178185,"level":"debug","message":"Base url not specified, skipping its injection.","meta":{"rootId":"9ki2dn39giij8xz","id":"9ki2dn39giij8xz"},"id":"lgno0jdse7ntuax","previousOperationId":"q1grboq4q5uukg9"}
{"type":"operationStart","subtype":"engine","name":"handlebars","timestamp":1676042178185,"id":"defsl2ka9awkalf","previousEventId":"yy17l8bi6dftdsa","operationId":"zl23sqab7nunxqz","previousOperationId":"q1grboq4q5uukg9"}
{"type":"log","timestamp":1676042178185,"level":"debug","message":"Rendering engine handlebars","meta":{"rootId":"9ki2dn39giij8xz","id":"9ki2dn39giij8xz"},"id":"e2aqj556l3f9ul6","previousOperationId":"zl23sqab7nunxqz"}
{"type":"log","timestamp":1676042178201,"level":"debug","message":"(console:log) \"{\\\"articulos\\\":[50,6]}\"","meta":{"userLevel":true,"rootId":"9ki2dn39giij8xz","id":"9ki2dn39giij8xz"},"id":"apinstzejmox28o","previousOperationId":"zl23sqab7nunxqz"}
{"type":"operationEnd","operationId":"zl23sqab7nunxqz","timestamp":1676042178201,"id":"rsvb9v1yztr4lfe","previousEventId":"defsl2ka9awkalf","previousOperationId":"zl23sqab7nunxqz"}
{"type":"operationStart","subtype":"recipe","name":"phantom-pdf","timestamp":1676042178201,"id":"0qwunxfdn9e2bw7","previousEventId":"rsvb9v1yztr4lfe","operationId":"9hfkvag75aqvu1v","previousOperationId":"zl23sqab7nunxqz"}
{"type":"log","timestamp":1676042178201,"level":"debug","message":"Executing recipe phantom-pdf","meta":{"rootId":"9ki2dn39giij8xz","id":"9ki2dn39giij8xz"},"id":"41biczmze72bcno","previousOperationId":"9hfkvag75aqvu1v"}
{"type":"log","timestamp":1676042181207,"level":"debug","message":"Converting in dedicated phantomjs 1.9.8","meta":{"rootId":"9ki2dn39giij8xz","id":"9ki2dn39giij8xz"},"id":"x0np203d8nhi2bb","previousOperationId":"9hfkvag75aqvu1v"}
{"type":"log","timestamp":1676042181207,"level":"debug","message":"Request file:///C%3A%5CUsers%5Calegu%5CAppData%5CLocal%5CTemp%5C435a26d4-2165-44ce-8464-d2f2719a7adahtml.html","meta":{"rootId":"9ki2dn39giij8xz","id":"9ki2dn39giij8xz"},"id":"topj0vjv9iv23ov","previousOperationId":"9hfkvag75aqvu1v"}
{"type":"log","timestamp":1676042181208,"level":"debug","message":"Request https://cdnjs.cloudflare.com/ajax/libs/Chart.js/2.1.6/Chart.min.js","meta":{"rootId":"9ki2dn39giij8xz","id":"9ki2dn39giij8xz"},"id":"neqqlnthqozr18b","previousOperationId":"9hfkvag75aqvu1v"}
{"type":"log","timestamp":1676042181208,"level":"debug","message":"PhantomJS printing done","meta":{"rootId":"9ki2dn39giij8xz","id":"9ki2dn39giij8xz"},"id":"9mixtdvi6rebbst","previousOperationId":"9hfkvag75aqvu1v"}
{"type":"log","timestamp":1676042181208,"level":"debug","message":"PhantomJS printing done","meta":{"rootId":"9ki2dn39giij8xz","id":"9ki2dn39giij8xz"},"id":"3a6wuhdqdh13sgd","previousOperationId":"9hfkvag75aqvu1v"}
{"type":"log","timestamp":1676042181208,"level":"debug","message":"PhantomJS printing done","meta":{"rootId":"9ki2dn39giij8xz","id":"9ki2dn39giij8xz"},"id":"ccejrxig3yy4epm","previousOperationId":"9hfkvag75aqvu1v"}
{"type":"log","timestamp":1676042181208,"level":"debug","message":"PhantomJS printing done","meta":{"rootId":"9ki2dn39giij8xz","id":"9ki2dn39giij8xz"},"id":"bwgylrrz9umfy5g","previousOperationId":"9hfkvag75aqvu1v"}
{"type":"log","timestamp":1676042181208,"level":"debug","message":"PhantomJS printing done","meta":{"rootId":"9ki2dn39giij8xz","id":"9ki2dn39giij8xz"},"id":"1tugbfqkvnpay78","previousOperationId":"9hfkvag75aqvu1v"}
{"type":"log","timestamp":1676042181208,"level":"debug","message":"PhantomJS printing done","meta":{"rootId":"9ki2dn39giij8xz","id":"9ki2dn39giij8xz"},"id":"6ebn21dbjzq23nz","previousOperationId":"9hfkvag75aqvu1v"}
{"type":"log","timestamp":1676042181208,"level":"debug","message":"PhantomJS printing done","meta":{"rootId":"9ki2dn39giij8xz","id":"9ki2dn39giij8xz"},"id":"yg1tq1r69aucxca","previousOperationId":"9hfkvag75aqvu1v"}
{"type":"log","timestamp":1676042181208,"level":"debug","message":"PhantomJS printing done","meta":{"rootId":"9ki2dn39giij8xz","id":"9ki2dn39giij8xz"},"id":"hqgm2urgmtd2jbq","previousOperationId":"9hfkvag75aqvu1v"}
{"type":"log","timestamp":1676042181208,"level":"debug","message":"PhantomJS printing done","meta":{"rootId":"9ki2dn39giij8xz","id":"9ki2dn39giij8xz"},"id":"0hm1g3woejd3pg5","previousOperationId":"9hfkvag75aqvu1v"}
{"type":"log","timestamp":1676042181208,"level":"debug","message":"Request http://intruct-javascript-ending/","meta":{"rootId":"9ki2dn39giij8xz","id":"9ki2dn39giij8xz"},"id":"1m3g11slvheuo00","previousOperationId":"9hfkvag75aqvu1v"}
{"type":"log","timestamp":1676042181208,"level":"debug","message":"PhantomJS printing done","meta":{"rootId":"9ki2dn39giij8xz","id":"9ki2dn39giij8xz"},"id":"ad11cn5r91mqz2g","previousOperationId":"9hfkvag75aqvu1v"}
{"type":"log","timestamp":1676042181209,"level":"debug","message":"phantom-pdf recipe finished with 1 pages generated","meta":{"rootId":"9ki2dn39giij8xz","id":"9ki2dn39giij8xz"},"id":"o1saulztswvn4dy","previousOperationId":"9hfkvag75aqvu1v"}
{"type":"operationEnd","operationId":"9hfkvag75aqvu1v","timestamp":1676042181209,"id":"id54wbimupxlpsq","previousEventId":"0qwunxfdn9e2bw7","previousOperationId":"9hfkvag75aqvu1v"}
{"type":"log","timestamp":1676042181209,"level":"debug","message":"Skipping storing report.","meta":{"rootId":"9ki2dn39giij8xz","id":"9ki2dn39giij8xz"},"id":"0cwqf8h1zxvuugd","previousOperationId":"9hfkvag75aqvu1v"}
{"type":"log","timestamp":1676042181209,"level":"info","message":"Rendering request 6 finished in 3564 ms","meta":{"rootId":"9ki2dn39giij8xz","id":"9ki2dn39giij8xz"},"id":"m5um26748jc5n3u","previousOperationId":"9hfkvag75aqvu1v"}
{"type":"operationEnd","subtype":"render","operationId":"uw5u19kgdr21vr0","timestamp":1676042181209,"id":"e76zz6avjw5g704","previousEventId":"id54wbimupxlpsq","previousOperationId":"9hfkvag75aqvu1v"}
{"type":"operationEnd","doDiffs":false,"previousEventId":"0wxar2vpr7p5yoe","previousOperationId":"kak4xuj1kfsme9k","operationId":"kak4xuj1kfsme9k","timestamp":1676042181239,"id":"lv1vebykveka190"}
