{"type":"operationStart","subtype":"profile","data":{"_id":"3cNrwGKOcMeAH4fG","timestamp":"2023-02-10T15:30:59.017Z","state":"queued","mode":"standard","creationDate":"2023-02-10T15:30:59.021Z","modificationDate":"2023-02-10T15:30:59.021Z","shortid":"obNzkqa","$entitySet":"profiles"},"doDiffs":false,"timestamp":1676043059018,"id":"7628664w0t4q7a0","previousOperationId":null,"operationId":"fp4y4vsg7bsbst3"}
{"type":"log","level":"info","message":"Render request 17 queued for execution and waiting for available worker","previousOperationId":"fp4y4vsg7bsbst3","timestamp":1676043059019,"id":"w574tq2y070h35i"}
{"type":"operationStart","subtype":"render","name":"chart","previousOperationId":"fp4y4vsg7bsbst3","timestamp":1676043059052,"id":"2hdxaobay8xakg5","previousEventId":"7628664w0t4q7a0","operationId":"4hz42bprlq2namp"}
{"type":"log","timestamp":1676043059053,"level":"info","message":"Starting rendering request 17","meta":{"rootId":"a01afhjde58m14d","id":"a01afhjde58m14d"},"id":"p1i87jew4kmwtpb","previousOperationId":"4hz42bprlq2namp"}
{"type":"log","timestamp":1676043059054,"level":"info","message":"Rendering template { name: chart, recipe: phantom-pdf, engine: handlebars, preview: true }","meta":{"rootId":"a01afhjde58m14d","id":"a01afhjde58m14d"},"id":"5hkn312gicyesme","previousOperationId":"4hz42bprlq2namp"}
{"type":"log","timestamp":1676043059057,"level":"debug","message":"Data item not defined for this template.","meta":{"rootId":"a01afhjde58m14d","id":"a01afhjde58m14d"},"id":"r0eoi3zp8wf03w8","previousOperationId":"4hz42bprlq2namp"}
{"type":"log","timestamp":1676043059062,"level":"debug","message":"Executing script chartscript (beforeRender)","meta":{"rootId":"a01afhjde58m14d","id":"a01afhjde58m14d"},"id":"nrln6ff2z72igzm","previousOperationId":"4hz42bprlq2namp"}
{"type":"operationStart","subtype":"scriptsBeforeRender","name":"scripts beforeRender","timestamp":1676043059097,"id":"negbx7igtremh4m","previousEventId":"2hdxaobay8xakg5","operationId":"7uhu5a5a91e9mci","previousOperationId":"4hz42bprlq2namp"}
{"type":"operationStart","subtype":"script","name":"scripts chartscript","previousOperationId":"7uhu5a5a91e9mci","timestamp":1676043059097,"id":"lmo1enus4flko7p","previousEventId":"negbx7igtremh4m","operationId":"mbkxa7rht10rqxl"}
{"type":"operationEnd","operationId":"mbkxa7rht10rqxl","timestamp":1676043059357,"id":"2i4r3hamv55i7ue","previousEventId":"2hdxaobay8xakg5","previousOperationId":"4hz42bprlq2namp"}
{"type":"operationEnd","operationId":"7uhu5a5a91e9mci","timestamp":1676043059357,"id":"sz289ds2s36e3il","previousEventId":"2i4r3hamv55i7ue","previousOperationId":"4hz42bprlq2namp"}
{"type":"log","timestamp":1676043059357,"level":"debug","message":"Base url not specified, skipping its injection.","meta":{"rootId":"a01afhjde58m14d","id":"a01afhjde58m14d"},"id":"uf56phq49pne7t6","previousOperationId":"7uhu5a5a91e9mci"}
{"type":"operationStart","subtype":"engine","name":"handlebars","timestamp":1676043059358,"id":"ia6u5bqjwwv01qg","previousEventId":"sz289ds2s36e3il","operationId":"dtaxgpnoxr2n1cn","previousOperationId":"7uhu5a5a91e9mci"}
{"type":"log","timestamp":1676043059358,"level":"debug","message":"Rendering engine handlebars","meta":{"rootId":"a01afhjde58m14d","id":"a01afhjde58m14d"},"id":"sdgn12agkqquslz","previousOperationId":"dtaxgpnoxr2n1cn"}
{"type":"log","timestamp":1676043059381,"level":"debug","message":"(console:log) { '0': [ 50, 6 ] }","meta":{"userLevel":true,"rootId":"a01afhjde58m14d","id":"a01afhjde58m14d"},"id":"g6zigukddnmj1jl","previousOperationId":"dtaxgpnoxr2n1cn"}
{"type":"log","timestamp":1676043059382,"level":"debug","message":"(console:log) {\"0\":[50,6]}","meta":{"userLevel":true,"rootId":"a01afhjde58m14d","id":"a01afhjde58m14d"},"id":"vg783nnikko7rfw","previousOperationId":"dtaxgpnoxr2n1cn"}
{"type":"operationEnd","operationId":"dtaxgpnoxr2n1cn","timestamp":1676043059382,"id":"c6ufoh0qtvtyujr","previousEventId":"ia6u5bqjwwv01qg","previousOperationId":"dtaxgpnoxr2n1cn"}
{"type":"operationStart","subtype":"recipe","name":"phantom-pdf","timestamp":1676043059383,"id":"7ivsxrvo1anj898","previousEventId":"c6ufoh0qtvtyujr","operationId":"eskpqp94ddy65ej","previousOperationId":"dtaxgpnoxr2n1cn"}
{"type":"log","timestamp":1676043059383,"level":"debug","message":"Executing recipe phantom-pdf","meta":{"rootId":"a01afhjde58m14d","id":"a01afhjde58m14d"},"id":"wkktrvepty4f2th","previousOperationId":"eskpqp94ddy65ej"}
{"type":"log","timestamp":1676043064347,"level":"debug","message":"Converting in dedicated phantomjs 1.9.8","meta":{"rootId":"a01afhjde58m14d","id":"a01afhjde58m14d"},"id":"fxwixak9bnla2n6","previousOperationId":"eskpqp94ddy65ej"}
{"type":"log","timestamp":1676043064347,"level":"debug","message":"Request file:///C%3A%5CUsers%5Calegu%5CAppData%5CLocal%5CTemp%5C3a915dd0-2893-48ef-a4b2-46fd5b9ff4d5html.html","meta":{"rootId":"a01afhjde58m14d","id":"a01afhjde58m14d"},"id":"e3zkpn5k9a5eo77","previousOperationId":"eskpqp94ddy65ej"}
{"type":"log","timestamp":1676043064347,"level":"debug","message":"Request https://cdnjs.cloudflare.com/ajax/libs/Chart.js/2.1.6/Chart.min.js","meta":{"rootId":"a01afhjde58m14d","id":"a01afhjde58m14d"},"id":"mq2a25h5el6e1t2","previousOperationId":"eskpqp94ddy65ej"}
{"type":"log","timestamp":1676043064347,"level":"debug","message":"PhantomJS printing done","meta":{"rootId":"a01afhjde58m14d","id":"a01afhjde58m14d"},"id":"3j1502s86gpdaps","previousOperationId":"eskpqp94ddy65ej"}
{"type":"log","timestamp":1676043064347,"level":"debug","message":"PhantomJS printing done","meta":{"rootId":"a01afhjde58m14d","id":"a01afhjde58m14d"},"id":"f02i9mksapr666n","previousOperationId":"eskpqp94ddy65ej"}
{"type":"log","timestamp":1676043064347,"level":"debug","message":"PhantomJS printing done","meta":{"rootId":"a01afhjde58m14d","id":"a01afhjde58m14d"},"id":"keyqzkx6eezykwy","previousOperationId":"eskpqp94ddy65ej"}
{"type":"log","timestamp":1676043064347,"level":"debug","message":"PhantomJS printing done","meta":{"rootId":"a01afhjde58m14d","id":"a01afhjde58m14d"},"id":"cpq9s5guwjpgobm","previousOperationId":"eskpqp94ddy65ej"}
{"type":"log","timestamp":1676043064347,"level":"debug","message":"PhantomJS printing done","meta":{"rootId":"a01afhjde58m14d","id":"a01afhjde58m14d"},"id":"0gkkuybj2cbnhat","previousOperationId":"eskpqp94ddy65ej"}
{"type":"log","timestamp":1676043064347,"level":"debug","message":"PhantomJS printing done","meta":{"rootId":"a01afhjde58m14d","id":"a01afhjde58m14d"},"id":"8xag19sf47xd4fn","previousOperationId":"eskpqp94ddy65ej"}
{"type":"log","timestamp":1676043064347,"level":"debug","message":"PhantomJS printing done","meta":{"rootId":"a01afhjde58m14d","id":"a01afhjde58m14d"},"id":"v8s6er4kzw81ryr","previousOperationId":"eskpqp94ddy65ej"}
{"type":"log","timestamp":1676043064347,"level":"debug","message":"PhantomJS printing done","meta":{"rootId":"a01afhjde58m14d","id":"a01afhjde58m14d"},"id":"13z91mwxwt1pj1r","previousOperationId":"eskpqp94ddy65ej"}
{"type":"log","timestamp":1676043064347,"level":"debug","message":"PhantomJS printing done","meta":{"rootId":"a01afhjde58m14d","id":"a01afhjde58m14d"},"id":"8u0m0ynryn4onpw","previousOperationId":"eskpqp94ddy65ej"}
{"type":"log","timestamp":1676043064347,"level":"debug","message":"Request http://intruct-javascript-ending/","meta":{"rootId":"a01afhjde58m14d","id":"a01afhjde58m14d"},"id":"s1auvty6gsxqcka","previousOperationId":"eskpqp94ddy65ej"}
{"type":"log","timestamp":1676043064347,"level":"debug","message":"PhantomJS printing done","meta":{"rootId":"a01afhjde58m14d","id":"a01afhjde58m14d"},"id":"3hdhhcrphqf2d31","previousOperationId":"eskpqp94ddy65ej"}
{"type":"log","timestamp":1676043064348,"level":"debug","message":"phantom-pdf recipe finished with 1 pages generated","meta":{"rootId":"a01afhjde58m14d","id":"a01afhjde58m14d"},"id":"4a6yer4hw66mlwo","previousOperationId":"eskpqp94ddy65ej"}
{"type":"operationEnd","operationId":"eskpqp94ddy65ej","timestamp":1676043064348,"id":"mvxorbbag43e1as","previousEventId":"7ivsxrvo1anj898","previousOperationId":"eskpqp94ddy65ej"}
{"type":"log","timestamp":1676043064348,"level":"debug","message":"Skipping storing report.","meta":{"rootId":"a01afhjde58m14d","id":"a01afhjde58m14d"},"id":"z970sig6fl76ixy","previousOperationId":"eskpqp94ddy65ej"}
{"type":"log","timestamp":1676043064348,"level":"info","message":"Rendering request 17 finished in 5331 ms","meta":{"rootId":"a01afhjde58m14d","id":"a01afhjde58m14d"},"id":"os4k2fm5x1a6h68","previousOperationId":"eskpqp94ddy65ej"}
{"type":"operationEnd","subtype":"render","operationId":"4hz42bprlq2namp","timestamp":1676043064348,"id":"kgbz86sxh5yqmqb","previousEventId":"mvxorbbag43e1as","previousOperationId":"eskpqp94ddy65ej"}
{"type":"operationEnd","doDiffs":false,"previousEventId":"7628664w0t4q7a0","previousOperationId":"fp4y4vsg7bsbst3","operationId":"fp4y4vsg7bsbst3","timestamp":1676043064371,"id":"l3h2uly5v4m9sj3"}
