{"type":"operationStart","subtype":"profile","data":{"_id":"PVCW9m6qk2F6573q","timestamp":"2023-02-09T19:07:54.788Z","state":"queued","mode":"standard","creationDate":"2023-02-09T19:07:54.791Z","modificationDate":"2023-02-09T19:07:54.791Z","shortid":"rg7lNYG","$entitySet":"profiles"},"doDiffs":false,"timestamp":1675969674789,"id":"olqa8dotbvht66g","previousOperationId":null,"operationId":"c76dq0fclm0suks"}
{"type":"log","level":"info","message":"Render request 8 queued for execution and waiting for available worker","previousOperationId":"c76dq0fclm0suks","timestamp":1675969674789,"id":"9ypoiqkb40wgi1s"}
{"type":"operationStart","subtype":"render","name":"chart","previousOperationId":"c76dq0fclm0suks","timestamp":1675969674805,"id":"zqv7klcjbhg79vd","previousEventId":"olqa8dotbvht66g","operationId":"eeet7z6zhofef41"}
{"type":"log","timestamp":1675969674805,"level":"info","message":"Starting rendering request 8","meta":{"rootId":"b0lvpfpuaxsztu3","id":"b0lvpfpuaxsztu3"},"id":"f77d57d72c3kill","previousOperationId":"eeet7z6zhofef41"}
{"type":"log","timestamp":1675969674805,"level":"info","message":"Rendering template { name: chart, recipe: phantom-pdf, engine: handlebars, preview: true }","meta":{"rootId":"b0lvpfpuaxsztu3","id":"b0lvpfpuaxsztu3"},"id":"qlt9g6plxq38g6z","previousOperationId":"eeet7z6zhofef41"}
{"type":"log","timestamp":1675969674809,"level":"debug","message":"Inline data specified.","meta":{"rootId":"b0lvpfpuaxsztu3","id":"b0lvpfpuaxsztu3"},"id":"lgulxz60p3pmffw","previousOperationId":"eeet7z6zhofef41"}
{"type":"log","timestamp":1675969674813,"level":"debug","message":"Base url not specified, skipping its injection.","meta":{"rootId":"b0lvpfpuaxsztu3","id":"b0lvpfpuaxsztu3"},"id":"jvo3d2j04qr4o4g","previousOperationId":"eeet7z6zhofef41"}
{"type":"operationStart","subtype":"engine","name":"handlebars","timestamp":1675969674814,"id":"tdr43w21gv1siex","previousEventId":"zqv7klcjbhg79vd","operationId":"o46hjletpd5o40m","previousOperationId":"eeet7z6zhofef41"}
{"type":"log","timestamp":1675969674814,"level":"debug","message":"Rendering engine handlebars","meta":{"rootId":"b0lvpfpuaxsztu3","id":"b0lvpfpuaxsztu3"},"id":"v0qgifkf2bxuo6j","previousOperationId":"o46hjletpd5o40m"}
{"type":"operationEnd","operationId":"o46hjletpd5o40m","timestamp":1675969674837,"id":"5fjt5i8vg5rwxse","previousEventId":"tdr43w21gv1siex","previousOperationId":"o46hjletpd5o40m"}
{"type":"operationStart","subtype":"recipe","name":"phantom-pdf","timestamp":1675969674838,"id":"wbgjzxruq0viqsm","previousEventId":"5fjt5i8vg5rwxse","operationId":"4yc4ojrmv3xu14k","previousOperationId":"o46hjletpd5o40m"}
{"type":"log","timestamp":1675969674838,"level":"debug","message":"Executing recipe phantom-pdf","meta":{"rootId":"b0lvpfpuaxsztu3","id":"b0lvpfpuaxsztu3"},"id":"l4rfnlztpsvd9ae","previousOperationId":"4yc4ojrmv3xu14k"}
{"type":"log","timestamp":1675969677652,"level":"debug","message":"Converting in dedicated phantomjs 1.9.8","meta":{"rootId":"b0lvpfpuaxsztu3","id":"b0lvpfpuaxsztu3"},"id":"1v2tvmsp6stsu5t","previousOperationId":"4yc4ojrmv3xu14k"}
{"type":"log","timestamp":1675969677652,"level":"debug","message":"Request file:///C%3A%5CUsers%5Calegu%5CAppData%5CLocal%5CTemp%5C9afbd2ef-fec1-4074-af15-74013c655669html.html","meta":{"rootId":"b0lvpfpuaxsztu3","id":"b0lvpfpuaxsztu3"},"id":"061tkve9wijp044","previousOperationId":"4yc4ojrmv3xu14k"}
{"type":"log","timestamp":1675969677652,"level":"debug","message":"Request https://cdnjs.cloudflare.com/ajax/libs/Chart.js/2.1.6/Chart.min.js","meta":{"rootId":"b0lvpfpuaxsztu3","id":"b0lvpfpuaxsztu3"},"id":"03jtviy2lp7oajb","previousOperationId":"4yc4ojrmv3xu14k"}
{"type":"log","timestamp":1675969677652,"level":"debug","message":"PhantomJS printing done","meta":{"rootId":"b0lvpfpuaxsztu3","id":"b0lvpfpuaxsztu3"},"id":"bpzrg1dd5hph5cs","previousOperationId":"4yc4ojrmv3xu14k"}
{"type":"log","timestamp":1675969677652,"level":"debug","message":"PhantomJS printing done","meta":{"rootId":"b0lvpfpuaxsztu3","id":"b0lvpfpuaxsztu3"},"id":"sji5lqz0qwcbfcu","previousOperationId":"4yc4ojrmv3xu14k"}
{"type":"log","timestamp":1675969677652,"level":"debug","message":"PhantomJS printing done","meta":{"rootId":"b0lvpfpuaxsztu3","id":"b0lvpfpuaxsztu3"},"id":"c9ldqawrzcsea2m","previousOperationId":"4yc4ojrmv3xu14k"}
{"type":"log","timestamp":1675969677652,"level":"debug","message":"PhantomJS printing done","meta":{"rootId":"b0lvpfpuaxsztu3","id":"b0lvpfpuaxsztu3"},"id":"krbx2wica2brj8p","previousOperationId":"4yc4ojrmv3xu14k"}
{"type":"log","timestamp":1675969677652,"level":"debug","message":"PhantomJS printing done","meta":{"rootId":"b0lvpfpuaxsztu3","id":"b0lvpfpuaxsztu3"},"id":"mjwzvslok15vgk8","previousOperationId":"4yc4ojrmv3xu14k"}
{"type":"log","timestamp":1675969677652,"level":"debug","message":"PhantomJS printing done","meta":{"rootId":"b0lvpfpuaxsztu3","id":"b0lvpfpuaxsztu3"},"id":"w7nkivtzdgzm2yt","previousOperationId":"4yc4ojrmv3xu14k"}
{"type":"log","timestamp":1675969677652,"level":"debug","message":"PhantomJS printing done","meta":{"rootId":"b0lvpfpuaxsztu3","id":"b0lvpfpuaxsztu3"},"id":"7dkacxq5x3mzwkp","previousOperationId":"4yc4ojrmv3xu14k"}
{"type":"log","timestamp":1675969677652,"level":"debug","message":"PhantomJS printing done","meta":{"rootId":"b0lvpfpuaxsztu3","id":"b0lvpfpuaxsztu3"},"id":"c58uh6eysjgyy1o","previousOperationId":"4yc4ojrmv3xu14k"}
{"type":"log","timestamp":1675969677652,"level":"debug","message":"PhantomJS printing done","meta":{"rootId":"b0lvpfpuaxsztu3","id":"b0lvpfpuaxsztu3"},"id":"h0ach8bnxjy2wrt","previousOperationId":"4yc4ojrmv3xu14k"}
{"type":"log","timestamp":1675969677652,"level":"debug","message":"PhantomJS printing done","meta":{"rootId":"b0lvpfpuaxsztu3","id":"b0lvpfpuaxsztu3"},"id":"w14jmlqgwi7x7by","previousOperationId":"4yc4ojrmv3xu14k"}
{"type":"log","timestamp":1675969677652,"level":"debug","message":"Request http://intruct-javascript-ending/","meta":{"rootId":"b0lvpfpuaxsztu3","id":"b0lvpfpuaxsztu3"},"id":"mjdpol9sujbqayp","previousOperationId":"4yc4ojrmv3xu14k"}
{"type":"log","timestamp":1675969677652,"level":"debug","message":"PhantomJS printing done","meta":{"rootId":"b0lvpfpuaxsztu3","id":"b0lvpfpuaxsztu3"},"id":"9cdqslvuable7fb","previousOperationId":"4yc4ojrmv3xu14k"}
{"type":"log","timestamp":1675969677653,"level":"debug","message":"phantom-pdf recipe finished with 1 pages generated","meta":{"rootId":"b0lvpfpuaxsztu3","id":"b0lvpfpuaxsztu3"},"id":"h38tl8l39hi6z63","previousOperationId":"4yc4ojrmv3xu14k"}
{"type":"operationEnd","operationId":"4yc4ojrmv3xu14k","timestamp":1675969677653,"id":"eydeqyhrl4jeikd","previousEventId":"wbgjzxruq0viqsm","previousOperationId":"4yc4ojrmv3xu14k"}
{"type":"log","timestamp":1675969677653,"level":"debug","message":"Skipping storing report.","meta":{"rootId":"b0lvpfpuaxsztu3","id":"b0lvpfpuaxsztu3"},"id":"fwl51z0s2h6roz5","previousOperationId":"4yc4ojrmv3xu14k"}
{"type":"log","timestamp":1675969677653,"level":"info","message":"Rendering request 8 finished in 2865 ms","meta":{"rootId":"b0lvpfpuaxsztu3","id":"b0lvpfpuaxsztu3"},"id":"u3j81lc1wexfovb","previousOperationId":"4yc4ojrmv3xu14k"}
{"type":"operationEnd","subtype":"render","operationId":"eeet7z6zhofef41","timestamp":1675969677653,"id":"4kjpeynyobhjytl","previousEventId":"eydeqyhrl4jeikd","previousOperationId":"4yc4ojrmv3xu14k"}
{"type":"operationEnd","doDiffs":false,"previousEventId":"olqa8dotbvht66g","previousOperationId":"c76dq0fclm0suks","operationId":"c76dq0fclm0suks","timestamp":1675969677682,"id":"itpwx65xscxr4gz"}
