{"type":"operationStart","subtype":"profile","data":{"_id":"P0hhqXLnrZfzCqw0","timestamp":"2023-02-09T19:53:40.130Z","state":"queued","mode":"standard","creationDate":"2023-02-09T19:53:40.132Z","modificationDate":"2023-02-09T19:53:40.132Z","shortid":"z2Uch0r","$entitySet":"profiles"},"doDiffs":false,"timestamp":1675972420131,"id":"mrzau5azdg52tej","previousOperationId":null,"operationId":"gic9oqf3dt4l2ez"}
{"type":"log","level":"info","message":"Render request 27 queued for execution and waiting for available worker","previousOperationId":"gic9oqf3dt4l2ez","timestamp":1675972420131,"id":"a0omi2s5507tj5v"}
{"type":"operationStart","subtype":"render","name":"chart","previousOperationId":"gic9oqf3dt4l2ez","timestamp":1675972420143,"id":"lvx2ece8urgl3p3","previousEventId":"mrzau5azdg52tej","operationId":"lmqbz4f0k5by2yq"}
{"type":"log","timestamp":1675972420143,"level":"info","message":"Starting rendering request 27","meta":{"rootId":"c1hcsaih0sc5766","id":"c1hcsaih0sc5766"},"id":"s9ggpbnajxfwp85","previousOperationId":"lmqbz4f0k5by2yq"}
{"type":"log","timestamp":1675972420144,"level":"info","message":"Rendering template { name: chart, recipe: phantom-pdf, engine: handlebars, preview: true }","meta":{"rootId":"c1hcsaih0sc5766","id":"c1hcsaih0sc5766"},"id":"elg15wy3d0rccfj","previousOperationId":"lmqbz4f0k5by2yq"}
{"type":"log","timestamp":1675972420151,"level":"debug","message":"Inline data specified.","meta":{"rootId":"c1hcsaih0sc5766","id":"c1hcsaih0sc5766"},"id":"fouool6kbz0u7pu","previousOperationId":"lmqbz4f0k5by2yq"}
{"type":"log","timestamp":1675972420158,"level":"debug","message":"Base url not specified, skipping its injection.","meta":{"rootId":"c1hcsaih0sc5766","id":"c1hcsaih0sc5766"},"id":"lg7c6z2e24dxvdz","previousOperationId":"lmqbz4f0k5by2yq"}
{"type":"operationStart","subtype":"engine","name":"handlebars","timestamp":1675972420159,"id":"tbjs8athmwe8i9o","previousEventId":"lvx2ece8urgl3p3","operationId":"s96bcfgm3t1c6h8","previousOperationId":"lmqbz4f0k5by2yq"}
{"type":"log","timestamp":1675972420159,"level":"debug","message":"Rendering engine handlebars","meta":{"rootId":"c1hcsaih0sc5766","id":"c1hcsaih0sc5766"},"id":"9xhflj8lvlln5q3","previousOperationId":"s96bcfgm3t1c6h8"}
{"type":"operationEnd","operationId":"s96bcfgm3t1c6h8","timestamp":1675972420177,"id":"iwqga4bg3qutc88","previousEventId":"tbjs8athmwe8i9o","previousOperationId":"s96bcfgm3t1c6h8"}
{"type":"operationStart","subtype":"recipe","name":"phantom-pdf","timestamp":1675972420177,"id":"rs787vgplr5pjb8","previousEventId":"iwqga4bg3qutc88","operationId":"cj9al7821j08pka","previousOperationId":"s96bcfgm3t1c6h8"}
{"type":"log","timestamp":1675972420178,"level":"debug","message":"Executing recipe phantom-pdf","meta":{"rootId":"c1hcsaih0sc5766","id":"c1hcsaih0sc5766"},"id":"bqnajnhn4gnmdut","previousOperationId":"cj9al7821j08pka"}
{"type":"log","timestamp":1675972422949,"level":"debug","message":"Converting in dedicated phantomjs 1.9.8","meta":{"rootId":"c1hcsaih0sc5766","id":"c1hcsaih0sc5766"},"id":"t4qyl721i1w5888","previousOperationId":"cj9al7821j08pka"}
{"type":"log","timestamp":1675972422949,"level":"debug","message":"Request file:///C%3A%5CUsers%5Calegu%5CAppData%5CLocal%5CTemp%5Cf1349667-348e-4cfd-958b-00a5ebf1850dhtml.html","meta":{"rootId":"c1hcsaih0sc5766","id":"c1hcsaih0sc5766"},"id":"2wlgil56q19wdyx","previousOperationId":"cj9al7821j08pka"}
{"type":"log","timestamp":1675972422949,"level":"debug","message":"Request https://cdnjs.cloudflare.com/ajax/libs/Chart.js/2.1.6/Chart.min.js","meta":{"rootId":"c1hcsaih0sc5766","id":"c1hcsaih0sc5766"},"id":"lxgb9as7dm4p5nq","previousOperationId":"cj9al7821j08pka"}
{"type":"log","timestamp":1675972422949,"level":"debug","message":"PhantomJS printing done","meta":{"rootId":"c1hcsaih0sc5766","id":"c1hcsaih0sc5766"},"id":"2tcf955uma5qek9","previousOperationId":"cj9al7821j08pka"}
{"type":"log","timestamp":1675972422949,"level":"debug","message":"PhantomJS printing done","meta":{"rootId":"c1hcsaih0sc5766","id":"c1hcsaih0sc5766"},"id":"3k8hr2st2o8qfqy","previousOperationId":"cj9al7821j08pka"}
{"type":"log","timestamp":1675972422949,"level":"debug","message":"PhantomJS printing done","meta":{"rootId":"c1hcsaih0sc5766","id":"c1hcsaih0sc5766"},"id":"pkerd2zzq3e9aff","previousOperationId":"cj9al7821j08pka"}
{"type":"log","timestamp":1675972422949,"level":"debug","message":"PhantomJS printing done","meta":{"rootId":"c1hcsaih0sc5766","id":"c1hcsaih0sc5766"},"id":"tivp62bhxa6v3fi","previousOperationId":"cj9al7821j08pka"}
{"type":"log","timestamp":1675972422949,"level":"debug","message":"PhantomJS printing done","meta":{"rootId":"c1hcsaih0sc5766","id":"c1hcsaih0sc5766"},"id":"610blpbfuwvgij4","previousOperationId":"cj9al7821j08pka"}
{"type":"log","timestamp":1675972422949,"level":"debug","message":"PhantomJS printing done","meta":{"rootId":"c1hcsaih0sc5766","id":"c1hcsaih0sc5766"},"id":"guddoquhalqhnhc","previousOperationId":"cj9al7821j08pka"}
{"type":"log","timestamp":1675972422949,"level":"debug","message":"PhantomJS printing done","meta":{"rootId":"c1hcsaih0sc5766","id":"c1hcsaih0sc5766"},"id":"56zy41czthb5cwj","previousOperationId":"cj9al7821j08pka"}
{"type":"log","timestamp":1675972422949,"level":"debug","message":"PhantomJS printing done","meta":{"rootId":"c1hcsaih0sc5766","id":"c1hcsaih0sc5766"},"id":"gea55rvlb7b5gus","previousOperationId":"cj9al7821j08pka"}
{"type":"log","timestamp":1675972422949,"level":"debug","message":"PhantomJS printing done","meta":{"rootId":"c1hcsaih0sc5766","id":"c1hcsaih0sc5766"},"id":"wntuau1429uyvr6","previousOperationId":"cj9al7821j08pka"}
{"type":"log","timestamp":1675972422949,"level":"debug","message":"Request http://intruct-javascript-ending/","meta":{"rootId":"c1hcsaih0sc5766","id":"c1hcsaih0sc5766"},"id":"0jm8lmrbhumerea","previousOperationId":"cj9al7821j08pka"}
{"type":"log","timestamp":1675972422949,"level":"debug","message":"PhantomJS printing done","meta":{"rootId":"c1hcsaih0sc5766","id":"c1hcsaih0sc5766"},"id":"thtx28ee62j9teg","previousOperationId":"cj9al7821j08pka"}
{"type":"log","timestamp":1675972422950,"level":"debug","message":"phantom-pdf recipe finished with 1 pages generated","meta":{"rootId":"c1hcsaih0sc5766","id":"c1hcsaih0sc5766"},"id":"2q9zaa5sq0ntdnc","previousOperationId":"cj9al7821j08pka"}
{"type":"operationEnd","operationId":"cj9al7821j08pka","timestamp":1675972422950,"id":"qzmta9qbrcto8fu","previousEventId":"rs787vgplr5pjb8","previousOperationId":"cj9al7821j08pka"}
{"type":"log","timestamp":1675972422951,"level":"debug","message":"Skipping storing report.","meta":{"rootId":"c1hcsaih0sc5766","id":"c1hcsaih0sc5766"},"id":"a1rsyzew80hi5rp","previousOperationId":"cj9al7821j08pka"}
{"type":"log","timestamp":1675972422951,"level":"info","message":"Rendering request 27 finished in 2821 ms","meta":{"rootId":"c1hcsaih0sc5766","id":"c1hcsaih0sc5766"},"id":"2yo15le0tednf02","previousOperationId":"cj9al7821j08pka"}
{"type":"operationEnd","subtype":"render","operationId":"lmqbz4f0k5by2yq","timestamp":1675972422951,"id":"5gfz55q6yfamenm","previousEventId":"qzmta9qbrcto8fu","previousOperationId":"cj9al7821j08pka"}
{"type":"operationEnd","doDiffs":false,"previousEventId":"mrzau5azdg52tej","previousOperationId":"gic9oqf3dt4l2ez","operationId":"gic9oqf3dt4l2ez","timestamp":1675972422975,"id":"4g84qpe9nvghpgt"}
