{"type":"operationStart","subtype":"profile","data":{"_id":"mRIcCBwAwvBJXRXP","timestamp":"2023-02-10T16:09:11.513Z","state":"queued","mode":"standard","creationDate":"2023-02-10T16:09:11.515Z","modificationDate":"2023-02-10T16:09:11.515Z","shortid":"x8IwRJe","$entitySet":"profiles"},"doDiffs":false,"timestamp":1676045351514,"id":"s1z19x42z6mjf3w","previousOperationId":null,"operationId":"3osqz866p9opr1r"}
{"type":"log","level":"info","message":"Render request 46 queued for execution and waiting for available worker","previousOperationId":"3osqz866p9opr1r","timestamp":1676045351514,"id":"0g1ii806qfjilvn"}
{"type":"operationStart","subtype":"render","name":"chart","previousOperationId":"3osqz866p9opr1r","timestamp":1676045351528,"id":"qgyb0l1us0gd1qm","previousEventId":"s1z19x42z6mjf3w","operationId":"3kuuwesy5bz9nww"}
{"type":"log","timestamp":1676045351528,"level":"info","message":"Starting rendering request 46","meta":{"rootId":"c1qgr3wgjxc3avd","id":"c1qgr3wgjxc3avd"},"id":"fs64dfhnybcya02","previousOperationId":"3kuuwesy5bz9nww"}
{"type":"log","timestamp":1676045351528,"level":"info","message":"Rendering template { name: chart, recipe: phantom-pdf, engine: handlebars, preview: true }","meta":{"rootId":"c1qgr3wgjxc3avd","id":"c1qgr3wgjxc3avd"},"id":"wf32zvq68ht3sae","previousOperationId":"3kuuwesy5bz9nww"}
{"type":"log","timestamp":1676045351530,"level":"debug","message":"Data item not defined for this template.","meta":{"rootId":"c1qgr3wgjxc3avd","id":"c1qgr3wgjxc3avd"},"id":"9wdfz99fmqg8663","previousOperationId":"3kuuwesy5bz9nww"}
{"type":"log","timestamp":1676045351534,"level":"debug","message":"Executing script chartscript (beforeRender)","meta":{"rootId":"c1qgr3wgjxc3avd","id":"c1qgr3wgjxc3avd"},"id":"v8g9oc1au8ds1p3","previousOperationId":"3kuuwesy5bz9nww"}
{"type":"operationStart","subtype":"scriptsBeforeRender","name":"scripts beforeRender","timestamp":1676045351555,"id":"p0ox9i7u4a2yrs4","previousEventId":"qgyb0l1us0gd1qm","operationId":"4ply9w4l6uo2pi9","previousOperationId":"3kuuwesy5bz9nww"}
{"type":"operationStart","subtype":"script","name":"scripts chartscript","previousOperationId":"4ply9w4l6uo2pi9","timestamp":1676045351555,"id":"1dn183qm2oez6ey","previousEventId":"p0ox9i7u4a2yrs4","operationId":"dhiegqbyogf46v8"}
{"type":"log","timestamp":1676045351770,"level":"debug","message":"(console:log) [ 50, 45, 0 ]","meta":{"userLevel":true,"rootId":"c1qgr3wgjxc3avd","id":"c1qgr3wgjxc3avd"},"id":"oi9iq31qc8jr1z4","previousOperationId":"dhiegqbyogf46v8"}
{"type":"log","timestamp":1676045351770,"level":"debug","message":"(console:log) [ 50, 45, 0 ]","meta":{"userLevel":true,"rootId":"c1qgr3wgjxc3avd","id":"c1qgr3wgjxc3avd"},"id":"o6sg9eddoulo9p4","previousOperationId":"dhiegqbyogf46v8"}
{"type":"operationEnd","operationId":"dhiegqbyogf46v8","timestamp":1676045351771,"id":"uegxe19m01v6010","previousEventId":"qgyb0l1us0gd1qm","previousOperationId":"3kuuwesy5bz9nww"}
{"type":"operationEnd","operationId":"4ply9w4l6uo2pi9","timestamp":1676045351771,"id":"jdf50gpu0qg771g","previousEventId":"uegxe19m01v6010","previousOperationId":"3kuuwesy5bz9nww"}
{"type":"log","timestamp":1676045351771,"level":"debug","message":"Base url not specified, skipping its injection.","meta":{"rootId":"c1qgr3wgjxc3avd","id":"c1qgr3wgjxc3avd"},"id":"2vyrpgbxyg4vv06","previousOperationId":"4ply9w4l6uo2pi9"}
{"type":"operationStart","subtype":"engine","name":"handlebars","timestamp":1676045351771,"id":"2lcx4fdlo6ljh81","previousEventId":"jdf50gpu0qg771g","operationId":"edhrpx9w2ix192o","previousOperationId":"4ply9w4l6uo2pi9"}
{"type":"log","timestamp":1676045351771,"level":"debug","message":"Rendering engine handlebars","meta":{"rootId":"c1qgr3wgjxc3avd","id":"c1qgr3wgjxc3avd"},"id":"wszwgi42h0hpsgh","previousOperationId":"edhrpx9w2ix192o"}
{"type":"log","timestamp":1676045351786,"level":"debug","message":"(console:log) [ 50, 45, 0 ]","meta":{"userLevel":true,"rootId":"c1qgr3wgjxc3avd","id":"c1qgr3wgjxc3avd"},"id":"148v75gpxtitmxt","previousOperationId":"edhrpx9w2ix192o"}
{"type":"log","timestamp":1676045351786,"level":"debug","message":"(console:log) [50,45,0]","meta":{"userLevel":true,"rootId":"c1qgr3wgjxc3avd","id":"c1qgr3wgjxc3avd"},"id":"t1h5xc4ie7d6lij","previousOperationId":"edhrpx9w2ix192o"}
{"type":"operationEnd","operationId":"edhrpx9w2ix192o","timestamp":1676045351786,"id":"nxwuqom1levrxge","previousEventId":"2lcx4fdlo6ljh81","previousOperationId":"edhrpx9w2ix192o"}
{"type":"operationStart","subtype":"recipe","name":"phantom-pdf","timestamp":1676045351786,"id":"3dhtxll2ufkjx4v","previousEventId":"nxwuqom1levrxge","operationId":"z9nmem8x70bux7a","previousOperationId":"edhrpx9w2ix192o"}
{"type":"log","timestamp":1676045351786,"level":"debug","message":"Executing recipe phantom-pdf","meta":{"rootId":"c1qgr3wgjxc3avd","id":"c1qgr3wgjxc3avd"},"id":"iuu8nufo34af3oc","previousOperationId":"z9nmem8x70bux7a"}
{"type":"log","timestamp":1676045355970,"level":"debug","message":"Converting in dedicated phantomjs 1.9.8","meta":{"rootId":"c1qgr3wgjxc3avd","id":"c1qgr3wgjxc3avd"},"id":"gtrtsbeqaccsh62","previousOperationId":"z9nmem8x70bux7a"}
{"type":"log","timestamp":1676045355971,"level":"debug","message":"Request file:///C%3A%5CUsers%5Calegu%5CAppData%5CLocal%5CTemp%5C833327c9-ed55-4cc4-8349-cbcfb5e8d63chtml.html","meta":{"rootId":"c1qgr3wgjxc3avd","id":"c1qgr3wgjxc3avd"},"id":"5ffva9krfzninkb","previousOperationId":"z9nmem8x70bux7a"}
{"type":"log","timestamp":1676045355971,"level":"debug","message":"Request https://cdnjs.cloudflare.com/ajax/libs/Chart.js/2.1.6/Chart.min.js","meta":{"rootId":"c1qgr3wgjxc3avd","id":"c1qgr3wgjxc3avd"},"id":"ete9qnlhln7vq2m","previousOperationId":"z9nmem8x70bux7a"}
{"type":"log","timestamp":1676045355971,"level":"debug","message":"PhantomJS printing done","meta":{"rootId":"c1qgr3wgjxc3avd","id":"c1qgr3wgjxc3avd"},"id":"fhqzzlkwruyhucp","previousOperationId":"z9nmem8x70bux7a"}
{"type":"log","timestamp":1676045355971,"level":"debug","message":"PhantomJS printing done","meta":{"rootId":"c1qgr3wgjxc3avd","id":"c1qgr3wgjxc3avd"},"id":"3b4rx7u8mgmdhq3","previousOperationId":"z9nmem8x70bux7a"}
{"type":"log","timestamp":1676045355971,"level":"debug","message":"PhantomJS printing done","meta":{"rootId":"c1qgr3wgjxc3avd","id":"c1qgr3wgjxc3avd"},"id":"rpgjrzvh8mi97dq","previousOperationId":"z9nmem8x70bux7a"}
{"type":"log","timestamp":1676045355971,"level":"debug","message":"PhantomJS printing done","meta":{"rootId":"c1qgr3wgjxc3avd","id":"c1qgr3wgjxc3avd"},"id":"93rxjw97enkafur","previousOperationId":"z9nmem8x70bux7a"}
{"type":"log","timestamp":1676045355971,"level":"debug","message":"PhantomJS printing done","meta":{"rootId":"c1qgr3wgjxc3avd","id":"c1qgr3wgjxc3avd"},"id":"hg11fxualn4futm","previousOperationId":"z9nmem8x70bux7a"}
{"type":"log","timestamp":1676045355971,"level":"debug","message":"PhantomJS printing done","meta":{"rootId":"c1qgr3wgjxc3avd","id":"c1qgr3wgjxc3avd"},"id":"gxwnvv4f39t4hrf","previousOperationId":"z9nmem8x70bux7a"}
{"type":"log","timestamp":1676045355971,"level":"debug","message":"PhantomJS printing done","meta":{"rootId":"c1qgr3wgjxc3avd","id":"c1qgr3wgjxc3avd"},"id":"xse6n2qe8pzkpea","previousOperationId":"z9nmem8x70bux7a"}
{"type":"log","timestamp":1676045355971,"level":"debug","message":"PhantomJS printing done","meta":{"rootId":"c1qgr3wgjxc3avd","id":"c1qgr3wgjxc3avd"},"id":"kb1fr48nus4dtzu","previousOperationId":"z9nmem8x70bux7a"}
{"type":"log","timestamp":1676045355971,"level":"debug","message":"PhantomJS printing done","meta":{"rootId":"c1qgr3wgjxc3avd","id":"c1qgr3wgjxc3avd"},"id":"vocm2gkyi86vl91","previousOperationId":"z9nmem8x70bux7a"}
{"type":"log","timestamp":1676045355971,"level":"debug","message":"Request http://intruct-javascript-ending/","meta":{"rootId":"c1qgr3wgjxc3avd","id":"c1qgr3wgjxc3avd"},"id":"yc7fpkyfwoiboup","previousOperationId":"z9nmem8x70bux7a"}
{"type":"log","timestamp":1676045355971,"level":"debug","message":"PhantomJS printing done","meta":{"rootId":"c1qgr3wgjxc3avd","id":"c1qgr3wgjxc3avd"},"id":"bp4ewidpdcxq0uk","previousOperationId":"z9nmem8x70bux7a"}
{"type":"log","timestamp":1676045355972,"level":"debug","message":"phantom-pdf recipe finished with 1 pages generated","meta":{"rootId":"c1qgr3wgjxc3avd","id":"c1qgr3wgjxc3avd"},"id":"st2bvtcw77w1ipp","previousOperationId":"z9nmem8x70bux7a"}
{"type":"operationEnd","operationId":"z9nmem8x70bux7a","timestamp":1676045355972,"id":"mm2aqo8ros22alf","previousEventId":"3dhtxll2ufkjx4v","previousOperationId":"z9nmem8x70bux7a"}
{"type":"log","timestamp":1676045355972,"level":"debug","message":"Skipping storing report.","meta":{"rootId":"c1qgr3wgjxc3avd","id":"c1qgr3wgjxc3avd"},"id":"iuhv3wa8bej3n0d","previousOperationId":"z9nmem8x70bux7a"}
{"type":"log","timestamp":1676045355972,"level":"info","message":"Rendering request 46 finished in 4459 ms","meta":{"rootId":"c1qgr3wgjxc3avd","id":"c1qgr3wgjxc3avd"},"id":"y5ctenerg57z7cs","previousOperationId":"z9nmem8x70bux7a"}
{"type":"operationEnd","subtype":"render","operationId":"3kuuwesy5bz9nww","timestamp":1676045355972,"id":"hxjqxdgoml6kolv","previousEventId":"mm2aqo8ros22alf","previousOperationId":"z9nmem8x70bux7a"}
{"type":"operationEnd","doDiffs":false,"previousEventId":"s1z19x42z6mjf3w","previousOperationId":"3osqz866p9opr1r","operationId":"3osqz866p9opr1r","timestamp":1676045355997,"id":"wpxu31dr42p74tc"}
