{"type":"operationStart","subtype":"profile","data":{"_id":"1pZVtwMHIbiBlHqZ","timestamp":"2023-02-09T20:02:32.399Z","state":"queued","mode":"standard","creationDate":"2023-02-09T20:02:32.402Z","modificationDate":"2023-02-09T20:02:32.402Z","shortid":"wRIqBx6","$entitySet":"profiles"},"doDiffs":false,"timestamp":1675972952400,"id":"3d5azjargs3wlee","previousOperationId":null,"operationId":"t4rab1q00w0nd75"}
{"type":"log","level":"info","message":"Render request 40 queued for execution and waiting for available worker","previousOperationId":"t4rab1q00w0nd75","timestamp":1675972952400,"id":"ih5zyqrz8phidji"}
{"type":"operationStart","subtype":"render","name":"chart","previousOperationId":"t4rab1q00w0nd75","timestamp":1675972952413,"id":"s15uxxz0py4prf3","previousEventId":"3d5azjargs3wlee","operationId":"ygdvg67vhp5qfky"}
{"type":"log","timestamp":1675972952413,"level":"info","message":"Starting rendering request 40","meta":{"rootId":"cke4myjgc6hnicm","id":"cke4myjgc6hnicm"},"id":"xorc0nq03ssi5j7","previousOperationId":"ygdvg67vhp5qfky"}
{"type":"log","timestamp":1675972952413,"level":"info","message":"Rendering template { name: chart, recipe: phantom-pdf, engine: handlebars, preview: true }","meta":{"rootId":"cke4myjgc6hnicm","id":"cke4myjgc6hnicm"},"id":"nbo1j6ui4kdibj4","previousOperationId":"ygdvg67vhp5qfky"}
{"type":"log","timestamp":1675972952415,"level":"debug","message":"Data item not defined for this template.","meta":{"rootId":"cke4myjgc6hnicm","id":"cke4myjgc6hnicm"},"id":"6jayif7rkfg8rwj","previousOperationId":"ygdvg67vhp5qfky"}
{"type":"log","timestamp":1675972952421,"level":"debug","message":"Executing script chartscript (beforeRender)","meta":{"rootId":"cke4myjgc6hnicm","id":"cke4myjgc6hnicm"},"id":"svzyjhln3gd4qb1","previousOperationId":"ygdvg67vhp5qfky"}
{"type":"operationStart","subtype":"scriptsBeforeRender","name":"scripts beforeRender","timestamp":1675972952447,"id":"b8lk6l2o06re5kk","previousEventId":"s15uxxz0py4prf3","operationId":"kfzxp027e0xhoah","previousOperationId":"ygdvg67vhp5qfky"}
{"type":"operationStart","subtype":"script","name":"scripts chartscript","previousOperationId":"kfzxp027e0xhoah","timestamp":1675972952447,"id":"m3uks3xgogdex62","previousEventId":"b8lk6l2o06re5kk","operationId":"jlllxsew3p0gskx"}
{"type":"log","timestamp":1675972952681,"level":"debug","message":"(console:log) { A: [ 50, 6 ] }","meta":{"userLevel":true,"rootId":"cke4myjgc6hnicm","id":"cke4myjgc6hnicm"},"id":"ewrcir6hhqsj1l3","previousOperationId":"jlllxsew3p0gskx"}
{"type":"operationEnd","operationId":"jlllxsew3p0gskx","timestamp":1675972952682,"id":"1cg2yqzh9ji2j51","previousEventId":"s15uxxz0py4prf3","previousOperationId":"ygdvg67vhp5qfky"}
{"type":"operationEnd","operationId":"kfzxp027e0xhoah","timestamp":1675972952682,"id":"ho6l7ffd2dduanp","previousEventId":"1cg2yqzh9ji2j51","previousOperationId":"ygdvg67vhp5qfky"}
{"type":"log","timestamp":1675972952682,"level":"debug","message":"Base url not specified, skipping its injection.","meta":{"rootId":"cke4myjgc6hnicm","id":"cke4myjgc6hnicm"},"id":"gapiui7cw0r2fcd","previousOperationId":"kfzxp027e0xhoah"}
{"type":"operationStart","subtype":"engine","name":"handlebars","timestamp":1675972952682,"id":"w33ywgfcnhuny95","previousEventId":"ho6l7ffd2dduanp","operationId":"ctzp7dmbbqftr2m","previousOperationId":"kfzxp027e0xhoah"}
{"type":"log","timestamp":1675972952682,"level":"debug","message":"Rendering engine handlebars","meta":{"rootId":"cke4myjgc6hnicm","id":"cke4myjgc6hnicm"},"id":"to6g0p839bc1m7i","previousOperationId":"ctzp7dmbbqftr2m"}
{"type":"operationEnd","operationId":"ctzp7dmbbqftr2m","timestamp":1675972952699,"id":"dbpmfk1wuu3mrbh","previousEventId":"w33ywgfcnhuny95","previousOperationId":"ctzp7dmbbqftr2m"}
{"type":"operationStart","subtype":"recipe","name":"phantom-pdf","timestamp":1675972952699,"id":"8takt6uwx3mdadt","previousEventId":"dbpmfk1wuu3mrbh","operationId":"ivh6tirkwsuhuar","previousOperationId":"ctzp7dmbbqftr2m"}
{"type":"log","timestamp":1675972952699,"level":"debug","message":"Executing recipe phantom-pdf","meta":{"rootId":"cke4myjgc6hnicm","id":"cke4myjgc6hnicm"},"id":"bkgv8erghltif32","previousOperationId":"ivh6tirkwsuhuar"}
{"type":"log","timestamp":1675972955479,"level":"debug","message":"Converting in dedicated phantomjs 1.9.8","meta":{"rootId":"cke4myjgc6hnicm","id":"cke4myjgc6hnicm"},"id":"mduc51blatfb84x","previousOperationId":"ivh6tirkwsuhuar"}
{"type":"log","timestamp":1675972955479,"level":"debug","message":"Request file:///C%3A%5CUsers%5Calegu%5CAppData%5CLocal%5CTemp%5Cc097bd33-4b04-47bc-b429-ec25aef6d752html.html","meta":{"rootId":"cke4myjgc6hnicm","id":"cke4myjgc6hnicm"},"id":"1xfw82t67hnp67b","previousOperationId":"ivh6tirkwsuhuar"}
{"type":"log","timestamp":1675972955479,"level":"debug","message":"Request https://cdnjs.cloudflare.com/ajax/libs/Chart.js/2.1.6/Chart.min.js","meta":{"rootId":"cke4myjgc6hnicm","id":"cke4myjgc6hnicm"},"id":"plqnkhikf1iqzgg","previousOperationId":"ivh6tirkwsuhuar"}
{"type":"log","timestamp":1675972955479,"level":"debug","message":"PhantomJS printing done","meta":{"rootId":"cke4myjgc6hnicm","id":"cke4myjgc6hnicm"},"id":"eybn5gvk9uwxp5t","previousOperationId":"ivh6tirkwsuhuar"}
{"type":"log","timestamp":1675972955479,"level":"debug","message":"PhantomJS printing done","meta":{"rootId":"cke4myjgc6hnicm","id":"cke4myjgc6hnicm"},"id":"vzxw53cuu81d14a","previousOperationId":"ivh6tirkwsuhuar"}
{"type":"log","timestamp":1675972955479,"level":"debug","message":"PhantomJS printing done","meta":{"rootId":"cke4myjgc6hnicm","id":"cke4myjgc6hnicm"},"id":"onjexz5715jvrxn","previousOperationId":"ivh6tirkwsuhuar"}
{"type":"log","timestamp":1675972955479,"level":"debug","message":"PhantomJS printing done","meta":{"rootId":"cke4myjgc6hnicm","id":"cke4myjgc6hnicm"},"id":"xi3r11n7cjwlqtb","previousOperationId":"ivh6tirkwsuhuar"}
{"type":"log","timestamp":1675972955479,"level":"debug","message":"PhantomJS printing done","meta":{"rootId":"cke4myjgc6hnicm","id":"cke4myjgc6hnicm"},"id":"do47zceylua3du2","previousOperationId":"ivh6tirkwsuhuar"}
{"type":"log","timestamp":1675972955479,"level":"debug","message":"PhantomJS printing done","meta":{"rootId":"cke4myjgc6hnicm","id":"cke4myjgc6hnicm"},"id":"4knjalwj5vy09vh","previousOperationId":"ivh6tirkwsuhuar"}
{"type":"log","timestamp":1675972955479,"level":"debug","message":"PhantomJS printing done","meta":{"rootId":"cke4myjgc6hnicm","id":"cke4myjgc6hnicm"},"id":"7fzllpywqjkx3if","previousOperationId":"ivh6tirkwsuhuar"}
{"type":"log","timestamp":1675972955479,"level":"debug","message":"PhantomJS printing done","meta":{"rootId":"cke4myjgc6hnicm","id":"cke4myjgc6hnicm"},"id":"a4nx90md0xr5u6w","previousOperationId":"ivh6tirkwsuhuar"}
{"type":"log","timestamp":1675972955479,"level":"debug","message":"PhantomJS printing done","meta":{"rootId":"cke4myjgc6hnicm","id":"cke4myjgc6hnicm"},"id":"zibf7zwng9beuak","previousOperationId":"ivh6tirkwsuhuar"}
{"type":"log","timestamp":1675972955479,"level":"debug","message":"Request http://intruct-javascript-ending/","meta":{"rootId":"cke4myjgc6hnicm","id":"cke4myjgc6hnicm"},"id":"p4bcalz3k1s17mc","previousOperationId":"ivh6tirkwsuhuar"}
{"type":"log","timestamp":1675972955479,"level":"debug","message":"PhantomJS printing done","meta":{"rootId":"cke4myjgc6hnicm","id":"cke4myjgc6hnicm"},"id":"j073vhqz510iy87","previousOperationId":"ivh6tirkwsuhuar"}
{"type":"log","timestamp":1675972955480,"level":"debug","message":"phantom-pdf recipe finished with 1 pages generated","meta":{"rootId":"cke4myjgc6hnicm","id":"cke4myjgc6hnicm"},"id":"yezrqk21z63iyug","previousOperationId":"ivh6tirkwsuhuar"}
{"type":"operationEnd","operationId":"ivh6tirkwsuhuar","timestamp":1675972955480,"id":"u5mnloog6w6psit","previousEventId":"8takt6uwx3mdadt","previousOperationId":"ivh6tirkwsuhuar"}
{"type":"log","timestamp":1675972955480,"level":"debug","message":"Skipping storing report.","meta":{"rootId":"cke4myjgc6hnicm","id":"cke4myjgc6hnicm"},"id":"f68rig5wni1u56t","previousOperationId":"ivh6tirkwsuhuar"}
{"type":"log","timestamp":1675972955480,"level":"info","message":"Rendering request 40 finished in 3081 ms","meta":{"rootId":"cke4myjgc6hnicm","id":"cke4myjgc6hnicm"},"id":"jcc7bzrfp47nzmq","previousOperationId":"ivh6tirkwsuhuar"}
{"type":"operationEnd","subtype":"render","operationId":"ygdvg67vhp5qfky","timestamp":1675972955481,"id":"mrfegb92etjwmq0","previousEventId":"u5mnloog6w6psit","previousOperationId":"ivh6tirkwsuhuar"}
{"type":"operationEnd","doDiffs":false,"previousEventId":"3d5azjargs3wlee","previousOperationId":"t4rab1q00w0nd75","operationId":"t4rab1q00w0nd75","timestamp":1675972955503,"id":"mhtskxwypgaak6r"}
