{"type":"operationStart","subtype":"profile","data":{"_id":"2zOb5IB4lzVtD5IP","timestamp":"2023-02-09T19:25:58.800Z","state":"queued","mode":"standard","creationDate":"2023-02-09T19:25:58.802Z","modificationDate":"2023-02-09T19:25:58.802Z","shortid":"LpiUKyv","$entitySet":"profiles"},"doDiffs":false,"timestamp":1675970758801,"id":"lhp8zhpc46vxg34","previousOperationId":null,"operationId":"jblttxdy4cft33l"}
{"type":"log","level":"info","message":"Render request 13 queued for execution and waiting for available worker","previousOperationId":"jblttxdy4cft33l","timestamp":1675970758801,"id":"q42cpfn2gmaufcs"}
{"type":"operationStart","subtype":"render","name":"chart","previousOperationId":"jblttxdy4cft33l","timestamp":1675970758813,"id":"emiehibisbi5fti","previousEventId":"lhp8zhpc46vxg34","operationId":"oi0itec8tchmgtp"}
{"type":"log","timestamp":1675970758813,"level":"info","message":"Starting rendering request 13","meta":{"rootId":"dldqwpkzhttcqfo","id":"dldqwpkzhttcqfo"},"id":"pni08ef3p0cpyjg","previousOperationId":"oi0itec8tchmgtp"}
{"type":"log","timestamp":1675970758814,"level":"info","message":"Rendering template { name: chart, recipe: phantom-pdf, engine: handlebars, preview: true }","meta":{"rootId":"dldqwpkzhttcqfo","id":"dldqwpkzhttcqfo"},"id":"3msis3p215ect6w","previousOperationId":"oi0itec8tchmgtp"}
{"type":"log","timestamp":1675970758816,"level":"debug","message":"Inline data specified.","meta":{"rootId":"dldqwpkzhttcqfo","id":"dldqwpkzhttcqfo"},"id":"58x4rkclxawj6gb","previousOperationId":"oi0itec8tchmgtp"}
{"type":"log","timestamp":1675970758821,"level":"debug","message":"Base url not specified, skipping its injection.","meta":{"rootId":"dldqwpkzhttcqfo","id":"dldqwpkzhttcqfo"},"id":"mrlh10iff1u7cgz","previousOperationId":"oi0itec8tchmgtp"}
{"type":"operationStart","subtype":"engine","name":"handlebars","timestamp":1675970758821,"id":"zwteckpecwfumtv","previousEventId":"emiehibisbi5fti","operationId":"w98c2xia9m6jns6","previousOperationId":"oi0itec8tchmgtp"}
{"type":"log","timestamp":1675970758821,"level":"debug","message":"Rendering engine handlebars","meta":{"rootId":"dldqwpkzhttcqfo","id":"dldqwpkzhttcqfo"},"id":"ad4yi2jq7n74c0u","previousOperationId":"w98c2xia9m6jns6"}
{"type":"operationEnd","operationId":"w98c2xia9m6jns6","timestamp":1675970758840,"id":"b1lhfkivdeohady","previousEventId":"zwteckpecwfumtv","previousOperationId":"w98c2xia9m6jns6"}
{"type":"operationStart","subtype":"recipe","name":"phantom-pdf","timestamp":1675970758841,"id":"g9cdus96n0bkxd5","previousEventId":"b1lhfkivdeohady","operationId":"h90f7rpa5s60757","previousOperationId":"w98c2xia9m6jns6"}
{"type":"log","timestamp":1675970758841,"level":"debug","message":"Executing recipe phantom-pdf","meta":{"rootId":"dldqwpkzhttcqfo","id":"dldqwpkzhttcqfo"},"id":"g1usx5qnv66fy4n","previousOperationId":"h90f7rpa5s60757"}
{"type":"log","timestamp":1675970761771,"level":"debug","message":"Converting in dedicated phantomjs 1.9.8","meta":{"rootId":"dldqwpkzhttcqfo","id":"dldqwpkzhttcqfo"},"id":"v697whs0ad5icgd","previousOperationId":"h90f7rpa5s60757"}
{"type":"log","timestamp":1675970761771,"level":"debug","message":"Request file:///C%3A%5CUsers%5Calegu%5CAppData%5CLocal%5CTemp%5Cbc6ab9e4-597b-4e97-ae58-f6dff73a9469html.html","meta":{"rootId":"dldqwpkzhttcqfo","id":"dldqwpkzhttcqfo"},"id":"rftfubybp3iccy4","previousOperationId":"h90f7rpa5s60757"}
{"type":"log","timestamp":1675970761771,"level":"debug","message":"Request https://cdnjs.cloudflare.com/ajax/libs/Chart.js/2.1.6/Chart.min.js","meta":{"rootId":"dldqwpkzhttcqfo","id":"dldqwpkzhttcqfo"},"id":"cjja425ajycxqvb","previousOperationId":"h90f7rpa5s60757"}
{"type":"log","timestamp":1675970761771,"level":"debug","message":"PhantomJS printing done","meta":{"rootId":"dldqwpkzhttcqfo","id":"dldqwpkzhttcqfo"},"id":"4mxdaos52on98rb","previousOperationId":"h90f7rpa5s60757"}
{"type":"log","timestamp":1675970761771,"level":"debug","message":"PhantomJS printing done","meta":{"rootId":"dldqwpkzhttcqfo","id":"dldqwpkzhttcqfo"},"id":"10iyknt4lon11w7","previousOperationId":"h90f7rpa5s60757"}
{"type":"log","timestamp":1675970761771,"level":"debug","message":"PhantomJS printing done","meta":{"rootId":"dldqwpkzhttcqfo","id":"dldqwpkzhttcqfo"},"id":"4ggb7omdyd319lr","previousOperationId":"h90f7rpa5s60757"}
{"type":"log","timestamp":1675970761771,"level":"debug","message":"PhantomJS printing done","meta":{"rootId":"dldqwpkzhttcqfo","id":"dldqwpkzhttcqfo"},"id":"re7uowqvkrdb8ry","previousOperationId":"h90f7rpa5s60757"}
{"type":"log","timestamp":1675970761771,"level":"debug","message":"PhantomJS printing done","meta":{"rootId":"dldqwpkzhttcqfo","id":"dldqwpkzhttcqfo"},"id":"3xm0v1vf2k7u3xl","previousOperationId":"h90f7rpa5s60757"}
{"type":"log","timestamp":1675970761771,"level":"debug","message":"PhantomJS printing done","meta":{"rootId":"dldqwpkzhttcqfo","id":"dldqwpkzhttcqfo"},"id":"9g8n00mmg3mgap9","previousOperationId":"h90f7rpa5s60757"}
{"type":"log","timestamp":1675970761771,"level":"debug","message":"PhantomJS printing done","meta":{"rootId":"dldqwpkzhttcqfo","id":"dldqwpkzhttcqfo"},"id":"ahd7wcnup55g75b","previousOperationId":"h90f7rpa5s60757"}
{"type":"log","timestamp":1675970761771,"level":"debug","message":"PhantomJS printing done","meta":{"rootId":"dldqwpkzhttcqfo","id":"dldqwpkzhttcqfo"},"id":"ub3sn2gewbrlqk5","previousOperationId":"h90f7rpa5s60757"}
{"type":"log","timestamp":1675970761771,"level":"debug","message":"PhantomJS printing done","meta":{"rootId":"dldqwpkzhttcqfo","id":"dldqwpkzhttcqfo"},"id":"di7j9singi87v8p","previousOperationId":"h90f7rpa5s60757"}
{"type":"log","timestamp":1675970761771,"level":"debug","message":"Request http://intruct-javascript-ending/","meta":{"rootId":"dldqwpkzhttcqfo","id":"dldqwpkzhttcqfo"},"id":"tam5ixp6x3chpio","previousOperationId":"h90f7rpa5s60757"}
{"type":"log","timestamp":1675970761771,"level":"debug","message":"PhantomJS printing done","meta":{"rootId":"dldqwpkzhttcqfo","id":"dldqwpkzhttcqfo"},"id":"mosl1a5orqv8an6","previousOperationId":"h90f7rpa5s60757"}
{"type":"log","timestamp":1675970761772,"level":"debug","message":"phantom-pdf recipe finished with 1 pages generated","meta":{"rootId":"dldqwpkzhttcqfo","id":"dldqwpkzhttcqfo"},"id":"jgxqf54xeaaqqu8","previousOperationId":"h90f7rpa5s60757"}
{"type":"operationEnd","operationId":"h90f7rpa5s60757","timestamp":1675970761772,"id":"ken8l52toe63hr7","previousEventId":"g9cdus96n0bkxd5","previousOperationId":"h90f7rpa5s60757"}
{"type":"log","timestamp":1675970761772,"level":"debug","message":"Skipping storing report.","meta":{"rootId":"dldqwpkzhttcqfo","id":"dldqwpkzhttcqfo"},"id":"3awzx52yogc78sz","previousOperationId":"h90f7rpa5s60757"}
{"type":"log","timestamp":1675970761772,"level":"info","message":"Rendering request 13 finished in 2973 ms","meta":{"rootId":"dldqwpkzhttcqfo","id":"dldqwpkzhttcqfo"},"id":"yn46s2gmdnemqu8","previousOperationId":"h90f7rpa5s60757"}
{"type":"operationEnd","subtype":"render","operationId":"oi0itec8tchmgtp","timestamp":1675970761772,"id":"ql10t0q3q4b06vq","previousEventId":"ken8l52toe63hr7","previousOperationId":"h90f7rpa5s60757"}
{"type":"operationEnd","doDiffs":false,"previousEventId":"lhp8zhpc46vxg34","previousOperationId":"jblttxdy4cft33l","operationId":"jblttxdy4cft33l","timestamp":1675970761801,"id":"dym6ezxcuew4f7l"}
