{"type":"operationStart","subtype":"profile","data":{"_id":"wlMrIbTRalhmhhtk","timestamp":"2023-02-10T15:21:04.267Z","state":"queued","mode":"standard","creationDate":"2023-02-10T15:21:04.270Z","modificationDate":"2023-02-10T15:21:04.270Z","shortid":"xv8enKa","$entitySet":"profiles"},"doDiffs":false,"timestamp":1676042464269,"id":"cu1314o0hzt7bdz","previousOperationId":null,"operationId":"0tlae25z2qto9g3"}
{"type":"log","level":"info","message":"Render request 12 queued for execution and waiting for available worker","previousOperationId":"0tlae25z2qto9g3","timestamp":1676042464269,"id":"c4z8h5jd8n2l3w8"}
{"type":"operationStart","subtype":"render","name":"chart","previousOperationId":"0tlae25z2qto9g3","timestamp":1676042464282,"id":"c7r8lefim1d34qh","previousEventId":"cu1314o0hzt7bdz","operationId":"1n799qkdzppbyow"}
{"type":"log","timestamp":1676042464283,"level":"info","message":"Starting rendering request 12","meta":{"rootId":"e0ryd34i7dwoqhk","id":"e0ryd34i7dwoqhk"},"id":"51pz3wplt8d3f8k","previousOperationId":"1n799qkdzppbyow"}
{"type":"log","timestamp":1676042464284,"level":"info","message":"Rendering template { name: chart, recipe: phantom-pdf, engine: handlebars, preview: true }","meta":{"rootId":"e0ryd34i7dwoqhk","id":"e0ryd34i7dwoqhk"},"id":"kvnfed6fn75bngn","previousOperationId":"1n799qkdzppbyow"}
{"type":"log","timestamp":1676042464286,"level":"debug","message":"Data item not defined for this template.","meta":{"rootId":"e0ryd34i7dwoqhk","id":"e0ryd34i7dwoqhk"},"id":"sad2d4esz218olr","previousOperationId":"1n799qkdzppbyow"}
{"type":"log","timestamp":1676042464291,"level":"debug","message":"Executing script chartscript (beforeRender)","meta":{"rootId":"e0ryd34i7dwoqhk","id":"e0ryd34i7dwoqhk"},"id":"u9m8bzj919ku5kf","previousOperationId":"1n799qkdzppbyow"}
{"type":"operationStart","subtype":"scriptsBeforeRender","name":"scripts beforeRender","timestamp":1676042464574,"id":"1nso6whbu51zv6w","previousEventId":"c7r8lefim1d34qh","operationId":"bafsuo2n5eo8pcr","previousOperationId":"1n799qkdzppbyow"}
{"type":"operationStart","subtype":"script","name":"scripts chartscript","previousOperationId":"bafsuo2n5eo8pcr","timestamp":1676042464574,"id":"geunib8168lbup6","previousEventId":"1nso6whbu51zv6w","operationId":"m7r6059azzdjgr8"}
{"type":"operationEnd","operationId":"m7r6059azzdjgr8","timestamp":1676042468089,"id":"9jv2qbjzoh2brdl","previousEventId":"c7r8lefim1d34qh","previousOperationId":"1n799qkdzppbyow"}
{"type":"operationEnd","operationId":"bafsuo2n5eo8pcr","timestamp":1676042468089,"id":"fj4p8d4cbny0ggy","previousEventId":"9jv2qbjzoh2brdl","previousOperationId":"1n799qkdzppbyow"}
{"type":"log","timestamp":1676042468089,"level":"debug","message":"Base url not specified, skipping its injection.","meta":{"rootId":"e0ryd34i7dwoqhk","id":"e0ryd34i7dwoqhk"},"id":"c5rucd4lrtn5hgo","previousOperationId":"bafsuo2n5eo8pcr"}
{"type":"operationStart","subtype":"engine","name":"handlebars","timestamp":1676042468090,"id":"28jv8il2yg2uoq9","previousEventId":"fj4p8d4cbny0ggy","operationId":"w9jhxb9w3npc19i","previousOperationId":"bafsuo2n5eo8pcr"}
{"type":"log","timestamp":1676042468090,"level":"debug","message":"Rendering engine handlebars","meta":{"rootId":"e0ryd34i7dwoqhk","id":"e0ryd34i7dwoqhk"},"id":"p4lzexs3rk29ubt","previousOperationId":"w9jhxb9w3npc19i"}
{"type":"log","timestamp":1676042468103,"level":"debug","message":"(console:log) { articulos: [ 50, 6 ] }","meta":{"userLevel":true,"rootId":"e0ryd34i7dwoqhk","id":"e0ryd34i7dwoqhk"},"id":"0rxvprae35bb7zt","previousOperationId":"w9jhxb9w3npc19i"}
{"type":"operationEnd","operationId":"w9jhxb9w3npc19i","timestamp":1676042468103,"id":"5exf7n34d7gon8g","previousEventId":"28jv8il2yg2uoq9","previousOperationId":"w9jhxb9w3npc19i"}
{"type":"operationStart","subtype":"recipe","name":"phantom-pdf","timestamp":1676042468103,"id":"i7egtw531crcfr3","previousEventId":"5exf7n34d7gon8g","operationId":"p2lvpjux9sgyrvq","previousOperationId":"w9jhxb9w3npc19i"}
{"type":"log","timestamp":1676042468103,"level":"debug","message":"Executing recipe phantom-pdf","meta":{"rootId":"e0ryd34i7dwoqhk","id":"e0ryd34i7dwoqhk"},"id":"smexb5dsvxuqw4h","previousOperationId":"p2lvpjux9sgyrvq"}
{"type":"log","timestamp":1676042470894,"level":"debug","message":"Converting in dedicated phantomjs 1.9.8","meta":{"rootId":"e0ryd34i7dwoqhk","id":"e0ryd34i7dwoqhk"},"id":"keioe5lvialc4g3","previousOperationId":"p2lvpjux9sgyrvq"}
{"type":"log","timestamp":1676042470894,"level":"debug","message":"Request file:///C%3A%5CUsers%5Calegu%5CAppData%5CLocal%5CTemp%5Ce2935bdf-d67b-44aa-9495-16b3046e79a3html.html","meta":{"rootId":"e0ryd34i7dwoqhk","id":"e0ryd34i7dwoqhk"},"id":"v16o5azt9uly8tk","previousOperationId":"p2lvpjux9sgyrvq"}
{"type":"log","timestamp":1676042470894,"level":"debug","message":"Request https://cdnjs.cloudflare.com/ajax/libs/Chart.js/2.1.6/Chart.min.js","meta":{"rootId":"e0ryd34i7dwoqhk","id":"e0ryd34i7dwoqhk"},"id":"n7ddxn4aa8izx26","previousOperationId":"p2lvpjux9sgyrvq"}
{"type":"log","timestamp":1676042470894,"level":"debug","message":"PhantomJS printing done","meta":{"rootId":"e0ryd34i7dwoqhk","id":"e0ryd34i7dwoqhk"},"id":"vz6rytq0dncrwek","previousOperationId":"p2lvpjux9sgyrvq"}
{"type":"log","timestamp":1676042470894,"level":"debug","message":"PhantomJS printing done","meta":{"rootId":"e0ryd34i7dwoqhk","id":"e0ryd34i7dwoqhk"},"id":"yp07mpc41d6x1vr","previousOperationId":"p2lvpjux9sgyrvq"}
{"type":"log","timestamp":1676042470894,"level":"debug","message":"PhantomJS printing done","meta":{"rootId":"e0ryd34i7dwoqhk","id":"e0ryd34i7dwoqhk"},"id":"eqn4t6yd7wn5112","previousOperationId":"p2lvpjux9sgyrvq"}
{"type":"log","timestamp":1676042470894,"level":"debug","message":"PhantomJS printing done","meta":{"rootId":"e0ryd34i7dwoqhk","id":"e0ryd34i7dwoqhk"},"id":"7xb41rgmvc9lelv","previousOperationId":"p2lvpjux9sgyrvq"}
{"type":"log","timestamp":1676042470894,"level":"debug","message":"PhantomJS printing done","meta":{"rootId":"e0ryd34i7dwoqhk","id":"e0ryd34i7dwoqhk"},"id":"xwz5j9u2reb1gl5","previousOperationId":"p2lvpjux9sgyrvq"}
{"type":"log","timestamp":1676042470895,"level":"debug","message":"PhantomJS printing done","meta":{"rootId":"e0ryd34i7dwoqhk","id":"e0ryd34i7dwoqhk"},"id":"dzy15cugroogo3y","previousOperationId":"p2lvpjux9sgyrvq"}
{"type":"log","timestamp":1676042470895,"level":"debug","message":"PhantomJS printing done","meta":{"rootId":"e0ryd34i7dwoqhk","id":"e0ryd34i7dwoqhk"},"id":"ixq7xz1eimfa4x6","previousOperationId":"p2lvpjux9sgyrvq"}
{"type":"log","timestamp":1676042470895,"level":"debug","message":"PhantomJS printing done","meta":{"rootId":"e0ryd34i7dwoqhk","id":"e0ryd34i7dwoqhk"},"id":"iinotf7u2464hcw","previousOperationId":"p2lvpjux9sgyrvq"}
{"type":"log","timestamp":1676042470895,"level":"debug","message":"PhantomJS printing done","meta":{"rootId":"e0ryd34i7dwoqhk","id":"e0ryd34i7dwoqhk"},"id":"8wj5lw16jx22yzj","previousOperationId":"p2lvpjux9sgyrvq"}
{"type":"log","timestamp":1676042470895,"level":"debug","message":"Request http://intruct-javascript-ending/","meta":{"rootId":"e0ryd34i7dwoqhk","id":"e0ryd34i7dwoqhk"},"id":"gvf657g2n2tdas2","previousOperationId":"p2lvpjux9sgyrvq"}
{"type":"log","timestamp":1676042470895,"level":"debug","message":"PhantomJS printing done","meta":{"rootId":"e0ryd34i7dwoqhk","id":"e0ryd34i7dwoqhk"},"id":"sxvhnqwoiwfirxp","previousOperationId":"p2lvpjux9sgyrvq"}
{"type":"log","timestamp":1676042470896,"level":"debug","message":"phantom-pdf recipe finished with 1 pages generated","meta":{"rootId":"e0ryd34i7dwoqhk","id":"e0ryd34i7dwoqhk"},"id":"q9nyrzhrr0sg0nw","previousOperationId":"p2lvpjux9sgyrvq"}
{"type":"operationEnd","operationId":"p2lvpjux9sgyrvq","timestamp":1676042470896,"id":"fb3u6ao8zppyk9n","previousEventId":"i7egtw531crcfr3","previousOperationId":"p2lvpjux9sgyrvq"}
{"type":"log","timestamp":1676042470897,"level":"debug","message":"Skipping storing report.","meta":{"rootId":"e0ryd34i7dwoqhk","id":"e0ryd34i7dwoqhk"},"id":"73bkh6q09wa2j3p","previousOperationId":"p2lvpjux9sgyrvq"}
{"type":"log","timestamp":1676042470897,"level":"info","message":"Rendering request 12 finished in 6630 ms","meta":{"rootId":"e0ryd34i7dwoqhk","id":"e0ryd34i7dwoqhk"},"id":"d5gyvey6ahagdef","previousOperationId":"p2lvpjux9sgyrvq"}
{"type":"operationEnd","subtype":"render","operationId":"1n799qkdzppbyow","timestamp":1676042470897,"id":"apz2pkxju8n08al","previousEventId":"fb3u6ao8zppyk9n","previousOperationId":"p2lvpjux9sgyrvq"}
{"type":"operationEnd","doDiffs":false,"previousEventId":"cu1314o0hzt7bdz","previousOperationId":"0tlae25z2qto9g3","operationId":"0tlae25z2qto9g3","timestamp":1676042470926,"id":"2b8qzk0rxs2a0k6"}
