{"type":"operationStart","subtype":"profile","data":{"_id":"N2VixEKwB8FhCAjh","timestamp":"2023-02-09T20:28:11.922Z","state":"queued","mode":"standard","creationDate":"2023-02-09T20:28:11.925Z","modificationDate":"2023-02-09T20:28:11.925Z","shortid":"Em8h1iP","$entitySet":"profiles"},"doDiffs":false,"timestamp":1675974491924,"id":"nbix2uiamoqqkhg","previousOperationId":null,"operationId":"tviml2e46heiryu"}
{"type":"log","level":"info","message":"Render request 79 queued for execution and waiting for available worker","previousOperationId":"tviml2e46heiryu","timestamp":1675974491924,"id":"7ti1t3l237xb335"}
{"type":"operationStart","subtype":"render","name":"chart","previousOperationId":"tviml2e46heiryu","timestamp":1675974491940,"id":"1c3cdref3fz957p","previousEventId":"nbix2uiamoqqkhg","operationId":"2tkhzb0g8wn0b24"}
{"type":"log","timestamp":1675974491941,"level":"info","message":"Starting rendering request 79","meta":{"rootId":"eqpjal7teidaybo","id":"eqpjal7teidaybo"},"id":"3ze4nrzypjoq7oz","previousOperationId":"2tkhzb0g8wn0b24"}
{"type":"log","timestamp":1675974491943,"level":"info","message":"Rendering template { name: chart, recipe: phantom-pdf, engine: handlebars, preview: true }","meta":{"rootId":"eqpjal7teidaybo","id":"eqpjal7teidaybo"},"id":"0z9vyywnoirt9yg","previousOperationId":"2tkhzb0g8wn0b24"}
{"type":"log","timestamp":1675974491946,"level":"debug","message":"Data item not defined for this template.","meta":{"rootId":"eqpjal7teidaybo","id":"eqpjal7teidaybo"},"id":"cl93kknh1httuhk","previousOperationId":"2tkhzb0g8wn0b24"}
{"type":"log","timestamp":1675974491953,"level":"debug","message":"Executing script chartscript (beforeRender)","meta":{"rootId":"eqpjal7teidaybo","id":"eqpjal7teidaybo"},"id":"wzxlsrh8dtzpfkm","previousOperationId":"2tkhzb0g8wn0b24"}
{"type":"operationStart","subtype":"scriptsBeforeRender","name":"scripts beforeRender","timestamp":1675974492393,"id":"6dig7bogad5ixim","previousEventId":"1c3cdref3fz957p","operationId":"n7nvsst5nztpg42","previousOperationId":"2tkhzb0g8wn0b24"}
{"type":"operationStart","subtype":"script","name":"scripts chartscript","previousOperationId":"n7nvsst5nztpg42","timestamp":1675974492393,"id":"9sr9tv9lcx8bwaj","previousEventId":"6dig7bogad5ixim","operationId":"vgqajvkat90bef7"}
{"type":"operationEnd","operationId":"vgqajvkat90bef7","timestamp":1675974492593,"id":"o77ivv8uvch4rvf","previousEventId":"1c3cdref3fz957p","previousOperationId":"2tkhzb0g8wn0b24"}
{"type":"operationEnd","operationId":"n7nvsst5nztpg42","timestamp":1675974492593,"id":"ccxthb7pbis1f8e","previousEventId":"o77ivv8uvch4rvf","previousOperationId":"2tkhzb0g8wn0b24"}
{"type":"log","timestamp":1675974492593,"level":"debug","message":"Base url not specified, skipping its injection.","meta":{"rootId":"eqpjal7teidaybo","id":"eqpjal7teidaybo"},"id":"onovqhuae226004","previousOperationId":"n7nvsst5nztpg42"}
{"type":"operationStart","subtype":"engine","name":"handlebars","timestamp":1675974492594,"id":"1jyqb2oikh0c9xm","previousEventId":"ccxthb7pbis1f8e","operationId":"jq2js4u7hor7ab8","previousOperationId":"n7nvsst5nztpg42"}
{"type":"log","timestamp":1675974492594,"level":"debug","message":"Rendering engine handlebars","meta":{"rootId":"eqpjal7teidaybo","id":"eqpjal7teidaybo"},"id":"aqdnssdy0tokfwq","previousOperationId":"jq2js4u7hor7ab8"}
{"type":"log","timestamp":1675974492949,"level":"debug","message":"(console:log) {\"A\":[50,6]}","meta":{"userLevel":true,"rootId":"eqpjal7teidaybo","id":"eqpjal7teidaybo"},"id":"3kuvsjitin6r3mx","previousOperationId":"jq2js4u7hor7ab8"}
{"type":"operationEnd","operationId":"jq2js4u7hor7ab8","timestamp":1675974492950,"id":"17pz6ojqtnk35ir","previousEventId":"1jyqb2oikh0c9xm","previousOperationId":"jq2js4u7hor7ab8"}
{"type":"operationStart","subtype":"recipe","name":"phantom-pdf","timestamp":1675974492952,"id":"qu6w5184dptz6lz","previousEventId":"17pz6ojqtnk35ir","operationId":"xzadwc0unf3bqh4","previousOperationId":"jq2js4u7hor7ab8"}
{"type":"log","timestamp":1675974492952,"level":"debug","message":"Executing recipe phantom-pdf","meta":{"rootId":"eqpjal7teidaybo","id":"eqpjal7teidaybo"},"id":"azaymk5sezt24df","previousOperationId":"xzadwc0unf3bqh4"}
{"type":"log","timestamp":1675974495776,"level":"debug","message":"Converting in dedicated phantomjs 1.9.8","meta":{"rootId":"eqpjal7teidaybo","id":"eqpjal7teidaybo"},"id":"axm6nnsosgsx1tx","previousOperationId":"xzadwc0unf3bqh4"}
{"type":"log","timestamp":1675974495776,"level":"debug","message":"Request file:///C%3A%5CUsers%5Calegu%5CAppData%5CLocal%5CTemp%5C8bea67af-d016-45e3-979b-cd072d54cffehtml.html","meta":{"rootId":"eqpjal7teidaybo","id":"eqpjal7teidaybo"},"id":"u7f1yfsdph2389p","previousOperationId":"xzadwc0unf3bqh4"}
{"type":"log","timestamp":1675974495776,"level":"debug","message":"Request https://cdnjs.cloudflare.com/ajax/libs/Chart.js/2.1.6/Chart.min.js","meta":{"rootId":"eqpjal7teidaybo","id":"eqpjal7teidaybo"},"id":"512fmnri0ckwedt","previousOperationId":"xzadwc0unf3bqh4"}
{"type":"log","timestamp":1675974495777,"level":"debug","message":"PhantomJS printing done","meta":{"rootId":"eqpjal7teidaybo","id":"eqpjal7teidaybo"},"id":"nujo7z65ipmmx5i","previousOperationId":"xzadwc0unf3bqh4"}
{"type":"log","timestamp":1675974495777,"level":"debug","message":"PhantomJS printing done","meta":{"rootId":"eqpjal7teidaybo","id":"eqpjal7teidaybo"},"id":"7adfacoou0nb0d7","previousOperationId":"xzadwc0unf3bqh4"}
{"type":"log","timestamp":1675974495777,"level":"debug","message":"PhantomJS printing done","meta":{"rootId":"eqpjal7teidaybo","id":"eqpjal7teidaybo"},"id":"eb1f2g3eqsy4piw","previousOperationId":"xzadwc0unf3bqh4"}
{"type":"log","timestamp":1675974495777,"level":"debug","message":"PhantomJS printing done","meta":{"rootId":"eqpjal7teidaybo","id":"eqpjal7teidaybo"},"id":"d7nufj18itk19tq","previousOperationId":"xzadwc0unf3bqh4"}
{"type":"log","timestamp":1675974495777,"level":"debug","message":"PhantomJS printing done","meta":{"rootId":"eqpjal7teidaybo","id":"eqpjal7teidaybo"},"id":"cz5m68kenicznig","previousOperationId":"xzadwc0unf3bqh4"}
{"type":"log","timestamp":1675974495777,"level":"debug","message":"PhantomJS printing done","meta":{"rootId":"eqpjal7teidaybo","id":"eqpjal7teidaybo"},"id":"sayg9rm0teuirk5","previousOperationId":"xzadwc0unf3bqh4"}
{"type":"log","timestamp":1675974495777,"level":"debug","message":"PhantomJS printing done","meta":{"rootId":"eqpjal7teidaybo","id":"eqpjal7teidaybo"},"id":"cv5xrj96keyinbx","previousOperationId":"xzadwc0unf3bqh4"}
{"type":"log","timestamp":1675974495777,"level":"debug","message":"PhantomJS printing done","meta":{"rootId":"eqpjal7teidaybo","id":"eqpjal7teidaybo"},"id":"kdue9svfmvp7341","previousOperationId":"xzadwc0unf3bqh4"}
{"type":"log","timestamp":1675974495777,"level":"debug","message":"PhantomJS printing done","meta":{"rootId":"eqpjal7teidaybo","id":"eqpjal7teidaybo"},"id":"81tx42upz8rvr5k","previousOperationId":"xzadwc0unf3bqh4"}
{"type":"log","timestamp":1675974495777,"level":"debug","message":"PhantomJS printing done","meta":{"rootId":"eqpjal7teidaybo","id":"eqpjal7teidaybo"},"id":"o1jw6o30dz71rvk","previousOperationId":"xzadwc0unf3bqh4"}
{"type":"log","timestamp":1675974495777,"level":"debug","message":"Request http://intruct-javascript-ending/","meta":{"rootId":"eqpjal7teidaybo","id":"eqpjal7teidaybo"},"id":"ll97r7j8rzvvufv","previousOperationId":"xzadwc0unf3bqh4"}
{"type":"log","timestamp":1675974495777,"level":"debug","message":"PhantomJS printing done","meta":{"rootId":"eqpjal7teidaybo","id":"eqpjal7teidaybo"},"id":"5fc4fpv4z55cr3r","previousOperationId":"xzadwc0unf3bqh4"}
{"type":"log","timestamp":1675974495779,"level":"debug","message":"phantom-pdf recipe finished with 1 pages generated","meta":{"rootId":"eqpjal7teidaybo","id":"eqpjal7teidaybo"},"id":"0oriistm7ozgez6","previousOperationId":"xzadwc0unf3bqh4"}
{"type":"operationEnd","operationId":"xzadwc0unf3bqh4","timestamp":1675974495779,"id":"kl7p36vipor5gwd","previousEventId":"qu6w5184dptz6lz","previousOperationId":"xzadwc0unf3bqh4"}
{"type":"log","timestamp":1675974495780,"level":"debug","message":"Skipping storing report.","meta":{"rootId":"eqpjal7teidaybo","id":"eqpjal7teidaybo"},"id":"rj3x3k205tjur4j","previousOperationId":"xzadwc0unf3bqh4"}
{"type":"log","timestamp":1675974495780,"level":"info","message":"Rendering request 79 finished in 3858 ms","meta":{"rootId":"eqpjal7teidaybo","id":"eqpjal7teidaybo"},"id":"tef206lrq5x749b","previousOperationId":"xzadwc0unf3bqh4"}
{"type":"operationEnd","subtype":"render","operationId":"2tkhzb0g8wn0b24","timestamp":1675974495780,"id":"qlh9loa54xrhgq9","previousEventId":"kl7p36vipor5gwd","previousOperationId":"xzadwc0unf3bqh4"}
{"type":"operationEnd","doDiffs":false,"previousEventId":"nbix2uiamoqqkhg","previousOperationId":"tviml2e46heiryu","operationId":"tviml2e46heiryu","timestamp":1675974495800,"id":"afbbt0ruz5oyhwy"}
