{"type":"operationStart","subtype":"profile","data":{"_id":"V2FJjCBvm1GxYJeH","timestamp":"2023-02-10T15:42:16.142Z","state":"queued","mode":"standard","creationDate":"2023-02-10T15:42:16.145Z","modificationDate":"2023-02-10T15:42:16.145Z","shortid":"16ICb8W","$entitySet":"profiles"},"doDiffs":false,"timestamp":1676043736143,"id":"eh9rlom7zhl5tcs","previousOperationId":null,"operationId":"xn0f329othjtu4p"}
{"type":"log","level":"info","message":"Render request 34 queued for execution and waiting for available worker","previousOperationId":"xn0f329othjtu4p","timestamp":1676043736143,"id":"28k30dsfmtlprdk"}
{"type":"operationStart","subtype":"render","name":"chart","previousOperationId":"xn0f329othjtu4p","timestamp":1676043736162,"id":"e4jd0ljch8qqnmn","previousEventId":"eh9rlom7zhl5tcs","operationId":"ltrill6hhxh48ji"}
{"type":"log","timestamp":1676043736163,"level":"info","message":"Starting rendering request 34","meta":{"rootId":"eqyksbcyjv6pfru","id":"eqyksbcyjv6pfru"},"id":"9d7vvm85qe0r75i","previousOperationId":"ltrill6hhxh48ji"}
{"type":"log","timestamp":1676043736165,"level":"info","message":"Rendering template { name: chart, recipe: phantom-pdf, engine: handlebars, preview: true }","meta":{"rootId":"eqyksbcyjv6pfru","id":"eqyksbcyjv6pfru"},"id":"egupinr9kq0qvql","previousOperationId":"ltrill6hhxh48ji"}
{"type":"log","timestamp":1676043736168,"level":"debug","message":"Data item not defined for this template.","meta":{"rootId":"eqyksbcyjv6pfru","id":"eqyksbcyjv6pfru"},"id":"sw2303g97muo4u4","previousOperationId":"ltrill6hhxh48ji"}
{"type":"log","timestamp":1676043736174,"level":"debug","message":"Executing script chartscript (beforeRender)","meta":{"rootId":"eqyksbcyjv6pfru","id":"eqyksbcyjv6pfru"},"id":"t9ih51vktik2hbo","previousOperationId":"ltrill6hhxh48ji"}
{"type":"operationStart","subtype":"scriptsBeforeRender","name":"scripts beforeRender","timestamp":1676043736493,"id":"txzaamsmstves9p","previousEventId":"e4jd0ljch8qqnmn","operationId":"8qcucnjj1pw3w49","previousOperationId":"ltrill6hhxh48ji"}
{"type":"operationStart","subtype":"script","name":"scripts chartscript","previousOperationId":"8qcucnjj1pw3w49","timestamp":1676043736493,"id":"a4iawoiavxtfx37","previousEventId":"txzaamsmstves9p","operationId":"j8uhaqhe2o7io6f"}
{"type":"log","timestamp":1676043736721,"level":"debug","message":"(console:log) [ 50, 45 ]","meta":{"userLevel":true,"rootId":"eqyksbcyjv6pfru","id":"eqyksbcyjv6pfru"},"id":"c8txecjkwg0p3lg","previousOperationId":"j8uhaqhe2o7io6f"}
{"type":"log","timestamp":1676043736722,"level":"debug","message":"(console:log) [ 50, 45 ]","meta":{"userLevel":true,"rootId":"eqyksbcyjv6pfru","id":"eqyksbcyjv6pfru"},"id":"yhvkb9l6oqph82y","previousOperationId":"j8uhaqhe2o7io6f"}
{"type":"operationEnd","operationId":"j8uhaqhe2o7io6f","timestamp":1676043736723,"id":"luvhppn64ht386t","previousEventId":"e4jd0ljch8qqnmn","previousOperationId":"ltrill6hhxh48ji"}
{"type":"operationEnd","operationId":"8qcucnjj1pw3w49","timestamp":1676043736723,"id":"oxkejhy7k4kk2ta","previousEventId":"luvhppn64ht386t","previousOperationId":"ltrill6hhxh48ji"}
{"type":"log","timestamp":1676043736723,"level":"debug","message":"Base url not specified, skipping its injection.","meta":{"rootId":"eqyksbcyjv6pfru","id":"eqyksbcyjv6pfru"},"id":"niju0lcv0kdelbu","previousOperationId":"8qcucnjj1pw3w49"}
{"type":"operationStart","subtype":"engine","name":"handlebars","timestamp":1676043736724,"id":"7p11mhwo8xub8hh","previousEventId":"oxkejhy7k4kk2ta","operationId":"b3n1mf6y1kw3a6e","previousOperationId":"8qcucnjj1pw3w49"}
{"type":"log","timestamp":1676043736724,"level":"debug","message":"Rendering engine handlebars","meta":{"rootId":"eqyksbcyjv6pfru","id":"eqyksbcyjv6pfru"},"id":"y16ui0ud1cszlaw","previousOperationId":"b3n1mf6y1kw3a6e"}
{"type":"log","timestamp":1676043737046,"level":"debug","message":"(console:log) [ 50, 45 ]","meta":{"userLevel":true,"rootId":"eqyksbcyjv6pfru","id":"eqyksbcyjv6pfru"},"id":"2033eq0o630o199","previousOperationId":"b3n1mf6y1kw3a6e"}
{"type":"log","timestamp":1676043737046,"level":"debug","message":"(console:log) [50,45]","meta":{"userLevel":true,"rootId":"eqyksbcyjv6pfru","id":"eqyksbcyjv6pfru"},"id":"i3dwv7lz4b14nij","previousOperationId":"b3n1mf6y1kw3a6e"}
{"type":"operationEnd","operationId":"b3n1mf6y1kw3a6e","timestamp":1676043737046,"id":"xlvt13j7nbdczej","previousEventId":"7p11mhwo8xub8hh","previousOperationId":"b3n1mf6y1kw3a6e"}
{"type":"operationStart","subtype":"recipe","name":"phantom-pdf","timestamp":1676043737048,"id":"wgxk3pr4338dxww","previousEventId":"xlvt13j7nbdczej","operationId":"ydy8j8k2ee7u8zo","previousOperationId":"b3n1mf6y1kw3a6e"}
{"type":"log","timestamp":1676043737048,"level":"debug","message":"Executing recipe phantom-pdf","meta":{"rootId":"eqyksbcyjv6pfru","id":"eqyksbcyjv6pfru"},"id":"tde1lti65ud98u3","previousOperationId":"ydy8j8k2ee7u8zo"}
{"type":"log","timestamp":1676043740255,"level":"debug","message":"Converting in dedicated phantomjs 1.9.8","meta":{"rootId":"eqyksbcyjv6pfru","id":"eqyksbcyjv6pfru"},"id":"f7erpef8djugjib","previousOperationId":"ydy8j8k2ee7u8zo"}
{"type":"log","timestamp":1676043740256,"level":"debug","message":"Request file:///C%3A%5CUsers%5Calegu%5CAppData%5CLocal%5CTemp%5Ce85bf264-47c1-45c4-9578-5c42ad8d3ee5html.html","meta":{"rootId":"eqyksbcyjv6pfru","id":"eqyksbcyjv6pfru"},"id":"xquckxvakv8rj5j","previousOperationId":"ydy8j8k2ee7u8zo"}
{"type":"log","timestamp":1676043740256,"level":"debug","message":"Request https://cdnjs.cloudflare.com/ajax/libs/Chart.js/2.1.6/Chart.min.js","meta":{"rootId":"eqyksbcyjv6pfru","id":"eqyksbcyjv6pfru"},"id":"s56vds6sm74bwmx","previousOperationId":"ydy8j8k2ee7u8zo"}
{"type":"log","timestamp":1676043740256,"level":"debug","message":"PhantomJS printing done","meta":{"rootId":"eqyksbcyjv6pfru","id":"eqyksbcyjv6pfru"},"id":"yghdrkahwbehyxl","previousOperationId":"ydy8j8k2ee7u8zo"}
{"type":"log","timestamp":1676043740256,"level":"debug","message":"PhantomJS printing done","meta":{"rootId":"eqyksbcyjv6pfru","id":"eqyksbcyjv6pfru"},"id":"mwqrebabsn5jgij","previousOperationId":"ydy8j8k2ee7u8zo"}
{"type":"log","timestamp":1676043740256,"level":"debug","message":"PhantomJS printing done","meta":{"rootId":"eqyksbcyjv6pfru","id":"eqyksbcyjv6pfru"},"id":"xbcam4wjvs6kg7u","previousOperationId":"ydy8j8k2ee7u8zo"}
{"type":"log","timestamp":1676043740256,"level":"debug","message":"PhantomJS printing done","meta":{"rootId":"eqyksbcyjv6pfru","id":"eqyksbcyjv6pfru"},"id":"e7fg7ent6u65yfo","previousOperationId":"ydy8j8k2ee7u8zo"}
{"type":"log","timestamp":1676043740256,"level":"debug","message":"PhantomJS printing done","meta":{"rootId":"eqyksbcyjv6pfru","id":"eqyksbcyjv6pfru"},"id":"v26lwge95uf0h98","previousOperationId":"ydy8j8k2ee7u8zo"}
{"type":"log","timestamp":1676043740256,"level":"debug","message":"PhantomJS printing done","meta":{"rootId":"eqyksbcyjv6pfru","id":"eqyksbcyjv6pfru"},"id":"duy6971zcwe8rsb","previousOperationId":"ydy8j8k2ee7u8zo"}
{"type":"log","timestamp":1676043740256,"level":"debug","message":"PhantomJS printing done","meta":{"rootId":"eqyksbcyjv6pfru","id":"eqyksbcyjv6pfru"},"id":"u4f34wxjcspkne6","previousOperationId":"ydy8j8k2ee7u8zo"}
{"type":"log","timestamp":1676043740256,"level":"debug","message":"PhantomJS printing done","meta":{"rootId":"eqyksbcyjv6pfru","id":"eqyksbcyjv6pfru"},"id":"pmkf0r2k9zd00bo","previousOperationId":"ydy8j8k2ee7u8zo"}
{"type":"log","timestamp":1676043740256,"level":"debug","message":"PhantomJS printing done","meta":{"rootId":"eqyksbcyjv6pfru","id":"eqyksbcyjv6pfru"},"id":"tbmmb10dfdl0abx","previousOperationId":"ydy8j8k2ee7u8zo"}
{"type":"log","timestamp":1676043740256,"level":"debug","message":"Request http://intruct-javascript-ending/","meta":{"rootId":"eqyksbcyjv6pfru","id":"eqyksbcyjv6pfru"},"id":"t1tyv0r8vr0qf15","previousOperationId":"ydy8j8k2ee7u8zo"}
{"type":"log","timestamp":1676043740256,"level":"debug","message":"PhantomJS printing done","meta":{"rootId":"eqyksbcyjv6pfru","id":"eqyksbcyjv6pfru"},"id":"xxp8cqyhqmcmpo7","previousOperationId":"ydy8j8k2ee7u8zo"}
{"type":"log","timestamp":1676043740258,"level":"debug","message":"phantom-pdf recipe finished with 1 pages generated","meta":{"rootId":"eqyksbcyjv6pfru","id":"eqyksbcyjv6pfru"},"id":"2jjrl6k0hz78v8n","previousOperationId":"ydy8j8k2ee7u8zo"}
{"type":"operationEnd","operationId":"ydy8j8k2ee7u8zo","timestamp":1676043740259,"id":"5zqu974p5j8ygzn","previousEventId":"wgxk3pr4338dxww","previousOperationId":"ydy8j8k2ee7u8zo"}
{"type":"log","timestamp":1676043740259,"level":"debug","message":"Skipping storing report.","meta":{"rootId":"eqyksbcyjv6pfru","id":"eqyksbcyjv6pfru"},"id":"vbt57prpqr3gu2a","previousOperationId":"ydy8j8k2ee7u8zo"}
{"type":"log","timestamp":1676043740260,"level":"info","message":"Rendering request 34 finished in 4118 ms","meta":{"rootId":"eqyksbcyjv6pfru","id":"eqyksbcyjv6pfru"},"id":"bliq3736o2tocn2","previousOperationId":"ydy8j8k2ee7u8zo"}
{"type":"operationEnd","subtype":"render","operationId":"ltrill6hhxh48ji","timestamp":1676043740260,"id":"oe7sgx55r0x29m1","previousEventId":"5zqu974p5j8ygzn","previousOperationId":"ydy8j8k2ee7u8zo"}
{"type":"operationEnd","doDiffs":false,"previousEventId":"eh9rlom7zhl5tcs","previousOperationId":"xn0f329othjtu4p","operationId":"xn0f329othjtu4p","timestamp":1676043740280,"id":"kd8yma4elhwe5ti"}
