{"type":"operationStart","subtype":"profile","data":{"_id":"9r1L6hT0GvEzO5F9","timestamp":"2023-02-10T15:44:27.374Z","state":"queued","mode":"standard","creationDate":"2023-02-10T15:44:27.376Z","modificationDate":"2023-02-10T15:44:27.376Z","shortid":"49vzvzM","$entitySet":"profiles"},"doDiffs":false,"timestamp":1676043867375,"id":"csialq0twmj67jz","previousOperationId":null,"operationId":"5z1kgfnqtpqltlv"}
{"type":"log","level":"info","message":"Render request 37 queued for execution and waiting for available worker","previousOperationId":"5z1kgfnqtpqltlv","timestamp":1676043867375,"id":"oaevctekjktg619"}
{"type":"operationStart","subtype":"render","name":"chart","previousOperationId":"5z1kgfnqtpqltlv","timestamp":1676043867393,"id":"uofno5e1e5ycp8u","previousEventId":"csialq0twmj67jz","operationId":"hrvhcl9widquzzg"}
{"type":"log","timestamp":1676043867393,"level":"info","message":"Starting rendering request 37","meta":{"rootId":"fb4l182c5w005iz","id":"fb4l182c5w005iz"},"id":"nffidufsv3tty4e","previousOperationId":"hrvhcl9widquzzg"}
{"type":"log","timestamp":1676043867394,"level":"info","message":"Rendering template { name: chart, recipe: phantom-pdf, engine: handlebars, preview: true }","meta":{"rootId":"fb4l182c5w005iz","id":"fb4l182c5w005iz"},"id":"cgg9lwtvsp8vc5p","previousOperationId":"hrvhcl9widquzzg"}
{"type":"log","timestamp":1676043867397,"level":"debug","message":"Data item not defined for this template.","meta":{"rootId":"fb4l182c5w005iz","id":"fb4l182c5w005iz"},"id":"8oisfeuc4ksu7iv","previousOperationId":"hrvhcl9widquzzg"}
{"type":"log","timestamp":1676043867403,"level":"debug","message":"Executing script chartscript (beforeRender)","meta":{"rootId":"fb4l182c5w005iz","id":"fb4l182c5w005iz"},"id":"zdwd1fohgxp5le5","previousOperationId":"hrvhcl9widquzzg"}
{"type":"operationStart","subtype":"scriptsBeforeRender","name":"scripts beforeRender","timestamp":1676043867431,"id":"t3p5f1x7jba7km0","previousEventId":"uofno5e1e5ycp8u","operationId":"j2d91k7230niua9","previousOperationId":"hrvhcl9widquzzg"}
{"type":"operationStart","subtype":"script","name":"scripts chartscript","previousOperationId":"j2d91k7230niua9","timestamp":1676043867431,"id":"vxyr0m6xy7as1qr","previousEventId":"t3p5f1x7jba7km0","operationId":"mgqtmr6fzjv3rpb"}
{"type":"log","timestamp":1676043867625,"level":"debug","message":"(console:log) [ 50, 45 ]","meta":{"userLevel":true,"rootId":"fb4l182c5w005iz","id":"fb4l182c5w005iz"},"id":"djw5cdudbx5z2e5","previousOperationId":"mgqtmr6fzjv3rpb"}
{"type":"log","timestamp":1676043867625,"level":"debug","message":"(console:log) [ 50, 45 ]","meta":{"userLevel":true,"rootId":"fb4l182c5w005iz","id":"fb4l182c5w005iz"},"id":"lqm09xjejxb7mu4","previousOperationId":"mgqtmr6fzjv3rpb"}
{"type":"operationEnd","operationId":"mgqtmr6fzjv3rpb","timestamp":1676043867626,"id":"j7poudpne3fxepm","previousEventId":"uofno5e1e5ycp8u","previousOperationId":"hrvhcl9widquzzg"}
{"type":"operationEnd","operationId":"j2d91k7230niua9","timestamp":1676043867626,"id":"jmzv26hlxd41eao","previousEventId":"j7poudpne3fxepm","previousOperationId":"hrvhcl9widquzzg"}
{"type":"log","timestamp":1676043867626,"level":"debug","message":"Base url not specified, skipping its injection.","meta":{"rootId":"fb4l182c5w005iz","id":"fb4l182c5w005iz"},"id":"mkhvplzbm8nvp0a","previousOperationId":"j2d91k7230niua9"}
{"type":"operationStart","subtype":"engine","name":"handlebars","timestamp":1676043867627,"id":"k5umbopta29qtq1","previousEventId":"jmzv26hlxd41eao","operationId":"vmoi0hv3e9l694b","previousOperationId":"j2d91k7230niua9"}
{"type":"log","timestamp":1676043867627,"level":"debug","message":"Rendering engine handlebars","meta":{"rootId":"fb4l182c5w005iz","id":"fb4l182c5w005iz"},"id":"u3lsbvtx0bwtb44","previousOperationId":"vmoi0hv3e9l694b"}
{"type":"log","timestamp":1676043867647,"level":"debug","message":"(console:log) [ 50, 45 ]","meta":{"userLevel":true,"rootId":"fb4l182c5w005iz","id":"fb4l182c5w005iz"},"id":"st3nvl2ib0dhy4b","previousOperationId":"vmoi0hv3e9l694b"}
{"type":"log","timestamp":1676043867647,"level":"debug","message":"(console:log) [50,45]","meta":{"userLevel":true,"rootId":"fb4l182c5w005iz","id":"fb4l182c5w005iz"},"id":"zo5nyrw3ioct1vj","previousOperationId":"vmoi0hv3e9l694b"}
{"type":"operationEnd","operationId":"vmoi0hv3e9l694b","timestamp":1676043867647,"id":"6jf7r2fos4c5nps","previousEventId":"k5umbopta29qtq1","previousOperationId":"vmoi0hv3e9l694b"}
{"type":"operationStart","subtype":"recipe","name":"phantom-pdf","timestamp":1676043867648,"id":"x641v2r2abquwii","previousEventId":"6jf7r2fos4c5nps","operationId":"ejobpf6lb0rl71g","previousOperationId":"vmoi0hv3e9l694b"}
{"type":"log","timestamp":1676043867648,"level":"debug","message":"Executing recipe phantom-pdf","meta":{"rootId":"fb4l182c5w005iz","id":"fb4l182c5w005iz"},"id":"d7cwgztluyoimxz","previousOperationId":"ejobpf6lb0rl71g"}
{"type":"log","timestamp":1676043870917,"level":"debug","message":"Converting in dedicated phantomjs 1.9.8","meta":{"rootId":"fb4l182c5w005iz","id":"fb4l182c5w005iz"},"id":"64y42wr6wsqi3fj","previousOperationId":"ejobpf6lb0rl71g"}
{"type":"log","timestamp":1676043870917,"level":"debug","message":"Request file:///C%3A%5CUsers%5Calegu%5CAppData%5CLocal%5CTemp%5Cd8ad50cc-8caa-4105-b403-f20c34ef629fhtml.html","meta":{"rootId":"fb4l182c5w005iz","id":"fb4l182c5w005iz"},"id":"joha0gralac69pj","previousOperationId":"ejobpf6lb0rl71g"}
{"type":"log","timestamp":1676043870917,"level":"debug","message":"Request https://cdnjs.cloudflare.com/ajax/libs/Chart.js/2.1.6/Chart.min.js","meta":{"rootId":"fb4l182c5w005iz","id":"fb4l182c5w005iz"},"id":"3dyqqtpiqcjajz8","previousOperationId":"ejobpf6lb0rl71g"}
{"type":"log","timestamp":1676043870917,"level":"debug","message":"PhantomJS printing done","meta":{"rootId":"fb4l182c5w005iz","id":"fb4l182c5w005iz"},"id":"3hxebgoy2pngk3b","previousOperationId":"ejobpf6lb0rl71g"}
{"type":"log","timestamp":1676043870917,"level":"debug","message":"PhantomJS printing done","meta":{"rootId":"fb4l182c5w005iz","id":"fb4l182c5w005iz"},"id":"hu4raoky7e4t2z2","previousOperationId":"ejobpf6lb0rl71g"}
{"type":"log","timestamp":1676043870917,"level":"debug","message":"PhantomJS printing done","meta":{"rootId":"fb4l182c5w005iz","id":"fb4l182c5w005iz"},"id":"b9whvocnrumhzi3","previousOperationId":"ejobpf6lb0rl71g"}
{"type":"log","timestamp":1676043870917,"level":"debug","message":"PhantomJS printing done","meta":{"rootId":"fb4l182c5w005iz","id":"fb4l182c5w005iz"},"id":"cfdmcof1emeug5n","previousOperationId":"ejobpf6lb0rl71g"}
{"type":"log","timestamp":1676043870917,"level":"debug","message":"PhantomJS printing done","meta":{"rootId":"fb4l182c5w005iz","id":"fb4l182c5w005iz"},"id":"37k8zhi8xv9rlm0","previousOperationId":"ejobpf6lb0rl71g"}
{"type":"log","timestamp":1676043870917,"level":"debug","message":"PhantomJS printing done","meta":{"rootId":"fb4l182c5w005iz","id":"fb4l182c5w005iz"},"id":"5exum004rtchpkk","previousOperationId":"ejobpf6lb0rl71g"}
{"type":"log","timestamp":1676043870917,"level":"debug","message":"PhantomJS printing done","meta":{"rootId":"fb4l182c5w005iz","id":"fb4l182c5w005iz"},"id":"fa7tibew6eivjpq","previousOperationId":"ejobpf6lb0rl71g"}
{"type":"log","timestamp":1676043870917,"level":"debug","message":"PhantomJS printing done","meta":{"rootId":"fb4l182c5w005iz","id":"fb4l182c5w005iz"},"id":"i3xjdk4ibsxb9fr","previousOperationId":"ejobpf6lb0rl71g"}
{"type":"log","timestamp":1676043870917,"level":"debug","message":"PhantomJS printing done","meta":{"rootId":"fb4l182c5w005iz","id":"fb4l182c5w005iz"},"id":"r6b1kt2hf058pa2","previousOperationId":"ejobpf6lb0rl71g"}
{"type":"log","timestamp":1676043870917,"level":"debug","message":"PhantomJS printing done","meta":{"rootId":"fb4l182c5w005iz","id":"fb4l182c5w005iz"},"id":"exqnsdxzoz892yj","previousOperationId":"ejobpf6lb0rl71g"}
{"type":"log","timestamp":1676043870917,"level":"debug","message":"Request http://intruct-javascript-ending/","meta":{"rootId":"fb4l182c5w005iz","id":"fb4l182c5w005iz"},"id":"6pnkqdwg7t18ai4","previousOperationId":"ejobpf6lb0rl71g"}
{"type":"log","timestamp":1676043870917,"level":"debug","message":"PhantomJS printing done","meta":{"rootId":"fb4l182c5w005iz","id":"fb4l182c5w005iz"},"id":"kqgvcbr0eumy634","previousOperationId":"ejobpf6lb0rl71g"}
{"type":"log","timestamp":1676043870919,"level":"debug","message":"phantom-pdf recipe finished with 1 pages generated","meta":{"rootId":"fb4l182c5w005iz","id":"fb4l182c5w005iz"},"id":"xncobpl3giv4y2v","previousOperationId":"ejobpf6lb0rl71g"}
{"type":"operationEnd","operationId":"ejobpf6lb0rl71g","timestamp":1676043870919,"id":"vnj4wq4g93ykxh1","previousEventId":"x641v2r2abquwii","previousOperationId":"ejobpf6lb0rl71g"}
{"type":"log","timestamp":1676043870919,"level":"debug","message":"Skipping storing report.","meta":{"rootId":"fb4l182c5w005iz","id":"fb4l182c5w005iz"},"id":"1rjsrgn2tqg3wc7","previousOperationId":"ejobpf6lb0rl71g"}
{"type":"log","timestamp":1676043870919,"level":"info","message":"Rendering request 37 finished in 3546 ms","meta":{"rootId":"fb4l182c5w005iz","id":"fb4l182c5w005iz"},"id":"c58vjcudcjrz9k0","previousOperationId":"ejobpf6lb0rl71g"}
{"type":"operationEnd","subtype":"render","operationId":"hrvhcl9widquzzg","timestamp":1676043870919,"id":"2eby9gm3ty7uw2x","previousEventId":"vnj4wq4g93ykxh1","previousOperationId":"ejobpf6lb0rl71g"}
{"type":"operationEnd","doDiffs":false,"previousEventId":"csialq0twmj67jz","previousOperationId":"5z1kgfnqtpqltlv","operationId":"5z1kgfnqtpqltlv","timestamp":1676043870941,"id":"yr79qqcpydq537l"}
