{"type":"operationStart","subtype":"profile","data":{"_id":"OQ5FTZB5vxFm2Fn4","timestamp":"2023-02-10T16:08:36.150Z","state":"queued","mode":"standard","creationDate":"2023-02-10T16:08:36.153Z","modificationDate":"2023-02-10T16:08:36.153Z","shortid":"t8PvHC6","$entitySet":"profiles"},"doDiffs":false,"timestamp":1676045316151,"id":"yrirta9y6gajdz9","previousOperationId":null,"operationId":"mcsx0bgqtr8w1gw"}
{"type":"log","level":"info","message":"Render request 45 queued for execution and waiting for available worker","previousOperationId":"mcsx0bgqtr8w1gw","timestamp":1676045316152,"id":"3ga5mkevpupkygl"}
{"type":"operationStart","subtype":"render","name":"chart","previousOperationId":"mcsx0bgqtr8w1gw","timestamp":1676045316163,"id":"rxhdpb9odp5y7y5","previousEventId":"yrirta9y6gajdz9","operationId":"xg3abhyso67jr34"}
{"type":"log","timestamp":1676045316163,"level":"info","message":"Starting rendering request 45","meta":{"rootId":"fvk0aivhsdnzd2b","id":"fvk0aivhsdnzd2b"},"id":"l4hjl2xegqlnwa5","previousOperationId":"xg3abhyso67jr34"}
{"type":"log","timestamp":1676045316165,"level":"info","message":"Rendering template { name: chart, recipe: phantom-pdf, engine: handlebars, preview: true }","meta":{"rootId":"fvk0aivhsdnzd2b","id":"fvk0aivhsdnzd2b"},"id":"hxiu1q7zzp80vcv","previousOperationId":"xg3abhyso67jr34"}
{"type":"log","timestamp":1676045316169,"level":"debug","message":"Data item not defined for this template.","meta":{"rootId":"fvk0aivhsdnzd2b","id":"fvk0aivhsdnzd2b"},"id":"8eozatbmh6uq73n","previousOperationId":"xg3abhyso67jr34"}
{"type":"log","timestamp":1676045316175,"level":"debug","message":"Executing script chartscript (beforeRender)","meta":{"rootId":"fvk0aivhsdnzd2b","id":"fvk0aivhsdnzd2b"},"id":"wcbzxumz3oa9ows","previousOperationId":"xg3abhyso67jr34"}
{"type":"operationStart","subtype":"scriptsBeforeRender","name":"scripts beforeRender","timestamp":1676045316205,"id":"lkx5pi5tji2yul8","previousEventId":"rxhdpb9odp5y7y5","operationId":"5nt6tvqrpy83rai","previousOperationId":"xg3abhyso67jr34"}
{"type":"operationStart","subtype":"script","name":"scripts chartscript","previousOperationId":"5nt6tvqrpy83rai","timestamp":1676045316205,"id":"4oqlvkxn5l52xru","previousEventId":"lkx5pi5tji2yul8","operationId":"ucrzgtdbqkgq6sd"}
{"type":"log","timestamp":1676045316417,"level":"debug","message":"(console:log) [ 50, 45, 0 ]","meta":{"userLevel":true,"rootId":"fvk0aivhsdnzd2b","id":"fvk0aivhsdnzd2b"},"id":"afvbmade7nywb5h","previousOperationId":"ucrzgtdbqkgq6sd"}
{"type":"log","timestamp":1676045316417,"level":"debug","message":"(console:log) [ 50, 45, 0 ]","meta":{"userLevel":true,"rootId":"fvk0aivhsdnzd2b","id":"fvk0aivhsdnzd2b"},"id":"4rpkgql1tm6l5w4","previousOperationId":"ucrzgtdbqkgq6sd"}
{"type":"operationEnd","operationId":"ucrzgtdbqkgq6sd","timestamp":1676045316417,"id":"gy8e8eza6r300u1","previousEventId":"rxhdpb9odp5y7y5","previousOperationId":"xg3abhyso67jr34"}
{"type":"operationEnd","operationId":"5nt6tvqrpy83rai","timestamp":1676045316417,"id":"zlciap5f1n6o2y0","previousEventId":"gy8e8eza6r300u1","previousOperationId":"xg3abhyso67jr34"}
{"type":"log","timestamp":1676045316417,"level":"debug","message":"Base url not specified, skipping its injection.","meta":{"rootId":"fvk0aivhsdnzd2b","id":"fvk0aivhsdnzd2b"},"id":"751dppgoxxibyt6","previousOperationId":"5nt6tvqrpy83rai"}
{"type":"operationStart","subtype":"engine","name":"handlebars","timestamp":1676045316417,"id":"1bthyn21v2w9pyq","previousEventId":"zlciap5f1n6o2y0","operationId":"lzjzb3ugacua1tq","previousOperationId":"5nt6tvqrpy83rai"}
{"type":"log","timestamp":1676045316417,"level":"debug","message":"Rendering engine handlebars","meta":{"rootId":"fvk0aivhsdnzd2b","id":"fvk0aivhsdnzd2b"},"id":"a4he8hk2rw51876","previousOperationId":"lzjzb3ugacua1tq"}
{"type":"log","timestamp":1676045316434,"level":"debug","message":"(console:log) [ 50, 45, 0 ]","meta":{"userLevel":true,"rootId":"fvk0aivhsdnzd2b","id":"fvk0aivhsdnzd2b"},"id":"n923enzvn0yth6l","previousOperationId":"lzjzb3ugacua1tq"}
{"type":"log","timestamp":1676045316434,"level":"debug","message":"(console:log) [50,45,0]","meta":{"userLevel":true,"rootId":"fvk0aivhsdnzd2b","id":"fvk0aivhsdnzd2b"},"id":"5k303swqwrvwawh","previousOperationId":"lzjzb3ugacua1tq"}
{"type":"operationEnd","operationId":"lzjzb3ugacua1tq","timestamp":1676045316435,"id":"g4n5a84soyurfgx","previousEventId":"1bthyn21v2w9pyq","previousOperationId":"lzjzb3ugacua1tq"}
{"type":"operationStart","subtype":"recipe","name":"phantom-pdf","timestamp":1676045316435,"id":"42cr0ng1a9h04y3","previousEventId":"g4n5a84soyurfgx","operationId":"ml430sg4eklthnq","previousOperationId":"lzjzb3ugacua1tq"}
{"type":"log","timestamp":1676045316435,"level":"debug","message":"Executing recipe phantom-pdf","meta":{"rootId":"fvk0aivhsdnzd2b","id":"fvk0aivhsdnzd2b"},"id":"x974278zsd0m7vu","previousOperationId":"ml430sg4eklthnq"}
{"type":"log","timestamp":1676045320540,"level":"debug","message":"Converting in dedicated phantomjs 1.9.8","meta":{"rootId":"fvk0aivhsdnzd2b","id":"fvk0aivhsdnzd2b"},"id":"8a3j9910yq6jpdy","previousOperationId":"ml430sg4eklthnq"}
{"type":"log","timestamp":1676045320540,"level":"debug","message":"Request file:///C%3A%5CUsers%5Calegu%5CAppData%5CLocal%5CTemp%5C59374e79-5424-4e89-92df-01ba6f1ca0b1html.html","meta":{"rootId":"fvk0aivhsdnzd2b","id":"fvk0aivhsdnzd2b"},"id":"wbhwpmou2xlccs7","previousOperationId":"ml430sg4eklthnq"}
{"type":"log","timestamp":1676045320540,"level":"debug","message":"Request https://cdnjs.cloudflare.com/ajax/libs/Chart.js/2.1.6/Chart.min.js","meta":{"rootId":"fvk0aivhsdnzd2b","id":"fvk0aivhsdnzd2b"},"id":"pqu7gljgcfvkujy","previousOperationId":"ml430sg4eklthnq"}
{"type":"log","timestamp":1676045320540,"level":"debug","message":"PhantomJS printing done","meta":{"rootId":"fvk0aivhsdnzd2b","id":"fvk0aivhsdnzd2b"},"id":"g1a7101yko1wg9z","previousOperationId":"ml430sg4eklthnq"}
{"type":"log","timestamp":1676045320540,"level":"debug","message":"PhantomJS printing done","meta":{"rootId":"fvk0aivhsdnzd2b","id":"fvk0aivhsdnzd2b"},"id":"ufa8kxwemtxobql","previousOperationId":"ml430sg4eklthnq"}
{"type":"log","timestamp":1676045320540,"level":"debug","message":"PhantomJS printing done","meta":{"rootId":"fvk0aivhsdnzd2b","id":"fvk0aivhsdnzd2b"},"id":"33ncwuutpm10bm5","previousOperationId":"ml430sg4eklthnq"}
{"type":"log","timestamp":1676045320540,"level":"debug","message":"PhantomJS printing done","meta":{"rootId":"fvk0aivhsdnzd2b","id":"fvk0aivhsdnzd2b"},"id":"k9cw0l1m5d0derg","previousOperationId":"ml430sg4eklthnq"}
{"type":"log","timestamp":1676045320540,"level":"debug","message":"PhantomJS printing done","meta":{"rootId":"fvk0aivhsdnzd2b","id":"fvk0aivhsdnzd2b"},"id":"mf0mmit8qxp2tob","previousOperationId":"ml430sg4eklthnq"}
{"type":"log","timestamp":1676045320540,"level":"debug","message":"PhantomJS printing done","meta":{"rootId":"fvk0aivhsdnzd2b","id":"fvk0aivhsdnzd2b"},"id":"6p0sncaoghaunjc","previousOperationId":"ml430sg4eklthnq"}
{"type":"log","timestamp":1676045320540,"level":"debug","message":"PhantomJS printing done","meta":{"rootId":"fvk0aivhsdnzd2b","id":"fvk0aivhsdnzd2b"},"id":"317jf514r8gd58m","previousOperationId":"ml430sg4eklthnq"}
{"type":"log","timestamp":1676045320540,"level":"debug","message":"PhantomJS printing done","meta":{"rootId":"fvk0aivhsdnzd2b","id":"fvk0aivhsdnzd2b"},"id":"46lvwhafvxnu6r6","previousOperationId":"ml430sg4eklthnq"}
{"type":"log","timestamp":1676045320540,"level":"debug","message":"PhantomJS printing done","meta":{"rootId":"fvk0aivhsdnzd2b","id":"fvk0aivhsdnzd2b"},"id":"hz2fj3ot2nr2z8b","previousOperationId":"ml430sg4eklthnq"}
{"type":"log","timestamp":1676045320540,"level":"debug","message":"Request http://intruct-javascript-ending/","meta":{"rootId":"fvk0aivhsdnzd2b","id":"fvk0aivhsdnzd2b"},"id":"q1atsax2rdn8pru","previousOperationId":"ml430sg4eklthnq"}
{"type":"log","timestamp":1676045320540,"level":"debug","message":"PhantomJS printing done","meta":{"rootId":"fvk0aivhsdnzd2b","id":"fvk0aivhsdnzd2b"},"id":"u7xa78pn9ose362","previousOperationId":"ml430sg4eklthnq"}
{"type":"log","timestamp":1676045320541,"level":"debug","message":"phantom-pdf recipe finished with 1 pages generated","meta":{"rootId":"fvk0aivhsdnzd2b","id":"fvk0aivhsdnzd2b"},"id":"aa02wlev3w2xqa5","previousOperationId":"ml430sg4eklthnq"}
{"type":"operationEnd","operationId":"ml430sg4eklthnq","timestamp":1676045320541,"id":"hzyuutf57vba0id","previousEventId":"42cr0ng1a9h04y3","previousOperationId":"ml430sg4eklthnq"}
{"type":"log","timestamp":1676045320541,"level":"debug","message":"Skipping storing report.","meta":{"rootId":"fvk0aivhsdnzd2b","id":"fvk0aivhsdnzd2b"},"id":"dnswuxul6tl75zg","previousOperationId":"ml430sg4eklthnq"}
{"type":"log","timestamp":1676045320541,"level":"info","message":"Rendering request 45 finished in 4391 ms","meta":{"rootId":"fvk0aivhsdnzd2b","id":"fvk0aivhsdnzd2b"},"id":"3rv9gko77w5io37","previousOperationId":"ml430sg4eklthnq"}
{"type":"operationEnd","subtype":"render","operationId":"xg3abhyso67jr34","timestamp":1676045320541,"id":"nhv1z85e3q9xwkm","previousEventId":"hzyuutf57vba0id","previousOperationId":"ml430sg4eklthnq"}
{"type":"operationEnd","doDiffs":false,"previousEventId":"yrirta9y6gajdz9","previousOperationId":"mcsx0bgqtr8w1gw","operationId":"mcsx0bgqtr8w1gw","timestamp":1676045320562,"id":"hrr9xn0mhxhztdn"}
