{"type":"operationStart","subtype":"profile","data":{"_id":"j2CXyr7bTu8hSPXz","timestamp":"2023-02-09T20:21:23.577Z","state":"queued","mode":"standard","creationDate":"2023-02-09T20:21:23.580Z","modificationDate":"2023-02-09T20:21:23.580Z","shortid":"JsuQjlM","$entitySet":"profiles"},"doDiffs":false,"timestamp":1675974083578,"id":"0t0xf3rz17ve0yp","previousOperationId":null,"operationId":"f3o6cvujp9s3ncv"}
{"type":"log","level":"info","message":"Render request 67 queued for execution and waiting for available worker","previousOperationId":"f3o6cvujp9s3ncv","timestamp":1675974083579,"id":"s43tk4h1nus58fc"}
{"type":"operationStart","subtype":"render","name":"chart","previousOperationId":"f3o6cvujp9s3ncv","timestamp":1675974083599,"id":"ldgdhvgjjkrmqeg","previousEventId":"0t0xf3rz17ve0yp","operationId":"9ookrgw084j6p3x"}
{"type":"log","timestamp":1675974083600,"level":"info","message":"Starting rendering request 67","meta":{"rootId":"fxrujcoyyh210bc","id":"fxrujcoyyh210bc"},"id":"z3rn0dr6k19r8qs","previousOperationId":"9ookrgw084j6p3x"}
{"type":"log","timestamp":1675974083606,"level":"info","message":"Rendering template { name: chart, recipe: phantom-pdf, engine: handlebars, preview: true }","meta":{"rootId":"fxrujcoyyh210bc","id":"fxrujcoyyh210bc"},"id":"acqkr55dul69bba","previousOperationId":"9ookrgw084j6p3x"}
{"type":"log","timestamp":1675974083611,"level":"debug","message":"Data item not defined for this template.","meta":{"rootId":"fxrujcoyyh210bc","id":"fxrujcoyyh210bc"},"id":"uhljb2me8etzv1c","previousOperationId":"9ookrgw084j6p3x"}
{"type":"log","timestamp":1675974083618,"level":"debug","message":"Executing script chartscript (beforeRender)","meta":{"rootId":"fxrujcoyyh210bc","id":"fxrujcoyyh210bc"},"id":"bcn0efvggnmokec","previousOperationId":"9ookrgw084j6p3x"}
{"type":"operationStart","subtype":"scriptsBeforeRender","name":"scripts beforeRender","timestamp":1675974083658,"id":"qyzlcwk7e8u2w70","previousEventId":"ldgdhvgjjkrmqeg","operationId":"3vh4atusu2oen9i","previousOperationId":"9ookrgw084j6p3x"}
{"type":"operationStart","subtype":"script","name":"scripts chartscript","previousOperationId":"3vh4atusu2oen9i","timestamp":1675974083658,"id":"psndh0xih86pnrs","previousEventId":"qyzlcwk7e8u2w70","operationId":"1rmf17kevwsbt1o"}
{"type":"log","timestamp":1675974083985,"level":"debug","message":"(console:log) { A: [ 50, 6 ] }","meta":{"userLevel":true,"rootId":"fxrujcoyyh210bc","id":"fxrujcoyyh210bc"},"id":"4t3nsakpyb15gyy","previousOperationId":"1rmf17kevwsbt1o"}
{"type":"log","timestamp":1675974083985,"level":"debug","message":"(console:log) { A: [ 50, 6 ] }","meta":{"userLevel":true,"rootId":"fxrujcoyyh210bc","id":"fxrujcoyyh210bc"},"id":"leofe5np9oodygx","previousOperationId":"1rmf17kevwsbt1o"}
{"type":"operationEnd","operationId":"1rmf17kevwsbt1o","timestamp":1675974083986,"id":"20p4upghkskv7q1","previousEventId":"ldgdhvgjjkrmqeg","previousOperationId":"9ookrgw084j6p3x"}
{"type":"operationEnd","operationId":"3vh4atusu2oen9i","timestamp":1675974083986,"id":"1axn968b1jc0mli","previousEventId":"20p4upghkskv7q1","previousOperationId":"9ookrgw084j6p3x"}
{"type":"log","timestamp":1675974083986,"level":"debug","message":"Base url not specified, skipping its injection.","meta":{"rootId":"fxrujcoyyh210bc","id":"fxrujcoyyh210bc"},"id":"1a4t3bqywa4gi0w","previousOperationId":"3vh4atusu2oen9i"}
{"type":"operationStart","subtype":"engine","name":"handlebars","timestamp":1675974083987,"id":"ikvizb1k1tzuyij","previousEventId":"1axn968b1jc0mli","operationId":"5lkw94m89adpr4m","previousOperationId":"3vh4atusu2oen9i"}
{"type":"log","timestamp":1675974083987,"level":"debug","message":"Rendering engine handlebars","meta":{"rootId":"fxrujcoyyh210bc","id":"fxrujcoyyh210bc"},"id":"1usjxpp6ibzwaah","previousOperationId":"5lkw94m89adpr4m"}
{"type":"log","timestamp":1675974084016,"level":"debug","message":"(console:log) {\"A\":[50,6]}","meta":{"userLevel":true,"rootId":"fxrujcoyyh210bc","id":"fxrujcoyyh210bc"},"id":"th6yn26yl2gcuf8","previousOperationId":"5lkw94m89adpr4m"}
{"type":"operationEnd","operationId":"5lkw94m89adpr4m","timestamp":1675974084016,"id":"exas7auflidkpfe","previousEventId":"ikvizb1k1tzuyij","previousOperationId":"5lkw94m89adpr4m"}
{"type":"operationStart","subtype":"recipe","name":"phantom-pdf","timestamp":1675974084017,"id":"8e37mqr5y9ewm12","previousEventId":"exas7auflidkpfe","operationId":"wyvyr5xq8q89kbw","previousOperationId":"5lkw94m89adpr4m"}
{"type":"log","timestamp":1675974084017,"level":"debug","message":"Executing recipe phantom-pdf","meta":{"rootId":"fxrujcoyyh210bc","id":"fxrujcoyyh210bc"},"id":"zu6mc7d7xlt1n7q","previousOperationId":"wyvyr5xq8q89kbw"}
{"type":"log","timestamp":1675974086931,"level":"debug","message":"Converting in dedicated phantomjs 1.9.8","meta":{"rootId":"fxrujcoyyh210bc","id":"fxrujcoyyh210bc"},"id":"xbrfb0toaefwty5","previousOperationId":"wyvyr5xq8q89kbw"}
{"type":"log","timestamp":1675974086931,"level":"debug","message":"Request file:///C%3A%5CUsers%5Calegu%5CAppData%5CLocal%5CTemp%5C756f9500-fd00-4ba4-8311-ee51901f2cc7html.html","meta":{"rootId":"fxrujcoyyh210bc","id":"fxrujcoyyh210bc"},"id":"onra7zmalgwmvyy","previousOperationId":"wyvyr5xq8q89kbw"}
{"type":"log","timestamp":1675974086931,"level":"debug","message":"Request https://cdnjs.cloudflare.com/ajax/libs/Chart.js/2.1.6/Chart.min.js","meta":{"rootId":"fxrujcoyyh210bc","id":"fxrujcoyyh210bc"},"id":"kd3pbkb313aac6w","previousOperationId":"wyvyr5xq8q89kbw"}
{"type":"log","timestamp":1675974086931,"level":"debug","message":"PhantomJS printing done","meta":{"rootId":"fxrujcoyyh210bc","id":"fxrujcoyyh210bc"},"id":"9r6k8du8tar69es","previousOperationId":"wyvyr5xq8q89kbw"}
{"type":"log","timestamp":1675974086931,"level":"debug","message":"PhantomJS printing done","meta":{"rootId":"fxrujcoyyh210bc","id":"fxrujcoyyh210bc"},"id":"aq88b5jdzi907ja","previousOperationId":"wyvyr5xq8q89kbw"}
{"type":"log","timestamp":1675974086931,"level":"debug","message":"PhantomJS printing done","meta":{"rootId":"fxrujcoyyh210bc","id":"fxrujcoyyh210bc"},"id":"lsdrsklt1fmcyo2","previousOperationId":"wyvyr5xq8q89kbw"}
{"type":"log","timestamp":1675974086931,"level":"debug","message":"PhantomJS printing done","meta":{"rootId":"fxrujcoyyh210bc","id":"fxrujcoyyh210bc"},"id":"isa720n74vrfko1","previousOperationId":"wyvyr5xq8q89kbw"}
{"type":"log","timestamp":1675974086931,"level":"debug","message":"PhantomJS printing done","meta":{"rootId":"fxrujcoyyh210bc","id":"fxrujcoyyh210bc"},"id":"8i9fmiudr6jaqk9","previousOperationId":"wyvyr5xq8q89kbw"}
{"type":"log","timestamp":1675974086931,"level":"debug","message":"PhantomJS printing done","meta":{"rootId":"fxrujcoyyh210bc","id":"fxrujcoyyh210bc"},"id":"9uxnuqb7hgykjtl","previousOperationId":"wyvyr5xq8q89kbw"}
{"type":"log","timestamp":1675974086931,"level":"debug","message":"PhantomJS printing done","meta":{"rootId":"fxrujcoyyh210bc","id":"fxrujcoyyh210bc"},"id":"nvfo60xexud94ou","previousOperationId":"wyvyr5xq8q89kbw"}
{"type":"log","timestamp":1675974086931,"level":"debug","message":"PhantomJS printing done","meta":{"rootId":"fxrujcoyyh210bc","id":"fxrujcoyyh210bc"},"id":"48sa527qm9ud5ms","previousOperationId":"wyvyr5xq8q89kbw"}
{"type":"log","timestamp":1675974086931,"level":"debug","message":"PhantomJS printing done","meta":{"rootId":"fxrujcoyyh210bc","id":"fxrujcoyyh210bc"},"id":"vhgt4x599go84gu","previousOperationId":"wyvyr5xq8q89kbw"}
{"type":"log","timestamp":1675974086931,"level":"debug","message":"PhantomJS printing done","meta":{"rootId":"fxrujcoyyh210bc","id":"fxrujcoyyh210bc"},"id":"gnn6c0dw7c393t9","previousOperationId":"wyvyr5xq8q89kbw"}
{"type":"log","timestamp":1675974086931,"level":"debug","message":"Request http://intruct-javascript-ending/","meta":{"rootId":"fxrujcoyyh210bc","id":"fxrujcoyyh210bc"},"id":"l9wrylhnt37is8y","previousOperationId":"wyvyr5xq8q89kbw"}
{"type":"log","timestamp":1675974086931,"level":"debug","message":"PhantomJS printing done","meta":{"rootId":"fxrujcoyyh210bc","id":"fxrujcoyyh210bc"},"id":"avvtpcvga5moax0","previousOperationId":"wyvyr5xq8q89kbw"}
{"type":"log","timestamp":1675974086932,"level":"debug","message":"phantom-pdf recipe finished with 1 pages generated","meta":{"rootId":"fxrujcoyyh210bc","id":"fxrujcoyyh210bc"},"id":"ed4mmba7go6tsbi","previousOperationId":"wyvyr5xq8q89kbw"}
{"type":"operationEnd","operationId":"wyvyr5xq8q89kbw","timestamp":1675974086933,"id":"su879qr91eqitgq","previousEventId":"8e37mqr5y9ewm12","previousOperationId":"wyvyr5xq8q89kbw"}
{"type":"log","timestamp":1675974086933,"level":"debug","message":"Skipping storing report.","meta":{"rootId":"fxrujcoyyh210bc","id":"fxrujcoyyh210bc"},"id":"rkc6wqre0ab3xgz","previousOperationId":"wyvyr5xq8q89kbw"}
{"type":"log","timestamp":1675974086933,"level":"info","message":"Rendering request 67 finished in 3356 ms","meta":{"rootId":"fxrujcoyyh210bc","id":"fxrujcoyyh210bc"},"id":"2ly54quxcni77e8","previousOperationId":"wyvyr5xq8q89kbw"}
{"type":"operationEnd","subtype":"render","operationId":"9ookrgw084j6p3x","timestamp":1675974086933,"id":"f13rwdbnd4u516z","previousEventId":"su879qr91eqitgq","previousOperationId":"wyvyr5xq8q89kbw"}
{"type":"operationEnd","doDiffs":false,"previousEventId":"0t0xf3rz17ve0yp","previousOperationId":"f3o6cvujp9s3ncv","operationId":"f3o6cvujp9s3ncv","timestamp":1675974086954,"id":"fx454su7g1zk6bf"}
