{"type":"operationStart","subtype":"profile","data":{"_id":"IfSVoQY5j0ikW5s2","timestamp":"2023-02-10T15:19:05.778Z","state":"queued","mode":"standard","creationDate":"2023-02-10T15:19:05.780Z","modificationDate":"2023-02-10T15:19:05.780Z","shortid":"iv7zTr7","$entitySet":"profiles"},"doDiffs":false,"timestamp":1676042345779,"id":"e6oisqt4aw41h2u","previousOperationId":null,"operationId":"1rmke75ms1sifnu"}
{"type":"log","level":"info","message":"Render request 10 queued for execution and waiting for available worker","previousOperationId":"1rmke75ms1sifnu","timestamp":1676042345779,"id":"osbgfsge8t5sxaw"}
{"type":"operationStart","subtype":"render","name":"chart","previousOperationId":"1rmke75ms1sifnu","timestamp":1676042345795,"id":"ap16ayb6m9svbca","previousEventId":"e6oisqt4aw41h2u","operationId":"eqvarr1ou21r1ff"}
{"type":"log","timestamp":1676042345795,"level":"info","message":"Starting rendering request 10","meta":{"rootId":"g8d0wdzspjt6b21","id":"g8d0wdzspjt6b21"},"id":"xe5akkzfbtzrpt6","previousOperationId":"eqvarr1ou21r1ff"}
{"type":"log","timestamp":1676042345796,"level":"info","message":"Rendering template { name: chart, recipe: phantom-pdf, engine: handlebars, preview: true }","meta":{"rootId":"g8d0wdzspjt6b21","id":"g8d0wdzspjt6b21"},"id":"5rdl8iedseds2mh","previousOperationId":"eqvarr1ou21r1ff"}
{"type":"log","timestamp":1676042345798,"level":"debug","message":"Inline data specified.","meta":{"rootId":"g8d0wdzspjt6b21","id":"g8d0wdzspjt6b21"},"id":"kngegk34u41kgk8","previousOperationId":"eqvarr1ou21r1ff"}
{"type":"log","timestamp":1676042345808,"level":"debug","message":"Base url not specified, skipping its injection.","meta":{"rootId":"g8d0wdzspjt6b21","id":"g8d0wdzspjt6b21"},"id":"4hth21d49ddfeke","previousOperationId":"eqvarr1ou21r1ff"}
{"type":"operationStart","subtype":"engine","name":"handlebars","timestamp":1676042345809,"id":"xb5pji5vtqoyq2p","previousEventId":"ap16ayb6m9svbca","operationId":"2vah9vzzbiqo2o9","previousOperationId":"eqvarr1ou21r1ff"}
{"type":"log","timestamp":1676042345809,"level":"debug","message":"Rendering engine handlebars","meta":{"rootId":"g8d0wdzspjt6b21","id":"g8d0wdzspjt6b21"},"id":"z9iqxkwb73t2v8t","previousOperationId":"2vah9vzzbiqo2o9"}
{"type":"log","timestamp":1676042345827,"level":"debug","message":"(console:log) [50,6]","meta":{"userLevel":true,"rootId":"g8d0wdzspjt6b21","id":"g8d0wdzspjt6b21"},"id":"6j46y3o1ftp3f34","previousOperationId":"2vah9vzzbiqo2o9"}
{"type":"operationEnd","operationId":"2vah9vzzbiqo2o9","timestamp":1676042345827,"id":"x73oreqzq09d571","previousEventId":"xb5pji5vtqoyq2p","previousOperationId":"2vah9vzzbiqo2o9"}
{"type":"operationStart","subtype":"recipe","name":"phantom-pdf","timestamp":1676042345827,"id":"zr3xbw4onnckbt6","previousEventId":"x73oreqzq09d571","operationId":"vfg4gkuj0zldgen","previousOperationId":"2vah9vzzbiqo2o9"}
{"type":"log","timestamp":1676042345827,"level":"debug","message":"Executing recipe phantom-pdf","meta":{"rootId":"g8d0wdzspjt6b21","id":"g8d0wdzspjt6b21"},"id":"gvbso1m3jii4erk","previousOperationId":"vfg4gkuj0zldgen"}
{"type":"log","timestamp":1676042348782,"level":"debug","message":"Converting in dedicated phantomjs 1.9.8","meta":{"rootId":"g8d0wdzspjt6b21","id":"g8d0wdzspjt6b21"},"id":"05p9pepalga1yt5","previousOperationId":"vfg4gkuj0zldgen"}
{"type":"log","timestamp":1676042348782,"level":"debug","message":"Request file:///C%3A%5CUsers%5Calegu%5CAppData%5CLocal%5CTemp%5C4cd80a76-881e-4695-9de0-c5f291c7450ahtml.html","meta":{"rootId":"g8d0wdzspjt6b21","id":"g8d0wdzspjt6b21"},"id":"t9ssh2f4jis02ya","previousOperationId":"vfg4gkuj0zldgen"}
{"type":"log","timestamp":1676042348782,"level":"debug","message":"Request https://cdnjs.cloudflare.com/ajax/libs/Chart.js/2.1.6/Chart.min.js","meta":{"rootId":"g8d0wdzspjt6b21","id":"g8d0wdzspjt6b21"},"id":"3xdxls3zdtfe9au","previousOperationId":"vfg4gkuj0zldgen"}
{"type":"log","timestamp":1676042348782,"level":"debug","message":"PhantomJS printing done","meta":{"rootId":"g8d0wdzspjt6b21","id":"g8d0wdzspjt6b21"},"id":"lbz8hn7muiexatd","previousOperationId":"vfg4gkuj0zldgen"}
{"type":"log","timestamp":1676042348783,"level":"debug","message":"PhantomJS printing done","meta":{"rootId":"g8d0wdzspjt6b21","id":"g8d0wdzspjt6b21"},"id":"fedlp19etsogv0s","previousOperationId":"vfg4gkuj0zldgen"}
{"type":"log","timestamp":1676042348783,"level":"debug","message":"PhantomJS printing done","meta":{"rootId":"g8d0wdzspjt6b21","id":"g8d0wdzspjt6b21"},"id":"59kvqkdg8x2qzh5","previousOperationId":"vfg4gkuj0zldgen"}
{"type":"log","timestamp":1676042348783,"level":"debug","message":"PhantomJS printing done","meta":{"rootId":"g8d0wdzspjt6b21","id":"g8d0wdzspjt6b21"},"id":"ku7z484pkv01j3d","previousOperationId":"vfg4gkuj0zldgen"}
{"type":"log","timestamp":1676042348783,"level":"debug","message":"PhantomJS printing done","meta":{"rootId":"g8d0wdzspjt6b21","id":"g8d0wdzspjt6b21"},"id":"8cuqobmno5bqeel","previousOperationId":"vfg4gkuj0zldgen"}
{"type":"log","timestamp":1676042348783,"level":"debug","message":"PhantomJS printing done","meta":{"rootId":"g8d0wdzspjt6b21","id":"g8d0wdzspjt6b21"},"id":"iqnlz793augsuea","previousOperationId":"vfg4gkuj0zldgen"}
{"type":"log","timestamp":1676042348783,"level":"debug","message":"PhantomJS printing done","meta":{"rootId":"g8d0wdzspjt6b21","id":"g8d0wdzspjt6b21"},"id":"krsp9z3nvwntqrz","previousOperationId":"vfg4gkuj0zldgen"}
{"type":"log","timestamp":1676042348783,"level":"debug","message":"PhantomJS printing done","meta":{"rootId":"g8d0wdzspjt6b21","id":"g8d0wdzspjt6b21"},"id":"fenlrt8tqodjyg8","previousOperationId":"vfg4gkuj0zldgen"}
{"type":"log","timestamp":1676042348783,"level":"debug","message":"PhantomJS printing done","meta":{"rootId":"g8d0wdzspjt6b21","id":"g8d0wdzspjt6b21"},"id":"oeq37sljx5bu9r0","previousOperationId":"vfg4gkuj0zldgen"}
{"type":"log","timestamp":1676042348783,"level":"debug","message":"Request http://intruct-javascript-ending/","meta":{"rootId":"g8d0wdzspjt6b21","id":"g8d0wdzspjt6b21"},"id":"p8xu6tn8ej269vd","previousOperationId":"vfg4gkuj0zldgen"}
{"type":"log","timestamp":1676042348783,"level":"debug","message":"PhantomJS printing done","meta":{"rootId":"g8d0wdzspjt6b21","id":"g8d0wdzspjt6b21"},"id":"dgs511dpqghq2gp","previousOperationId":"vfg4gkuj0zldgen"}
{"type":"log","timestamp":1676042348783,"level":"debug","message":"phantom-pdf recipe finished with 1 pages generated","meta":{"rootId":"g8d0wdzspjt6b21","id":"g8d0wdzspjt6b21"},"id":"x3ief6dml7u77vs","previousOperationId":"vfg4gkuj0zldgen"}
{"type":"operationEnd","operationId":"vfg4gkuj0zldgen","timestamp":1676042348784,"id":"x0zy53zfsh7gl93","previousEventId":"zr3xbw4onnckbt6","previousOperationId":"vfg4gkuj0zldgen"}
{"type":"log","timestamp":1676042348784,"level":"debug","message":"Skipping storing report.","meta":{"rootId":"g8d0wdzspjt6b21","id":"g8d0wdzspjt6b21"},"id":"z05hehmooe7wato","previousOperationId":"vfg4gkuj0zldgen"}
{"type":"log","timestamp":1676042348784,"level":"info","message":"Rendering request 10 finished in 3006 ms","meta":{"rootId":"g8d0wdzspjt6b21","id":"g8d0wdzspjt6b21"},"id":"95rgeqjnslu2cr3","previousOperationId":"vfg4gkuj0zldgen"}
{"type":"operationEnd","subtype":"render","operationId":"eqvarr1ou21r1ff","timestamp":1676042348784,"id":"u5xegzt6i9lshjy","previousEventId":"x0zy53zfsh7gl93","previousOperationId":"vfg4gkuj0zldgen"}
{"type":"operationEnd","doDiffs":false,"previousEventId":"e6oisqt4aw41h2u","previousOperationId":"1rmke75ms1sifnu","operationId":"1rmke75ms1sifnu","timestamp":1676042348809,"id":"jmjztl20zh1wrx9"}
