{"type":"operationStart","subtype":"profile","data":{"_id":"OkOyb6lozX8yYnhR","timestamp":"2023-02-09T19:06:09.046Z","state":"queued","mode":"standard","creationDate":"2023-02-09T19:06:09.048Z","modificationDate":"2023-02-09T19:06:09.048Z","shortid":"C9OrY_t","$entitySet":"profiles"},"doDiffs":false,"timestamp":1675969569047,"id":"uisdfuctxl839go","previousOperationId":null,"operationId":"dvyzriqorhz2dat"}
{"type":"log","level":"info","message":"Render request 6 queued for execution and waiting for available worker","previousOperationId":"dvyzriqorhz2dat","timestamp":1675969569047,"id":"wozksbnrpkdhui8"}
{"type":"operationStart","subtype":"render","name":"chart","previousOperationId":"dvyzriqorhz2dat","timestamp":1675969569061,"id":"5r90t6tbjducwyo","previousEventId":"uisdfuctxl839go","operationId":"ff59y2gqwg40s4w"}
{"type":"log","timestamp":1675969569061,"level":"info","message":"Starting rendering request 6","meta":{"rootId":"gd8t6btaclwknqo","id":"gd8t6btaclwknqo"},"id":"5b1tctl2uketjdx","previousOperationId":"ff59y2gqwg40s4w"}
{"type":"log","timestamp":1675969569062,"level":"info","message":"Rendering template { name: chart, recipe: phantom-pdf, engine: handlebars, preview: true }","meta":{"rootId":"gd8t6btaclwknqo","id":"gd8t6btaclwknqo"},"id":"t476k5zmfmiq6kn","previousOperationId":"ff59y2gqwg40s4w"}
{"type":"log","timestamp":1675969569065,"level":"debug","message":"Inline data specified.","meta":{"rootId":"gd8t6btaclwknqo","id":"gd8t6btaclwknqo"},"id":"0xrocdajv7ny2b4","previousOperationId":"ff59y2gqwg40s4w"}
{"type":"log","timestamp":1675969569071,"level":"debug","message":"Base url not specified, skipping its injection.","meta":{"rootId":"gd8t6btaclwknqo","id":"gd8t6btaclwknqo"},"id":"dk6trr3e3ktyr4v","previousOperationId":"ff59y2gqwg40s4w"}
{"type":"operationStart","subtype":"engine","name":"handlebars","timestamp":1675969569072,"id":"4i7b0duty1qip04","previousEventId":"5r90t6tbjducwyo","operationId":"sa6y26qzv24vzxw","previousOperationId":"ff59y2gqwg40s4w"}
{"type":"log","timestamp":1675969569072,"level":"debug","message":"Rendering engine handlebars","meta":{"rootId":"gd8t6btaclwknqo","id":"gd8t6btaclwknqo"},"id":"059cpemnewxewpi","previousOperationId":"sa6y26qzv24vzxw"}
{"type":"operationEnd","operationId":"sa6y26qzv24vzxw","timestamp":1675969569091,"id":"magtj6j0nvjneav","previousEventId":"4i7b0duty1qip04","previousOperationId":"sa6y26qzv24vzxw"}
{"type":"operationStart","subtype":"recipe","name":"phantom-pdf","timestamp":1675969569091,"id":"2oecf56fcfe5o1m","previousEventId":"magtj6j0nvjneav","operationId":"iqfrdit6rk88jov","previousOperationId":"sa6y26qzv24vzxw"}
{"type":"log","timestamp":1675969569091,"level":"debug","message":"Executing recipe phantom-pdf","meta":{"rootId":"gd8t6btaclwknqo","id":"gd8t6btaclwknqo"},"id":"nv8hntvbhjgu7xr","previousOperationId":"iqfrdit6rk88jov"}
{"type":"log","timestamp":1675969571895,"level":"debug","message":"Converting in dedicated phantomjs 1.9.8","meta":{"rootId":"gd8t6btaclwknqo","id":"gd8t6btaclwknqo"},"id":"6y9yujhrb7o2wkn","previousOperationId":"iqfrdit6rk88jov"}
{"type":"log","timestamp":1675969571896,"level":"debug","message":"Request file:///C%3A%5CUsers%5Calegu%5CAppData%5CLocal%5CTemp%5C6f48c2ae-eb94-41a2-a1c9-77499dd7b02fhtml.html","meta":{"rootId":"gd8t6btaclwknqo","id":"gd8t6btaclwknqo"},"id":"kifvpdd68udykeh","previousOperationId":"iqfrdit6rk88jov"}
{"type":"log","timestamp":1675969571896,"level":"debug","message":"Request https://cdnjs.cloudflare.com/ajax/libs/Chart.js/2.1.6/Chart.min.js","meta":{"rootId":"gd8t6btaclwknqo","id":"gd8t6btaclwknqo"},"id":"cwjdy11gm2jr0na","previousOperationId":"iqfrdit6rk88jov"}
{"type":"log","timestamp":1675969571896,"level":"debug","message":"PhantomJS printing done","meta":{"rootId":"gd8t6btaclwknqo","id":"gd8t6btaclwknqo"},"id":"04aqegzw4afb058","previousOperationId":"iqfrdit6rk88jov"}
{"type":"log","timestamp":1675969571896,"level":"debug","message":"PhantomJS printing done","meta":{"rootId":"gd8t6btaclwknqo","id":"gd8t6btaclwknqo"},"id":"t77k6l70zb40v43","previousOperationId":"iqfrdit6rk88jov"}
{"type":"log","timestamp":1675969571896,"level":"debug","message":"PhantomJS printing done","meta":{"rootId":"gd8t6btaclwknqo","id":"gd8t6btaclwknqo"},"id":"058s0ndweszk3vo","previousOperationId":"iqfrdit6rk88jov"}
{"type":"log","timestamp":1675969571896,"level":"debug","message":"PhantomJS printing done","meta":{"rootId":"gd8t6btaclwknqo","id":"gd8t6btaclwknqo"},"id":"bpzj3u4pnofzbaa","previousOperationId":"iqfrdit6rk88jov"}
{"type":"log","timestamp":1675969571896,"level":"debug","message":"PhantomJS printing done","meta":{"rootId":"gd8t6btaclwknqo","id":"gd8t6btaclwknqo"},"id":"fu3n63wxkejqv8f","previousOperationId":"iqfrdit6rk88jov"}
{"type":"log","timestamp":1675969571896,"level":"debug","message":"PhantomJS printing done","meta":{"rootId":"gd8t6btaclwknqo","id":"gd8t6btaclwknqo"},"id":"hqke8822xmxm4sq","previousOperationId":"iqfrdit6rk88jov"}
{"type":"log","timestamp":1675969571896,"level":"debug","message":"PhantomJS printing done","meta":{"rootId":"gd8t6btaclwknqo","id":"gd8t6btaclwknqo"},"id":"i0ysv7xo8cc4enf","previousOperationId":"iqfrdit6rk88jov"}
{"type":"log","timestamp":1675969571896,"level":"debug","message":"PhantomJS printing done","meta":{"rootId":"gd8t6btaclwknqo","id":"gd8t6btaclwknqo"},"id":"b5fp8cv9wou8wb6","previousOperationId":"iqfrdit6rk88jov"}
{"type":"log","timestamp":1675969571896,"level":"debug","message":"PhantomJS printing done","meta":{"rootId":"gd8t6btaclwknqo","id":"gd8t6btaclwknqo"},"id":"kv8yxc9h8h0jaka","previousOperationId":"iqfrdit6rk88jov"}
{"type":"log","timestamp":1675969571896,"level":"debug","message":"Request http://intruct-javascript-ending/","meta":{"rootId":"gd8t6btaclwknqo","id":"gd8t6btaclwknqo"},"id":"zvfc6czjbexxx3o","previousOperationId":"iqfrdit6rk88jov"}
{"type":"log","timestamp":1675969571896,"level":"debug","message":"PhantomJS printing done","meta":{"rootId":"gd8t6btaclwknqo","id":"gd8t6btaclwknqo"},"id":"zkfxw5xm8m1e94n","previousOperationId":"iqfrdit6rk88jov"}
{"type":"log","timestamp":1675969571897,"level":"debug","message":"phantom-pdf recipe finished with 1 pages generated","meta":{"rootId":"gd8t6btaclwknqo","id":"gd8t6btaclwknqo"},"id":"w3tu13c1eoa870c","previousOperationId":"iqfrdit6rk88jov"}
{"type":"operationEnd","operationId":"iqfrdit6rk88jov","timestamp":1675969571897,"id":"84h268a67kiluwj","previousEventId":"2oecf56fcfe5o1m","previousOperationId":"iqfrdit6rk88jov"}
{"type":"log","timestamp":1675969571897,"level":"debug","message":"Skipping storing report.","meta":{"rootId":"gd8t6btaclwknqo","id":"gd8t6btaclwknqo"},"id":"v1cyufo0y999t5r","previousOperationId":"iqfrdit6rk88jov"}
{"type":"log","timestamp":1675969571897,"level":"info","message":"Rendering request 6 finished in 2851 ms","meta":{"rootId":"gd8t6btaclwknqo","id":"gd8t6btaclwknqo"},"id":"s3ul87i7ckkkut1","previousOperationId":"iqfrdit6rk88jov"}
{"type":"operationEnd","subtype":"render","operationId":"ff59y2gqwg40s4w","timestamp":1675969571897,"id":"m6479iuo1t160ke","previousEventId":"84h268a67kiluwj","previousOperationId":"iqfrdit6rk88jov"}
{"type":"operationEnd","doDiffs":false,"previousEventId":"uisdfuctxl839go","previousOperationId":"dvyzriqorhz2dat","operationId":"dvyzriqorhz2dat","timestamp":1675969571925,"id":"gdpk73kvz1nvlqw"}
