{"type":"operationStart","subtype":"profile","data":{"_id":"ymSscn9N52KtvXo0","timestamp":"2023-02-10T17:40:07.615Z","state":"queued","mode":"standard","creationDate":"2023-02-10T17:40:07.617Z","modificationDate":"2023-02-10T17:40:07.617Z","shortid":"78TvvC5","$entitySet":"profiles"},"doDiffs":false,"timestamp":1676050807616,"id":"g78yd7d2wh0008s","previousOperationId":null,"operationId":"eyuc4n0l1blz5bo"}
{"type":"log","level":"info","message":"Render request 6 queued for execution and waiting for available worker","previousOperationId":"eyuc4n0l1blz5bo","timestamp":1676050807616,"id":"72wvawsm92m1tby"}
{"type":"operationStart","subtype":"render","name":"chart","previousOperationId":"eyuc4n0l1blz5bo","timestamp":1676050807628,"id":"z1fcos3qlcwi9en","previousEventId":"g78yd7d2wh0008s","operationId":"4x55kpp8vzojaxb"}
{"type":"log","timestamp":1676050807628,"level":"info","message":"Starting rendering request 6","meta":{"rootId":"ggjxsgvq4uucxaa","id":"ggjxsgvq4uucxaa"},"id":"y2mw2i5224oatnc","previousOperationId":"4x55kpp8vzojaxb"}
{"type":"log","timestamp":1676050807629,"level":"info","message":"Rendering template { name: chart, recipe: phantom-pdf, engine: handlebars, preview: true }","meta":{"rootId":"ggjxsgvq4uucxaa","id":"ggjxsgvq4uucxaa"},"id":"awuro9n3sergpb4","previousOperationId":"4x55kpp8vzojaxb"}
{"type":"log","timestamp":1676050807631,"level":"debug","message":"Data item not defined for this template.","meta":{"rootId":"ggjxsgvq4uucxaa","id":"ggjxsgvq4uucxaa"},"id":"g0frda707t6nnh9","previousOperationId":"4x55kpp8vzojaxb"}
{"type":"log","timestamp":1676050807645,"level":"debug","message":"Executing script chartscript (beforeRender)","meta":{"rootId":"ggjxsgvq4uucxaa","id":"ggjxsgvq4uucxaa"},"id":"z52xk441t6l1rsj","previousOperationId":"4x55kpp8vzojaxb"}
{"type":"operationStart","subtype":"scriptsBeforeRender","name":"scripts beforeRender","timestamp":1676050807669,"id":"0c4ozlycus37xg4","previousEventId":"z1fcos3qlcwi9en","operationId":"3m67wo6sesxdzvn","previousOperationId":"4x55kpp8vzojaxb"}
{"type":"operationStart","subtype":"script","name":"scripts chartscript","previousOperationId":"3m67wo6sesxdzvn","timestamp":1676050807669,"id":"vap0gav4aiqimhz","previousEventId":"0c4ozlycus37xg4","operationId":"hr8c5pw2153ee0b"}
{"type":"log","timestamp":1676050807847,"level":"debug","message":"(console:log) [ 50, 45, 0 ]","meta":{"userLevel":true,"rootId":"ggjxsgvq4uucxaa","id":"ggjxsgvq4uucxaa"},"id":"qcwnuym9865sk88","previousOperationId":"hr8c5pw2153ee0b"}
{"type":"log","timestamp":1676050807847,"level":"debug","message":"(console:log) [ 50, 45, 0 ]","meta":{"userLevel":true,"rootId":"ggjxsgvq4uucxaa","id":"ggjxsgvq4uucxaa"},"id":"yd9w0wmd7g2ga3u","previousOperationId":"hr8c5pw2153ee0b"}
{"type":"operationEnd","operationId":"hr8c5pw2153ee0b","timestamp":1676050807848,"id":"u9muxw2uqiu2g3i","previousEventId":"z1fcos3qlcwi9en","previousOperationId":"4x55kpp8vzojaxb"}
{"type":"operationEnd","operationId":"3m67wo6sesxdzvn","timestamp":1676050807848,"id":"7dqqopek9mky6ua","previousEventId":"u9muxw2uqiu2g3i","previousOperationId":"4x55kpp8vzojaxb"}
{"type":"log","timestamp":1676050807848,"level":"debug","message":"Base url not specified, skipping its injection.","meta":{"rootId":"ggjxsgvq4uucxaa","id":"ggjxsgvq4uucxaa"},"id":"3n9l2kfrupqqym7","previousOperationId":"3m67wo6sesxdzvn"}
{"type":"operationStart","subtype":"engine","name":"handlebars","timestamp":1676050807848,"id":"ggwhd6tiwd1398n","previousEventId":"7dqqopek9mky6ua","operationId":"bcaih0cagts5mbg","previousOperationId":"3m67wo6sesxdzvn"}
{"type":"log","timestamp":1676050807848,"level":"debug","message":"Rendering engine handlebars","meta":{"rootId":"ggjxsgvq4uucxaa","id":"ggjxsgvq4uucxaa"},"id":"tdsha74hya1ezvi","previousOperationId":"bcaih0cagts5mbg"}
{"type":"log","timestamp":1676050807863,"level":"debug","message":"(console:log) [ 50, 45, 0 ]","meta":{"userLevel":true,"rootId":"ggjxsgvq4uucxaa","id":"ggjxsgvq4uucxaa"},"id":"nofbkx9akz8mnne","previousOperationId":"bcaih0cagts5mbg"}
{"type":"log","timestamp":1676050807864,"level":"debug","message":"(console:log) [50,45,0]","meta":{"userLevel":true,"rootId":"ggjxsgvq4uucxaa","id":"ggjxsgvq4uucxaa"},"id":"tjpn8vb1838xab1","previousOperationId":"bcaih0cagts5mbg"}
{"type":"operationEnd","operationId":"bcaih0cagts5mbg","timestamp":1676050807864,"id":"yktvqmnkol5v6yr","previousEventId":"ggwhd6tiwd1398n","previousOperationId":"bcaih0cagts5mbg"}
{"type":"operationStart","subtype":"recipe","name":"phantom-pdf","timestamp":1676050807864,"id":"nmj24yuyz29myfb","previousEventId":"yktvqmnkol5v6yr","operationId":"l26wgho5353ug6w","previousOperationId":"bcaih0cagts5mbg"}
{"type":"log","timestamp":1676050807864,"level":"debug","message":"Executing recipe phantom-pdf","meta":{"rootId":"ggjxsgvq4uucxaa","id":"ggjxsgvq4uucxaa"},"id":"xwh36pkj7hydx8v","previousOperationId":"l26wgho5353ug6w"}
{"type":"log","timestamp":1676050809696,"level":"debug","message":"Converting in dedicated phantomjs 1.9.8","meta":{"rootId":"ggjxsgvq4uucxaa","id":"ggjxsgvq4uucxaa"},"id":"sfefr8dlfsstaj5","previousOperationId":"l26wgho5353ug6w"}
{"type":"log","timestamp":1676050809696,"level":"debug","message":"Request file:///C%3A%5CUsers%5Calegu%5CAppData%5CLocal%5CTemp%5Ce2bd6c4a-33de-45e1-8e8e-44cbc2664509html.html","meta":{"rootId":"ggjxsgvq4uucxaa","id":"ggjxsgvq4uucxaa"},"id":"t9gpjyg7u95qdd3","previousOperationId":"l26wgho5353ug6w"}
{"type":"log","timestamp":1676050809696,"level":"debug","message":"Request https://cdnjs.cloudflare.com/ajax/libs/Chart.js/2.1.6/Chart.min.js","meta":{"rootId":"ggjxsgvq4uucxaa","id":"ggjxsgvq4uucxaa"},"id":"zvt8izoacry7l14","previousOperationId":"l26wgho5353ug6w"}
{"type":"log","timestamp":1676050809696,"level":"debug","message":"Request http://intruct-javascript-ending/","meta":{"rootId":"ggjxsgvq4uucxaa","id":"ggjxsgvq4uucxaa"},"id":"4jehla7588j5lgi","previousOperationId":"l26wgho5353ug6w"}
{"type":"log","timestamp":1676050809697,"level":"debug","message":"phantom-pdf recipe finished with 1 pages generated","meta":{"rootId":"ggjxsgvq4uucxaa","id":"ggjxsgvq4uucxaa"},"id":"j1w8rd2sb6wzv7y","previousOperationId":"l26wgho5353ug6w"}
{"type":"operationEnd","operationId":"l26wgho5353ug6w","timestamp":1676050809697,"id":"kk7nsuwizpcooqz","previousEventId":"nmj24yuyz29myfb","previousOperationId":"l26wgho5353ug6w"}
{"type":"log","timestamp":1676050809697,"level":"debug","message":"Skipping storing report.","meta":{"rootId":"ggjxsgvq4uucxaa","id":"ggjxsgvq4uucxaa"},"id":"8lwcvqr2e1esp7u","previousOperationId":"l26wgho5353ug6w"}
{"type":"log","timestamp":1676050809697,"level":"info","message":"Rendering request 6 finished in 2082 ms","meta":{"rootId":"ggjxsgvq4uucxaa","id":"ggjxsgvq4uucxaa"},"id":"kv8uopos17j9jo1","previousOperationId":"l26wgho5353ug6w"}
{"type":"operationEnd","subtype":"render","operationId":"4x55kpp8vzojaxb","timestamp":1676050809697,"id":"2nci7wx7d7u1s8v","previousEventId":"kk7nsuwizpcooqz","previousOperationId":"l26wgho5353ug6w"}
{"type":"operationEnd","doDiffs":false,"previousEventId":"g78yd7d2wh0008s","previousOperationId":"eyuc4n0l1blz5bo","operationId":"eyuc4n0l1blz5bo","timestamp":1676050809712,"id":"pi45te2egbe62tp"}
