{"type":"operationStart","subtype":"profile","data":{"_id":"W9ZLUagame2CSgXy","timestamp":"2023-02-24T16:28:10.695Z","state":"queued","mode":"standard","creationDate":"2023-02-24T16:28:10.698Z","modificationDate":"2023-02-24T16:28:10.698Z","shortid":"YAnJGjx","$entitySet":"profiles"},"doDiffs":false,"timestamp":1677256090696,"id":"x15x5afbirzcmyy","previousOperationId":null,"operationId":"9cmiuau75en94sa"}
{"type":"log","level":"info","message":"Render request 5 queued for execution and waiting for available worker","previousOperationId":"9cmiuau75en94sa","timestamp":1677256090696,"id":"bvy7id9accdkd56"}
{"type":"operationStart","subtype":"render","name":"chart","previousOperationId":"9cmiuau75en94sa","timestamp":1677256090708,"id":"ut550k4f6cr3p48","previousEventId":"x15x5afbirzcmyy","operationId":"yg0nm3acw4u8bjp"}
{"type":"log","timestamp":1677256090708,"level":"info","message":"Starting rendering request 5","meta":{"rootId":"gvn48nijev79aav","id":"gvn48nijev79aav"},"id":"p8fwr641zj355lz","previousOperationId":"yg0nm3acw4u8bjp"}
{"type":"log","timestamp":1677256090709,"level":"info","message":"Rendering template { name: chart, recipe: phantom-pdf, engine: handlebars, preview: true }","meta":{"rootId":"gvn48nijev79aav","id":"gvn48nijev79aav"},"id":"26wqz2y50u66xbi","previousOperationId":"yg0nm3acw4u8bjp"}
{"type":"log","timestamp":1677256090710,"level":"debug","message":"Data item not defined for this template.","meta":{"rootId":"gvn48nijev79aav","id":"gvn48nijev79aav"},"id":"am9sz6f2lcrg1nl","previousOperationId":"yg0nm3acw4u8bjp"}
{"type":"log","timestamp":1677256090716,"level":"debug","message":"Executing script chartscript (beforeRender)","meta":{"rootId":"gvn48nijev79aav","id":"gvn48nijev79aav"},"id":"z87rh3udps40s1p","previousOperationId":"yg0nm3acw4u8bjp"}
{"type":"operationStart","subtype":"scriptsBeforeRender","name":"scripts beforeRender","timestamp":1677256090740,"id":"53ub65f9uhlk52j","previousEventId":"ut550k4f6cr3p48","operationId":"pjlwd8haxudt3tm","previousOperationId":"yg0nm3acw4u8bjp"}
{"type":"operationStart","subtype":"script","name":"scripts chartscript","previousOperationId":"pjlwd8haxudt3tm","timestamp":1677256090740,"id":"lqhz9tp6ufx2qba","previousEventId":"53ub65f9uhlk52j","operationId":"hbpy7vh4ns9zuhe"}
{"type":"log","timestamp":1677256090961,"level":"debug","message":"(console:log) [ 20, 15, 0 ]","meta":{"userLevel":true,"rootId":"gvn48nijev79aav","id":"gvn48nijev79aav"},"id":"6porkc8jjqw95ul","previousOperationId":"hbpy7vh4ns9zuhe"}
{"type":"log","timestamp":1677256090961,"level":"debug","message":"(console:log) [ 20, 15, 0 ]","meta":{"userLevel":true,"rootId":"gvn48nijev79aav","id":"gvn48nijev79aav"},"id":"8nuv8b4no6yx6tp","previousOperationId":"hbpy7vh4ns9zuhe"}
{"type":"operationEnd","operationId":"hbpy7vh4ns9zuhe","timestamp":1677256090962,"id":"nca8rl202hpgyul","previousEventId":"ut550k4f6cr3p48","previousOperationId":"yg0nm3acw4u8bjp"}
{"type":"operationEnd","operationId":"pjlwd8haxudt3tm","timestamp":1677256090962,"id":"11rsh1csadt2e75","previousEventId":"nca8rl202hpgyul","previousOperationId":"yg0nm3acw4u8bjp"}
{"type":"log","timestamp":1677256090962,"level":"debug","message":"Base url not specified, skipping its injection.","meta":{"rootId":"gvn48nijev79aav","id":"gvn48nijev79aav"},"id":"mz6hh7hhicg00xo","previousOperationId":"pjlwd8haxudt3tm"}
{"type":"operationStart","subtype":"engine","name":"handlebars","timestamp":1677256090963,"id":"vivze6aua8y2eu0","previousEventId":"11rsh1csadt2e75","operationId":"34kj65qf1wdypvz","previousOperationId":"pjlwd8haxudt3tm"}
{"type":"log","timestamp":1677256090963,"level":"debug","message":"Rendering engine handlebars","meta":{"rootId":"gvn48nijev79aav","id":"gvn48nijev79aav"},"id":"61kcrrd4i4hsndl","previousOperationId":"34kj65qf1wdypvz"}
{"type":"log","timestamp":1677256090981,"level":"debug","message":"(console:log) [ 20, 15, 0 ]","meta":{"userLevel":true,"rootId":"gvn48nijev79aav","id":"gvn48nijev79aav"},"id":"0rcqaztj426cf89","previousOperationId":"34kj65qf1wdypvz"}
{"type":"log","timestamp":1677256090981,"level":"debug","message":"(console:log) [20,15,0]","meta":{"userLevel":true,"rootId":"gvn48nijev79aav","id":"gvn48nijev79aav"},"id":"8l3bnkja9q7ph7f","previousOperationId":"34kj65qf1wdypvz"}
{"type":"operationEnd","operationId":"34kj65qf1wdypvz","timestamp":1677256090981,"id":"ojuxk3d5fmgb36d","previousEventId":"vivze6aua8y2eu0","previousOperationId":"34kj65qf1wdypvz"}
{"type":"operationStart","subtype":"recipe","name":"phantom-pdf","timestamp":1677256090981,"id":"ego9yi6w0roge2j","previousEventId":"ojuxk3d5fmgb36d","operationId":"q6ei5u3obyytady","previousOperationId":"34kj65qf1wdypvz"}
{"type":"log","timestamp":1677256090981,"level":"debug","message":"Executing recipe phantom-pdf","meta":{"rootId":"gvn48nijev79aav","id":"gvn48nijev79aav"},"id":"iepgepoaqvt4i5l","previousOperationId":"q6ei5u3obyytady"}
{"type":"log","timestamp":1677256093762,"level":"debug","message":"Converting in dedicated phantomjs 1.9.8","meta":{"rootId":"gvn48nijev79aav","id":"gvn48nijev79aav"},"id":"kiq5cdq5ql7xvp0","previousOperationId":"q6ei5u3obyytady"}
{"type":"log","timestamp":1677256093762,"level":"debug","message":"Request file:///C%3A%5CUsers%5Calegu%5CAppData%5CLocal%5CTemp%5Caf20ea21-fada-41f5-8ceb-82413c58b22ehtml.html","meta":{"rootId":"gvn48nijev79aav","id":"gvn48nijev79aav"},"id":"g891edxls8wj63q","previousOperationId":"q6ei5u3obyytady"}
{"type":"log","timestamp":1677256093763,"level":"debug","message":"Request https://cdnjs.cloudflare.com/ajax/libs/Chart.js/2.1.6/Chart.min.js","meta":{"rootId":"gvn48nijev79aav","id":"gvn48nijev79aav"},"id":"nu2376siznr54id","previousOperationId":"q6ei5u3obyytady"}
{"type":"log","timestamp":1677256093763,"level":"debug","message":"PhantomJS printing done","meta":{"rootId":"gvn48nijev79aav","id":"gvn48nijev79aav"},"id":"a216gzoywwnoa0x","previousOperationId":"q6ei5u3obyytady"}
{"type":"log","timestamp":1677256093764,"level":"debug","message":"PhantomJS printing done","meta":{"rootId":"gvn48nijev79aav","id":"gvn48nijev79aav"},"id":"76s3rucw0622ytn","previousOperationId":"q6ei5u3obyytady"}
{"type":"log","timestamp":1677256093764,"level":"debug","message":"PhantomJS printing done","meta":{"rootId":"gvn48nijev79aav","id":"gvn48nijev79aav"},"id":"zo1ezw409oatcct","previousOperationId":"q6ei5u3obyytady"}
{"type":"log","timestamp":1677256093764,"level":"debug","message":"PhantomJS printing done","meta":{"rootId":"gvn48nijev79aav","id":"gvn48nijev79aav"},"id":"wd6iyj9cdzstup3","previousOperationId":"q6ei5u3obyytady"}
{"type":"log","timestamp":1677256093764,"level":"debug","message":"PhantomJS printing done","meta":{"rootId":"gvn48nijev79aav","id":"gvn48nijev79aav"},"id":"v5ta943bbfak5iz","previousOperationId":"q6ei5u3obyytady"}
{"type":"log","timestamp":1677256093764,"level":"debug","message":"PhantomJS printing done","meta":{"rootId":"gvn48nijev79aav","id":"gvn48nijev79aav"},"id":"cowoagy1e9iadsr","previousOperationId":"q6ei5u3obyytady"}
{"type":"log","timestamp":1677256093764,"level":"debug","message":"PhantomJS printing done","meta":{"rootId":"gvn48nijev79aav","id":"gvn48nijev79aav"},"id":"yatfiwb1nsfvp62","previousOperationId":"q6ei5u3obyytady"}
{"type":"log","timestamp":1677256093764,"level":"debug","message":"PhantomJS printing done","meta":{"rootId":"gvn48nijev79aav","id":"gvn48nijev79aav"},"id":"l9gtanrbyypwbvr","previousOperationId":"q6ei5u3obyytady"}
{"type":"log","timestamp":1677256093764,"level":"debug","message":"PhantomJS printing done","meta":{"rootId":"gvn48nijev79aav","id":"gvn48nijev79aav"},"id":"m6fiu9jqt7j34gq","previousOperationId":"q6ei5u3obyytady"}
{"type":"log","timestamp":1677256093764,"level":"debug","message":"Request http://intruct-javascript-ending/","meta":{"rootId":"gvn48nijev79aav","id":"gvn48nijev79aav"},"id":"tqqwjcugbt32c8x","previousOperationId":"q6ei5u3obyytady"}
{"type":"log","timestamp":1677256093764,"level":"debug","message":"PhantomJS printing done","meta":{"rootId":"gvn48nijev79aav","id":"gvn48nijev79aav"},"id":"kj0lwhvisafdnjq","previousOperationId":"q6ei5u3obyytady"}
{"type":"log","timestamp":1677256093766,"level":"debug","message":"phantom-pdf recipe finished with 1 pages generated","meta":{"rootId":"gvn48nijev79aav","id":"gvn48nijev79aav"},"id":"g1h0102wqfrfh1l","previousOperationId":"q6ei5u3obyytady"}
{"type":"operationEnd","operationId":"q6ei5u3obyytady","timestamp":1677256093766,"id":"etm2ci90e8frun2","previousEventId":"ego9yi6w0roge2j","previousOperationId":"q6ei5u3obyytady"}
{"type":"log","timestamp":1677256093766,"level":"debug","message":"Skipping storing report.","meta":{"rootId":"gvn48nijev79aav","id":"gvn48nijev79aav"},"id":"1e1y96qify0c8v3","previousOperationId":"q6ei5u3obyytady"}
{"type":"log","timestamp":1677256093766,"level":"info","message":"Rendering request 5 finished in 3072 ms","meta":{"rootId":"gvn48nijev79aav","id":"gvn48nijev79aav"},"id":"35hqu7kyy8l4hab","previousOperationId":"q6ei5u3obyytady"}
{"type":"operationEnd","subtype":"render","operationId":"yg0nm3acw4u8bjp","timestamp":1677256093766,"id":"kgkgu2j8xkur33y","previousEventId":"etm2ci90e8frun2","previousOperationId":"q6ei5u3obyytady"}
{"type":"operationEnd","doDiffs":false,"previousEventId":"x15x5afbirzcmyy","previousOperationId":"9cmiuau75en94sa","operationId":"9cmiuau75en94sa","timestamp":1677256093791,"id":"mt0wxuy7ckwy2x2"}
