{"type":"operationStart","subtype":"profile","data":{"_id":"9FYXy0EPZvhRPPJX","timestamp":"2023-02-09T19:54:28.533Z","state":"queued","mode":"standard","creationDate":"2023-02-09T19:54:28.536Z","modificationDate":"2023-02-09T19:54:28.536Z","shortid":"56_xiDm","$entitySet":"profiles"},"doDiffs":false,"timestamp":1675972468534,"id":"n3q9crgp20as1it","previousOperationId":null,"operationId":"qwyphutpqdp8agx"}
{"type":"log","level":"info","message":"Render request 29 queued for execution and waiting for available worker","previousOperationId":"qwyphutpqdp8agx","timestamp":1675972468534,"id":"5sof8ta27ayhh3e"}
{"type":"operationStart","subtype":"render","name":"chart","previousOperationId":"qwyphutpqdp8agx","timestamp":1675972468548,"id":"u4arnyfjjb4byhv","previousEventId":"n3q9crgp20as1it","operationId":"1tracoq3wtqyax2"}
{"type":"log","timestamp":1675972468548,"level":"info","message":"Starting rendering request 29","meta":{"rootId":"h2cp8u7587yt6cc","id":"h2cp8u7587yt6cc"},"id":"voxip0v3zgrgddd","previousOperationId":"1tracoq3wtqyax2"}
{"type":"log","timestamp":1675972468549,"level":"info","message":"Rendering template { name: chart, recipe: phantom-pdf, engine: handlebars, preview: true }","meta":{"rootId":"h2cp8u7587yt6cc","id":"h2cp8u7587yt6cc"},"id":"e5b5yhefsju5u6o","previousOperationId":"1tracoq3wtqyax2"}
{"type":"log","timestamp":1675972468551,"level":"debug","message":"Inline data specified.","meta":{"rootId":"h2cp8u7587yt6cc","id":"h2cp8u7587yt6cc"},"id":"895h8brqefxaque","previousOperationId":"1tracoq3wtqyax2"}
{"type":"log","timestamp":1675972468558,"level":"debug","message":"Base url not specified, skipping its injection.","meta":{"rootId":"h2cp8u7587yt6cc","id":"h2cp8u7587yt6cc"},"id":"ztu736iuf2mhmuw","previousOperationId":"1tracoq3wtqyax2"}
{"type":"operationStart","subtype":"engine","name":"handlebars","timestamp":1675972468559,"id":"ya8buw2vnw9nbmf","previousEventId":"u4arnyfjjb4byhv","operationId":"mqprlbp0htdse7g","previousOperationId":"1tracoq3wtqyax2"}
{"type":"log","timestamp":1675972468559,"level":"debug","message":"Rendering engine handlebars","meta":{"rootId":"h2cp8u7587yt6cc","id":"h2cp8u7587yt6cc"},"id":"9swist35x8yb4up","previousOperationId":"mqprlbp0htdse7g"}
{"type":"operationEnd","operationId":"mqprlbp0htdse7g","timestamp":1675972468579,"id":"xzbytno0er9ubh5","previousEventId":"ya8buw2vnw9nbmf","previousOperationId":"mqprlbp0htdse7g"}
{"type":"operationStart","subtype":"recipe","name":"phantom-pdf","timestamp":1675972468579,"id":"vl58p5n6691m7yc","previousEventId":"xzbytno0er9ubh5","operationId":"l8vmhrerh4kwlk5","previousOperationId":"mqprlbp0htdse7g"}
{"type":"log","timestamp":1675972468579,"level":"debug","message":"Executing recipe phantom-pdf","meta":{"rootId":"h2cp8u7587yt6cc","id":"h2cp8u7587yt6cc"},"id":"ra0o321i6q9q4sg","previousOperationId":"l8vmhrerh4kwlk5"}
{"type":"log","timestamp":1675972471324,"level":"debug","message":"Converting in dedicated phantomjs 1.9.8","meta":{"rootId":"h2cp8u7587yt6cc","id":"h2cp8u7587yt6cc"},"id":"5vdcyq082gv4gir","previousOperationId":"l8vmhrerh4kwlk5"}
{"type":"log","timestamp":1675972471324,"level":"debug","message":"Request file:///C%3A%5CUsers%5Calegu%5CAppData%5CLocal%5CTemp%5Cd93796ed-ca3b-4e7d-b181-343d6c48dfa6html.html","meta":{"rootId":"h2cp8u7587yt6cc","id":"h2cp8u7587yt6cc"},"id":"h3nd0cah4tkutup","previousOperationId":"l8vmhrerh4kwlk5"}
{"type":"log","timestamp":1675972471324,"level":"debug","message":"Request https://cdnjs.cloudflare.com/ajax/libs/Chart.js/2.1.6/Chart.min.js","meta":{"rootId":"h2cp8u7587yt6cc","id":"h2cp8u7587yt6cc"},"id":"2vjp3inns1h77aj","previousOperationId":"l8vmhrerh4kwlk5"}
{"type":"log","timestamp":1675972471324,"level":"debug","message":"PhantomJS printing done","meta":{"rootId":"h2cp8u7587yt6cc","id":"h2cp8u7587yt6cc"},"id":"uv1z4lx2ipvymh7","previousOperationId":"l8vmhrerh4kwlk5"}
{"type":"log","timestamp":1675972471324,"level":"debug","message":"PhantomJS printing done","meta":{"rootId":"h2cp8u7587yt6cc","id":"h2cp8u7587yt6cc"},"id":"o26tfoa5dcq142v","previousOperationId":"l8vmhrerh4kwlk5"}
{"type":"log","timestamp":1675972471324,"level":"debug","message":"PhantomJS printing done","meta":{"rootId":"h2cp8u7587yt6cc","id":"h2cp8u7587yt6cc"},"id":"n63dnruk4e9eneu","previousOperationId":"l8vmhrerh4kwlk5"}
{"type":"log","timestamp":1675972471324,"level":"debug","message":"PhantomJS printing done","meta":{"rootId":"h2cp8u7587yt6cc","id":"h2cp8u7587yt6cc"},"id":"lhilq0uy5gn789a","previousOperationId":"l8vmhrerh4kwlk5"}
{"type":"log","timestamp":1675972471324,"level":"debug","message":"PhantomJS printing done","meta":{"rootId":"h2cp8u7587yt6cc","id":"h2cp8u7587yt6cc"},"id":"ovp64sk4s0exs23","previousOperationId":"l8vmhrerh4kwlk5"}
{"type":"log","timestamp":1675972471324,"level":"debug","message":"PhantomJS printing done","meta":{"rootId":"h2cp8u7587yt6cc","id":"h2cp8u7587yt6cc"},"id":"z7pfotbqrj6i1r0","previousOperationId":"l8vmhrerh4kwlk5"}
{"type":"log","timestamp":1675972471324,"level":"debug","message":"PhantomJS printing done","meta":{"rootId":"h2cp8u7587yt6cc","id":"h2cp8u7587yt6cc"},"id":"wfmq6mi38kdg0vc","previousOperationId":"l8vmhrerh4kwlk5"}
{"type":"log","timestamp":1675972471324,"level":"debug","message":"PhantomJS printing done","meta":{"rootId":"h2cp8u7587yt6cc","id":"h2cp8u7587yt6cc"},"id":"h11rb3lju0v390h","previousOperationId":"l8vmhrerh4kwlk5"}
{"type":"log","timestamp":1675972471324,"level":"debug","message":"PhantomJS printing done","meta":{"rootId":"h2cp8u7587yt6cc","id":"h2cp8u7587yt6cc"},"id":"wnefm6gfzuec32b","previousOperationId":"l8vmhrerh4kwlk5"}
{"type":"log","timestamp":1675972471324,"level":"debug","message":"Request http://intruct-javascript-ending/","meta":{"rootId":"h2cp8u7587yt6cc","id":"h2cp8u7587yt6cc"},"id":"jgyorlw3wmhlc8i","previousOperationId":"l8vmhrerh4kwlk5"}
{"type":"log","timestamp":1675972471324,"level":"debug","message":"PhantomJS printing done","meta":{"rootId":"h2cp8u7587yt6cc","id":"h2cp8u7587yt6cc"},"id":"d21dndi8jgrsizc","previousOperationId":"l8vmhrerh4kwlk5"}
{"type":"log","timestamp":1675972471325,"level":"debug","message":"phantom-pdf recipe finished with 1 pages generated","meta":{"rootId":"h2cp8u7587yt6cc","id":"h2cp8u7587yt6cc"},"id":"7nlf7eqzonz51pl","previousOperationId":"l8vmhrerh4kwlk5"}
{"type":"operationEnd","operationId":"l8vmhrerh4kwlk5","timestamp":1675972471326,"id":"qadsjvlegv2d64s","previousEventId":"vl58p5n6691m7yc","previousOperationId":"l8vmhrerh4kwlk5"}
{"type":"log","timestamp":1675972471326,"level":"debug","message":"Skipping storing report.","meta":{"rootId":"h2cp8u7587yt6cc","id":"h2cp8u7587yt6cc"},"id":"glbc78zyz7yqtwv","previousOperationId":"l8vmhrerh4kwlk5"}
{"type":"log","timestamp":1675972471326,"level":"info","message":"Rendering request 29 finished in 2793 ms","meta":{"rootId":"h2cp8u7587yt6cc","id":"h2cp8u7587yt6cc"},"id":"q4tcxad911c1l7l","previousOperationId":"l8vmhrerh4kwlk5"}
{"type":"operationEnd","subtype":"render","operationId":"1tracoq3wtqyax2","timestamp":1675972471326,"id":"ltond8vk3r7a6c9","previousEventId":"qadsjvlegv2d64s","previousOperationId":"l8vmhrerh4kwlk5"}
{"type":"operationEnd","doDiffs":false,"previousEventId":"n3q9crgp20as1it","previousOperationId":"qwyphutpqdp8agx","operationId":"qwyphutpqdp8agx","timestamp":1675972471354,"id":"i15nbzdvc3ac17v"}
