{"type":"operationStart","subtype":"profile","data":{"_id":"xBR45LMwP34ZDO2T","timestamp":"2023-02-10T15:27:33.552Z","state":"queued","mode":"standard","creationDate":"2023-02-10T15:27:33.555Z","modificationDate":"2023-02-10T15:27:33.555Z","shortid":"ndRlzFP","$entitySet":"profiles"},"doDiffs":false,"timestamp":1676042853554,"id":"yypn18a0dshsl58","previousOperationId":null,"operationId":"hmdcmo5ggd5w8ib"}
{"type":"log","level":"info","message":"Render request 16 queued for execution and waiting for available worker","previousOperationId":"hmdcmo5ggd5w8ib","timestamp":1676042853554,"id":"gv7krzn1xhhmsuz"}
{"type":"operationStart","subtype":"render","name":"chart","previousOperationId":"hmdcmo5ggd5w8ib","timestamp":1676042853570,"id":"1yt6jcgx3y4xaf9","previousEventId":"yypn18a0dshsl58","operationId":"ya429yno0pzrpkc"}
{"type":"log","timestamp":1676042853572,"level":"info","message":"Starting rendering request 16","meta":{"rootId":"h8g0r40a44zqp1s","id":"h8g0r40a44zqp1s"},"id":"cwuievlnx80je2p","previousOperationId":"ya429yno0pzrpkc"}
{"type":"log","timestamp":1676042853574,"level":"info","message":"Rendering template { name: chart, recipe: phantom-pdf, engine: handlebars, preview: true }","meta":{"rootId":"h8g0r40a44zqp1s","id":"h8g0r40a44zqp1s"},"id":"kr8o7a9wtcwiixc","previousOperationId":"ya429yno0pzrpkc"}
{"type":"log","timestamp":1676042853576,"level":"debug","message":"Data item not defined for this template.","meta":{"rootId":"h8g0r40a44zqp1s","id":"h8g0r40a44zqp1s"},"id":"ue01kdqytlw0cyf","previousOperationId":"ya429yno0pzrpkc"}
{"type":"log","timestamp":1676042853580,"level":"debug","message":"Executing script chartscript (beforeRender)","meta":{"rootId":"h8g0r40a44zqp1s","id":"h8g0r40a44zqp1s"},"id":"i5d8e5ssq3t5gcy","previousOperationId":"ya429yno0pzrpkc"}
{"type":"operationStart","subtype":"scriptsBeforeRender","name":"scripts beforeRender","timestamp":1676042855632,"id":"0as3m1y13sjxnbd","previousEventId":"1yt6jcgx3y4xaf9","operationId":"sd068glt90ox0cc","previousOperationId":"ya429yno0pzrpkc"}
{"type":"operationStart","subtype":"script","name":"scripts chartscript","previousOperationId":"sd068glt90ox0cc","timestamp":1676042855632,"id":"fixwtlfgc10sbnx","previousEventId":"0as3m1y13sjxnbd","operationId":"my0x02mgey1dz7w"}
{"type":"operationEnd","operationId":"my0x02mgey1dz7w","timestamp":1676042855856,"id":"ladwjz8eokhfkug","previousEventId":"1yt6jcgx3y4xaf9","previousOperationId":"ya429yno0pzrpkc"}
{"type":"operationEnd","operationId":"sd068glt90ox0cc","timestamp":1676042855856,"id":"9h5kjhsb1vb6p67","previousEventId":"ladwjz8eokhfkug","previousOperationId":"ya429yno0pzrpkc"}
{"type":"log","timestamp":1676042855856,"level":"debug","message":"Base url not specified, skipping its injection.","meta":{"rootId":"h8g0r40a44zqp1s","id":"h8g0r40a44zqp1s"},"id":"j7ibrhsrvl223wo","previousOperationId":"sd068glt90ox0cc"}
{"type":"operationStart","subtype":"engine","name":"handlebars","timestamp":1676042855856,"id":"c2wwrbzlki4ooyo","previousEventId":"9h5kjhsb1vb6p67","operationId":"pghjuejshzkug76","previousOperationId":"sd068glt90ox0cc"}
{"type":"log","timestamp":1676042855856,"level":"debug","message":"Rendering engine handlebars","meta":{"rootId":"h8g0r40a44zqp1s","id":"h8g0r40a44zqp1s"},"id":"e7ntvdqqx4kajq2","previousOperationId":"pghjuejshzkug76"}
{"type":"log","timestamp":1676042857284,"level":"debug","message":"(console:log) {}","meta":{"userLevel":true,"rootId":"h8g0r40a44zqp1s","id":"h8g0r40a44zqp1s"},"id":"8oplb022yrqy4jo","previousOperationId":"pghjuejshzkug76"}
{"type":"log","timestamp":1676042857284,"level":"debug","message":"(console:log) {}","meta":{"userLevel":true,"rootId":"h8g0r40a44zqp1s","id":"h8g0r40a44zqp1s"},"id":"k08egevuadk0siw","previousOperationId":"pghjuejshzkug76"}
{"type":"operationEnd","operationId":"pghjuejshzkug76","timestamp":1676042857285,"id":"u8lmqqvlkbmb7pj","previousEventId":"c2wwrbzlki4ooyo","previousOperationId":"pghjuejshzkug76"}
{"type":"operationStart","subtype":"recipe","name":"phantom-pdf","timestamp":1676042857286,"id":"p64z2etit9475yv","previousEventId":"u8lmqqvlkbmb7pj","operationId":"919ku3h9vopr9go","previousOperationId":"pghjuejshzkug76"}
{"type":"log","timestamp":1676042857286,"level":"debug","message":"Executing recipe phantom-pdf","meta":{"rootId":"h8g0r40a44zqp1s","id":"h8g0r40a44zqp1s"},"id":"vvtxcqvad2npc12","previousOperationId":"919ku3h9vopr9go"}
{"type":"log","timestamp":1676042860577,"level":"debug","message":"Converting in dedicated phantomjs 1.9.8","meta":{"rootId":"h8g0r40a44zqp1s","id":"h8g0r40a44zqp1s"},"id":"j11o470k6bidrr2","previousOperationId":"919ku3h9vopr9go"}
{"type":"log","timestamp":1676042860577,"level":"debug","message":"Request file:///C%3A%5CUsers%5Calegu%5CAppData%5CLocal%5CTemp%5Ce9bb5bba-fc1b-42ff-aa96-53e43a08a646html.html","meta":{"rootId":"h8g0r40a44zqp1s","id":"h8g0r40a44zqp1s"},"id":"ffbifzg34vkl8f1","previousOperationId":"919ku3h9vopr9go"}
{"type":"log","timestamp":1676042860578,"level":"debug","message":"Request https://cdnjs.cloudflare.com/ajax/libs/Chart.js/2.1.6/Chart.min.js","meta":{"rootId":"h8g0r40a44zqp1s","id":"h8g0r40a44zqp1s"},"id":"766w39emq2tjjws","previousOperationId":"919ku3h9vopr9go"}
{"type":"log","timestamp":1676042860578,"level":"debug","message":"PhantomJS printing done","meta":{"rootId":"h8g0r40a44zqp1s","id":"h8g0r40a44zqp1s"},"id":"ezx610tfm6omh4p","previousOperationId":"919ku3h9vopr9go"}
{"type":"log","timestamp":1676042860578,"level":"debug","message":"PhantomJS printing done","meta":{"rootId":"h8g0r40a44zqp1s","id":"h8g0r40a44zqp1s"},"id":"7lecd9ou6bcns50","previousOperationId":"919ku3h9vopr9go"}
{"type":"log","timestamp":1676042860578,"level":"debug","message":"PhantomJS printing done","meta":{"rootId":"h8g0r40a44zqp1s","id":"h8g0r40a44zqp1s"},"id":"7cxt2hvahz71spo","previousOperationId":"919ku3h9vopr9go"}
{"type":"log","timestamp":1676042860578,"level":"debug","message":"PhantomJS printing done","meta":{"rootId":"h8g0r40a44zqp1s","id":"h8g0r40a44zqp1s"},"id":"gqhj0vr34leuq45","previousOperationId":"919ku3h9vopr9go"}
{"type":"log","timestamp":1676042860578,"level":"debug","message":"PhantomJS printing done","meta":{"rootId":"h8g0r40a44zqp1s","id":"h8g0r40a44zqp1s"},"id":"w0gqico4atgtnsa","previousOperationId":"919ku3h9vopr9go"}
{"type":"log","timestamp":1676042860578,"level":"debug","message":"PhantomJS printing done","meta":{"rootId":"h8g0r40a44zqp1s","id":"h8g0r40a44zqp1s"},"id":"uvp76dgk2v0m1u4","previousOperationId":"919ku3h9vopr9go"}
{"type":"log","timestamp":1676042860578,"level":"debug","message":"PhantomJS printing done","meta":{"rootId":"h8g0r40a44zqp1s","id":"h8g0r40a44zqp1s"},"id":"a8wvk6gw4s0odgz","previousOperationId":"919ku3h9vopr9go"}
{"type":"log","timestamp":1676042860578,"level":"debug","message":"PhantomJS printing done","meta":{"rootId":"h8g0r40a44zqp1s","id":"h8g0r40a44zqp1s"},"id":"fxnesrx8fmxjevl","previousOperationId":"919ku3h9vopr9go"}
{"type":"log","timestamp":1676042860578,"level":"debug","message":"PhantomJS printing done","meta":{"rootId":"h8g0r40a44zqp1s","id":"h8g0r40a44zqp1s"},"id":"7z4nh3vcu7xq8ym","previousOperationId":"919ku3h9vopr9go"}
{"type":"log","timestamp":1676042860578,"level":"debug","message":"Request http://intruct-javascript-ending/","meta":{"rootId":"h8g0r40a44zqp1s","id":"h8g0r40a44zqp1s"},"id":"7cjpy6u7yd7cwl2","previousOperationId":"919ku3h9vopr9go"}
{"type":"log","timestamp":1676042860578,"level":"debug","message":"PhantomJS printing done","meta":{"rootId":"h8g0r40a44zqp1s","id":"h8g0r40a44zqp1s"},"id":"1jufacq79e2hx6q","previousOperationId":"919ku3h9vopr9go"}
{"type":"log","timestamp":1676042860580,"level":"debug","message":"phantom-pdf recipe finished with 1 pages generated","meta":{"rootId":"h8g0r40a44zqp1s","id":"h8g0r40a44zqp1s"},"id":"tlnzmnzmhzdcw46","previousOperationId":"919ku3h9vopr9go"}
{"type":"operationEnd","operationId":"919ku3h9vopr9go","timestamp":1676042860580,"id":"9icfb3pg6ptd45z","previousEventId":"p64z2etit9475yv","previousOperationId":"919ku3h9vopr9go"}
{"type":"log","timestamp":1676042860580,"level":"debug","message":"Skipping storing report.","meta":{"rootId":"h8g0r40a44zqp1s","id":"h8g0r40a44zqp1s"},"id":"8gjf6ugeq964yqr","previousOperationId":"919ku3h9vopr9go"}
{"type":"log","timestamp":1676042860581,"level":"info","message":"Rendering request 16 finished in 7029 ms","meta":{"rootId":"h8g0r40a44zqp1s","id":"h8g0r40a44zqp1s"},"id":"t000xg2kdib5lxw","previousOperationId":"919ku3h9vopr9go"}
{"type":"operationEnd","subtype":"render","operationId":"ya429yno0pzrpkc","timestamp":1676042860581,"id":"4tefv7ls3dfvyed","previousEventId":"9icfb3pg6ptd45z","previousOperationId":"919ku3h9vopr9go"}
{"type":"operationEnd","doDiffs":false,"previousEventId":"yypn18a0dshsl58","previousOperationId":"hmdcmo5ggd5w8ib","operationId":"hmdcmo5ggd5w8ib","timestamp":1676042860603,"id":"5r9felgfmihpoh2"}
