{"type":"operationStart","subtype":"profile","data":{"_id":"PTrrp5OTLDFKkmz0","timestamp":"2023-02-09T20:32:17.354Z","state":"queued","mode":"standard","creationDate":"2023-02-09T20:32:17.357Z","modificationDate":"2023-02-09T20:32:17.357Z","shortid":"aaEg89p","$entitySet":"profiles"},"doDiffs":false,"timestamp":1675974737355,"id":"cp4f6jdz9mfz37k","previousOperationId":null,"operationId":"hh20azxc0osl6ui"}
{"type":"log","level":"info","message":"Render request 84 queued for execution and waiting for available worker","previousOperationId":"hh20azxc0osl6ui","timestamp":1675974737356,"id":"uccj5me3d1khy12"}
{"type":"operationStart","subtype":"render","name":"chart","previousOperationId":"hh20azxc0osl6ui","timestamp":1675974737368,"id":"j0nwotz7eslflxs","previousEventId":"cp4f6jdz9mfz37k","operationId":"skcqr39nbekymnv"}
{"type":"log","timestamp":1675974737368,"level":"info","message":"Starting rendering request 84","meta":{"rootId":"hjnlfxkqn24x59z","id":"hjnlfxkqn24x59z"},"id":"ox7sr7v3ylywyyf","previousOperationId":"skcqr39nbekymnv"}
{"type":"log","timestamp":1675974737369,"level":"info","message":"Rendering template { name: chart, recipe: phantom-pdf, engine: handlebars, preview: true }","meta":{"rootId":"hjnlfxkqn24x59z","id":"hjnlfxkqn24x59z"},"id":"cg6bjc4ny8z7d5i","previousOperationId":"skcqr39nbekymnv"}
{"type":"log","timestamp":1675974737377,"level":"debug","message":"Inline data specified.","meta":{"rootId":"hjnlfxkqn24x59z","id":"hjnlfxkqn24x59z"},"id":"ochtmr2hp0g6fj5","previousOperationId":"skcqr39nbekymnv"}
{"type":"log","timestamp":1675974737380,"level":"debug","message":"Base url not specified, skipping its injection.","meta":{"rootId":"hjnlfxkqn24x59z","id":"hjnlfxkqn24x59z"},"id":"zs32hvzylfc7egm","previousOperationId":"skcqr39nbekymnv"}
{"type":"operationStart","subtype":"engine","name":"handlebars","timestamp":1675974737381,"id":"kd5yptpb49ke6db","previousEventId":"j0nwotz7eslflxs","operationId":"dweemoeglwfkh02","previousOperationId":"skcqr39nbekymnv"}
{"type":"log","timestamp":1675974737381,"level":"debug","message":"Rendering engine handlebars","meta":{"rootId":"hjnlfxkqn24x59z","id":"hjnlfxkqn24x59z"},"id":"wyoj6ggjz2n98li","previousOperationId":"dweemoeglwfkh02"}
{"type":"log","timestamp":1675974737405,"level":"debug","message":"(console:log) [ 50, 6 ]","meta":{"userLevel":true,"rootId":"hjnlfxkqn24x59z","id":"hjnlfxkqn24x59z"},"id":"h49adzr86hnipl2","previousOperationId":"dweemoeglwfkh02"}
{"type":"operationEnd","operationId":"dweemoeglwfkh02","timestamp":1675974737405,"id":"uubd5rlnk8sgy7m","previousEventId":"kd5yptpb49ke6db","previousOperationId":"dweemoeglwfkh02"}
{"type":"operationStart","subtype":"recipe","name":"phantom-pdf","timestamp":1675974737406,"id":"7uu2c6fs9cygpwz","previousEventId":"uubd5rlnk8sgy7m","operationId":"0x1qvhpalquv10b","previousOperationId":"dweemoeglwfkh02"}
{"type":"log","timestamp":1675974737406,"level":"debug","message":"Executing recipe phantom-pdf","meta":{"rootId":"hjnlfxkqn24x59z","id":"hjnlfxkqn24x59z"},"id":"g8131qlln2cv1ot","previousOperationId":"0x1qvhpalquv10b"}
{"type":"log","timestamp":1675974740294,"level":"debug","message":"Converting in dedicated phantomjs 1.9.8","meta":{"rootId":"hjnlfxkqn24x59z","id":"hjnlfxkqn24x59z"},"id":"jis21pz5d10a6o1","previousOperationId":"0x1qvhpalquv10b"}
{"type":"log","timestamp":1675974740294,"level":"debug","message":"Request file:///C%3A%5CUsers%5Calegu%5CAppData%5CLocal%5CTemp%5C89be5a68-6626-45fd-93bd-3610d7988085html.html","meta":{"rootId":"hjnlfxkqn24x59z","id":"hjnlfxkqn24x59z"},"id":"jv5vszjbzcm80gk","previousOperationId":"0x1qvhpalquv10b"}
{"type":"log","timestamp":1675974740294,"level":"debug","message":"Request https://cdnjs.cloudflare.com/ajax/libs/Chart.js/2.1.6/Chart.min.js","meta":{"rootId":"hjnlfxkqn24x59z","id":"hjnlfxkqn24x59z"},"id":"ywhjf0cxph1pzt9","previousOperationId":"0x1qvhpalquv10b"}
{"type":"log","timestamp":1675974740294,"level":"debug","message":"PhantomJS printing done","meta":{"rootId":"hjnlfxkqn24x59z","id":"hjnlfxkqn24x59z"},"id":"t0iy16jf6fysjve","previousOperationId":"0x1qvhpalquv10b"}
{"type":"log","timestamp":1675974740294,"level":"debug","message":"PhantomJS printing done","meta":{"rootId":"hjnlfxkqn24x59z","id":"hjnlfxkqn24x59z"},"id":"swfpa9k89dy1lbd","previousOperationId":"0x1qvhpalquv10b"}
{"type":"log","timestamp":1675974740294,"level":"debug","message":"PhantomJS printing done","meta":{"rootId":"hjnlfxkqn24x59z","id":"hjnlfxkqn24x59z"},"id":"7l1n2l9ou5kbu9r","previousOperationId":"0x1qvhpalquv10b"}
{"type":"log","timestamp":1675974740294,"level":"debug","message":"PhantomJS printing done","meta":{"rootId":"hjnlfxkqn24x59z","id":"hjnlfxkqn24x59z"},"id":"46mby3fawglew5w","previousOperationId":"0x1qvhpalquv10b"}
{"type":"log","timestamp":1675974740294,"level":"debug","message":"PhantomJS printing done","meta":{"rootId":"hjnlfxkqn24x59z","id":"hjnlfxkqn24x59z"},"id":"ihp4kwp3mqvynmh","previousOperationId":"0x1qvhpalquv10b"}
{"type":"log","timestamp":1675974740294,"level":"debug","message":"PhantomJS printing done","meta":{"rootId":"hjnlfxkqn24x59z","id":"hjnlfxkqn24x59z"},"id":"30ikz3gi8lvdyrc","previousOperationId":"0x1qvhpalquv10b"}
{"type":"log","timestamp":1675974740294,"level":"debug","message":"PhantomJS printing done","meta":{"rootId":"hjnlfxkqn24x59z","id":"hjnlfxkqn24x59z"},"id":"by8odxw7vrpimu0","previousOperationId":"0x1qvhpalquv10b"}
{"type":"log","timestamp":1675974740294,"level":"debug","message":"PhantomJS printing done","meta":{"rootId":"hjnlfxkqn24x59z","id":"hjnlfxkqn24x59z"},"id":"y0dn36cuen5x2gz","previousOperationId":"0x1qvhpalquv10b"}
{"type":"log","timestamp":1675974740294,"level":"debug","message":"PhantomJS printing done","meta":{"rootId":"hjnlfxkqn24x59z","id":"hjnlfxkqn24x59z"},"id":"5zcbzu4qwmkro05","previousOperationId":"0x1qvhpalquv10b"}
{"type":"log","timestamp":1675974740294,"level":"debug","message":"Request http://intruct-javascript-ending/","meta":{"rootId":"hjnlfxkqn24x59z","id":"hjnlfxkqn24x59z"},"id":"6yfzmm9fqh10h3i","previousOperationId":"0x1qvhpalquv10b"}
{"type":"log","timestamp":1675974740294,"level":"debug","message":"PhantomJS printing done","meta":{"rootId":"hjnlfxkqn24x59z","id":"hjnlfxkqn24x59z"},"id":"q5fuol28trmx384","previousOperationId":"0x1qvhpalquv10b"}
{"type":"log","timestamp":1675974740295,"level":"debug","message":"phantom-pdf recipe finished with 1 pages generated","meta":{"rootId":"hjnlfxkqn24x59z","id":"hjnlfxkqn24x59z"},"id":"tdbmlvprg9gpq6h","previousOperationId":"0x1qvhpalquv10b"}
{"type":"operationEnd","operationId":"0x1qvhpalquv10b","timestamp":1675974740295,"id":"mw7ajr0c73dgxz8","previousEventId":"7uu2c6fs9cygpwz","previousOperationId":"0x1qvhpalquv10b"}
{"type":"log","timestamp":1675974740295,"level":"debug","message":"Skipping storing report.","meta":{"rootId":"hjnlfxkqn24x59z","id":"hjnlfxkqn24x59z"},"id":"ybygvnbuu5oxm6v","previousOperationId":"0x1qvhpalquv10b"}
{"type":"log","timestamp":1675974740295,"level":"info","message":"Rendering request 84 finished in 2941 ms","meta":{"rootId":"hjnlfxkqn24x59z","id":"hjnlfxkqn24x59z"},"id":"5fqxjx5x7j7xezg","previousOperationId":"0x1qvhpalquv10b"}
{"type":"operationEnd","subtype":"render","operationId":"skcqr39nbekymnv","timestamp":1675974740295,"id":"bvqnezz0xqg8eru","previousEventId":"mw7ajr0c73dgxz8","previousOperationId":"0x1qvhpalquv10b"}
{"type":"operationEnd","doDiffs":false,"previousEventId":"cp4f6jdz9mfz37k","previousOperationId":"hh20azxc0osl6ui","operationId":"hh20azxc0osl6ui","timestamp":1675974740317,"id":"4i1rhr0xq4whahc"}
