{"type":"operationStart","subtype":"profile","data":{"_id":"5djsCFHBeTOI3CfO","timestamp":"2023-02-09T19:52:34.730Z","state":"queued","mode":"standard","creationDate":"2023-02-09T19:52:34.732Z","modificationDate":"2023-02-09T19:52:34.732Z","shortid":"AJk-NCK","$entitySet":"profiles"},"doDiffs":false,"timestamp":1675972354731,"id":"hvdae4u4c0vmc53","previousOperationId":null,"operationId":"56w5wv63huxunz2"}
{"type":"log","level":"info","message":"Render request 25 queued for execution and waiting for available worker","previousOperationId":"56w5wv63huxunz2","timestamp":1675972354731,"id":"qcxsevlrdapjg0g"}
{"type":"operationStart","subtype":"render","name":"chart","previousOperationId":"56w5wv63huxunz2","timestamp":1675972354742,"id":"vav8wc2est1nkas","previousEventId":"hvdae4u4c0vmc53","operationId":"w99cgh8wj7m6988"}
{"type":"log","timestamp":1675972354742,"level":"info","message":"Starting rendering request 25","meta":{"rootId":"i7vgc30m08qdc5h","id":"i7vgc30m08qdc5h"},"id":"svze7amqxi3262p","previousOperationId":"w99cgh8wj7m6988"}
{"type":"log","timestamp":1675972354743,"level":"info","message":"Rendering template { name: chart, recipe: phantom-pdf, engine: handlebars, preview: true }","meta":{"rootId":"i7vgc30m08qdc5h","id":"i7vgc30m08qdc5h"},"id":"c0jm38gyz6cxmzy","previousOperationId":"w99cgh8wj7m6988"}
{"type":"log","timestamp":1675972354746,"level":"debug","message":"Inline data specified.","meta":{"rootId":"i7vgc30m08qdc5h","id":"i7vgc30m08qdc5h"},"id":"zjnhfppo3kc5uam","previousOperationId":"w99cgh8wj7m6988"}
{"type":"log","timestamp":1675972354752,"level":"debug","message":"Base url not specified, skipping its injection.","meta":{"rootId":"i7vgc30m08qdc5h","id":"i7vgc30m08qdc5h"},"id":"xyxbupdvmy5tn8o","previousOperationId":"w99cgh8wj7m6988"}
{"type":"operationStart","subtype":"engine","name":"handlebars","timestamp":1675972354753,"id":"cjj93w76cv4jake","previousEventId":"vav8wc2est1nkas","operationId":"7g7u3ci2lhqefsx","previousOperationId":"w99cgh8wj7m6988"}
{"type":"log","timestamp":1675972354753,"level":"debug","message":"Rendering engine handlebars","meta":{"rootId":"i7vgc30m08qdc5h","id":"i7vgc30m08qdc5h"},"id":"i1lp4z7d0s5bxwe","previousOperationId":"7g7u3ci2lhqefsx"}
{"type":"operationEnd","operationId":"7g7u3ci2lhqefsx","timestamp":1675972354777,"id":"q0ek8sen5mc4qkn","previousEventId":"cjj93w76cv4jake","previousOperationId":"7g7u3ci2lhqefsx"}
{"type":"operationStart","subtype":"recipe","name":"phantom-pdf","timestamp":1675972354777,"id":"dydy4x6ny3k8cu6","previousEventId":"q0ek8sen5mc4qkn","operationId":"aebtr93slmh5wt8","previousOperationId":"7g7u3ci2lhqefsx"}
{"type":"log","timestamp":1675972354777,"level":"debug","message":"Executing recipe phantom-pdf","meta":{"rootId":"i7vgc30m08qdc5h","id":"i7vgc30m08qdc5h"},"id":"2fc75qk9j3pkx91","previousOperationId":"aebtr93slmh5wt8"}
{"type":"log","timestamp":1675972357561,"level":"debug","message":"Converting in dedicated phantomjs 1.9.8","meta":{"rootId":"i7vgc30m08qdc5h","id":"i7vgc30m08qdc5h"},"id":"s1gy9jier55ac5u","previousOperationId":"aebtr93slmh5wt8"}
{"type":"log","timestamp":1675972357561,"level":"debug","message":"Request file:///C%3A%5CUsers%5Calegu%5CAppData%5CLocal%5CTemp%5C6e9b7087-315d-4346-bcf3-c0de56e6443ehtml.html","meta":{"rootId":"i7vgc30m08qdc5h","id":"i7vgc30m08qdc5h"},"id":"byewet0waizjj4d","previousOperationId":"aebtr93slmh5wt8"}
{"type":"log","timestamp":1675972357561,"level":"debug","message":"Request https://cdnjs.cloudflare.com/ajax/libs/Chart.js/2.1.6/Chart.min.js","meta":{"rootId":"i7vgc30m08qdc5h","id":"i7vgc30m08qdc5h"},"id":"702wp9x42pye3w6","previousOperationId":"aebtr93slmh5wt8"}
{"type":"log","timestamp":1675972357561,"level":"debug","message":"PhantomJS printing done","meta":{"rootId":"i7vgc30m08qdc5h","id":"i7vgc30m08qdc5h"},"id":"24vlrfivuuhc1fl","previousOperationId":"aebtr93slmh5wt8"}
{"type":"log","timestamp":1675972357561,"level":"debug","message":"PhantomJS printing done","meta":{"rootId":"i7vgc30m08qdc5h","id":"i7vgc30m08qdc5h"},"id":"qwequv6efeawqp9","previousOperationId":"aebtr93slmh5wt8"}
{"type":"log","timestamp":1675972357561,"level":"debug","message":"PhantomJS printing done","meta":{"rootId":"i7vgc30m08qdc5h","id":"i7vgc30m08qdc5h"},"id":"a3ob48cdtqtic0i","previousOperationId":"aebtr93slmh5wt8"}
{"type":"log","timestamp":1675972357561,"level":"debug","message":"PhantomJS printing done","meta":{"rootId":"i7vgc30m08qdc5h","id":"i7vgc30m08qdc5h"},"id":"myyscld6sym6q16","previousOperationId":"aebtr93slmh5wt8"}
{"type":"log","timestamp":1675972357561,"level":"debug","message":"PhantomJS printing done","meta":{"rootId":"i7vgc30m08qdc5h","id":"i7vgc30m08qdc5h"},"id":"ywfqu6fbv0m94r7","previousOperationId":"aebtr93slmh5wt8"}
{"type":"log","timestamp":1675972357561,"level":"debug","message":"PhantomJS printing done","meta":{"rootId":"i7vgc30m08qdc5h","id":"i7vgc30m08qdc5h"},"id":"627sfau17hoe8xa","previousOperationId":"aebtr93slmh5wt8"}
{"type":"log","timestamp":1675972357561,"level":"debug","message":"PhantomJS printing done","meta":{"rootId":"i7vgc30m08qdc5h","id":"i7vgc30m08qdc5h"},"id":"jlke6qay32sx94i","previousOperationId":"aebtr93slmh5wt8"}
{"type":"log","timestamp":1675972357561,"level":"debug","message":"PhantomJS printing done","meta":{"rootId":"i7vgc30m08qdc5h","id":"i7vgc30m08qdc5h"},"id":"b8sdxhaw4l49ejz","previousOperationId":"aebtr93slmh5wt8"}
{"type":"log","timestamp":1675972357561,"level":"debug","message":"PhantomJS printing done","meta":{"rootId":"i7vgc30m08qdc5h","id":"i7vgc30m08qdc5h"},"id":"7n7xjo6v7lnmg7y","previousOperationId":"aebtr93slmh5wt8"}
{"type":"log","timestamp":1675972357561,"level":"debug","message":"PhantomJS printing done","meta":{"rootId":"i7vgc30m08qdc5h","id":"i7vgc30m08qdc5h"},"id":"k074wk7yy4yjh2o","previousOperationId":"aebtr93slmh5wt8"}
{"type":"log","timestamp":1675972357561,"level":"debug","message":"Request http://intruct-javascript-ending/","meta":{"rootId":"i7vgc30m08qdc5h","id":"i7vgc30m08qdc5h"},"id":"w8nqn6nqmla215a","previousOperationId":"aebtr93slmh5wt8"}
{"type":"log","timestamp":1675972357561,"level":"debug","message":"PhantomJS printing done","meta":{"rootId":"i7vgc30m08qdc5h","id":"i7vgc30m08qdc5h"},"id":"yb53qdvrqypmm6z","previousOperationId":"aebtr93slmh5wt8"}
{"type":"log","timestamp":1675972357562,"level":"debug","message":"phantom-pdf recipe finished with 1 pages generated","meta":{"rootId":"i7vgc30m08qdc5h","id":"i7vgc30m08qdc5h"},"id":"53ed3bl742ceny9","previousOperationId":"aebtr93slmh5wt8"}
{"type":"operationEnd","operationId":"aebtr93slmh5wt8","timestamp":1675972357562,"id":"j4pic27gj69tqxc","previousEventId":"dydy4x6ny3k8cu6","previousOperationId":"aebtr93slmh5wt8"}
{"type":"log","timestamp":1675972357563,"level":"debug","message":"Skipping storing report.","meta":{"rootId":"i7vgc30m08qdc5h","id":"i7vgc30m08qdc5h"},"id":"wrc62k9zlbrl9m4","previousOperationId":"aebtr93slmh5wt8"}
{"type":"log","timestamp":1675972357563,"level":"info","message":"Rendering request 25 finished in 2833 ms","meta":{"rootId":"i7vgc30m08qdc5h","id":"i7vgc30m08qdc5h"},"id":"g6qciu33bla33lm","previousOperationId":"aebtr93slmh5wt8"}
{"type":"operationEnd","subtype":"render","operationId":"w99cgh8wj7m6988","timestamp":1675972357563,"id":"93u6p830kcqpz38","previousEventId":"j4pic27gj69tqxc","previousOperationId":"aebtr93slmh5wt8"}
{"type":"operationEnd","doDiffs":false,"previousEventId":"hvdae4u4c0vmc53","previousOperationId":"56w5wv63huxunz2","operationId":"56w5wv63huxunz2","timestamp":1675972357590,"id":"s27j7rxywldph1s"}
