{"type":"operationStart","subtype":"profile","data":{"_id":"aVGVTCjZfMuoN326","timestamp":"2023-02-10T15:12:34.871Z","state":"queued","mode":"standard","creationDate":"2023-02-10T15:12:34.875Z","modificationDate":"2023-02-10T15:12:34.875Z","shortid":"Zyv2_FN","$entitySet":"profiles"},"doDiffs":false,"timestamp":1676041954873,"id":"23bx9wbe3zcgntj","previousOperationId":null,"operationId":"fizgfrroz62gxvy"}
{"type":"log","level":"info","message":"Render request 2 queued for execution and waiting for available worker","previousOperationId":"fizgfrroz62gxvy","timestamp":1676041954873,"id":"moer0z9ww965g4h"}
{"type":"operationStart","subtype":"render","name":"chart","previousOperationId":"fizgfrroz62gxvy","timestamp":1676041954888,"id":"zs5ogf0d9oz4ub7","previousEventId":"23bx9wbe3zcgntj","operationId":"uuzgav40h50jxny"}
{"type":"log","timestamp":1676041954889,"level":"info","message":"Starting rendering request 2","meta":{"rootId":"ifxyjh4fyhywy16","id":"ifxyjh4fyhywy16"},"id":"ipnjqktgsp72mts","previousOperationId":"uuzgav40h50jxny"}
{"type":"log","timestamp":1676041954890,"level":"info","message":"Rendering template { name: chart, recipe: phantom-pdf, engine: handlebars, preview: true }","meta":{"rootId":"ifxyjh4fyhywy16","id":"ifxyjh4fyhywy16"},"id":"ckwfy5m7x3qcn0p","previousOperationId":"uuzgav40h50jxny"}
{"type":"log","timestamp":1676041954892,"level":"debug","message":"Data item not defined for this template.","meta":{"rootId":"ifxyjh4fyhywy16","id":"ifxyjh4fyhywy16"},"id":"egxwdvakndu0syn","previousOperationId":"uuzgav40h50jxny"}
{"type":"log","timestamp":1676041954897,"level":"debug","message":"Executing script chartscript (beforeRender)","meta":{"rootId":"ifxyjh4fyhywy16","id":"ifxyjh4fyhywy16"},"id":"1kane4wumf52k7m","previousOperationId":"uuzgav40h50jxny"}
{"type":"operationStart","subtype":"scriptsBeforeRender","name":"scripts beforeRender","timestamp":1676041954928,"id":"qnxkh30ot3avsxc","previousEventId":"zs5ogf0d9oz4ub7","operationId":"6xame5mrdh46h71","previousOperationId":"uuzgav40h50jxny"}
{"type":"operationStart","subtype":"script","name":"scripts chartscript","previousOperationId":"6xame5mrdh46h71","timestamp":1676041954928,"id":"90ilby51r2qzd1m","previousEventId":"qnxkh30ot3avsxc","operationId":"utdwbdecyia1aut"}
{"type":"log","timestamp":1676041955193,"level":"debug","message":"(console:log) { articulos: [ 50, 6 ] }","meta":{"userLevel":true,"rootId":"ifxyjh4fyhywy16","id":"ifxyjh4fyhywy16"},"id":"pc67xqdznp5jsaw","previousOperationId":"utdwbdecyia1aut"}
{"type":"operationEnd","operationId":"utdwbdecyia1aut","timestamp":1676041955193,"id":"jhx0tvaim9cu16b","previousEventId":"zs5ogf0d9oz4ub7","previousOperationId":"uuzgav40h50jxny"}
{"type":"operationEnd","operationId":"6xame5mrdh46h71","timestamp":1676041955194,"id":"4sey9qkp9cdgl4h","previousEventId":"jhx0tvaim9cu16b","previousOperationId":"uuzgav40h50jxny"}
{"type":"log","timestamp":1676041955194,"level":"debug","message":"Base url not specified, skipping its injection.","meta":{"rootId":"ifxyjh4fyhywy16","id":"ifxyjh4fyhywy16"},"id":"1swm478ys3d1ys3","previousOperationId":"6xame5mrdh46h71"}
{"type":"operationStart","subtype":"engine","name":"handlebars","timestamp":1676041955194,"id":"ob5zescna5h1d1p","previousEventId":"4sey9qkp9cdgl4h","operationId":"xmfjmbxyxm4ik0j","previousOperationId":"6xame5mrdh46h71"}
{"type":"log","timestamp":1676041955194,"level":"debug","message":"Rendering engine handlebars","meta":{"rootId":"ifxyjh4fyhywy16","id":"ifxyjh4fyhywy16"},"id":"s85n22b6abe2i0j","previousOperationId":"xmfjmbxyxm4ik0j"}
{"type":"log","timestamp":1676041955245,"level":"debug","message":"(console:log) undefined","meta":{"userLevel":true,"rootId":"ifxyjh4fyhywy16","id":"ifxyjh4fyhywy16"},"id":"p6rwp3q52gfe0lt","previousOperationId":"xmfjmbxyxm4ik0j"}
{"type":"operationEnd","operationId":"xmfjmbxyxm4ik0j","timestamp":1676041955246,"id":"e4oal67v9h653o6","previousEventId":"ob5zescna5h1d1p","previousOperationId":"xmfjmbxyxm4ik0j"}
{"type":"operationStart","subtype":"recipe","name":"phantom-pdf","timestamp":1676041955247,"id":"2efbs05js8vv183","previousEventId":"e4oal67v9h653o6","operationId":"19ehsyp6yo986u7","previousOperationId":"xmfjmbxyxm4ik0j"}
{"type":"log","timestamp":1676041955247,"level":"debug","message":"Executing recipe phantom-pdf","meta":{"rootId":"ifxyjh4fyhywy16","id":"ifxyjh4fyhywy16"},"id":"31nwwauljp4wez5","previousOperationId":"19ehsyp6yo986u7"}
{"type":"log","timestamp":1676041962238,"level":"debug","message":"Converting in dedicated phantomjs 1.9.8","meta":{"rootId":"ifxyjh4fyhywy16","id":"ifxyjh4fyhywy16"},"id":"quitktamm6zop37","previousOperationId":"19ehsyp6yo986u7"}
{"type":"log","timestamp":1676041962238,"level":"debug","message":"Request file:///C%3A%5CUsers%5Calegu%5CAppData%5CLocal%5CTemp%5C8337551b-19c3-4b11-b2de-c902886096bbhtml.html","meta":{"rootId":"ifxyjh4fyhywy16","id":"ifxyjh4fyhywy16"},"id":"soqholmfe4fa867","previousOperationId":"19ehsyp6yo986u7"}
{"type":"log","timestamp":1676041962238,"level":"debug","message":"Request https://cdnjs.cloudflare.com/ajax/libs/Chart.js/2.1.6/Chart.min.js","meta":{"rootId":"ifxyjh4fyhywy16","id":"ifxyjh4fyhywy16"},"id":"mgyha5q4zr7ag20","previousOperationId":"19ehsyp6yo986u7"}
{"type":"log","timestamp":1676041962238,"level":"debug","message":"PhantomJS printing done","meta":{"rootId":"ifxyjh4fyhywy16","id":"ifxyjh4fyhywy16"},"id":"eg24fi61xd31jvq","previousOperationId":"19ehsyp6yo986u7"}
{"type":"log","timestamp":1676041962238,"level":"debug","message":"PhantomJS printing done","meta":{"rootId":"ifxyjh4fyhywy16","id":"ifxyjh4fyhywy16"},"id":"cbgjryq4yx8ere7","previousOperationId":"19ehsyp6yo986u7"}
{"type":"log","timestamp":1676041962238,"level":"debug","message":"PhantomJS printing done","meta":{"rootId":"ifxyjh4fyhywy16","id":"ifxyjh4fyhywy16"},"id":"om1nhp95tiy01k8","previousOperationId":"19ehsyp6yo986u7"}
{"type":"log","timestamp":1676041962238,"level":"debug","message":"PhantomJS printing done","meta":{"rootId":"ifxyjh4fyhywy16","id":"ifxyjh4fyhywy16"},"id":"046tvpvmsjyderj","previousOperationId":"19ehsyp6yo986u7"}
{"type":"log","timestamp":1676041962238,"level":"debug","message":"PhantomJS printing done","meta":{"rootId":"ifxyjh4fyhywy16","id":"ifxyjh4fyhywy16"},"id":"14q9f230sogyhlb","previousOperationId":"19ehsyp6yo986u7"}
{"type":"log","timestamp":1676041962238,"level":"debug","message":"PhantomJS printing done","meta":{"rootId":"ifxyjh4fyhywy16","id":"ifxyjh4fyhywy16"},"id":"y3k3opcopost4ew","previousOperationId":"19ehsyp6yo986u7"}
{"type":"log","timestamp":1676041962238,"level":"debug","message":"PhantomJS printing done","meta":{"rootId":"ifxyjh4fyhywy16","id":"ifxyjh4fyhywy16"},"id":"j1zlrw1b69br91u","previousOperationId":"19ehsyp6yo986u7"}
{"type":"log","timestamp":1676041962238,"level":"debug","message":"PhantomJS printing done","meta":{"rootId":"ifxyjh4fyhywy16","id":"ifxyjh4fyhywy16"},"id":"3e279af53kpi884","previousOperationId":"19ehsyp6yo986u7"}
{"type":"log","timestamp":1676041962238,"level":"debug","message":"PhantomJS printing done","meta":{"rootId":"ifxyjh4fyhywy16","id":"ifxyjh4fyhywy16"},"id":"qnf2inmcuh5wmkn","previousOperationId":"19ehsyp6yo986u7"}
{"type":"log","timestamp":1676041962238,"level":"debug","message":"Request http://intruct-javascript-ending/","meta":{"rootId":"ifxyjh4fyhywy16","id":"ifxyjh4fyhywy16"},"id":"418msjygjlrpoc0","previousOperationId":"19ehsyp6yo986u7"}
{"type":"log","timestamp":1676041962238,"level":"debug","message":"PhantomJS printing done","meta":{"rootId":"ifxyjh4fyhywy16","id":"ifxyjh4fyhywy16"},"id":"ggbgh6nwlsylmcw","previousOperationId":"19ehsyp6yo986u7"}
{"type":"log","timestamp":1676041962241,"level":"debug","message":"phantom-pdf recipe finished with 1 pages generated","meta":{"rootId":"ifxyjh4fyhywy16","id":"ifxyjh4fyhywy16"},"id":"p06sd45cwtu1k8i","previousOperationId":"19ehsyp6yo986u7"}
{"type":"operationEnd","operationId":"19ehsyp6yo986u7","timestamp":1676041962241,"id":"fzmrt7ew75bbvj3","previousEventId":"2efbs05js8vv183","previousOperationId":"19ehsyp6yo986u7"}
{"type":"log","timestamp":1676041962241,"level":"debug","message":"Skipping storing report.","meta":{"rootId":"ifxyjh4fyhywy16","id":"ifxyjh4fyhywy16"},"id":"0b8ngczbl60c71r","previousOperationId":"19ehsyp6yo986u7"}
{"type":"log","timestamp":1676041962241,"level":"info","message":"Rendering request 2 finished in 7370 ms","meta":{"rootId":"ifxyjh4fyhywy16","id":"ifxyjh4fyhywy16"},"id":"7asqd2shrvshxy4","previousOperationId":"19ehsyp6yo986u7"}
{"type":"operationEnd","subtype":"render","operationId":"uuzgav40h50jxny","timestamp":1676041962241,"id":"ugk3znng3gvbidu","previousEventId":"fzmrt7ew75bbvj3","previousOperationId":"19ehsyp6yo986u7"}
{"type":"operationEnd","doDiffs":false,"previousEventId":"23bx9wbe3zcgntj","previousOperationId":"fizgfrroz62gxvy","operationId":"fizgfrroz62gxvy","timestamp":1676041962264,"id":"v8v7ho6wu59pdbe"}
