{"type":"operationStart","subtype":"profile","data":{"_id":"RQlcbqLXZ2hgt7jT","timestamp":"2023-02-09T19:02:25.722Z","state":"queued","mode":"standard","creationDate":"2023-02-09T19:02:25.724Z","modificationDate":"2023-02-09T19:02:25.724Z","shortid":"mnK_ZuS","$entitySet":"profiles"},"doDiffs":false,"timestamp":1675969345723,"id":"60fkq9aex65awyq","previousOperationId":null,"operationId":"qex1dwiwuqp5utn"}
{"type":"log","level":"info","message":"Render request 4 queued for execution and waiting for available worker","previousOperationId":"qex1dwiwuqp5utn","timestamp":1675969345723,"id":"e864mtyi1a93nyf"}
{"type":"operationStart","subtype":"render","name":"chart","previousOperationId":"qex1dwiwuqp5utn","timestamp":1675969345743,"id":"p6badj1n8gd8rd7","previousEventId":"60fkq9aex65awyq","operationId":"rrzp99rkm19ymje"}
{"type":"log","timestamp":1675969345743,"level":"info","message":"Starting rendering request 4","meta":{"rootId":"ilyoes01q0o9bt6","id":"ilyoes01q0o9bt6"},"id":"x8951news8yjq9g","previousOperationId":"rrzp99rkm19ymje"}
{"type":"log","timestamp":1675969345746,"level":"info","message":"Rendering template { name: chart, recipe: phantom-pdf, engine: handlebars, preview: true }","meta":{"rootId":"ilyoes01q0o9bt6","id":"ilyoes01q0o9bt6"},"id":"3bkm5ozlo4itrjt","previousOperationId":"rrzp99rkm19ymje"}
{"type":"log","timestamp":1675969345756,"level":"debug","message":"Adding sample data KKYQoH0GM","meta":{"rootId":"ilyoes01q0o9bt6","id":"ilyoes01q0o9bt6"},"id":"nxed163vw1y8f25","previousOperationId":"rrzp99rkm19ymje"}
{"type":"log","timestamp":1675969345768,"level":"debug","message":"Base url not specified, skipping its injection.","meta":{"rootId":"ilyoes01q0o9bt6","id":"ilyoes01q0o9bt6"},"id":"7x12p1ndszta56l","previousOperationId":"rrzp99rkm19ymje"}
{"type":"operationStart","subtype":"engine","name":"handlebars","timestamp":1675969345773,"id":"b5erh4bobfitt9d","previousEventId":"p6badj1n8gd8rd7","operationId":"kzgu42bhls2mm78","previousOperationId":"rrzp99rkm19ymje"}
{"type":"log","timestamp":1675969345773,"level":"debug","message":"Rendering engine handlebars","meta":{"rootId":"ilyoes01q0o9bt6","id":"ilyoes01q0o9bt6"},"id":"e3jeexfwjk2qbvc","previousOperationId":"kzgu42bhls2mm78"}
{"type":"operationEnd","operationId":"kzgu42bhls2mm78","timestamp":1675969346392,"id":"ruulxg35s6nlfye","previousEventId":"b5erh4bobfitt9d","previousOperationId":"kzgu42bhls2mm78"}
{"type":"operationStart","subtype":"recipe","name":"phantom-pdf","timestamp":1675969346393,"id":"uj7j75xeqk5frtk","previousEventId":"ruulxg35s6nlfye","operationId":"iv2ykqhe5ouuz6l","previousOperationId":"kzgu42bhls2mm78"}
{"type":"log","timestamp":1675969346393,"level":"debug","message":"Executing recipe phantom-pdf","meta":{"rootId":"ilyoes01q0o9bt6","id":"ilyoes01q0o9bt6"},"id":"pmg00ch31kvyrwv","previousOperationId":"iv2ykqhe5ouuz6l"}
{"type":"log","timestamp":1675969349250,"level":"debug","message":"Converting in dedicated phantomjs 1.9.8","meta":{"rootId":"ilyoes01q0o9bt6","id":"ilyoes01q0o9bt6"},"id":"oi0phop133v22w5","previousOperationId":"iv2ykqhe5ouuz6l"}
{"type":"log","timestamp":1675969349250,"level":"debug","message":"Request file:///C%3A%5CUsers%5Calegu%5CAppData%5CLocal%5CTemp%5C74b49be5-403b-4dd1-a0aa-2f657880e80chtml.html","meta":{"rootId":"ilyoes01q0o9bt6","id":"ilyoes01q0o9bt6"},"id":"a26fbvzctkzga1r","previousOperationId":"iv2ykqhe5ouuz6l"}
{"type":"log","timestamp":1675969349250,"level":"debug","message":"Request https://cdnjs.cloudflare.com/ajax/libs/Chart.js/2.1.6/Chart.min.js","meta":{"rootId":"ilyoes01q0o9bt6","id":"ilyoes01q0o9bt6"},"id":"1nmga3534tmhxd1","previousOperationId":"iv2ykqhe5ouuz6l"}
{"type":"log","timestamp":1675969349250,"level":"debug","message":"PhantomJS printing done","meta":{"rootId":"ilyoes01q0o9bt6","id":"ilyoes01q0o9bt6"},"id":"xyaeu4duwzlvtws","previousOperationId":"iv2ykqhe5ouuz6l"}
{"type":"log","timestamp":1675969349250,"level":"debug","message":"PhantomJS printing done","meta":{"rootId":"ilyoes01q0o9bt6","id":"ilyoes01q0o9bt6"},"id":"7id2aydpj21mdcc","previousOperationId":"iv2ykqhe5ouuz6l"}
{"type":"log","timestamp":1675969349251,"level":"debug","message":"PhantomJS printing done","meta":{"rootId":"ilyoes01q0o9bt6","id":"ilyoes01q0o9bt6"},"id":"zm1maahsv82itrk","previousOperationId":"iv2ykqhe5ouuz6l"}
{"type":"log","timestamp":1675969349251,"level":"debug","message":"PhantomJS printing done","meta":{"rootId":"ilyoes01q0o9bt6","id":"ilyoes01q0o9bt6"},"id":"x4h1q4bowror8cn","previousOperationId":"iv2ykqhe5ouuz6l"}
{"type":"log","timestamp":1675969349251,"level":"debug","message":"PhantomJS printing done","meta":{"rootId":"ilyoes01q0o9bt6","id":"ilyoes01q0o9bt6"},"id":"5r0s5pyjwslgkd2","previousOperationId":"iv2ykqhe5ouuz6l"}
{"type":"log","timestamp":1675969349251,"level":"debug","message":"PhantomJS printing done","meta":{"rootId":"ilyoes01q0o9bt6","id":"ilyoes01q0o9bt6"},"id":"jj7pdpqf76bhkx6","previousOperationId":"iv2ykqhe5ouuz6l"}
{"type":"log","timestamp":1675969349251,"level":"debug","message":"PhantomJS printing done","meta":{"rootId":"ilyoes01q0o9bt6","id":"ilyoes01q0o9bt6"},"id":"nsyarqt8pwn1h1k","previousOperationId":"iv2ykqhe5ouuz6l"}
{"type":"log","timestamp":1675969349251,"level":"debug","message":"PhantomJS printing done","meta":{"rootId":"ilyoes01q0o9bt6","id":"ilyoes01q0o9bt6"},"id":"307j8f3b4l58axf","previousOperationId":"iv2ykqhe5ouuz6l"}
{"type":"log","timestamp":1675969349251,"level":"debug","message":"PhantomJS printing done","meta":{"rootId":"ilyoes01q0o9bt6","id":"ilyoes01q0o9bt6"},"id":"si2hr6a95ojechd","previousOperationId":"iv2ykqhe5ouuz6l"}
{"type":"log","timestamp":1675969349251,"level":"debug","message":"Request http://intruct-javascript-ending/","meta":{"rootId":"ilyoes01q0o9bt6","id":"ilyoes01q0o9bt6"},"id":"w7iotrax1ro11ky","previousOperationId":"iv2ykqhe5ouuz6l"}
{"type":"log","timestamp":1675969349251,"level":"debug","message":"PhantomJS printing done","meta":{"rootId":"ilyoes01q0o9bt6","id":"ilyoes01q0o9bt6"},"id":"qqmff87a1ergfhm","previousOperationId":"iv2ykqhe5ouuz6l"}
{"type":"log","timestamp":1675969349254,"level":"debug","message":"phantom-pdf recipe finished with 1 pages generated","meta":{"rootId":"ilyoes01q0o9bt6","id":"ilyoes01q0o9bt6"},"id":"t89dqf60abpy80k","previousOperationId":"iv2ykqhe5ouuz6l"}
{"type":"operationEnd","operationId":"iv2ykqhe5ouuz6l","timestamp":1675969349254,"id":"xswm1avci44izpc","previousEventId":"uj7j75xeqk5frtk","previousOperationId":"iv2ykqhe5ouuz6l"}
{"type":"log","timestamp":1675969349255,"level":"debug","message":"Skipping storing report.","meta":{"rootId":"ilyoes01q0o9bt6","id":"ilyoes01q0o9bt6"},"id":"d29opxnfrnq9g44","previousOperationId":"iv2ykqhe5ouuz6l"}
{"type":"log","timestamp":1675969349255,"level":"info","message":"Rendering request 4 finished in 3533 ms","meta":{"rootId":"ilyoes01q0o9bt6","id":"ilyoes01q0o9bt6"},"id":"2je5tcayeic675b","previousOperationId":"iv2ykqhe5ouuz6l"}
{"type":"operationEnd","subtype":"render","operationId":"rrzp99rkm19ymje","timestamp":1675969349255,"id":"iu51fpv4v3qk19q","previousEventId":"xswm1avci44izpc","previousOperationId":"iv2ykqhe5ouuz6l"}
{"type":"operationEnd","doDiffs":false,"previousEventId":"60fkq9aex65awyq","previousOperationId":"qex1dwiwuqp5utn","operationId":"qex1dwiwuqp5utn","timestamp":1675969349283,"id":"nluml6h72dmwhuj"}
