{"type":"operationStart","subtype":"profile","data":{"_id":"0B8FUiGdRCOQ0wC9","timestamp":"2023-02-10T15:16:29.056Z","state":"queued","mode":"standard","creationDate":"2023-02-10T15:16:29.059Z","modificationDate":"2023-02-10T15:16:29.059Z","shortid":"QRy70wh","$entitySet":"profiles"},"doDiffs":false,"timestamp":1676042189058,"id":"k97vs74s7lvxduh","previousOperationId":null,"operationId":"c0ncatloczesrol"}
{"type":"log","level":"info","message":"Render request 7 queued for execution and waiting for available worker","previousOperationId":"c0ncatloczesrol","timestamp":1676042189058,"id":"q8evhgge7nltm8t"}
{"type":"operationStart","subtype":"render","name":"chart","previousOperationId":"c0ncatloczesrol","timestamp":1676042189071,"id":"bqqnzyx3mue30s7","previousEventId":"k97vs74s7lvxduh","operationId":"yqxkka5s5uwgxdf"}
{"type":"log","timestamp":1676042189071,"level":"info","message":"Starting rendering request 7","meta":{"rootId":"j7fs07y9ijw9cst","id":"j7fs07y9ijw9cst"},"id":"yzr4pkppo101ok4","previousOperationId":"yqxkka5s5uwgxdf"}
{"type":"log","timestamp":1676042189072,"level":"info","message":"Rendering template { name: chart, recipe: phantom-pdf, engine: handlebars, preview: true }","meta":{"rootId":"j7fs07y9ijw9cst","id":"j7fs07y9ijw9cst"},"id":"8ix6gw0in1n15ll","previousOperationId":"yqxkka5s5uwgxdf"}
{"type":"log","timestamp":1676042189078,"level":"debug","message":"Data item not defined for this template.","meta":{"rootId":"j7fs07y9ijw9cst","id":"j7fs07y9ijw9cst"},"id":"n1wh2s278hk97yw","previousOperationId":"yqxkka5s5uwgxdf"}
{"type":"log","timestamp":1676042189085,"level":"debug","message":"Executing script chartscript (beforeRender)","meta":{"rootId":"j7fs07y9ijw9cst","id":"j7fs07y9ijw9cst"},"id":"frh8blck3po34ne","previousOperationId":"yqxkka5s5uwgxdf"}
{"type":"operationStart","subtype":"scriptsBeforeRender","name":"scripts beforeRender","timestamp":1676042189113,"id":"qgcxb00jcpw8nbj","previousEventId":"bqqnzyx3mue30s7","operationId":"88wnsk8iu36fry7","previousOperationId":"yqxkka5s5uwgxdf"}
{"type":"operationStart","subtype":"script","name":"scripts chartscript","previousOperationId":"88wnsk8iu36fry7","timestamp":1676042189113,"id":"fx512n3ca4s8i8d","previousEventId":"qgcxb00jcpw8nbj","operationId":"4ekpefzb6ozw8rd"}
{"type":"operationEnd","operationId":"4ekpefzb6ozw8rd","timestamp":1676042189314,"id":"k3qmgb2rw8gg7z2","previousEventId":"bqqnzyx3mue30s7","previousOperationId":"yqxkka5s5uwgxdf"}
{"type":"operationEnd","operationId":"88wnsk8iu36fry7","timestamp":1676042189314,"id":"sbbwrjxpzvtltlp","previousEventId":"k3qmgb2rw8gg7z2","previousOperationId":"yqxkka5s5uwgxdf"}
{"type":"log","timestamp":1676042189314,"level":"debug","message":"Base url not specified, skipping its injection.","meta":{"rootId":"j7fs07y9ijw9cst","id":"j7fs07y9ijw9cst"},"id":"af51xr4l6wjmpxl","previousOperationId":"88wnsk8iu36fry7"}
{"type":"operationStart","subtype":"engine","name":"handlebars","timestamp":1676042189314,"id":"j86voa3bfblntzv","previousEventId":"sbbwrjxpzvtltlp","operationId":"vkv7yxd54k3lajd","previousOperationId":"88wnsk8iu36fry7"}
{"type":"log","timestamp":1676042189314,"level":"debug","message":"Rendering engine handlebars","meta":{"rootId":"j7fs07y9ijw9cst","id":"j7fs07y9ijw9cst"},"id":"c8sr6kh5lkcpf6b","previousOperationId":"vkv7yxd54k3lajd"}
{"type":"operationEnd","operationId":"vkv7yxd54k3lajd","timestamp":1676042189330,"id":"rdv57m5sgkzdlxz","previousEventId":"j86voa3bfblntzv","previousOperationId":"vkv7yxd54k3lajd"}
{"type":"operationStart","subtype":"recipe","name":"phantom-pdf","timestamp":1676042189331,"id":"ftfp87b9wuymdk1","previousEventId":"rdv57m5sgkzdlxz","operationId":"leclkb5ns776uko","previousOperationId":"vkv7yxd54k3lajd"}
{"type":"log","timestamp":1676042189331,"level":"debug","message":"Executing recipe phantom-pdf","meta":{"rootId":"j7fs07y9ijw9cst","id":"j7fs07y9ijw9cst"},"id":"692d9m0f5j6wn4j","previousOperationId":"leclkb5ns776uko"}
{"type":"log","timestamp":1676042192338,"level":"debug","message":"Converting in dedicated phantomjs 1.9.8","meta":{"rootId":"j7fs07y9ijw9cst","id":"j7fs07y9ijw9cst"},"id":"yn3p3kmqk0poe7w","previousOperationId":"leclkb5ns776uko"}
{"type":"log","timestamp":1676042192338,"level":"debug","message":"Request file:///C%3A%5CUsers%5Calegu%5CAppData%5CLocal%5CTemp%5Cab81dbe9-e6b3-4f81-962c-ed7633186934html.html","meta":{"rootId":"j7fs07y9ijw9cst","id":"j7fs07y9ijw9cst"},"id":"qftrmugd0ga7a3x","previousOperationId":"leclkb5ns776uko"}
{"type":"log","timestamp":1676042192338,"level":"debug","message":"Request https://cdnjs.cloudflare.com/ajax/libs/Chart.js/2.1.6/Chart.min.js","meta":{"rootId":"j7fs07y9ijw9cst","id":"j7fs07y9ijw9cst"},"id":"dn4b0yiwcrvg0xm","previousOperationId":"leclkb5ns776uko"}
{"type":"log","timestamp":1676042192338,"level":"debug","message":"PhantomJS printing done","meta":{"rootId":"j7fs07y9ijw9cst","id":"j7fs07y9ijw9cst"},"id":"5knka84o236oi9h","previousOperationId":"leclkb5ns776uko"}
{"type":"log","timestamp":1676042192338,"level":"debug","message":"PhantomJS printing done","meta":{"rootId":"j7fs07y9ijw9cst","id":"j7fs07y9ijw9cst"},"id":"gq255nhzurc1t7u","previousOperationId":"leclkb5ns776uko"}
{"type":"log","timestamp":1676042192338,"level":"debug","message":"PhantomJS printing done","meta":{"rootId":"j7fs07y9ijw9cst","id":"j7fs07y9ijw9cst"},"id":"xpg6h2dyn41xyad","previousOperationId":"leclkb5ns776uko"}
{"type":"log","timestamp":1676042192338,"level":"debug","message":"PhantomJS printing done","meta":{"rootId":"j7fs07y9ijw9cst","id":"j7fs07y9ijw9cst"},"id":"o2542ytnoam413j","previousOperationId":"leclkb5ns776uko"}
{"type":"log","timestamp":1676042192338,"level":"debug","message":"PhantomJS printing done","meta":{"rootId":"j7fs07y9ijw9cst","id":"j7fs07y9ijw9cst"},"id":"mw7e5p9ox7xqacw","previousOperationId":"leclkb5ns776uko"}
{"type":"log","timestamp":1676042192338,"level":"debug","message":"PhantomJS printing done","meta":{"rootId":"j7fs07y9ijw9cst","id":"j7fs07y9ijw9cst"},"id":"9ao55zs1ceg04dv","previousOperationId":"leclkb5ns776uko"}
{"type":"log","timestamp":1676042192338,"level":"debug","message":"PhantomJS printing done","meta":{"rootId":"j7fs07y9ijw9cst","id":"j7fs07y9ijw9cst"},"id":"2qb3w93m647mmv4","previousOperationId":"leclkb5ns776uko"}
{"type":"log","timestamp":1676042192338,"level":"debug","message":"PhantomJS printing done","meta":{"rootId":"j7fs07y9ijw9cst","id":"j7fs07y9ijw9cst"},"id":"6flsi957843pcli","previousOperationId":"leclkb5ns776uko"}
{"type":"log","timestamp":1676042192339,"level":"debug","message":"PhantomJS printing done","meta":{"rootId":"j7fs07y9ijw9cst","id":"j7fs07y9ijw9cst"},"id":"uo2y8dszrj6t4j7","previousOperationId":"leclkb5ns776uko"}
{"type":"log","timestamp":1676042192339,"level":"debug","message":"Request http://intruct-javascript-ending/","meta":{"rootId":"j7fs07y9ijw9cst","id":"j7fs07y9ijw9cst"},"id":"klkwomgfs5l2d5l","previousOperationId":"leclkb5ns776uko"}
{"type":"log","timestamp":1676042192339,"level":"debug","message":"PhantomJS printing done","meta":{"rootId":"j7fs07y9ijw9cst","id":"j7fs07y9ijw9cst"},"id":"fxyqvmhed3o341w","previousOperationId":"leclkb5ns776uko"}
{"type":"log","timestamp":1676042192344,"level":"debug","message":"phantom-pdf recipe finished with 1 pages generated","meta":{"rootId":"j7fs07y9ijw9cst","id":"j7fs07y9ijw9cst"},"id":"h8x2z1gfd9pkyd4","previousOperationId":"leclkb5ns776uko"}
{"type":"operationEnd","operationId":"leclkb5ns776uko","timestamp":1676042192344,"id":"n2ogoqt7rh8k2vj","previousEventId":"ftfp87b9wuymdk1","previousOperationId":"leclkb5ns776uko"}
{"type":"log","timestamp":1676042192345,"level":"debug","message":"Skipping storing report.","meta":{"rootId":"j7fs07y9ijw9cst","id":"j7fs07y9ijw9cst"},"id":"e6wrylvh4j89k48","previousOperationId":"leclkb5ns776uko"}
{"type":"log","timestamp":1676042192345,"level":"info","message":"Rendering request 7 finished in 3289 ms","meta":{"rootId":"j7fs07y9ijw9cst","id":"j7fs07y9ijw9cst"},"id":"u1t52r6qdcvnx2p","previousOperationId":"leclkb5ns776uko"}
{"type":"operationEnd","subtype":"render","operationId":"yqxkka5s5uwgxdf","timestamp":1676042192345,"id":"k0hehbolnrq63k7","previousEventId":"n2ogoqt7rh8k2vj","previousOperationId":"leclkb5ns776uko"}
{"type":"operationEnd","doDiffs":false,"previousEventId":"k97vs74s7lvxduh","previousOperationId":"c0ncatloczesrol","operationId":"c0ncatloczesrol","timestamp":1676042192377,"id":"fnoj40w6cits8g1"}
