{"type":"operationStart","subtype":"profile","data":{"_id":"ZSgDTeWek1yA9uIa","timestamp":"2023-02-10T17:39:42.020Z","state":"queued","mode":"standard","creationDate":"2023-02-10T17:39:42.023Z","modificationDate":"2023-02-10T17:39:42.023Z","shortid":"4VP7mI5","$entitySet":"profiles"},"doDiffs":false,"timestamp":1676050782021,"id":"d3xm7sda1rp2mo7","previousOperationId":null,"operationId":"kjq7sozkom08xvn"}
{"type":"log","level":"info","message":"Render request 5 queued for execution and waiting for available worker","previousOperationId":"kjq7sozkom08xvn","timestamp":1676050782022,"id":"5pkeuly3nqdjcyh"}
{"type":"operationStart","subtype":"render","name":"chart","previousOperationId":"kjq7sozkom08xvn","timestamp":1676050782040,"id":"hurxmoy6xfkt7qi","previousEventId":"d3xm7sda1rp2mo7","operationId":"tocqwg5maerm7ai"}
{"type":"log","timestamp":1676050782040,"level":"info","message":"Starting rendering request 5","meta":{"rootId":"jba77oypkjjxg74","id":"jba77oypkjjxg74"},"id":"0a9figkv5w5s1fx","previousOperationId":"tocqwg5maerm7ai"}
{"type":"log","timestamp":1676050782041,"level":"info","message":"Rendering template { name: chart, recipe: phantom-pdf, engine: handlebars, preview: true }","meta":{"rootId":"jba77oypkjjxg74","id":"jba77oypkjjxg74"},"id":"t6a5zn7ot1e3569","previousOperationId":"tocqwg5maerm7ai"}
{"type":"log","timestamp":1676050782046,"level":"debug","message":"Data item not defined for this template.","meta":{"rootId":"jba77oypkjjxg74","id":"jba77oypkjjxg74"},"id":"gv18f2gngorq86h","previousOperationId":"tocqwg5maerm7ai"}
{"type":"log","timestamp":1676050782053,"level":"debug","message":"Executing script chartscript (beforeRender)","meta":{"rootId":"jba77oypkjjxg74","id":"jba77oypkjjxg74"},"id":"uuubozro7uzb1cn","previousOperationId":"tocqwg5maerm7ai"}
{"type":"operationStart","subtype":"scriptsBeforeRender","name":"scripts beforeRender","timestamp":1676050782087,"id":"rcpiyewzhz0a9n9","previousEventId":"hurxmoy6xfkt7qi","operationId":"pffr14rv2xg8cu7","previousOperationId":"tocqwg5maerm7ai"}
{"type":"operationStart","subtype":"script","name":"scripts chartscript","previousOperationId":"pffr14rv2xg8cu7","timestamp":1676050782087,"id":"dmr620bt8z0bb44","previousEventId":"rcpiyewzhz0a9n9","operationId":"gxodrl3rldzpg2l"}
{"type":"log","timestamp":1676050782331,"level":"debug","message":"(console:log) [ 50, 45, 0 ]","meta":{"userLevel":true,"rootId":"jba77oypkjjxg74","id":"jba77oypkjjxg74"},"id":"lf2xcvflccp8xei","previousOperationId":"gxodrl3rldzpg2l"}
{"type":"log","timestamp":1676050782331,"level":"debug","message":"(console:log) [ 50, 45, 0 ]","meta":{"userLevel":true,"rootId":"jba77oypkjjxg74","id":"jba77oypkjjxg74"},"id":"tl9y72flah9m1z3","previousOperationId":"gxodrl3rldzpg2l"}
{"type":"operationEnd","operationId":"gxodrl3rldzpg2l","timestamp":1676050782332,"id":"u5hyvhoswygdy5a","previousEventId":"hurxmoy6xfkt7qi","previousOperationId":"tocqwg5maerm7ai"}
{"type":"operationEnd","operationId":"pffr14rv2xg8cu7","timestamp":1676050782332,"id":"u5r7u4adhc6drhv","previousEventId":"u5hyvhoswygdy5a","previousOperationId":"tocqwg5maerm7ai"}
{"type":"log","timestamp":1676050782332,"level":"debug","message":"Base url not specified, skipping its injection.","meta":{"rootId":"jba77oypkjjxg74","id":"jba77oypkjjxg74"},"id":"6pxr6jvhhbdqwc0","previousOperationId":"pffr14rv2xg8cu7"}
{"type":"operationStart","subtype":"engine","name":"handlebars","timestamp":1676050782332,"id":"0muc8ks9xdavcwq","previousEventId":"u5r7u4adhc6drhv","operationId":"zzj0uh30fmt5375","previousOperationId":"pffr14rv2xg8cu7"}
{"type":"log","timestamp":1676050782333,"level":"debug","message":"Rendering engine handlebars","meta":{"rootId":"jba77oypkjjxg74","id":"jba77oypkjjxg74"},"id":"zimci4wy73uhesu","previousOperationId":"zzj0uh30fmt5375"}
{"type":"log","timestamp":1676050782358,"level":"debug","message":"(console:log) [ 50, 45, 0 ]","meta":{"userLevel":true,"rootId":"jba77oypkjjxg74","id":"jba77oypkjjxg74"},"id":"1ss1mzs5qj1c0u9","previousOperationId":"zzj0uh30fmt5375"}
{"type":"log","timestamp":1676050782358,"level":"debug","message":"(console:log) [50,45,0]","meta":{"userLevel":true,"rootId":"jba77oypkjjxg74","id":"jba77oypkjjxg74"},"id":"pr1fh3mwcw7g4dz","previousOperationId":"zzj0uh30fmt5375"}
{"type":"operationEnd","operationId":"zzj0uh30fmt5375","timestamp":1676050782359,"id":"76zfvg7cqr0dlj1","previousEventId":"0muc8ks9xdavcwq","previousOperationId":"zzj0uh30fmt5375"}
{"type":"operationStart","subtype":"recipe","name":"phantom-pdf","timestamp":1676050782359,"id":"x3grfdweikyava1","previousEventId":"76zfvg7cqr0dlj1","operationId":"jl070skoqsex84j","previousOperationId":"zzj0uh30fmt5375"}
{"type":"log","timestamp":1676050782359,"level":"debug","message":"Executing recipe phantom-pdf","meta":{"rootId":"jba77oypkjjxg74","id":"jba77oypkjjxg74"},"id":"pl63l1uevb9q5ff","previousOperationId":"jl070skoqsex84j"}
{"type":"log","timestamp":1676050788072,"level":"debug","message":"Converting in dedicated phantomjs 1.9.8","meta":{"rootId":"jba77oypkjjxg74","id":"jba77oypkjjxg74"},"id":"jqzl8ilu70q3kxc","previousOperationId":"jl070skoqsex84j"}
{"type":"log","timestamp":1676050788072,"level":"debug","message":"Request file:///C%3A%5CUsers%5Calegu%5CAppData%5CLocal%5CTemp%5Cda470d7b-8a73-4c73-bcee-264029011c43html.html","meta":{"rootId":"jba77oypkjjxg74","id":"jba77oypkjjxg74"},"id":"4hhidqi1nbof01z","previousOperationId":"jl070skoqsex84j"}
{"type":"log","timestamp":1676050788072,"level":"debug","message":"Request https://cdnjs.cloudflare.com/ajax/libs/Chart.js/2.1.6/Chart.min.js","meta":{"rootId":"jba77oypkjjxg74","id":"jba77oypkjjxg74"},"id":"gwcjrgfk2er7uxn","previousOperationId":"jl070skoqsex84j"}
{"type":"log","timestamp":1676050788072,"level":"debug","message":"PhantomJS printing done","meta":{"rootId":"jba77oypkjjxg74","id":"jba77oypkjjxg74"},"id":"exqx33mzh623xmg","previousOperationId":"jl070skoqsex84j"}
{"type":"log","timestamp":1676050788072,"level":"debug","message":"PhantomJS printing done","meta":{"rootId":"jba77oypkjjxg74","id":"jba77oypkjjxg74"},"id":"ba05grn8pvkwlcx","previousOperationId":"jl070skoqsex84j"}
{"type":"log","timestamp":1676050788072,"level":"debug","message":"PhantomJS printing done","meta":{"rootId":"jba77oypkjjxg74","id":"jba77oypkjjxg74"},"id":"dxm2h00wliyjrsf","previousOperationId":"jl070skoqsex84j"}
{"type":"log","timestamp":1676050788072,"level":"debug","message":"PhantomJS printing done","meta":{"rootId":"jba77oypkjjxg74","id":"jba77oypkjjxg74"},"id":"y9vh5wg7o36m0ck","previousOperationId":"jl070skoqsex84j"}
{"type":"log","timestamp":1676050788072,"level":"debug","message":"PhantomJS printing done","meta":{"rootId":"jba77oypkjjxg74","id":"jba77oypkjjxg74"},"id":"yljnpame6f2n9nt","previousOperationId":"jl070skoqsex84j"}
{"type":"log","timestamp":1676050788072,"level":"debug","message":"PhantomJS printing done","meta":{"rootId":"jba77oypkjjxg74","id":"jba77oypkjjxg74"},"id":"6m6t0g3jjorcanp","previousOperationId":"jl070skoqsex84j"}
{"type":"log","timestamp":1676050788072,"level":"debug","message":"PhantomJS printing done","meta":{"rootId":"jba77oypkjjxg74","id":"jba77oypkjjxg74"},"id":"r71r8qmbs6ueeta","previousOperationId":"jl070skoqsex84j"}
{"type":"log","timestamp":1676050788072,"level":"debug","message":"PhantomJS printing done","meta":{"rootId":"jba77oypkjjxg74","id":"jba77oypkjjxg74"},"id":"k20l4qlj8sa7xel","previousOperationId":"jl070skoqsex84j"}
{"type":"log","timestamp":1676050788072,"level":"debug","message":"PhantomJS printing done","meta":{"rootId":"jba77oypkjjxg74","id":"jba77oypkjjxg74"},"id":"6x1vn76crekl7kb","previousOperationId":"jl070skoqsex84j"}
{"type":"log","timestamp":1676050788072,"level":"debug","message":"PhantomJS printing done","meta":{"rootId":"jba77oypkjjxg74","id":"jba77oypkjjxg74"},"id":"5619chs9lc3z2u7","previousOperationId":"jl070skoqsex84j"}
{"type":"log","timestamp":1676050788073,"level":"debug","message":"Request http://intruct-javascript-ending/","meta":{"rootId":"jba77oypkjjxg74","id":"jba77oypkjjxg74"},"id":"vtej8cpjcgy9hms","previousOperationId":"jl070skoqsex84j"}
{"type":"log","timestamp":1676050788073,"level":"debug","message":"PhantomJS printing done","meta":{"rootId":"jba77oypkjjxg74","id":"jba77oypkjjxg74"},"id":"vll9kqcgj6o24uy","previousOperationId":"jl070skoqsex84j"}
{"type":"log","timestamp":1676050788075,"level":"debug","message":"phantom-pdf recipe finished with 1 pages generated","meta":{"rootId":"jba77oypkjjxg74","id":"jba77oypkjjxg74"},"id":"597zgx7mtdjctsc","previousOperationId":"jl070skoqsex84j"}
{"type":"operationEnd","operationId":"jl070skoqsex84j","timestamp":1676050788075,"id":"avni2ndfvsqemo1","previousEventId":"x3grfdweikyava1","previousOperationId":"jl070skoqsex84j"}
{"type":"log","timestamp":1676050788075,"level":"debug","message":"Skipping storing report.","meta":{"rootId":"jba77oypkjjxg74","id":"jba77oypkjjxg74"},"id":"h2oqrvo0q0pvf6d","previousOperationId":"jl070skoqsex84j"}
{"type":"log","timestamp":1676050788076,"level":"info","message":"Rendering request 5 finished in 6056 ms","meta":{"rootId":"jba77oypkjjxg74","id":"jba77oypkjjxg74"},"id":"gz8el384tvobae8","previousOperationId":"jl070skoqsex84j"}
{"type":"operationEnd","subtype":"render","operationId":"tocqwg5maerm7ai","timestamp":1676050788076,"id":"q1m4zrrtpjqbmyi","previousEventId":"avni2ndfvsqemo1","previousOperationId":"jl070skoqsex84j"}
{"type":"operationEnd","doDiffs":false,"previousEventId":"d3xm7sda1rp2mo7","previousOperationId":"kjq7sozkom08xvn","operationId":"kjq7sozkom08xvn","timestamp":1676050788100,"id":"bnxvwwnau837d8f"}
