{"type":"operationStart","subtype":"profile","data":{"_id":"FrhLIB7KCxeokl2B","timestamp":"2023-02-09T20:01:05.386Z","state":"queued","mode":"standard","creationDate":"2023-02-09T20:01:05.389Z","modificationDate":"2023-02-09T20:01:05.389Z","shortid":"HE0_stV","$entitySet":"profiles"},"doDiffs":false,"timestamp":1675972865387,"id":"3bt8pvxlv7ws7hn","previousOperationId":null,"operationId":"eawfixfe4d7li2p"}
{"type":"log","level":"info","message":"Render request 38 queued for execution and waiting for available worker","previousOperationId":"eawfixfe4d7li2p","timestamp":1675972865387,"id":"8y9y00jnh1yp5dx"}
{"type":"operationStart","subtype":"render","name":"chart","previousOperationId":"eawfixfe4d7li2p","timestamp":1675972865407,"id":"0jhxrtztnpbsuzh","previousEventId":"3bt8pvxlv7ws7hn","operationId":"5wf07yob60eiw2f"}
{"type":"log","timestamp":1675972865409,"level":"info","message":"Starting rendering request 38","meta":{"rootId":"jj3be2xuso853xs","id":"jj3be2xuso853xs"},"id":"5cvj8by5qk5vid6","previousOperationId":"5wf07yob60eiw2f"}
{"type":"log","timestamp":1675972865415,"level":"info","message":"Rendering template { name: chart, recipe: phantom-pdf, engine: handlebars, preview: true }","meta":{"rootId":"jj3be2xuso853xs","id":"jj3be2xuso853xs"},"id":"1193xldiyacvh6d","previousOperationId":"5wf07yob60eiw2f"}
{"type":"log","timestamp":1675972865420,"level":"debug","message":"Data item not defined for this template.","meta":{"rootId":"jj3be2xuso853xs","id":"jj3be2xuso853xs"},"id":"8d8kdb245erdj8z","previousOperationId":"5wf07yob60eiw2f"}
{"type":"log","timestamp":1675972865426,"level":"debug","message":"Executing script chartscript (beforeRender)","meta":{"rootId":"jj3be2xuso853xs","id":"jj3be2xuso853xs"},"id":"y1yzz3yuij0l2ux","previousOperationId":"5wf07yob60eiw2f"}
{"type":"operationStart","subtype":"scriptsBeforeRender","name":"scripts beforeRender","timestamp":1675972865886,"id":"o984gz48c6g1f1y","previousEventId":"0jhxrtztnpbsuzh","operationId":"9k3uxab7qs2pdoe","previousOperationId":"5wf07yob60eiw2f"}
{"type":"operationStart","subtype":"script","name":"scripts chartscript","previousOperationId":"9k3uxab7qs2pdoe","timestamp":1675972865886,"id":"m990nha6ptcmvav","previousEventId":"o984gz48c6g1f1y","operationId":"msywb5q3t13auc2"}
{"type":"log","timestamp":1675972866099,"level":"debug","message":"(console:log) { A: [ 50, 6 ] }","meta":{"userLevel":true,"rootId":"jj3be2xuso853xs","id":"jj3be2xuso853xs"},"id":"w2e3he2ncid9p2b","previousOperationId":"msywb5q3t13auc2"}
{"type":"operationEnd","operationId":"msywb5q3t13auc2","timestamp":1675972866100,"id":"aauzc62izwdehnr","previousEventId":"0jhxrtztnpbsuzh","previousOperationId":"5wf07yob60eiw2f"}
{"type":"operationEnd","operationId":"9k3uxab7qs2pdoe","timestamp":1675972866100,"id":"yu74myi02lmag7z","previousEventId":"aauzc62izwdehnr","previousOperationId":"5wf07yob60eiw2f"}
{"type":"log","timestamp":1675972866101,"level":"debug","message":"Base url not specified, skipping its injection.","meta":{"rootId":"jj3be2xuso853xs","id":"jj3be2xuso853xs"},"id":"gapptciazpglsws","previousOperationId":"9k3uxab7qs2pdoe"}
{"type":"operationStart","subtype":"engine","name":"handlebars","timestamp":1675972866102,"id":"qvy941b4kakd72u","previousEventId":"yu74myi02lmag7z","operationId":"dtc5jvq3xuzbh8v","previousOperationId":"9k3uxab7qs2pdoe"}
{"type":"log","timestamp":1675972866102,"level":"debug","message":"Rendering engine handlebars","meta":{"rootId":"jj3be2xuso853xs","id":"jj3be2xuso853xs"},"id":"doim04huhx0scta","previousOperationId":"dtc5jvq3xuzbh8v"}
{"type":"operationEnd","operationId":"dtc5jvq3xuzbh8v","timestamp":1675972866479,"id":"gk3ev2iajzaof1h","previousEventId":"qvy941b4kakd72u","previousOperationId":"dtc5jvq3xuzbh8v"}
{"type":"operationStart","subtype":"recipe","name":"phantom-pdf","timestamp":1675972866480,"id":"zgs90ac49obpb4a","previousEventId":"gk3ev2iajzaof1h","operationId":"um6swily82n073o","previousOperationId":"dtc5jvq3xuzbh8v"}
{"type":"log","timestamp":1675972866480,"level":"debug","message":"Executing recipe phantom-pdf","meta":{"rootId":"jj3be2xuso853xs","id":"jj3be2xuso853xs"},"id":"6qr6873ff4gmt5l","previousOperationId":"um6swily82n073o"}
{"type":"log","timestamp":1675972869384,"level":"debug","message":"Converting in dedicated phantomjs 1.9.8","meta":{"rootId":"jj3be2xuso853xs","id":"jj3be2xuso853xs"},"id":"3b5w7p3pkfcac7m","previousOperationId":"um6swily82n073o"}
{"type":"log","timestamp":1675972869384,"level":"debug","message":"Request file:///C%3A%5CUsers%5Calegu%5CAppData%5CLocal%5CTemp%5Ca9cdb645-cf60-4579-bb39-2b8b1ee2541ahtml.html","meta":{"rootId":"jj3be2xuso853xs","id":"jj3be2xuso853xs"},"id":"ejfnc3t3th4s291","previousOperationId":"um6swily82n073o"}
{"type":"log","timestamp":1675972869384,"level":"debug","message":"Request https://cdnjs.cloudflare.com/ajax/libs/Chart.js/2.1.6/Chart.min.js","meta":{"rootId":"jj3be2xuso853xs","id":"jj3be2xuso853xs"},"id":"z4h9naegpw5i089","previousOperationId":"um6swily82n073o"}
{"type":"log","timestamp":1675972869385,"level":"debug","message":"PhantomJS printing done","meta":{"rootId":"jj3be2xuso853xs","id":"jj3be2xuso853xs"},"id":"wilsx1ztvk6j6du","previousOperationId":"um6swily82n073o"}
{"type":"log","timestamp":1675972869385,"level":"debug","message":"PhantomJS printing done","meta":{"rootId":"jj3be2xuso853xs","id":"jj3be2xuso853xs"},"id":"8oi8cgzk2rwkyya","previousOperationId":"um6swily82n073o"}
{"type":"log","timestamp":1675972869385,"level":"debug","message":"PhantomJS printing done","meta":{"rootId":"jj3be2xuso853xs","id":"jj3be2xuso853xs"},"id":"rhvbxbesd0a87xf","previousOperationId":"um6swily82n073o"}
{"type":"log","timestamp":1675972869385,"level":"debug","message":"PhantomJS printing done","meta":{"rootId":"jj3be2xuso853xs","id":"jj3be2xuso853xs"},"id":"851vfu4tmvgql1j","previousOperationId":"um6swily82n073o"}
{"type":"log","timestamp":1675972869385,"level":"debug","message":"PhantomJS printing done","meta":{"rootId":"jj3be2xuso853xs","id":"jj3be2xuso853xs"},"id":"zt3oaewaz8x1z6r","previousOperationId":"um6swily82n073o"}
{"type":"log","timestamp":1675972869385,"level":"debug","message":"PhantomJS printing done","meta":{"rootId":"jj3be2xuso853xs","id":"jj3be2xuso853xs"},"id":"dv2e61ub8xuohri","previousOperationId":"um6swily82n073o"}
{"type":"log","timestamp":1675972869385,"level":"debug","message":"PhantomJS printing done","meta":{"rootId":"jj3be2xuso853xs","id":"jj3be2xuso853xs"},"id":"0gfljk5o4wctb0u","previousOperationId":"um6swily82n073o"}
{"type":"log","timestamp":1675972869385,"level":"debug","message":"PhantomJS printing done","meta":{"rootId":"jj3be2xuso853xs","id":"jj3be2xuso853xs"},"id":"ln0r3dvsz9i89gd","previousOperationId":"um6swily82n073o"}
{"type":"log","timestamp":1675972869385,"level":"debug","message":"PhantomJS printing done","meta":{"rootId":"jj3be2xuso853xs","id":"jj3be2xuso853xs"},"id":"olpl9i0dfaodouk","previousOperationId":"um6swily82n073o"}
{"type":"log","timestamp":1675972869385,"level":"debug","message":"Request http://intruct-javascript-ending/","meta":{"rootId":"jj3be2xuso853xs","id":"jj3be2xuso853xs"},"id":"7551ojdr7papdrr","previousOperationId":"um6swily82n073o"}
{"type":"log","timestamp":1675972869385,"level":"debug","message":"PhantomJS printing done","meta":{"rootId":"jj3be2xuso853xs","id":"jj3be2xuso853xs"},"id":"8nm0vyfwbbnvkp3","previousOperationId":"um6swily82n073o"}
{"type":"log","timestamp":1675972869387,"level":"debug","message":"phantom-pdf recipe finished with 1 pages generated","meta":{"rootId":"jj3be2xuso853xs","id":"jj3be2xuso853xs"},"id":"64lwbhsecpl4h2w","previousOperationId":"um6swily82n073o"}
{"type":"operationEnd","operationId":"um6swily82n073o","timestamp":1675972869387,"id":"mr1ey2d2byouj2c","previousEventId":"zgs90ac49obpb4a","previousOperationId":"um6swily82n073o"}
{"type":"log","timestamp":1675972869388,"level":"debug","message":"Skipping storing report.","meta":{"rootId":"jj3be2xuso853xs","id":"jj3be2xuso853xs"},"id":"dv086xa3omroal1","previousOperationId":"um6swily82n073o"}
{"type":"log","timestamp":1675972869388,"level":"info","message":"Rendering request 38 finished in 4002 ms","meta":{"rootId":"jj3be2xuso853xs","id":"jj3be2xuso853xs"},"id":"y2iysfib82tmvxz","previousOperationId":"um6swily82n073o"}
{"type":"operationEnd","subtype":"render","operationId":"5wf07yob60eiw2f","timestamp":1675972869389,"id":"hc82wdjpeqy2kwe","previousEventId":"mr1ey2d2byouj2c","previousOperationId":"um6swily82n073o"}
{"type":"operationEnd","doDiffs":false,"previousEventId":"3bt8pvxlv7ws7hn","previousOperationId":"eawfixfe4d7li2p","operationId":"eawfixfe4d7li2p","timestamp":1675972869408,"id":"xzjuipfm8yplb3f"}
