{"type":"operationStart","subtype":"profile","data":{"_id":"Eah9hs8fgbjAlXR2","timestamp":"2023-02-24T16:58:39.395Z","state":"queued","mode":"standard","creationDate":"2023-02-24T16:58:39.398Z","modificationDate":"2023-02-24T16:58:39.398Z","shortid":"x6QJ2v7","$entitySet":"profiles"},"doDiffs":false,"timestamp":1677257919397,"id":"rjes5t9jkkmk0pc","previousOperationId":null,"operationId":"7xd04csef6kuz8x"}
{"type":"log","level":"info","message":"Render request 12 queued for execution and waiting for available worker","previousOperationId":"7xd04csef6kuz8x","timestamp":1677257919397,"id":"bvg57ip942k4zgq"}
{"type":"operationStart","subtype":"render","name":"chart","previousOperationId":"7xd04csef6kuz8x","timestamp":1677257919403,"id":"vwi5npj3j2bc9kg","previousEventId":"rjes5t9jkkmk0pc","operationId":"e3p719bmj7ewfwq"}
{"type":"log","timestamp":1677257919403,"level":"info","message":"Starting rendering request 12","meta":{"rootId":"jkxcdb9qeunyaz1","id":"jkxcdb9qeunyaz1"},"id":"18dsx9vcuw3g5st","previousOperationId":"e3p719bmj7ewfwq"}
{"type":"log","timestamp":1677257919404,"level":"info","message":"Rendering template { name: chart, recipe: phantom-pdf, engine: handlebars, preview: false }","meta":{"rootId":"jkxcdb9qeunyaz1","id":"jkxcdb9qeunyaz1"},"id":"t529r37gwwalbo0","previousOperationId":"e3p719bmj7ewfwq"}
{"type":"log","timestamp":1677257919405,"level":"debug","message":"Data item not defined for this template.","meta":{"rootId":"jkxcdb9qeunyaz1","id":"jkxcdb9qeunyaz1"},"id":"p52747688jv133p","previousOperationId":"e3p719bmj7ewfwq"}
{"type":"log","timestamp":1677257919409,"level":"debug","message":"Executing script chartscript (beforeRender)","meta":{"rootId":"jkxcdb9qeunyaz1","id":"jkxcdb9qeunyaz1"},"id":"hd2ro225su4k0tp","previousOperationId":"e3p719bmj7ewfwq"}
{"type":"operationStart","subtype":"scriptsBeforeRender","name":"scripts beforeRender","timestamp":1677257919438,"id":"rfvddw0o38w2q60","previousEventId":"vwi5npj3j2bc9kg","operationId":"97huawdppubsaig","previousOperationId":"e3p719bmj7ewfwq"}
{"type":"operationStart","subtype":"script","name":"scripts chartscript","previousOperationId":"97huawdppubsaig","timestamp":1677257919438,"id":"np6d31p3jky2qc3","previousEventId":"rfvddw0o38w2q60","operationId":"ms4fj5yyoq5zv4a"}
{"type":"log","timestamp":1677257919653,"level":"debug","message":"(console:log) [ 20, 15, 0 ]","meta":{"userLevel":true,"rootId":"jkxcdb9qeunyaz1","id":"jkxcdb9qeunyaz1"},"id":"w4tw10dpxcn89ku","previousOperationId":"ms4fj5yyoq5zv4a"}
{"type":"log","timestamp":1677257919653,"level":"debug","message":"(console:log) [ 20, 15, 0 ]","meta":{"userLevel":true,"rootId":"jkxcdb9qeunyaz1","id":"jkxcdb9qeunyaz1"},"id":"9uqvqr9jmqxd1cn","previousOperationId":"ms4fj5yyoq5zv4a"}
{"type":"operationEnd","operationId":"ms4fj5yyoq5zv4a","timestamp":1677257919653,"id":"pk0ccn0ofgw3muw","previousEventId":"vwi5npj3j2bc9kg","previousOperationId":"e3p719bmj7ewfwq"}
{"type":"operationEnd","operationId":"97huawdppubsaig","timestamp":1677257919653,"id":"ucv3p9tdag8j278","previousEventId":"pk0ccn0ofgw3muw","previousOperationId":"e3p719bmj7ewfwq"}
{"type":"log","timestamp":1677257919653,"level":"debug","message":"Base url not specified, skipping its injection.","meta":{"rootId":"jkxcdb9qeunyaz1","id":"jkxcdb9qeunyaz1"},"id":"ektk74omh4871vu","previousOperationId":"97huawdppubsaig"}
{"type":"operationStart","subtype":"engine","name":"handlebars","timestamp":1677257919654,"id":"i84pkq24q7977x9","previousEventId":"ucv3p9tdag8j278","operationId":"0fs1xuzrs39f7e5","previousOperationId":"97huawdppubsaig"}
{"type":"log","timestamp":1677257919654,"level":"debug","message":"Rendering engine handlebars","meta":{"rootId":"jkxcdb9qeunyaz1","id":"jkxcdb9qeunyaz1"},"id":"aoby76cie2rvap6","previousOperationId":"0fs1xuzrs39f7e5"}
{"type":"log","timestamp":1677257919666,"level":"debug","message":"(console:log) [ 20, 15, 0 ]","meta":{"userLevel":true,"rootId":"jkxcdb9qeunyaz1","id":"jkxcdb9qeunyaz1"},"id":"kxyp90ifl3eud9y","previousOperationId":"0fs1xuzrs39f7e5"}
{"type":"log","timestamp":1677257919666,"level":"debug","message":"(console:log) [20,15,0]","meta":{"userLevel":true,"rootId":"jkxcdb9qeunyaz1","id":"jkxcdb9qeunyaz1"},"id":"wchuqd7un39sfqy","previousOperationId":"0fs1xuzrs39f7e5"}
{"type":"operationEnd","operationId":"0fs1xuzrs39f7e5","timestamp":1677257919666,"id":"7cgciwibo6d2bxa","previousEventId":"i84pkq24q7977x9","previousOperationId":"0fs1xuzrs39f7e5"}
{"type":"operationStart","subtype":"recipe","name":"phantom-pdf","timestamp":1677257919666,"id":"y5cisrrtzqywf9s","previousEventId":"7cgciwibo6d2bxa","operationId":"ry0c7mz64521ije","previousOperationId":"0fs1xuzrs39f7e5"}
{"type":"log","timestamp":1677257919666,"level":"debug","message":"Executing recipe phantom-pdf","meta":{"rootId":"jkxcdb9qeunyaz1","id":"jkxcdb9qeunyaz1"},"id":"8koqbo8r9xtnl7k","previousOperationId":"ry0c7mz64521ije"}
{"type":"log","timestamp":1677257922533,"level":"debug","message":"Converting in dedicated phantomjs 1.9.8","meta":{"rootId":"jkxcdb9qeunyaz1","id":"jkxcdb9qeunyaz1"},"id":"053gamhti3j73eg","previousOperationId":"ry0c7mz64521ije"}
{"type":"log","timestamp":1677257922533,"level":"debug","message":"Request file:///C%3A%5CUsers%5Calegu%5CAppData%5CLocal%5CTemp%5Ca228c4b3-da16-4bf7-bb5e-33f434ddc069html.html","meta":{"rootId":"jkxcdb9qeunyaz1","id":"jkxcdb9qeunyaz1"},"id":"2dg1qnrhl178wpj","previousOperationId":"ry0c7mz64521ije"}
{"type":"log","timestamp":1677257922533,"level":"debug","message":"Request https://cdnjs.cloudflare.com/ajax/libs/Chart.js/2.1.6/Chart.min.js","meta":{"rootId":"jkxcdb9qeunyaz1","id":"jkxcdb9qeunyaz1"},"id":"a44heb5wa2xe952","previousOperationId":"ry0c7mz64521ije"}
{"type":"log","timestamp":1677257922533,"level":"debug","message":"PhantomJS printing done","meta":{"rootId":"jkxcdb9qeunyaz1","id":"jkxcdb9qeunyaz1"},"id":"9kwmng79xxcsrsc","previousOperationId":"ry0c7mz64521ije"}
{"type":"log","timestamp":1677257922533,"level":"debug","message":"PhantomJS printing done","meta":{"rootId":"jkxcdb9qeunyaz1","id":"jkxcdb9qeunyaz1"},"id":"5j0qm2t51l9lcio","previousOperationId":"ry0c7mz64521ije"}
{"type":"log","timestamp":1677257922533,"level":"debug","message":"PhantomJS printing done","meta":{"rootId":"jkxcdb9qeunyaz1","id":"jkxcdb9qeunyaz1"},"id":"28u9h30fsexny0z","previousOperationId":"ry0c7mz64521ije"}
{"type":"log","timestamp":1677257922533,"level":"debug","message":"PhantomJS printing done","meta":{"rootId":"jkxcdb9qeunyaz1","id":"jkxcdb9qeunyaz1"},"id":"n09tw9uwsymm6t5","previousOperationId":"ry0c7mz64521ije"}
{"type":"log","timestamp":1677257922533,"level":"debug","message":"PhantomJS printing done","meta":{"rootId":"jkxcdb9qeunyaz1","id":"jkxcdb9qeunyaz1"},"id":"8nzrj4eb3x1ig3j","previousOperationId":"ry0c7mz64521ije"}
{"type":"log","timestamp":1677257922533,"level":"debug","message":"PhantomJS printing done","meta":{"rootId":"jkxcdb9qeunyaz1","id":"jkxcdb9qeunyaz1"},"id":"9hfys5hddgm8myp","previousOperationId":"ry0c7mz64521ije"}
{"type":"log","timestamp":1677257922533,"level":"debug","message":"PhantomJS printing done","meta":{"rootId":"jkxcdb9qeunyaz1","id":"jkxcdb9qeunyaz1"},"id":"5sjswyd9z2cqeg6","previousOperationId":"ry0c7mz64521ije"}
{"type":"log","timestamp":1677257922533,"level":"debug","message":"PhantomJS printing done","meta":{"rootId":"jkxcdb9qeunyaz1","id":"jkxcdb9qeunyaz1"},"id":"2yk7wpm66ku7nv5","previousOperationId":"ry0c7mz64521ije"}
{"type":"log","timestamp":1677257922533,"level":"debug","message":"PhantomJS printing done","meta":{"rootId":"jkxcdb9qeunyaz1","id":"jkxcdb9qeunyaz1"},"id":"jjoa6wmwop45kl5","previousOperationId":"ry0c7mz64521ije"}
{"type":"log","timestamp":1677257922533,"level":"debug","message":"Request http://intruct-javascript-ending/","meta":{"rootId":"jkxcdb9qeunyaz1","id":"jkxcdb9qeunyaz1"},"id":"k7dgjqln7teuul1","previousOperationId":"ry0c7mz64521ije"}
{"type":"log","timestamp":1677257922533,"level":"debug","message":"PhantomJS printing done","meta":{"rootId":"jkxcdb9qeunyaz1","id":"jkxcdb9qeunyaz1"},"id":"74z56706j3t4h7u","previousOperationId":"ry0c7mz64521ije"}
{"type":"log","timestamp":1677257922534,"level":"debug","message":"phantom-pdf recipe finished with 1 pages generated","meta":{"rootId":"jkxcdb9qeunyaz1","id":"jkxcdb9qeunyaz1"},"id":"g7n03jlgvwvrbya","previousOperationId":"ry0c7mz64521ije"}
{"type":"operationEnd","operationId":"ry0c7mz64521ije","timestamp":1677257922534,"id":"nhbngnlbq6bvtro","previousEventId":"y5cisrrtzqywf9s","previousOperationId":"ry0c7mz64521ije"}
{"type":"log","timestamp":1677257922534,"level":"debug","message":"Skipping storing report.","meta":{"rootId":"jkxcdb9qeunyaz1","id":"jkxcdb9qeunyaz1"},"id":"33vq8pn00g5xgr9","previousOperationId":"ry0c7mz64521ije"}
{"type":"log","timestamp":1677257922534,"level":"info","message":"Rendering request 12 finished in 3140 ms","meta":{"rootId":"jkxcdb9qeunyaz1","id":"jkxcdb9qeunyaz1"},"id":"n79g0b4sytqbksg","previousOperationId":"ry0c7mz64521ije"}
{"type":"operationEnd","subtype":"render","operationId":"e3p719bmj7ewfwq","timestamp":1677257922534,"id":"j2vinmech4blatf","previousEventId":"nhbngnlbq6bvtro","previousOperationId":"ry0c7mz64521ije"}
{"type":"operationEnd","doDiffs":false,"previousEventId":"rjes5t9jkkmk0pc","previousOperationId":"7xd04csef6kuz8x","operationId":"7xd04csef6kuz8x","timestamp":1677257922546,"id":"zxflc0ndh7i2lqm"}
