{"type":"operationStart","subtype":"profile","data":{"_id":"BIux3NEqkNllYPjx","timestamp":"2023-02-10T15:22:26.770Z","state":"queued","mode":"standard","creationDate":"2023-02-10T15:22:26.775Z","modificationDate":"2023-02-10T15:22:26.775Z","shortid":"Aa23h72","$entitySet":"profiles"},"doDiffs":false,"timestamp":1676042546772,"id":"sqg8dtdrubj8pkq","previousOperationId":null,"operationId":"0whf4o6j3sj5am5"}
{"type":"log","level":"info","message":"Render request 13 queued for execution and waiting for available worker","previousOperationId":"0whf4o6j3sj5am5","timestamp":1676042546773,"id":"kqy22vevnl8mf8m"}
{"type":"operationStart","subtype":"render","name":"chart","previousOperationId":"0whf4o6j3sj5am5","timestamp":1676042546795,"id":"ipubdv1hllliup6","previousEventId":"sqg8dtdrubj8pkq","operationId":"qs0rbg5c6a1lqxm"}
{"type":"log","timestamp":1676042546795,"level":"info","message":"Starting rendering request 13","meta":{"rootId":"jpu0lvk9lpyddud","id":"jpu0lvk9lpyddud"},"id":"52rlrzx0lvtdaz9","previousOperationId":"qs0rbg5c6a1lqxm"}
{"type":"log","timestamp":1676042546795,"level":"info","message":"Rendering template { name: chart, recipe: phantom-pdf, engine: handlebars, preview: true }","meta":{"rootId":"jpu0lvk9lpyddud","id":"jpu0lvk9lpyddud"},"id":"hkp7913if8wzgiw","previousOperationId":"qs0rbg5c6a1lqxm"}
{"type":"log","timestamp":1676042546797,"level":"debug","message":"Data item not defined for this template.","meta":{"rootId":"jpu0lvk9lpyddud","id":"jpu0lvk9lpyddud"},"id":"9tj8tht6az5794a","previousOperationId":"qs0rbg5c6a1lqxm"}
{"type":"log","timestamp":1676042546806,"level":"debug","message":"Executing script chartscript (beforeRender)","meta":{"rootId":"jpu0lvk9lpyddud","id":"jpu0lvk9lpyddud"},"id":"i6lm6u7w1a9czs2","previousOperationId":"qs0rbg5c6a1lqxm"}
{"type":"operationStart","subtype":"scriptsBeforeRender","name":"scripts beforeRender","timestamp":1676042546839,"id":"ms00wts57n02hhi","previousEventId":"ipubdv1hllliup6","operationId":"6dnv54vlxib40m5","previousOperationId":"qs0rbg5c6a1lqxm"}
{"type":"operationStart","subtype":"script","name":"scripts chartscript","previousOperationId":"6dnv54vlxib40m5","timestamp":1676042546839,"id":"pj5fcn64ye7fj8c","previousEventId":"ms00wts57n02hhi","operationId":"ohpayn2yxdifvay"}
{"type":"operationEnd","operationId":"ohpayn2yxdifvay","timestamp":1676042547073,"id":"vgv6b8y4cnjyn6k","previousEventId":"ipubdv1hllliup6","previousOperationId":"qs0rbg5c6a1lqxm"}
{"type":"operationEnd","operationId":"6dnv54vlxib40m5","timestamp":1676042547073,"id":"a1l9b4bkbyr202l","previousEventId":"vgv6b8y4cnjyn6k","previousOperationId":"qs0rbg5c6a1lqxm"}
{"type":"log","timestamp":1676042547073,"level":"debug","message":"Base url not specified, skipping its injection.","meta":{"rootId":"jpu0lvk9lpyddud","id":"jpu0lvk9lpyddud"},"id":"ig8hflykv7fm80t","previousOperationId":"6dnv54vlxib40m5"}
{"type":"operationStart","subtype":"engine","name":"handlebars","timestamp":1676042547073,"id":"zooqyycw1por63u","previousEventId":"a1l9b4bkbyr202l","operationId":"7k2h5d9u62eyk3y","previousOperationId":"6dnv54vlxib40m5"}
{"type":"log","timestamp":1676042547073,"level":"debug","message":"Rendering engine handlebars","meta":{"rootId":"jpu0lvk9lpyddud","id":"jpu0lvk9lpyddud"},"id":"p65704ai91uq6su","previousOperationId":"7k2h5d9u62eyk3y"}
{"type":"log","timestamp":1676042547085,"level":"debug","message":"(console:log) { '0': 50, '1': 6 }","meta":{"userLevel":true,"rootId":"jpu0lvk9lpyddud","id":"jpu0lvk9lpyddud"},"id":"n3fwk2uva7ebeu7","previousOperationId":"7k2h5d9u62eyk3y"}
{"type":"operationEnd","operationId":"7k2h5d9u62eyk3y","timestamp":1676042547086,"id":"iur0g8ixm9j3qxj","previousEventId":"zooqyycw1por63u","previousOperationId":"7k2h5d9u62eyk3y"}
{"type":"operationStart","subtype":"recipe","name":"phantom-pdf","timestamp":1676042547086,"id":"f2a1maw7tx4v5oq","previousEventId":"iur0g8ixm9j3qxj","operationId":"wdywgnnuesakozu","previousOperationId":"7k2h5d9u62eyk3y"}
{"type":"log","timestamp":1676042547086,"level":"debug","message":"Executing recipe phantom-pdf","meta":{"rootId":"jpu0lvk9lpyddud","id":"jpu0lvk9lpyddud"},"id":"occwr2rvgnxbxh4","previousOperationId":"wdywgnnuesakozu"}
{"type":"log","timestamp":1676042606796,"level":"error","message":"Error when processing render request 13\n(because) timeout when executing in phantom\nError: Timeout when executing in phantom\n    at Timeout._onTimeout (D:\\xampp\\htdocs\\central_uniformes\\Informes\\node_modules\\phantom-html-to-pdf\\lib\\dedicatedProcessStrategy.js:89:26)\n    at listOnTimeout (node:internal/timers:559:17)\n    at processTimers (node:internal/timers:502:7)","meta":{"rootId":"jpu0lvk9lpyddud","id":"jpu0lvk9lpyddud"},"id":"tlgjw4ik8ar6j45","previousOperationId":"wdywgnnuesakozu"}
{"type":"log","timestamp":1676042606796,"level":"error","message":"Rendering request 13 finished with error in 60026 ms","meta":{"rootId":"jpu0lvk9lpyddud","id":"jpu0lvk9lpyddud"},"id":"2l4uhq7cllkefse","previousOperationId":"wdywgnnuesakozu"}
{"type":"error","timestamp":1676042606806,"phantomTimeout":true,"logged":true,"previousOperationId":"wdywgnnuesakozu","id":"lkvqi1egst5koyg","stack":"Error: Timeout when executing in phantom\n    at Timeout._onTimeout (D:\\xampp\\htdocs\\central_uniformes\\Informes\\node_modules\\phantom-html-to-pdf\\lib\\dedicatedProcessStrategy.js:89:26)\n    at listOnTimeout (node:internal/timers:559:17)\n    at processTimers (node:internal/timers:502:7)","message":"Timeout when executing in phantom"}
