{"type":"operationStart","subtype":"profile","data":{"_id":"df8VrxPsRx9y9o35","timestamp":"2023-02-10T17:40:41.852Z","state":"queued","mode":"standard","creationDate":"2023-02-10T17:40:41.855Z","modificationDate":"2023-02-10T17:40:41.855Z","shortid":"rmYv-4U","$entitySet":"profiles"},"doDiffs":false,"timestamp":1676050841854,"id":"0iezek9elvp5f94","previousOperationId":null,"operationId":"cx4osxvedv30ufe"}
{"type":"log","level":"info","message":"Render request 7 queued for execution and waiting for available worker","previousOperationId":"cx4osxvedv30ufe","timestamp":1676050841854,"id":"mvi4b27yz14e2ax"}
{"type":"operationStart","subtype":"render","name":"chart","previousOperationId":"cx4osxvedv30ufe","timestamp":1676050841885,"id":"c6hnjwb01qkwei5","previousEventId":"0iezek9elvp5f94","operationId":"yipmjjeryfpsgx3"}
{"type":"log","timestamp":1676050841886,"level":"info","message":"Starting rendering request 7","meta":{"rootId":"jvfz8pj10p3vasc","id":"jvfz8pj10p3vasc"},"id":"dgxe913ywlb7tjq","previousOperationId":"yipmjjeryfpsgx3"}
{"type":"log","timestamp":1676050841886,"level":"info","message":"Rendering template { name: chart, recipe: phantom-pdf, engine: handlebars, preview: true }","meta":{"rootId":"jvfz8pj10p3vasc","id":"jvfz8pj10p3vasc"},"id":"rlbm3df5ige0upm","previousOperationId":"yipmjjeryfpsgx3"}
{"type":"log","timestamp":1676050841893,"level":"debug","message":"Data item not defined for this template.","meta":{"rootId":"jvfz8pj10p3vasc","id":"jvfz8pj10p3vasc"},"id":"2i5t7odcqbkgxi8","previousOperationId":"yipmjjeryfpsgx3"}
{"type":"log","timestamp":1676050841904,"level":"debug","message":"Executing script chartscript (beforeRender)","meta":{"rootId":"jvfz8pj10p3vasc","id":"jvfz8pj10p3vasc"},"id":"yoay7vialrc6tys","previousOperationId":"yipmjjeryfpsgx3"}
{"type":"operationStart","subtype":"scriptsBeforeRender","name":"scripts beforeRender","timestamp":1676050841924,"id":"ugqaoblvwz3as3b","previousEventId":"c6hnjwb01qkwei5","operationId":"njap4vzkjy7o5fc","previousOperationId":"yipmjjeryfpsgx3"}
{"type":"operationStart","subtype":"script","name":"scripts chartscript","previousOperationId":"njap4vzkjy7o5fc","timestamp":1676050841924,"id":"euwkn5nu0te1umn","previousEventId":"ugqaoblvwz3as3b","operationId":"ps1syhcy1ncuqxv"}
{"type":"log","timestamp":1676050842126,"level":"debug","message":"(console:log) [ 50, 45, 0 ]","meta":{"userLevel":true,"rootId":"jvfz8pj10p3vasc","id":"jvfz8pj10p3vasc"},"id":"6hw4tj2o0x8q65a","previousOperationId":"ps1syhcy1ncuqxv"}
{"type":"log","timestamp":1676050842127,"level":"debug","message":"(console:log) [ 50, 45, 0 ]","meta":{"userLevel":true,"rootId":"jvfz8pj10p3vasc","id":"jvfz8pj10p3vasc"},"id":"scrsfjp2spjjoi9","previousOperationId":"ps1syhcy1ncuqxv"}
{"type":"operationEnd","operationId":"ps1syhcy1ncuqxv","timestamp":1676050842127,"id":"hfs5juzyltsbj2f","previousEventId":"c6hnjwb01qkwei5","previousOperationId":"yipmjjeryfpsgx3"}
{"type":"operationEnd","operationId":"njap4vzkjy7o5fc","timestamp":1676050842127,"id":"oxi7bdbpzxx93b0","previousEventId":"hfs5juzyltsbj2f","previousOperationId":"yipmjjeryfpsgx3"}
{"type":"log","timestamp":1676050842127,"level":"debug","message":"Base url not specified, skipping its injection.","meta":{"rootId":"jvfz8pj10p3vasc","id":"jvfz8pj10p3vasc"},"id":"wkcruwgarlxd8u8","previousOperationId":"njap4vzkjy7o5fc"}
{"type":"operationStart","subtype":"engine","name":"handlebars","timestamp":1676050842127,"id":"460j8jbvzgfzo3k","previousEventId":"oxi7bdbpzxx93b0","operationId":"ek65uiddgdukdgm","previousOperationId":"njap4vzkjy7o5fc"}
{"type":"log","timestamp":1676050842127,"level":"debug","message":"Rendering engine handlebars","meta":{"rootId":"jvfz8pj10p3vasc","id":"jvfz8pj10p3vasc"},"id":"26v1qj70jvzja50","previousOperationId":"ek65uiddgdukdgm"}
{"type":"log","timestamp":1676050842147,"level":"debug","message":"(console:log) [ 50, 45, 0 ]","meta":{"userLevel":true,"rootId":"jvfz8pj10p3vasc","id":"jvfz8pj10p3vasc"},"id":"si4v0tspp2evfxb","previousOperationId":"ek65uiddgdukdgm"}
{"type":"log","timestamp":1676050842147,"level":"debug","message":"(console:log) [50,45,0]","meta":{"userLevel":true,"rootId":"jvfz8pj10p3vasc","id":"jvfz8pj10p3vasc"},"id":"7uttomulyyx2icx","previousOperationId":"ek65uiddgdukdgm"}
{"type":"operationEnd","operationId":"ek65uiddgdukdgm","timestamp":1676050842147,"id":"1m4wju24om4vtz2","previousEventId":"460j8jbvzgfzo3k","previousOperationId":"ek65uiddgdukdgm"}
{"type":"operationStart","subtype":"recipe","name":"phantom-pdf","timestamp":1676050842148,"id":"vtmlw0mn37ov8e0","previousEventId":"1m4wju24om4vtz2","operationId":"6pmd2awg3ecagyo","previousOperationId":"ek65uiddgdukdgm"}
{"type":"log","timestamp":1676050842148,"level":"debug","message":"Executing recipe phantom-pdf","meta":{"rootId":"jvfz8pj10p3vasc","id":"jvfz8pj10p3vasc"},"id":"0izd91og0tbv8kb","previousOperationId":"6pmd2awg3ecagyo"}
{"type":"log","timestamp":1676050844940,"level":"debug","message":"Converting in dedicated phantomjs 1.9.8","meta":{"rootId":"jvfz8pj10p3vasc","id":"jvfz8pj10p3vasc"},"id":"njpsp99yo140yyk","previousOperationId":"6pmd2awg3ecagyo"}
{"type":"log","timestamp":1676050844940,"level":"debug","message":"Request file:///C%3A%5CUsers%5Calegu%5CAppData%5CLocal%5CTemp%5Cf3b971f1-af1e-414b-9f3d-35c490c2d811html.html","meta":{"rootId":"jvfz8pj10p3vasc","id":"jvfz8pj10p3vasc"},"id":"x3y22y4e2rpyn2s","previousOperationId":"6pmd2awg3ecagyo"}
{"type":"log","timestamp":1676050844940,"level":"debug","message":"Request https://cdnjs.cloudflare.com/ajax/libs/Chart.js/2.1.6/Chart.min.js","meta":{"rootId":"jvfz8pj10p3vasc","id":"jvfz8pj10p3vasc"},"id":"6j9bubmzzxngrao","previousOperationId":"6pmd2awg3ecagyo"}
{"type":"log","timestamp":1676050844940,"level":"debug","message":"PhantomJS printing done","meta":{"rootId":"jvfz8pj10p3vasc","id":"jvfz8pj10p3vasc"},"id":"v1vezfzj04zuqij","previousOperationId":"6pmd2awg3ecagyo"}
{"type":"log","timestamp":1676050844940,"level":"debug","message":"PhantomJS printing done","meta":{"rootId":"jvfz8pj10p3vasc","id":"jvfz8pj10p3vasc"},"id":"5c0co1z0wrqiv42","previousOperationId":"6pmd2awg3ecagyo"}
{"type":"log","timestamp":1676050844940,"level":"debug","message":"PhantomJS printing done","meta":{"rootId":"jvfz8pj10p3vasc","id":"jvfz8pj10p3vasc"},"id":"a9mescovi74wu5t","previousOperationId":"6pmd2awg3ecagyo"}
{"type":"log","timestamp":1676050844940,"level":"debug","message":"PhantomJS printing done","meta":{"rootId":"jvfz8pj10p3vasc","id":"jvfz8pj10p3vasc"},"id":"3u05rh4rjgnx2gm","previousOperationId":"6pmd2awg3ecagyo"}
{"type":"log","timestamp":1676050844940,"level":"debug","message":"PhantomJS printing done","meta":{"rootId":"jvfz8pj10p3vasc","id":"jvfz8pj10p3vasc"},"id":"aenv53oia64yzlh","previousOperationId":"6pmd2awg3ecagyo"}
{"type":"log","timestamp":1676050844940,"level":"debug","message":"PhantomJS printing done","meta":{"rootId":"jvfz8pj10p3vasc","id":"jvfz8pj10p3vasc"},"id":"efugusa26sfwnfu","previousOperationId":"6pmd2awg3ecagyo"}
{"type":"log","timestamp":1676050844940,"level":"debug","message":"PhantomJS printing done","meta":{"rootId":"jvfz8pj10p3vasc","id":"jvfz8pj10p3vasc"},"id":"4fncf0p4ti2kppo","previousOperationId":"6pmd2awg3ecagyo"}
{"type":"log","timestamp":1676050844940,"level":"debug","message":"PhantomJS printing done","meta":{"rootId":"jvfz8pj10p3vasc","id":"jvfz8pj10p3vasc"},"id":"1kkx8ik9b2izyip","previousOperationId":"6pmd2awg3ecagyo"}
{"type":"log","timestamp":1676050844940,"level":"debug","message":"PhantomJS printing done","meta":{"rootId":"jvfz8pj10p3vasc","id":"jvfz8pj10p3vasc"},"id":"25rhaednbz8grup","previousOperationId":"6pmd2awg3ecagyo"}
{"type":"log","timestamp":1676050844940,"level":"debug","message":"Request http://intruct-javascript-ending/","meta":{"rootId":"jvfz8pj10p3vasc","id":"jvfz8pj10p3vasc"},"id":"3yf4jja2d651ki3","previousOperationId":"6pmd2awg3ecagyo"}
{"type":"log","timestamp":1676050844940,"level":"debug","message":"PhantomJS printing done","meta":{"rootId":"jvfz8pj10p3vasc","id":"jvfz8pj10p3vasc"},"id":"hp75xvqtou3aqsx","previousOperationId":"6pmd2awg3ecagyo"}
{"type":"log","timestamp":1676050844941,"level":"debug","message":"phantom-pdf recipe finished with 1 pages generated","meta":{"rootId":"jvfz8pj10p3vasc","id":"jvfz8pj10p3vasc"},"id":"4l3cl2t6cjb21x5","previousOperationId":"6pmd2awg3ecagyo"}
{"type":"operationEnd","operationId":"6pmd2awg3ecagyo","timestamp":1676050844941,"id":"2m1bakdpja6u04q","previousEventId":"vtmlw0mn37ov8e0","previousOperationId":"6pmd2awg3ecagyo"}
{"type":"log","timestamp":1676050844941,"level":"debug","message":"Skipping storing report.","meta":{"rootId":"jvfz8pj10p3vasc","id":"jvfz8pj10p3vasc"},"id":"cnqbxfraydr5ul0","previousOperationId":"6pmd2awg3ecagyo"}
{"type":"log","timestamp":1676050844941,"level":"info","message":"Rendering request 7 finished in 3089 ms","meta":{"rootId":"jvfz8pj10p3vasc","id":"jvfz8pj10p3vasc"},"id":"ifiv7ro8zolkshi","previousOperationId":"6pmd2awg3ecagyo"}
{"type":"operationEnd","subtype":"render","operationId":"yipmjjeryfpsgx3","timestamp":1676050844941,"id":"x0rwndsvwkcyfwv","previousEventId":"2m1bakdpja6u04q","previousOperationId":"6pmd2awg3ecagyo"}
{"type":"operationEnd","doDiffs":false,"previousEventId":"0iezek9elvp5f94","previousOperationId":"cx4osxvedv30ufe","operationId":"cx4osxvedv30ufe","timestamp":1676050844963,"id":"fpcxle9f3o3z112"}
