{"type":"operationStart","subtype":"profile","data":{"_id":"y0ooVchqeAZ1QD9z","timestamp":"2023-02-09T18:57:22.327Z","state":"queued","mode":"standard","creationDate":"2023-02-09T18:57:22.337Z","modificationDate":"2023-02-09T18:57:22.337Z","shortid":"ThS_K77","$entitySet":"profiles"},"doDiffs":false,"timestamp":1675969042334,"id":"5g4ilg7j6mhkpbs","previousOperationId":null,"operationId":"rnfmt9kouluwy5z"}
{"type":"log","level":"info","message":"Render request 1 queued for execution and waiting for available worker","previousOperationId":"rnfmt9kouluwy5z","timestamp":1675969042335,"id":"a530s5o4xccihmx"}
{"type":"operationStart","subtype":"render","name":"chart","previousOperationId":"rnfmt9kouluwy5z","timestamp":1675969042373,"id":"byimibilkqgidl7","previousEventId":"5g4ilg7j6mhkpbs","operationId":"e8lsulyqpgzapzv"}
{"type":"log","timestamp":1675969042377,"level":"info","message":"Starting rendering request 1","meta":{"rootId":"jvhgols0bo1mjgu","id":"jvhgols0bo1mjgu"},"id":"zd3fv198ianehxm","previousOperationId":"e8lsulyqpgzapzv"}
{"type":"log","timestamp":1675969042379,"level":"info","message":"Rendering template { name: chart, recipe: chrome-pdf, engine: handlebars, preview: true }","meta":{"rootId":"jvhgols0bo1mjgu","id":"jvhgols0bo1mjgu"},"id":"gbikac3u0jmc9u2","previousOperationId":"e8lsulyqpgzapzv"}
{"type":"log","timestamp":1675969042384,"level":"debug","message":"Data item not defined for this template.","meta":{"rootId":"jvhgols0bo1mjgu","id":"jvhgols0bo1mjgu"},"id":"32sr40zjllyqfq9","previousOperationId":"e8lsulyqpgzapzv"}
{"type":"log","timestamp":1675969042392,"level":"debug","message":"Base url not specified, skipping its injection.","meta":{"rootId":"jvhgols0bo1mjgu","id":"jvhgols0bo1mjgu"},"id":"3qwfhgzssy6s0x7","previousOperationId":"e8lsulyqpgzapzv"}
{"type":"operationStart","subtype":"engine","name":"handlebars","timestamp":1675969042395,"id":"vapwrqusm3t48cr","previousEventId":"byimibilkqgidl7","operationId":"ys1s9s2adqsq7rm","previousOperationId":"e8lsulyqpgzapzv"}
{"type":"log","timestamp":1675969042395,"level":"debug","message":"Rendering engine handlebars","meta":{"rootId":"jvhgols0bo1mjgu","id":"jvhgols0bo1mjgu"},"id":"9h1u3j416has90l","previousOperationId":"ys1s9s2adqsq7rm"}
{"type":"operationEnd","operationId":"ys1s9s2adqsq7rm","timestamp":1675969043158,"id":"4yo6egg7e7p8iop","previousEventId":"vapwrqusm3t48cr","previousOperationId":"ys1s9s2adqsq7rm"}
{"type":"operationStart","subtype":"recipe","name":"chrome-pdf","timestamp":1675969043160,"id":"5ssbz9dnxsw8rke","previousEventId":"4yo6egg7e7p8iop","operationId":"ztz5app0cxe56pk","previousOperationId":"ys1s9s2adqsq7rm"}
{"type":"log","timestamp":1675969043160,"level":"debug","message":"Executing recipe chrome-pdf","meta":{"rootId":"jvhgols0bo1mjgu","id":"jvhgols0bo1mjgu"},"id":"owtrap2wfj317el","previousOperationId":"ztz5app0cxe56pk"}
{"type":"log","timestamp":1675969043512,"level":"debug","message":"Converting with chrome HeadlessChrome/105.0.5173.0 using chrome-pool strategy","meta":{"rootId":"jvhgols0bo1mjgu","id":"jvhgols0bo1mjgu"},"id":"rmxp1i16k4lu9to","previousOperationId":"ztz5app0cxe56pk"}
{"type":"log","timestamp":1675969044634,"level":"debug","message":"Page request: GET (document) file:///C:/Users/alegu/AppData/Local/Temp/jsreport/autocleanup/1f6e25d0-9181-462c-890c-8ec936819843-chrome-pdf.html","meta":{"rootId":"jvhgols0bo1mjgu","id":"jvhgols0bo1mjgu"},"id":"28vuzx83tva559x","previousOperationId":"ztz5app0cxe56pk"}
{"type":"log","timestamp":1675969044646,"level":"debug","message":"Page request finished: GET (document) 200 file:///C:/Users/alegu/AppData/Local/Temp/jsreport/autocleanup/1f6e25d0-9181-462c-890c-8ec936819843-chrome-pdf.html","meta":{"rootId":"jvhgols0bo1mjgu","id":"jvhgols0bo1mjgu"},"id":"ra3j6vhbwnish2g","previousOperationId":"ztz5app0cxe56pk"}
{"type":"log","timestamp":1675969044647,"level":"debug","message":"Page request: GET (script) https://cdnjs.cloudflare.com/ajax/libs/Chart.js/2.1.6/Chart.min.js","meta":{"rootId":"jvhgols0bo1mjgu","id":"jvhgols0bo1mjgu"},"id":"lw9f5cb61xxosml","previousOperationId":"ztz5app0cxe56pk"}
{"type":"log","timestamp":1675969044892,"level":"debug","message":"Page request finished: GET (script) 200 https://cdnjs.cloudflare.com/ajax/libs/Chart.js/2.1.6/Chart.min.js","meta":{"rootId":"jvhgols0bo1mjgu","id":"jvhgols0bo1mjgu"},"id":"way87si6716orgf","previousOperationId":"ztz5app0cxe56pk"}
{"type":"log","timestamp":1675969044905,"level":"warn","message":"Page error: SyntaxError: Unexpected token ','","meta":{"rootId":"jvhgols0bo1mjgu","id":"jvhgols0bo1mjgu"},"id":"urq1dajf8ucd3is","previousOperationId":"ztz5app0cxe56pk"}
{"type":"log","timestamp":1675969044911,"level":"debug","message":"Running chrome with params {\"printBackground\":true,\"timeout\":59011,\"margin\":{}}","meta":{"rootId":"jvhgols0bo1mjgu","id":"jvhgols0bo1mjgu"},"id":"wjj1jf7bh33nm4k","previousOperationId":"ztz5app0cxe56pk"}
{"type":"operationEnd","operationId":"ztz5app0cxe56pk","timestamp":1675969044937,"id":"hjg7badcppe2i1n","previousEventId":"5ssbz9dnxsw8rke","previousOperationId":"ztz5app0cxe56pk"}
{"type":"log","timestamp":1675969044938,"level":"debug","message":"Skipping storing report.","meta":{"rootId":"jvhgols0bo1mjgu","id":"jvhgols0bo1mjgu"},"id":"9265d408ob17q4r","previousOperationId":"ztz5app0cxe56pk"}
{"type":"log","timestamp":1675969044939,"level":"info","message":"Rendering request 1 finished in 2613 ms","meta":{"rootId":"jvhgols0bo1mjgu","id":"jvhgols0bo1mjgu"},"id":"yb9tm1fki0ultdz","previousOperationId":"ztz5app0cxe56pk"}
{"type":"operationEnd","subtype":"render","operationId":"e8lsulyqpgzapzv","timestamp":1675969044939,"id":"w9dlh2nslkl1diu","previousEventId":"hjg7badcppe2i1n","previousOperationId":"ztz5app0cxe56pk"}
{"type":"operationEnd","doDiffs":false,"previousEventId":"5g4ilg7j6mhkpbs","previousOperationId":"rnfmt9kouluwy5z","operationId":"rnfmt9kouluwy5z","timestamp":1675969044955,"id":"zkapy16ow75tden"}
