{"type":"operationStart","subtype":"profile","data":{"_id":"k6VZ7iEffKxn985x","timestamp":"2023-02-09T19:51:47.663Z","state":"queued","mode":"standard","creationDate":"2023-02-09T19:51:47.665Z","modificationDate":"2023-02-09T19:51:47.665Z","shortid":"AJvgMan","$entitySet":"profiles"},"doDiffs":false,"timestamp":1675972307664,"id":"mn7adh3pj9vsr13","previousOperationId":null,"operationId":"7whszsvsj0b87zh"}
{"type":"log","level":"info","message":"Render request 22 queued for execution and waiting for available worker","previousOperationId":"7whszsvsj0b87zh","timestamp":1675972307664,"id":"ejhyo2d9r5rh55v"}
{"type":"operationStart","subtype":"render","name":"chart","previousOperationId":"7whszsvsj0b87zh","timestamp":1675972307680,"id":"i27gzr17mhmedxs","previousEventId":"mn7adh3pj9vsr13","operationId":"n2h07tkeq0ygqox"}
{"type":"log","timestamp":1675972307683,"level":"info","message":"Starting rendering request 22","meta":{"rootId":"jxnlxdnoxvis2ir","id":"jxnlxdnoxvis2ir"},"id":"zr57rtmqkh9m5cg","previousOperationId":"n2h07tkeq0ygqox"}
{"type":"log","timestamp":1675972307684,"level":"info","message":"Rendering template { name: chart, recipe: phantom-pdf, engine: handlebars, preview: true }","meta":{"rootId":"jxnlxdnoxvis2ir","id":"jxnlxdnoxvis2ir"},"id":"quhgofcq1g1zuxf","previousOperationId":"n2h07tkeq0ygqox"}
{"type":"log","timestamp":1675972307687,"level":"debug","message":"Inline data specified.","meta":{"rootId":"jxnlxdnoxvis2ir","id":"jxnlxdnoxvis2ir"},"id":"c20kf66nua5rlfd","previousOperationId":"n2h07tkeq0ygqox"}
{"type":"log","timestamp":1675972307691,"level":"debug","message":"Base url not specified, skipping its injection.","meta":{"rootId":"jxnlxdnoxvis2ir","id":"jxnlxdnoxvis2ir"},"id":"vk76r367uoa37uv","previousOperationId":"n2h07tkeq0ygqox"}
{"type":"operationStart","subtype":"engine","name":"handlebars","timestamp":1675972307693,"id":"t8z30yilx1c799j","previousEventId":"i27gzr17mhmedxs","operationId":"bq50lw4xt54hrvs","previousOperationId":"n2h07tkeq0ygqox"}
{"type":"log","timestamp":1675972307693,"level":"debug","message":"Rendering engine handlebars","meta":{"rootId":"jxnlxdnoxvis2ir","id":"jxnlxdnoxvis2ir"},"id":"fogwvberpzcziu9","previousOperationId":"bq50lw4xt54hrvs"}
{"type":"operationEnd","operationId":"bq50lw4xt54hrvs","timestamp":1675972308316,"id":"gyjvxnhhhsu5skr","previousEventId":"t8z30yilx1c799j","previousOperationId":"bq50lw4xt54hrvs"}
{"type":"operationStart","subtype":"recipe","name":"phantom-pdf","timestamp":1675972308317,"id":"4flrk3w5e3sp9fb","previousEventId":"gyjvxnhhhsu5skr","operationId":"0aclsg97v5f6fjw","previousOperationId":"bq50lw4xt54hrvs"}
{"type":"log","timestamp":1675972308317,"level":"debug","message":"Executing recipe phantom-pdf","meta":{"rootId":"jxnlxdnoxvis2ir","id":"jxnlxdnoxvis2ir"},"id":"dhhhg1refeujkp1","previousOperationId":"0aclsg97v5f6fjw"}
{"type":"log","timestamp":1675972311122,"level":"debug","message":"Converting in dedicated phantomjs 1.9.8","meta":{"rootId":"jxnlxdnoxvis2ir","id":"jxnlxdnoxvis2ir"},"id":"t49wyiw080ro4jr","previousOperationId":"0aclsg97v5f6fjw"}
{"type":"log","timestamp":1675972311122,"level":"debug","message":"Request file:///C%3A%5CUsers%5Calegu%5CAppData%5CLocal%5CTemp%5C4759bf72-1016-4027-8d74-3a7fbd332888html.html","meta":{"rootId":"jxnlxdnoxvis2ir","id":"jxnlxdnoxvis2ir"},"id":"u9c32zk1p8t5o7r","previousOperationId":"0aclsg97v5f6fjw"}
{"type":"log","timestamp":1675972311122,"level":"debug","message":"Request https://cdnjs.cloudflare.com/ajax/libs/Chart.js/2.1.6/Chart.min.js","meta":{"rootId":"jxnlxdnoxvis2ir","id":"jxnlxdnoxvis2ir"},"id":"fm0fl3ztbw0lx2q","previousOperationId":"0aclsg97v5f6fjw"}
{"type":"log","timestamp":1675972311122,"level":"debug","message":"PhantomJS printing done","meta":{"rootId":"jxnlxdnoxvis2ir","id":"jxnlxdnoxvis2ir"},"id":"r65dn897ab8q708","previousOperationId":"0aclsg97v5f6fjw"}
{"type":"log","timestamp":1675972311122,"level":"debug","message":"PhantomJS printing done","meta":{"rootId":"jxnlxdnoxvis2ir","id":"jxnlxdnoxvis2ir"},"id":"9rcku6712yih9xv","previousOperationId":"0aclsg97v5f6fjw"}
{"type":"log","timestamp":1675972311122,"level":"debug","message":"PhantomJS printing done","meta":{"rootId":"jxnlxdnoxvis2ir","id":"jxnlxdnoxvis2ir"},"id":"4cf5iowms3ofea9","previousOperationId":"0aclsg97v5f6fjw"}
{"type":"log","timestamp":1675972311122,"level":"debug","message":"PhantomJS printing done","meta":{"rootId":"jxnlxdnoxvis2ir","id":"jxnlxdnoxvis2ir"},"id":"qkeylgp87f67iyj","previousOperationId":"0aclsg97v5f6fjw"}
{"type":"log","timestamp":1675972311122,"level":"debug","message":"PhantomJS printing done","meta":{"rootId":"jxnlxdnoxvis2ir","id":"jxnlxdnoxvis2ir"},"id":"gj7qpd7zqb85ibk","previousOperationId":"0aclsg97v5f6fjw"}
{"type":"log","timestamp":1675972311122,"level":"debug","message":"PhantomJS printing done","meta":{"rootId":"jxnlxdnoxvis2ir","id":"jxnlxdnoxvis2ir"},"id":"ins4hvof6qzab8y","previousOperationId":"0aclsg97v5f6fjw"}
{"type":"log","timestamp":1675972311122,"level":"debug","message":"PhantomJS printing done","meta":{"rootId":"jxnlxdnoxvis2ir","id":"jxnlxdnoxvis2ir"},"id":"mozq481muj9jv5l","previousOperationId":"0aclsg97v5f6fjw"}
{"type":"log","timestamp":1675972311122,"level":"debug","message":"PhantomJS printing done","meta":{"rootId":"jxnlxdnoxvis2ir","id":"jxnlxdnoxvis2ir"},"id":"hehtqoxkss9nw4z","previousOperationId":"0aclsg97v5f6fjw"}
{"type":"log","timestamp":1675972311122,"level":"debug","message":"PhantomJS printing done","meta":{"rootId":"jxnlxdnoxvis2ir","id":"jxnlxdnoxvis2ir"},"id":"onzmmiyxv5tk99i","previousOperationId":"0aclsg97v5f6fjw"}
{"type":"log","timestamp":1675972311122,"level":"debug","message":"PhantomJS printing done","meta":{"rootId":"jxnlxdnoxvis2ir","id":"jxnlxdnoxvis2ir"},"id":"flupqn6mdl7lyee","previousOperationId":"0aclsg97v5f6fjw"}
{"type":"log","timestamp":1675972311122,"level":"debug","message":"Request http://intruct-javascript-ending/","meta":{"rootId":"jxnlxdnoxvis2ir","id":"jxnlxdnoxvis2ir"},"id":"lb5l1pv2j1ja03d","previousOperationId":"0aclsg97v5f6fjw"}
{"type":"log","timestamp":1675972311122,"level":"debug","message":"PhantomJS printing done","meta":{"rootId":"jxnlxdnoxvis2ir","id":"jxnlxdnoxvis2ir"},"id":"awesa3gbuouwm27","previousOperationId":"0aclsg97v5f6fjw"}
{"type":"log","timestamp":1675972311124,"level":"debug","message":"phantom-pdf recipe finished with 1 pages generated","meta":{"rootId":"jxnlxdnoxvis2ir","id":"jxnlxdnoxvis2ir"},"id":"afg8mpwxujltj1p","previousOperationId":"0aclsg97v5f6fjw"}
{"type":"operationEnd","operationId":"0aclsg97v5f6fjw","timestamp":1675972311124,"id":"9b2k5betltuvtp2","previousEventId":"4flrk3w5e3sp9fb","previousOperationId":"0aclsg97v5f6fjw"}
{"type":"log","timestamp":1675972311125,"level":"debug","message":"Skipping storing report.","meta":{"rootId":"jxnlxdnoxvis2ir","id":"jxnlxdnoxvis2ir"},"id":"4sfc3r60qoanfrd","previousOperationId":"0aclsg97v5f6fjw"}
{"type":"log","timestamp":1675972311125,"level":"info","message":"Rendering request 22 finished in 3462 ms","meta":{"rootId":"jxnlxdnoxvis2ir","id":"jxnlxdnoxvis2ir"},"id":"ihspwns3reqt8ja","previousOperationId":"0aclsg97v5f6fjw"}
{"type":"operationEnd","subtype":"render","operationId":"n2h07tkeq0ygqox","timestamp":1675972311126,"id":"j01n3198yv8xk9i","previousEventId":"9b2k5betltuvtp2","previousOperationId":"0aclsg97v5f6fjw"}
{"type":"operationEnd","doDiffs":false,"previousEventId":"mn7adh3pj9vsr13","previousOperationId":"7whszsvsj0b87zh","operationId":"7whszsvsj0b87zh","timestamp":1675972311155,"id":"3m3kdyjkzp0bk9z"}
