{"type":"operationStart","subtype":"profile","data":{"_id":"myWrsoj8v6QiZMSi","timestamp":"2023-02-09T20:23:59.172Z","state":"queued","mode":"standard","creationDate":"2023-02-09T20:23:59.174Z","modificationDate":"2023-02-09T20:23:59.174Z","shortid":"HDeq2as","$entitySet":"profiles"},"doDiffs":false,"timestamp":1675974239173,"id":"dqoa0n3y66byd1s","previousOperationId":null,"operationId":"efa51esogtdnqsm"}
{"type":"log","level":"info","message":"Render request 71 queued for execution and waiting for available worker","previousOperationId":"efa51esogtdnqsm","timestamp":1675974239173,"id":"fiwa2fxfzh2275d"}
{"type":"operationStart","subtype":"render","name":"chart","previousOperationId":"efa51esogtdnqsm","timestamp":1675974239185,"id":"a2k2k4vcerlpgxp","previousEventId":"dqoa0n3y66byd1s","operationId":"ddtqp2wbjdlul1z"}
{"type":"log","timestamp":1675974239185,"level":"info","message":"Starting rendering request 71","meta":{"rootId":"k042i0o0yxaflg0","id":"k042i0o0yxaflg0"},"id":"v2tf4cl2wgu46i0","previousOperationId":"ddtqp2wbjdlul1z"}
{"type":"log","timestamp":1675974239186,"level":"info","message":"Rendering template { name: chart, recipe: phantom-pdf, engine: handlebars, preview: true }","meta":{"rootId":"k042i0o0yxaflg0","id":"k042i0o0yxaflg0"},"id":"thwrw8vp63r83ku","previousOperationId":"ddtqp2wbjdlul1z"}
{"type":"log","timestamp":1675974239188,"level":"debug","message":"Data item not defined for this template.","meta":{"rootId":"k042i0o0yxaflg0","id":"k042i0o0yxaflg0"},"id":"51w00yuykb327we","previousOperationId":"ddtqp2wbjdlul1z"}
{"type":"log","timestamp":1675974239196,"level":"debug","message":"Executing script chartscript (beforeRender)","meta":{"rootId":"k042i0o0yxaflg0","id":"k042i0o0yxaflg0"},"id":"0oldqz7xjo94j7d","previousOperationId":"ddtqp2wbjdlul1z"}
{"type":"operationStart","subtype":"scriptsBeforeRender","name":"scripts beforeRender","timestamp":1675974239239,"id":"pjoexai99y3law3","previousEventId":"a2k2k4vcerlpgxp","operationId":"rftz1gvdvdht449","previousOperationId":"ddtqp2wbjdlul1z"}
{"type":"operationStart","subtype":"script","name":"scripts chartscript","previousOperationId":"rftz1gvdvdht449","timestamp":1675974239239,"id":"grbm9ijq48f3ht5","previousEventId":"pjoexai99y3law3","operationId":"yqgo218v0ua1qop"}
{"type":"operationEnd","operationId":"yqgo218v0ua1qop","timestamp":1675974239475,"id":"5hcewhhzkz80093","previousEventId":"a2k2k4vcerlpgxp","previousOperationId":"ddtqp2wbjdlul1z"}
{"type":"operationEnd","operationId":"rftz1gvdvdht449","timestamp":1675974239475,"id":"jczbizq0gaong3w","previousEventId":"5hcewhhzkz80093","previousOperationId":"ddtqp2wbjdlul1z"}
{"type":"log","timestamp":1675974239475,"level":"debug","message":"Base url not specified, skipping its injection.","meta":{"rootId":"k042i0o0yxaflg0","id":"k042i0o0yxaflg0"},"id":"yx0f2sbw8l8n534","previousOperationId":"rftz1gvdvdht449"}
{"type":"operationStart","subtype":"engine","name":"handlebars","timestamp":1675974239476,"id":"sesdkb8za76bqxb","previousEventId":"jczbizq0gaong3w","operationId":"9xs4urwsxtfz9hx","previousOperationId":"rftz1gvdvdht449"}
{"type":"log","timestamp":1675974239476,"level":"debug","message":"Rendering engine handlebars","meta":{"rootId":"k042i0o0yxaflg0","id":"k042i0o0yxaflg0"},"id":"wyqkvarf7fv01xg","previousOperationId":"9xs4urwsxtfz9hx"}
{"type":"log","timestamp":1675974239491,"level":"debug","message":"(console:log) {\"articulos\":[50,6]}","meta":{"userLevel":true,"rootId":"k042i0o0yxaflg0","id":"k042i0o0yxaflg0"},"id":"f7j425vlmggc3cj","previousOperationId":"9xs4urwsxtfz9hx"}
{"type":"operationEnd","operationId":"9xs4urwsxtfz9hx","timestamp":1675974239491,"id":"tt7ar6zrzpycrv2","previousEventId":"sesdkb8za76bqxb","previousOperationId":"9xs4urwsxtfz9hx"}
{"type":"operationStart","subtype":"recipe","name":"phantom-pdf","timestamp":1675974239492,"id":"5selbpq9a47own7","previousEventId":"tt7ar6zrzpycrv2","operationId":"i760ac98qz44e80","previousOperationId":"9xs4urwsxtfz9hx"}
{"type":"log","timestamp":1675974239492,"level":"debug","message":"Executing recipe phantom-pdf","meta":{"rootId":"k042i0o0yxaflg0","id":"k042i0o0yxaflg0"},"id":"av8lm6egvrxl823","previousOperationId":"i760ac98qz44e80"}
{"type":"log","timestamp":1675974242316,"level":"debug","message":"Converting in dedicated phantomjs 1.9.8","meta":{"rootId":"k042i0o0yxaflg0","id":"k042i0o0yxaflg0"},"id":"igvorwzvuvdluu9","previousOperationId":"i760ac98qz44e80"}
{"type":"log","timestamp":1675974242316,"level":"debug","message":"Request file:///C%3A%5CUsers%5Calegu%5CAppData%5CLocal%5CTemp%5C02be5633-5fcd-443d-95b5-30e44c877c53html.html","meta":{"rootId":"k042i0o0yxaflg0","id":"k042i0o0yxaflg0"},"id":"eqfpyc707nxp6mq","previousOperationId":"i760ac98qz44e80"}
{"type":"log","timestamp":1675974242316,"level":"debug","message":"Request https://cdnjs.cloudflare.com/ajax/libs/Chart.js/2.1.6/Chart.min.js","meta":{"rootId":"k042i0o0yxaflg0","id":"k042i0o0yxaflg0"},"id":"gol42b22rgg30wz","previousOperationId":"i760ac98qz44e80"}
{"type":"log","timestamp":1675974242316,"level":"debug","message":"PhantomJS printing done","meta":{"rootId":"k042i0o0yxaflg0","id":"k042i0o0yxaflg0"},"id":"twa8xfhohim33nb","previousOperationId":"i760ac98qz44e80"}
{"type":"log","timestamp":1675974242316,"level":"debug","message":"PhantomJS printing done","meta":{"rootId":"k042i0o0yxaflg0","id":"k042i0o0yxaflg0"},"id":"0mzvfea9s45o7l6","previousOperationId":"i760ac98qz44e80"}
{"type":"log","timestamp":1675974242316,"level":"debug","message":"PhantomJS printing done","meta":{"rootId":"k042i0o0yxaflg0","id":"k042i0o0yxaflg0"},"id":"s4qyvt2mcjtap5w","previousOperationId":"i760ac98qz44e80"}
{"type":"log","timestamp":1675974242316,"level":"debug","message":"PhantomJS printing done","meta":{"rootId":"k042i0o0yxaflg0","id":"k042i0o0yxaflg0"},"id":"hdkyyxstwstyx2p","previousOperationId":"i760ac98qz44e80"}
{"type":"log","timestamp":1675974242316,"level":"debug","message":"PhantomJS printing done","meta":{"rootId":"k042i0o0yxaflg0","id":"k042i0o0yxaflg0"},"id":"2280bnpw3m5716b","previousOperationId":"i760ac98qz44e80"}
{"type":"log","timestamp":1675974242316,"level":"debug","message":"PhantomJS printing done","meta":{"rootId":"k042i0o0yxaflg0","id":"k042i0o0yxaflg0"},"id":"e2yh7y5ci2vwb7a","previousOperationId":"i760ac98qz44e80"}
{"type":"log","timestamp":1675974242316,"level":"debug","message":"PhantomJS printing done","meta":{"rootId":"k042i0o0yxaflg0","id":"k042i0o0yxaflg0"},"id":"7ja4six53l9jczh","previousOperationId":"i760ac98qz44e80"}
{"type":"log","timestamp":1675974242316,"level":"debug","message":"PhantomJS printing done","meta":{"rootId":"k042i0o0yxaflg0","id":"k042i0o0yxaflg0"},"id":"uvy9u5eroixm2v3","previousOperationId":"i760ac98qz44e80"}
{"type":"log","timestamp":1675974242316,"level":"debug","message":"PhantomJS printing done","meta":{"rootId":"k042i0o0yxaflg0","id":"k042i0o0yxaflg0"},"id":"umuru0pkjw5cd8v","previousOperationId":"i760ac98qz44e80"}
{"type":"log","timestamp":1675974242316,"level":"debug","message":"PhantomJS printing done","meta":{"rootId":"k042i0o0yxaflg0","id":"k042i0o0yxaflg0"},"id":"tu5x0c8el04pgas","previousOperationId":"i760ac98qz44e80"}
{"type":"log","timestamp":1675974242316,"level":"debug","message":"Request http://intruct-javascript-ending/","meta":{"rootId":"k042i0o0yxaflg0","id":"k042i0o0yxaflg0"},"id":"wz8uc6yrupujhkt","previousOperationId":"i760ac98qz44e80"}
{"type":"log","timestamp":1675974242316,"level":"debug","message":"PhantomJS printing done","meta":{"rootId":"k042i0o0yxaflg0","id":"k042i0o0yxaflg0"},"id":"1iy2dj2za4t0ros","previousOperationId":"i760ac98qz44e80"}
{"type":"log","timestamp":1675974242317,"level":"debug","message":"phantom-pdf recipe finished with 1 pages generated","meta":{"rootId":"k042i0o0yxaflg0","id":"k042i0o0yxaflg0"},"id":"to2ajgjyztt70rm","previousOperationId":"i760ac98qz44e80"}
{"type":"operationEnd","operationId":"i760ac98qz44e80","timestamp":1675974242317,"id":"e9kio1lw02r704d","previousEventId":"5selbpq9a47own7","previousOperationId":"i760ac98qz44e80"}
{"type":"log","timestamp":1675974242317,"level":"debug","message":"Skipping storing report.","meta":{"rootId":"k042i0o0yxaflg0","id":"k042i0o0yxaflg0"},"id":"41rjtxpljzth7n9","previousOperationId":"i760ac98qz44e80"}
{"type":"log","timestamp":1675974242317,"level":"info","message":"Rendering request 71 finished in 3145 ms","meta":{"rootId":"k042i0o0yxaflg0","id":"k042i0o0yxaflg0"},"id":"sr9d7bl9t3ye3ip","previousOperationId":"i760ac98qz44e80"}
{"type":"operationEnd","subtype":"render","operationId":"ddtqp2wbjdlul1z","timestamp":1675974242317,"id":"65k30ytxnyuo6jv","previousEventId":"e9kio1lw02r704d","previousOperationId":"i760ac98qz44e80"}
{"type":"operationEnd","doDiffs":false,"previousEventId":"dqoa0n3y66byd1s","previousOperationId":"efa51esogtdnqsm","operationId":"efa51esogtdnqsm","timestamp":1675974242341,"id":"pykq8f5qk64aknr"}
