{"type":"operationStart","subtype":"profile","data":{"_id":"crQpbrI5VrMqzC71","timestamp":"2023-02-09T20:31:40.752Z","state":"queued","mode":"standard","creationDate":"2023-02-09T20:31:40.754Z","modificationDate":"2023-02-09T20:31:40.754Z","shortid":"aDO6CU6","$entitySet":"profiles"},"doDiffs":false,"timestamp":1675974700753,"id":"t7scf90x31s3kuy","previousOperationId":null,"operationId":"tj2w92vtux86eml"}
{"type":"log","level":"info","message":"Render request 82 queued for execution and waiting for available worker","previousOperationId":"tj2w92vtux86eml","timestamp":1675974700753,"id":"dj6cghra7jckbel"}
{"type":"operationStart","subtype":"render","name":"chart","previousOperationId":"tj2w92vtux86eml","timestamp":1675974700772,"id":"mfwsxsevetloz4a","previousEventId":"t7scf90x31s3kuy","operationId":"pnflktc1qbf19ue"}
{"type":"log","timestamp":1675974700773,"level":"info","message":"Starting rendering request 82","meta":{"rootId":"k9sq4tddf6frmaq","id":"k9sq4tddf6frmaq"},"id":"zlfzrq0tig9mzw8","previousOperationId":"pnflktc1qbf19ue"}
{"type":"log","timestamp":1675974700774,"level":"info","message":"Rendering template { name: chart, recipe: phantom-pdf, engine: handlebars, preview: true }","meta":{"rootId":"k9sq4tddf6frmaq","id":"k9sq4tddf6frmaq"},"id":"g7smfahpuffcqoo","previousOperationId":"pnflktc1qbf19ue"}
{"type":"log","timestamp":1675974700778,"level":"debug","message":"Inline data specified.","meta":{"rootId":"k9sq4tddf6frmaq","id":"k9sq4tddf6frmaq"},"id":"92ux27yre4bmcyo","previousOperationId":"pnflktc1qbf19ue"}
{"type":"log","timestamp":1675974700783,"level":"debug","message":"Base url not specified, skipping its injection.","meta":{"rootId":"k9sq4tddf6frmaq","id":"k9sq4tddf6frmaq"},"id":"pffd855faie7iig","previousOperationId":"pnflktc1qbf19ue"}
{"type":"operationStart","subtype":"engine","name":"handlebars","timestamp":1675974700785,"id":"adk0y98j0e09dbi","previousEventId":"mfwsxsevetloz4a","operationId":"0fvztdza550dy8c","previousOperationId":"pnflktc1qbf19ue"}
{"type":"log","timestamp":1675974700785,"level":"debug","message":"Rendering engine handlebars","meta":{"rootId":"k9sq4tddf6frmaq","id":"k9sq4tddf6frmaq"},"id":"zywxwvfl354ue8i","previousOperationId":"0fvztdza550dy8c"}
{"type":"log","timestamp":1675974701388,"level":"debug","message":"(console:log) [50,6]","meta":{"userLevel":true,"rootId":"k9sq4tddf6frmaq","id":"k9sq4tddf6frmaq"},"id":"nwqp31myqupkvsl","previousOperationId":"0fvztdza550dy8c"}
{"type":"operationEnd","operationId":"0fvztdza550dy8c","timestamp":1675974701388,"id":"wsegphgc82jei4m","previousEventId":"adk0y98j0e09dbi","previousOperationId":"0fvztdza550dy8c"}
{"type":"operationStart","subtype":"recipe","name":"phantom-pdf","timestamp":1675974701389,"id":"s9lrtrh036albkc","previousEventId":"wsegphgc82jei4m","operationId":"p8g29l2v1c9s8bd","previousOperationId":"0fvztdza550dy8c"}
{"type":"log","timestamp":1675974701389,"level":"debug","message":"Executing recipe phantom-pdf","meta":{"rootId":"k9sq4tddf6frmaq","id":"k9sq4tddf6frmaq"},"id":"dyq6ynlyjb95zh1","previousOperationId":"p8g29l2v1c9s8bd"}
{"type":"log","timestamp":1675974704209,"level":"debug","message":"Converting in dedicated phantomjs 1.9.8","meta":{"rootId":"k9sq4tddf6frmaq","id":"k9sq4tddf6frmaq"},"id":"zpyoxccpf109ago","previousOperationId":"p8g29l2v1c9s8bd"}
{"type":"log","timestamp":1675974704209,"level":"debug","message":"Request file:///C%3A%5CUsers%5Calegu%5CAppData%5CLocal%5CTemp%5C880e347e-8b29-42c4-ad13-7d182ac4ab36html.html","meta":{"rootId":"k9sq4tddf6frmaq","id":"k9sq4tddf6frmaq"},"id":"i6d50jq35v6fsh4","previousOperationId":"p8g29l2v1c9s8bd"}
{"type":"log","timestamp":1675974704210,"level":"debug","message":"Request https://cdnjs.cloudflare.com/ajax/libs/Chart.js/2.1.6/Chart.min.js","meta":{"rootId":"k9sq4tddf6frmaq","id":"k9sq4tddf6frmaq"},"id":"ptb9ci1svn66fxj","previousOperationId":"p8g29l2v1c9s8bd"}
{"type":"log","timestamp":1675974704210,"level":"debug","message":"PhantomJS printing done","meta":{"rootId":"k9sq4tddf6frmaq","id":"k9sq4tddf6frmaq"},"id":"f1mokzfkxtnq4jf","previousOperationId":"p8g29l2v1c9s8bd"}
{"type":"log","timestamp":1675974704210,"level":"debug","message":"PhantomJS printing done","meta":{"rootId":"k9sq4tddf6frmaq","id":"k9sq4tddf6frmaq"},"id":"hra3xa7udj9z9ee","previousOperationId":"p8g29l2v1c9s8bd"}
{"type":"log","timestamp":1675974704210,"level":"debug","message":"PhantomJS printing done","meta":{"rootId":"k9sq4tddf6frmaq","id":"k9sq4tddf6frmaq"},"id":"rq9fjdshh2vopu4","previousOperationId":"p8g29l2v1c9s8bd"}
{"type":"log","timestamp":1675974704210,"level":"debug","message":"PhantomJS printing done","meta":{"rootId":"k9sq4tddf6frmaq","id":"k9sq4tddf6frmaq"},"id":"vqbn9jh4qxqcaqp","previousOperationId":"p8g29l2v1c9s8bd"}
{"type":"log","timestamp":1675974704210,"level":"debug","message":"PhantomJS printing done","meta":{"rootId":"k9sq4tddf6frmaq","id":"k9sq4tddf6frmaq"},"id":"ktbra471g12rkjn","previousOperationId":"p8g29l2v1c9s8bd"}
{"type":"log","timestamp":1675974704210,"level":"debug","message":"PhantomJS printing done","meta":{"rootId":"k9sq4tddf6frmaq","id":"k9sq4tddf6frmaq"},"id":"nl5dblxgo04wwvc","previousOperationId":"p8g29l2v1c9s8bd"}
{"type":"log","timestamp":1675974704210,"level":"debug","message":"PhantomJS printing done","meta":{"rootId":"k9sq4tddf6frmaq","id":"k9sq4tddf6frmaq"},"id":"9pgvvkxne7pg512","previousOperationId":"p8g29l2v1c9s8bd"}
{"type":"log","timestamp":1675974704210,"level":"debug","message":"PhantomJS printing done","meta":{"rootId":"k9sq4tddf6frmaq","id":"k9sq4tddf6frmaq"},"id":"cc02r2980um8thb","previousOperationId":"p8g29l2v1c9s8bd"}
{"type":"log","timestamp":1675974704211,"level":"debug","message":"PhantomJS printing done","meta":{"rootId":"k9sq4tddf6frmaq","id":"k9sq4tddf6frmaq"},"id":"e8hcucksxil1wlm","previousOperationId":"p8g29l2v1c9s8bd"}
{"type":"log","timestamp":1675974704211,"level":"debug","message":"Request http://intruct-javascript-ending/","meta":{"rootId":"k9sq4tddf6frmaq","id":"k9sq4tddf6frmaq"},"id":"yk0dfe43d2sjgra","previousOperationId":"p8g29l2v1c9s8bd"}
{"type":"log","timestamp":1675974704211,"level":"debug","message":"PhantomJS printing done","meta":{"rootId":"k9sq4tddf6frmaq","id":"k9sq4tddf6frmaq"},"id":"n3z8bg6rx6lrhug","previousOperationId":"p8g29l2v1c9s8bd"}
{"type":"log","timestamp":1675974704213,"level":"debug","message":"phantom-pdf recipe finished with 1 pages generated","meta":{"rootId":"k9sq4tddf6frmaq","id":"k9sq4tddf6frmaq"},"id":"3d0yzkary564in6","previousOperationId":"p8g29l2v1c9s8bd"}
{"type":"operationEnd","operationId":"p8g29l2v1c9s8bd","timestamp":1675974704213,"id":"a913jjwvpki502g","previousEventId":"s9lrtrh036albkc","previousOperationId":"p8g29l2v1c9s8bd"}
{"type":"log","timestamp":1675974704214,"level":"debug","message":"Skipping storing report.","meta":{"rootId":"k9sq4tddf6frmaq","id":"k9sq4tddf6frmaq"},"id":"hbzdb4jnpjdsddp","previousOperationId":"p8g29l2v1c9s8bd"}
{"type":"log","timestamp":1675974704214,"level":"info","message":"Rendering request 82 finished in 3463 ms","meta":{"rootId":"k9sq4tddf6frmaq","id":"k9sq4tddf6frmaq"},"id":"pswvbz7kio8vnk4","previousOperationId":"p8g29l2v1c9s8bd"}
{"type":"operationEnd","subtype":"render","operationId":"pnflktc1qbf19ue","timestamp":1675974704215,"id":"em9mgwbocdhb1y7","previousEventId":"a913jjwvpki502g","previousOperationId":"p8g29l2v1c9s8bd"}
{"type":"operationEnd","doDiffs":false,"previousEventId":"t7scf90x31s3kuy","previousOperationId":"tj2w92vtux86eml","operationId":"tj2w92vtux86eml","timestamp":1675974704232,"id":"s53i90i54bc5ljp"}
