{"type":"operationStart","subtype":"profile","data":{"_id":"gMWT0DiFvQgGO9qn","timestamp":"2023-02-09T19:52:12.334Z","state":"queued","mode":"standard","creationDate":"2023-02-09T19:52:12.337Z","modificationDate":"2023-02-09T19:52:12.337Z","shortid":"Ln9FAla","$entitySet":"profiles"},"doDiffs":false,"timestamp":1675972332335,"id":"4zllndjhy97vp3p","previousOperationId":null,"operationId":"8sm1faqpxhdnt7b"}
{"type":"log","level":"info","message":"Render request 23 queued for execution and waiting for available worker","previousOperationId":"8sm1faqpxhdnt7b","timestamp":1675972332336,"id":"3kv94gc34cxhcj9"}
{"type":"operationStart","subtype":"render","name":"chart","previousOperationId":"8sm1faqpxhdnt7b","timestamp":1675972332347,"id":"dj0bu9xxpt7vqh4","previousEventId":"4zllndjhy97vp3p","operationId":"8ulmtpn00axk3z1"}
{"type":"log","timestamp":1675972332348,"level":"info","message":"Starting rendering request 23","meta":{"rootId":"l0j5wseg6dpzrwa","id":"l0j5wseg6dpzrwa"},"id":"4yx056sgf0szsfp","previousOperationId":"8ulmtpn00axk3z1"}
{"type":"log","timestamp":1675972332349,"level":"info","message":"Rendering template { name: chart, recipe: phantom-pdf, engine: handlebars, preview: true }","meta":{"rootId":"l0j5wseg6dpzrwa","id":"l0j5wseg6dpzrwa"},"id":"o26h0k4i69uebxm","previousOperationId":"8ulmtpn00axk3z1"}
{"type":"log","timestamp":1675972332351,"level":"debug","message":"Inline data specified.","meta":{"rootId":"l0j5wseg6dpzrwa","id":"l0j5wseg6dpzrwa"},"id":"8ei5neqm8jok3t1","previousOperationId":"8ulmtpn00axk3z1"}
{"type":"log","timestamp":1675972332356,"level":"debug","message":"Base url not specified, skipping its injection.","meta":{"rootId":"l0j5wseg6dpzrwa","id":"l0j5wseg6dpzrwa"},"id":"qtxgcomj6ny32et","previousOperationId":"8ulmtpn00axk3z1"}
{"type":"operationStart","subtype":"engine","name":"handlebars","timestamp":1675972332358,"id":"xszai929eoz9jmm","previousEventId":"dj0bu9xxpt7vqh4","operationId":"tv162z1f6gsdtd9","previousOperationId":"8ulmtpn00axk3z1"}
{"type":"log","timestamp":1675972332358,"level":"debug","message":"Rendering engine handlebars","meta":{"rootId":"l0j5wseg6dpzrwa","id":"l0j5wseg6dpzrwa"},"id":"c904wlnvuop9cb9","previousOperationId":"tv162z1f6gsdtd9"}
{"type":"operationEnd","operationId":"tv162z1f6gsdtd9","timestamp":1675972332391,"id":"7sn3z2sf88kbrho","previousEventId":"xszai929eoz9jmm","previousOperationId":"tv162z1f6gsdtd9"}
{"type":"operationStart","subtype":"recipe","name":"phantom-pdf","timestamp":1675972332393,"id":"oad7sotefx1po8y","previousEventId":"7sn3z2sf88kbrho","operationId":"pd2habe4539eae0","previousOperationId":"tv162z1f6gsdtd9"}
{"type":"log","timestamp":1675972332393,"level":"debug","message":"Executing recipe phantom-pdf","meta":{"rootId":"l0j5wseg6dpzrwa","id":"l0j5wseg6dpzrwa"},"id":"vp4aypgwa8nld9m","previousOperationId":"pd2habe4539eae0"}
{"type":"log","timestamp":1675972335162,"level":"debug","message":"Converting in dedicated phantomjs 1.9.8","meta":{"rootId":"l0j5wseg6dpzrwa","id":"l0j5wseg6dpzrwa"},"id":"1ffoxo8c46h4qn2","previousOperationId":"pd2habe4539eae0"}
{"type":"log","timestamp":1675972335162,"level":"debug","message":"Request file:///C%3A%5CUsers%5Calegu%5CAppData%5CLocal%5CTemp%5Cbf6b9af5-ddf3-48f6-9c40-c4b6b25e05d4html.html","meta":{"rootId":"l0j5wseg6dpzrwa","id":"l0j5wseg6dpzrwa"},"id":"mf8qd8wejqf3r8a","previousOperationId":"pd2habe4539eae0"}
{"type":"log","timestamp":1675972335162,"level":"debug","message":"Request https://cdnjs.cloudflare.com/ajax/libs/Chart.js/2.1.6/Chart.min.js","meta":{"rootId":"l0j5wseg6dpzrwa","id":"l0j5wseg6dpzrwa"},"id":"kga33mtak69n8a0","previousOperationId":"pd2habe4539eae0"}
{"type":"log","timestamp":1675972335162,"level":"debug","message":"PhantomJS printing done","meta":{"rootId":"l0j5wseg6dpzrwa","id":"l0j5wseg6dpzrwa"},"id":"taccsqusbqmyqo1","previousOperationId":"pd2habe4539eae0"}
{"type":"log","timestamp":1675972335162,"level":"debug","message":"PhantomJS printing done","meta":{"rootId":"l0j5wseg6dpzrwa","id":"l0j5wseg6dpzrwa"},"id":"rngpl36j29pciih","previousOperationId":"pd2habe4539eae0"}
{"type":"log","timestamp":1675972335162,"level":"debug","message":"PhantomJS printing done","meta":{"rootId":"l0j5wseg6dpzrwa","id":"l0j5wseg6dpzrwa"},"id":"yiq8y3qowoyhp3z","previousOperationId":"pd2habe4539eae0"}
{"type":"log","timestamp":1675972335162,"level":"debug","message":"PhantomJS printing done","meta":{"rootId":"l0j5wseg6dpzrwa","id":"l0j5wseg6dpzrwa"},"id":"43dp505z0lgz8jw","previousOperationId":"pd2habe4539eae0"}
{"type":"log","timestamp":1675972335163,"level":"debug","message":"PhantomJS printing done","meta":{"rootId":"l0j5wseg6dpzrwa","id":"l0j5wseg6dpzrwa"},"id":"ia65lnukv7hkdnc","previousOperationId":"pd2habe4539eae0"}
{"type":"log","timestamp":1675972335163,"level":"debug","message":"PhantomJS printing done","meta":{"rootId":"l0j5wseg6dpzrwa","id":"l0j5wseg6dpzrwa"},"id":"qnlsr2uulpop3x2","previousOperationId":"pd2habe4539eae0"}
{"type":"log","timestamp":1675972335163,"level":"debug","message":"PhantomJS printing done","meta":{"rootId":"l0j5wseg6dpzrwa","id":"l0j5wseg6dpzrwa"},"id":"b30f0flgb9ts7gq","previousOperationId":"pd2habe4539eae0"}
{"type":"log","timestamp":1675972335163,"level":"debug","message":"PhantomJS printing done","meta":{"rootId":"l0j5wseg6dpzrwa","id":"l0j5wseg6dpzrwa"},"id":"gup1wz39bawdd6u","previousOperationId":"pd2habe4539eae0"}
{"type":"log","timestamp":1675972335163,"level":"debug","message":"PhantomJS printing done","meta":{"rootId":"l0j5wseg6dpzrwa","id":"l0j5wseg6dpzrwa"},"id":"ioz3anyg6gbsudn","previousOperationId":"pd2habe4539eae0"}
{"type":"log","timestamp":1675972335163,"level":"debug","message":"Request http://intruct-javascript-ending/","meta":{"rootId":"l0j5wseg6dpzrwa","id":"l0j5wseg6dpzrwa"},"id":"9irz62530oye1x8","previousOperationId":"pd2habe4539eae0"}
{"type":"log","timestamp":1675972335163,"level":"debug","message":"PhantomJS printing done","meta":{"rootId":"l0j5wseg6dpzrwa","id":"l0j5wseg6dpzrwa"},"id":"omn86yv48yhg73z","previousOperationId":"pd2habe4539eae0"}
{"type":"log","timestamp":1675972335164,"level":"debug","message":"phantom-pdf recipe finished with 1 pages generated","meta":{"rootId":"l0j5wseg6dpzrwa","id":"l0j5wseg6dpzrwa"},"id":"0odgpaovvh9smyp","previousOperationId":"pd2habe4539eae0"}
{"type":"operationEnd","operationId":"pd2habe4539eae0","timestamp":1675972335164,"id":"4plm1k8z67nkskx","previousEventId":"oad7sotefx1po8y","previousOperationId":"pd2habe4539eae0"}
{"type":"log","timestamp":1675972335164,"level":"debug","message":"Skipping storing report.","meta":{"rootId":"l0j5wseg6dpzrwa","id":"l0j5wseg6dpzrwa"},"id":"uqco99ubrpmjy7z","previousOperationId":"pd2habe4539eae0"}
{"type":"log","timestamp":1675972335164,"level":"info","message":"Rendering request 23 finished in 2830 ms","meta":{"rootId":"l0j5wseg6dpzrwa","id":"l0j5wseg6dpzrwa"},"id":"e6xi8nkrxijrh8q","previousOperationId":"pd2habe4539eae0"}
{"type":"operationEnd","subtype":"render","operationId":"8ulmtpn00axk3z1","timestamp":1675972335164,"id":"twfxd9e2anuspys","previousEventId":"4plm1k8z67nkskx","previousOperationId":"pd2habe4539eae0"}
{"type":"operationEnd","doDiffs":false,"previousEventId":"4zllndjhy97vp3p","previousOperationId":"8sm1faqpxhdnt7b","operationId":"8sm1faqpxhdnt7b","timestamp":1675972335190,"id":"5d8auaqx09noxd0"}
