{"type":"operationStart","subtype":"profile","data":{"_id":"OPTcSp7tzzK5C0Ts","timestamp":"2023-02-09T20:25:38.666Z","state":"queued","mode":"standard","creationDate":"2023-02-09T20:25:38.669Z","modificationDate":"2023-02-09T20:25:38.669Z","shortid":"aa-ys04","$entitySet":"profiles"},"doDiffs":false,"timestamp":1675974338668,"id":"y9mc0o24zcmtcco","previousOperationId":null,"operationId":"scqag6ibi2ljo39"}
{"type":"log","level":"info","message":"Render request 73 queued for execution and waiting for available worker","previousOperationId":"scqag6ibi2ljo39","timestamp":1675974338668,"id":"99tj7p6eu6fd5bh"}
{"type":"operationStart","subtype":"render","name":"chart","previousOperationId":"scqag6ibi2ljo39","timestamp":1675974338692,"id":"orz0787o7aq1x98","previousEventId":"y9mc0o24zcmtcco","operationId":"1izyqkmchdxf17n"}
{"type":"log","timestamp":1675974338692,"level":"info","message":"Starting rendering request 73","meta":{"rootId":"lfsoru78gralyjm","id":"lfsoru78gralyjm"},"id":"3pltvctsao5z83f","previousOperationId":"1izyqkmchdxf17n"}
{"type":"log","timestamp":1675974338692,"level":"info","message":"Rendering template { name: chart, recipe: phantom-pdf, engine: handlebars, preview: true }","meta":{"rootId":"lfsoru78gralyjm","id":"lfsoru78gralyjm"},"id":"vany46nb55mvsx2","previousOperationId":"1izyqkmchdxf17n"}
{"type":"log","timestamp":1675974338694,"level":"debug","message":"Inline data specified.","meta":{"rootId":"lfsoru78gralyjm","id":"lfsoru78gralyjm"},"id":"qcshiaav0gu8p3r","previousOperationId":"1izyqkmchdxf17n"}
{"type":"log","timestamp":1675974338700,"level":"debug","message":"Executing script chartscript (beforeRender)","meta":{"rootId":"lfsoru78gralyjm","id":"lfsoru78gralyjm"},"id":"toqrk32bdmzrums","previousOperationId":"1izyqkmchdxf17n"}
{"type":"operationStart","subtype":"scriptsBeforeRender","name":"scripts beforeRender","timestamp":1675974338734,"id":"dt7vjuuiam1mwzu","previousEventId":"orz0787o7aq1x98","operationId":"t7jjo42m5eg8de5","previousOperationId":"1izyqkmchdxf17n"}
{"type":"operationStart","subtype":"script","name":"scripts chartscript","previousOperationId":"t7jjo42m5eg8de5","timestamp":1675974338735,"id":"at191mc4i8m3ywz","previousEventId":"dt7vjuuiam1mwzu","operationId":"fc3du552l0my5cb"}
{"type":"operationEnd","operationId":"fc3du552l0my5cb","timestamp":1675974338948,"id":"wl3ii38cw0i0ox2","previousEventId":"orz0787o7aq1x98","previousOperationId":"1izyqkmchdxf17n"}
{"type":"operationEnd","operationId":"t7jjo42m5eg8de5","timestamp":1675974338948,"id":"furmpg1mjm0jfsq","previousEventId":"wl3ii38cw0i0ox2","previousOperationId":"1izyqkmchdxf17n"}
{"type":"log","timestamp":1675974338948,"level":"debug","message":"Base url not specified, skipping its injection.","meta":{"rootId":"lfsoru78gralyjm","id":"lfsoru78gralyjm"},"id":"c0aogrnzjbpr7sx","previousOperationId":"t7jjo42m5eg8de5"}
{"type":"operationStart","subtype":"engine","name":"handlebars","timestamp":1675974338948,"id":"4df6hs9r81d6y9c","previousEventId":"furmpg1mjm0jfsq","operationId":"lael758yovul4p9","previousOperationId":"t7jjo42m5eg8de5"}
{"type":"log","timestamp":1675974338948,"level":"debug","message":"Rendering engine handlebars","meta":{"rootId":"lfsoru78gralyjm","id":"lfsoru78gralyjm"},"id":"c1hswb322h20vej","previousOperationId":"lael758yovul4p9"}
{"type":"log","timestamp":1675974338962,"level":"debug","message":"(console:log) {\"articulos\":[50,6]}","meta":{"userLevel":true,"rootId":"lfsoru78gralyjm","id":"lfsoru78gralyjm"},"id":"9vjyik1ov0ig7hs","previousOperationId":"lael758yovul4p9"}
{"type":"operationEnd","operationId":"lael758yovul4p9","timestamp":1675974338962,"id":"ofxpr8n7dftccyd","previousEventId":"4df6hs9r81d6y9c","previousOperationId":"lael758yovul4p9"}
{"type":"operationStart","subtype":"recipe","name":"phantom-pdf","timestamp":1675974338962,"id":"yr0xr7os1z2c6xg","previousEventId":"ofxpr8n7dftccyd","operationId":"88kb6o1e96iig60","previousOperationId":"lael758yovul4p9"}
{"type":"log","timestamp":1675974338962,"level":"debug","message":"Executing recipe phantom-pdf","meta":{"rootId":"lfsoru78gralyjm","id":"lfsoru78gralyjm"},"id":"v1w634wich7t2sz","previousOperationId":"88kb6o1e96iig60"}
{"type":"log","timestamp":1675974341760,"level":"debug","message":"Converting in dedicated phantomjs 1.9.8","meta":{"rootId":"lfsoru78gralyjm","id":"lfsoru78gralyjm"},"id":"1mxaw4doy7skkwq","previousOperationId":"88kb6o1e96iig60"}
{"type":"log","timestamp":1675974341760,"level":"debug","message":"Request file:///C%3A%5CUsers%5Calegu%5CAppData%5CLocal%5CTemp%5C028c6fa4-3d7e-455b-bc29-89df82c0a492html.html","meta":{"rootId":"lfsoru78gralyjm","id":"lfsoru78gralyjm"},"id":"itk3ejtgbzsm6mw","previousOperationId":"88kb6o1e96iig60"}
{"type":"log","timestamp":1675974341760,"level":"debug","message":"Request https://cdnjs.cloudflare.com/ajax/libs/Chart.js/2.1.6/Chart.min.js","meta":{"rootId":"lfsoru78gralyjm","id":"lfsoru78gralyjm"},"id":"b4c78b3f2028ylg","previousOperationId":"88kb6o1e96iig60"}
{"type":"log","timestamp":1675974341760,"level":"debug","message":"PhantomJS printing done","meta":{"rootId":"lfsoru78gralyjm","id":"lfsoru78gralyjm"},"id":"3zaolwyoc7hak17","previousOperationId":"88kb6o1e96iig60"}
{"type":"log","timestamp":1675974341760,"level":"debug","message":"PhantomJS printing done","meta":{"rootId":"lfsoru78gralyjm","id":"lfsoru78gralyjm"},"id":"ucyunwz7wphc3e3","previousOperationId":"88kb6o1e96iig60"}
{"type":"log","timestamp":1675974341760,"level":"debug","message":"PhantomJS printing done","meta":{"rootId":"lfsoru78gralyjm","id":"lfsoru78gralyjm"},"id":"bqt29ehxv2r0cqk","previousOperationId":"88kb6o1e96iig60"}
{"type":"log","timestamp":1675974341760,"level":"debug","message":"PhantomJS printing done","meta":{"rootId":"lfsoru78gralyjm","id":"lfsoru78gralyjm"},"id":"f5mv0i6gwccf1wz","previousOperationId":"88kb6o1e96iig60"}
{"type":"log","timestamp":1675974341760,"level":"debug","message":"PhantomJS printing done","meta":{"rootId":"lfsoru78gralyjm","id":"lfsoru78gralyjm"},"id":"bkwcny1n0ng39du","previousOperationId":"88kb6o1e96iig60"}
{"type":"log","timestamp":1675974341760,"level":"debug","message":"PhantomJS printing done","meta":{"rootId":"lfsoru78gralyjm","id":"lfsoru78gralyjm"},"id":"05npxln7x966brx","previousOperationId":"88kb6o1e96iig60"}
{"type":"log","timestamp":1675974341760,"level":"debug","message":"PhantomJS printing done","meta":{"rootId":"lfsoru78gralyjm","id":"lfsoru78gralyjm"},"id":"jxwtcmglv2batvi","previousOperationId":"88kb6o1e96iig60"}
{"type":"log","timestamp":1675974341760,"level":"debug","message":"PhantomJS printing done","meta":{"rootId":"lfsoru78gralyjm","id":"lfsoru78gralyjm"},"id":"1dit96xnscb5uz0","previousOperationId":"88kb6o1e96iig60"}
{"type":"log","timestamp":1675974341760,"level":"debug","message":"PhantomJS printing done","meta":{"rootId":"lfsoru78gralyjm","id":"lfsoru78gralyjm"},"id":"675aksdmwnuf5xw","previousOperationId":"88kb6o1e96iig60"}
{"type":"log","timestamp":1675974341760,"level":"debug","message":"Request http://intruct-javascript-ending/","meta":{"rootId":"lfsoru78gralyjm","id":"lfsoru78gralyjm"},"id":"xb71z8pppk01eg2","previousOperationId":"88kb6o1e96iig60"}
{"type":"log","timestamp":1675974341760,"level":"debug","message":"PhantomJS printing done","meta":{"rootId":"lfsoru78gralyjm","id":"lfsoru78gralyjm"},"id":"5rka6w8dnctaygo","previousOperationId":"88kb6o1e96iig60"}
{"type":"log","timestamp":1675974341761,"level":"debug","message":"phantom-pdf recipe finished with 1 pages generated","meta":{"rootId":"lfsoru78gralyjm","id":"lfsoru78gralyjm"},"id":"ql95zcxu6ym1won","previousOperationId":"88kb6o1e96iig60"}
{"type":"operationEnd","operationId":"88kb6o1e96iig60","timestamp":1675974341761,"id":"6r1fj4e5hesut74","previousEventId":"yr0xr7os1z2c6xg","previousOperationId":"88kb6o1e96iig60"}
{"type":"log","timestamp":1675974341762,"level":"debug","message":"Skipping storing report.","meta":{"rootId":"lfsoru78gralyjm","id":"lfsoru78gralyjm"},"id":"l8xrdup5i6k06on","previousOperationId":"88kb6o1e96iig60"}
{"type":"log","timestamp":1675974341762,"level":"info","message":"Rendering request 73 finished in 3096 ms","meta":{"rootId":"lfsoru78gralyjm","id":"lfsoru78gralyjm"},"id":"uzxv3q33nxfi84c","previousOperationId":"88kb6o1e96iig60"}
{"type":"operationEnd","subtype":"render","operationId":"1izyqkmchdxf17n","timestamp":1675974341762,"id":"9jwomp1bubnht3x","previousEventId":"6r1fj4e5hesut74","previousOperationId":"88kb6o1e96iig60"}
{"type":"operationEnd","doDiffs":false,"previousEventId":"y9mc0o24zcmtcco","previousOperationId":"scqag6ibi2ljo39","operationId":"scqag6ibi2ljo39","timestamp":1675974341784,"id":"iwkkpc2lv1w7qd1"}
