{"type":"operationStart","subtype":"profile","data":{"_id":"TH79mauuxHDCXzVy","timestamp":"2023-02-10T15:37:56.643Z","state":"queued","mode":"standard","creationDate":"2023-02-10T15:37:56.646Z","modificationDate":"2023-02-10T15:37:56.646Z","shortid":"haryFUJ","$entitySet":"profiles"},"doDiffs":false,"timestamp":1676043476645,"id":"iyw32lx3a00gwka","previousOperationId":null,"operationId":"jrmirg6stxvk9c8"}
{"type":"log","level":"info","message":"Render request 26 queued for execution and waiting for available worker","previousOperationId":"jrmirg6stxvk9c8","timestamp":1676043476645,"id":"xhs2gchkkg2w3a9"}
{"type":"operationStart","subtype":"render","name":"chart","previousOperationId":"jrmirg6stxvk9c8","timestamp":1676043476656,"id":"18i1k0mbmsfj3kq","previousEventId":"iyw32lx3a00gwka","operationId":"gs9c4kesu4kk6ma"}
{"type":"log","timestamp":1676043476656,"level":"info","message":"Starting rendering request 26","meta":{"rootId":"llo8t9de3o6jfpy","id":"llo8t9de3o6jfpy"},"id":"gp5zspbb5tkmluz","previousOperationId":"gs9c4kesu4kk6ma"}
{"type":"log","timestamp":1676043476657,"level":"info","message":"Rendering template { name: chart, recipe: phantom-pdf, engine: handlebars, preview: true }","meta":{"rootId":"llo8t9de3o6jfpy","id":"llo8t9de3o6jfpy"},"id":"gswft0rdvnoshsz","previousOperationId":"gs9c4kesu4kk6ma"}
{"type":"log","timestamp":1676043476661,"level":"debug","message":"Data item not defined for this template.","meta":{"rootId":"llo8t9de3o6jfpy","id":"llo8t9de3o6jfpy"},"id":"yn5mm7oclf9rk09","previousOperationId":"gs9c4kesu4kk6ma"}
{"type":"log","timestamp":1676043476666,"level":"debug","message":"Executing script chartscript (beforeRender)","meta":{"rootId":"llo8t9de3o6jfpy","id":"llo8t9de3o6jfpy"},"id":"an7y5k4e8uuo6zi","previousOperationId":"gs9c4kesu4kk6ma"}
{"type":"operationStart","subtype":"scriptsBeforeRender","name":"scripts beforeRender","timestamp":1676043476692,"id":"4d5vrqcdrdl9ycn","previousEventId":"18i1k0mbmsfj3kq","operationId":"w15o9kgrgcv6w4a","previousOperationId":"gs9c4kesu4kk6ma"}
{"type":"operationStart","subtype":"script","name":"scripts chartscript","previousOperationId":"w15o9kgrgcv6w4a","timestamp":1676043476692,"id":"686uz051e1990j0","previousEventId":"4d5vrqcdrdl9ycn","operationId":"czfcte3phvllkbf"}
{"type":"log","timestamp":1676043476909,"level":"debug","message":"(console:log) [ 50, 6 ]","meta":{"userLevel":true,"rootId":"llo8t9de3o6jfpy","id":"llo8t9de3o6jfpy"},"id":"26lptpgsm9ur402","previousOperationId":"czfcte3phvllkbf"}
{"type":"log","timestamp":1676043476909,"level":"debug","message":"(console:log) [ 50, 6 ]","meta":{"userLevel":true,"rootId":"llo8t9de3o6jfpy","id":"llo8t9de3o6jfpy"},"id":"jiewa3xi7u7nl51","previousOperationId":"czfcte3phvllkbf"}
{"type":"operationEnd","operationId":"czfcte3phvllkbf","timestamp":1676043476909,"id":"vj6g4wr1q9tgkxf","previousEventId":"18i1k0mbmsfj3kq","previousOperationId":"gs9c4kesu4kk6ma"}
{"type":"operationEnd","operationId":"w15o9kgrgcv6w4a","timestamp":1676043476909,"id":"0nx6kdz1zd3np3d","previousEventId":"vj6g4wr1q9tgkxf","previousOperationId":"gs9c4kesu4kk6ma"}
{"type":"log","timestamp":1676043476909,"level":"debug","message":"Base url not specified, skipping its injection.","meta":{"rootId":"llo8t9de3o6jfpy","id":"llo8t9de3o6jfpy"},"id":"mrccznogmld6z9t","previousOperationId":"w15o9kgrgcv6w4a"}
{"type":"operationStart","subtype":"engine","name":"handlebars","timestamp":1676043476910,"id":"lmkfsqb6q9ril3q","previousEventId":"0nx6kdz1zd3np3d","operationId":"hovp89qkx2oiep2","previousOperationId":"w15o9kgrgcv6w4a"}
{"type":"log","timestamp":1676043476910,"level":"debug","message":"Rendering engine handlebars","meta":{"rootId":"llo8t9de3o6jfpy","id":"llo8t9de3o6jfpy"},"id":"798rt9tpw8nqgxz","previousOperationId":"hovp89qkx2oiep2"}
{"type":"log","timestamp":1676043476928,"level":"debug","message":"(console:log) [ 50, 6 ]","meta":{"userLevel":true,"rootId":"llo8t9de3o6jfpy","id":"llo8t9de3o6jfpy"},"id":"rh4dvc8381d72ic","previousOperationId":"hovp89qkx2oiep2"}
{"type":"log","timestamp":1676043476928,"level":"debug","message":"(console:log) [50,6]","meta":{"userLevel":true,"rootId":"llo8t9de3o6jfpy","id":"llo8t9de3o6jfpy"},"id":"ugxguczb5q0j17x","previousOperationId":"hovp89qkx2oiep2"}
{"type":"operationEnd","operationId":"hovp89qkx2oiep2","timestamp":1676043476928,"id":"twqzftkslgjr3cf","previousEventId":"lmkfsqb6q9ril3q","previousOperationId":"hovp89qkx2oiep2"}
{"type":"operationStart","subtype":"recipe","name":"phantom-pdf","timestamp":1676043476928,"id":"vp2uq9vf2gq33na","previousEventId":"twqzftkslgjr3cf","operationId":"eza36kvhqg42lm3","previousOperationId":"hovp89qkx2oiep2"}
{"type":"log","timestamp":1676043476928,"level":"debug","message":"Executing recipe phantom-pdf","meta":{"rootId":"llo8t9de3o6jfpy","id":"llo8t9de3o6jfpy"},"id":"d7l3ctg9xjofha7","previousOperationId":"eza36kvhqg42lm3"}
{"type":"log","timestamp":1676043480795,"level":"debug","message":"Converting in dedicated phantomjs 1.9.8","meta":{"rootId":"llo8t9de3o6jfpy","id":"llo8t9de3o6jfpy"},"id":"3iwjbahersijhkb","previousOperationId":"eza36kvhqg42lm3"}
{"type":"log","timestamp":1676043480795,"level":"debug","message":"Request file:///C%3A%5CUsers%5Calegu%5CAppData%5CLocal%5CTemp%5C06d33a1a-396f-4608-a94d-8f48bda7673ehtml.html","meta":{"rootId":"llo8t9de3o6jfpy","id":"llo8t9de3o6jfpy"},"id":"w6863u4qebwdkae","previousOperationId":"eza36kvhqg42lm3"}
{"type":"log","timestamp":1676043480796,"level":"debug","message":"Request https://cdnjs.cloudflare.com/ajax/libs/Chart.js/2.1.6/Chart.min.js","meta":{"rootId":"llo8t9de3o6jfpy","id":"llo8t9de3o6jfpy"},"id":"f7te0iyftrkxk88","previousOperationId":"eza36kvhqg42lm3"}
{"type":"log","timestamp":1676043480796,"level":"debug","message":"PhantomJS printing done","meta":{"rootId":"llo8t9de3o6jfpy","id":"llo8t9de3o6jfpy"},"id":"x8tipw2jyhheh03","previousOperationId":"eza36kvhqg42lm3"}
{"type":"log","timestamp":1676043480796,"level":"debug","message":"PhantomJS printing done","meta":{"rootId":"llo8t9de3o6jfpy","id":"llo8t9de3o6jfpy"},"id":"e8woplrht7ote3k","previousOperationId":"eza36kvhqg42lm3"}
{"type":"log","timestamp":1676043480796,"level":"debug","message":"PhantomJS printing done","meta":{"rootId":"llo8t9de3o6jfpy","id":"llo8t9de3o6jfpy"},"id":"x5piua8qbnfdxrz","previousOperationId":"eza36kvhqg42lm3"}
{"type":"log","timestamp":1676043480796,"level":"debug","message":"PhantomJS printing done","meta":{"rootId":"llo8t9de3o6jfpy","id":"llo8t9de3o6jfpy"},"id":"a9rrmd9nxc3ma3x","previousOperationId":"eza36kvhqg42lm3"}
{"type":"log","timestamp":1676043480796,"level":"debug","message":"PhantomJS printing done","meta":{"rootId":"llo8t9de3o6jfpy","id":"llo8t9de3o6jfpy"},"id":"n0hl94ol6jcusgl","previousOperationId":"eza36kvhqg42lm3"}
{"type":"log","timestamp":1676043480796,"level":"debug","message":"PhantomJS printing done","meta":{"rootId":"llo8t9de3o6jfpy","id":"llo8t9de3o6jfpy"},"id":"9bjmrhvfzugqz37","previousOperationId":"eza36kvhqg42lm3"}
{"type":"log","timestamp":1676043480796,"level":"debug","message":"PhantomJS printing done","meta":{"rootId":"llo8t9de3o6jfpy","id":"llo8t9de3o6jfpy"},"id":"27jk85axp89cqph","previousOperationId":"eza36kvhqg42lm3"}
{"type":"log","timestamp":1676043480796,"level":"debug","message":"PhantomJS printing done","meta":{"rootId":"llo8t9de3o6jfpy","id":"llo8t9de3o6jfpy"},"id":"hu47lbirt3tofct","previousOperationId":"eza36kvhqg42lm3"}
{"type":"log","timestamp":1676043480796,"level":"debug","message":"PhantomJS printing done","meta":{"rootId":"llo8t9de3o6jfpy","id":"llo8t9de3o6jfpy"},"id":"t2s5sk5m20rtu12","previousOperationId":"eza36kvhqg42lm3"}
{"type":"log","timestamp":1676043480796,"level":"debug","message":"Request http://intruct-javascript-ending/","meta":{"rootId":"llo8t9de3o6jfpy","id":"llo8t9de3o6jfpy"},"id":"4lp6tln02ojon9j","previousOperationId":"eza36kvhqg42lm3"}
{"type":"log","timestamp":1676043480796,"level":"debug","message":"PhantomJS printing done","meta":{"rootId":"llo8t9de3o6jfpy","id":"llo8t9de3o6jfpy"},"id":"nk8eer0hazshf9e","previousOperationId":"eza36kvhqg42lm3"}
{"type":"log","timestamp":1676043480797,"level":"debug","message":"phantom-pdf recipe finished with 1 pages generated","meta":{"rootId":"llo8t9de3o6jfpy","id":"llo8t9de3o6jfpy"},"id":"y7usowpfsvttgpf","previousOperationId":"eza36kvhqg42lm3"}
{"type":"operationEnd","operationId":"eza36kvhqg42lm3","timestamp":1676043480798,"id":"mujhqfsg5a6c4ly","previousEventId":"vp2uq9vf2gq33na","previousOperationId":"eza36kvhqg42lm3"}
{"type":"log","timestamp":1676043480798,"level":"debug","message":"Skipping storing report.","meta":{"rootId":"llo8t9de3o6jfpy","id":"llo8t9de3o6jfpy"},"id":"o3w8grqc9ljqxsp","previousOperationId":"eza36kvhqg42lm3"}
{"type":"log","timestamp":1676043480798,"level":"info","message":"Rendering request 26 finished in 4155 ms","meta":{"rootId":"llo8t9de3o6jfpy","id":"llo8t9de3o6jfpy"},"id":"g8hxau2huz5kbty","previousOperationId":"eza36kvhqg42lm3"}
{"type":"operationEnd","subtype":"render","operationId":"gs9c4kesu4kk6ma","timestamp":1676043480798,"id":"ul2es09k317p0i5","previousEventId":"mujhqfsg5a6c4ly","previousOperationId":"eza36kvhqg42lm3"}
{"type":"operationEnd","doDiffs":false,"previousEventId":"iyw32lx3a00gwka","previousOperationId":"jrmirg6stxvk9c8","operationId":"jrmirg6stxvk9c8","timestamp":1676043480822,"id":"8r0ww91a72czme0"}
