{"type":"operationStart","subtype":"profile","data":{"_id":"fSZI1LO8yNN8N7Qw","timestamp":"2023-02-09T19:08:30.872Z","state":"queued","mode":"standard","creationDate":"2023-02-09T19:08:30.874Z","modificationDate":"2023-02-09T19:08:30.874Z","shortid":"PDHskgD","$entitySet":"profiles"},"doDiffs":false,"timestamp":1675969710873,"id":"hrm1ryf4v71nrz6","previousOperationId":null,"operationId":"1565jr9w2iru0g1"}
{"type":"log","level":"info","message":"Render request 10 queued for execution and waiting for available worker","previousOperationId":"1565jr9w2iru0g1","timestamp":1675969710873,"id":"ok3h40gen3wldg6"}
{"type":"operationStart","subtype":"render","name":"chart","previousOperationId":"1565jr9w2iru0g1","timestamp":1675969710885,"id":"lyjkcwqecwtlgx1","previousEventId":"hrm1ryf4v71nrz6","operationId":"t30d2qe0sqgr5wo"}
{"type":"log","timestamp":1675969710885,"level":"info","message":"Starting rendering request 10","meta":{"rootId":"lpo28wh15q8y0j0","id":"lpo28wh15q8y0j0"},"id":"m01jprlgo8cecgd","previousOperationId":"t30d2qe0sqgr5wo"}
{"type":"log","timestamp":1675969710885,"level":"info","message":"Rendering template { name: chart, recipe: phantom-pdf, engine: handlebars, preview: true }","meta":{"rootId":"lpo28wh15q8y0j0","id":"lpo28wh15q8y0j0"},"id":"p7opgzcfteyy3wl","previousOperationId":"t30d2qe0sqgr5wo"}
{"type":"log","timestamp":1675969710888,"level":"debug","message":"Inline data specified.","meta":{"rootId":"lpo28wh15q8y0j0","id":"lpo28wh15q8y0j0"},"id":"f6px9sjctq4z426","previousOperationId":"t30d2qe0sqgr5wo"}
{"type":"log","timestamp":1675969710894,"level":"debug","message":"Base url not specified, skipping its injection.","meta":{"rootId":"lpo28wh15q8y0j0","id":"lpo28wh15q8y0j0"},"id":"cqx2bbbf8ixzemu","previousOperationId":"t30d2qe0sqgr5wo"}
{"type":"operationStart","subtype":"engine","name":"handlebars","timestamp":1675969710894,"id":"45qomjinafauoo2","previousEventId":"lyjkcwqecwtlgx1","operationId":"23giprr77msk8rs","previousOperationId":"t30d2qe0sqgr5wo"}
{"type":"log","timestamp":1675969710894,"level":"debug","message":"Rendering engine handlebars","meta":{"rootId":"lpo28wh15q8y0j0","id":"lpo28wh15q8y0j0"},"id":"ipgwfsr1mz3tk9v","previousOperationId":"23giprr77msk8rs"}
{"type":"operationEnd","operationId":"23giprr77msk8rs","timestamp":1675969710918,"id":"nsg7sguphxp8onl","previousEventId":"45qomjinafauoo2","previousOperationId":"23giprr77msk8rs"}
{"type":"operationStart","subtype":"recipe","name":"phantom-pdf","timestamp":1675969710918,"id":"qdpy927n4zs9hfh","previousEventId":"nsg7sguphxp8onl","operationId":"w9hsijzrzqpz1hi","previousOperationId":"23giprr77msk8rs"}
{"type":"log","timestamp":1675969710919,"level":"debug","message":"Executing recipe phantom-pdf","meta":{"rootId":"lpo28wh15q8y0j0","id":"lpo28wh15q8y0j0"},"id":"floxfic95x66t70","previousOperationId":"w9hsijzrzqpz1hi"}
{"type":"log","timestamp":1675969713837,"level":"debug","message":"Converting in dedicated phantomjs 1.9.8","meta":{"rootId":"lpo28wh15q8y0j0","id":"lpo28wh15q8y0j0"},"id":"udko7skhk9bb2hz","previousOperationId":"w9hsijzrzqpz1hi"}
{"type":"log","timestamp":1675969713837,"level":"debug","message":"Request file:///C%3A%5CUsers%5Calegu%5CAppData%5CLocal%5CTemp%5C2201f6f9-a31d-44f0-ad9e-cdcfb720c25fhtml.html","meta":{"rootId":"lpo28wh15q8y0j0","id":"lpo28wh15q8y0j0"},"id":"c61hul14gxmfetv","previousOperationId":"w9hsijzrzqpz1hi"}
{"type":"log","timestamp":1675969713837,"level":"debug","message":"Request https://cdnjs.cloudflare.com/ajax/libs/Chart.js/2.1.6/Chart.min.js","meta":{"rootId":"lpo28wh15q8y0j0","id":"lpo28wh15q8y0j0"},"id":"gvrrhzvw5x87nn3","previousOperationId":"w9hsijzrzqpz1hi"}
{"type":"log","timestamp":1675969713837,"level":"debug","message":"PhantomJS printing done","meta":{"rootId":"lpo28wh15q8y0j0","id":"lpo28wh15q8y0j0"},"id":"mwkju70ce0iq6kg","previousOperationId":"w9hsijzrzqpz1hi"}
{"type":"log","timestamp":1675969713837,"level":"debug","message":"PhantomJS printing done","meta":{"rootId":"lpo28wh15q8y0j0","id":"lpo28wh15q8y0j0"},"id":"ybtgjcg8s3b8an1","previousOperationId":"w9hsijzrzqpz1hi"}
{"type":"log","timestamp":1675969713837,"level":"debug","message":"PhantomJS printing done","meta":{"rootId":"lpo28wh15q8y0j0","id":"lpo28wh15q8y0j0"},"id":"rdrj0k7s3og4gb0","previousOperationId":"w9hsijzrzqpz1hi"}
{"type":"log","timestamp":1675969713837,"level":"debug","message":"PhantomJS printing done","meta":{"rootId":"lpo28wh15q8y0j0","id":"lpo28wh15q8y0j0"},"id":"dr78x4bwfloz85a","previousOperationId":"w9hsijzrzqpz1hi"}
{"type":"log","timestamp":1675969713837,"level":"debug","message":"PhantomJS printing done","meta":{"rootId":"lpo28wh15q8y0j0","id":"lpo28wh15q8y0j0"},"id":"s087yc3xdmvrohk","previousOperationId":"w9hsijzrzqpz1hi"}
{"type":"log","timestamp":1675969713837,"level":"debug","message":"PhantomJS printing done","meta":{"rootId":"lpo28wh15q8y0j0","id":"lpo28wh15q8y0j0"},"id":"q9q70t7y1fqspjy","previousOperationId":"w9hsijzrzqpz1hi"}
{"type":"log","timestamp":1675969713837,"level":"debug","message":"PhantomJS printing done","meta":{"rootId":"lpo28wh15q8y0j0","id":"lpo28wh15q8y0j0"},"id":"9dmbuz9k7jawtgz","previousOperationId":"w9hsijzrzqpz1hi"}
{"type":"log","timestamp":1675969713837,"level":"debug","message":"PhantomJS printing done","meta":{"rootId":"lpo28wh15q8y0j0","id":"lpo28wh15q8y0j0"},"id":"kt3p7inq0bahepz","previousOperationId":"w9hsijzrzqpz1hi"}
{"type":"log","timestamp":1675969713837,"level":"debug","message":"PhantomJS printing done","meta":{"rootId":"lpo28wh15q8y0j0","id":"lpo28wh15q8y0j0"},"id":"3o4rek6pup1x42g","previousOperationId":"w9hsijzrzqpz1hi"}
{"type":"log","timestamp":1675969713837,"level":"debug","message":"Request http://intruct-javascript-ending/","meta":{"rootId":"lpo28wh15q8y0j0","id":"lpo28wh15q8y0j0"},"id":"7nsi06n029k8o9w","previousOperationId":"w9hsijzrzqpz1hi"}
{"type":"log","timestamp":1675969713837,"level":"debug","message":"PhantomJS printing done","meta":{"rootId":"lpo28wh15q8y0j0","id":"lpo28wh15q8y0j0"},"id":"ryp9lugskrg5fw7","previousOperationId":"w9hsijzrzqpz1hi"}
{"type":"log","timestamp":1675969713838,"level":"debug","message":"phantom-pdf recipe finished with 1 pages generated","meta":{"rootId":"lpo28wh15q8y0j0","id":"lpo28wh15q8y0j0"},"id":"teqqwzmimak1vsn","previousOperationId":"w9hsijzrzqpz1hi"}
{"type":"operationEnd","operationId":"w9hsijzrzqpz1hi","timestamp":1675969713838,"id":"032qqvwlz4qfqu0","previousEventId":"qdpy927n4zs9hfh","previousOperationId":"w9hsijzrzqpz1hi"}
{"type":"log","timestamp":1675969713838,"level":"debug","message":"Skipping storing report.","meta":{"rootId":"lpo28wh15q8y0j0","id":"lpo28wh15q8y0j0"},"id":"j4tg97f4ptrnr4q","previousOperationId":"w9hsijzrzqpz1hi"}
{"type":"log","timestamp":1675969713838,"level":"info","message":"Rendering request 10 finished in 2966 ms","meta":{"rootId":"lpo28wh15q8y0j0","id":"lpo28wh15q8y0j0"},"id":"1i8tla9ty9pcpml","previousOperationId":"w9hsijzrzqpz1hi"}
{"type":"operationEnd","subtype":"render","operationId":"t30d2qe0sqgr5wo","timestamp":1675969713838,"id":"6t4wced3qk1xoc1","previousEventId":"032qqvwlz4qfqu0","previousOperationId":"w9hsijzrzqpz1hi"}
{"type":"operationEnd","doDiffs":false,"previousEventId":"hrm1ryf4v71nrz6","previousOperationId":"1565jr9w2iru0g1","operationId":"1565jr9w2iru0g1","timestamp":1675969713862,"id":"j5d20t5232nbtfl"}
