{"type":"operationStart","subtype":"profile","data":{"_id":"WwCvD86TRvwT027o","timestamp":"2023-02-10T15:39:07.422Z","state":"queued","mode":"standard","creationDate":"2023-02-10T15:39:07.424Z","modificationDate":"2023-02-10T15:39:07.424Z","shortid":"urFB3nk","$entitySet":"profiles"},"doDiffs":false,"timestamp":1676043547423,"id":"99ilrbiikcxsw2d","previousOperationId":null,"operationId":"y2s5n76v0u4ucc3"}
{"type":"log","level":"info","message":"Render request 28 queued for execution and waiting for available worker","previousOperationId":"y2s5n76v0u4ucc3","timestamp":1676043547423,"id":"tjvnwigphz68l0d"}
{"type":"operationStart","subtype":"render","name":"chart","previousOperationId":"y2s5n76v0u4ucc3","timestamp":1676043547436,"id":"99y3anks7h6h0jz","previousEventId":"99ilrbiikcxsw2d","operationId":"axb90s86glqcmfa"}
{"type":"log","timestamp":1676043547436,"level":"info","message":"Starting rendering request 28","meta":{"rootId":"lsffiq1bxmo2bsd","id":"lsffiq1bxmo2bsd"},"id":"swrlqz0w19lkqw7","previousOperationId":"axb90s86glqcmfa"}
{"type":"log","timestamp":1676043547438,"level":"info","message":"Rendering template { name: chart, recipe: phantom-pdf, engine: handlebars, preview: true }","meta":{"rootId":"lsffiq1bxmo2bsd","id":"lsffiq1bxmo2bsd"},"id":"a842qqcdrru67pr","previousOperationId":"axb90s86glqcmfa"}
{"type":"log","timestamp":1676043547440,"level":"debug","message":"Data item not defined for this template.","meta":{"rootId":"lsffiq1bxmo2bsd","id":"lsffiq1bxmo2bsd"},"id":"51gq8uycmxuq64g","previousOperationId":"axb90s86glqcmfa"}
{"type":"log","timestamp":1676043547445,"level":"debug","message":"Executing script chartscript (beforeRender)","meta":{"rootId":"lsffiq1bxmo2bsd","id":"lsffiq1bxmo2bsd"},"id":"779ql6k11akui2w","previousOperationId":"axb90s86glqcmfa"}
{"type":"operationStart","subtype":"scriptsBeforeRender","name":"scripts beforeRender","timestamp":1676043547471,"id":"5ill4r0q5c0aas4","previousEventId":"99y3anks7h6h0jz","operationId":"ymhli95zkamp9de","previousOperationId":"axb90s86glqcmfa"}
{"type":"operationStart","subtype":"script","name":"scripts chartscript","previousOperationId":"ymhli95zkamp9de","timestamp":1676043547471,"id":"75te4sakkvyls4x","previousEventId":"5ill4r0q5c0aas4","operationId":"1g92o58p7rdabm8"}
{"type":"log","timestamp":1676043547675,"level":"debug","message":"(console:log) [ 20, 10 ]","meta":{"userLevel":true,"rootId":"lsffiq1bxmo2bsd","id":"lsffiq1bxmo2bsd"},"id":"34bpzbema4sd6pf","previousOperationId":"1g92o58p7rdabm8"}
{"type":"log","timestamp":1676043547675,"level":"debug","message":"(console:log) [ 20, 10 ]","meta":{"userLevel":true,"rootId":"lsffiq1bxmo2bsd","id":"lsffiq1bxmo2bsd"},"id":"z9wjlqap6kae7ye","previousOperationId":"1g92o58p7rdabm8"}
{"type":"operationEnd","operationId":"1g92o58p7rdabm8","timestamp":1676043547676,"id":"xdy7b8ba56f3qrv","previousEventId":"99y3anks7h6h0jz","previousOperationId":"axb90s86glqcmfa"}
{"type":"operationEnd","operationId":"ymhli95zkamp9de","timestamp":1676043547676,"id":"n8erj5isd26b59h","previousEventId":"xdy7b8ba56f3qrv","previousOperationId":"axb90s86glqcmfa"}
{"type":"log","timestamp":1676043547676,"level":"debug","message":"Base url not specified, skipping its injection.","meta":{"rootId":"lsffiq1bxmo2bsd","id":"lsffiq1bxmo2bsd"},"id":"z8oyu2r526s3dlt","previousOperationId":"ymhli95zkamp9de"}
{"type":"operationStart","subtype":"engine","name":"handlebars","timestamp":1676043547677,"id":"a1sizb4ovvm6uhq","previousEventId":"n8erj5isd26b59h","operationId":"tf788vevdn4due0","previousOperationId":"ymhli95zkamp9de"}
{"type":"log","timestamp":1676043547677,"level":"debug","message":"Rendering engine handlebars","meta":{"rootId":"lsffiq1bxmo2bsd","id":"lsffiq1bxmo2bsd"},"id":"i3t0dsd2yer4ixt","previousOperationId":"tf788vevdn4due0"}
{"type":"log","timestamp":1676043547696,"level":"debug","message":"(console:log) [ 20, 10 ]","meta":{"userLevel":true,"rootId":"lsffiq1bxmo2bsd","id":"lsffiq1bxmo2bsd"},"id":"6d1ijgs9q3u93gn","previousOperationId":"tf788vevdn4due0"}
{"type":"log","timestamp":1676043547697,"level":"debug","message":"(console:log) [20,10]","meta":{"userLevel":true,"rootId":"lsffiq1bxmo2bsd","id":"lsffiq1bxmo2bsd"},"id":"qp795915olonxgv","previousOperationId":"tf788vevdn4due0"}
{"type":"operationEnd","operationId":"tf788vevdn4due0","timestamp":1676043547697,"id":"dcoea0aqgrvu3zy","previousEventId":"a1sizb4ovvm6uhq","previousOperationId":"tf788vevdn4due0"}
{"type":"operationStart","subtype":"recipe","name":"phantom-pdf","timestamp":1676043547698,"id":"n7n81c54vala2yg","previousEventId":"dcoea0aqgrvu3zy","operationId":"gxvhfttp24kad79","previousOperationId":"tf788vevdn4due0"}
{"type":"log","timestamp":1676043547698,"level":"debug","message":"Executing recipe phantom-pdf","meta":{"rootId":"lsffiq1bxmo2bsd","id":"lsffiq1bxmo2bsd"},"id":"snymnf1sf1db9yc","previousOperationId":"gxvhfttp24kad79"}
{"type":"log","timestamp":1676043551130,"level":"debug","message":"Converting in dedicated phantomjs 1.9.8","meta":{"rootId":"lsffiq1bxmo2bsd","id":"lsffiq1bxmo2bsd"},"id":"9ip32zcmgljq8n3","previousOperationId":"gxvhfttp24kad79"}
{"type":"log","timestamp":1676043551130,"level":"debug","message":"Request file:///C%3A%5CUsers%5Calegu%5CAppData%5CLocal%5CTemp%5C3e76610c-3429-4681-886d-151d677c1145html.html","meta":{"rootId":"lsffiq1bxmo2bsd","id":"lsffiq1bxmo2bsd"},"id":"6ayi8b8ycivr9ve","previousOperationId":"gxvhfttp24kad79"}
{"type":"log","timestamp":1676043551130,"level":"debug","message":"Request https://cdnjs.cloudflare.com/ajax/libs/Chart.js/2.1.6/Chart.min.js","meta":{"rootId":"lsffiq1bxmo2bsd","id":"lsffiq1bxmo2bsd"},"id":"qjb9h0wbgnjva8t","previousOperationId":"gxvhfttp24kad79"}
{"type":"log","timestamp":1676043551130,"level":"debug","message":"PhantomJS printing done","meta":{"rootId":"lsffiq1bxmo2bsd","id":"lsffiq1bxmo2bsd"},"id":"lactgbn8wz6w7uz","previousOperationId":"gxvhfttp24kad79"}
{"type":"log","timestamp":1676043551130,"level":"debug","message":"PhantomJS printing done","meta":{"rootId":"lsffiq1bxmo2bsd","id":"lsffiq1bxmo2bsd"},"id":"0a8g22h2v75caa5","previousOperationId":"gxvhfttp24kad79"}
{"type":"log","timestamp":1676043551130,"level":"debug","message":"PhantomJS printing done","meta":{"rootId":"lsffiq1bxmo2bsd","id":"lsffiq1bxmo2bsd"},"id":"yfblo0pglknr6zc","previousOperationId":"gxvhfttp24kad79"}
{"type":"log","timestamp":1676043551130,"level":"debug","message":"PhantomJS printing done","meta":{"rootId":"lsffiq1bxmo2bsd","id":"lsffiq1bxmo2bsd"},"id":"f0uktb7urqv9hfs","previousOperationId":"gxvhfttp24kad79"}
{"type":"log","timestamp":1676043551130,"level":"debug","message":"PhantomJS printing done","meta":{"rootId":"lsffiq1bxmo2bsd","id":"lsffiq1bxmo2bsd"},"id":"mml681327dtu08f","previousOperationId":"gxvhfttp24kad79"}
{"type":"log","timestamp":1676043551130,"level":"debug","message":"PhantomJS printing done","meta":{"rootId":"lsffiq1bxmo2bsd","id":"lsffiq1bxmo2bsd"},"id":"i04z17jrjxp7rpx","previousOperationId":"gxvhfttp24kad79"}
{"type":"log","timestamp":1676043551130,"level":"debug","message":"PhantomJS printing done","meta":{"rootId":"lsffiq1bxmo2bsd","id":"lsffiq1bxmo2bsd"},"id":"3ii4c1q35azyqg6","previousOperationId":"gxvhfttp24kad79"}
{"type":"log","timestamp":1676043551130,"level":"debug","message":"PhantomJS printing done","meta":{"rootId":"lsffiq1bxmo2bsd","id":"lsffiq1bxmo2bsd"},"id":"bgjquhnmaukn3x6","previousOperationId":"gxvhfttp24kad79"}
{"type":"log","timestamp":1676043551131,"level":"debug","message":"PhantomJS printing done","meta":{"rootId":"lsffiq1bxmo2bsd","id":"lsffiq1bxmo2bsd"},"id":"77fcwljqc6emt5y","previousOperationId":"gxvhfttp24kad79"}
{"type":"log","timestamp":1676043551131,"level":"debug","message":"PhantomJS printing done","meta":{"rootId":"lsffiq1bxmo2bsd","id":"lsffiq1bxmo2bsd"},"id":"hkc6puks7fys0kd","previousOperationId":"gxvhfttp24kad79"}
{"type":"log","timestamp":1676043551131,"level":"debug","message":"Request http://intruct-javascript-ending/","meta":{"rootId":"lsffiq1bxmo2bsd","id":"lsffiq1bxmo2bsd"},"id":"6y69xj2be7t22jo","previousOperationId":"gxvhfttp24kad79"}
{"type":"log","timestamp":1676043551131,"level":"debug","message":"PhantomJS printing done","meta":{"rootId":"lsffiq1bxmo2bsd","id":"lsffiq1bxmo2bsd"},"id":"0m2zmkkjw3qlzqo","previousOperationId":"gxvhfttp24kad79"}
{"type":"log","timestamp":1676043551132,"level":"debug","message":"phantom-pdf recipe finished with 1 pages generated","meta":{"rootId":"lsffiq1bxmo2bsd","id":"lsffiq1bxmo2bsd"},"id":"p9gix779lt832eb","previousOperationId":"gxvhfttp24kad79"}
{"type":"operationEnd","operationId":"gxvhfttp24kad79","timestamp":1676043551132,"id":"vkvbnwqz85azq6q","previousEventId":"n7n81c54vala2yg","previousOperationId":"gxvhfttp24kad79"}
{"type":"log","timestamp":1676043551132,"level":"debug","message":"Skipping storing report.","meta":{"rootId":"lsffiq1bxmo2bsd","id":"lsffiq1bxmo2bsd"},"id":"jsq2rbeyyphp9b9","previousOperationId":"gxvhfttp24kad79"}
{"type":"log","timestamp":1676043551132,"level":"info","message":"Rendering request 28 finished in 3710 ms","meta":{"rootId":"lsffiq1bxmo2bsd","id":"lsffiq1bxmo2bsd"},"id":"tvwgv2xmqb7nwzj","previousOperationId":"gxvhfttp24kad79"}
{"type":"operationEnd","subtype":"render","operationId":"axb90s86glqcmfa","timestamp":1676043551132,"id":"yaxnxvndvp2qojx","previousEventId":"vkvbnwqz85azq6q","previousOperationId":"gxvhfttp24kad79"}
{"type":"operationEnd","doDiffs":false,"previousEventId":"99ilrbiikcxsw2d","previousOperationId":"y2s5n76v0u4ucc3","operationId":"y2s5n76v0u4ucc3","timestamp":1676043551157,"id":"tpmtv0c62jvzf9p"}
