{"type":"operationStart","subtype":"profile","data":{"_id":"IVMYXSKvpBOztTDX","timestamp":"2023-02-10T15:15:57.555Z","state":"queued","mode":"standard","creationDate":"2023-02-10T15:15:57.557Z","modificationDate":"2023-02-10T15:15:57.557Z","shortid":"Jd4to0z","$entitySet":"profiles"},"doDiffs":false,"timestamp":1676042157556,"id":"sh8cdkrgu7yms45","previousOperationId":null,"operationId":"uhqn151pvt62p2c"}
{"type":"log","level":"info","message":"Render request 5 queued for execution and waiting for available worker","previousOperationId":"uhqn151pvt62p2c","timestamp":1676042157556,"id":"dqsuitt5j4fps2d"}
{"type":"operationStart","subtype":"render","name":"chart","previousOperationId":"uhqn151pvt62p2c","timestamp":1676042157570,"id":"orqjceam4r7awld","previousEventId":"sh8cdkrgu7yms45","operationId":"rh6l05usoop6esx"}
{"type":"log","timestamp":1676042157570,"level":"info","message":"Starting rendering request 5","meta":{"rootId":"map22d9qosi9qk3","id":"map22d9qosi9qk3"},"id":"ct5zvb517xambn1","previousOperationId":"rh6l05usoop6esx"}
{"type":"log","timestamp":1676042157571,"level":"info","message":"Rendering template { name: chart, recipe: phantom-pdf, engine: handlebars, preview: true }","meta":{"rootId":"map22d9qosi9qk3","id":"map22d9qosi9qk3"},"id":"ymuzli0owu76gj4","previousOperationId":"rh6l05usoop6esx"}
{"type":"log","timestamp":1676042157575,"level":"debug","message":"Data item not defined for this template.","meta":{"rootId":"map22d9qosi9qk3","id":"map22d9qosi9qk3"},"id":"dex2t5vp4ajfvsg","previousOperationId":"rh6l05usoop6esx"}
{"type":"log","timestamp":1676042157581,"level":"debug","message":"Executing script chartscript (beforeRender)","meta":{"rootId":"map22d9qosi9qk3","id":"map22d9qosi9qk3"},"id":"2egu9u15lf85gzf","previousOperationId":"rh6l05usoop6esx"}
{"type":"operationStart","subtype":"scriptsBeforeRender","name":"scripts beforeRender","timestamp":1676042157611,"id":"ri3idompryrru3v","previousEventId":"orqjceam4r7awld","operationId":"cjo2rkjbjnal48i","previousOperationId":"rh6l05usoop6esx"}
{"type":"operationStart","subtype":"script","name":"scripts chartscript","previousOperationId":"cjo2rkjbjnal48i","timestamp":1676042157611,"id":"bb37gqhe7r9izck","previousEventId":"ri3idompryrru3v","operationId":"8pfyzevyeuvovm1"}
{"type":"operationEnd","operationId":"8pfyzevyeuvovm1","timestamp":1676042157824,"id":"xgvgosiukbh4rwt","previousEventId":"orqjceam4r7awld","previousOperationId":"rh6l05usoop6esx"}
{"type":"operationEnd","operationId":"cjo2rkjbjnal48i","timestamp":1676042157824,"id":"6wu6n87uxrgo742","previousEventId":"xgvgosiukbh4rwt","previousOperationId":"rh6l05usoop6esx"}
{"type":"log","timestamp":1676042157824,"level":"debug","message":"Base url not specified, skipping its injection.","meta":{"rootId":"map22d9qosi9qk3","id":"map22d9qosi9qk3"},"id":"qvgl2u21ocw4wp9","previousOperationId":"cjo2rkjbjnal48i"}
{"type":"operationStart","subtype":"engine","name":"handlebars","timestamp":1676042157825,"id":"f03jptus2ihkow0","previousEventId":"6wu6n87uxrgo742","operationId":"ktw566wnqzck0n0","previousOperationId":"cjo2rkjbjnal48i"}
{"type":"log","timestamp":1676042157825,"level":"debug","message":"Rendering engine handlebars","meta":{"rootId":"map22d9qosi9qk3","id":"map22d9qosi9qk3"},"id":"qf73tq8wevrw8e8","previousOperationId":"ktw566wnqzck0n0"}
{"type":"log","timestamp":1676042157842,"level":"debug","message":"(console:log) \"{\\\"articulos\\\":[50,6]}\"","meta":{"userLevel":true,"rootId":"map22d9qosi9qk3","id":"map22d9qosi9qk3"},"id":"ihgnu2uaq0aejbe","previousOperationId":"ktw566wnqzck0n0"}
{"type":"operationEnd","operationId":"ktw566wnqzck0n0","timestamp":1676042157842,"id":"ylruup41utobjbz","previousEventId":"f03jptus2ihkow0","previousOperationId":"ktw566wnqzck0n0"}
{"type":"operationStart","subtype":"recipe","name":"phantom-pdf","timestamp":1676042157843,"id":"u0bpsvnwm2k7qu4","previousEventId":"ylruup41utobjbz","operationId":"comkp3f9trcsmfu","previousOperationId":"ktw566wnqzck0n0"}
{"type":"log","timestamp":1676042157843,"level":"debug","message":"Executing recipe phantom-pdf","meta":{"rootId":"map22d9qosi9qk3","id":"map22d9qosi9qk3"},"id":"4xudj1exnzzpmro","previousOperationId":"comkp3f9trcsmfu"}
{"type":"log","timestamp":1676042160965,"level":"debug","message":"Converting in dedicated phantomjs 1.9.8","meta":{"rootId":"map22d9qosi9qk3","id":"map22d9qosi9qk3"},"id":"nc4dm9y27zi5mqn","previousOperationId":"comkp3f9trcsmfu"}
{"type":"log","timestamp":1676042160965,"level":"debug","message":"Request file:///C%3A%5CUsers%5Calegu%5CAppData%5CLocal%5CTemp%5Ca9b786dd-64cb-41bf-bc81-e5eb562debdahtml.html","meta":{"rootId":"map22d9qosi9qk3","id":"map22d9qosi9qk3"},"id":"hk8jsurctqig9pz","previousOperationId":"comkp3f9trcsmfu"}
{"type":"log","timestamp":1676042160965,"level":"debug","message":"Request https://cdnjs.cloudflare.com/ajax/libs/Chart.js/2.1.6/Chart.min.js","meta":{"rootId":"map22d9qosi9qk3","id":"map22d9qosi9qk3"},"id":"0mzfrnn0mzvnfgy","previousOperationId":"comkp3f9trcsmfu"}
{"type":"log","timestamp":1676042160965,"level":"debug","message":"PhantomJS printing done","meta":{"rootId":"map22d9qosi9qk3","id":"map22d9qosi9qk3"},"id":"jqq1liw40cbpqxh","previousOperationId":"comkp3f9trcsmfu"}
{"type":"log","timestamp":1676042160965,"level":"debug","message":"PhantomJS printing done","meta":{"rootId":"map22d9qosi9qk3","id":"map22d9qosi9qk3"},"id":"77l7vjfqn5w9u5w","previousOperationId":"comkp3f9trcsmfu"}
{"type":"log","timestamp":1676042160965,"level":"debug","message":"PhantomJS printing done","meta":{"rootId":"map22d9qosi9qk3","id":"map22d9qosi9qk3"},"id":"bihauhmvgk3lw2m","previousOperationId":"comkp3f9trcsmfu"}
{"type":"log","timestamp":1676042160965,"level":"debug","message":"PhantomJS printing done","meta":{"rootId":"map22d9qosi9qk3","id":"map22d9qosi9qk3"},"id":"zrwoja8ybyuqq3g","previousOperationId":"comkp3f9trcsmfu"}
{"type":"log","timestamp":1676042160965,"level":"debug","message":"PhantomJS printing done","meta":{"rootId":"map22d9qosi9qk3","id":"map22d9qosi9qk3"},"id":"em0szu5mxgvst9u","previousOperationId":"comkp3f9trcsmfu"}
{"type":"log","timestamp":1676042160965,"level":"debug","message":"PhantomJS printing done","meta":{"rootId":"map22d9qosi9qk3","id":"map22d9qosi9qk3"},"id":"fiwlp2dikagkm12","previousOperationId":"comkp3f9trcsmfu"}
{"type":"log","timestamp":1676042160965,"level":"debug","message":"PhantomJS printing done","meta":{"rootId":"map22d9qosi9qk3","id":"map22d9qosi9qk3"},"id":"vm2l2yss7bl42xd","previousOperationId":"comkp3f9trcsmfu"}
{"type":"log","timestamp":1676042160965,"level":"debug","message":"PhantomJS printing done","meta":{"rootId":"map22d9qosi9qk3","id":"map22d9qosi9qk3"},"id":"x0a1m4fk8ljhkyr","previousOperationId":"comkp3f9trcsmfu"}
{"type":"log","timestamp":1676042160965,"level":"debug","message":"PhantomJS printing done","meta":{"rootId":"map22d9qosi9qk3","id":"map22d9qosi9qk3"},"id":"l9frbxubgbuxlzf","previousOperationId":"comkp3f9trcsmfu"}
{"type":"log","timestamp":1676042160965,"level":"debug","message":"PhantomJS printing done","meta":{"rootId":"map22d9qosi9qk3","id":"map22d9qosi9qk3"},"id":"h66wsl9l6j28htf","previousOperationId":"comkp3f9trcsmfu"}
{"type":"log","timestamp":1676042160965,"level":"debug","message":"Request http://intruct-javascript-ending/","meta":{"rootId":"map22d9qosi9qk3","id":"map22d9qosi9qk3"},"id":"aax14qg3l4l3r96","previousOperationId":"comkp3f9trcsmfu"}
{"type":"log","timestamp":1676042160965,"level":"debug","message":"PhantomJS printing done","meta":{"rootId":"map22d9qosi9qk3","id":"map22d9qosi9qk3"},"id":"wis351ou1xkkuwm","previousOperationId":"comkp3f9trcsmfu"}
{"type":"log","timestamp":1676042160966,"level":"debug","message":"phantom-pdf recipe finished with 1 pages generated","meta":{"rootId":"map22d9qosi9qk3","id":"map22d9qosi9qk3"},"id":"zeq4g6926q6h9nt","previousOperationId":"comkp3f9trcsmfu"}
{"type":"operationEnd","operationId":"comkp3f9trcsmfu","timestamp":1676042160966,"id":"dz36zahoguvjdx0","previousEventId":"u0bpsvnwm2k7qu4","previousOperationId":"comkp3f9trcsmfu"}
{"type":"log","timestamp":1676042160966,"level":"debug","message":"Skipping storing report.","meta":{"rootId":"map22d9qosi9qk3","id":"map22d9qosi9qk3"},"id":"5prxm2d9w48ppl1","previousOperationId":"comkp3f9trcsmfu"}
{"type":"log","timestamp":1676042160966,"level":"info","message":"Rendering request 5 finished in 3412 ms","meta":{"rootId":"map22d9qosi9qk3","id":"map22d9qosi9qk3"},"id":"bcq2y0dbpd0s7nu","previousOperationId":"comkp3f9trcsmfu"}
{"type":"operationEnd","subtype":"render","operationId":"rh6l05usoop6esx","timestamp":1676042160966,"id":"2enpm5w0kbp6vg2","previousEventId":"dz36zahoguvjdx0","previousOperationId":"comkp3f9trcsmfu"}
{"type":"operationEnd","doDiffs":false,"previousEventId":"sh8cdkrgu7yms45","previousOperationId":"uhqn151pvt62p2c","operationId":"uhqn151pvt62p2c","timestamp":1676042160997,"id":"03uiloypibsk97a"}
