{"type":"operationStart","subtype":"profile","data":{"_id":"fChX1MYXMwRVFxmh","timestamp":"2023-02-10T15:16:36.356Z","state":"queued","mode":"standard","creationDate":"2023-02-10T15:16:36.358Z","modificationDate":"2023-02-10T15:16:36.358Z","shortid":"25HHJOi","$entitySet":"profiles"},"doDiffs":false,"timestamp":1676042196357,"id":"ow3affq1auo8ppq","previousOperationId":null,"operationId":"zei41og92lez8aq"}
{"type":"log","level":"info","message":"Render request 8 queued for execution and waiting for available worker","previousOperationId":"zei41og92lez8aq","timestamp":1676042196357,"id":"mf5kk8zjk7h14cw"}
{"type":"operationStart","subtype":"render","name":"chart","previousOperationId":"zei41og92lez8aq","timestamp":1676042196377,"id":"xjicq9yyv46ybwu","previousEventId":"ow3affq1auo8ppq","operationId":"h0jmq09kmxgws12"}
{"type":"log","timestamp":1676042196377,"level":"info","message":"Starting rendering request 8","meta":{"rootId":"mk6kj6antz48iew","id":"mk6kj6antz48iew"},"id":"1mytoemoqqurhfs","previousOperationId":"h0jmq09kmxgws12"}
{"type":"log","timestamp":1676042196378,"level":"info","message":"Rendering template { name: chart, recipe: phantom-pdf, engine: handlebars, preview: true }","meta":{"rootId":"mk6kj6antz48iew","id":"mk6kj6antz48iew"},"id":"t2cn3yyk3mhxdg4","previousOperationId":"h0jmq09kmxgws12"}
{"type":"log","timestamp":1676042196381,"level":"debug","message":"Data item not defined for this template.","meta":{"rootId":"mk6kj6antz48iew","id":"mk6kj6antz48iew"},"id":"o33tv5y5ltzgd43","previousOperationId":"h0jmq09kmxgws12"}
{"type":"log","timestamp":1676042196390,"level":"debug","message":"Executing script chartscript (beforeRender)","meta":{"rootId":"mk6kj6antz48iew","id":"mk6kj6antz48iew"},"id":"sygzxf4f8ywkg5d","previousOperationId":"h0jmq09kmxgws12"}
{"type":"operationStart","subtype":"scriptsBeforeRender","name":"scripts beforeRender","timestamp":1676042196421,"id":"0a80lh2g0i53z5g","previousEventId":"xjicq9yyv46ybwu","operationId":"2ly5hkq39ks70yf","previousOperationId":"h0jmq09kmxgws12"}
{"type":"operationStart","subtype":"script","name":"scripts chartscript","previousOperationId":"2ly5hkq39ks70yf","timestamp":1676042196421,"id":"wmx00gt3w46eqwg","previousEventId":"0a80lh2g0i53z5g","operationId":"rsebi0n93a1ynad"}
{"type":"operationEnd","operationId":"rsebi0n93a1ynad","timestamp":1676042196622,"id":"f5fj9b510kwiexs","previousEventId":"xjicq9yyv46ybwu","previousOperationId":"h0jmq09kmxgws12"}
{"type":"operationEnd","operationId":"2ly5hkq39ks70yf","timestamp":1676042196622,"id":"39xsk7s2rtszm7v","previousEventId":"f5fj9b510kwiexs","previousOperationId":"h0jmq09kmxgws12"}
{"type":"log","timestamp":1676042196622,"level":"debug","message":"Base url not specified, skipping its injection.","meta":{"rootId":"mk6kj6antz48iew","id":"mk6kj6antz48iew"},"id":"b37jx35h4c3nn67","previousOperationId":"2ly5hkq39ks70yf"}
{"type":"operationStart","subtype":"engine","name":"handlebars","timestamp":1676042196622,"id":"d6119g8cddseby6","previousEventId":"39xsk7s2rtszm7v","operationId":"5rlhhey1j8ri3wp","previousOperationId":"2ly5hkq39ks70yf"}
{"type":"log","timestamp":1676042196622,"level":"debug","message":"Rendering engine handlebars","meta":{"rootId":"mk6kj6antz48iew","id":"mk6kj6antz48iew"},"id":"x1koqztpvga25e1","previousOperationId":"5rlhhey1j8ri3wp"}
{"type":"operationEnd","operationId":"5rlhhey1j8ri3wp","timestamp":1676042196636,"id":"alcl5cwe2kjnhnt","previousEventId":"d6119g8cddseby6","previousOperationId":"5rlhhey1j8ri3wp"}
{"type":"operationStart","subtype":"recipe","name":"phantom-pdf","timestamp":1676042196636,"id":"cufk5awmjrhp2lj","previousEventId":"alcl5cwe2kjnhnt","operationId":"wr101xjgjgcuoxb","previousOperationId":"5rlhhey1j8ri3wp"}
{"type":"log","timestamp":1676042196636,"level":"debug","message":"Executing recipe phantom-pdf","meta":{"rootId":"mk6kj6antz48iew","id":"mk6kj6antz48iew"},"id":"rn7yby9erl4r06b","previousOperationId":"wr101xjgjgcuoxb"}
{"type":"log","timestamp":1676042199618,"level":"debug","message":"Converting in dedicated phantomjs 1.9.8","meta":{"rootId":"mk6kj6antz48iew","id":"mk6kj6antz48iew"},"id":"jptfszuyg3wr1gi","previousOperationId":"wr101xjgjgcuoxb"}
{"type":"log","timestamp":1676042199618,"level":"debug","message":"Request file:///C%3A%5CUsers%5Calegu%5CAppData%5CLocal%5CTemp%5C7d8c0eeb-5d52-4de2-85e5-f246cc794debhtml.html","meta":{"rootId":"mk6kj6antz48iew","id":"mk6kj6antz48iew"},"id":"l04rqnwuwcfbvu4","previousOperationId":"wr101xjgjgcuoxb"}
{"type":"log","timestamp":1676042199618,"level":"debug","message":"Request https://cdnjs.cloudflare.com/ajax/libs/Chart.js/2.1.6/Chart.min.js","meta":{"rootId":"mk6kj6antz48iew","id":"mk6kj6antz48iew"},"id":"4papw114ntq6ami","previousOperationId":"wr101xjgjgcuoxb"}
{"type":"log","timestamp":1676042199618,"level":"debug","message":"PhantomJS printing done","meta":{"rootId":"mk6kj6antz48iew","id":"mk6kj6antz48iew"},"id":"h5lga61wkq7hoy8","previousOperationId":"wr101xjgjgcuoxb"}
{"type":"log","timestamp":1676042199618,"level":"debug","message":"PhantomJS printing done","meta":{"rootId":"mk6kj6antz48iew","id":"mk6kj6antz48iew"},"id":"hxiagxjor5lfpjr","previousOperationId":"wr101xjgjgcuoxb"}
{"type":"log","timestamp":1676042199618,"level":"debug","message":"PhantomJS printing done","meta":{"rootId":"mk6kj6antz48iew","id":"mk6kj6antz48iew"},"id":"6lhp7ab16afrbdx","previousOperationId":"wr101xjgjgcuoxb"}
{"type":"log","timestamp":1676042199618,"level":"debug","message":"PhantomJS printing done","meta":{"rootId":"mk6kj6antz48iew","id":"mk6kj6antz48iew"},"id":"j5codgdb3sul4fx","previousOperationId":"wr101xjgjgcuoxb"}
{"type":"log","timestamp":1676042199618,"level":"debug","message":"PhantomJS printing done","meta":{"rootId":"mk6kj6antz48iew","id":"mk6kj6antz48iew"},"id":"phwmo9o440vca9q","previousOperationId":"wr101xjgjgcuoxb"}
{"type":"log","timestamp":1676042199618,"level":"debug","message":"PhantomJS printing done","meta":{"rootId":"mk6kj6antz48iew","id":"mk6kj6antz48iew"},"id":"7olhbndyq723ycl","previousOperationId":"wr101xjgjgcuoxb"}
{"type":"log","timestamp":1676042199618,"level":"debug","message":"PhantomJS printing done","meta":{"rootId":"mk6kj6antz48iew","id":"mk6kj6antz48iew"},"id":"hamvb6b3u1m74h1","previousOperationId":"wr101xjgjgcuoxb"}
{"type":"log","timestamp":1676042199618,"level":"debug","message":"PhantomJS printing done","meta":{"rootId":"mk6kj6antz48iew","id":"mk6kj6antz48iew"},"id":"xkd6bwkd8x787ep","previousOperationId":"wr101xjgjgcuoxb"}
{"type":"log","timestamp":1676042199618,"level":"debug","message":"PhantomJS printing done","meta":{"rootId":"mk6kj6antz48iew","id":"mk6kj6antz48iew"},"id":"jki3drji656ioln","previousOperationId":"wr101xjgjgcuoxb"}
{"type":"log","timestamp":1676042199618,"level":"debug","message":"Request http://intruct-javascript-ending/","meta":{"rootId":"mk6kj6antz48iew","id":"mk6kj6antz48iew"},"id":"g7k4r17v5ogieyv","previousOperationId":"wr101xjgjgcuoxb"}
{"type":"log","timestamp":1676042199618,"level":"debug","message":"PhantomJS printing done","meta":{"rootId":"mk6kj6antz48iew","id":"mk6kj6antz48iew"},"id":"2kif5vreb2f8gw1","previousOperationId":"wr101xjgjgcuoxb"}
{"type":"log","timestamp":1676042199619,"level":"debug","message":"phantom-pdf recipe finished with 1 pages generated","meta":{"rootId":"mk6kj6antz48iew","id":"mk6kj6antz48iew"},"id":"7d780717egni4zz","previousOperationId":"wr101xjgjgcuoxb"}
{"type":"operationEnd","operationId":"wr101xjgjgcuoxb","timestamp":1676042199619,"id":"ne32wu804l96l3i","previousEventId":"cufk5awmjrhp2lj","previousOperationId":"wr101xjgjgcuoxb"}
{"type":"log","timestamp":1676042199619,"level":"debug","message":"Skipping storing report.","meta":{"rootId":"mk6kj6antz48iew","id":"mk6kj6antz48iew"},"id":"oo0zxe57njh9o3z","previousOperationId":"wr101xjgjgcuoxb"}
{"type":"log","timestamp":1676042199620,"level":"info","message":"Rendering request 8 finished in 3264 ms","meta":{"rootId":"mk6kj6antz48iew","id":"mk6kj6antz48iew"},"id":"zbzx51auf9a45tq","previousOperationId":"wr101xjgjgcuoxb"}
{"type":"operationEnd","subtype":"render","operationId":"h0jmq09kmxgws12","timestamp":1676042199620,"id":"4d0zbhq56je1xc2","previousEventId":"ne32wu804l96l3i","previousOperationId":"wr101xjgjgcuoxb"}
{"type":"operationEnd","doDiffs":false,"previousEventId":"ow3affq1auo8ppq","previousOperationId":"zei41og92lez8aq","operationId":"zei41og92lez8aq","timestamp":1676042199644,"id":"du3x84stsajszqy"}
