{"type":"operationStart","subtype":"profile","data":{"_id":"TYptciQYOH2OZNA6","timestamp":"2023-02-10T15:37:26.024Z","state":"queued","mode":"standard","creationDate":"2023-02-10T15:37:26.028Z","modificationDate":"2023-02-10T15:37:26.028Z","shortid":"QhWulPC","$entitySet":"profiles"},"doDiffs":false,"timestamp":1676043446025,"id":"0bf7z50398f3840","previousOperationId":null,"operationId":"eh58xdu2c7r68nd"}
{"type":"log","level":"info","message":"Render request 24 queued for execution and waiting for available worker","previousOperationId":"eh58xdu2c7r68nd","timestamp":1676043446026,"id":"g5inca9npkd3xiz"}
{"type":"operationStart","subtype":"render","name":"chart","previousOperationId":"eh58xdu2c7r68nd","timestamp":1676043446046,"id":"qtg9fotkenarhxm","previousEventId":"0bf7z50398f3840","operationId":"zpr95j2sv564c6m"}
{"type":"log","timestamp":1676043446047,"level":"info","message":"Starting rendering request 24","meta":{"rootId":"mlu851s68kcgrb6","id":"mlu851s68kcgrb6"},"id":"ly1ou4b8whuu147","previousOperationId":"zpr95j2sv564c6m"}
{"type":"log","timestamp":1676043446049,"level":"info","message":"Rendering template { name: chart, recipe: phantom-pdf, engine: handlebars, preview: true }","meta":{"rootId":"mlu851s68kcgrb6","id":"mlu851s68kcgrb6"},"id":"pa1hbnda27siimo","previousOperationId":"zpr95j2sv564c6m"}
{"type":"log","timestamp":1676043446052,"level":"debug","message":"Data item not defined for this template.","meta":{"rootId":"mlu851s68kcgrb6","id":"mlu851s68kcgrb6"},"id":"iibp81s30pezuli","previousOperationId":"zpr95j2sv564c6m"}
{"type":"log","timestamp":1676043446059,"level":"debug","message":"Executing script chartscript (beforeRender)","meta":{"rootId":"mlu851s68kcgrb6","id":"mlu851s68kcgrb6"},"id":"ccqqsd0m8bcjtf1","previousOperationId":"zpr95j2sv564c6m"}
{"type":"operationStart","subtype":"scriptsBeforeRender","name":"scripts beforeRender","timestamp":1676043446366,"id":"5r85paccc77pelw","previousEventId":"qtg9fotkenarhxm","operationId":"4yl5e1g32pj7a0q","previousOperationId":"zpr95j2sv564c6m"}
{"type":"operationStart","subtype":"script","name":"scripts chartscript","previousOperationId":"4yl5e1g32pj7a0q","timestamp":1676043446366,"id":"21z7sqyjy6rherb","previousEventId":"5r85paccc77pelw","operationId":"begn1e44qssbjmd"}
{"type":"log","timestamp":1676043446627,"level":"debug","message":"(console:log) [ 50 ]","meta":{"userLevel":true,"rootId":"mlu851s68kcgrb6","id":"mlu851s68kcgrb6"},"id":"tampu8k22zluhs4","previousOperationId":"begn1e44qssbjmd"}
{"type":"log","timestamp":1676043446628,"level":"debug","message":"(console:log) [ 50 ]","meta":{"userLevel":true,"rootId":"mlu851s68kcgrb6","id":"mlu851s68kcgrb6"},"id":"dfi0mpfqp0mei0t","previousOperationId":"begn1e44qssbjmd"}
{"type":"operationEnd","operationId":"begn1e44qssbjmd","timestamp":1676043446629,"id":"ztryey5kp1kp5bj","previousEventId":"qtg9fotkenarhxm","previousOperationId":"zpr95j2sv564c6m"}
{"type":"operationEnd","operationId":"4yl5e1g32pj7a0q","timestamp":1676043446629,"id":"91vfs6sh7uw9gbm","previousEventId":"ztryey5kp1kp5bj","previousOperationId":"zpr95j2sv564c6m"}
{"type":"log","timestamp":1676043446629,"level":"debug","message":"Base url not specified, skipping its injection.","meta":{"rootId":"mlu851s68kcgrb6","id":"mlu851s68kcgrb6"},"id":"e5ffrqrg15up5tu","previousOperationId":"4yl5e1g32pj7a0q"}
{"type":"operationStart","subtype":"engine","name":"handlebars","timestamp":1676043446630,"id":"2n7g03z9i6h97us","previousEventId":"91vfs6sh7uw9gbm","operationId":"mbhvec3wrvg7u5i","previousOperationId":"4yl5e1g32pj7a0q"}
{"type":"log","timestamp":1676043446630,"level":"debug","message":"Rendering engine handlebars","meta":{"rootId":"mlu851s68kcgrb6","id":"mlu851s68kcgrb6"},"id":"q3hpx6cr37xauta","previousOperationId":"mbhvec3wrvg7u5i"}
{"type":"log","timestamp":1676043447022,"level":"debug","message":"(console:log) [ 50 ]","meta":{"userLevel":true,"rootId":"mlu851s68kcgrb6","id":"mlu851s68kcgrb6"},"id":"cyvcn9civ65nod7","previousOperationId":"mbhvec3wrvg7u5i"}
{"type":"log","timestamp":1676043447023,"level":"debug","message":"(console:log) [50]","meta":{"userLevel":true,"rootId":"mlu851s68kcgrb6","id":"mlu851s68kcgrb6"},"id":"k2gljdzronz1k94","previousOperationId":"mbhvec3wrvg7u5i"}
{"type":"operationEnd","operationId":"mbhvec3wrvg7u5i","timestamp":1676043447023,"id":"34016sy0h74nzzc","previousEventId":"2n7g03z9i6h97us","previousOperationId":"mbhvec3wrvg7u5i"}
{"type":"operationStart","subtype":"recipe","name":"phantom-pdf","timestamp":1676043447024,"id":"tz2losqbo2e72cl","previousEventId":"34016sy0h74nzzc","operationId":"22i1qo14wastpjz","previousOperationId":"mbhvec3wrvg7u5i"}
{"type":"log","timestamp":1676043447024,"level":"debug","message":"Executing recipe phantom-pdf","meta":{"rootId":"mlu851s68kcgrb6","id":"mlu851s68kcgrb6"},"id":"ghl07gutjafaebf","previousOperationId":"22i1qo14wastpjz"}
{"type":"log","timestamp":1676043450386,"level":"debug","message":"Converting in dedicated phantomjs 1.9.8","meta":{"rootId":"mlu851s68kcgrb6","id":"mlu851s68kcgrb6"},"id":"jvnww1k3anvmel4","previousOperationId":"22i1qo14wastpjz"}
{"type":"log","timestamp":1676043450386,"level":"debug","message":"Request file:///C%3A%5CUsers%5Calegu%5CAppData%5CLocal%5CTemp%5C1e4bfe4b-0ed4-45ec-a7bc-c1567d322c64html.html","meta":{"rootId":"mlu851s68kcgrb6","id":"mlu851s68kcgrb6"},"id":"p54i7pxglf82lmp","previousOperationId":"22i1qo14wastpjz"}
{"type":"log","timestamp":1676043450386,"level":"debug","message":"Request https://cdnjs.cloudflare.com/ajax/libs/Chart.js/2.1.6/Chart.min.js","meta":{"rootId":"mlu851s68kcgrb6","id":"mlu851s68kcgrb6"},"id":"g18spm45yy98i8c","previousOperationId":"22i1qo14wastpjz"}
{"type":"log","timestamp":1676043450386,"level":"debug","message":"PhantomJS printing done","meta":{"rootId":"mlu851s68kcgrb6","id":"mlu851s68kcgrb6"},"id":"f0iyishpepx9b83","previousOperationId":"22i1qo14wastpjz"}
{"type":"log","timestamp":1676043450386,"level":"debug","message":"PhantomJS printing done","meta":{"rootId":"mlu851s68kcgrb6","id":"mlu851s68kcgrb6"},"id":"f4izbvgm1fchexa","previousOperationId":"22i1qo14wastpjz"}
{"type":"log","timestamp":1676043450386,"level":"debug","message":"PhantomJS printing done","meta":{"rootId":"mlu851s68kcgrb6","id":"mlu851s68kcgrb6"},"id":"8t4oaxeuj51de07","previousOperationId":"22i1qo14wastpjz"}
{"type":"log","timestamp":1676043450386,"level":"debug","message":"PhantomJS printing done","meta":{"rootId":"mlu851s68kcgrb6","id":"mlu851s68kcgrb6"},"id":"mnoh0g2i7k1ip6k","previousOperationId":"22i1qo14wastpjz"}
{"type":"log","timestamp":1676043450387,"level":"debug","message":"PhantomJS printing done","meta":{"rootId":"mlu851s68kcgrb6","id":"mlu851s68kcgrb6"},"id":"9ohcuj9x5p0wl4k","previousOperationId":"22i1qo14wastpjz"}
{"type":"log","timestamp":1676043450387,"level":"debug","message":"PhantomJS printing done","meta":{"rootId":"mlu851s68kcgrb6","id":"mlu851s68kcgrb6"},"id":"80qr1czosev3e1f","previousOperationId":"22i1qo14wastpjz"}
{"type":"log","timestamp":1676043450387,"level":"debug","message":"PhantomJS printing done","meta":{"rootId":"mlu851s68kcgrb6","id":"mlu851s68kcgrb6"},"id":"iqm10ad4ap313sy","previousOperationId":"22i1qo14wastpjz"}
{"type":"log","timestamp":1676043450387,"level":"debug","message":"PhantomJS printing done","meta":{"rootId":"mlu851s68kcgrb6","id":"mlu851s68kcgrb6"},"id":"qw06r1zccauk47x","previousOperationId":"22i1qo14wastpjz"}
{"type":"log","timestamp":1676043450387,"level":"debug","message":"PhantomJS printing done","meta":{"rootId":"mlu851s68kcgrb6","id":"mlu851s68kcgrb6"},"id":"3kfp1con95rp9sz","previousOperationId":"22i1qo14wastpjz"}
{"type":"log","timestamp":1676043450387,"level":"debug","message":"Request http://intruct-javascript-ending/","meta":{"rootId":"mlu851s68kcgrb6","id":"mlu851s68kcgrb6"},"id":"mrc3dxmym2xd5bf","previousOperationId":"22i1qo14wastpjz"}
{"type":"log","timestamp":1676043450387,"level":"debug","message":"PhantomJS printing done","meta":{"rootId":"mlu851s68kcgrb6","id":"mlu851s68kcgrb6"},"id":"9ph1gc7hw6ivtxw","previousOperationId":"22i1qo14wastpjz"}
{"type":"log","timestamp":1676043450390,"level":"debug","message":"phantom-pdf recipe finished with 1 pages generated","meta":{"rootId":"mlu851s68kcgrb6","id":"mlu851s68kcgrb6"},"id":"587f959d14dkqwc","previousOperationId":"22i1qo14wastpjz"}
{"type":"operationEnd","operationId":"22i1qo14wastpjz","timestamp":1676043450390,"id":"oa9qcybqv5rrd8n","previousEventId":"tz2losqbo2e72cl","previousOperationId":"22i1qo14wastpjz"}
{"type":"log","timestamp":1676043450391,"level":"debug","message":"Skipping storing report.","meta":{"rootId":"mlu851s68kcgrb6","id":"mlu851s68kcgrb6"},"id":"nfajguuxe6br363","previousOperationId":"22i1qo14wastpjz"}
{"type":"log","timestamp":1676043450391,"level":"info","message":"Rendering request 24 finished in 4367 ms","meta":{"rootId":"mlu851s68kcgrb6","id":"mlu851s68kcgrb6"},"id":"62tx1hqr231ifpe","previousOperationId":"22i1qo14wastpjz"}
{"type":"operationEnd","subtype":"render","operationId":"zpr95j2sv564c6m","timestamp":1676043450392,"id":"tq6ydgc1u4s9tfe","previousEventId":"oa9qcybqv5rrd8n","previousOperationId":"22i1qo14wastpjz"}
{"type":"operationEnd","doDiffs":false,"previousEventId":"0bf7z50398f3840","previousOperationId":"eh58xdu2c7r68nd","operationId":"eh58xdu2c7r68nd","timestamp":1676043450417,"id":"li7q1egxot1ggif"}
