{"type":"operationStart","subtype":"profile","data":{"_id":"AAx3Ow9uCNMQKy9P","timestamp":"2023-02-09T19:08:12.397Z","state":"queued","mode":"standard","creationDate":"2023-02-09T19:08:12.399Z","modificationDate":"2023-02-09T19:08:12.399Z","shortid":"6oDA3bX","$entitySet":"profiles"},"doDiffs":false,"timestamp":1675969692398,"id":"wvph8wst3kshvva","previousOperationId":null,"operationId":"h4kosghjhkuodzb"}
{"type":"log","level":"info","message":"Render request 9 queued for execution and waiting for available worker","previousOperationId":"h4kosghjhkuodzb","timestamp":1675969692398,"id":"w4buhijkni9r46z"}
{"type":"operationStart","subtype":"render","name":"chart","previousOperationId":"h4kosghjhkuodzb","timestamp":1675969692410,"id":"wlb7xhzli5nh1fd","previousEventId":"wvph8wst3kshvva","operationId":"fw4gclo0q1whato"}
{"type":"log","timestamp":1675969692411,"level":"info","message":"Starting rendering request 9","meta":{"rootId":"mlwua4xblacon14","id":"mlwua4xblacon14"},"id":"ck31mujevipoq34","previousOperationId":"fw4gclo0q1whato"}
{"type":"log","timestamp":1675969692411,"level":"info","message":"Rendering template { name: chart, recipe: phantom-pdf, engine: handlebars, preview: true }","meta":{"rootId":"mlwua4xblacon14","id":"mlwua4xblacon14"},"id":"3s0h93uh0nrvfq3","previousOperationId":"fw4gclo0q1whato"}
{"type":"log","timestamp":1675969692413,"level":"debug","message":"Inline data specified.","meta":{"rootId":"mlwua4xblacon14","id":"mlwua4xblacon14"},"id":"7pt0s6xlu03fxpr","previousOperationId":"fw4gclo0q1whato"}
{"type":"log","timestamp":1675969692417,"level":"debug","message":"Base url not specified, skipping its injection.","meta":{"rootId":"mlwua4xblacon14","id":"mlwua4xblacon14"},"id":"qprbx2cmpckxiah","previousOperationId":"fw4gclo0q1whato"}
{"type":"operationStart","subtype":"engine","name":"handlebars","timestamp":1675969692417,"id":"6ianiu8mbm2gxv3","previousEventId":"wlb7xhzli5nh1fd","operationId":"l04zykxyas9r4xx","previousOperationId":"fw4gclo0q1whato"}
{"type":"log","timestamp":1675969692417,"level":"debug","message":"Rendering engine handlebars","meta":{"rootId":"mlwua4xblacon14","id":"mlwua4xblacon14"},"id":"ugho90rdnr3dmef","previousOperationId":"l04zykxyas9r4xx"}
{"type":"operationEnd","operationId":"l04zykxyas9r4xx","timestamp":1675969692442,"id":"hrvtm937702c82e","previousEventId":"6ianiu8mbm2gxv3","previousOperationId":"l04zykxyas9r4xx"}
{"type":"operationStart","subtype":"recipe","name":"phantom-pdf","timestamp":1675969692442,"id":"ni0bqcxbb97k00x","previousEventId":"hrvtm937702c82e","operationId":"lyuth65nv7nis2r","previousOperationId":"l04zykxyas9r4xx"}
{"type":"log","timestamp":1675969692442,"level":"debug","message":"Executing recipe phantom-pdf","meta":{"rootId":"mlwua4xblacon14","id":"mlwua4xblacon14"},"id":"gfmtl8kjmah636v","previousOperationId":"lyuth65nv7nis2r"}
{"type":"log","timestamp":1675969695251,"level":"debug","message":"Converting in dedicated phantomjs 1.9.8","meta":{"rootId":"mlwua4xblacon14","id":"mlwua4xblacon14"},"id":"q9eddfa7muc7wwy","previousOperationId":"lyuth65nv7nis2r"}
{"type":"log","timestamp":1675969695251,"level":"debug","message":"Request file:///C%3A%5CUsers%5Calegu%5CAppData%5CLocal%5CTemp%5C7d8462f2-2e2b-4e65-82d6-0ec9b6b6e953html.html","meta":{"rootId":"mlwua4xblacon14","id":"mlwua4xblacon14"},"id":"s2c6p8r9qt5ijwm","previousOperationId":"lyuth65nv7nis2r"}
{"type":"log","timestamp":1675969695251,"level":"debug","message":"Request https://cdnjs.cloudflare.com/ajax/libs/Chart.js/2.1.6/Chart.min.js","meta":{"rootId":"mlwua4xblacon14","id":"mlwua4xblacon14"},"id":"scaffdintint1dp","previousOperationId":"lyuth65nv7nis2r"}
{"type":"log","timestamp":1675969695251,"level":"debug","message":"PhantomJS printing done","meta":{"rootId":"mlwua4xblacon14","id":"mlwua4xblacon14"},"id":"wqw7k55duuuv9a6","previousOperationId":"lyuth65nv7nis2r"}
{"type":"log","timestamp":1675969695251,"level":"debug","message":"PhantomJS printing done","meta":{"rootId":"mlwua4xblacon14","id":"mlwua4xblacon14"},"id":"f92zvprsa12tpdv","previousOperationId":"lyuth65nv7nis2r"}
{"type":"log","timestamp":1675969695251,"level":"debug","message":"PhantomJS printing done","meta":{"rootId":"mlwua4xblacon14","id":"mlwua4xblacon14"},"id":"3nhtomx94ov1v01","previousOperationId":"lyuth65nv7nis2r"}
{"type":"log","timestamp":1675969695251,"level":"debug","message":"PhantomJS printing done","meta":{"rootId":"mlwua4xblacon14","id":"mlwua4xblacon14"},"id":"nhas8dho0kwv3ay","previousOperationId":"lyuth65nv7nis2r"}
{"type":"log","timestamp":1675969695251,"level":"debug","message":"PhantomJS printing done","meta":{"rootId":"mlwua4xblacon14","id":"mlwua4xblacon14"},"id":"gaf98ou855cdrjs","previousOperationId":"lyuth65nv7nis2r"}
{"type":"log","timestamp":1675969695251,"level":"debug","message":"PhantomJS printing done","meta":{"rootId":"mlwua4xblacon14","id":"mlwua4xblacon14"},"id":"hjmjbynoms7ci9l","previousOperationId":"lyuth65nv7nis2r"}
{"type":"log","timestamp":1675969695251,"level":"debug","message":"PhantomJS printing done","meta":{"rootId":"mlwua4xblacon14","id":"mlwua4xblacon14"},"id":"xnqjfmiq38x3pog","previousOperationId":"lyuth65nv7nis2r"}
{"type":"log","timestamp":1675969695251,"level":"debug","message":"PhantomJS printing done","meta":{"rootId":"mlwua4xblacon14","id":"mlwua4xblacon14"},"id":"vvqdw8l7x50kaea","previousOperationId":"lyuth65nv7nis2r"}
{"type":"log","timestamp":1675969695251,"level":"debug","message":"PhantomJS printing done","meta":{"rootId":"mlwua4xblacon14","id":"mlwua4xblacon14"},"id":"otj0ipjgxvrfnm9","previousOperationId":"lyuth65nv7nis2r"}
{"type":"log","timestamp":1675969695251,"level":"debug","message":"Request http://intruct-javascript-ending/","meta":{"rootId":"mlwua4xblacon14","id":"mlwua4xblacon14"},"id":"93xa29t3se1cvw8","previousOperationId":"lyuth65nv7nis2r"}
{"type":"log","timestamp":1675969695251,"level":"debug","message":"PhantomJS printing done","meta":{"rootId":"mlwua4xblacon14","id":"mlwua4xblacon14"},"id":"k9jb0txyh0kj05v","previousOperationId":"lyuth65nv7nis2r"}
{"type":"log","timestamp":1675969695252,"level":"debug","message":"phantom-pdf recipe finished with 1 pages generated","meta":{"rootId":"mlwua4xblacon14","id":"mlwua4xblacon14"},"id":"7088jmktv337oqg","previousOperationId":"lyuth65nv7nis2r"}
{"type":"operationEnd","operationId":"lyuth65nv7nis2r","timestamp":1675969695253,"id":"cehmsvqapug9wtq","previousEventId":"ni0bqcxbb97k00x","previousOperationId":"lyuth65nv7nis2r"}
{"type":"log","timestamp":1675969695253,"level":"debug","message":"Skipping storing report.","meta":{"rootId":"mlwua4xblacon14","id":"mlwua4xblacon14"},"id":"gejbwr42u60emxj","previousOperationId":"lyuth65nv7nis2r"}
{"type":"log","timestamp":1675969695253,"level":"info","message":"Rendering request 9 finished in 2856 ms","meta":{"rootId":"mlwua4xblacon14","id":"mlwua4xblacon14"},"id":"lzo14uexgn4gims","previousOperationId":"lyuth65nv7nis2r"}
{"type":"operationEnd","subtype":"render","operationId":"fw4gclo0q1whato","timestamp":1675969695253,"id":"zs29bxuj1lu2ukq","previousEventId":"cehmsvqapug9wtq","previousOperationId":"lyuth65nv7nis2r"}
{"type":"operationEnd","doDiffs":false,"previousEventId":"wvph8wst3kshvva","previousOperationId":"h4kosghjhkuodzb","operationId":"h4kosghjhkuodzb","timestamp":1675969695277,"id":"6a7l5dw0x5sgk5m"}
