{"type":"operationStart","subtype":"profile","data":{"_id":"cyEJEvqXANIPudJX","timestamp":"2023-02-10T16:29:22.157Z","state":"queued","mode":"standard","creationDate":"2023-02-10T16:29:22.166Z","modificationDate":"2023-02-10T16:29:22.166Z","shortid":"QXblJ5O","$entitySet":"profiles"},"doDiffs":false,"timestamp":1676046562162,"id":"0hwlak6eko4qnbn","previousOperationId":null,"operationId":"e647mhsiip1m28f"}
{"type":"log","level":"info","message":"Render request 1 queued for execution and waiting for available worker","previousOperationId":"e647mhsiip1m28f","timestamp":1676046562163,"id":"mapcm9ia6iv1kiv"}
{"type":"operationStart","subtype":"render","name":"chart","previousOperationId":"e647mhsiip1m28f","timestamp":1676046562233,"id":"k7ftv8kpuwwezz0","previousEventId":"0hwlak6eko4qnbn","operationId":"t898hpsfe3ivcvu"}
{"type":"log","timestamp":1676046562235,"level":"info","message":"Starting rendering request 1","meta":{"rootId":"nn230psy7koldoe","id":"nn230psy7koldoe"},"id":"jg8mbxehohe3q7i","previousOperationId":"t898hpsfe3ivcvu"}
{"type":"log","timestamp":1676046562237,"level":"info","message":"Rendering template { name: chart, recipe: phantom-pdf, engine: handlebars, preview: true }","meta":{"rootId":"nn230psy7koldoe","id":"nn230psy7koldoe"},"id":"oeaw742oe18haw9","previousOperationId":"t898hpsfe3ivcvu"}
{"type":"log","timestamp":1676046562241,"level":"debug","message":"Data item not defined for this template.","meta":{"rootId":"nn230psy7koldoe","id":"nn230psy7koldoe"},"id":"b8ry687ccna0mzo","previousOperationId":"t898hpsfe3ivcvu"}
{"type":"log","timestamp":1676046562250,"level":"debug","message":"Executing script chartscript (beforeRender)","meta":{"rootId":"nn230psy7koldoe","id":"nn230psy7koldoe"},"id":"cs8obb6cl4go1gs","previousOperationId":"t898hpsfe3ivcvu"}
{"type":"operationStart","subtype":"scriptsBeforeRender","name":"scripts beforeRender","timestamp":1676046562586,"id":"irhm48b72hps27d","previousEventId":"k7ftv8kpuwwezz0","operationId":"8wsqw2yraltnz3u","previousOperationId":"t898hpsfe3ivcvu"}
{"type":"operationStart","subtype":"script","name":"scripts chartscript","previousOperationId":"8wsqw2yraltnz3u","timestamp":1676046562586,"id":"nortmedd3fwe11w","previousEventId":"irhm48b72hps27d","operationId":"xx48i90ncvaxlpp"}
{"type":"log","timestamp":1676046563129,"level":"debug","message":"(console:log) [ 50, 45, 0 ]","meta":{"userLevel":true,"rootId":"nn230psy7koldoe","id":"nn230psy7koldoe"},"id":"c49rub4v2ainvcp","previousOperationId":"xx48i90ncvaxlpp"}
{"type":"log","timestamp":1676046563130,"level":"debug","message":"(console:log) [ 50, 45, 0 ]","meta":{"userLevel":true,"rootId":"nn230psy7koldoe","id":"nn230psy7koldoe"},"id":"bjy02fv7j4vdu1t","previousOperationId":"xx48i90ncvaxlpp"}
{"type":"operationEnd","operationId":"xx48i90ncvaxlpp","timestamp":1676046563131,"id":"88tql6cbuq19821","previousEventId":"k7ftv8kpuwwezz0","previousOperationId":"t898hpsfe3ivcvu"}
{"type":"operationEnd","operationId":"8wsqw2yraltnz3u","timestamp":1676046563131,"id":"vsmicildguetg5e","previousEventId":"88tql6cbuq19821","previousOperationId":"t898hpsfe3ivcvu"}
{"type":"log","timestamp":1676046563131,"level":"debug","message":"Base url not specified, skipping its injection.","meta":{"rootId":"nn230psy7koldoe","id":"nn230psy7koldoe"},"id":"yb8odamgc8hke3d","previousOperationId":"8wsqw2yraltnz3u"}
{"type":"operationStart","subtype":"engine","name":"handlebars","timestamp":1676046563132,"id":"nnvm7kmuaf7fidv","previousEventId":"vsmicildguetg5e","operationId":"x972ts3haa8sai5","previousOperationId":"8wsqw2yraltnz3u"}
{"type":"log","timestamp":1676046563132,"level":"debug","message":"Rendering engine handlebars","meta":{"rootId":"nn230psy7koldoe","id":"nn230psy7koldoe"},"id":"um42n8rgvxylqvt","previousOperationId":"x972ts3haa8sai5"}
{"type":"log","timestamp":1676046563573,"level":"debug","message":"(console:log) [ 50, 45, 0 ]","meta":{"userLevel":true,"rootId":"nn230psy7koldoe","id":"nn230psy7koldoe"},"id":"mjlqtrav8oyclw2","previousOperationId":"x972ts3haa8sai5"}
{"type":"log","timestamp":1676046563573,"level":"debug","message":"(console:log) [50,45,0]","meta":{"userLevel":true,"rootId":"nn230psy7koldoe","id":"nn230psy7koldoe"},"id":"eua9e1q5p6yrwzo","previousOperationId":"x972ts3haa8sai5"}
{"type":"operationEnd","operationId":"x972ts3haa8sai5","timestamp":1676046563573,"id":"t2usv0h4ddsx44c","previousEventId":"nnvm7kmuaf7fidv","previousOperationId":"x972ts3haa8sai5"}
{"type":"operationStart","subtype":"recipe","name":"phantom-pdf","timestamp":1676046563574,"id":"lf4ssuhu7yydeme","previousEventId":"t2usv0h4ddsx44c","operationId":"zsdzjwhw225q69w","previousOperationId":"x972ts3haa8sai5"}
{"type":"log","timestamp":1676046563574,"level":"debug","message":"Executing recipe phantom-pdf","meta":{"rootId":"nn230psy7koldoe","id":"nn230psy7koldoe"},"id":"15sur5elf0s9xq9","previousOperationId":"zsdzjwhw225q69w"}
{"type":"log","timestamp":1676046566579,"level":"debug","message":"Converting in dedicated phantomjs 1.9.8","meta":{"rootId":"nn230psy7koldoe","id":"nn230psy7koldoe"},"id":"9w48v4xooudo514","previousOperationId":"zsdzjwhw225q69w"}
{"type":"log","timestamp":1676046566579,"level":"debug","message":"Request file:///C%3A%5CUsers%5Calegu%5CAppData%5CLocal%5CTemp%5Cf62719a7-1b68-4895-82b0-52506c7267ddhtml.html","meta":{"rootId":"nn230psy7koldoe","id":"nn230psy7koldoe"},"id":"sum05gc3koejphh","previousOperationId":"zsdzjwhw225q69w"}
{"type":"log","timestamp":1676046566579,"level":"debug","message":"Request https://cdnjs.cloudflare.com/ajax/libs/Chart.js/2.1.6/Chart.min.js","meta":{"rootId":"nn230psy7koldoe","id":"nn230psy7koldoe"},"id":"y0l8h1mfxnanx3x","previousOperationId":"zsdzjwhw225q69w"}
{"type":"log","timestamp":1676046566579,"level":"debug","message":"PhantomJS printing done","meta":{"rootId":"nn230psy7koldoe","id":"nn230psy7koldoe"},"id":"j2yfbwrwllbp4or","previousOperationId":"zsdzjwhw225q69w"}
{"type":"log","timestamp":1676046566579,"level":"debug","message":"PhantomJS printing done","meta":{"rootId":"nn230psy7koldoe","id":"nn230psy7koldoe"},"id":"lyy4zc19uht8t4z","previousOperationId":"zsdzjwhw225q69w"}
{"type":"log","timestamp":1676046566579,"level":"debug","message":"PhantomJS printing done","meta":{"rootId":"nn230psy7koldoe","id":"nn230psy7koldoe"},"id":"vd5vsbgdlr8k05d","previousOperationId":"zsdzjwhw225q69w"}
{"type":"log","timestamp":1676046566579,"level":"debug","message":"PhantomJS printing done","meta":{"rootId":"nn230psy7koldoe","id":"nn230psy7koldoe"},"id":"q8fdavqntsd464e","previousOperationId":"zsdzjwhw225q69w"}
{"type":"log","timestamp":1676046566579,"level":"debug","message":"PhantomJS printing done","meta":{"rootId":"nn230psy7koldoe","id":"nn230psy7koldoe"},"id":"5g8h3hk2mmi804x","previousOperationId":"zsdzjwhw225q69w"}
{"type":"log","timestamp":1676046566579,"level":"debug","message":"PhantomJS printing done","meta":{"rootId":"nn230psy7koldoe","id":"nn230psy7koldoe"},"id":"yrgcnbzk3oxueyz","previousOperationId":"zsdzjwhw225q69w"}
{"type":"log","timestamp":1676046566579,"level":"debug","message":"PhantomJS printing done","meta":{"rootId":"nn230psy7koldoe","id":"nn230psy7koldoe"},"id":"a4q1jn0vd2ji0sw","previousOperationId":"zsdzjwhw225q69w"}
{"type":"log","timestamp":1676046566580,"level":"debug","message":"PhantomJS printing done","meta":{"rootId":"nn230psy7koldoe","id":"nn230psy7koldoe"},"id":"xhvcjf7acxtj32c","previousOperationId":"zsdzjwhw225q69w"}
{"type":"log","timestamp":1676046566580,"level":"debug","message":"PhantomJS printing done","meta":{"rootId":"nn230psy7koldoe","id":"nn230psy7koldoe"},"id":"axt5h9eemc651li","previousOperationId":"zsdzjwhw225q69w"}
{"type":"log","timestamp":1676046566580,"level":"debug","message":"Request http://intruct-javascript-ending/","meta":{"rootId":"nn230psy7koldoe","id":"nn230psy7koldoe"},"id":"brml7va52z8w3dz","previousOperationId":"zsdzjwhw225q69w"}
{"type":"log","timestamp":1676046566580,"level":"debug","message":"PhantomJS printing done","meta":{"rootId":"nn230psy7koldoe","id":"nn230psy7koldoe"},"id":"u31uwrcfqs36j60","previousOperationId":"zsdzjwhw225q69w"}
{"type":"log","timestamp":1676046566581,"level":"debug","message":"phantom-pdf recipe finished with 1 pages generated","meta":{"rootId":"nn230psy7koldoe","id":"nn230psy7koldoe"},"id":"6neiubrx9ol1h8e","previousOperationId":"zsdzjwhw225q69w"}
{"type":"operationEnd","operationId":"zsdzjwhw225q69w","timestamp":1676046566581,"id":"ei1cxyq2psx17xe","previousEventId":"lf4ssuhu7yydeme","previousOperationId":"zsdzjwhw225q69w"}
{"type":"log","timestamp":1676046566582,"level":"debug","message":"Skipping storing report.","meta":{"rootId":"nn230psy7koldoe","id":"nn230psy7koldoe"},"id":"7d4bwvuxvnt2mbk","previousOperationId":"zsdzjwhw225q69w"}
{"type":"log","timestamp":1676046566582,"level":"info","message":"Rendering request 1 finished in 4426 ms","meta":{"rootId":"nn230psy7koldoe","id":"nn230psy7koldoe"},"id":"c123g6w0qb42sv6","previousOperationId":"zsdzjwhw225q69w"}
{"type":"operationEnd","subtype":"render","operationId":"t898hpsfe3ivcvu","timestamp":1676046566582,"id":"icxcfmm40ilplfh","previousEventId":"ei1cxyq2psx17xe","previousOperationId":"zsdzjwhw225q69w"}
{"type":"operationEnd","doDiffs":false,"previousEventId":"0hwlak6eko4qnbn","previousOperationId":"e647mhsiip1m28f","operationId":"e647mhsiip1m28f","timestamp":1676046566612,"id":"so7po4wmxzcrl6z"}
