{"type":"operationStart","subtype":"profile","data":{"_id":"bGsrMYi78Wb9CRkN","timestamp":"2023-02-09T20:05:25.516Z","state":"queued","mode":"standard","creationDate":"2023-02-09T20:05:25.519Z","modificationDate":"2023-02-09T20:05:25.519Z","shortid":"fMmEH9l","$entitySet":"profiles"},"doDiffs":false,"timestamp":1675973125517,"id":"31d6516b4465nj4","previousOperationId":null,"operationId":"qqbgywzouqaxjs4"}
{"type":"log","level":"info","message":"Render request 42 queued for execution and waiting for available worker","previousOperationId":"qqbgywzouqaxjs4","timestamp":1675973125518,"id":"qtazbyvgjhs6ctj"}
{"type":"operationStart","subtype":"render","name":"chart","previousOperationId":"qqbgywzouqaxjs4","timestamp":1675973125533,"id":"154uhn65mbdvaow","previousEventId":"31d6516b4465nj4","operationId":"885fecelofclpnh"}
{"type":"log","timestamp":1675973125535,"level":"info","message":"Starting rendering request 42","meta":{"rootId":"nsr8oqykngvz6en","id":"nsr8oqykngvz6en"},"id":"ak7ung37476w0uo","previousOperationId":"885fecelofclpnh"}
{"type":"log","timestamp":1675973125537,"level":"info","message":"Rendering template { name: chart, recipe: phantom-pdf, engine: handlebars, preview: true }","meta":{"rootId":"nsr8oqykngvz6en","id":"nsr8oqykngvz6en"},"id":"hkner8mmziijx2c","previousOperationId":"885fecelofclpnh"}
{"type":"log","timestamp":1675973125540,"level":"debug","message":"Data item not defined for this template.","meta":{"rootId":"nsr8oqykngvz6en","id":"nsr8oqykngvz6en"},"id":"n9jrvkxxgv4b9ce","previousOperationId":"885fecelofclpnh"}
{"type":"log","timestamp":1675973125544,"level":"debug","message":"Executing script chartscript (beforeRender)","meta":{"rootId":"nsr8oqykngvz6en","id":"nsr8oqykngvz6en"},"id":"nmvv13rpb5c4kfg","previousOperationId":"885fecelofclpnh"}
{"type":"operationStart","subtype":"scriptsBeforeRender","name":"scripts beforeRender","timestamp":1675973125871,"id":"f47l3jmjw04hddj","previousEventId":"154uhn65mbdvaow","operationId":"fsm23mojmdc8qcn","previousOperationId":"885fecelofclpnh"}
{"type":"operationStart","subtype":"script","name":"scripts chartscript","previousOperationId":"fsm23mojmdc8qcn","timestamp":1675973125871,"id":"m2x9by9flpv1vuf","previousEventId":"f47l3jmjw04hddj","operationId":"t11bonkkba1ez5t"}
{"type":"log","timestamp":1675973126102,"level":"debug","message":"(console:log) [ 50, 6 ]","meta":{"userLevel":true,"rootId":"nsr8oqykngvz6en","id":"nsr8oqykngvz6en"},"id":"ji491lftkz48gmf","previousOperationId":"t11bonkkba1ez5t"}
{"type":"operationEnd","operationId":"t11bonkkba1ez5t","timestamp":1675973126103,"id":"t19d40tnjwmr5ps","previousEventId":"154uhn65mbdvaow","previousOperationId":"885fecelofclpnh"}
{"type":"operationEnd","operationId":"fsm23mojmdc8qcn","timestamp":1675973126103,"id":"0aangcep3exyiqv","previousEventId":"t19d40tnjwmr5ps","previousOperationId":"885fecelofclpnh"}
{"type":"log","timestamp":1675973126103,"level":"debug","message":"Base url not specified, skipping its injection.","meta":{"rootId":"nsr8oqykngvz6en","id":"nsr8oqykngvz6en"},"id":"vzoe0jkyd9fen1g","previousOperationId":"fsm23mojmdc8qcn"}
{"type":"operationStart","subtype":"engine","name":"handlebars","timestamp":1675973126104,"id":"r755vc0hwni3bd8","previousEventId":"0aangcep3exyiqv","operationId":"296i6pigiu4xmew","previousOperationId":"fsm23mojmdc8qcn"}
{"type":"log","timestamp":1675973126104,"level":"debug","message":"Rendering engine handlebars","meta":{"rootId":"nsr8oqykngvz6en","id":"nsr8oqykngvz6en"},"id":"03gh68qtvymky4o","previousOperationId":"296i6pigiu4xmew"}
{"type":"operationEnd","operationId":"296i6pigiu4xmew","timestamp":1675973126442,"id":"xis2vk6t5qxo0dn","previousEventId":"r755vc0hwni3bd8","previousOperationId":"296i6pigiu4xmew"}
{"type":"operationStart","subtype":"recipe","name":"phantom-pdf","timestamp":1675973126443,"id":"6ktt3pghp2iynx9","previousEventId":"xis2vk6t5qxo0dn","operationId":"acqzt3fdhqo308w","previousOperationId":"296i6pigiu4xmew"}
{"type":"log","timestamp":1675973126443,"level":"debug","message":"Executing recipe phantom-pdf","meta":{"rootId":"nsr8oqykngvz6en","id":"nsr8oqykngvz6en"},"id":"j8md3709giqm4fi","previousOperationId":"acqzt3fdhqo308w"}
{"type":"log","timestamp":1675973129348,"level":"debug","message":"Converting in dedicated phantomjs 1.9.8","meta":{"rootId":"nsr8oqykngvz6en","id":"nsr8oqykngvz6en"},"id":"rbph15xcebjt6zj","previousOperationId":"acqzt3fdhqo308w"}
{"type":"log","timestamp":1675973129348,"level":"debug","message":"Request file:///C%3A%5CUsers%5Calegu%5CAppData%5CLocal%5CTemp%5C7ae1eebb-506b-4363-b9ca-4fd55cb401bahtml.html","meta":{"rootId":"nsr8oqykngvz6en","id":"nsr8oqykngvz6en"},"id":"s96mfdgthcjese3","previousOperationId":"acqzt3fdhqo308w"}
{"type":"log","timestamp":1675973129348,"level":"debug","message":"Request https://cdnjs.cloudflare.com/ajax/libs/Chart.js/2.1.6/Chart.min.js","meta":{"rootId":"nsr8oqykngvz6en","id":"nsr8oqykngvz6en"},"id":"cs8uktme1ou5j0r","previousOperationId":"acqzt3fdhqo308w"}
{"type":"log","timestamp":1675973129349,"level":"debug","message":"PhantomJS printing done","meta":{"rootId":"nsr8oqykngvz6en","id":"nsr8oqykngvz6en"},"id":"aivbdgwefrbdzye","previousOperationId":"acqzt3fdhqo308w"}
{"type":"log","timestamp":1675973129349,"level":"debug","message":"PhantomJS printing done","meta":{"rootId":"nsr8oqykngvz6en","id":"nsr8oqykngvz6en"},"id":"iu4j6g5raqkbbdc","previousOperationId":"acqzt3fdhqo308w"}
{"type":"log","timestamp":1675973129349,"level":"debug","message":"PhantomJS printing done","meta":{"rootId":"nsr8oqykngvz6en","id":"nsr8oqykngvz6en"},"id":"cqrcgicgjvxgk80","previousOperationId":"acqzt3fdhqo308w"}
{"type":"log","timestamp":1675973129349,"level":"debug","message":"PhantomJS printing done","meta":{"rootId":"nsr8oqykngvz6en","id":"nsr8oqykngvz6en"},"id":"6y3sdp4hy15f603","previousOperationId":"acqzt3fdhqo308w"}
{"type":"log","timestamp":1675973129349,"level":"debug","message":"PhantomJS printing done","meta":{"rootId":"nsr8oqykngvz6en","id":"nsr8oqykngvz6en"},"id":"gruu9u7qbh8d614","previousOperationId":"acqzt3fdhqo308w"}
{"type":"log","timestamp":1675973129349,"level":"debug","message":"PhantomJS printing done","meta":{"rootId":"nsr8oqykngvz6en","id":"nsr8oqykngvz6en"},"id":"vjbxmsqywg2t41j","previousOperationId":"acqzt3fdhqo308w"}
{"type":"log","timestamp":1675973129349,"level":"debug","message":"PhantomJS printing done","meta":{"rootId":"nsr8oqykngvz6en","id":"nsr8oqykngvz6en"},"id":"ippftc4vty2ql02","previousOperationId":"acqzt3fdhqo308w"}
{"type":"log","timestamp":1675973129349,"level":"debug","message":"PhantomJS printing done","meta":{"rootId":"nsr8oqykngvz6en","id":"nsr8oqykngvz6en"},"id":"oidwt6jxh8bgrn1","previousOperationId":"acqzt3fdhqo308w"}
{"type":"log","timestamp":1675973129349,"level":"debug","message":"PhantomJS printing done","meta":{"rootId":"nsr8oqykngvz6en","id":"nsr8oqykngvz6en"},"id":"yn5k98ta4hkabph","previousOperationId":"acqzt3fdhqo308w"}
{"type":"log","timestamp":1675973129349,"level":"debug","message":"PhantomJS printing done","meta":{"rootId":"nsr8oqykngvz6en","id":"nsr8oqykngvz6en"},"id":"g3clfpexsrc6nu9","previousOperationId":"acqzt3fdhqo308w"}
{"type":"log","timestamp":1675973129349,"level":"debug","message":"Request http://intruct-javascript-ending/","meta":{"rootId":"nsr8oqykngvz6en","id":"nsr8oqykngvz6en"},"id":"5bl9ff7d98xp1vw","previousOperationId":"acqzt3fdhqo308w"}
{"type":"log","timestamp":1675973129349,"level":"debug","message":"PhantomJS printing done","meta":{"rootId":"nsr8oqykngvz6en","id":"nsr8oqykngvz6en"},"id":"bgbk38d8d7ygmem","previousOperationId":"acqzt3fdhqo308w"}
{"type":"log","timestamp":1675973129351,"level":"debug","message":"phantom-pdf recipe finished with 1 pages generated","meta":{"rootId":"nsr8oqykngvz6en","id":"nsr8oqykngvz6en"},"id":"kylcvn5xp6qpijw","previousOperationId":"acqzt3fdhqo308w"}
{"type":"operationEnd","operationId":"acqzt3fdhqo308w","timestamp":1675973129351,"id":"82dwybksgy6uq7e","previousEventId":"6ktt3pghp2iynx9","previousOperationId":"acqzt3fdhqo308w"}
{"type":"log","timestamp":1675973129352,"level":"debug","message":"Skipping storing report.","meta":{"rootId":"nsr8oqykngvz6en","id":"nsr8oqykngvz6en"},"id":"fn97oecjssupzf8","previousOperationId":"acqzt3fdhqo308w"}
{"type":"log","timestamp":1675973129352,"level":"info","message":"Rendering request 42 finished in 3836 ms","meta":{"rootId":"nsr8oqykngvz6en","id":"nsr8oqykngvz6en"},"id":"urfgzs9i9t43mcn","previousOperationId":"acqzt3fdhqo308w"}
{"type":"operationEnd","subtype":"render","operationId":"885fecelofclpnh","timestamp":1675973129353,"id":"m52dpulc96bwpp2","previousEventId":"82dwybksgy6uq7e","previousOperationId":"acqzt3fdhqo308w"}
{"type":"operationEnd","doDiffs":false,"previousEventId":"31d6516b4465nj4","previousOperationId":"qqbgywzouqaxjs4","operationId":"qqbgywzouqaxjs4","timestamp":1675973129377,"id":"kieus6v0dkaf2z6"}
