{"type":"operationStart","subtype":"profile","data":{"_id":"Q0DPZkXKXNgITAsB","timestamp":"2023-02-09T18:53:01.289Z","state":"queued","mode":"standard","creationDate":"2023-02-09T18:53:01.292Z","modificationDate":"2023-02-09T18:53:01.292Z","shortid":"7ucazPH","$entitySet":"profiles"},"doDiffs":false,"timestamp":1675968781290,"id":"1numf2qocjtzcg4","previousOperationId":null,"operationId":"l5tf1na8bmk6tup"}
{"type":"log","level":"info","message":"Render request 3 queued for execution and waiting for available worker","previousOperationId":"l5tf1na8bmk6tup","timestamp":1675968781290,"id":"n4nut6nzdqkcpqh"}
{"type":"operationStart","subtype":"render","name":"chart","previousOperationId":"l5tf1na8bmk6tup","timestamp":1675968781310,"id":"ix8nyd4616v17lt","previousEventId":"1numf2qocjtzcg4","operationId":"ish61kr3tlievkw"}
{"type":"log","timestamp":1675968781311,"level":"info","message":"Starting rendering request 3","meta":{"rootId":"ntxw4bpzd9uwsxo","id":"ntxw4bpzd9uwsxo"},"id":"9pajmv0j7zq7pxh","previousOperationId":"ish61kr3tlievkw"}
{"type":"log","timestamp":1675968781311,"level":"info","message":"Rendering template { name: chart, recipe: chrome-pdf, engine: handlebars, preview: true }","meta":{"rootId":"ntxw4bpzd9uwsxo","id":"ntxw4bpzd9uwsxo"},"id":"di2rtlxnk5u5eha","previousOperationId":"ish61kr3tlievkw"}
{"type":"log","timestamp":1675968781314,"level":"debug","message":"Data item not defined for this template.","meta":{"rootId":"ntxw4bpzd9uwsxo","id":"ntxw4bpzd9uwsxo"},"id":"j7oikk0as8gplg8","previousOperationId":"ish61kr3tlievkw"}
{"type":"log","timestamp":1675968781318,"level":"debug","message":"Base url not specified, skipping its injection.","meta":{"rootId":"ntxw4bpzd9uwsxo","id":"ntxw4bpzd9uwsxo"},"id":"kpwygxe3r3gkkfu","previousOperationId":"ish61kr3tlievkw"}
{"type":"operationStart","subtype":"engine","name":"handlebars","timestamp":1675968781318,"id":"bltfp2sh4h8pfw2","previousEventId":"ix8nyd4616v17lt","operationId":"evki6y9e8ef8h14","previousOperationId":"ish61kr3tlievkw"}
{"type":"log","timestamp":1675968781318,"level":"debug","message":"Rendering engine handlebars","meta":{"rootId":"ntxw4bpzd9uwsxo","id":"ntxw4bpzd9uwsxo"},"id":"wncoiv6xvwde44q","previousOperationId":"evki6y9e8ef8h14"}
{"type":"operationEnd","operationId":"evki6y9e8ef8h14","timestamp":1675968781346,"id":"c4qbljbsuacoowa","previousEventId":"bltfp2sh4h8pfw2","previousOperationId":"evki6y9e8ef8h14"}
{"type":"operationStart","subtype":"recipe","name":"chrome-pdf","timestamp":1675968781347,"id":"lw0au06lmcw5gq6","previousEventId":"c4qbljbsuacoowa","operationId":"u32ygqk32fov050","previousOperationId":"evki6y9e8ef8h14"}
{"type":"log","timestamp":1675968781347,"level":"debug","message":"Executing recipe chrome-pdf","meta":{"rootId":"ntxw4bpzd9uwsxo","id":"ntxw4bpzd9uwsxo"},"id":"sry8zkz2aabr1vm","previousOperationId":"u32ygqk32fov050"}
{"type":"log","timestamp":1675968783849,"level":"debug","message":"Converting with chrome HeadlessChrome/105.0.5173.0 using chrome-pool strategy","meta":{"rootId":"ntxw4bpzd9uwsxo","id":"ntxw4bpzd9uwsxo"},"id":"dm9irzabd5ajigf","previousOperationId":"u32ygqk32fov050"}
{"type":"log","timestamp":1675968785964,"level":"debug","message":"Page request: GET (document) file:///C:/Users/alegu/AppData/Local/Temp/jsreport/autocleanup/3b2a8ca6-8eae-4493-9b6c-ca7fec8fac81-chrome-pdf.html","meta":{"rootId":"ntxw4bpzd9uwsxo","id":"ntxw4bpzd9uwsxo"},"id":"l8ox6nb8xmegjp9","previousOperationId":"u32ygqk32fov050"}
{"type":"log","timestamp":1675968785979,"level":"debug","message":"Page request finished: GET (document) 200 file:///C:/Users/alegu/AppData/Local/Temp/jsreport/autocleanup/3b2a8ca6-8eae-4493-9b6c-ca7fec8fac81-chrome-pdf.html","meta":{"rootId":"ntxw4bpzd9uwsxo","id":"ntxw4bpzd9uwsxo"},"id":"8mcjjtiajt6zn0b","previousOperationId":"u32ygqk32fov050"}
{"type":"log","timestamp":1675968785980,"level":"debug","message":"Page request: GET (script) https://cdnjs.cloudflare.com/ajax/libs/Chart.js/2.1.6/Chart.min.js","meta":{"rootId":"ntxw4bpzd9uwsxo","id":"ntxw4bpzd9uwsxo"},"id":"qn8fpjqwhorkj9b","previousOperationId":"u32ygqk32fov050"}
{"type":"log","timestamp":1675968788583,"level":"debug","message":"Page request finished: GET (script) 200 https://cdnjs.cloudflare.com/ajax/libs/Chart.js/2.1.6/Chart.min.js","meta":{"rootId":"ntxw4bpzd9uwsxo","id":"ntxw4bpzd9uwsxo"},"id":"zpsmvzelhatmpj4","previousOperationId":"u32ygqk32fov050"}
{"type":"log","timestamp":1675968788594,"level":"warn","message":"Page error: SyntaxError: Unexpected token ','","meta":{"rootId":"ntxw4bpzd9uwsxo","id":"ntxw4bpzd9uwsxo"},"id":"64j4r3gzby7fjep","previousOperationId":"u32ygqk32fov050"}
{"type":"log","timestamp":1675968788600,"level":"debug","message":"Running chrome with params {\"printBackground\":true,\"timeout\":59671,\"margin\":{}}","meta":{"rootId":"ntxw4bpzd9uwsxo","id":"ntxw4bpzd9uwsxo"},"id":"0h1gfsrqimacodt","previousOperationId":"u32ygqk32fov050"}
{"type":"operationEnd","operationId":"u32ygqk32fov050","timestamp":1675968788635,"id":"fg17iag7n0oil9m","previousEventId":"lw0au06lmcw5gq6","previousOperationId":"u32ygqk32fov050"}
{"type":"log","timestamp":1675968788636,"level":"debug","message":"Skipping storing report.","meta":{"rootId":"ntxw4bpzd9uwsxo","id":"ntxw4bpzd9uwsxo"},"id":"wpzg1bw9vaneblx","previousOperationId":"u32ygqk32fov050"}
{"type":"log","timestamp":1675968788636,"level":"info","message":"Rendering request 3 finished in 7348 ms","meta":{"rootId":"ntxw4bpzd9uwsxo","id":"ntxw4bpzd9uwsxo"},"id":"ad8uhqig7adtsm9","previousOperationId":"u32ygqk32fov050"}
{"type":"operationEnd","subtype":"render","operationId":"ish61kr3tlievkw","timestamp":1675968788636,"id":"qb7aq8qvq804yhx","previousEventId":"fg17iag7n0oil9m","previousOperationId":"u32ygqk32fov050"}
{"type":"operationEnd","doDiffs":false,"previousEventId":"1numf2qocjtzcg4","previousOperationId":"l5tf1na8bmk6tup","operationId":"l5tf1na8bmk6tup","timestamp":1675968788651,"id":"m3wnpmgop8zoi5s"}
