{"type":"operationStart","subtype":"profile","data":{"_id":"py5gLeKomlK3CDtY","timestamp":"2023-02-10T17:40:52.151Z","state":"queued","mode":"standard","creationDate":"2023-02-10T17:40:52.153Z","modificationDate":"2023-02-10T17:40:52.153Z","shortid":"Y76hxRg","$entitySet":"profiles"},"doDiffs":false,"timestamp":1676050852152,"id":"2ntgo13yzzvojj8","previousOperationId":null,"operationId":"siz8gs8ar9dx9eh"}
{"type":"log","level":"info","message":"Render request 8 queued for execution and waiting for available worker","previousOperationId":"siz8gs8ar9dx9eh","timestamp":1676050852152,"id":"szsyfkzcj5d5jv4"}
{"type":"operationStart","subtype":"render","name":"chart","previousOperationId":"siz8gs8ar9dx9eh","timestamp":1676050852163,"id":"zc69ifbpbevru02","previousEventId":"2ntgo13yzzvojj8","operationId":"js00ht2nqmpp2bj"}
{"type":"log","timestamp":1676050852163,"level":"info","message":"Starting rendering request 8","meta":{"rootId":"o5fvtefco8qe6dq","id":"o5fvtefco8qe6dq"},"id":"rtzxq7lgruch45f","previousOperationId":"js00ht2nqmpp2bj"}
{"type":"log","timestamp":1676050852164,"level":"info","message":"Rendering template { name: chart, recipe: phantom-pdf, engine: handlebars, preview: true }","meta":{"rootId":"o5fvtefco8qe6dq","id":"o5fvtefco8qe6dq"},"id":"d8tbef770cex6ga","previousOperationId":"js00ht2nqmpp2bj"}
{"type":"log","timestamp":1676050852166,"level":"debug","message":"Data item not defined for this template.","meta":{"rootId":"o5fvtefco8qe6dq","id":"o5fvtefco8qe6dq"},"id":"1myltixpobohdls","previousOperationId":"js00ht2nqmpp2bj"}
{"type":"log","timestamp":1676050852173,"level":"debug","message":"Executing script chartscript (beforeRender)","meta":{"rootId":"o5fvtefco8qe6dq","id":"o5fvtefco8qe6dq"},"id":"rc6bbetsc7qmnv6","previousOperationId":"js00ht2nqmpp2bj"}
{"type":"operationStart","subtype":"scriptsBeforeRender","name":"scripts beforeRender","timestamp":1676050852202,"id":"w04wihfg75walig","previousEventId":"zc69ifbpbevru02","operationId":"0evcg1p4xwgsbhd","previousOperationId":"js00ht2nqmpp2bj"}
{"type":"operationStart","subtype":"script","name":"scripts chartscript","previousOperationId":"0evcg1p4xwgsbhd","timestamp":1676050852202,"id":"r9amo7yhvhefism","previousEventId":"w04wihfg75walig","operationId":"ua5zwgvbmhyig4x"}
{"type":"log","timestamp":1676050852421,"level":"debug","message":"(console:log) [ 50, 45, 0 ]","meta":{"userLevel":true,"rootId":"o5fvtefco8qe6dq","id":"o5fvtefco8qe6dq"},"id":"k4jlk8o7tg7hrb1","previousOperationId":"ua5zwgvbmhyig4x"}
{"type":"log","timestamp":1676050852421,"level":"debug","message":"(console:log) [ 50, 45, 0 ]","meta":{"userLevel":true,"rootId":"o5fvtefco8qe6dq","id":"o5fvtefco8qe6dq"},"id":"jtnxks8e9edq59a","previousOperationId":"ua5zwgvbmhyig4x"}
{"type":"operationEnd","operationId":"ua5zwgvbmhyig4x","timestamp":1676050852421,"id":"ubdww3lklg1r44w","previousEventId":"zc69ifbpbevru02","previousOperationId":"js00ht2nqmpp2bj"}
{"type":"operationEnd","operationId":"0evcg1p4xwgsbhd","timestamp":1676050852421,"id":"yexkiedonb9m3ly","previousEventId":"ubdww3lklg1r44w","previousOperationId":"js00ht2nqmpp2bj"}
{"type":"log","timestamp":1676050852421,"level":"debug","message":"Base url not specified, skipping its injection.","meta":{"rootId":"o5fvtefco8qe6dq","id":"o5fvtefco8qe6dq"},"id":"6988szo56u0n20s","previousOperationId":"0evcg1p4xwgsbhd"}
{"type":"operationStart","subtype":"engine","name":"handlebars","timestamp":1676050852422,"id":"emmo5ujk46r4re5","previousEventId":"yexkiedonb9m3ly","operationId":"nwz7p66gq6z7fq8","previousOperationId":"0evcg1p4xwgsbhd"}
{"type":"log","timestamp":1676050852422,"level":"debug","message":"Rendering engine handlebars","meta":{"rootId":"o5fvtefco8qe6dq","id":"o5fvtefco8qe6dq"},"id":"31kgodq1m3q6bob","previousOperationId":"nwz7p66gq6z7fq8"}
{"type":"log","timestamp":1676050852439,"level":"debug","message":"(console:log) [ 50, 45, 0 ]","meta":{"userLevel":true,"rootId":"o5fvtefco8qe6dq","id":"o5fvtefco8qe6dq"},"id":"vmfjiselsrb8r05","previousOperationId":"nwz7p66gq6z7fq8"}
{"type":"log","timestamp":1676050852439,"level":"debug","message":"(console:log) [50,45,0]","meta":{"userLevel":true,"rootId":"o5fvtefco8qe6dq","id":"o5fvtefco8qe6dq"},"id":"kftjijmo4suwwzq","previousOperationId":"nwz7p66gq6z7fq8"}
{"type":"operationEnd","operationId":"nwz7p66gq6z7fq8","timestamp":1676050852439,"id":"y1o8zh4tua6cwto","previousEventId":"emmo5ujk46r4re5","previousOperationId":"nwz7p66gq6z7fq8"}
{"type":"operationStart","subtype":"recipe","name":"phantom-pdf","timestamp":1676050852440,"id":"dz2v463f6hksb8p","previousEventId":"y1o8zh4tua6cwto","operationId":"ho9nel9ico7pb8f","previousOperationId":"nwz7p66gq6z7fq8"}
{"type":"log","timestamp":1676050852440,"level":"debug","message":"Executing recipe phantom-pdf","meta":{"rootId":"o5fvtefco8qe6dq","id":"o5fvtefco8qe6dq"},"id":"alo7jlsph9ylwrb","previousOperationId":"ho9nel9ico7pb8f"}
{"type":"log","timestamp":1676050855216,"level":"debug","message":"Converting in dedicated phantomjs 1.9.8","meta":{"rootId":"o5fvtefco8qe6dq","id":"o5fvtefco8qe6dq"},"id":"uepbi6y7abghqgq","previousOperationId":"ho9nel9ico7pb8f"}
{"type":"log","timestamp":1676050855217,"level":"debug","message":"Request file:///C%3A%5CUsers%5Calegu%5CAppData%5CLocal%5CTemp%5C342c56fa-7ed2-4af5-8f5e-fab14891df6chtml.html","meta":{"rootId":"o5fvtefco8qe6dq","id":"o5fvtefco8qe6dq"},"id":"dru04l3tv3s92ic","previousOperationId":"ho9nel9ico7pb8f"}
{"type":"log","timestamp":1676050855217,"level":"debug","message":"Request https://cdnjs.cloudflare.com/ajax/libs/Chart.js/2.1.6/Chart.min.js","meta":{"rootId":"o5fvtefco8qe6dq","id":"o5fvtefco8qe6dq"},"id":"gmz7lrwyx4dmnbv","previousOperationId":"ho9nel9ico7pb8f"}
{"type":"log","timestamp":1676050855217,"level":"debug","message":"PhantomJS printing done","meta":{"rootId":"o5fvtefco8qe6dq","id":"o5fvtefco8qe6dq"},"id":"ob1mtkg7bbn427y","previousOperationId":"ho9nel9ico7pb8f"}
{"type":"log","timestamp":1676050855217,"level":"debug","message":"PhantomJS printing done","meta":{"rootId":"o5fvtefco8qe6dq","id":"o5fvtefco8qe6dq"},"id":"41w9fk3mpzc4lv1","previousOperationId":"ho9nel9ico7pb8f"}
{"type":"log","timestamp":1676050855217,"level":"debug","message":"PhantomJS printing done","meta":{"rootId":"o5fvtefco8qe6dq","id":"o5fvtefco8qe6dq"},"id":"ggzlwpq7g6x4ule","previousOperationId":"ho9nel9ico7pb8f"}
{"type":"log","timestamp":1676050855217,"level":"debug","message":"PhantomJS printing done","meta":{"rootId":"o5fvtefco8qe6dq","id":"o5fvtefco8qe6dq"},"id":"m0u5cqnbw9urttc","previousOperationId":"ho9nel9ico7pb8f"}
{"type":"log","timestamp":1676050855217,"level":"debug","message":"PhantomJS printing done","meta":{"rootId":"o5fvtefco8qe6dq","id":"o5fvtefco8qe6dq"},"id":"dzroviq2qjv01e6","previousOperationId":"ho9nel9ico7pb8f"}
{"type":"log","timestamp":1676050855217,"level":"debug","message":"PhantomJS printing done","meta":{"rootId":"o5fvtefco8qe6dq","id":"o5fvtefco8qe6dq"},"id":"d3fdzff6oo4awr1","previousOperationId":"ho9nel9ico7pb8f"}
{"type":"log","timestamp":1676050855217,"level":"debug","message":"PhantomJS printing done","meta":{"rootId":"o5fvtefco8qe6dq","id":"o5fvtefco8qe6dq"},"id":"1k71t5gkf8irnm2","previousOperationId":"ho9nel9ico7pb8f"}
{"type":"log","timestamp":1676050855217,"level":"debug","message":"PhantomJS printing done","meta":{"rootId":"o5fvtefco8qe6dq","id":"o5fvtefco8qe6dq"},"id":"z4wp9p1ihyyj1jv","previousOperationId":"ho9nel9ico7pb8f"}
{"type":"log","timestamp":1676050855217,"level":"debug","message":"PhantomJS printing done","meta":{"rootId":"o5fvtefco8qe6dq","id":"o5fvtefco8qe6dq"},"id":"bd02hptfo8ekq80","previousOperationId":"ho9nel9ico7pb8f"}
{"type":"log","timestamp":1676050855217,"level":"debug","message":"Request http://intruct-javascript-ending/","meta":{"rootId":"o5fvtefco8qe6dq","id":"o5fvtefco8qe6dq"},"id":"wthiwz7aqcv46mz","previousOperationId":"ho9nel9ico7pb8f"}
{"type":"log","timestamp":1676050855217,"level":"debug","message":"PhantomJS printing done","meta":{"rootId":"o5fvtefco8qe6dq","id":"o5fvtefco8qe6dq"},"id":"rrrr8i6wa1a7gjd","previousOperationId":"ho9nel9ico7pb8f"}
{"type":"log","timestamp":1676050855217,"level":"debug","message":"phantom-pdf recipe finished with 1 pages generated","meta":{"rootId":"o5fvtefco8qe6dq","id":"o5fvtefco8qe6dq"},"id":"btw1m9ptd5ytu78","previousOperationId":"ho9nel9ico7pb8f"}
{"type":"operationEnd","operationId":"ho9nel9ico7pb8f","timestamp":1676050855217,"id":"5oxeq5prcqprw79","previousEventId":"dz2v463f6hksb8p","previousOperationId":"ho9nel9ico7pb8f"}
{"type":"log","timestamp":1676050855218,"level":"debug","message":"Skipping storing report.","meta":{"rootId":"o5fvtefco8qe6dq","id":"o5fvtefco8qe6dq"},"id":"fg5rjt53hw79sz1","previousOperationId":"ho9nel9ico7pb8f"}
{"type":"log","timestamp":1676050855218,"level":"info","message":"Rendering request 8 finished in 3067 ms","meta":{"rootId":"o5fvtefco8qe6dq","id":"o5fvtefco8qe6dq"},"id":"zuwxxdsreea85q3","previousOperationId":"ho9nel9ico7pb8f"}
{"type":"operationEnd","subtype":"render","operationId":"js00ht2nqmpp2bj","timestamp":1676050855218,"id":"zwzo2xnz6sz48to","previousEventId":"5oxeq5prcqprw79","previousOperationId":"ho9nel9ico7pb8f"}
{"type":"operationEnd","doDiffs":false,"previousEventId":"2ntgo13yzzvojj8","previousOperationId":"siz8gs8ar9dx9eh","operationId":"siz8gs8ar9dx9eh","timestamp":1676050855238,"id":"21fuk20w4x0ssv7"}
