{"type":"operationStart","subtype":"profile","data":{"_id":"MRwO011ST3rQDNUH","timestamp":"2023-02-09T19:08:42.818Z","state":"queued","mode":"standard","creationDate":"2023-02-09T19:08:42.821Z","modificationDate":"2023-02-09T19:08:42.821Z","shortid":"mijXs0_","$entitySet":"profiles"},"doDiffs":false,"timestamp":1675969722819,"id":"yfpitwmfqtuvg5l","previousOperationId":null,"operationId":"mr5rd23y98krq8c"}
{"type":"log","level":"info","message":"Render request 11 queued for execution and waiting for available worker","previousOperationId":"mr5rd23y98krq8c","timestamp":1675969722820,"id":"p6cuhqfbbhlqu6v"}
{"type":"operationStart","subtype":"render","name":"chart","previousOperationId":"mr5rd23y98krq8c","timestamp":1675969722834,"id":"l5i6b6o0pjk0br0","previousEventId":"yfpitwmfqtuvg5l","operationId":"6lxc2t7lcgia7oi"}
{"type":"log","timestamp":1675969722834,"level":"info","message":"Starting rendering request 11","meta":{"rootId":"o6q7fz2y6tpuz5i","id":"o6q7fz2y6tpuz5i"},"id":"wjg7i1lzafq28on","previousOperationId":"6lxc2t7lcgia7oi"}
{"type":"log","timestamp":1675969722834,"level":"info","message":"Rendering template { name: chart, recipe: phantom-pdf, engine: handlebars, preview: true }","meta":{"rootId":"o6q7fz2y6tpuz5i","id":"o6q7fz2y6tpuz5i"},"id":"t05l2zmnjcsrrht","previousOperationId":"6lxc2t7lcgia7oi"}
{"type":"log","timestamp":1675969722837,"level":"debug","message":"Inline data specified.","meta":{"rootId":"o6q7fz2y6tpuz5i","id":"o6q7fz2y6tpuz5i"},"id":"rphro0fpyqfyupu","previousOperationId":"6lxc2t7lcgia7oi"}
{"type":"log","timestamp":1675969722842,"level":"debug","message":"Base url not specified, skipping its injection.","meta":{"rootId":"o6q7fz2y6tpuz5i","id":"o6q7fz2y6tpuz5i"},"id":"0ef1rl8zj3wrq7d","previousOperationId":"6lxc2t7lcgia7oi"}
{"type":"operationStart","subtype":"engine","name":"handlebars","timestamp":1675969722842,"id":"chpmcvdyu63xtqf","previousEventId":"l5i6b6o0pjk0br0","operationId":"gsb8eab5fv9kdcv","previousOperationId":"6lxc2t7lcgia7oi"}
{"type":"log","timestamp":1675969722842,"level":"debug","message":"Rendering engine handlebars","meta":{"rootId":"o6q7fz2y6tpuz5i","id":"o6q7fz2y6tpuz5i"},"id":"oe5btw11gbmg5c7","previousOperationId":"gsb8eab5fv9kdcv"}
{"type":"operationEnd","operationId":"gsb8eab5fv9kdcv","timestamp":1675969722867,"id":"62bmfmf0hobbntg","previousEventId":"chpmcvdyu63xtqf","previousOperationId":"gsb8eab5fv9kdcv"}
{"type":"operationStart","subtype":"recipe","name":"phantom-pdf","timestamp":1675969722867,"id":"ip05bkvgdcftsxi","previousEventId":"62bmfmf0hobbntg","operationId":"zpy20jzbc6apc28","previousOperationId":"gsb8eab5fv9kdcv"}
{"type":"log","timestamp":1675969722867,"level":"debug","message":"Executing recipe phantom-pdf","meta":{"rootId":"o6q7fz2y6tpuz5i","id":"o6q7fz2y6tpuz5i"},"id":"76qozod7jxnj1p1","previousOperationId":"zpy20jzbc6apc28"}
{"type":"log","timestamp":1675969725638,"level":"debug","message":"Converting in dedicated phantomjs 1.9.8","meta":{"rootId":"o6q7fz2y6tpuz5i","id":"o6q7fz2y6tpuz5i"},"id":"1q5tdip4fwotlvs","previousOperationId":"zpy20jzbc6apc28"}
{"type":"log","timestamp":1675969725638,"level":"debug","message":"Request file:///C%3A%5CUsers%5Calegu%5CAppData%5CLocal%5CTemp%5C55a7cb5e-d604-4bd3-b67c-41bc6f584fa7html.html","meta":{"rootId":"o6q7fz2y6tpuz5i","id":"o6q7fz2y6tpuz5i"},"id":"z8yp44zwohqe4gj","previousOperationId":"zpy20jzbc6apc28"}
{"type":"log","timestamp":1675969725638,"level":"debug","message":"Request https://cdnjs.cloudflare.com/ajax/libs/Chart.js/2.1.6/Chart.min.js","meta":{"rootId":"o6q7fz2y6tpuz5i","id":"o6q7fz2y6tpuz5i"},"id":"z326yy39h59qo5r","previousOperationId":"zpy20jzbc6apc28"}
{"type":"log","timestamp":1675969725638,"level":"debug","message":"PhantomJS printing done","meta":{"rootId":"o6q7fz2y6tpuz5i","id":"o6q7fz2y6tpuz5i"},"id":"g6ho714i2sibv6g","previousOperationId":"zpy20jzbc6apc28"}
{"type":"log","timestamp":1675969725638,"level":"debug","message":"PhantomJS printing done","meta":{"rootId":"o6q7fz2y6tpuz5i","id":"o6q7fz2y6tpuz5i"},"id":"guvvo5zljf8xsfn","previousOperationId":"zpy20jzbc6apc28"}
{"type":"log","timestamp":1675969725638,"level":"debug","message":"PhantomJS printing done","meta":{"rootId":"o6q7fz2y6tpuz5i","id":"o6q7fz2y6tpuz5i"},"id":"w0f2zey4626iuyv","previousOperationId":"zpy20jzbc6apc28"}
{"type":"log","timestamp":1675969725638,"level":"debug","message":"PhantomJS printing done","meta":{"rootId":"o6q7fz2y6tpuz5i","id":"o6q7fz2y6tpuz5i"},"id":"m4ap0jdjlt5f2zv","previousOperationId":"zpy20jzbc6apc28"}
{"type":"log","timestamp":1675969725638,"level":"debug","message":"PhantomJS printing done","meta":{"rootId":"o6q7fz2y6tpuz5i","id":"o6q7fz2y6tpuz5i"},"id":"bmvxbyqlnslax8t","previousOperationId":"zpy20jzbc6apc28"}
{"type":"log","timestamp":1675969725638,"level":"debug","message":"PhantomJS printing done","meta":{"rootId":"o6q7fz2y6tpuz5i","id":"o6q7fz2y6tpuz5i"},"id":"t3u4vwzbdu4mi7u","previousOperationId":"zpy20jzbc6apc28"}
{"type":"log","timestamp":1675969725638,"level":"debug","message":"PhantomJS printing done","meta":{"rootId":"o6q7fz2y6tpuz5i","id":"o6q7fz2y6tpuz5i"},"id":"t8vp67u0hjfp8qr","previousOperationId":"zpy20jzbc6apc28"}
{"type":"log","timestamp":1675969725638,"level":"debug","message":"PhantomJS printing done","meta":{"rootId":"o6q7fz2y6tpuz5i","id":"o6q7fz2y6tpuz5i"},"id":"2v1lx3bnu6hpt3k","previousOperationId":"zpy20jzbc6apc28"}
{"type":"log","timestamp":1675969725638,"level":"debug","message":"PhantomJS printing done","meta":{"rootId":"o6q7fz2y6tpuz5i","id":"o6q7fz2y6tpuz5i"},"id":"ehfksuapev4w3de","previousOperationId":"zpy20jzbc6apc28"}
{"type":"log","timestamp":1675969725638,"level":"debug","message":"PhantomJS printing done","meta":{"rootId":"o6q7fz2y6tpuz5i","id":"o6q7fz2y6tpuz5i"},"id":"3ja7loc1fjercij","previousOperationId":"zpy20jzbc6apc28"}
{"type":"log","timestamp":1675969725638,"level":"debug","message":"Request http://intruct-javascript-ending/","meta":{"rootId":"o6q7fz2y6tpuz5i","id":"o6q7fz2y6tpuz5i"},"id":"ygo5htknyynty5m","previousOperationId":"zpy20jzbc6apc28"}
{"type":"log","timestamp":1675969725638,"level":"debug","message":"PhantomJS printing done","meta":{"rootId":"o6q7fz2y6tpuz5i","id":"o6q7fz2y6tpuz5i"},"id":"cvccr4x6u67ojtl","previousOperationId":"zpy20jzbc6apc28"}
{"type":"log","timestamp":1675969725639,"level":"debug","message":"phantom-pdf recipe finished with 1 pages generated","meta":{"rootId":"o6q7fz2y6tpuz5i","id":"o6q7fz2y6tpuz5i"},"id":"obvr6ai4b4hqyje","previousOperationId":"zpy20jzbc6apc28"}
{"type":"operationEnd","operationId":"zpy20jzbc6apc28","timestamp":1675969725639,"id":"ql7gav7uitob3gk","previousEventId":"ip05bkvgdcftsxi","previousOperationId":"zpy20jzbc6apc28"}
{"type":"log","timestamp":1675969725639,"level":"debug","message":"Skipping storing report.","meta":{"rootId":"o6q7fz2y6tpuz5i","id":"o6q7fz2y6tpuz5i"},"id":"cwc43swmn6z0ads","previousOperationId":"zpy20jzbc6apc28"}
{"type":"log","timestamp":1675969725639,"level":"info","message":"Rendering request 11 finished in 2821 ms","meta":{"rootId":"o6q7fz2y6tpuz5i","id":"o6q7fz2y6tpuz5i"},"id":"waawlyv65fymrk0","previousOperationId":"zpy20jzbc6apc28"}
{"type":"operationEnd","subtype":"render","operationId":"6lxc2t7lcgia7oi","timestamp":1675969725639,"id":"2s7iy5xlj75rikw","previousEventId":"ql7gav7uitob3gk","previousOperationId":"zpy20jzbc6apc28"}
{"type":"operationEnd","doDiffs":false,"previousEventId":"yfpitwmfqtuvg5l","previousOperationId":"mr5rd23y98krq8c","operationId":"mr5rd23y98krq8c","timestamp":1675969725665,"id":"xe6n25uvog0xwok"}
