{"type":"operationStart","subtype":"profile","data":{"_id":"nGyRrQuzTBPBu3qz","timestamp":"2023-02-09T20:27:22.465Z","state":"queued","mode":"standard","creationDate":"2023-02-09T20:27:22.467Z","modificationDate":"2023-02-09T20:27:22.467Z","shortid":"VOGtK0b","$entitySet":"profiles"},"doDiffs":false,"timestamp":1675974442466,"id":"evb4idhhiyqeajj","previousOperationId":null,"operationId":"i4bxftsaqzsh1ua"}
{"type":"log","level":"info","message":"Render request 76 queued for execution and waiting for available worker","previousOperationId":"i4bxftsaqzsh1ua","timestamp":1675974442466,"id":"0ys61gbbb810m68"}
{"type":"operationStart","subtype":"render","name":"chart","previousOperationId":"i4bxftsaqzsh1ua","timestamp":1675974442482,"id":"svkkdtw152ji1v9","previousEventId":"evb4idhhiyqeajj","operationId":"8rxsfyi9yu2as30"}
{"type":"log","timestamp":1675974442483,"level":"info","message":"Starting rendering request 76","meta":{"rootId":"o7tfw3ly73bhkuj","id":"o7tfw3ly73bhkuj"},"id":"xb5pkq8lup1ic2p","previousOperationId":"8rxsfyi9yu2as30"}
{"type":"log","timestamp":1675974442484,"level":"info","message":"Rendering template { name: chart, recipe: phantom-pdf, engine: handlebars, preview: true }","meta":{"rootId":"o7tfw3ly73bhkuj","id":"o7tfw3ly73bhkuj"},"id":"zqqoywu17nvpngo","previousOperationId":"8rxsfyi9yu2as30"}
{"type":"log","timestamp":1675974442486,"level":"debug","message":"Inline data specified.","meta":{"rootId":"o7tfw3ly73bhkuj","id":"o7tfw3ly73bhkuj"},"id":"al4rf9br4wpt7xn","previousOperationId":"8rxsfyi9yu2as30"}
{"type":"log","timestamp":1675974442495,"level":"debug","message":"Base url not specified, skipping its injection.","meta":{"rootId":"o7tfw3ly73bhkuj","id":"o7tfw3ly73bhkuj"},"id":"xkwh54wfo78jbsg","previousOperationId":"8rxsfyi9yu2as30"}
{"type":"operationStart","subtype":"engine","name":"handlebars","timestamp":1675974442496,"id":"zm35uqiz7mnnd5v","previousEventId":"svkkdtw152ji1v9","operationId":"ux3w4s03ya7i41g","previousOperationId":"8rxsfyi9yu2as30"}
{"type":"log","timestamp":1675974442496,"level":"debug","message":"Rendering engine handlebars","meta":{"rootId":"o7tfw3ly73bhkuj","id":"o7tfw3ly73bhkuj"},"id":"eaddn0auj57fzwl","previousOperationId":"ux3w4s03ya7i41g"}
{"type":"log","timestamp":1675974442517,"level":"debug","message":"(console:log) [50,6]","meta":{"userLevel":true,"rootId":"o7tfw3ly73bhkuj","id":"o7tfw3ly73bhkuj"},"id":"zb7g5yfkg9txdkg","previousOperationId":"ux3w4s03ya7i41g"}
{"type":"operationEnd","operationId":"ux3w4s03ya7i41g","timestamp":1675974442517,"id":"2u504zo9bq5x1j6","previousEventId":"zm35uqiz7mnnd5v","previousOperationId":"ux3w4s03ya7i41g"}
{"type":"operationStart","subtype":"recipe","name":"phantom-pdf","timestamp":1675974442519,"id":"vfb78bcvq95l8gy","previousEventId":"2u504zo9bq5x1j6","operationId":"bwwg13sezsggoe3","previousOperationId":"ux3w4s03ya7i41g"}
{"type":"log","timestamp":1675974442519,"level":"debug","message":"Executing recipe phantom-pdf","meta":{"rootId":"o7tfw3ly73bhkuj","id":"o7tfw3ly73bhkuj"},"id":"chr8g2y7e7ae06e","previousOperationId":"bwwg13sezsggoe3"}
{"type":"log","timestamp":1675974446030,"level":"debug","message":"Converting in dedicated phantomjs 1.9.8","meta":{"rootId":"o7tfw3ly73bhkuj","id":"o7tfw3ly73bhkuj"},"id":"f4qhtxvc73lmz7p","previousOperationId":"bwwg13sezsggoe3"}
{"type":"log","timestamp":1675974446030,"level":"debug","message":"Request file:///C%3A%5CUsers%5Calegu%5CAppData%5CLocal%5CTemp%5Cbfb0179e-2ca5-41a0-a1c8-831d5bf8ba83html.html","meta":{"rootId":"o7tfw3ly73bhkuj","id":"o7tfw3ly73bhkuj"},"id":"opa318fqvcso7a8","previousOperationId":"bwwg13sezsggoe3"}
{"type":"log","timestamp":1675974446030,"level":"debug","message":"Request https://cdnjs.cloudflare.com/ajax/libs/Chart.js/2.1.6/Chart.min.js","meta":{"rootId":"o7tfw3ly73bhkuj","id":"o7tfw3ly73bhkuj"},"id":"ukyxy8o9kxnwrev","previousOperationId":"bwwg13sezsggoe3"}
{"type":"log","timestamp":1675974446030,"level":"debug","message":"PhantomJS printing done","meta":{"rootId":"o7tfw3ly73bhkuj","id":"o7tfw3ly73bhkuj"},"id":"mbpupnli4pwsdjl","previousOperationId":"bwwg13sezsggoe3"}
{"type":"log","timestamp":1675974446030,"level":"debug","message":"PhantomJS printing done","meta":{"rootId":"o7tfw3ly73bhkuj","id":"o7tfw3ly73bhkuj"},"id":"y3ksz0nekj94a9i","previousOperationId":"bwwg13sezsggoe3"}
{"type":"log","timestamp":1675974446030,"level":"debug","message":"PhantomJS printing done","meta":{"rootId":"o7tfw3ly73bhkuj","id":"o7tfw3ly73bhkuj"},"id":"a76qcfagjz3ork5","previousOperationId":"bwwg13sezsggoe3"}
{"type":"log","timestamp":1675974446030,"level":"debug","message":"PhantomJS printing done","meta":{"rootId":"o7tfw3ly73bhkuj","id":"o7tfw3ly73bhkuj"},"id":"10w99v5wr53fu80","previousOperationId":"bwwg13sezsggoe3"}
{"type":"log","timestamp":1675974446030,"level":"debug","message":"PhantomJS printing done","meta":{"rootId":"o7tfw3ly73bhkuj","id":"o7tfw3ly73bhkuj"},"id":"2fu3im36pn0006i","previousOperationId":"bwwg13sezsggoe3"}
{"type":"log","timestamp":1675974446030,"level":"debug","message":"PhantomJS printing done","meta":{"rootId":"o7tfw3ly73bhkuj","id":"o7tfw3ly73bhkuj"},"id":"b8ebg5o55bkbmpq","previousOperationId":"bwwg13sezsggoe3"}
{"type":"log","timestamp":1675974446030,"level":"debug","message":"PhantomJS printing done","meta":{"rootId":"o7tfw3ly73bhkuj","id":"o7tfw3ly73bhkuj"},"id":"lkgnf0eooamepx3","previousOperationId":"bwwg13sezsggoe3"}
{"type":"log","timestamp":1675974446030,"level":"debug","message":"PhantomJS printing done","meta":{"rootId":"o7tfw3ly73bhkuj","id":"o7tfw3ly73bhkuj"},"id":"ei3nzhvqsi10n7l","previousOperationId":"bwwg13sezsggoe3"}
{"type":"log","timestamp":1675974446030,"level":"debug","message":"PhantomJS printing done","meta":{"rootId":"o7tfw3ly73bhkuj","id":"o7tfw3ly73bhkuj"},"id":"n7ev77veacflqfi","previousOperationId":"bwwg13sezsggoe3"}
{"type":"log","timestamp":1675974446030,"level":"debug","message":"PhantomJS printing done","meta":{"rootId":"o7tfw3ly73bhkuj","id":"o7tfw3ly73bhkuj"},"id":"m1u34dpo92ia35m","previousOperationId":"bwwg13sezsggoe3"}
{"type":"log","timestamp":1675974446030,"level":"debug","message":"Request http://intruct-javascript-ending/","meta":{"rootId":"o7tfw3ly73bhkuj","id":"o7tfw3ly73bhkuj"},"id":"wp5g4lvsnp43ji4","previousOperationId":"bwwg13sezsggoe3"}
{"type":"log","timestamp":1675974446030,"level":"debug","message":"PhantomJS printing done","meta":{"rootId":"o7tfw3ly73bhkuj","id":"o7tfw3ly73bhkuj"},"id":"3gstyssgqsiimc3","previousOperationId":"bwwg13sezsggoe3"}
{"type":"log","timestamp":1675974446031,"level":"debug","message":"phantom-pdf recipe finished with 1 pages generated","meta":{"rootId":"o7tfw3ly73bhkuj","id":"o7tfw3ly73bhkuj"},"id":"xxv17gxevujj31v","previousOperationId":"bwwg13sezsggoe3"}
{"type":"operationEnd","operationId":"bwwg13sezsggoe3","timestamp":1675974446031,"id":"cmquhgp6b33mkkr","previousEventId":"vfb78bcvq95l8gy","previousOperationId":"bwwg13sezsggoe3"}
{"type":"log","timestamp":1675974446032,"level":"debug","message":"Skipping storing report.","meta":{"rootId":"o7tfw3ly73bhkuj","id":"o7tfw3ly73bhkuj"},"id":"y8jrn4zp7onskpk","previousOperationId":"bwwg13sezsggoe3"}
{"type":"log","timestamp":1675974446032,"level":"info","message":"Rendering request 76 finished in 3568 ms","meta":{"rootId":"o7tfw3ly73bhkuj","id":"o7tfw3ly73bhkuj"},"id":"ncudjew0b3434cr","previousOperationId":"bwwg13sezsggoe3"}
{"type":"operationEnd","subtype":"render","operationId":"8rxsfyi9yu2as30","timestamp":1675974446032,"id":"3rv8jmntm2cf6wt","previousEventId":"cmquhgp6b33mkkr","previousOperationId":"bwwg13sezsggoe3"}
{"type":"operationEnd","doDiffs":false,"previousEventId":"evb4idhhiyqeajj","previousOperationId":"i4bxftsaqzsh1ua","operationId":"i4bxftsaqzsh1ua","timestamp":1675974446050,"id":"jpfyrr6r4vt15ct"}
