{"type":"operationStart","subtype":"profile","data":{"_id":"mpjeyPQmlsapAx8G","timestamp":"2023-02-10T15:13:25.245Z","state":"queued","mode":"standard","creationDate":"2023-02-10T15:13:25.248Z","modificationDate":"2023-02-10T15:13:25.248Z","shortid":"I25wDLe","$entitySet":"profiles"},"doDiffs":false,"timestamp":1676042005246,"id":"90gsly8xgiw0gq2","previousOperationId":null,"operationId":"dkuy3sn7pma77ky"}
{"type":"log","level":"info","message":"Render request 3 queued for execution and waiting for available worker","previousOperationId":"dkuy3sn7pma77ky","timestamp":1676042005246,"id":"gkjuectfid60q8c"}
{"type":"operationStart","subtype":"render","name":"chart","previousOperationId":"dkuy3sn7pma77ky","timestamp":1676042005262,"id":"7nj1o4kuqijq0cf","previousEventId":"90gsly8xgiw0gq2","operationId":"hx6uzfqxw6a4rvp"}
{"type":"log","timestamp":1676042005262,"level":"info","message":"Starting rendering request 3","meta":{"rootId":"ovbtbzepf5fkx49","id":"ovbtbzepf5fkx49"},"id":"4e8u636b30b3ogg","previousOperationId":"hx6uzfqxw6a4rvp"}
{"type":"log","timestamp":1676042005263,"level":"info","message":"Rendering template { name: chart, recipe: phantom-pdf, engine: handlebars, preview: true }","meta":{"rootId":"ovbtbzepf5fkx49","id":"ovbtbzepf5fkx49"},"id":"vys5gzw8orrs3j3","previousOperationId":"hx6uzfqxw6a4rvp"}
{"type":"log","timestamp":1676042005265,"level":"debug","message":"Data item not defined for this template.","meta":{"rootId":"ovbtbzepf5fkx49","id":"ovbtbzepf5fkx49"},"id":"zszfiardvbbk7uw","previousOperationId":"hx6uzfqxw6a4rvp"}
{"type":"log","timestamp":1676042005270,"level":"debug","message":"Executing script chartscript (beforeRender)","meta":{"rootId":"ovbtbzepf5fkx49","id":"ovbtbzepf5fkx49"},"id":"tp4il2rlr9rbqqv","previousOperationId":"hx6uzfqxw6a4rvp"}
{"type":"operationStart","subtype":"scriptsBeforeRender","name":"scripts beforeRender","timestamp":1676042005306,"id":"ifzfnpkmii5pku9","previousEventId":"7nj1o4kuqijq0cf","operationId":"otqm55o234tqnxy","previousOperationId":"hx6uzfqxw6a4rvp"}
{"type":"operationStart","subtype":"script","name":"scripts chartscript","previousOperationId":"otqm55o234tqnxy","timestamp":1676042005306,"id":"ic9y01ablp2gpg8","previousEventId":"ifzfnpkmii5pku9","operationId":"p4hf5necmky8ngg"}
{"type":"operationEnd","operationId":"p4hf5necmky8ngg","timestamp":1676042005530,"id":"xwr20sm9dzohmtm","previousEventId":"7nj1o4kuqijq0cf","previousOperationId":"hx6uzfqxw6a4rvp"}
{"type":"operationEnd","operationId":"otqm55o234tqnxy","timestamp":1676042005530,"id":"zcqy1spihqbs8j2","previousEventId":"xwr20sm9dzohmtm","previousOperationId":"hx6uzfqxw6a4rvp"}
{"type":"log","timestamp":1676042005530,"level":"debug","message":"Base url not specified, skipping its injection.","meta":{"rootId":"ovbtbzepf5fkx49","id":"ovbtbzepf5fkx49"},"id":"0vcro3x52c0t932","previousOperationId":"otqm55o234tqnxy"}
{"type":"operationStart","subtype":"engine","name":"handlebars","timestamp":1676042005531,"id":"f4adejytphgrddz","previousEventId":"zcqy1spihqbs8j2","operationId":"5hk9xnhrbm2t11y","previousOperationId":"otqm55o234tqnxy"}
{"type":"log","timestamp":1676042005531,"level":"debug","message":"Rendering engine handlebars","meta":{"rootId":"ovbtbzepf5fkx49","id":"ovbtbzepf5fkx49"},"id":"owgb06s5asltq4h","previousOperationId":"5hk9xnhrbm2t11y"}
{"type":"log","timestamp":1676042005546,"level":"debug","message":"(console:log) undefined","meta":{"userLevel":true,"rootId":"ovbtbzepf5fkx49","id":"ovbtbzepf5fkx49"},"id":"d7xedprwz3hiq9u","previousOperationId":"5hk9xnhrbm2t11y"}
{"type":"operationEnd","operationId":"5hk9xnhrbm2t11y","timestamp":1676042005546,"id":"cb2hi303n6l9z70","previousEventId":"f4adejytphgrddz","previousOperationId":"5hk9xnhrbm2t11y"}
{"type":"operationStart","subtype":"recipe","name":"phantom-pdf","timestamp":1676042005547,"id":"udtxogzpged3rve","previousEventId":"cb2hi303n6l9z70","operationId":"h0gzrx2gp731zue","previousOperationId":"5hk9xnhrbm2t11y"}
{"type":"log","timestamp":1676042005547,"level":"debug","message":"Executing recipe phantom-pdf","meta":{"rootId":"ovbtbzepf5fkx49","id":"ovbtbzepf5fkx49"},"id":"37y0vbe1sulwzdo","previousOperationId":"h0gzrx2gp731zue"}
{"type":"log","timestamp":1676042008447,"level":"debug","message":"Converting in dedicated phantomjs 1.9.8","meta":{"rootId":"ovbtbzepf5fkx49","id":"ovbtbzepf5fkx49"},"id":"l7bab4gwipunuso","previousOperationId":"h0gzrx2gp731zue"}
{"type":"log","timestamp":1676042008447,"level":"debug","message":"Request file:///C%3A%5CUsers%5Calegu%5CAppData%5CLocal%5CTemp%5C1a3fdc02-0116-49aa-abbc-d3a77e8410bbhtml.html","meta":{"rootId":"ovbtbzepf5fkx49","id":"ovbtbzepf5fkx49"},"id":"75mn34ojn2zkwp7","previousOperationId":"h0gzrx2gp731zue"}
{"type":"log","timestamp":1676042008447,"level":"debug","message":"Request https://cdnjs.cloudflare.com/ajax/libs/Chart.js/2.1.6/Chart.min.js","meta":{"rootId":"ovbtbzepf5fkx49","id":"ovbtbzepf5fkx49"},"id":"ei28g3ycuhjbf9a","previousOperationId":"h0gzrx2gp731zue"}
{"type":"log","timestamp":1676042008447,"level":"debug","message":"PhantomJS printing done","meta":{"rootId":"ovbtbzepf5fkx49","id":"ovbtbzepf5fkx49"},"id":"zlujxkjpbhiaar5","previousOperationId":"h0gzrx2gp731zue"}
{"type":"log","timestamp":1676042008447,"level":"debug","message":"PhantomJS printing done","meta":{"rootId":"ovbtbzepf5fkx49","id":"ovbtbzepf5fkx49"},"id":"n4ii25wyp2bq05z","previousOperationId":"h0gzrx2gp731zue"}
{"type":"log","timestamp":1676042008447,"level":"debug","message":"PhantomJS printing done","meta":{"rootId":"ovbtbzepf5fkx49","id":"ovbtbzepf5fkx49"},"id":"tkj822ypkjm5dcw","previousOperationId":"h0gzrx2gp731zue"}
{"type":"log","timestamp":1676042008447,"level":"debug","message":"PhantomJS printing done","meta":{"rootId":"ovbtbzepf5fkx49","id":"ovbtbzepf5fkx49"},"id":"n5cp1bsm501vza6","previousOperationId":"h0gzrx2gp731zue"}
{"type":"log","timestamp":1676042008447,"level":"debug","message":"PhantomJS printing done","meta":{"rootId":"ovbtbzepf5fkx49","id":"ovbtbzepf5fkx49"},"id":"yfh0y7fgi8aezzt","previousOperationId":"h0gzrx2gp731zue"}
{"type":"log","timestamp":1676042008447,"level":"debug","message":"PhantomJS printing done","meta":{"rootId":"ovbtbzepf5fkx49","id":"ovbtbzepf5fkx49"},"id":"ojse499daf4pe25","previousOperationId":"h0gzrx2gp731zue"}
{"type":"log","timestamp":1676042008447,"level":"debug","message":"PhantomJS printing done","meta":{"rootId":"ovbtbzepf5fkx49","id":"ovbtbzepf5fkx49"},"id":"mo09nr5rfg6shsq","previousOperationId":"h0gzrx2gp731zue"}
{"type":"log","timestamp":1676042008447,"level":"debug","message":"PhantomJS printing done","meta":{"rootId":"ovbtbzepf5fkx49","id":"ovbtbzepf5fkx49"},"id":"jlnzqmb9e6bsae2","previousOperationId":"h0gzrx2gp731zue"}
{"type":"log","timestamp":1676042008447,"level":"debug","message":"PhantomJS printing done","meta":{"rootId":"ovbtbzepf5fkx49","id":"ovbtbzepf5fkx49"},"id":"58ot5wix0o86y15","previousOperationId":"h0gzrx2gp731zue"}
{"type":"log","timestamp":1676042008447,"level":"debug","message":"PhantomJS printing done","meta":{"rootId":"ovbtbzepf5fkx49","id":"ovbtbzepf5fkx49"},"id":"2b4fny71fmfb3hh","previousOperationId":"h0gzrx2gp731zue"}
{"type":"log","timestamp":1676042008447,"level":"debug","message":"Request http://intruct-javascript-ending/","meta":{"rootId":"ovbtbzepf5fkx49","id":"ovbtbzepf5fkx49"},"id":"6ilnnajqjabihnx","previousOperationId":"h0gzrx2gp731zue"}
{"type":"log","timestamp":1676042008447,"level":"debug","message":"PhantomJS printing done","meta":{"rootId":"ovbtbzepf5fkx49","id":"ovbtbzepf5fkx49"},"id":"myy4i9qszw9dm3i","previousOperationId":"h0gzrx2gp731zue"}
{"type":"log","timestamp":1676042008448,"level":"debug","message":"phantom-pdf recipe finished with 1 pages generated","meta":{"rootId":"ovbtbzepf5fkx49","id":"ovbtbzepf5fkx49"},"id":"c2lu6mmzcg0bp4z","previousOperationId":"h0gzrx2gp731zue"}
{"type":"operationEnd","operationId":"h0gzrx2gp731zue","timestamp":1676042008449,"id":"srrd71q3xr8firt","previousEventId":"udtxogzpged3rve","previousOperationId":"h0gzrx2gp731zue"}
{"type":"log","timestamp":1676042008449,"level":"debug","message":"Skipping storing report.","meta":{"rootId":"ovbtbzepf5fkx49","id":"ovbtbzepf5fkx49"},"id":"n7089zhxchkfmdp","previousOperationId":"h0gzrx2gp731zue"}
{"type":"log","timestamp":1676042008449,"level":"info","message":"Rendering request 3 finished in 3204 ms","meta":{"rootId":"ovbtbzepf5fkx49","id":"ovbtbzepf5fkx49"},"id":"9y1uwu8fj88ormm","previousOperationId":"h0gzrx2gp731zue"}
{"type":"operationEnd","subtype":"render","operationId":"hx6uzfqxw6a4rvp","timestamp":1676042008449,"id":"uhwu655914zty1s","previousEventId":"srrd71q3xr8firt","previousOperationId":"h0gzrx2gp731zue"}
{"type":"operationEnd","doDiffs":false,"previousEventId":"90gsly8xgiw0gq2","previousOperationId":"dkuy3sn7pma77ky","operationId":"dkuy3sn7pma77ky","timestamp":1676042008483,"id":"8b6lfhukjuj7z8d"}
