{"type":"operationStart","subtype":"profile","data":{"_id":"O9MAcprTT5ReB5r6","timestamp":"2023-02-10T17:41:03.838Z","state":"queued","mode":"standard","creationDate":"2023-02-10T17:41:03.842Z","modificationDate":"2023-02-10T17:41:03.842Z","shortid":"WM9CzEh","$entitySet":"profiles"},"doDiffs":false,"timestamp":1676050863840,"id":"jhemp1vqwbjgxlq","previousOperationId":null,"operationId":"pam1ofpte5t7yxg"}
{"type":"log","level":"info","message":"Render request 9 queued for execution and waiting for available worker","previousOperationId":"pam1ofpte5t7yxg","timestamp":1676050863841,"id":"wunlqy45njja29g"}
{"type":"operationStart","subtype":"render","name":"chart","previousOperationId":"pam1ofpte5t7yxg","timestamp":1676050863851,"id":"b7u2hkwcdj9h4ly","previousEventId":"jhemp1vqwbjgxlq","operationId":"eh6fkn42xdpbowb"}
{"type":"log","timestamp":1676050863852,"level":"info","message":"Starting rendering request 9","meta":{"rootId":"p9bt3fpsqgm3dbm","id":"p9bt3fpsqgm3dbm"},"id":"fp3jtgzst2erijl","previousOperationId":"eh6fkn42xdpbowb"}
{"type":"log","timestamp":1676050863852,"level":"info","message":"Rendering template { name: chart, recipe: phantom-pdf, engine: handlebars, preview: true }","meta":{"rootId":"p9bt3fpsqgm3dbm","id":"p9bt3fpsqgm3dbm"},"id":"i402zfate58hooi","previousOperationId":"eh6fkn42xdpbowb"}
{"type":"log","timestamp":1676050863854,"level":"debug","message":"Data item not defined for this template.","meta":{"rootId":"p9bt3fpsqgm3dbm","id":"p9bt3fpsqgm3dbm"},"id":"vccf8tn0pwu6mdv","previousOperationId":"eh6fkn42xdpbowb"}
{"type":"log","timestamp":1676050863862,"level":"debug","message":"Executing script chartscript (beforeRender)","meta":{"rootId":"p9bt3fpsqgm3dbm","id":"p9bt3fpsqgm3dbm"},"id":"e1fn4nccchp861d","previousOperationId":"eh6fkn42xdpbowb"}
{"type":"operationStart","subtype":"scriptsBeforeRender","name":"scripts beforeRender","timestamp":1676050863890,"id":"kpa34ssq144qexy","previousEventId":"b7u2hkwcdj9h4ly","operationId":"an88i7l51jvxa87","previousOperationId":"eh6fkn42xdpbowb"}
{"type":"operationStart","subtype":"script","name":"scripts chartscript","previousOperationId":"an88i7l51jvxa87","timestamp":1676050863890,"id":"4xovcshv4bud3jg","previousEventId":"kpa34ssq144qexy","operationId":"b1xrv654720ipad"}
{"type":"log","timestamp":1676050864086,"level":"debug","message":"(console:log) [ 50, 45, 0 ]","meta":{"userLevel":true,"rootId":"p9bt3fpsqgm3dbm","id":"p9bt3fpsqgm3dbm"},"id":"k3i2lbxqbs6s106","previousOperationId":"b1xrv654720ipad"}
{"type":"log","timestamp":1676050864086,"level":"debug","message":"(console:log) [ 50, 45, 0 ]","meta":{"userLevel":true,"rootId":"p9bt3fpsqgm3dbm","id":"p9bt3fpsqgm3dbm"},"id":"c5ywwx0s6wc79l9","previousOperationId":"b1xrv654720ipad"}
{"type":"operationEnd","operationId":"b1xrv654720ipad","timestamp":1676050864087,"id":"70s3xbio8h2k22q","previousEventId":"b7u2hkwcdj9h4ly","previousOperationId":"eh6fkn42xdpbowb"}
{"type":"operationEnd","operationId":"an88i7l51jvxa87","timestamp":1676050864087,"id":"8ro2no1i2mvixbe","previousEventId":"70s3xbio8h2k22q","previousOperationId":"eh6fkn42xdpbowb"}
{"type":"log","timestamp":1676050864087,"level":"debug","message":"Base url not specified, skipping its injection.","meta":{"rootId":"p9bt3fpsqgm3dbm","id":"p9bt3fpsqgm3dbm"},"id":"0iitl38xwhlbjgj","previousOperationId":"an88i7l51jvxa87"}
{"type":"operationStart","subtype":"engine","name":"handlebars","timestamp":1676050864088,"id":"e76a2tyxzasihf7","previousEventId":"8ro2no1i2mvixbe","operationId":"agou2f6r67mrcs7","previousOperationId":"an88i7l51jvxa87"}
{"type":"log","timestamp":1676050864088,"level":"debug","message":"Rendering engine handlebars","meta":{"rootId":"p9bt3fpsqgm3dbm","id":"p9bt3fpsqgm3dbm"},"id":"irxm6ol54eql1ir","previousOperationId":"agou2f6r67mrcs7"}
{"type":"log","timestamp":1676050864102,"level":"debug","message":"(console:log) [ 50, 45, 0 ]","meta":{"userLevel":true,"rootId":"p9bt3fpsqgm3dbm","id":"p9bt3fpsqgm3dbm"},"id":"miu0cohkul65o9n","previousOperationId":"agou2f6r67mrcs7"}
{"type":"log","timestamp":1676050864102,"level":"debug","message":"(console:log) [50,45,0]","meta":{"userLevel":true,"rootId":"p9bt3fpsqgm3dbm","id":"p9bt3fpsqgm3dbm"},"id":"cil495eho2ertvv","previousOperationId":"agou2f6r67mrcs7"}
{"type":"operationEnd","operationId":"agou2f6r67mrcs7","timestamp":1676050864102,"id":"yvng72pii7642au","previousEventId":"e76a2tyxzasihf7","previousOperationId":"agou2f6r67mrcs7"}
{"type":"operationStart","subtype":"recipe","name":"phantom-pdf","timestamp":1676050864103,"id":"9bltmwa8xn7kr4i","previousEventId":"yvng72pii7642au","operationId":"ydi916jkb5zzh3d","previousOperationId":"agou2f6r67mrcs7"}
{"type":"log","timestamp":1676050864103,"level":"debug","message":"Executing recipe phantom-pdf","meta":{"rootId":"p9bt3fpsqgm3dbm","id":"p9bt3fpsqgm3dbm"},"id":"fi8t05ulz279gf1","previousOperationId":"ydi916jkb5zzh3d"}
{"type":"log","timestamp":1676050866906,"level":"debug","message":"Converting in dedicated phantomjs 1.9.8","meta":{"rootId":"p9bt3fpsqgm3dbm","id":"p9bt3fpsqgm3dbm"},"id":"ysvr0xdmijgln9u","previousOperationId":"ydi916jkb5zzh3d"}
{"type":"log","timestamp":1676050866906,"level":"debug","message":"Request file:///C%3A%5CUsers%5Calegu%5CAppData%5CLocal%5CTemp%5C2e41b304-6143-4f9f-9761-3a0c48743517html.html","meta":{"rootId":"p9bt3fpsqgm3dbm","id":"p9bt3fpsqgm3dbm"},"id":"tzyb7zcf6ao5iya","previousOperationId":"ydi916jkb5zzh3d"}
{"type":"log","timestamp":1676050866907,"level":"debug","message":"Request https://cdnjs.cloudflare.com/ajax/libs/Chart.js/2.1.6/Chart.min.js","meta":{"rootId":"p9bt3fpsqgm3dbm","id":"p9bt3fpsqgm3dbm"},"id":"z4g6ukm1dll0443","previousOperationId":"ydi916jkb5zzh3d"}
{"type":"log","timestamp":1676050866907,"level":"debug","message":"PhantomJS printing done","meta":{"rootId":"p9bt3fpsqgm3dbm","id":"p9bt3fpsqgm3dbm"},"id":"2rjmo7prxyj45c9","previousOperationId":"ydi916jkb5zzh3d"}
{"type":"log","timestamp":1676050866907,"level":"debug","message":"PhantomJS printing done","meta":{"rootId":"p9bt3fpsqgm3dbm","id":"p9bt3fpsqgm3dbm"},"id":"dc5mz32t7a45xb6","previousOperationId":"ydi916jkb5zzh3d"}
{"type":"log","timestamp":1676050866907,"level":"debug","message":"PhantomJS printing done","meta":{"rootId":"p9bt3fpsqgm3dbm","id":"p9bt3fpsqgm3dbm"},"id":"gurgtr652ysgy3f","previousOperationId":"ydi916jkb5zzh3d"}
{"type":"log","timestamp":1676050866907,"level":"debug","message":"PhantomJS printing done","meta":{"rootId":"p9bt3fpsqgm3dbm","id":"p9bt3fpsqgm3dbm"},"id":"15g76cd09djzkz1","previousOperationId":"ydi916jkb5zzh3d"}
{"type":"log","timestamp":1676050866907,"level":"debug","message":"PhantomJS printing done","meta":{"rootId":"p9bt3fpsqgm3dbm","id":"p9bt3fpsqgm3dbm"},"id":"cb9k7orgtk8p5g5","previousOperationId":"ydi916jkb5zzh3d"}
{"type":"log","timestamp":1676050866907,"level":"debug","message":"PhantomJS printing done","meta":{"rootId":"p9bt3fpsqgm3dbm","id":"p9bt3fpsqgm3dbm"},"id":"79fjyy58o62y5fl","previousOperationId":"ydi916jkb5zzh3d"}
{"type":"log","timestamp":1676050866908,"level":"debug","message":"PhantomJS printing done","meta":{"rootId":"p9bt3fpsqgm3dbm","id":"p9bt3fpsqgm3dbm"},"id":"y853gseqhcs47tz","previousOperationId":"ydi916jkb5zzh3d"}
{"type":"log","timestamp":1676050866908,"level":"debug","message":"PhantomJS printing done","meta":{"rootId":"p9bt3fpsqgm3dbm","id":"p9bt3fpsqgm3dbm"},"id":"4ngyxs45vvzw9tz","previousOperationId":"ydi916jkb5zzh3d"}
{"type":"log","timestamp":1676050866908,"level":"debug","message":"PhantomJS printing done","meta":{"rootId":"p9bt3fpsqgm3dbm","id":"p9bt3fpsqgm3dbm"},"id":"gtnxc873amws3uv","previousOperationId":"ydi916jkb5zzh3d"}
{"type":"log","timestamp":1676050866908,"level":"debug","message":"PhantomJS printing done","meta":{"rootId":"p9bt3fpsqgm3dbm","id":"p9bt3fpsqgm3dbm"},"id":"7pbucvfizm71e8r","previousOperationId":"ydi916jkb5zzh3d"}
{"type":"log","timestamp":1676050866908,"level":"debug","message":"Request http://intruct-javascript-ending/","meta":{"rootId":"p9bt3fpsqgm3dbm","id":"p9bt3fpsqgm3dbm"},"id":"8o17a38qdjyexgt","previousOperationId":"ydi916jkb5zzh3d"}
{"type":"log","timestamp":1676050866908,"level":"debug","message":"PhantomJS printing done","meta":{"rootId":"p9bt3fpsqgm3dbm","id":"p9bt3fpsqgm3dbm"},"id":"281ab21irg0n4r2","previousOperationId":"ydi916jkb5zzh3d"}
{"type":"log","timestamp":1676050866909,"level":"debug","message":"phantom-pdf recipe finished with 1 pages generated","meta":{"rootId":"p9bt3fpsqgm3dbm","id":"p9bt3fpsqgm3dbm"},"id":"t1m82ekvrns9lsd","previousOperationId":"ydi916jkb5zzh3d"}
{"type":"operationEnd","operationId":"ydi916jkb5zzh3d","timestamp":1676050866909,"id":"ww0fq6ee1c6x4q6","previousEventId":"9bltmwa8xn7kr4i","previousOperationId":"ydi916jkb5zzh3d"}
{"type":"log","timestamp":1676050866909,"level":"debug","message":"Skipping storing report.","meta":{"rootId":"p9bt3fpsqgm3dbm","id":"p9bt3fpsqgm3dbm"},"id":"rtv6u7ny37k2gur","previousOperationId":"ydi916jkb5zzh3d"}
{"type":"log","timestamp":1676050866909,"level":"info","message":"Rendering request 9 finished in 3071 ms","meta":{"rootId":"p9bt3fpsqgm3dbm","id":"p9bt3fpsqgm3dbm"},"id":"prjnfbj37l4am4u","previousOperationId":"ydi916jkb5zzh3d"}
{"type":"operationEnd","subtype":"render","operationId":"eh6fkn42xdpbowb","timestamp":1676050866909,"id":"ibumgfdzjqxzt6j","previousEventId":"ww0fq6ee1c6x4q6","previousOperationId":"ydi916jkb5zzh3d"}
{"type":"operationEnd","doDiffs":false,"previousEventId":"jhemp1vqwbjgxlq","previousOperationId":"pam1ofpte5t7yxg","operationId":"pam1ofpte5t7yxg","timestamp":1676050866930,"id":"wbq8dtynmbygxhj"}
