{"type":"operationStart","subtype":"profile","data":{"_id":"EQw4NQRkAKViFBdC","timestamp":"2023-02-09T20:28:30.037Z","state":"queued","mode":"standard","creationDate":"2023-02-09T20:28:30.040Z","modificationDate":"2023-02-09T20:28:30.040Z","shortid":"DL63EPu","$entitySet":"profiles"},"doDiffs":false,"timestamp":1675974510039,"id":"vv8qmq4hhezw68w","previousOperationId":null,"operationId":"p7giwiv4o9a6jf0"}
{"type":"log","level":"info","message":"Render request 80 queued for execution and waiting for available worker","previousOperationId":"p7giwiv4o9a6jf0","timestamp":1675974510039,"id":"ieo11svjpaoy096"}
{"type":"operationStart","subtype":"render","name":"chart","previousOperationId":"p7giwiv4o9a6jf0","timestamp":1675974510053,"id":"lcsxu2ao7j6rdec","previousEventId":"vv8qmq4hhezw68w","operationId":"rumwfg0hikm0lf2"}
{"type":"log","timestamp":1675974510054,"level":"info","message":"Starting rendering request 80","meta":{"rootId":"pew8l3ckrd6426y","id":"pew8l3ckrd6426y"},"id":"mdhord8jxf52dig","previousOperationId":"rumwfg0hikm0lf2"}
{"type":"log","timestamp":1675974510055,"level":"info","message":"Rendering template { name: chart, recipe: phantom-pdf, engine: handlebars, preview: true }","meta":{"rootId":"pew8l3ckrd6426y","id":"pew8l3ckrd6426y"},"id":"1tzhzy0ljz5kjgu","previousOperationId":"rumwfg0hikm0lf2"}
{"type":"log","timestamp":1675974510056,"level":"debug","message":"Data item not defined for this template.","meta":{"rootId":"pew8l3ckrd6426y","id":"pew8l3ckrd6426y"},"id":"1uqz6jd2obmhh4v","previousOperationId":"rumwfg0hikm0lf2"}
{"type":"log","timestamp":1675974510064,"level":"debug","message":"Executing script chartscript (beforeRender)","meta":{"rootId":"pew8l3ckrd6426y","id":"pew8l3ckrd6426y"},"id":"bbh9ud1fx4lc1fm","previousOperationId":"rumwfg0hikm0lf2"}
{"type":"operationStart","subtype":"scriptsBeforeRender","name":"scripts beforeRender","timestamp":1675974510099,"id":"slvx7fecsfxv8wh","previousEventId":"lcsxu2ao7j6rdec","operationId":"12juwcu3vqkxygv","previousOperationId":"rumwfg0hikm0lf2"}
{"type":"operationStart","subtype":"script","name":"scripts chartscript","previousOperationId":"12juwcu3vqkxygv","timestamp":1675974510100,"id":"aeemr4m0z1jj4xt","previousEventId":"slvx7fecsfxv8wh","operationId":"mxoeh440afvw13i"}
{"type":"operationEnd","operationId":"mxoeh440afvw13i","timestamp":1675974510321,"id":"oknzmh73ix53c4v","previousEventId":"lcsxu2ao7j6rdec","previousOperationId":"rumwfg0hikm0lf2"}
{"type":"operationEnd","operationId":"12juwcu3vqkxygv","timestamp":1675974510321,"id":"oxu5ennwqs8orod","previousEventId":"oknzmh73ix53c4v","previousOperationId":"rumwfg0hikm0lf2"}
{"type":"log","timestamp":1675974510321,"level":"debug","message":"Base url not specified, skipping its injection.","meta":{"rootId":"pew8l3ckrd6426y","id":"pew8l3ckrd6426y"},"id":"avlvsd2ctjg25ks","previousOperationId":"12juwcu3vqkxygv"}
{"type":"operationStart","subtype":"engine","name":"handlebars","timestamp":1675974510322,"id":"5ux8n7jckek0cz8","previousEventId":"oxu5ennwqs8orod","operationId":"ybt3xmb5cwlqow8","previousOperationId":"12juwcu3vqkxygv"}
{"type":"log","timestamp":1675974510322,"level":"debug","message":"Rendering engine handlebars","meta":{"rootId":"pew8l3ckrd6426y","id":"pew8l3ckrd6426y"},"id":"8vleczo5m8mpgf1","previousOperationId":"ybt3xmb5cwlqow8"}
{"type":"log","timestamp":1675974510344,"level":"debug","message":"(console:log) {\"0\":50,\"1\":6}","meta":{"userLevel":true,"rootId":"pew8l3ckrd6426y","id":"pew8l3ckrd6426y"},"id":"my1qax9hphb60k6","previousOperationId":"ybt3xmb5cwlqow8"}
{"type":"operationEnd","operationId":"ybt3xmb5cwlqow8","timestamp":1675974510345,"id":"rtvt1gcvkizkplt","previousEventId":"5ux8n7jckek0cz8","previousOperationId":"ybt3xmb5cwlqow8"}
{"type":"operationStart","subtype":"recipe","name":"phantom-pdf","timestamp":1675974510345,"id":"vv5760leertccvh","previousEventId":"rtvt1gcvkizkplt","operationId":"3y0bj0e0m3uirzc","previousOperationId":"ybt3xmb5cwlqow8"}
{"type":"log","timestamp":1675974510345,"level":"debug","message":"Executing recipe phantom-pdf","meta":{"rootId":"pew8l3ckrd6426y","id":"pew8l3ckrd6426y"},"id":"5cncon76ty5l2wg","previousOperationId":"3y0bj0e0m3uirzc"}
{"type":"log","timestamp":1675974570060,"level":"error","message":"Error when processing render request 80\n(because) timeout when executing in phantom\nError: Timeout when executing in phantom\n    at Timeout._onTimeout (D:\\xampp\\htdocs\\central_uniformes\\Informes\\node_modules\\phantom-html-to-pdf\\lib\\dedicatedProcessStrategy.js:89:26)\n    at listOnTimeout (node:internal/timers:559:17)\n    at processTimers (node:internal/timers:502:7)","meta":{"rootId":"pew8l3ckrd6426y","id":"pew8l3ckrd6426y"},"id":"f0w4rly899w4btf","previousOperationId":"3y0bj0e0m3uirzc"}
{"type":"log","timestamp":1675974570060,"level":"error","message":"Rendering request 80 finished with error in 60023 ms","meta":{"rootId":"pew8l3ckrd6426y","id":"pew8l3ckrd6426y"},"id":"dwo7az7g0tj3968","previousOperationId":"3y0bj0e0m3uirzc"}
{"type":"error","timestamp":1675974570079,"phantomTimeout":true,"logged":true,"previousOperationId":"3y0bj0e0m3uirzc","id":"45eqrcyb67iwd5b","stack":"Error: Timeout when executing in phantom\n    at Timeout._onTimeout (D:\\xampp\\htdocs\\central_uniformes\\Informes\\node_modules\\phantom-html-to-pdf\\lib\\dedicatedProcessStrategy.js:89:26)\n    at listOnTimeout (node:internal/timers:559:17)\n    at processTimers (node:internal/timers:502:7)","message":"Timeout when executing in phantom"}
