{"type":"operationStart","subtype":"profile","data":{"_id":"778k3KRwZ8gZl1PQ","timestamp":"2023-02-10T15:50:26.767Z","state":"queued","mode":"standard","creationDate":"2023-02-10T15:50:26.769Z","modificationDate":"2023-02-10T15:50:26.769Z","shortid":"D5NlftE","$entitySet":"profiles"},"doDiffs":false,"timestamp":1676044226768,"id":"lsbhl4rqeywi0cv","previousOperationId":null,"operationId":"ebr201vcurlwwln"}
{"type":"log","level":"info","message":"Render request 41 queued for execution and waiting for available worker","previousOperationId":"ebr201vcurlwwln","timestamp":1676044226768,"id":"ngex2576s75wi7g"}
{"type":"operationStart","subtype":"render","name":"chart","previousOperationId":"ebr201vcurlwwln","timestamp":1676044226785,"id":"i703l56gbf3wfw7","previousEventId":"lsbhl4rqeywi0cv","operationId":"6orkxr0zg0gopni"}
{"type":"log","timestamp":1676044226786,"level":"info","message":"Starting rendering request 41","meta":{"rootId":"piu0ahk8n0ko1d2","id":"piu0ahk8n0ko1d2"},"id":"ahagnwurrraluwc","previousOperationId":"6orkxr0zg0gopni"}
{"type":"log","timestamp":1676044226788,"level":"info","message":"Rendering template { name: chart, recipe: phantom-pdf, engine: handlebars, preview: true }","meta":{"rootId":"piu0ahk8n0ko1d2","id":"piu0ahk8n0ko1d2"},"id":"sh64fnfog11qdx7","previousOperationId":"6orkxr0zg0gopni"}
{"type":"log","timestamp":1676044226790,"level":"debug","message":"Data item not defined for this template.","meta":{"rootId":"piu0ahk8n0ko1d2","id":"piu0ahk8n0ko1d2"},"id":"k3hm1p03klemn7n","previousOperationId":"6orkxr0zg0gopni"}
{"type":"log","timestamp":1676044226794,"level":"debug","message":"Executing script chartscript (beforeRender)","meta":{"rootId":"piu0ahk8n0ko1d2","id":"piu0ahk8n0ko1d2"},"id":"u63awyecsnr32m9","previousOperationId":"6orkxr0zg0gopni"}
{"type":"operationStart","subtype":"scriptsBeforeRender","name":"scripts beforeRender","timestamp":1676044226821,"id":"gahhmxd8fqrjta3","previousEventId":"i703l56gbf3wfw7","operationId":"sgc94zkpny29ihb","previousOperationId":"6orkxr0zg0gopni"}
{"type":"operationStart","subtype":"script","name":"scripts chartscript","previousOperationId":"sgc94zkpny29ihb","timestamp":1676044226821,"id":"84n2s0apqcd8rdj","previousEventId":"gahhmxd8fqrjta3","operationId":"dcvanv3e97iy3p3"}
{"type":"log","timestamp":1676044227009,"level":"debug","message":"(console:log) [ 50, 45, 30, 0 ]","meta":{"userLevel":true,"rootId":"piu0ahk8n0ko1d2","id":"piu0ahk8n0ko1d2"},"id":"m5opwhd5vstqqgk","previousOperationId":"dcvanv3e97iy3p3"}
{"type":"log","timestamp":1676044227009,"level":"debug","message":"(console:log) [ 50, 45, 30, 0 ]","meta":{"userLevel":true,"rootId":"piu0ahk8n0ko1d2","id":"piu0ahk8n0ko1d2"},"id":"zgp8l8i72hv221c","previousOperationId":"dcvanv3e97iy3p3"}
{"type":"operationEnd","operationId":"dcvanv3e97iy3p3","timestamp":1676044227010,"id":"60oa7hq8vjzladp","previousEventId":"i703l56gbf3wfw7","previousOperationId":"6orkxr0zg0gopni"}
{"type":"operationEnd","operationId":"sgc94zkpny29ihb","timestamp":1676044227010,"id":"6nnqe7jstwid74a","previousEventId":"60oa7hq8vjzladp","previousOperationId":"6orkxr0zg0gopni"}
{"type":"log","timestamp":1676044227010,"level":"debug","message":"Base url not specified, skipping its injection.","meta":{"rootId":"piu0ahk8n0ko1d2","id":"piu0ahk8n0ko1d2"},"id":"0k7dd06bkbu87mo","previousOperationId":"sgc94zkpny29ihb"}
{"type":"operationStart","subtype":"engine","name":"handlebars","timestamp":1676044227010,"id":"nz1rnl0y8utfz2r","previousEventId":"6nnqe7jstwid74a","operationId":"fn0mnuas4a5ttvl","previousOperationId":"sgc94zkpny29ihb"}
{"type":"log","timestamp":1676044227010,"level":"debug","message":"Rendering engine handlebars","meta":{"rootId":"piu0ahk8n0ko1d2","id":"piu0ahk8n0ko1d2"},"id":"psmh4sulylvc70h","previousOperationId":"fn0mnuas4a5ttvl"}
{"type":"log","timestamp":1676044227027,"level":"debug","message":"(console:log) [ 50, 45, 30, 0 ]","meta":{"userLevel":true,"rootId":"piu0ahk8n0ko1d2","id":"piu0ahk8n0ko1d2"},"id":"iub2b105emowchg","previousOperationId":"fn0mnuas4a5ttvl"}
{"type":"log","timestamp":1676044227027,"level":"debug","message":"(console:log) [50,45,30,0]","meta":{"userLevel":true,"rootId":"piu0ahk8n0ko1d2","id":"piu0ahk8n0ko1d2"},"id":"29xhyo1l31ontj5","previousOperationId":"fn0mnuas4a5ttvl"}
{"type":"operationEnd","operationId":"fn0mnuas4a5ttvl","timestamp":1676044227027,"id":"gxuya4ywxbkphzq","previousEventId":"nz1rnl0y8utfz2r","previousOperationId":"fn0mnuas4a5ttvl"}
{"type":"operationStart","subtype":"recipe","name":"phantom-pdf","timestamp":1676044227027,"id":"ij1wkqf1b6s5h62","previousEventId":"gxuya4ywxbkphzq","operationId":"htn2mafo0mvu0ep","previousOperationId":"fn0mnuas4a5ttvl"}
{"type":"log","timestamp":1676044227027,"level":"debug","message":"Executing recipe phantom-pdf","meta":{"rootId":"piu0ahk8n0ko1d2","id":"piu0ahk8n0ko1d2"},"id":"cynwy610izod1al","previousOperationId":"htn2mafo0mvu0ep"}
{"type":"log","timestamp":1676044230281,"level":"debug","message":"Converting in dedicated phantomjs 1.9.8","meta":{"rootId":"piu0ahk8n0ko1d2","id":"piu0ahk8n0ko1d2"},"id":"2ddlh5p36yk96jk","previousOperationId":"htn2mafo0mvu0ep"}
{"type":"log","timestamp":1676044230282,"level":"debug","message":"Request file:///C%3A%5CUsers%5Calegu%5CAppData%5CLocal%5CTemp%5C933bce81-58fe-4300-892e-4af37ff8c9fahtml.html","meta":{"rootId":"piu0ahk8n0ko1d2","id":"piu0ahk8n0ko1d2"},"id":"tt0gifynp7hivgr","previousOperationId":"htn2mafo0mvu0ep"}
{"type":"log","timestamp":1676044230282,"level":"debug","message":"Request https://cdnjs.cloudflare.com/ajax/libs/Chart.js/2.1.6/Chart.min.js","meta":{"rootId":"piu0ahk8n0ko1d2","id":"piu0ahk8n0ko1d2"},"id":"y9d0vt2nl5meq54","previousOperationId":"htn2mafo0mvu0ep"}
{"type":"log","timestamp":1676044230282,"level":"debug","message":"PhantomJS printing done","meta":{"rootId":"piu0ahk8n0ko1d2","id":"piu0ahk8n0ko1d2"},"id":"r5hnv78np2sgeby","previousOperationId":"htn2mafo0mvu0ep"}
{"type":"log","timestamp":1676044230282,"level":"debug","message":"PhantomJS printing done","meta":{"rootId":"piu0ahk8n0ko1d2","id":"piu0ahk8n0ko1d2"},"id":"xwjzb7lt5sw2z8r","previousOperationId":"htn2mafo0mvu0ep"}
{"type":"log","timestamp":1676044230282,"level":"debug","message":"PhantomJS printing done","meta":{"rootId":"piu0ahk8n0ko1d2","id":"piu0ahk8n0ko1d2"},"id":"lhfnry2evuek7u6","previousOperationId":"htn2mafo0mvu0ep"}
{"type":"log","timestamp":1676044230282,"level":"debug","message":"PhantomJS printing done","meta":{"rootId":"piu0ahk8n0ko1d2","id":"piu0ahk8n0ko1d2"},"id":"b3t1f3wvjplp1ae","previousOperationId":"htn2mafo0mvu0ep"}
{"type":"log","timestamp":1676044230282,"level":"debug","message":"PhantomJS printing done","meta":{"rootId":"piu0ahk8n0ko1d2","id":"piu0ahk8n0ko1d2"},"id":"puh1wbzpx9fl4q5","previousOperationId":"htn2mafo0mvu0ep"}
{"type":"log","timestamp":1676044230282,"level":"debug","message":"PhantomJS printing done","meta":{"rootId":"piu0ahk8n0ko1d2","id":"piu0ahk8n0ko1d2"},"id":"f600y74qj0bdb0c","previousOperationId":"htn2mafo0mvu0ep"}
{"type":"log","timestamp":1676044230282,"level":"debug","message":"PhantomJS printing done","meta":{"rootId":"piu0ahk8n0ko1d2","id":"piu0ahk8n0ko1d2"},"id":"moui604bhrhi433","previousOperationId":"htn2mafo0mvu0ep"}
{"type":"log","timestamp":1676044230282,"level":"debug","message":"PhantomJS printing done","meta":{"rootId":"piu0ahk8n0ko1d2","id":"piu0ahk8n0ko1d2"},"id":"s7dlbhop53jg9lu","previousOperationId":"htn2mafo0mvu0ep"}
{"type":"log","timestamp":1676044230282,"level":"debug","message":"PhantomJS printing done","meta":{"rootId":"piu0ahk8n0ko1d2","id":"piu0ahk8n0ko1d2"},"id":"zadya4k3uwfcpkd","previousOperationId":"htn2mafo0mvu0ep"}
{"type":"log","timestamp":1676044230282,"level":"debug","message":"PhantomJS printing done","meta":{"rootId":"piu0ahk8n0ko1d2","id":"piu0ahk8n0ko1d2"},"id":"obwek5h3s4xkstk","previousOperationId":"htn2mafo0mvu0ep"}
{"type":"log","timestamp":1676044230282,"level":"debug","message":"Request http://intruct-javascript-ending/","meta":{"rootId":"piu0ahk8n0ko1d2","id":"piu0ahk8n0ko1d2"},"id":"k7fsdepea9n93o7","previousOperationId":"htn2mafo0mvu0ep"}
{"type":"log","timestamp":1676044230282,"level":"debug","message":"PhantomJS printing done","meta":{"rootId":"piu0ahk8n0ko1d2","id":"piu0ahk8n0ko1d2"},"id":"xgtmsz67uck0fuy","previousOperationId":"htn2mafo0mvu0ep"}
{"type":"log","timestamp":1676044230282,"level":"debug","message":"phantom-pdf recipe finished with 1 pages generated","meta":{"rootId":"piu0ahk8n0ko1d2","id":"piu0ahk8n0ko1d2"},"id":"ioas8d81h1dcqyv","previousOperationId":"htn2mafo0mvu0ep"}
{"type":"operationEnd","operationId":"htn2mafo0mvu0ep","timestamp":1676044230283,"id":"x4nnrfpfp5mw1lc","previousEventId":"ij1wkqf1b6s5h62","previousOperationId":"htn2mafo0mvu0ep"}
{"type":"log","timestamp":1676044230283,"level":"debug","message":"Skipping storing report.","meta":{"rootId":"piu0ahk8n0ko1d2","id":"piu0ahk8n0ko1d2"},"id":"yeutkav1to7kgva","previousOperationId":"htn2mafo0mvu0ep"}
{"type":"log","timestamp":1676044230283,"level":"info","message":"Rendering request 41 finished in 3516 ms","meta":{"rootId":"piu0ahk8n0ko1d2","id":"piu0ahk8n0ko1d2"},"id":"80383arnp1zx3jv","previousOperationId":"htn2mafo0mvu0ep"}
{"type":"operationEnd","subtype":"render","operationId":"6orkxr0zg0gopni","timestamp":1676044230283,"id":"uj7rk1ayiwu7tv4","previousEventId":"x4nnrfpfp5mw1lc","previousOperationId":"htn2mafo0mvu0ep"}
{"type":"operationEnd","doDiffs":false,"previousEventId":"lsbhl4rqeywi0cv","previousOperationId":"ebr201vcurlwwln","operationId":"ebr201vcurlwwln","timestamp":1676044230306,"id":"o69d6gyg182q8kn"}
