{"type":"operationStart","subtype":"profile","data":{"_id":"sPwcbHGrL1xN27As","timestamp":"2023-02-09T20:08:05.952Z","state":"queued","mode":"standard","creationDate":"2023-02-09T20:08:05.955Z","modificationDate":"2023-02-09T20:08:05.955Z","shortid":"KNwQS5z","$entitySet":"profiles"},"doDiffs":false,"timestamp":1675973285953,"id":"3h1escsj71jx2w1","previousOperationId":null,"operationId":"4lz6y70eur8ucat"}
{"type":"log","level":"info","message":"Render request 49 queued for execution and waiting for available worker","previousOperationId":"4lz6y70eur8ucat","timestamp":1675973285954,"id":"3dw771r43z9wc1u"}
{"type":"operationStart","subtype":"render","name":"chart","previousOperationId":"4lz6y70eur8ucat","timestamp":1675973285974,"id":"h7jnc42t53vztpp","previousEventId":"3h1escsj71jx2w1","operationId":"db69jcugzarh6ul"}
{"type":"log","timestamp":1675973285977,"level":"info","message":"Starting rendering request 49","meta":{"rootId":"pntx044knrqiwdh","id":"pntx044knrqiwdh"},"id":"7mn68fawbyu0noc","previousOperationId":"db69jcugzarh6ul"}
{"type":"log","timestamp":1675973285979,"level":"info","message":"Rendering template { name: chart, recipe: phantom-pdf, engine: handlebars, preview: true }","meta":{"rootId":"pntx044knrqiwdh","id":"pntx044knrqiwdh"},"id":"6pqlal1xqsg67w2","previousOperationId":"db69jcugzarh6ul"}
{"type":"log","timestamp":1675973285982,"level":"debug","message":"Data item not defined for this template.","meta":{"rootId":"pntx044knrqiwdh","id":"pntx044knrqiwdh"},"id":"sdck2nasy2zwbey","previousOperationId":"db69jcugzarh6ul"}
{"type":"log","timestamp":1675973285987,"level":"debug","message":"Executing script chartscript (beforeRender)","meta":{"rootId":"pntx044knrqiwdh","id":"pntx044knrqiwdh"},"id":"nf9pvg876qhbitd","previousOperationId":"db69jcugzarh6ul"}
{"type":"operationStart","subtype":"scriptsBeforeRender","name":"scripts beforeRender","timestamp":1675973286414,"id":"wvph6lkz66kmw9r","previousEventId":"h7jnc42t53vztpp","operationId":"004z69h2grxnh9a","previousOperationId":"db69jcugzarh6ul"}
{"type":"operationStart","subtype":"script","name":"scripts chartscript","previousOperationId":"004z69h2grxnh9a","timestamp":1675973286414,"id":"9lae0p6snfgace3","previousEventId":"wvph6lkz66kmw9r","operationId":"zf9tw3xjch0kwqq"}
{"type":"log","timestamp":1675973286655,"level":"debug","message":"(console:log) [ 50, 6 ]","meta":{"userLevel":true,"rootId":"pntx044knrqiwdh","id":"pntx044knrqiwdh"},"id":"3z8d3rv73h9l9v2","previousOperationId":"zf9tw3xjch0kwqq"}
{"type":"operationEnd","operationId":"zf9tw3xjch0kwqq","timestamp":1675973286657,"id":"2rdm3o7ith6bzx9","previousEventId":"h7jnc42t53vztpp","previousOperationId":"db69jcugzarh6ul"}
{"type":"operationEnd","operationId":"004z69h2grxnh9a","timestamp":1675973286657,"id":"iyzaeg8z6na0scu","previousEventId":"2rdm3o7ith6bzx9","previousOperationId":"db69jcugzarh6ul"}
{"type":"log","timestamp":1675973286657,"level":"debug","message":"Base url not specified, skipping its injection.","meta":{"rootId":"pntx044knrqiwdh","id":"pntx044knrqiwdh"},"id":"wufjapxoowkjw55","previousOperationId":"004z69h2grxnh9a"}
{"type":"operationStart","subtype":"engine","name":"handlebars","timestamp":1675973286658,"id":"k74h8v9udi0iikz","previousEventId":"iyzaeg8z6na0scu","operationId":"dwtb4lw3ashkqsf","previousOperationId":"004z69h2grxnh9a"}
{"type":"log","timestamp":1675973286658,"level":"debug","message":"Rendering engine handlebars","meta":{"rootId":"pntx044knrqiwdh","id":"pntx044knrqiwdh"},"id":"firwdsvxto2i2fn","previousOperationId":"dwtb4lw3ashkqsf"}
{"type":"log","timestamp":1675973287012,"level":"debug","message":"(console:log) {\"A\":undefined}","meta":{"userLevel":true,"rootId":"pntx044knrqiwdh","id":"pntx044knrqiwdh"},"id":"76y0z069wbfyq6z","previousOperationId":"dwtb4lw3ashkqsf"}
{"type":"operationEnd","operationId":"dwtb4lw3ashkqsf","timestamp":1675973287012,"id":"nt9osbi5uv7c42h","previousEventId":"k74h8v9udi0iikz","previousOperationId":"dwtb4lw3ashkqsf"}
{"type":"operationStart","subtype":"recipe","name":"phantom-pdf","timestamp":1675973287013,"id":"gnw811cl43wcu6n","previousEventId":"nt9osbi5uv7c42h","operationId":"py0211d4gl8l79b","previousOperationId":"dwtb4lw3ashkqsf"}
{"type":"log","timestamp":1675973287013,"level":"debug","message":"Executing recipe phantom-pdf","meta":{"rootId":"pntx044knrqiwdh","id":"pntx044knrqiwdh"},"id":"p9uz1fyarwu0va6","previousOperationId":"py0211d4gl8l79b"}
{"type":"log","timestamp":1675973290158,"level":"debug","message":"Converting in dedicated phantomjs 1.9.8","meta":{"rootId":"pntx044knrqiwdh","id":"pntx044knrqiwdh"},"id":"c6zb62latf4tppr","previousOperationId":"py0211d4gl8l79b"}
{"type":"log","timestamp":1675973290158,"level":"debug","message":"Request file:///C%3A%5CUsers%5Calegu%5CAppData%5CLocal%5CTemp%5Cc5b3bf71-9b3b-4f17-96fe-7af7a2acc095html.html","meta":{"rootId":"pntx044knrqiwdh","id":"pntx044knrqiwdh"},"id":"uwgf86ide6sk4ao","previousOperationId":"py0211d4gl8l79b"}
{"type":"log","timestamp":1675973290158,"level":"debug","message":"Request https://cdnjs.cloudflare.com/ajax/libs/Chart.js/2.1.6/Chart.min.js","meta":{"rootId":"pntx044knrqiwdh","id":"pntx044knrqiwdh"},"id":"zb78zx47ukq5zlg","previousOperationId":"py0211d4gl8l79b"}
{"type":"log","timestamp":1675973290158,"level":"debug","message":"PhantomJS printing done","meta":{"rootId":"pntx044knrqiwdh","id":"pntx044knrqiwdh"},"id":"s63zyt58y3qn05t","previousOperationId":"py0211d4gl8l79b"}
{"type":"log","timestamp":1675973290158,"level":"debug","message":"PhantomJS printing done","meta":{"rootId":"pntx044knrqiwdh","id":"pntx044knrqiwdh"},"id":"mi4jbw9l5c3d8ih","previousOperationId":"py0211d4gl8l79b"}
{"type":"log","timestamp":1675973290158,"level":"debug","message":"PhantomJS printing done","meta":{"rootId":"pntx044knrqiwdh","id":"pntx044knrqiwdh"},"id":"aolnkqsfn39i0rh","previousOperationId":"py0211d4gl8l79b"}
{"type":"log","timestamp":1675973290158,"level":"debug","message":"PhantomJS printing done","meta":{"rootId":"pntx044knrqiwdh","id":"pntx044knrqiwdh"},"id":"w4wpao6boxx6qwu","previousOperationId":"py0211d4gl8l79b"}
{"type":"log","timestamp":1675973290158,"level":"debug","message":"PhantomJS printing done","meta":{"rootId":"pntx044knrqiwdh","id":"pntx044knrqiwdh"},"id":"wd0hls83sk37x4n","previousOperationId":"py0211d4gl8l79b"}
{"type":"log","timestamp":1675973290158,"level":"debug","message":"PhantomJS printing done","meta":{"rootId":"pntx044knrqiwdh","id":"pntx044knrqiwdh"},"id":"8s5ez116znc74z3","previousOperationId":"py0211d4gl8l79b"}
{"type":"log","timestamp":1675973290158,"level":"debug","message":"PhantomJS printing done","meta":{"rootId":"pntx044knrqiwdh","id":"pntx044knrqiwdh"},"id":"blamxa8lmb2hokb","previousOperationId":"py0211d4gl8l79b"}
{"type":"log","timestamp":1675973290158,"level":"debug","message":"PhantomJS printing done","meta":{"rootId":"pntx044knrqiwdh","id":"pntx044knrqiwdh"},"id":"2zqzyv8k1vonue2","previousOperationId":"py0211d4gl8l79b"}
{"type":"log","timestamp":1675973290159,"level":"debug","message":"PhantomJS printing done","meta":{"rootId":"pntx044knrqiwdh","id":"pntx044knrqiwdh"},"id":"o2hremuul29psup","previousOperationId":"py0211d4gl8l79b"}
{"type":"log","timestamp":1675973290159,"level":"debug","message":"PhantomJS printing done","meta":{"rootId":"pntx044knrqiwdh","id":"pntx044knrqiwdh"},"id":"prgxanzyww2hl5n","previousOperationId":"py0211d4gl8l79b"}
{"type":"log","timestamp":1675973290159,"level":"debug","message":"Request http://intruct-javascript-ending/","meta":{"rootId":"pntx044knrqiwdh","id":"pntx044knrqiwdh"},"id":"9qyredvx229og03","previousOperationId":"py0211d4gl8l79b"}
{"type":"log","timestamp":1675973290159,"level":"debug","message":"PhantomJS printing done","meta":{"rootId":"pntx044knrqiwdh","id":"pntx044knrqiwdh"},"id":"ql6ozs0e5h3xnr2","previousOperationId":"py0211d4gl8l79b"}
{"type":"log","timestamp":1675973290161,"level":"debug","message":"phantom-pdf recipe finished with 1 pages generated","meta":{"rootId":"pntx044knrqiwdh","id":"pntx044knrqiwdh"},"id":"s5brikhq0llx6mz","previousOperationId":"py0211d4gl8l79b"}
{"type":"operationEnd","operationId":"py0211d4gl8l79b","timestamp":1675973290161,"id":"pxsnd8biinfp0de","previousEventId":"gnw811cl43wcu6n","previousOperationId":"py0211d4gl8l79b"}
{"type":"log","timestamp":1675973290162,"level":"debug","message":"Skipping storing report.","meta":{"rootId":"pntx044knrqiwdh","id":"pntx044knrqiwdh"},"id":"bmdvnyszj8ucbwz","previousOperationId":"py0211d4gl8l79b"}
{"type":"log","timestamp":1675973290163,"level":"info","message":"Rendering request 49 finished in 4211 ms","meta":{"rootId":"pntx044knrqiwdh","id":"pntx044knrqiwdh"},"id":"qtk2wvssr0qir1e","previousOperationId":"py0211d4gl8l79b"}
{"type":"operationEnd","subtype":"render","operationId":"db69jcugzarh6ul","timestamp":1675973290163,"id":"9xm4vgs4ybon01o","previousEventId":"pxsnd8biinfp0de","previousOperationId":"py0211d4gl8l79b"}
{"type":"operationEnd","doDiffs":false,"previousEventId":"3h1escsj71jx2w1","previousOperationId":"4lz6y70eur8ucat","operationId":"4lz6y70eur8ucat","timestamp":1675973290189,"id":"r0tiigc4wwzwfvd"}
