{"type":"operationStart","subtype":"profile","data":{"_id":"damhgzoWZVQ1Cwo5","timestamp":"2023-02-09T20:25:26.137Z","state":"queued","mode":"standard","creationDate":"2023-02-09T20:25:26.139Z","modificationDate":"2023-02-09T20:25:26.139Z","shortid":"EIDvvCv","$entitySet":"profiles"},"doDiffs":false,"timestamp":1675974326138,"id":"ygxce817ekx5fco","previousOperationId":null,"operationId":"xn9eu52hgf8u1v5"}
{"type":"log","level":"info","message":"Render request 72 queued for execution and waiting for available worker","previousOperationId":"xn9eu52hgf8u1v5","timestamp":1675974326138,"id":"1fi0xmrpcm66yyw"}
{"type":"operationStart","subtype":"render","name":"chart","previousOperationId":"xn9eu52hgf8u1v5","timestamp":1675974326154,"id":"6ehpz8sjimiplqm","previousEventId":"ygxce817ekx5fco","operationId":"0wh9l1s7dojm3bx"}
{"type":"log","timestamp":1675974326155,"level":"info","message":"Starting rendering request 72","meta":{"rootId":"qpn68zmt936volg","id":"qpn68zmt936volg"},"id":"uozbmkx7focnhrw","previousOperationId":"0wh9l1s7dojm3bx"}
{"type":"log","timestamp":1675974326156,"level":"info","message":"Rendering template { name: chart, recipe: phantom-pdf, engine: handlebars, preview: true }","meta":{"rootId":"qpn68zmt936volg","id":"qpn68zmt936volg"},"id":"agokrlr6yny0uly","previousOperationId":"0wh9l1s7dojm3bx"}
{"type":"log","timestamp":1675974326160,"level":"debug","message":"Data item not defined for this template.","meta":{"rootId":"qpn68zmt936volg","id":"qpn68zmt936volg"},"id":"7zzgj1hczb6ra6y","previousOperationId":"0wh9l1s7dojm3bx"}
{"type":"log","timestamp":1675974326163,"level":"debug","message":"Executing script chartscript (beforeRender)","meta":{"rootId":"qpn68zmt936volg","id":"qpn68zmt936volg"},"id":"95dp5xxwjqmnu7p","previousOperationId":"0wh9l1s7dojm3bx"}
{"type":"operationStart","subtype":"scriptsBeforeRender","name":"scripts beforeRender","timestamp":1675974326197,"id":"hs5yv4i13zy6ex0","previousEventId":"6ehpz8sjimiplqm","operationId":"g6gl2heobeg3zc6","previousOperationId":"0wh9l1s7dojm3bx"}
{"type":"operationStart","subtype":"script","name":"scripts chartscript","previousOperationId":"g6gl2heobeg3zc6","timestamp":1675974326197,"id":"js8j88up14hxyq1","previousEventId":"hs5yv4i13zy6ex0","operationId":"2a5tjingfv73gvs"}
{"type":"operationEnd","operationId":"2a5tjingfv73gvs","timestamp":1675974326405,"id":"0oqc6nxznkf1tso","previousEventId":"6ehpz8sjimiplqm","previousOperationId":"0wh9l1s7dojm3bx"}
{"type":"operationEnd","operationId":"g6gl2heobeg3zc6","timestamp":1675974326406,"id":"4hyvwth9cihw0iu","previousEventId":"0oqc6nxznkf1tso","previousOperationId":"0wh9l1s7dojm3bx"}
{"type":"log","timestamp":1675974326406,"level":"debug","message":"Base url not specified, skipping its injection.","meta":{"rootId":"qpn68zmt936volg","id":"qpn68zmt936volg"},"id":"6xun7r6rlt8hra6","previousOperationId":"g6gl2heobeg3zc6"}
{"type":"operationStart","subtype":"engine","name":"handlebars","timestamp":1675974326406,"id":"48jk4qvkjs9wrim","previousEventId":"4hyvwth9cihw0iu","operationId":"z8d41t25q0a4uki","previousOperationId":"g6gl2heobeg3zc6"}
{"type":"log","timestamp":1675974326406,"level":"debug","message":"Rendering engine handlebars","meta":{"rootId":"qpn68zmt936volg","id":"qpn68zmt936volg"},"id":"2w9ox8f5v5uu8ic","previousOperationId":"z8d41t25q0a4uki"}
{"type":"log","timestamp":1675974326423,"level":"debug","message":"(console:log) {\"articulos\":[50,6]}","meta":{"userLevel":true,"rootId":"qpn68zmt936volg","id":"qpn68zmt936volg"},"id":"kdmjbx3xgn4qeft","previousOperationId":"z8d41t25q0a4uki"}
{"type":"operationEnd","operationId":"z8d41t25q0a4uki","timestamp":1675974326424,"id":"b7tc9pb1su2tkn3","previousEventId":"48jk4qvkjs9wrim","previousOperationId":"z8d41t25q0a4uki"}
{"type":"operationStart","subtype":"recipe","name":"phantom-pdf","timestamp":1675974326426,"id":"ygj14yad9e2rj3k","previousEventId":"b7tc9pb1su2tkn3","operationId":"nxs3vyrf1yzzyqv","previousOperationId":"z8d41t25q0a4uki"}
{"type":"log","timestamp":1675974326426,"level":"debug","message":"Executing recipe phantom-pdf","meta":{"rootId":"qpn68zmt936volg","id":"qpn68zmt936volg"},"id":"qwu9mgm1y0kexu8","previousOperationId":"nxs3vyrf1yzzyqv"}
{"type":"log","timestamp":1675974329265,"level":"debug","message":"Converting in dedicated phantomjs 1.9.8","meta":{"rootId":"qpn68zmt936volg","id":"qpn68zmt936volg"},"id":"an7t6a5infbhg1r","previousOperationId":"nxs3vyrf1yzzyqv"}
{"type":"log","timestamp":1675974329265,"level":"debug","message":"Request file:///C%3A%5CUsers%5Calegu%5CAppData%5CLocal%5CTemp%5Ced05e51b-14c7-4928-ae0a-ba945ee9cf63html.html","meta":{"rootId":"qpn68zmt936volg","id":"qpn68zmt936volg"},"id":"6qzklje608s0dgn","previousOperationId":"nxs3vyrf1yzzyqv"}
{"type":"log","timestamp":1675974329265,"level":"debug","message":"Request https://cdnjs.cloudflare.com/ajax/libs/Chart.js/2.1.6/Chart.min.js","meta":{"rootId":"qpn68zmt936volg","id":"qpn68zmt936volg"},"id":"nsuzx5q1mhb4yzd","previousOperationId":"nxs3vyrf1yzzyqv"}
{"type":"log","timestamp":1675974329265,"level":"debug","message":"PhantomJS printing done","meta":{"rootId":"qpn68zmt936volg","id":"qpn68zmt936volg"},"id":"lso5eosdnq7m4vj","previousOperationId":"nxs3vyrf1yzzyqv"}
{"type":"log","timestamp":1675974329265,"level":"debug","message":"PhantomJS printing done","meta":{"rootId":"qpn68zmt936volg","id":"qpn68zmt936volg"},"id":"xgzyo4p4wriysz9","previousOperationId":"nxs3vyrf1yzzyqv"}
{"type":"log","timestamp":1675974329265,"level":"debug","message":"PhantomJS printing done","meta":{"rootId":"qpn68zmt936volg","id":"qpn68zmt936volg"},"id":"ysv0701663vehsv","previousOperationId":"nxs3vyrf1yzzyqv"}
{"type":"log","timestamp":1675974329265,"level":"debug","message":"PhantomJS printing done","meta":{"rootId":"qpn68zmt936volg","id":"qpn68zmt936volg"},"id":"uekmjwj049yv7yj","previousOperationId":"nxs3vyrf1yzzyqv"}
{"type":"log","timestamp":1675974329265,"level":"debug","message":"PhantomJS printing done","meta":{"rootId":"qpn68zmt936volg","id":"qpn68zmt936volg"},"id":"64yok4dho2tvukw","previousOperationId":"nxs3vyrf1yzzyqv"}
{"type":"log","timestamp":1675974329265,"level":"debug","message":"PhantomJS printing done","meta":{"rootId":"qpn68zmt936volg","id":"qpn68zmt936volg"},"id":"rqtvdls1q8n0p1z","previousOperationId":"nxs3vyrf1yzzyqv"}
{"type":"log","timestamp":1675974329265,"level":"debug","message":"PhantomJS printing done","meta":{"rootId":"qpn68zmt936volg","id":"qpn68zmt936volg"},"id":"7oiypbg2ahtkkz2","previousOperationId":"nxs3vyrf1yzzyqv"}
{"type":"log","timestamp":1675974329265,"level":"debug","message":"PhantomJS printing done","meta":{"rootId":"qpn68zmt936volg","id":"qpn68zmt936volg"},"id":"o0azl55ztiqsikr","previousOperationId":"nxs3vyrf1yzzyqv"}
{"type":"log","timestamp":1675974329266,"level":"debug","message":"PhantomJS printing done","meta":{"rootId":"qpn68zmt936volg","id":"qpn68zmt936volg"},"id":"guxyxtgnovm7fu4","previousOperationId":"nxs3vyrf1yzzyqv"}
{"type":"log","timestamp":1675974329266,"level":"debug","message":"Request http://intruct-javascript-ending/","meta":{"rootId":"qpn68zmt936volg","id":"qpn68zmt936volg"},"id":"n1vz357ed39pmad","previousOperationId":"nxs3vyrf1yzzyqv"}
{"type":"log","timestamp":1675974329266,"level":"debug","message":"PhantomJS printing done","meta":{"rootId":"qpn68zmt936volg","id":"qpn68zmt936volg"},"id":"a0pck7b18yq7j9b","previousOperationId":"nxs3vyrf1yzzyqv"}
{"type":"log","timestamp":1675974329266,"level":"debug","message":"phantom-pdf recipe finished with 1 pages generated","meta":{"rootId":"qpn68zmt936volg","id":"qpn68zmt936volg"},"id":"pwhjdn5swgpyl7w","previousOperationId":"nxs3vyrf1yzzyqv"}
{"type":"operationEnd","operationId":"nxs3vyrf1yzzyqv","timestamp":1675974329266,"id":"yam3d69h49b4ve2","previousEventId":"ygj14yad9e2rj3k","previousOperationId":"nxs3vyrf1yzzyqv"}
{"type":"log","timestamp":1675974329267,"level":"debug","message":"Skipping storing report.","meta":{"rootId":"qpn68zmt936volg","id":"qpn68zmt936volg"},"id":"5vjf5bn7t1b1ac7","previousOperationId":"nxs3vyrf1yzzyqv"}
{"type":"log","timestamp":1675974329267,"level":"info","message":"Rendering request 72 finished in 3130 ms","meta":{"rootId":"qpn68zmt936volg","id":"qpn68zmt936volg"},"id":"bnl4co8o9xknz1s","previousOperationId":"nxs3vyrf1yzzyqv"}
{"type":"operationEnd","subtype":"render","operationId":"0wh9l1s7dojm3bx","timestamp":1675974329267,"id":"zjnhfadvpyye8q5","previousEventId":"yam3d69h49b4ve2","previousOperationId":"nxs3vyrf1yzzyqv"}
{"type":"operationEnd","doDiffs":false,"previousEventId":"ygxce817ekx5fco","previousOperationId":"xn9eu52hgf8u1v5","operationId":"xn9eu52hgf8u1v5","timestamp":1675974329290,"id":"e7ss972w57g16kv"}
