{"type":"operationStart","subtype":"profile","data":{"_id":"q00L2HS8UdHXiyIk","timestamp":"2023-02-09T19:52:51.530Z","state":"queued","mode":"standard","creationDate":"2023-02-09T19:52:51.532Z","modificationDate":"2023-02-09T19:52:51.532Z","shortid":"oxkzWBN","$entitySet":"profiles"},"doDiffs":false,"timestamp":1675972371531,"id":"mtzj0ldl55ivuty","previousOperationId":null,"operationId":"k6ur6qzund1mbn7"}
{"type":"log","level":"info","message":"Render request 26 queued for execution and waiting for available worker","previousOperationId":"k6ur6qzund1mbn7","timestamp":1675972371531,"id":"2abs94od89zsdfc"}
{"type":"operationStart","subtype":"render","name":"chart","previousOperationId":"k6ur6qzund1mbn7","timestamp":1675972371542,"id":"z7en57jj86tzbq5","previousEventId":"mtzj0ldl55ivuty","operationId":"j6c5caaxlyiom6y"}
{"type":"log","timestamp":1675972371542,"level":"info","message":"Starting rendering request 26","meta":{"rootId":"rhgmofxvyvjagod","id":"rhgmofxvyvjagod"},"id":"yo5bopcp5y02tzj","previousOperationId":"j6c5caaxlyiom6y"}
{"type":"log","timestamp":1675972371543,"level":"info","message":"Rendering template { name: chart, recipe: phantom-pdf, engine: handlebars, preview: true }","meta":{"rootId":"rhgmofxvyvjagod","id":"rhgmofxvyvjagod"},"id":"96qekwuhz65ubne","previousOperationId":"j6c5caaxlyiom6y"}
{"type":"log","timestamp":1675972371547,"level":"debug","message":"Inline data specified.","meta":{"rootId":"rhgmofxvyvjagod","id":"rhgmofxvyvjagod"},"id":"7uh3rq7uiwyq50o","previousOperationId":"j6c5caaxlyiom6y"}
{"type":"log","timestamp":1675972371554,"level":"debug","message":"Base url not specified, skipping its injection.","meta":{"rootId":"rhgmofxvyvjagod","id":"rhgmofxvyvjagod"},"id":"vmkzpy7b3t6zybt","previousOperationId":"j6c5caaxlyiom6y"}
{"type":"operationStart","subtype":"engine","name":"handlebars","timestamp":1675972371554,"id":"zrlv4igicrghjhy","previousEventId":"z7en57jj86tzbq5","operationId":"vje3l1al54n9qka","previousOperationId":"j6c5caaxlyiom6y"}
{"type":"log","timestamp":1675972371554,"level":"debug","message":"Rendering engine handlebars","meta":{"rootId":"rhgmofxvyvjagod","id":"rhgmofxvyvjagod"},"id":"3qyq00pv5qx18b7","previousOperationId":"vje3l1al54n9qka"}
{"type":"operationEnd","operationId":"vje3l1al54n9qka","timestamp":1675972371578,"id":"n46a4eaur9ty19r","previousEventId":"zrlv4igicrghjhy","previousOperationId":"vje3l1al54n9qka"}
{"type":"operationStart","subtype":"recipe","name":"phantom-pdf","timestamp":1675972371579,"id":"27adb525zueapsl","previousEventId":"n46a4eaur9ty19r","operationId":"4p8urlm4mxipbz0","previousOperationId":"vje3l1al54n9qka"}
{"type":"log","timestamp":1675972371579,"level":"debug","message":"Executing recipe phantom-pdf","meta":{"rootId":"rhgmofxvyvjagod","id":"rhgmofxvyvjagod"},"id":"fjigc6gjlwzc2a1","previousOperationId":"4p8urlm4mxipbz0"}
{"type":"log","timestamp":1675972374437,"level":"debug","message":"Converting in dedicated phantomjs 1.9.8","meta":{"rootId":"rhgmofxvyvjagod","id":"rhgmofxvyvjagod"},"id":"36kux78jhpqgg6l","previousOperationId":"4p8urlm4mxipbz0"}
{"type":"log","timestamp":1675972374437,"level":"debug","message":"Request file:///C%3A%5CUsers%5Calegu%5CAppData%5CLocal%5CTemp%5Cb1eea894-3ed4-41b3-950d-193163fc8a51html.html","meta":{"rootId":"rhgmofxvyvjagod","id":"rhgmofxvyvjagod"},"id":"1wx5ptz1kv7ucjq","previousOperationId":"4p8urlm4mxipbz0"}
{"type":"log","timestamp":1675972374437,"level":"debug","message":"Request https://cdnjs.cloudflare.com/ajax/libs/Chart.js/2.1.6/Chart.min.js","meta":{"rootId":"rhgmofxvyvjagod","id":"rhgmofxvyvjagod"},"id":"tznugldrgyejl8x","previousOperationId":"4p8urlm4mxipbz0"}
{"type":"log","timestamp":1675972374437,"level":"debug","message":"PhantomJS printing done","meta":{"rootId":"rhgmofxvyvjagod","id":"rhgmofxvyvjagod"},"id":"3q4qpf7qitrnn7t","previousOperationId":"4p8urlm4mxipbz0"}
{"type":"log","timestamp":1675972374437,"level":"debug","message":"PhantomJS printing done","meta":{"rootId":"rhgmofxvyvjagod","id":"rhgmofxvyvjagod"},"id":"yzsj7rtlfd130u5","previousOperationId":"4p8urlm4mxipbz0"}
{"type":"log","timestamp":1675972374437,"level":"debug","message":"PhantomJS printing done","meta":{"rootId":"rhgmofxvyvjagod","id":"rhgmofxvyvjagod"},"id":"ko7z826stkupxzb","previousOperationId":"4p8urlm4mxipbz0"}
{"type":"log","timestamp":1675972374437,"level":"debug","message":"PhantomJS printing done","meta":{"rootId":"rhgmofxvyvjagod","id":"rhgmofxvyvjagod"},"id":"2j1h47ssj4iayg1","previousOperationId":"4p8urlm4mxipbz0"}
{"type":"log","timestamp":1675972374437,"level":"debug","message":"PhantomJS printing done","meta":{"rootId":"rhgmofxvyvjagod","id":"rhgmofxvyvjagod"},"id":"f9nea26n4cy4b14","previousOperationId":"4p8urlm4mxipbz0"}
{"type":"log","timestamp":1675972374437,"level":"debug","message":"PhantomJS printing done","meta":{"rootId":"rhgmofxvyvjagod","id":"rhgmofxvyvjagod"},"id":"lq04rshwuixfrvr","previousOperationId":"4p8urlm4mxipbz0"}
{"type":"log","timestamp":1675972374437,"level":"debug","message":"PhantomJS printing done","meta":{"rootId":"rhgmofxvyvjagod","id":"rhgmofxvyvjagod"},"id":"mkwdom7ihmpuq2s","previousOperationId":"4p8urlm4mxipbz0"}
{"type":"log","timestamp":1675972374437,"level":"debug","message":"PhantomJS printing done","meta":{"rootId":"rhgmofxvyvjagod","id":"rhgmofxvyvjagod"},"id":"x0hn6q33etlpd83","previousOperationId":"4p8urlm4mxipbz0"}
{"type":"log","timestamp":1675972374437,"level":"debug","message":"PhantomJS printing done","meta":{"rootId":"rhgmofxvyvjagod","id":"rhgmofxvyvjagod"},"id":"7djiq4s5evg0tol","previousOperationId":"4p8urlm4mxipbz0"}
{"type":"log","timestamp":1675972374437,"level":"debug","message":"Request http://intruct-javascript-ending/","meta":{"rootId":"rhgmofxvyvjagod","id":"rhgmofxvyvjagod"},"id":"z9u2p1f1tvaq4jq","previousOperationId":"4p8urlm4mxipbz0"}
{"type":"log","timestamp":1675972374437,"level":"debug","message":"PhantomJS printing done","meta":{"rootId":"rhgmofxvyvjagod","id":"rhgmofxvyvjagod"},"id":"j2m3lnv7j0eixio","previousOperationId":"4p8urlm4mxipbz0"}
{"type":"log","timestamp":1675972374438,"level":"debug","message":"phantom-pdf recipe finished with 1 pages generated","meta":{"rootId":"rhgmofxvyvjagod","id":"rhgmofxvyvjagod"},"id":"5iuxczl4qqr9v85","previousOperationId":"4p8urlm4mxipbz0"}
{"type":"operationEnd","operationId":"4p8urlm4mxipbz0","timestamp":1675972374438,"id":"najbzy9ds062thz","previousEventId":"27adb525zueapsl","previousOperationId":"4p8urlm4mxipbz0"}
{"type":"log","timestamp":1675972374438,"level":"debug","message":"Skipping storing report.","meta":{"rootId":"rhgmofxvyvjagod","id":"rhgmofxvyvjagod"},"id":"b03wmkh6ao0bt03","previousOperationId":"4p8urlm4mxipbz0"}
{"type":"log","timestamp":1675972374438,"level":"info","message":"Rendering request 26 finished in 2909 ms","meta":{"rootId":"rhgmofxvyvjagod","id":"rhgmofxvyvjagod"},"id":"suy20lmo1rv38r4","previousOperationId":"4p8urlm4mxipbz0"}
{"type":"operationEnd","subtype":"render","operationId":"j6c5caaxlyiom6y","timestamp":1675972374438,"id":"2agia9eqiqxxl54","previousEventId":"najbzy9ds062thz","previousOperationId":"4p8urlm4mxipbz0"}
{"type":"operationEnd","doDiffs":false,"previousEventId":"mtzj0ldl55ivuty","previousOperationId":"k6ur6qzund1mbn7","operationId":"k6ur6qzund1mbn7","timestamp":1675972374467,"id":"vlfvltb42tx92m7"}
