{"type":"operationStart","subtype":"profile","data":{"_id":"BGDI8pMSVu6nF11H","timestamp":"2023-02-09T19:56:26.860Z","state":"queued","mode":"standard","creationDate":"2023-02-09T19:56:26.863Z","modificationDate":"2023-02-09T19:56:26.863Z","shortid":"ZtZhO_J","$entitySet":"profiles"},"doDiffs":false,"timestamp":1675972586861,"id":"wv6h5av2hmx75f1","previousOperationId":null,"operationId":"0vqb4bznhcjt910"}
{"type":"log","level":"info","message":"Render request 32 queued for execution and waiting for available worker","previousOperationId":"0vqb4bznhcjt910","timestamp":1675972586862,"id":"20epi2lbnu7smof"}
{"type":"operationStart","subtype":"render","name":"chart","previousOperationId":"0vqb4bznhcjt910","timestamp":1675972586883,"id":"yma5sdwm0oeatux","previousEventId":"wv6h5av2hmx75f1","operationId":"pjqfpjwkk845y8i"}
{"type":"log","timestamp":1675972586903,"level":"info","message":"Starting rendering request 32","meta":{"rootId":"rkw1r7dnoexlfvm","id":"rkw1r7dnoexlfvm"},"id":"zknod0usgo2wqbv","previousOperationId":"pjqfpjwkk845y8i"}
{"type":"log","timestamp":1675972586905,"level":"info","message":"Rendering template { name: chart, recipe: phantom-pdf, engine: handlebars, preview: true }","meta":{"rootId":"rkw1r7dnoexlfvm","id":"rkw1r7dnoexlfvm"},"id":"5z9oj9zpz4ygtec","previousOperationId":"pjqfpjwkk845y8i"}
{"type":"log","timestamp":1675972586909,"level":"debug","message":"Data item not defined for this template.","meta":{"rootId":"rkw1r7dnoexlfvm","id":"rkw1r7dnoexlfvm"},"id":"e33hwa8i9lkstqu","previousOperationId":"pjqfpjwkk845y8i"}
{"type":"log","timestamp":1675972586917,"level":"debug","message":"Executing script chartscript (beforeRender)","meta":{"rootId":"rkw1r7dnoexlfvm","id":"rkw1r7dnoexlfvm"},"id":"5bxdartlewtnr4o","previousOperationId":"pjqfpjwkk845y8i"}
{"type":"operationStart","subtype":"scriptsBeforeRender","name":"scripts beforeRender","timestamp":1675972587224,"id":"dv6j5cip5ykboyz","previousEventId":"yma5sdwm0oeatux","operationId":"erv5msz30mff6yt","previousOperationId":"pjqfpjwkk845y8i"}
{"type":"operationStart","subtype":"script","name":"scripts chartscript","previousOperationId":"erv5msz30mff6yt","timestamp":1675972587224,"id":"5rb1drmm0g15qlx","previousEventId":"dv6j5cip5ykboyz","operationId":"x24a1fj8pn8973h"}
{"type":"log","timestamp":1675972587425,"level":"debug","message":"(console:log) { A: [ 50, 6 ] }","meta":{"userLevel":true,"rootId":"rkw1r7dnoexlfvm","id":"rkw1r7dnoexlfvm"},"id":"sjarzj5oyxznyyo","previousOperationId":"x24a1fj8pn8973h"}
{"type":"operationEnd","operationId":"x24a1fj8pn8973h","timestamp":1675972587426,"id":"anj5lafdhy347n6","previousEventId":"yma5sdwm0oeatux","previousOperationId":"pjqfpjwkk845y8i"}
{"type":"operationEnd","operationId":"erv5msz30mff6yt","timestamp":1675972587427,"id":"yiv99jb36kpr94e","previousEventId":"anj5lafdhy347n6","previousOperationId":"pjqfpjwkk845y8i"}
{"type":"log","timestamp":1675972587427,"level":"debug","message":"Base url not specified, skipping its injection.","meta":{"rootId":"rkw1r7dnoexlfvm","id":"rkw1r7dnoexlfvm"},"id":"wwp0yvlonk8qgxt","previousOperationId":"erv5msz30mff6yt"}
{"type":"operationStart","subtype":"engine","name":"handlebars","timestamp":1675972587429,"id":"ua9gyzdxraeg1cq","previousEventId":"yiv99jb36kpr94e","operationId":"evebl49wsua7bwy","previousOperationId":"erv5msz30mff6yt"}
{"type":"log","timestamp":1675972587429,"level":"debug","message":"Rendering engine handlebars","meta":{"rootId":"rkw1r7dnoexlfvm","id":"rkw1r7dnoexlfvm"},"id":"hjm76dooohccsjg","previousOperationId":"evebl49wsua7bwy"}
{"type":"operationEnd","operationId":"evebl49wsua7bwy","timestamp":1675972587747,"id":"au00p018i5mlsut","previousEventId":"ua9gyzdxraeg1cq","previousOperationId":"evebl49wsua7bwy"}
{"type":"operationStart","subtype":"recipe","name":"phantom-pdf","timestamp":1675972587749,"id":"4cpuqpyuoj1l9eh","previousEventId":"au00p018i5mlsut","operationId":"e0bkd4d0m2tpxp6","previousOperationId":"evebl49wsua7bwy"}
{"type":"log","timestamp":1675972587749,"level":"debug","message":"Executing recipe phantom-pdf","meta":{"rootId":"rkw1r7dnoexlfvm","id":"rkw1r7dnoexlfvm"},"id":"omcm3ai0wcxwvl9","previousOperationId":"e0bkd4d0m2tpxp6"}
{"type":"log","timestamp":1675972590604,"level":"debug","message":"Converting in dedicated phantomjs 1.9.8","meta":{"rootId":"rkw1r7dnoexlfvm","id":"rkw1r7dnoexlfvm"},"id":"akp0toyghx7p44t","previousOperationId":"e0bkd4d0m2tpxp6"}
{"type":"log","timestamp":1675972590604,"level":"debug","message":"Request file:///C%3A%5CUsers%5Calegu%5CAppData%5CLocal%5CTemp%5C087224a9-07ee-4eef-a4ca-b9206ba6eb8chtml.html","meta":{"rootId":"rkw1r7dnoexlfvm","id":"rkw1r7dnoexlfvm"},"id":"q91ts1hhdbkphhk","previousOperationId":"e0bkd4d0m2tpxp6"}
{"type":"log","timestamp":1675972590604,"level":"debug","message":"Request https://cdnjs.cloudflare.com/ajax/libs/Chart.js/2.1.6/Chart.min.js","meta":{"rootId":"rkw1r7dnoexlfvm","id":"rkw1r7dnoexlfvm"},"id":"b1tizuggz2lccsf","previousOperationId":"e0bkd4d0m2tpxp6"}
{"type":"log","timestamp":1675972590604,"level":"debug","message":"PhantomJS printing done","meta":{"rootId":"rkw1r7dnoexlfvm","id":"rkw1r7dnoexlfvm"},"id":"6933529p6ts0lt6","previousOperationId":"e0bkd4d0m2tpxp6"}
{"type":"log","timestamp":1675972590604,"level":"debug","message":"PhantomJS printing done","meta":{"rootId":"rkw1r7dnoexlfvm","id":"rkw1r7dnoexlfvm"},"id":"ppm3x7huy9gg4ov","previousOperationId":"e0bkd4d0m2tpxp6"}
{"type":"log","timestamp":1675972590604,"level":"debug","message":"PhantomJS printing done","meta":{"rootId":"rkw1r7dnoexlfvm","id":"rkw1r7dnoexlfvm"},"id":"46dvf2eky4cvshv","previousOperationId":"e0bkd4d0m2tpxp6"}
{"type":"log","timestamp":1675972590604,"level":"debug","message":"PhantomJS printing done","meta":{"rootId":"rkw1r7dnoexlfvm","id":"rkw1r7dnoexlfvm"},"id":"eapeiqy3nxx3w7t","previousOperationId":"e0bkd4d0m2tpxp6"}
{"type":"log","timestamp":1675972590604,"level":"debug","message":"PhantomJS printing done","meta":{"rootId":"rkw1r7dnoexlfvm","id":"rkw1r7dnoexlfvm"},"id":"t9wt9jjzgz6a7ll","previousOperationId":"e0bkd4d0m2tpxp6"}
{"type":"log","timestamp":1675972590604,"level":"debug","message":"PhantomJS printing done","meta":{"rootId":"rkw1r7dnoexlfvm","id":"rkw1r7dnoexlfvm"},"id":"syzztk85x1dopby","previousOperationId":"e0bkd4d0m2tpxp6"}
{"type":"log","timestamp":1675972590604,"level":"debug","message":"PhantomJS printing done","meta":{"rootId":"rkw1r7dnoexlfvm","id":"rkw1r7dnoexlfvm"},"id":"141pd2wu3d1vhw6","previousOperationId":"e0bkd4d0m2tpxp6"}
{"type":"log","timestamp":1675972590604,"level":"debug","message":"PhantomJS printing done","meta":{"rootId":"rkw1r7dnoexlfvm","id":"rkw1r7dnoexlfvm"},"id":"8w9g9w4908mbb0d","previousOperationId":"e0bkd4d0m2tpxp6"}
{"type":"log","timestamp":1675972590604,"level":"debug","message":"PhantomJS printing done","meta":{"rootId":"rkw1r7dnoexlfvm","id":"rkw1r7dnoexlfvm"},"id":"3vqcoscqob7q748","previousOperationId":"e0bkd4d0m2tpxp6"}
{"type":"log","timestamp":1675972590604,"level":"debug","message":"PhantomJS printing done","meta":{"rootId":"rkw1r7dnoexlfvm","id":"rkw1r7dnoexlfvm"},"id":"gijwarla05ob5dh","previousOperationId":"e0bkd4d0m2tpxp6"}
{"type":"log","timestamp":1675972590604,"level":"debug","message":"Request http://intruct-javascript-ending/","meta":{"rootId":"rkw1r7dnoexlfvm","id":"rkw1r7dnoexlfvm"},"id":"zrqjrqprjao2yv9","previousOperationId":"e0bkd4d0m2tpxp6"}
{"type":"log","timestamp":1675972590604,"level":"debug","message":"PhantomJS printing done","meta":{"rootId":"rkw1r7dnoexlfvm","id":"rkw1r7dnoexlfvm"},"id":"t5hf5hcgjvqjztw","previousOperationId":"e0bkd4d0m2tpxp6"}
{"type":"log","timestamp":1675972590607,"level":"debug","message":"phantom-pdf recipe finished with 1 pages generated","meta":{"rootId":"rkw1r7dnoexlfvm","id":"rkw1r7dnoexlfvm"},"id":"ff144l84ibd5z3e","previousOperationId":"e0bkd4d0m2tpxp6"}
{"type":"operationEnd","operationId":"e0bkd4d0m2tpxp6","timestamp":1675972590607,"id":"nayxj5smkellwbm","previousEventId":"4cpuqpyuoj1l9eh","previousOperationId":"e0bkd4d0m2tpxp6"}
{"type":"log","timestamp":1675972590608,"level":"debug","message":"Skipping storing report.","meta":{"rootId":"rkw1r7dnoexlfvm","id":"rkw1r7dnoexlfvm"},"id":"9ocv7c3znnx1uz3","previousOperationId":"e0bkd4d0m2tpxp6"}
{"type":"log","timestamp":1675972590608,"level":"info","message":"Rendering request 32 finished in 3748 ms","meta":{"rootId":"rkw1r7dnoexlfvm","id":"rkw1r7dnoexlfvm"},"id":"m3bqcrq4bpdxxnu","previousOperationId":"e0bkd4d0m2tpxp6"}
{"type":"operationEnd","subtype":"render","operationId":"pjqfpjwkk845y8i","timestamp":1675972590608,"id":"i4v3hv1727v8l20","previousEventId":"nayxj5smkellwbm","previousOperationId":"e0bkd4d0m2tpxp6"}
{"type":"operationEnd","doDiffs":false,"previousEventId":"wv6h5av2hmx75f1","previousOperationId":"0vqb4bznhcjt910","operationId":"0vqb4bznhcjt910","timestamp":1675972590634,"id":"75fameqjpo9bz81"}
