{"type":"operationStart","subtype":"profile","data":{"_id":"peAWP0nGBPxXnDbe","timestamp":"2023-02-09T19:43:58.770Z","state":"queued","mode":"standard","creationDate":"2023-02-09T19:43:58.773Z","modificationDate":"2023-02-09T19:43:58.773Z","shortid":"zdPliB5","$entitySet":"profiles"},"doDiffs":false,"timestamp":1675971838771,"id":"il6mdn8cogr3je9","previousOperationId":null,"operationId":"qlr6oh9o6hd9tfr"}
{"type":"log","level":"info","message":"Render request 15 queued for execution and waiting for available worker","previousOperationId":"qlr6oh9o6hd9tfr","timestamp":1675971838771,"id":"3sa6tg5qph5w2ue"}
{"type":"operationStart","subtype":"render","name":"chart","previousOperationId":"qlr6oh9o6hd9tfr","timestamp":1675971838785,"id":"9s3gg09ihtg1re3","previousEventId":"il6mdn8cogr3je9","operationId":"0xi30jf47g0wrn6"}
{"type":"log","timestamp":1675971838785,"level":"info","message":"Starting rendering request 15","meta":{"rootId":"rrnhwipj6fgfixi","id":"rrnhwipj6fgfixi"},"id":"8q42xmng8qxi313","previousOperationId":"0xi30jf47g0wrn6"}
{"type":"log","timestamp":1675971838785,"level":"info","message":"Rendering template { name: chart, recipe: phantom-pdf, engine: handlebars, preview: true }","meta":{"rootId":"rrnhwipj6fgfixi","id":"rrnhwipj6fgfixi"},"id":"hizxqwexzxgxgct","previousOperationId":"0xi30jf47g0wrn6"}
{"type":"log","timestamp":1675971838788,"level":"debug","message":"Inline data specified.","meta":{"rootId":"rrnhwipj6fgfixi","id":"rrnhwipj6fgfixi"},"id":"5kctxeghyt6wrre","previousOperationId":"0xi30jf47g0wrn6"}
{"type":"log","timestamp":1675971838792,"level":"debug","message":"Base url not specified, skipping its injection.","meta":{"rootId":"rrnhwipj6fgfixi","id":"rrnhwipj6fgfixi"},"id":"8vdu1vyayocjvqc","previousOperationId":"0xi30jf47g0wrn6"}
{"type":"operationStart","subtype":"engine","name":"handlebars","timestamp":1675971838792,"id":"wpaoherq8lfery9","previousEventId":"9s3gg09ihtg1re3","operationId":"m7mvkxet4cz2q4t","previousOperationId":"0xi30jf47g0wrn6"}
{"type":"log","timestamp":1675971838792,"level":"debug","message":"Rendering engine handlebars","meta":{"rootId":"rrnhwipj6fgfixi","id":"rrnhwipj6fgfixi"},"id":"qu8f4hr3t7knq6g","previousOperationId":"m7mvkxet4cz2q4t"}
{"type":"operationEnd","operationId":"m7mvkxet4cz2q4t","timestamp":1675971838814,"id":"ch1yo2of8eqqnjy","previousEventId":"wpaoherq8lfery9","previousOperationId":"m7mvkxet4cz2q4t"}
{"type":"operationStart","subtype":"recipe","name":"phantom-pdf","timestamp":1675971838814,"id":"bnrsyge09lcibjz","previousEventId":"ch1yo2of8eqqnjy","operationId":"2g12bl48d048w2y","previousOperationId":"m7mvkxet4cz2q4t"}
{"type":"log","timestamp":1675971838814,"level":"debug","message":"Executing recipe phantom-pdf","meta":{"rootId":"rrnhwipj6fgfixi","id":"rrnhwipj6fgfixi"},"id":"8z6ife6g01sax8r","previousOperationId":"2g12bl48d048w2y"}
{"type":"log","timestamp":1675971841676,"level":"debug","message":"Converting in dedicated phantomjs 1.9.8","meta":{"rootId":"rrnhwipj6fgfixi","id":"rrnhwipj6fgfixi"},"id":"dki8jrirgbdicat","previousOperationId":"2g12bl48d048w2y"}
{"type":"log","timestamp":1675971841676,"level":"debug","message":"Request file:///C%3A%5CUsers%5Calegu%5CAppData%5CLocal%5CTemp%5Cc3926a32-44f1-4d84-8675-c4f4223250efhtml.html","meta":{"rootId":"rrnhwipj6fgfixi","id":"rrnhwipj6fgfixi"},"id":"suxgz6zqmrj1eld","previousOperationId":"2g12bl48d048w2y"}
{"type":"log","timestamp":1675971841676,"level":"debug","message":"Request https://cdnjs.cloudflare.com/ajax/libs/Chart.js/2.1.6/Chart.min.js","meta":{"rootId":"rrnhwipj6fgfixi","id":"rrnhwipj6fgfixi"},"id":"2hm6eo2huh5anfb","previousOperationId":"2g12bl48d048w2y"}
{"type":"log","timestamp":1675971841676,"level":"debug","message":"PhantomJS printing done","meta":{"rootId":"rrnhwipj6fgfixi","id":"rrnhwipj6fgfixi"},"id":"15at4k7cd3i05ux","previousOperationId":"2g12bl48d048w2y"}
{"type":"log","timestamp":1675971841676,"level":"debug","message":"PhantomJS printing done","meta":{"rootId":"rrnhwipj6fgfixi","id":"rrnhwipj6fgfixi"},"id":"gme9bg8j7h74t6r","previousOperationId":"2g12bl48d048w2y"}
{"type":"log","timestamp":1675971841676,"level":"debug","message":"PhantomJS printing done","meta":{"rootId":"rrnhwipj6fgfixi","id":"rrnhwipj6fgfixi"},"id":"mnfut85hmi1oimf","previousOperationId":"2g12bl48d048w2y"}
{"type":"log","timestamp":1675971841676,"level":"debug","message":"PhantomJS printing done","meta":{"rootId":"rrnhwipj6fgfixi","id":"rrnhwipj6fgfixi"},"id":"1p35lsv7bpl60py","previousOperationId":"2g12bl48d048w2y"}
{"type":"log","timestamp":1675971841676,"level":"debug","message":"PhantomJS printing done","meta":{"rootId":"rrnhwipj6fgfixi","id":"rrnhwipj6fgfixi"},"id":"dbtfcrs8geo82jx","previousOperationId":"2g12bl48d048w2y"}
{"type":"log","timestamp":1675971841676,"level":"debug","message":"PhantomJS printing done","meta":{"rootId":"rrnhwipj6fgfixi","id":"rrnhwipj6fgfixi"},"id":"cac82fexcqu6p4s","previousOperationId":"2g12bl48d048w2y"}
{"type":"log","timestamp":1675971841676,"level":"debug","message":"PhantomJS printing done","meta":{"rootId":"rrnhwipj6fgfixi","id":"rrnhwipj6fgfixi"},"id":"si8y93qwzjjz3oa","previousOperationId":"2g12bl48d048w2y"}
{"type":"log","timestamp":1675971841676,"level":"debug","message":"PhantomJS printing done","meta":{"rootId":"rrnhwipj6fgfixi","id":"rrnhwipj6fgfixi"},"id":"gsih533ywjvna8z","previousOperationId":"2g12bl48d048w2y"}
{"type":"log","timestamp":1675971841676,"level":"debug","message":"PhantomJS printing done","meta":{"rootId":"rrnhwipj6fgfixi","id":"rrnhwipj6fgfixi"},"id":"v7m6ex0rvqiu7ls","previousOperationId":"2g12bl48d048w2y"}
{"type":"log","timestamp":1675971841676,"level":"debug","message":"Request http://intruct-javascript-ending/","meta":{"rootId":"rrnhwipj6fgfixi","id":"rrnhwipj6fgfixi"},"id":"03a9gvhllzd7yhf","previousOperationId":"2g12bl48d048w2y"}
{"type":"log","timestamp":1675971841676,"level":"debug","message":"PhantomJS printing done","meta":{"rootId":"rrnhwipj6fgfixi","id":"rrnhwipj6fgfixi"},"id":"mum1o4aeufqtq83","previousOperationId":"2g12bl48d048w2y"}
{"type":"log","timestamp":1675971841677,"level":"debug","message":"phantom-pdf recipe finished with 1 pages generated","meta":{"rootId":"rrnhwipj6fgfixi","id":"rrnhwipj6fgfixi"},"id":"p3av5di1qewbuqa","previousOperationId":"2g12bl48d048w2y"}
{"type":"operationEnd","operationId":"2g12bl48d048w2y","timestamp":1675971841677,"id":"0xxbsxab8iffyz2","previousEventId":"bnrsyge09lcibjz","previousOperationId":"2g12bl48d048w2y"}
{"type":"log","timestamp":1675971841677,"level":"debug","message":"Skipping storing report.","meta":{"rootId":"rrnhwipj6fgfixi","id":"rrnhwipj6fgfixi"},"id":"6btyl7sl4ililw9","previousOperationId":"2g12bl48d048w2y"}
{"type":"log","timestamp":1675971841678,"level":"info","message":"Rendering request 15 finished in 2908 ms","meta":{"rootId":"rrnhwipj6fgfixi","id":"rrnhwipj6fgfixi"},"id":"nnuud0pw1a6isce","previousOperationId":"2g12bl48d048w2y"}
{"type":"operationEnd","subtype":"render","operationId":"0xi30jf47g0wrn6","timestamp":1675971841678,"id":"h9o48u97aual1qw","previousEventId":"0xxbsxab8iffyz2","previousOperationId":"2g12bl48d048w2y"}
{"type":"operationEnd","doDiffs":false,"previousEventId":"il6mdn8cogr3je9","previousOperationId":"qlr6oh9o6hd9tfr","operationId":"qlr6oh9o6hd9tfr","timestamp":1675971841700,"id":"n2736m3094x5y2s"}
