{"type":"operationStart","subtype":"profile","data":{"_id":"bj029pfJZIrxKvXB","timestamp":"2023-02-10T15:31:48.485Z","state":"queued","mode":"standard","creationDate":"2023-02-10T15:31:48.487Z","modificationDate":"2023-02-10T15:31:48.487Z","shortid":"f9uym1N","$entitySet":"profiles"},"doDiffs":false,"timestamp":1676043108486,"id":"f7msktd12adppvr","previousOperationId":null,"operationId":"adp8i21hvskrq98"}
{"type":"log","level":"info","message":"Render request 18 queued for execution and waiting for available worker","previousOperationId":"adp8i21hvskrq98","timestamp":1676043108486,"id":"h4iuxt53biusxvg"}
{"type":"operationStart","subtype":"render","name":"chart","previousOperationId":"adp8i21hvskrq98","timestamp":1676043108499,"id":"oejuizo7xznd24r","previousEventId":"f7msktd12adppvr","operationId":"xkrvjd93d4mjvh6"}
{"type":"log","timestamp":1676043108499,"level":"info","message":"Starting rendering request 18","meta":{"rootId":"rt6nlwzn01ig9ru","id":"rt6nlwzn01ig9ru"},"id":"2h5rrltk7yayxvf","previousOperationId":"xkrvjd93d4mjvh6"}
{"type":"log","timestamp":1676043108499,"level":"info","message":"Rendering template { name: chart, recipe: phantom-pdf, engine: handlebars, preview: true }","meta":{"rootId":"rt6nlwzn01ig9ru","id":"rt6nlwzn01ig9ru"},"id":"bknpgfcqwlvrp3r","previousOperationId":"xkrvjd93d4mjvh6"}
{"type":"log","timestamp":1676043108502,"level":"debug","message":"Data item not defined for this template.","meta":{"rootId":"rt6nlwzn01ig9ru","id":"rt6nlwzn01ig9ru"},"id":"rfnbt40laelqzmg","previousOperationId":"xkrvjd93d4mjvh6"}
{"type":"log","timestamp":1676043108509,"level":"debug","message":"Executing script chartscript (beforeRender)","meta":{"rootId":"rt6nlwzn01ig9ru","id":"rt6nlwzn01ig9ru"},"id":"du2l01e5mdtrcqe","previousOperationId":"xkrvjd93d4mjvh6"}
{"type":"operationStart","subtype":"scriptsBeforeRender","name":"scripts beforeRender","timestamp":1676043108540,"id":"eu4tlmpr9k7hgqv","previousEventId":"oejuizo7xznd24r","operationId":"cl9y5flilinm0wf","previousOperationId":"xkrvjd93d4mjvh6"}
{"type":"operationStart","subtype":"script","name":"scripts chartscript","previousOperationId":"cl9y5flilinm0wf","timestamp":1676043108540,"id":"q25kwgks5bev7ke","previousEventId":"eu4tlmpr9k7hgqv","operationId":"hl5su5p5r8i75n5"}
{"type":"operationEnd","operationId":"hl5su5p5r8i75n5","timestamp":1676043108822,"id":"gf5wx0bknfhtaj4","previousEventId":"oejuizo7xznd24r","previousOperationId":"xkrvjd93d4mjvh6"}
{"type":"operationEnd","operationId":"cl9y5flilinm0wf","timestamp":1676043108823,"id":"8i5gw57wrtqmofh","previousEventId":"gf5wx0bknfhtaj4","previousOperationId":"xkrvjd93d4mjvh6"}
{"type":"log","timestamp":1676043108823,"level":"debug","message":"Base url not specified, skipping its injection.","meta":{"rootId":"rt6nlwzn01ig9ru","id":"rt6nlwzn01ig9ru"},"id":"akcowgmnjx5z6mg","previousOperationId":"cl9y5flilinm0wf"}
{"type":"operationStart","subtype":"engine","name":"handlebars","timestamp":1676043108823,"id":"t62sesp8t9cly68","previousEventId":"8i5gw57wrtqmofh","operationId":"vz68ux7qdhgch9i","previousOperationId":"cl9y5flilinm0wf"}
{"type":"log","timestamp":1676043108823,"level":"debug","message":"Rendering engine handlebars","meta":{"rootId":"rt6nlwzn01ig9ru","id":"rt6nlwzn01ig9ru"},"id":"se65mdrvf2kbxdd","previousOperationId":"vz68ux7qdhgch9i"}
{"type":"log","timestamp":1676043108845,"level":"debug","message":"(console:log) { '0': 'A' }","meta":{"userLevel":true,"rootId":"rt6nlwzn01ig9ru","id":"rt6nlwzn01ig9ru"},"id":"ptupr4hnc4jok85","previousOperationId":"vz68ux7qdhgch9i"}
{"type":"log","timestamp":1676043108845,"level":"debug","message":"(console:log) {\"0\":\"A\"}","meta":{"userLevel":true,"rootId":"rt6nlwzn01ig9ru","id":"rt6nlwzn01ig9ru"},"id":"n9egk585xebnh4s","previousOperationId":"vz68ux7qdhgch9i"}
{"type":"operationEnd","operationId":"vz68ux7qdhgch9i","timestamp":1676043108846,"id":"ogerkfs4w1dqni4","previousEventId":"t62sesp8t9cly68","previousOperationId":"vz68ux7qdhgch9i"}
{"type":"operationStart","subtype":"recipe","name":"phantom-pdf","timestamp":1676043108846,"id":"tz6yvlmh41p4vcd","previousEventId":"ogerkfs4w1dqni4","operationId":"i7bmame7jtt8pq8","previousOperationId":"vz68ux7qdhgch9i"}
{"type":"log","timestamp":1676043108846,"level":"debug","message":"Executing recipe phantom-pdf","meta":{"rootId":"rt6nlwzn01ig9ru","id":"rt6nlwzn01ig9ru"},"id":"z47sezehrswyg99","previousOperationId":"i7bmame7jtt8pq8"}
{"type":"log","timestamp":1676043111780,"level":"debug","message":"Converting in dedicated phantomjs 1.9.8","meta":{"rootId":"rt6nlwzn01ig9ru","id":"rt6nlwzn01ig9ru"},"id":"9ayizyennacwmno","previousOperationId":"i7bmame7jtt8pq8"}
{"type":"log","timestamp":1676043111780,"level":"debug","message":"Request file:///C%3A%5CUsers%5Calegu%5CAppData%5CLocal%5CTemp%5C91ed8c2b-5fea-4b5c-b4fd-fad97f2431fdhtml.html","meta":{"rootId":"rt6nlwzn01ig9ru","id":"rt6nlwzn01ig9ru"},"id":"mgai2n6snyr8oq7","previousOperationId":"i7bmame7jtt8pq8"}
{"type":"log","timestamp":1676043111780,"level":"debug","message":"Request https://cdnjs.cloudflare.com/ajax/libs/Chart.js/2.1.6/Chart.min.js","meta":{"rootId":"rt6nlwzn01ig9ru","id":"rt6nlwzn01ig9ru"},"id":"zzmrgt8qlskbbha","previousOperationId":"i7bmame7jtt8pq8"}
{"type":"log","timestamp":1676043111780,"level":"debug","message":"PhantomJS printing done","meta":{"rootId":"rt6nlwzn01ig9ru","id":"rt6nlwzn01ig9ru"},"id":"hc11posbzutelge","previousOperationId":"i7bmame7jtt8pq8"}
{"type":"log","timestamp":1676043111780,"level":"debug","message":"PhantomJS printing done","meta":{"rootId":"rt6nlwzn01ig9ru","id":"rt6nlwzn01ig9ru"},"id":"i9davappxv8892k","previousOperationId":"i7bmame7jtt8pq8"}
{"type":"log","timestamp":1676043111780,"level":"debug","message":"PhantomJS printing done","meta":{"rootId":"rt6nlwzn01ig9ru","id":"rt6nlwzn01ig9ru"},"id":"rl2wr1v0uczqsuf","previousOperationId":"i7bmame7jtt8pq8"}
{"type":"log","timestamp":1676043111780,"level":"debug","message":"PhantomJS printing done","meta":{"rootId":"rt6nlwzn01ig9ru","id":"rt6nlwzn01ig9ru"},"id":"cwubnx5n9abllsq","previousOperationId":"i7bmame7jtt8pq8"}
{"type":"log","timestamp":1676043111780,"level":"debug","message":"PhantomJS printing done","meta":{"rootId":"rt6nlwzn01ig9ru","id":"rt6nlwzn01ig9ru"},"id":"peudjbg9jvu7ulo","previousOperationId":"i7bmame7jtt8pq8"}
{"type":"log","timestamp":1676043111780,"level":"debug","message":"PhantomJS printing done","meta":{"rootId":"rt6nlwzn01ig9ru","id":"rt6nlwzn01ig9ru"},"id":"168ky90u4chc6f0","previousOperationId":"i7bmame7jtt8pq8"}
{"type":"log","timestamp":1676043111780,"level":"debug","message":"PhantomJS printing done","meta":{"rootId":"rt6nlwzn01ig9ru","id":"rt6nlwzn01ig9ru"},"id":"oewv7gk1bl9hvdo","previousOperationId":"i7bmame7jtt8pq8"}
{"type":"log","timestamp":1676043111780,"level":"debug","message":"PhantomJS printing done","meta":{"rootId":"rt6nlwzn01ig9ru","id":"rt6nlwzn01ig9ru"},"id":"a7gmb8i15u0furw","previousOperationId":"i7bmame7jtt8pq8"}
{"type":"log","timestamp":1676043111780,"level":"debug","message":"PhantomJS printing done","meta":{"rootId":"rt6nlwzn01ig9ru","id":"rt6nlwzn01ig9ru"},"id":"0wx8cb08j0jallj","previousOperationId":"i7bmame7jtt8pq8"}
{"type":"log","timestamp":1676043111780,"level":"debug","message":"Request http://intruct-javascript-ending/","meta":{"rootId":"rt6nlwzn01ig9ru","id":"rt6nlwzn01ig9ru"},"id":"j0yiug2p3vsqgv0","previousOperationId":"i7bmame7jtt8pq8"}
{"type":"log","timestamp":1676043111780,"level":"debug","message":"PhantomJS printing done","meta":{"rootId":"rt6nlwzn01ig9ru","id":"rt6nlwzn01ig9ru"},"id":"hkqsb19chmh93cn","previousOperationId":"i7bmame7jtt8pq8"}
{"type":"log","timestamp":1676043111781,"level":"debug","message":"phantom-pdf recipe finished with 1 pages generated","meta":{"rootId":"rt6nlwzn01ig9ru","id":"rt6nlwzn01ig9ru"},"id":"shbgnssfowe36ki","previousOperationId":"i7bmame7jtt8pq8"}
{"type":"operationEnd","operationId":"i7bmame7jtt8pq8","timestamp":1676043111781,"id":"a0hz1dqqn6gq4ev","previousEventId":"tz6yvlmh41p4vcd","previousOperationId":"i7bmame7jtt8pq8"}
{"type":"log","timestamp":1676043111781,"level":"debug","message":"Skipping storing report.","meta":{"rootId":"rt6nlwzn01ig9ru","id":"rt6nlwzn01ig9ru"},"id":"fo0pzjid1340nim","previousOperationId":"i7bmame7jtt8pq8"}
{"type":"log","timestamp":1676043111781,"level":"info","message":"Rendering request 18 finished in 3297 ms","meta":{"rootId":"rt6nlwzn01ig9ru","id":"rt6nlwzn01ig9ru"},"id":"bcaji1v5lzzrfs6","previousOperationId":"i7bmame7jtt8pq8"}
{"type":"operationEnd","subtype":"render","operationId":"xkrvjd93d4mjvh6","timestamp":1676043111781,"id":"tk61vvdhpomtdaf","previousEventId":"a0hz1dqqn6gq4ev","previousOperationId":"i7bmame7jtt8pq8"}
{"type":"operationEnd","doDiffs":false,"previousEventId":"f7msktd12adppvr","previousOperationId":"adp8i21hvskrq98","operationId":"adp8i21hvskrq98","timestamp":1676043111803,"id":"rie36j8na3vtgr2"}
