{"type":"operationStart","subtype":"profile","data":{"_id":"PrZk4clBaxsVzMMU","timestamp":"2023-02-10T15:43:57.619Z","state":"queued","mode":"standard","creationDate":"2023-02-10T15:43:57.621Z","modificationDate":"2023-02-10T15:43:57.621Z","shortid":"NJ4EOu2","$entitySet":"profiles"},"doDiffs":false,"timestamp":1676043837620,"id":"vdpgslopajdur7e","previousOperationId":null,"operationId":"lhf6myr5w5m4zyj"}
{"type":"log","level":"info","message":"Render request 36 queued for execution and waiting for available worker","previousOperationId":"lhf6myr5w5m4zyj","timestamp":1676043837620,"id":"8e92bo4ygb5ysah"}
{"type":"operationStart","subtype":"render","name":"chart","previousOperationId":"lhf6myr5w5m4zyj","timestamp":1676043837637,"id":"lckia1lbxtom57v","previousEventId":"vdpgslopajdur7e","operationId":"1mpoelnjqlesqzo"}
{"type":"log","timestamp":1676043837638,"level":"info","message":"Starting rendering request 36","meta":{"rootId":"su7jn8unjbjgded","id":"su7jn8unjbjgded"},"id":"ricz51hphkw2ug9","previousOperationId":"1mpoelnjqlesqzo"}
{"type":"log","timestamp":1676043837640,"level":"info","message":"Rendering template { name: chart, recipe: phantom-pdf, engine: handlebars, preview: true }","meta":{"rootId":"su7jn8unjbjgded","id":"su7jn8unjbjgded"},"id":"t6jpfkepqzyy20a","previousOperationId":"1mpoelnjqlesqzo"}
{"type":"log","timestamp":1676043837644,"level":"debug","message":"Data item not defined for this template.","meta":{"rootId":"su7jn8unjbjgded","id":"su7jn8unjbjgded"},"id":"fxa89ly5ldide7k","previousOperationId":"1mpoelnjqlesqzo"}
{"type":"log","timestamp":1676043837648,"level":"debug","message":"Executing script chartscript (beforeRender)","meta":{"rootId":"su7jn8unjbjgded","id":"su7jn8unjbjgded"},"id":"p45yg44s73tmbv1","previousOperationId":"1mpoelnjqlesqzo"}
{"type":"operationStart","subtype":"scriptsBeforeRender","name":"scripts beforeRender","timestamp":1676043837957,"id":"asat26jrs39x08e","previousEventId":"lckia1lbxtom57v","operationId":"y1q7daa4o80rg1o","previousOperationId":"1mpoelnjqlesqzo"}
{"type":"operationStart","subtype":"script","name":"scripts chartscript","previousOperationId":"y1q7daa4o80rg1o","timestamp":1676043837957,"id":"yuuty6b3o6y98dd","previousEventId":"asat26jrs39x08e","operationId":"txnsb1ie0alt1id"}
{"type":"log","timestamp":1676043838188,"level":"debug","message":"(console:log) [ 50, 45 ]","meta":{"userLevel":true,"rootId":"su7jn8unjbjgded","id":"su7jn8unjbjgded"},"id":"3tdln3yp1lgk3f1","previousOperationId":"txnsb1ie0alt1id"}
{"type":"log","timestamp":1676043838188,"level":"debug","message":"(console:log) [ 50, 45 ]","meta":{"userLevel":true,"rootId":"su7jn8unjbjgded","id":"su7jn8unjbjgded"},"id":"k1mbht7xs5rx1r8","previousOperationId":"txnsb1ie0alt1id"}
{"type":"operationEnd","operationId":"txnsb1ie0alt1id","timestamp":1676043838189,"id":"2au9orqqirrqm1z","previousEventId":"lckia1lbxtom57v","previousOperationId":"1mpoelnjqlesqzo"}
{"type":"operationEnd","operationId":"y1q7daa4o80rg1o","timestamp":1676043838189,"id":"81tdokggnkm74g1","previousEventId":"2au9orqqirrqm1z","previousOperationId":"1mpoelnjqlesqzo"}
{"type":"log","timestamp":1676043838189,"level":"debug","message":"Base url not specified, skipping its injection.","meta":{"rootId":"su7jn8unjbjgded","id":"su7jn8unjbjgded"},"id":"38dh6p5djgq63sm","previousOperationId":"y1q7daa4o80rg1o"}
{"type":"operationStart","subtype":"engine","name":"handlebars","timestamp":1676043838190,"id":"am80rfgtp472eer","previousEventId":"81tdokggnkm74g1","operationId":"2jpmk5qnvzbfoyy","previousOperationId":"y1q7daa4o80rg1o"}
{"type":"log","timestamp":1676043838190,"level":"debug","message":"Rendering engine handlebars","meta":{"rootId":"su7jn8unjbjgded","id":"su7jn8unjbjgded"},"id":"j4lh9nur5lw4jmw","previousOperationId":"2jpmk5qnvzbfoyy"}
{"type":"log","timestamp":1676043838499,"level":"debug","message":"(console:log) [ 50, 45 ]","meta":{"userLevel":true,"rootId":"su7jn8unjbjgded","id":"su7jn8unjbjgded"},"id":"03qpyajcgqh2i5i","previousOperationId":"2jpmk5qnvzbfoyy"}
{"type":"log","timestamp":1676043838500,"level":"debug","message":"(console:log) [50,45]","meta":{"userLevel":true,"rootId":"su7jn8unjbjgded","id":"su7jn8unjbjgded"},"id":"8t2rpvnqwsivyj1","previousOperationId":"2jpmk5qnvzbfoyy"}
{"type":"operationEnd","operationId":"2jpmk5qnvzbfoyy","timestamp":1676043838500,"id":"6umtrjdq8hfka6u","previousEventId":"am80rfgtp472eer","previousOperationId":"2jpmk5qnvzbfoyy"}
{"type":"operationStart","subtype":"recipe","name":"phantom-pdf","timestamp":1676043838501,"id":"y62weoeglzcw5fs","previousEventId":"6umtrjdq8hfka6u","operationId":"4kh7cxmgg2ch22j","previousOperationId":"2jpmk5qnvzbfoyy"}
{"type":"log","timestamp":1676043838501,"level":"debug","message":"Executing recipe phantom-pdf","meta":{"rootId":"su7jn8unjbjgded","id":"su7jn8unjbjgded"},"id":"yuyktkkdn264a2a","previousOperationId":"4kh7cxmgg2ch22j"}
{"type":"log","timestamp":1676043841519,"level":"debug","message":"Converting in dedicated phantomjs 1.9.8","meta":{"rootId":"su7jn8unjbjgded","id":"su7jn8unjbjgded"},"id":"4iwaqyx0x4jrial","previousOperationId":"4kh7cxmgg2ch22j"}
{"type":"log","timestamp":1676043841519,"level":"debug","message":"Request file:///C%3A%5CUsers%5Calegu%5CAppData%5CLocal%5CTemp%5C9eb81cf4-0f9a-4a55-b17d-2fae14e94202html.html","meta":{"rootId":"su7jn8unjbjgded","id":"su7jn8unjbjgded"},"id":"7bkev6txj2hor2v","previousOperationId":"4kh7cxmgg2ch22j"}
{"type":"log","timestamp":1676043841519,"level":"debug","message":"Request https://cdnjs.cloudflare.com/ajax/libs/Chart.js/2.1.6/Chart.min.js","meta":{"rootId":"su7jn8unjbjgded","id":"su7jn8unjbjgded"},"id":"6ifp3dzo75089p2","previousOperationId":"4kh7cxmgg2ch22j"}
{"type":"log","timestamp":1676043841519,"level":"debug","message":"PhantomJS printing done","meta":{"rootId":"su7jn8unjbjgded","id":"su7jn8unjbjgded"},"id":"x104mfqzfykfwlq","previousOperationId":"4kh7cxmgg2ch22j"}
{"type":"log","timestamp":1676043841519,"level":"debug","message":"PhantomJS printing done","meta":{"rootId":"su7jn8unjbjgded","id":"su7jn8unjbjgded"},"id":"2akqc5vne4a8hp6","previousOperationId":"4kh7cxmgg2ch22j"}
{"type":"log","timestamp":1676043841519,"level":"debug","message":"PhantomJS printing done","meta":{"rootId":"su7jn8unjbjgded","id":"su7jn8unjbjgded"},"id":"irbhhcccrpwrxcb","previousOperationId":"4kh7cxmgg2ch22j"}
{"type":"log","timestamp":1676043841519,"level":"debug","message":"PhantomJS printing done","meta":{"rootId":"su7jn8unjbjgded","id":"su7jn8unjbjgded"},"id":"lwo9uwyxl3ucmkt","previousOperationId":"4kh7cxmgg2ch22j"}
{"type":"log","timestamp":1676043841519,"level":"debug","message":"PhantomJS printing done","meta":{"rootId":"su7jn8unjbjgded","id":"su7jn8unjbjgded"},"id":"h5fm8fxs0o7eoci","previousOperationId":"4kh7cxmgg2ch22j"}
{"type":"log","timestamp":1676043841519,"level":"debug","message":"PhantomJS printing done","meta":{"rootId":"su7jn8unjbjgded","id":"su7jn8unjbjgded"},"id":"epjslx7rrsu29tg","previousOperationId":"4kh7cxmgg2ch22j"}
{"type":"log","timestamp":1676043841519,"level":"debug","message":"PhantomJS printing done","meta":{"rootId":"su7jn8unjbjgded","id":"su7jn8unjbjgded"},"id":"suus9kkzlkhyk4f","previousOperationId":"4kh7cxmgg2ch22j"}
{"type":"log","timestamp":1676043841519,"level":"debug","message":"PhantomJS printing done","meta":{"rootId":"su7jn8unjbjgded","id":"su7jn8unjbjgded"},"id":"s7og6xd0qpjvbma","previousOperationId":"4kh7cxmgg2ch22j"}
{"type":"log","timestamp":1676043841519,"level":"debug","message":"PhantomJS printing done","meta":{"rootId":"su7jn8unjbjgded","id":"su7jn8unjbjgded"},"id":"6rc48r949a5gsul","previousOperationId":"4kh7cxmgg2ch22j"}
{"type":"log","timestamp":1676043841519,"level":"debug","message":"PhantomJS printing done","meta":{"rootId":"su7jn8unjbjgded","id":"su7jn8unjbjgded"},"id":"0oml6rtrshi4q6b","previousOperationId":"4kh7cxmgg2ch22j"}
{"type":"log","timestamp":1676043841519,"level":"debug","message":"Request http://intruct-javascript-ending/","meta":{"rootId":"su7jn8unjbjgded","id":"su7jn8unjbjgded"},"id":"s3yfzdkhhtvylec","previousOperationId":"4kh7cxmgg2ch22j"}
{"type":"log","timestamp":1676043841519,"level":"debug","message":"PhantomJS printing done","meta":{"rootId":"su7jn8unjbjgded","id":"su7jn8unjbjgded"},"id":"3y9s5nd3hqtmy3x","previousOperationId":"4kh7cxmgg2ch22j"}
{"type":"log","timestamp":1676043841522,"level":"debug","message":"phantom-pdf recipe finished with 1 pages generated","meta":{"rootId":"su7jn8unjbjgded","id":"su7jn8unjbjgded"},"id":"g0xj9qxanpky3sx","previousOperationId":"4kh7cxmgg2ch22j"}
{"type":"operationEnd","operationId":"4kh7cxmgg2ch22j","timestamp":1676043841522,"id":"epue2dffoars8g4","previousEventId":"y62weoeglzcw5fs","previousOperationId":"4kh7cxmgg2ch22j"}
{"type":"log","timestamp":1676043841523,"level":"debug","message":"Skipping storing report.","meta":{"rootId":"su7jn8unjbjgded","id":"su7jn8unjbjgded"},"id":"idket0a9f0qrgdj","previousOperationId":"4kh7cxmgg2ch22j"}
{"type":"log","timestamp":1676043841523,"level":"info","message":"Rendering request 36 finished in 3904 ms","meta":{"rootId":"su7jn8unjbjgded","id":"su7jn8unjbjgded"},"id":"9n4yjnl8qaw3rbn","previousOperationId":"4kh7cxmgg2ch22j"}
{"type":"operationEnd","subtype":"render","operationId":"1mpoelnjqlesqzo","timestamp":1676043841523,"id":"64k9lylyaxui9v3","previousEventId":"epue2dffoars8g4","previousOperationId":"4kh7cxmgg2ch22j"}
{"type":"operationEnd","doDiffs":false,"previousEventId":"vdpgslopajdur7e","previousOperationId":"lhf6myr5w5m4zyj","operationId":"lhf6myr5w5m4zyj","timestamp":1676043841549,"id":"fafow2y6vr3mi86"}
