{"type":"operationStart","subtype":"profile","data":{"_id":"YHejSDr8YMvG6EhB","timestamp":"2023-02-09T19:52:24.443Z","state":"queued","mode":"standard","creationDate":"2023-02-09T19:52:24.446Z","modificationDate":"2023-02-09T19:52:24.446Z","shortid":"t9wdKOI","$entitySet":"profiles"},"doDiffs":false,"timestamp":1675972344445,"id":"tgjsp1kwtwqzcfe","previousOperationId":null,"operationId":"aw3yulfhbtjf9si"}
{"type":"log","level":"info","message":"Render request 24 queued for execution and waiting for available worker","previousOperationId":"aw3yulfhbtjf9si","timestamp":1675972344445,"id":"z39s6br8i6bo4oz"}
{"type":"operationStart","subtype":"render","name":"chart","previousOperationId":"aw3yulfhbtjf9si","timestamp":1675972344459,"id":"bh9ix51gqhy25pj","previousEventId":"tgjsp1kwtwqzcfe","operationId":"dgv0qz4fniyn2ww"}
{"type":"log","timestamp":1675972344459,"level":"info","message":"Starting rendering request 24","meta":{"rootId":"v2ubcsifj3bqrt2","id":"v2ubcsifj3bqrt2"},"id":"txguzes0edi14k6","previousOperationId":"dgv0qz4fniyn2ww"}
{"type":"log","timestamp":1675972344460,"level":"info","message":"Rendering template { name: chart, recipe: phantom-pdf, engine: handlebars, preview: true }","meta":{"rootId":"v2ubcsifj3bqrt2","id":"v2ubcsifj3bqrt2"},"id":"a1mpts47vtgtfl0","previousOperationId":"dgv0qz4fniyn2ww"}
{"type":"log","timestamp":1675972344462,"level":"debug","message":"Inline data specified.","meta":{"rootId":"v2ubcsifj3bqrt2","id":"v2ubcsifj3bqrt2"},"id":"12gmu31dhbqa3i8","previousOperationId":"dgv0qz4fniyn2ww"}
{"type":"log","timestamp":1675972344466,"level":"debug","message":"Base url not specified, skipping its injection.","meta":{"rootId":"v2ubcsifj3bqrt2","id":"v2ubcsifj3bqrt2"},"id":"k77zwmdfptm3bpc","previousOperationId":"dgv0qz4fniyn2ww"}
{"type":"operationStart","subtype":"engine","name":"handlebars","timestamp":1675972344466,"id":"hcli4lc8u7cdi0j","previousEventId":"bh9ix51gqhy25pj","operationId":"z7itvfvu25q32yy","previousOperationId":"dgv0qz4fniyn2ww"}
{"type":"log","timestamp":1675972344466,"level":"debug","message":"Rendering engine handlebars","meta":{"rootId":"v2ubcsifj3bqrt2","id":"v2ubcsifj3bqrt2"},"id":"58yitzgfk6fsu95","previousOperationId":"z7itvfvu25q32yy"}
{"type":"operationEnd","operationId":"z7itvfvu25q32yy","timestamp":1675972344483,"id":"oqqeabc0udl3urf","previousEventId":"hcli4lc8u7cdi0j","previousOperationId":"z7itvfvu25q32yy"}
{"type":"operationStart","subtype":"recipe","name":"phantom-pdf","timestamp":1675972344484,"id":"so0vgr2b8csc0bu","previousEventId":"oqqeabc0udl3urf","operationId":"tm1zvsya98qna63","previousOperationId":"z7itvfvu25q32yy"}
{"type":"log","timestamp":1675972344484,"level":"debug","message":"Executing recipe phantom-pdf","meta":{"rootId":"v2ubcsifj3bqrt2","id":"v2ubcsifj3bqrt2"},"id":"5p7drm4fzyki9mp","previousOperationId":"tm1zvsya98qna63"}
{"type":"log","timestamp":1675972347285,"level":"debug","message":"Converting in dedicated phantomjs 1.9.8","meta":{"rootId":"v2ubcsifj3bqrt2","id":"v2ubcsifj3bqrt2"},"id":"lip305xqb9vsafu","previousOperationId":"tm1zvsya98qna63"}
{"type":"log","timestamp":1675972347285,"level":"debug","message":"Request file:///C%3A%5CUsers%5Calegu%5CAppData%5CLocal%5CTemp%5C5805b03b-ee59-4365-a35d-75191ec2cc34html.html","meta":{"rootId":"v2ubcsifj3bqrt2","id":"v2ubcsifj3bqrt2"},"id":"89avli6mplczvo7","previousOperationId":"tm1zvsya98qna63"}
{"type":"log","timestamp":1675972347285,"level":"debug","message":"Request https://cdnjs.cloudflare.com/ajax/libs/Chart.js/2.1.6/Chart.min.js","meta":{"rootId":"v2ubcsifj3bqrt2","id":"v2ubcsifj3bqrt2"},"id":"nyrd7f5z4ba6ei1","previousOperationId":"tm1zvsya98qna63"}
{"type":"log","timestamp":1675972347285,"level":"debug","message":"PhantomJS printing done","meta":{"rootId":"v2ubcsifj3bqrt2","id":"v2ubcsifj3bqrt2"},"id":"ycheofwhzv95gz0","previousOperationId":"tm1zvsya98qna63"}
{"type":"log","timestamp":1675972347285,"level":"debug","message":"PhantomJS printing done","meta":{"rootId":"v2ubcsifj3bqrt2","id":"v2ubcsifj3bqrt2"},"id":"idd3gncpgq8l91e","previousOperationId":"tm1zvsya98qna63"}
{"type":"log","timestamp":1675972347285,"level":"debug","message":"PhantomJS printing done","meta":{"rootId":"v2ubcsifj3bqrt2","id":"v2ubcsifj3bqrt2"},"id":"gdsipia4h00vhsc","previousOperationId":"tm1zvsya98qna63"}
{"type":"log","timestamp":1675972347285,"level":"debug","message":"PhantomJS printing done","meta":{"rootId":"v2ubcsifj3bqrt2","id":"v2ubcsifj3bqrt2"},"id":"ogotdel6wwjcvtt","previousOperationId":"tm1zvsya98qna63"}
{"type":"log","timestamp":1675972347285,"level":"debug","message":"PhantomJS printing done","meta":{"rootId":"v2ubcsifj3bqrt2","id":"v2ubcsifj3bqrt2"},"id":"b962r59znn7u7n0","previousOperationId":"tm1zvsya98qna63"}
{"type":"log","timestamp":1675972347285,"level":"debug","message":"PhantomJS printing done","meta":{"rootId":"v2ubcsifj3bqrt2","id":"v2ubcsifj3bqrt2"},"id":"y6p2q76fopetxk1","previousOperationId":"tm1zvsya98qna63"}
{"type":"log","timestamp":1675972347285,"level":"debug","message":"PhantomJS printing done","meta":{"rootId":"v2ubcsifj3bqrt2","id":"v2ubcsifj3bqrt2"},"id":"0ursyrrselpp9dm","previousOperationId":"tm1zvsya98qna63"}
{"type":"log","timestamp":1675972347285,"level":"debug","message":"PhantomJS printing done","meta":{"rootId":"v2ubcsifj3bqrt2","id":"v2ubcsifj3bqrt2"},"id":"owi6u3xyezvsw9b","previousOperationId":"tm1zvsya98qna63"}
{"type":"log","timestamp":1675972347285,"level":"debug","message":"PhantomJS printing done","meta":{"rootId":"v2ubcsifj3bqrt2","id":"v2ubcsifj3bqrt2"},"id":"37zvmsksos4qlo5","previousOperationId":"tm1zvsya98qna63"}
{"type":"log","timestamp":1675972347285,"level":"debug","message":"Request http://intruct-javascript-ending/","meta":{"rootId":"v2ubcsifj3bqrt2","id":"v2ubcsifj3bqrt2"},"id":"1t0onwxgo386ovs","previousOperationId":"tm1zvsya98qna63"}
{"type":"log","timestamp":1675972347285,"level":"debug","message":"PhantomJS printing done","meta":{"rootId":"v2ubcsifj3bqrt2","id":"v2ubcsifj3bqrt2"},"id":"2xfri8phyfo2l4t","previousOperationId":"tm1zvsya98qna63"}
{"type":"log","timestamp":1675972347288,"level":"debug","message":"phantom-pdf recipe finished with 1 pages generated","meta":{"rootId":"v2ubcsifj3bqrt2","id":"v2ubcsifj3bqrt2"},"id":"emtpq8wcpeu6l9m","previousOperationId":"tm1zvsya98qna63"}
{"type":"operationEnd","operationId":"tm1zvsya98qna63","timestamp":1675972347288,"id":"rkvvziaxcbuit3y","previousEventId":"so0vgr2b8csc0bu","previousOperationId":"tm1zvsya98qna63"}
{"type":"log","timestamp":1675972347288,"level":"debug","message":"Skipping storing report.","meta":{"rootId":"v2ubcsifj3bqrt2","id":"v2ubcsifj3bqrt2"},"id":"c36rpvxawotr39o","previousOperationId":"tm1zvsya98qna63"}
{"type":"log","timestamp":1675972347289,"level":"info","message":"Rendering request 24 finished in 2846 ms","meta":{"rootId":"v2ubcsifj3bqrt2","id":"v2ubcsifj3bqrt2"},"id":"nq20jyo639vev6m","previousOperationId":"tm1zvsya98qna63"}
{"type":"operationEnd","subtype":"render","operationId":"dgv0qz4fniyn2ww","timestamp":1675972347289,"id":"dcookytfijs6a39","previousEventId":"rkvvziaxcbuit3y","previousOperationId":"tm1zvsya98qna63"}
{"type":"operationEnd","doDiffs":false,"previousEventId":"tgjsp1kwtwqzcfe","previousOperationId":"aw3yulfhbtjf9si","operationId":"aw3yulfhbtjf9si","timestamp":1675972347314,"id":"2kudwqt6l0rjfk3"}
