{"type":"operationStart","subtype":"profile","data":{"_id":"gfMP4HjoV3LD94WB","timestamp":"2023-02-24T16:29:44.663Z","state":"queued","mode":"standard","creationDate":"2023-02-24T16:29:44.665Z","modificationDate":"2023-02-24T16:29:44.665Z","shortid":"oyBHJSC","$entitySet":"profiles"},"doDiffs":false,"timestamp":1677256184664,"id":"jxg16yj8e2tewua","previousOperationId":null,"operationId":"y9s7e6xpxjrun4f"}
{"type":"log","level":"info","message":"Render request 9 queued for execution and waiting for available worker","previousOperationId":"y9s7e6xpxjrun4f","timestamp":1677256184664,"id":"8asggwa9x8f85ke"}
{"type":"operationStart","subtype":"render","name":"chart","previousOperationId":"y9s7e6xpxjrun4f","timestamp":1677256184669,"id":"kw3k5ft4m18597u","previousEventId":"jxg16yj8e2tewua","operationId":"okwuxc0xfrq0a3s"}
{"type":"log","timestamp":1677256184669,"level":"info","message":"Starting rendering request 9","meta":{"rootId":"vm9keptyavr5w4n","id":"vm9keptyavr5w4n"},"id":"ugtjo5dm86m5v60","previousOperationId":"okwuxc0xfrq0a3s"}
{"type":"log","timestamp":1677256184669,"level":"info","message":"Rendering template { name: chart, recipe: phantom-pdf, engine: handlebars, preview: false }","meta":{"rootId":"vm9keptyavr5w4n","id":"vm9keptyavr5w4n"},"id":"uuqia5rbpsv42iw","previousOperationId":"okwuxc0xfrq0a3s"}
{"type":"log","timestamp":1677256184671,"level":"debug","message":"Data item not defined for this template.","meta":{"rootId":"vm9keptyavr5w4n","id":"vm9keptyavr5w4n"},"id":"53ypp2mbuhn3wqq","previousOperationId":"okwuxc0xfrq0a3s"}
{"type":"log","timestamp":1677256184681,"level":"debug","message":"Executing script chartscript (beforeRender)","meta":{"rootId":"vm9keptyavr5w4n","id":"vm9keptyavr5w4n"},"id":"1o4tsbxp5fw7drk","previousOperationId":"okwuxc0xfrq0a3s"}
{"type":"operationStart","subtype":"scriptsBeforeRender","name":"scripts beforeRender","timestamp":1677256184714,"id":"d237bv0dillyi87","previousEventId":"kw3k5ft4m18597u","operationId":"gncmf75lirggyu2","previousOperationId":"okwuxc0xfrq0a3s"}
{"type":"operationStart","subtype":"script","name":"scripts chartscript","previousOperationId":"gncmf75lirggyu2","timestamp":1677256184714,"id":"z0wn3md9dxki53p","previousEventId":"d237bv0dillyi87","operationId":"x8yht3uzdhf17bh"}
{"type":"log","timestamp":1677256184938,"level":"debug","message":"(console:log) [ 20, 15, 0 ]","meta":{"userLevel":true,"rootId":"vm9keptyavr5w4n","id":"vm9keptyavr5w4n"},"id":"oghpj1fs8bjdp4r","previousOperationId":"x8yht3uzdhf17bh"}
{"type":"log","timestamp":1677256184939,"level":"debug","message":"(console:log) [ 20, 15, 0 ]","meta":{"userLevel":true,"rootId":"vm9keptyavr5w4n","id":"vm9keptyavr5w4n"},"id":"o0c81fkar8fl25z","previousOperationId":"x8yht3uzdhf17bh"}
{"type":"operationEnd","operationId":"x8yht3uzdhf17bh","timestamp":1677256184939,"id":"kxve37pmn5p2r5x","previousEventId":"kw3k5ft4m18597u","previousOperationId":"okwuxc0xfrq0a3s"}
{"type":"operationEnd","operationId":"gncmf75lirggyu2","timestamp":1677256184939,"id":"zmmqtbfmjfdx4cd","previousEventId":"kxve37pmn5p2r5x","previousOperationId":"okwuxc0xfrq0a3s"}
{"type":"log","timestamp":1677256184939,"level":"debug","message":"Base url not specified, skipping its injection.","meta":{"rootId":"vm9keptyavr5w4n","id":"vm9keptyavr5w4n"},"id":"o0bmjj9iavw5u4c","previousOperationId":"gncmf75lirggyu2"}
{"type":"operationStart","subtype":"engine","name":"handlebars","timestamp":1677256184940,"id":"1c3reauzyrwv03c","previousEventId":"zmmqtbfmjfdx4cd","operationId":"wb23wrnht7oia1j","previousOperationId":"gncmf75lirggyu2"}
{"type":"log","timestamp":1677256184940,"level":"debug","message":"Rendering engine handlebars","meta":{"rootId":"vm9keptyavr5w4n","id":"vm9keptyavr5w4n"},"id":"n3a9mw0gj30722s","previousOperationId":"wb23wrnht7oia1j"}
{"type":"log","timestamp":1677256184955,"level":"debug","message":"(console:log) [ 20, 15, 0 ]","meta":{"userLevel":true,"rootId":"vm9keptyavr5w4n","id":"vm9keptyavr5w4n"},"id":"hx9m8gmym8751h6","previousOperationId":"wb23wrnht7oia1j"}
{"type":"log","timestamp":1677256184956,"level":"debug","message":"(console:log) [20,15,0]","meta":{"userLevel":true,"rootId":"vm9keptyavr5w4n","id":"vm9keptyavr5w4n"},"id":"8mc2ohnlbbmjas0","previousOperationId":"wb23wrnht7oia1j"}
{"type":"operationEnd","operationId":"wb23wrnht7oia1j","timestamp":1677256184956,"id":"9z8wq63js60v7td","previousEventId":"1c3reauzyrwv03c","previousOperationId":"wb23wrnht7oia1j"}
{"type":"operationStart","subtype":"recipe","name":"phantom-pdf","timestamp":1677256184957,"id":"axruonzwl729nk0","previousEventId":"9z8wq63js60v7td","operationId":"00ylhk1u6aafynr","previousOperationId":"wb23wrnht7oia1j"}
{"type":"log","timestamp":1677256184957,"level":"debug","message":"Executing recipe phantom-pdf","meta":{"rootId":"vm9keptyavr5w4n","id":"vm9keptyavr5w4n"},"id":"5vbcpvav8m72rdn","previousOperationId":"00ylhk1u6aafynr"}
{"type":"log","timestamp":1677256187914,"level":"debug","message":"Converting in dedicated phantomjs 1.9.8","meta":{"rootId":"vm9keptyavr5w4n","id":"vm9keptyavr5w4n"},"id":"8fvroh5h1a9riio","previousOperationId":"00ylhk1u6aafynr"}
{"type":"log","timestamp":1677256187914,"level":"debug","message":"Request file:///C%3A%5CUsers%5Calegu%5CAppData%5CLocal%5CTemp%5C728930bd-dc0f-4468-90a8-69ada4152b5dhtml.html","meta":{"rootId":"vm9keptyavr5w4n","id":"vm9keptyavr5w4n"},"id":"wv2v8c6tdymgu7j","previousOperationId":"00ylhk1u6aafynr"}
{"type":"log","timestamp":1677256187914,"level":"debug","message":"Request https://cdnjs.cloudflare.com/ajax/libs/Chart.js/2.1.6/Chart.min.js","meta":{"rootId":"vm9keptyavr5w4n","id":"vm9keptyavr5w4n"},"id":"vi9ejavo7porxb6","previousOperationId":"00ylhk1u6aafynr"}
{"type":"log","timestamp":1677256187914,"level":"debug","message":"PhantomJS printing done","meta":{"rootId":"vm9keptyavr5w4n","id":"vm9keptyavr5w4n"},"id":"ympeassziucwkxh","previousOperationId":"00ylhk1u6aafynr"}
{"type":"log","timestamp":1677256187914,"level":"debug","message":"PhantomJS printing done","meta":{"rootId":"vm9keptyavr5w4n","id":"vm9keptyavr5w4n"},"id":"1chz37wekpt7lk6","previousOperationId":"00ylhk1u6aafynr"}
{"type":"log","timestamp":1677256187914,"level":"debug","message":"PhantomJS printing done","meta":{"rootId":"vm9keptyavr5w4n","id":"vm9keptyavr5w4n"},"id":"d598733kda2x8em","previousOperationId":"00ylhk1u6aafynr"}
{"type":"log","timestamp":1677256187914,"level":"debug","message":"PhantomJS printing done","meta":{"rootId":"vm9keptyavr5w4n","id":"vm9keptyavr5w4n"},"id":"o60h238y40wwyc0","previousOperationId":"00ylhk1u6aafynr"}
{"type":"log","timestamp":1677256187914,"level":"debug","message":"PhantomJS printing done","meta":{"rootId":"vm9keptyavr5w4n","id":"vm9keptyavr5w4n"},"id":"u6vr6hgnlnc7wbp","previousOperationId":"00ylhk1u6aafynr"}
{"type":"log","timestamp":1677256187914,"level":"debug","message":"PhantomJS printing done","meta":{"rootId":"vm9keptyavr5w4n","id":"vm9keptyavr5w4n"},"id":"2uvcqhgz6zitfxp","previousOperationId":"00ylhk1u6aafynr"}
{"type":"log","timestamp":1677256187914,"level":"debug","message":"PhantomJS printing done","meta":{"rootId":"vm9keptyavr5w4n","id":"vm9keptyavr5w4n"},"id":"vxukrljlxn5668e","previousOperationId":"00ylhk1u6aafynr"}
{"type":"log","timestamp":1677256187914,"level":"debug","message":"PhantomJS printing done","meta":{"rootId":"vm9keptyavr5w4n","id":"vm9keptyavr5w4n"},"id":"fegom25gd2g461b","previousOperationId":"00ylhk1u6aafynr"}
{"type":"log","timestamp":1677256187914,"level":"debug","message":"PhantomJS printing done","meta":{"rootId":"vm9keptyavr5w4n","id":"vm9keptyavr5w4n"},"id":"7lk58ev9njgdr6f","previousOperationId":"00ylhk1u6aafynr"}
{"type":"log","timestamp":1677256187914,"level":"debug","message":"PhantomJS printing done","meta":{"rootId":"vm9keptyavr5w4n","id":"vm9keptyavr5w4n"},"id":"5y702ngbq6krs4v","previousOperationId":"00ylhk1u6aafynr"}
{"type":"log","timestamp":1677256187914,"level":"debug","message":"Request http://intruct-javascript-ending/","meta":{"rootId":"vm9keptyavr5w4n","id":"vm9keptyavr5w4n"},"id":"5qvo2sg1no1lb20","previousOperationId":"00ylhk1u6aafynr"}
{"type":"log","timestamp":1677256187914,"level":"debug","message":"PhantomJS printing done","meta":{"rootId":"vm9keptyavr5w4n","id":"vm9keptyavr5w4n"},"id":"k8jw2hlmnf249tj","previousOperationId":"00ylhk1u6aafynr"}
{"type":"log","timestamp":1677256187915,"level":"debug","message":"phantom-pdf recipe finished with 1 pages generated","meta":{"rootId":"vm9keptyavr5w4n","id":"vm9keptyavr5w4n"},"id":"n8be8zydg9eoj0j","previousOperationId":"00ylhk1u6aafynr"}
{"type":"operationEnd","operationId":"00ylhk1u6aafynr","timestamp":1677256187915,"id":"umzgpkw0bdrteve","previousEventId":"axruonzwl729nk0","previousOperationId":"00ylhk1u6aafynr"}
{"type":"log","timestamp":1677256187915,"level":"debug","message":"Skipping storing report.","meta":{"rootId":"vm9keptyavr5w4n","id":"vm9keptyavr5w4n"},"id":"5om6nfd3rg4nojx","previousOperationId":"00ylhk1u6aafynr"}
{"type":"log","timestamp":1677256187915,"level":"info","message":"Rendering request 9 finished in 3253 ms","meta":{"rootId":"vm9keptyavr5w4n","id":"vm9keptyavr5w4n"},"id":"jxk0pqf9roakiua","previousOperationId":"00ylhk1u6aafynr"}
{"type":"operationEnd","subtype":"render","operationId":"okwuxc0xfrq0a3s","timestamp":1677256187915,"id":"c4mfyu1nrxsbiee","previousEventId":"umzgpkw0bdrteve","previousOperationId":"00ylhk1u6aafynr"}
{"type":"operationEnd","doDiffs":false,"previousEventId":"jxg16yj8e2tewua","previousOperationId":"y9s7e6xpxjrun4f","operationId":"y9s7e6xpxjrun4f","timestamp":1677256187928,"id":"te3gecnva1i48qs"}
