{"type":"operationStart","subtype":"profile","data":{"_id":"4VGRgXCaXYSftGeD","timestamp":"2023-02-09T20:02:24.897Z","state":"queued","mode":"standard","creationDate":"2023-02-09T20:02:24.899Z","modificationDate":"2023-02-09T20:02:24.899Z","shortid":"krqhIvw","$entitySet":"profiles"},"doDiffs":false,"timestamp":1675972944898,"id":"3htna873pcrpy6t","previousOperationId":null,"operationId":"wqzjacnwx5irpw5"}
{"type":"log","level":"info","message":"Render request 39 queued for execution and waiting for available worker","previousOperationId":"wqzjacnwx5irpw5","timestamp":1675972944898,"id":"k66s6rwp3equ01j"}
{"type":"operationStart","subtype":"render","name":"chart","previousOperationId":"wqzjacnwx5irpw5","timestamp":1675972944912,"id":"w7sfjig1mk0kbmq","previousEventId":"3htna873pcrpy6t","operationId":"jvs4bwqdfo3gujc"}
{"type":"log","timestamp":1675972944913,"level":"info","message":"Starting rendering request 39","meta":{"rootId":"vt16j7xbltucdlj","id":"vt16j7xbltucdlj"},"id":"lroiegl36hujb8z","previousOperationId":"jvs4bwqdfo3gujc"}
{"type":"log","timestamp":1675972944914,"level":"info","message":"Rendering template { name: chart, recipe: phantom-pdf, engine: handlebars, preview: true }","meta":{"rootId":"vt16j7xbltucdlj","id":"vt16j7xbltucdlj"},"id":"u1x92swbmtnqmdf","previousOperationId":"jvs4bwqdfo3gujc"}
{"type":"log","timestamp":1675972944917,"level":"debug","message":"Data item not defined for this template.","meta":{"rootId":"vt16j7xbltucdlj","id":"vt16j7xbltucdlj"},"id":"kpeeguva9edqsd7","previousOperationId":"jvs4bwqdfo3gujc"}
{"type":"log","timestamp":1675972944922,"level":"debug","message":"Executing script chartscript (beforeRender)","meta":{"rootId":"vt16j7xbltucdlj","id":"vt16j7xbltucdlj"},"id":"3abfj8fm0etl1za","previousOperationId":"jvs4bwqdfo3gujc"}
{"type":"operationStart","subtype":"scriptsBeforeRender","name":"scripts beforeRender","timestamp":1675972944956,"id":"hncr9p0771nsyka","previousEventId":"w7sfjig1mk0kbmq","operationId":"16xuphz3xj00q4g","previousOperationId":"jvs4bwqdfo3gujc"}
{"type":"operationStart","subtype":"script","name":"scripts chartscript","previousOperationId":"16xuphz3xj00q4g","timestamp":1675972944956,"id":"335mhxxcsdj3zb8","previousEventId":"hncr9p0771nsyka","operationId":"fqcao5d7kfyz9c7"}
{"type":"log","timestamp":1675972945172,"level":"debug","message":"(console:log) { A: [ 50, 6 ] }","meta":{"userLevel":true,"rootId":"vt16j7xbltucdlj","id":"vt16j7xbltucdlj"},"id":"zs7s5cn7gr00lrh","previousOperationId":"fqcao5d7kfyz9c7"}
{"type":"operationEnd","operationId":"fqcao5d7kfyz9c7","timestamp":1675972945173,"id":"5p5ndygoy0urie7","previousEventId":"w7sfjig1mk0kbmq","previousOperationId":"jvs4bwqdfo3gujc"}
{"type":"operationEnd","operationId":"16xuphz3xj00q4g","timestamp":1675972945173,"id":"x86yyk3o5welhdz","previousEventId":"5p5ndygoy0urie7","previousOperationId":"jvs4bwqdfo3gujc"}
{"type":"log","timestamp":1675972945174,"level":"debug","message":"Base url not specified, skipping its injection.","meta":{"rootId":"vt16j7xbltucdlj","id":"vt16j7xbltucdlj"},"id":"2j4u335giwnx1cv","previousOperationId":"16xuphz3xj00q4g"}
{"type":"operationStart","subtype":"engine","name":"handlebars","timestamp":1675972945175,"id":"x7g3j0fbxv904dy","previousEventId":"x86yyk3o5welhdz","operationId":"8wh8m0kiag20wy7","previousOperationId":"16xuphz3xj00q4g"}
{"type":"log","timestamp":1675972945175,"level":"debug","message":"Rendering engine handlebars","meta":{"rootId":"vt16j7xbltucdlj","id":"vt16j7xbltucdlj"},"id":"iu4k6ofi03lu8kz","previousOperationId":"8wh8m0kiag20wy7"}
{"type":"operationEnd","operationId":"8wh8m0kiag20wy7","timestamp":1675972945200,"id":"in9csdy9fzatm0b","previousEventId":"x7g3j0fbxv904dy","previousOperationId":"8wh8m0kiag20wy7"}
{"type":"operationStart","subtype":"recipe","name":"phantom-pdf","timestamp":1675972945202,"id":"t5oifaqrvtdl45q","previousEventId":"in9csdy9fzatm0b","operationId":"fs13k4h30v717f1","previousOperationId":"8wh8m0kiag20wy7"}
{"type":"log","timestamp":1675972945202,"level":"debug","message":"Executing recipe phantom-pdf","meta":{"rootId":"vt16j7xbltucdlj","id":"vt16j7xbltucdlj"},"id":"sgrzji07himdl7f","previousOperationId":"fs13k4h30v717f1"}
{"type":"log","timestamp":1675972947948,"level":"debug","message":"Converting in dedicated phantomjs 1.9.8","meta":{"rootId":"vt16j7xbltucdlj","id":"vt16j7xbltucdlj"},"id":"ni5l1z2xrhdgc20","previousOperationId":"fs13k4h30v717f1"}
{"type":"log","timestamp":1675972947948,"level":"debug","message":"Request file:///C%3A%5CUsers%5Calegu%5CAppData%5CLocal%5CTemp%5C82f6348a-b040-423e-808f-e32990d8239ehtml.html","meta":{"rootId":"vt16j7xbltucdlj","id":"vt16j7xbltucdlj"},"id":"nzg7jv0mwmo85qw","previousOperationId":"fs13k4h30v717f1"}
{"type":"log","timestamp":1675972947948,"level":"debug","message":"Request https://cdnjs.cloudflare.com/ajax/libs/Chart.js/2.1.6/Chart.min.js","meta":{"rootId":"vt16j7xbltucdlj","id":"vt16j7xbltucdlj"},"id":"hk14a6ky4honcop","previousOperationId":"fs13k4h30v717f1"}
{"type":"log","timestamp":1675972947948,"level":"debug","message":"PhantomJS printing done","meta":{"rootId":"vt16j7xbltucdlj","id":"vt16j7xbltucdlj"},"id":"t3kyxlzy40hlfsk","previousOperationId":"fs13k4h30v717f1"}
{"type":"log","timestamp":1675972947948,"level":"debug","message":"PhantomJS printing done","meta":{"rootId":"vt16j7xbltucdlj","id":"vt16j7xbltucdlj"},"id":"y4wu9i3h1ezgfj8","previousOperationId":"fs13k4h30v717f1"}
{"type":"log","timestamp":1675972947948,"level":"debug","message":"PhantomJS printing done","meta":{"rootId":"vt16j7xbltucdlj","id":"vt16j7xbltucdlj"},"id":"vypnyr9p0mf219w","previousOperationId":"fs13k4h30v717f1"}
{"type":"log","timestamp":1675972947948,"level":"debug","message":"PhantomJS printing done","meta":{"rootId":"vt16j7xbltucdlj","id":"vt16j7xbltucdlj"},"id":"e8mwjqhyw715ilx","previousOperationId":"fs13k4h30v717f1"}
{"type":"log","timestamp":1675972947948,"level":"debug","message":"PhantomJS printing done","meta":{"rootId":"vt16j7xbltucdlj","id":"vt16j7xbltucdlj"},"id":"t25on8d6siphxnd","previousOperationId":"fs13k4h30v717f1"}
{"type":"log","timestamp":1675972947948,"level":"debug","message":"PhantomJS printing done","meta":{"rootId":"vt16j7xbltucdlj","id":"vt16j7xbltucdlj"},"id":"vsns3vhwh7givaq","previousOperationId":"fs13k4h30v717f1"}
{"type":"log","timestamp":1675972947948,"level":"debug","message":"PhantomJS printing done","meta":{"rootId":"vt16j7xbltucdlj","id":"vt16j7xbltucdlj"},"id":"vmwp9yzbf3ee4zy","previousOperationId":"fs13k4h30v717f1"}
{"type":"log","timestamp":1675972947948,"level":"debug","message":"PhantomJS printing done","meta":{"rootId":"vt16j7xbltucdlj","id":"vt16j7xbltucdlj"},"id":"v9cojj7oxnnkiez","previousOperationId":"fs13k4h30v717f1"}
{"type":"log","timestamp":1675972947948,"level":"debug","message":"PhantomJS printing done","meta":{"rootId":"vt16j7xbltucdlj","id":"vt16j7xbltucdlj"},"id":"7m16ebv69q5ygn8","previousOperationId":"fs13k4h30v717f1"}
{"type":"log","timestamp":1675972947948,"level":"debug","message":"Request http://intruct-javascript-ending/","meta":{"rootId":"vt16j7xbltucdlj","id":"vt16j7xbltucdlj"},"id":"gu1eifsrih59i23","previousOperationId":"fs13k4h30v717f1"}
{"type":"log","timestamp":1675972947948,"level":"debug","message":"PhantomJS printing done","meta":{"rootId":"vt16j7xbltucdlj","id":"vt16j7xbltucdlj"},"id":"7b5ef0t2m5iq0um","previousOperationId":"fs13k4h30v717f1"}
{"type":"log","timestamp":1675972947949,"level":"debug","message":"phantom-pdf recipe finished with 1 pages generated","meta":{"rootId":"vt16j7xbltucdlj","id":"vt16j7xbltucdlj"},"id":"0ta78so4gqp10a8","previousOperationId":"fs13k4h30v717f1"}
{"type":"operationEnd","operationId":"fs13k4h30v717f1","timestamp":1675972947949,"id":"t4rm1e4uh7wgsyq","previousEventId":"t5oifaqrvtdl45q","previousOperationId":"fs13k4h30v717f1"}
{"type":"log","timestamp":1675972947949,"level":"debug","message":"Skipping storing report.","meta":{"rootId":"vt16j7xbltucdlj","id":"vt16j7xbltucdlj"},"id":"hxq1u3ecbyr5xam","previousOperationId":"fs13k4h30v717f1"}
{"type":"log","timestamp":1675972947949,"level":"info","message":"Rendering request 39 finished in 3052 ms","meta":{"rootId":"vt16j7xbltucdlj","id":"vt16j7xbltucdlj"},"id":"eyxcdkdwd6iekbg","previousOperationId":"fs13k4h30v717f1"}
{"type":"operationEnd","subtype":"render","operationId":"jvs4bwqdfo3gujc","timestamp":1675972947949,"id":"2uu6yskczlgs9t9","previousEventId":"t4rm1e4uh7wgsyq","previousOperationId":"fs13k4h30v717f1"}
{"type":"operationEnd","doDiffs":false,"previousEventId":"3htna873pcrpy6t","previousOperationId":"wqzjacnwx5irpw5","operationId":"wqzjacnwx5irpw5","timestamp":1675972947972,"id":"gnmnm06li1xr18o"}
