{"type":"operationStart","subtype":"profile","data":{"_id":"L5G6XNFViUVpP7wa","timestamp":"2023-02-10T15:16:42.820Z","state":"queued","mode":"standard","creationDate":"2023-02-10T15:16:42.823Z","modificationDate":"2023-02-10T15:16:42.823Z","shortid":"v5CI162","$entitySet":"profiles"},"doDiffs":false,"timestamp":1676042202822,"id":"gx7xdzedhkgz4up","previousOperationId":null,"operationId":"lh436csoavwgyyj"}
{"type":"log","level":"info","message":"Render request 9 queued for execution and waiting for available worker","previousOperationId":"lh436csoavwgyyj","timestamp":1676042202822,"id":"kw9vhh1zgo6jh1b"}
{"type":"operationStart","subtype":"render","name":"chart","previousOperationId":"lh436csoavwgyyj","timestamp":1676042202834,"id":"n8faiqqjkk3s67e","previousEventId":"gx7xdzedhkgz4up","operationId":"ydm61wfdslhw36l"}
{"type":"log","timestamp":1676042202834,"level":"info","message":"Starting rendering request 9","meta":{"rootId":"w9ynq98xznkuuzw","id":"w9ynq98xznkuuzw"},"id":"gajyg8kuigynebh","previousOperationId":"ydm61wfdslhw36l"}
{"type":"log","timestamp":1676042202834,"level":"info","message":"Rendering template { name: chart, recipe: phantom-pdf, engine: handlebars, preview: true }","meta":{"rootId":"w9ynq98xznkuuzw","id":"w9ynq98xznkuuzw"},"id":"gbpb9ltdrmti0x3","previousOperationId":"ydm61wfdslhw36l"}
{"type":"log","timestamp":1676042202838,"level":"debug","message":"Data item not defined for this template.","meta":{"rootId":"w9ynq98xznkuuzw","id":"w9ynq98xznkuuzw"},"id":"h8e6vsglu9oxvea","previousOperationId":"ydm61wfdslhw36l"}
{"type":"log","timestamp":1676042202845,"level":"debug","message":"Executing script chartscript (beforeRender)","meta":{"rootId":"w9ynq98xznkuuzw","id":"w9ynq98xznkuuzw"},"id":"u4ghprgfvb972vd","previousOperationId":"ydm61wfdslhw36l"}
{"type":"operationStart","subtype":"scriptsBeforeRender","name":"scripts beforeRender","timestamp":1676042202898,"id":"g51tx8m9m015pfa","previousEventId":"n8faiqqjkk3s67e","operationId":"qe4pevp93u9wejs","previousOperationId":"ydm61wfdslhw36l"}
{"type":"operationStart","subtype":"script","name":"scripts chartscript","previousOperationId":"qe4pevp93u9wejs","timestamp":1676042202898,"id":"zaj61czwb3id4ks","previousEventId":"g51tx8m9m015pfa","operationId":"ml8tl6f0t7qmkq5"}
{"type":"operationEnd","operationId":"ml8tl6f0t7qmkq5","timestamp":1676042203100,"id":"njviekbvhtsk688","previousEventId":"n8faiqqjkk3s67e","previousOperationId":"ydm61wfdslhw36l"}
{"type":"operationEnd","operationId":"qe4pevp93u9wejs","timestamp":1676042203100,"id":"8z8ihu84ljkdac8","previousEventId":"njviekbvhtsk688","previousOperationId":"ydm61wfdslhw36l"}
{"type":"log","timestamp":1676042203100,"level":"debug","message":"Base url not specified, skipping its injection.","meta":{"rootId":"w9ynq98xznkuuzw","id":"w9ynq98xznkuuzw"},"id":"j8ededz7cty4gy1","previousOperationId":"qe4pevp93u9wejs"}
{"type":"operationStart","subtype":"engine","name":"handlebars","timestamp":1676042203101,"id":"52vz5v070ibxokv","previousEventId":"8z8ihu84ljkdac8","operationId":"3jhxxcwvf56v5rl","previousOperationId":"qe4pevp93u9wejs"}
{"type":"log","timestamp":1676042203101,"level":"debug","message":"Rendering engine handlebars","meta":{"rootId":"w9ynq98xznkuuzw","id":"w9ynq98xznkuuzw"},"id":"dru90g0t8m3vpcr","previousOperationId":"3jhxxcwvf56v5rl"}
{"type":"log","timestamp":1676042203140,"level":"debug","message":"(console:log) {\"articulos\":[50,6]}","meta":{"userLevel":true,"rootId":"w9ynq98xznkuuzw","id":"w9ynq98xznkuuzw"},"id":"bqyold7nxyxub3w","previousOperationId":"3jhxxcwvf56v5rl"}
{"type":"operationEnd","operationId":"3jhxxcwvf56v5rl","timestamp":1676042203141,"id":"3ydu5ena344xyqp","previousEventId":"52vz5v070ibxokv","previousOperationId":"3jhxxcwvf56v5rl"}
{"type":"operationStart","subtype":"recipe","name":"phantom-pdf","timestamp":1676042203143,"id":"zhcp5u7fpe9r6t1","previousEventId":"3ydu5ena344xyqp","operationId":"3o2ryl20mu0rpgm","previousOperationId":"3jhxxcwvf56v5rl"}
{"type":"log","timestamp":1676042203143,"level":"debug","message":"Executing recipe phantom-pdf","meta":{"rootId":"w9ynq98xznkuuzw","id":"w9ynq98xznkuuzw"},"id":"ul45qzuvyqkglit","previousOperationId":"3o2ryl20mu0rpgm"}
{"type":"log","timestamp":1676042206134,"level":"debug","message":"Converting in dedicated phantomjs 1.9.8","meta":{"rootId":"w9ynq98xznkuuzw","id":"w9ynq98xznkuuzw"},"id":"5bp6gvkg3cer8h9","previousOperationId":"3o2ryl20mu0rpgm"}
{"type":"log","timestamp":1676042206134,"level":"debug","message":"Request file:///C%3A%5CUsers%5Calegu%5CAppData%5CLocal%5CTemp%5C88eb31aa-f9c5-4501-8577-1ace9a8e18bchtml.html","meta":{"rootId":"w9ynq98xznkuuzw","id":"w9ynq98xznkuuzw"},"id":"p202gxviu3o9jkr","previousOperationId":"3o2ryl20mu0rpgm"}
{"type":"log","timestamp":1676042206134,"level":"debug","message":"Request https://cdnjs.cloudflare.com/ajax/libs/Chart.js/2.1.6/Chart.min.js","meta":{"rootId":"w9ynq98xznkuuzw","id":"w9ynq98xznkuuzw"},"id":"d1a0ekr46xfp6hl","previousOperationId":"3o2ryl20mu0rpgm"}
{"type":"log","timestamp":1676042206134,"level":"debug","message":"PhantomJS printing done","meta":{"rootId":"w9ynq98xznkuuzw","id":"w9ynq98xznkuuzw"},"id":"qkkppn8j055z15k","previousOperationId":"3o2ryl20mu0rpgm"}
{"type":"log","timestamp":1676042206134,"level":"debug","message":"PhantomJS printing done","meta":{"rootId":"w9ynq98xznkuuzw","id":"w9ynq98xznkuuzw"},"id":"b0iwqmql9wew4n2","previousOperationId":"3o2ryl20mu0rpgm"}
{"type":"log","timestamp":1676042206134,"level":"debug","message":"PhantomJS printing done","meta":{"rootId":"w9ynq98xznkuuzw","id":"w9ynq98xznkuuzw"},"id":"elzf68spqv009dk","previousOperationId":"3o2ryl20mu0rpgm"}
{"type":"log","timestamp":1676042206134,"level":"debug","message":"PhantomJS printing done","meta":{"rootId":"w9ynq98xznkuuzw","id":"w9ynq98xznkuuzw"},"id":"60bkwvls9gvvnph","previousOperationId":"3o2ryl20mu0rpgm"}
{"type":"log","timestamp":1676042206134,"level":"debug","message":"PhantomJS printing done","meta":{"rootId":"w9ynq98xznkuuzw","id":"w9ynq98xznkuuzw"},"id":"yfs7ab8i9h11pbq","previousOperationId":"3o2ryl20mu0rpgm"}
{"type":"log","timestamp":1676042206134,"level":"debug","message":"PhantomJS printing done","meta":{"rootId":"w9ynq98xznkuuzw","id":"w9ynq98xznkuuzw"},"id":"swj95y4gvf7gc9e","previousOperationId":"3o2ryl20mu0rpgm"}
{"type":"log","timestamp":1676042206134,"level":"debug","message":"PhantomJS printing done","meta":{"rootId":"w9ynq98xznkuuzw","id":"w9ynq98xznkuuzw"},"id":"uyug9vtdk1c0r8p","previousOperationId":"3o2ryl20mu0rpgm"}
{"type":"log","timestamp":1676042206134,"level":"debug","message":"PhantomJS printing done","meta":{"rootId":"w9ynq98xznkuuzw","id":"w9ynq98xznkuuzw"},"id":"b73x95u83j1k5xe","previousOperationId":"3o2ryl20mu0rpgm"}
{"type":"log","timestamp":1676042206134,"level":"debug","message":"PhantomJS printing done","meta":{"rootId":"w9ynq98xznkuuzw","id":"w9ynq98xznkuuzw"},"id":"h72cjz6bcspkdvu","previousOperationId":"3o2ryl20mu0rpgm"}
{"type":"log","timestamp":1676042206134,"level":"debug","message":"Request http://intruct-javascript-ending/","meta":{"rootId":"w9ynq98xznkuuzw","id":"w9ynq98xznkuuzw"},"id":"lq6gjmmmcaot1lb","previousOperationId":"3o2ryl20mu0rpgm"}
{"type":"log","timestamp":1676042206134,"level":"debug","message":"PhantomJS printing done","meta":{"rootId":"w9ynq98xznkuuzw","id":"w9ynq98xznkuuzw"},"id":"rew4co19b812zhy","previousOperationId":"3o2ryl20mu0rpgm"}
{"type":"log","timestamp":1676042206135,"level":"debug","message":"phantom-pdf recipe finished with 1 pages generated","meta":{"rootId":"w9ynq98xznkuuzw","id":"w9ynq98xznkuuzw"},"id":"f24wonjoz6gqbig","previousOperationId":"3o2ryl20mu0rpgm"}
{"type":"operationEnd","operationId":"3o2ryl20mu0rpgm","timestamp":1676042206135,"id":"2e0gur1y9k65j0m","previousEventId":"zhcp5u7fpe9r6t1","previousOperationId":"3o2ryl20mu0rpgm"}
{"type":"log","timestamp":1676042206135,"level":"debug","message":"Skipping storing report.","meta":{"rootId":"w9ynq98xznkuuzw","id":"w9ynq98xznkuuzw"},"id":"pktllbt5pq0p3qp","previousOperationId":"3o2ryl20mu0rpgm"}
{"type":"log","timestamp":1676042206135,"level":"info","message":"Rendering request 9 finished in 3315 ms","meta":{"rootId":"w9ynq98xznkuuzw","id":"w9ynq98xznkuuzw"},"id":"uurgfyuq15r5obi","previousOperationId":"3o2ryl20mu0rpgm"}
{"type":"operationEnd","subtype":"render","operationId":"ydm61wfdslhw36l","timestamp":1676042206135,"id":"yri2v5dhnkua8n8","previousEventId":"2e0gur1y9k65j0m","previousOperationId":"3o2ryl20mu0rpgm"}
{"type":"operationEnd","doDiffs":false,"previousEventId":"gx7xdzedhkgz4up","previousOperationId":"lh436csoavwgyyj","operationId":"lh436csoavwgyyj","timestamp":1676042206163,"id":"p2qhxdssm5jmfbt"}
