{"type":"operationStart","subtype":"profile","data":{"_id":"T0KuVVqlfaBT3Td8","timestamp":"2023-02-10T15:23:42.770Z","state":"queued","mode":"standard","creationDate":"2023-02-10T15:23:42.773Z","modificationDate":"2023-02-10T15:23:42.773Z","shortid":"leOoDjm","$entitySet":"profiles"},"doDiffs":false,"timestamp":1676042622772,"id":"7u9fo944px37kre","previousOperationId":null,"operationId":"mez1i8xl0kb1p6r"}
{"type":"log","level":"info","message":"Render request 14 queued for execution and waiting for available worker","previousOperationId":"mez1i8xl0kb1p6r","timestamp":1676042622772,"id":"h7iqxjsdzivobd2"}
{"type":"operationStart","subtype":"render","name":"chart","previousOperationId":"mez1i8xl0kb1p6r","timestamp":1676042622785,"id":"7tyhnpqtkwq89hi","previousEventId":"7u9fo944px37kre","operationId":"3tbypi87m52ayff"}
{"type":"log","timestamp":1676042622786,"level":"info","message":"Starting rendering request 14","meta":{"rootId":"waw7htpqqcenwvs","id":"waw7htpqqcenwvs"},"id":"1ctpasr5shu431t","previousOperationId":"3tbypi87m52ayff"}
{"type":"log","timestamp":1676042622786,"level":"info","message":"Rendering template { name: chart, recipe: phantom-pdf, engine: handlebars, preview: true }","meta":{"rootId":"waw7htpqqcenwvs","id":"waw7htpqqcenwvs"},"id":"tstwjifdf7f2n1j","previousOperationId":"3tbypi87m52ayff"}
{"type":"log","timestamp":1676042622790,"level":"debug","message":"Data item not defined for this template.","meta":{"rootId":"waw7htpqqcenwvs","id":"waw7htpqqcenwvs"},"id":"omy6pr8u1mmgg55","previousOperationId":"3tbypi87m52ayff"}
{"type":"log","timestamp":1676042622795,"level":"debug","message":"Executing script chartscript (beforeRender)","meta":{"rootId":"waw7htpqqcenwvs","id":"waw7htpqqcenwvs"},"id":"ffca29cowolbcb4","previousOperationId":"3tbypi87m52ayff"}
{"type":"operationStart","subtype":"scriptsBeforeRender","name":"scripts beforeRender","timestamp":1676042622821,"id":"6u7hx3yo44of0gk","previousEventId":"7tyhnpqtkwq89hi","operationId":"iow7mzcc7s79fro","previousOperationId":"3tbypi87m52ayff"}
{"type":"operationStart","subtype":"script","name":"scripts chartscript","previousOperationId":"iow7mzcc7s79fro","timestamp":1676042622821,"id":"ua0icm173ou2f5e","previousEventId":"6u7hx3yo44of0gk","operationId":"fbszg7qlubkcddz"}
{"type":"operationEnd","operationId":"fbszg7qlubkcddz","timestamp":1676042623120,"id":"2a36n4j8k30b6rw","previousEventId":"7tyhnpqtkwq89hi","previousOperationId":"3tbypi87m52ayff"}
{"type":"operationEnd","operationId":"iow7mzcc7s79fro","timestamp":1676042623120,"id":"mkpyfprparhxd2e","previousEventId":"2a36n4j8k30b6rw","previousOperationId":"3tbypi87m52ayff"}
{"type":"log","timestamp":1676042623120,"level":"debug","message":"Base url not specified, skipping its injection.","meta":{"rootId":"waw7htpqqcenwvs","id":"waw7htpqqcenwvs"},"id":"00ov7a49nhf3vn5","previousOperationId":"iow7mzcc7s79fro"}
{"type":"operationStart","subtype":"engine","name":"handlebars","timestamp":1676042623120,"id":"ncp6kd4c9c02n5n","previousEventId":"mkpyfprparhxd2e","operationId":"rxb5ck0xrrtgs2s","previousOperationId":"iow7mzcc7s79fro"}
{"type":"log","timestamp":1676042623120,"level":"debug","message":"Rendering engine handlebars","meta":{"rootId":"waw7htpqqcenwvs","id":"waw7htpqqcenwvs"},"id":"qjyuyn0ylz0xhwz","previousOperationId":"rxb5ck0xrrtgs2s"}
{"type":"log","timestamp":1676042623145,"level":"debug","message":"(console:log) {\"0\":50,\"1\":6}","meta":{"userLevel":true,"rootId":"waw7htpqqcenwvs","id":"waw7htpqqcenwvs"},"id":"diqv2cpbaqjh5c2","previousOperationId":"rxb5ck0xrrtgs2s"}
{"type":"operationEnd","operationId":"rxb5ck0xrrtgs2s","timestamp":1676042623145,"id":"khrz11528lgyb0w","previousEventId":"ncp6kd4c9c02n5n","previousOperationId":"rxb5ck0xrrtgs2s"}
{"type":"operationStart","subtype":"recipe","name":"phantom-pdf","timestamp":1676042623146,"id":"v28hwi1t2z7yo8t","previousEventId":"khrz11528lgyb0w","operationId":"9vp7haw3jugny0w","previousOperationId":"rxb5ck0xrrtgs2s"}
{"type":"log","timestamp":1676042623146,"level":"debug","message":"Executing recipe phantom-pdf","meta":{"rootId":"waw7htpqqcenwvs","id":"waw7htpqqcenwvs"},"id":"phmtdjddigyk21l","previousOperationId":"9vp7haw3jugny0w"}
{"type":"log","timestamp":1676042682793,"level":"error","message":"Error when processing render request 14\n(because) timeout when executing in phantom\nError: Timeout when executing in phantom\n    at Timeout._onTimeout (D:\\xampp\\htdocs\\central_uniformes\\Informes\\node_modules\\phantom-html-to-pdf\\lib\\dedicatedProcessStrategy.js:89:26)\n    at listOnTimeout (node:internal/timers:559:17)\n    at processTimers (node:internal/timers:502:7)","meta":{"rootId":"waw7htpqqcenwvs","id":"waw7htpqqcenwvs"},"id":"s2etissm121w3bq","previousOperationId":"9vp7haw3jugny0w"}
{"type":"log","timestamp":1676042682793,"level":"error","message":"Rendering request 14 finished with error in 60023 ms","meta":{"rootId":"waw7htpqqcenwvs","id":"waw7htpqqcenwvs"},"id":"g865x3n3phdvbjk","previousOperationId":"9vp7haw3jugny0w"}
{"type":"error","timestamp":1676042682798,"phantomTimeout":true,"logged":true,"previousOperationId":"9vp7haw3jugny0w","id":"7l46keahxrgz5k3","stack":"Error: Timeout when executing in phantom\n    at Timeout._onTimeout (D:\\xampp\\htdocs\\central_uniformes\\Informes\\node_modules\\phantom-html-to-pdf\\lib\\dedicatedProcessStrategy.js:89:26)\n    at listOnTimeout (node:internal/timers:559:17)\n    at processTimers (node:internal/timers:502:7)","message":"Timeout when executing in phantom"}
