{"type":"operationStart","subtype":"profile","data":{"_id":"SvyjJMstLpTJ5INs","timestamp":"2023-02-09T20:23:24.604Z","state":"queued","mode":"standard","creationDate":"2023-02-09T20:23:24.607Z","modificationDate":"2023-02-09T20:23:24.607Z","shortid":"CbRrXFG","$entitySet":"profiles"},"doDiffs":false,"timestamp":1675974204605,"id":"9ohiuyucop7s6s1","previousOperationId":null,"operationId":"vf530frs8z4u0mm"}
{"type":"log","level":"info","message":"Render request 70 queued for execution and waiting for available worker","previousOperationId":"vf530frs8z4u0mm","timestamp":1675974204606,"id":"ubtkjo5qwhmkowm"}
{"type":"operationStart","subtype":"render","name":"chart","previousOperationId":"vf530frs8z4u0mm","timestamp":1675974204619,"id":"ksiilqf7tq4fp5a","previousEventId":"9ohiuyucop7s6s1","operationId":"mdhdnhwjgfdnx8b"}
{"type":"log","timestamp":1675974204619,"level":"info","message":"Starting rendering request 70","meta":{"rootId":"wnoxzlzjc67i34q","id":"wnoxzlzjc67i34q"},"id":"cafprrh4it3hglu","previousOperationId":"mdhdnhwjgfdnx8b"}
{"type":"log","timestamp":1675974204619,"level":"info","message":"Rendering template { name: chart, recipe: phantom-pdf, engine: handlebars, preview: true }","meta":{"rootId":"wnoxzlzjc67i34q","id":"wnoxzlzjc67i34q"},"id":"svsgw40ivm4r8cu","previousOperationId":"mdhdnhwjgfdnx8b"}
{"type":"log","timestamp":1675974204621,"level":"debug","message":"Data item not defined for this template.","meta":{"rootId":"wnoxzlzjc67i34q","id":"wnoxzlzjc67i34q"},"id":"4bylti4010ulbho","previousOperationId":"mdhdnhwjgfdnx8b"}
{"type":"log","timestamp":1675974204626,"level":"debug","message":"Executing script chartscript (beforeRender)","meta":{"rootId":"wnoxzlzjc67i34q","id":"wnoxzlzjc67i34q"},"id":"chr657zgm0hzqbz","previousOperationId":"mdhdnhwjgfdnx8b"}
{"type":"operationStart","subtype":"scriptsBeforeRender","name":"scripts beforeRender","timestamp":1675974204660,"id":"n34itxq8qtvjz5k","previousEventId":"ksiilqf7tq4fp5a","operationId":"2t3idlqd0rbah5f","previousOperationId":"mdhdnhwjgfdnx8b"}
{"type":"operationStart","subtype":"script","name":"scripts chartscript","previousOperationId":"2t3idlqd0rbah5f","timestamp":1675974204660,"id":"s5tk4a1sh8d3hdf","previousEventId":"n34itxq8qtvjz5k","operationId":"h3mh7nv8kodp5lb"}
{"type":"operationEnd","operationId":"h3mh7nv8kodp5lb","timestamp":1675974204896,"id":"jud7ho4vn0v3xri","previousEventId":"ksiilqf7tq4fp5a","previousOperationId":"mdhdnhwjgfdnx8b"}
{"type":"operationEnd","operationId":"2t3idlqd0rbah5f","timestamp":1675974204896,"id":"c58fnf392p6szk0","previousEventId":"jud7ho4vn0v3xri","previousOperationId":"mdhdnhwjgfdnx8b"}
{"type":"log","timestamp":1675974204896,"level":"debug","message":"Base url not specified, skipping its injection.","meta":{"rootId":"wnoxzlzjc67i34q","id":"wnoxzlzjc67i34q"},"id":"nmpeoa21vh0y6rv","previousOperationId":"2t3idlqd0rbah5f"}
{"type":"operationStart","subtype":"engine","name":"handlebars","timestamp":1675974204897,"id":"ljeqyhk2cmmr38z","previousEventId":"c58fnf392p6szk0","operationId":"k7itrvdcdlukhwt","previousOperationId":"2t3idlqd0rbah5f"}
{"type":"log","timestamp":1675974204897,"level":"debug","message":"Rendering engine handlebars","meta":{"rootId":"wnoxzlzjc67i34q","id":"wnoxzlzjc67i34q"},"id":"la9c8slrz0uvagv","previousOperationId":"k7itrvdcdlukhwt"}
{"type":"log","timestamp":1675974204931,"level":"debug","message":"(console:log) {\"articulos\":[50,6]}","meta":{"userLevel":true,"rootId":"wnoxzlzjc67i34q","id":"wnoxzlzjc67i34q"},"id":"qey9vk826qhbp4q","previousOperationId":"k7itrvdcdlukhwt"}
{"type":"operationEnd","operationId":"k7itrvdcdlukhwt","timestamp":1675974204931,"id":"neqd9kswi2pv23n","previousEventId":"ljeqyhk2cmmr38z","previousOperationId":"k7itrvdcdlukhwt"}
{"type":"operationStart","subtype":"recipe","name":"phantom-pdf","timestamp":1675974204931,"id":"tevyhixbcwoff5q","previousEventId":"neqd9kswi2pv23n","operationId":"stv65eoeotgg24w","previousOperationId":"k7itrvdcdlukhwt"}
{"type":"log","timestamp":1675974204931,"level":"debug","message":"Executing recipe phantom-pdf","meta":{"rootId":"wnoxzlzjc67i34q","id":"wnoxzlzjc67i34q"},"id":"wai0bo1bpk77y2o","previousOperationId":"stv65eoeotgg24w"}
{"type":"log","timestamp":1675974207726,"level":"debug","message":"Converting in dedicated phantomjs 1.9.8","meta":{"rootId":"wnoxzlzjc67i34q","id":"wnoxzlzjc67i34q"},"id":"zimaqq6iwdatjqu","previousOperationId":"stv65eoeotgg24w"}
{"type":"log","timestamp":1675974207726,"level":"debug","message":"Request file:///C%3A%5CUsers%5Calegu%5CAppData%5CLocal%5CTemp%5C43372498-0da9-4703-9fa5-add3b2b98e76html.html","meta":{"rootId":"wnoxzlzjc67i34q","id":"wnoxzlzjc67i34q"},"id":"x5g2zkcbtkcujwr","previousOperationId":"stv65eoeotgg24w"}
{"type":"log","timestamp":1675974207726,"level":"debug","message":"Request https://cdnjs.cloudflare.com/ajax/libs/Chart.js/2.1.6/Chart.min.js","meta":{"rootId":"wnoxzlzjc67i34q","id":"wnoxzlzjc67i34q"},"id":"66jug54jza8nxaa","previousOperationId":"stv65eoeotgg24w"}
{"type":"log","timestamp":1675974207726,"level":"debug","message":"PhantomJS printing done","meta":{"rootId":"wnoxzlzjc67i34q","id":"wnoxzlzjc67i34q"},"id":"bs8nhfhg2kfy8qj","previousOperationId":"stv65eoeotgg24w"}
{"type":"log","timestamp":1675974207726,"level":"debug","message":"PhantomJS printing done","meta":{"rootId":"wnoxzlzjc67i34q","id":"wnoxzlzjc67i34q"},"id":"x3jvo6y0ohxd6hm","previousOperationId":"stv65eoeotgg24w"}
{"type":"log","timestamp":1675974207726,"level":"debug","message":"PhantomJS printing done","meta":{"rootId":"wnoxzlzjc67i34q","id":"wnoxzlzjc67i34q"},"id":"hzgz5iqg5z6c6gk","previousOperationId":"stv65eoeotgg24w"}
{"type":"log","timestamp":1675974207726,"level":"debug","message":"PhantomJS printing done","meta":{"rootId":"wnoxzlzjc67i34q","id":"wnoxzlzjc67i34q"},"id":"58lwy6isu95rfuj","previousOperationId":"stv65eoeotgg24w"}
{"type":"log","timestamp":1675974207726,"level":"debug","message":"PhantomJS printing done","meta":{"rootId":"wnoxzlzjc67i34q","id":"wnoxzlzjc67i34q"},"id":"zt3lns61t0sx3im","previousOperationId":"stv65eoeotgg24w"}
{"type":"log","timestamp":1675974207726,"level":"debug","message":"PhantomJS printing done","meta":{"rootId":"wnoxzlzjc67i34q","id":"wnoxzlzjc67i34q"},"id":"03of6c949ucxg90","previousOperationId":"stv65eoeotgg24w"}
{"type":"log","timestamp":1675974207726,"level":"debug","message":"PhantomJS printing done","meta":{"rootId":"wnoxzlzjc67i34q","id":"wnoxzlzjc67i34q"},"id":"n7b8tbj8dwuvplm","previousOperationId":"stv65eoeotgg24w"}
{"type":"log","timestamp":1675974207726,"level":"debug","message":"PhantomJS printing done","meta":{"rootId":"wnoxzlzjc67i34q","id":"wnoxzlzjc67i34q"},"id":"ilb5bmxdn9z0idp","previousOperationId":"stv65eoeotgg24w"}
{"type":"log","timestamp":1675974207726,"level":"debug","message":"PhantomJS printing done","meta":{"rootId":"wnoxzlzjc67i34q","id":"wnoxzlzjc67i34q"},"id":"j73mg3eirx1hsaw","previousOperationId":"stv65eoeotgg24w"}
{"type":"log","timestamp":1675974207726,"level":"debug","message":"PhantomJS printing done","meta":{"rootId":"wnoxzlzjc67i34q","id":"wnoxzlzjc67i34q"},"id":"0u6grndn4k0byh3","previousOperationId":"stv65eoeotgg24w"}
{"type":"log","timestamp":1675974207726,"level":"debug","message":"Request http://intruct-javascript-ending/","meta":{"rootId":"wnoxzlzjc67i34q","id":"wnoxzlzjc67i34q"},"id":"x97mefij98odyqw","previousOperationId":"stv65eoeotgg24w"}
{"type":"log","timestamp":1675974207726,"level":"debug","message":"PhantomJS printing done","meta":{"rootId":"wnoxzlzjc67i34q","id":"wnoxzlzjc67i34q"},"id":"y93cqonecl6mepu","previousOperationId":"stv65eoeotgg24w"}
{"type":"log","timestamp":1675974207727,"level":"debug","message":"phantom-pdf recipe finished with 1 pages generated","meta":{"rootId":"wnoxzlzjc67i34q","id":"wnoxzlzjc67i34q"},"id":"uimac7fzz477qyy","previousOperationId":"stv65eoeotgg24w"}
{"type":"operationEnd","operationId":"stv65eoeotgg24w","timestamp":1675974207727,"id":"pfgyud3a6cwiqan","previousEventId":"tevyhixbcwoff5q","previousOperationId":"stv65eoeotgg24w"}
{"type":"log","timestamp":1675974207727,"level":"debug","message":"Skipping storing report.","meta":{"rootId":"wnoxzlzjc67i34q","id":"wnoxzlzjc67i34q"},"id":"e9m5w4t7ga5k6vp","previousOperationId":"stv65eoeotgg24w"}
{"type":"log","timestamp":1675974207727,"level":"info","message":"Rendering request 70 finished in 3123 ms","meta":{"rootId":"wnoxzlzjc67i34q","id":"wnoxzlzjc67i34q"},"id":"qkafi8ttnlj3sdw","previousOperationId":"stv65eoeotgg24w"}
{"type":"operationEnd","subtype":"render","operationId":"mdhdnhwjgfdnx8b","timestamp":1675974207727,"id":"70femu10c53n07g","previousEventId":"pfgyud3a6cwiqan","previousOperationId":"stv65eoeotgg24w"}
{"type":"operationEnd","doDiffs":false,"previousEventId":"9ohiuyucop7s6s1","previousOperationId":"vf530frs8z4u0mm","operationId":"vf530frs8z4u0mm","timestamp":1675974207749,"id":"f23p46d93ia5otg"}
