{"type":"operationStart","subtype":"profile","data":{"_id":"kNIimUgyZ2D2nh4c","timestamp":"2023-02-09T20:36:11.492Z","state":"queued","mode":"standard","creationDate":"2023-02-09T20:36:11.494Z","modificationDate":"2023-02-09T20:36:11.494Z","shortid":"3N5PKoz","$entitySet":"profiles"},"doDiffs":false,"timestamp":1675974971493,"id":"e7as377s2mce1rz","previousOperationId":null,"operationId":"zi21td9xjup05hw"}
{"type":"log","level":"info","message":"Render request 91 queued for execution and waiting for available worker","previousOperationId":"zi21td9xjup05hw","timestamp":1675974971493,"id":"5gjkpm1vuzl6q17"}
{"type":"operationStart","subtype":"render","name":"chart","previousOperationId":"zi21td9xjup05hw","timestamp":1675974971511,"id":"vkx1a7oyy8sf2fe","previousEventId":"e7as377s2mce1rz","operationId":"zfm7ohvwvt647aw"}
{"type":"log","timestamp":1675974971513,"level":"info","message":"Starting rendering request 91","meta":{"rootId":"wod8xcjgj6yykv5","id":"wod8xcjgj6yykv5"},"id":"o7qptxyhhujohrb","previousOperationId":"zfm7ohvwvt647aw"}
{"type":"log","timestamp":1675974971517,"level":"info","message":"Rendering template { name: chart, recipe: phantom-pdf, engine: handlebars, preview: true }","meta":{"rootId":"wod8xcjgj6yykv5","id":"wod8xcjgj6yykv5"},"id":"er9ce7ixrwr0lvo","previousOperationId":"zfm7ohvwvt647aw"}
{"type":"log","timestamp":1675974971522,"level":"debug","message":"Inline data specified.","meta":{"rootId":"wod8xcjgj6yykv5","id":"wod8xcjgj6yykv5"},"id":"a6kla5l4xt7pgwu","previousOperationId":"zfm7ohvwvt647aw"}
{"type":"log","timestamp":1675974971526,"level":"debug","message":"Executing script chartscript (beforeRender)","meta":{"rootId":"wod8xcjgj6yykv5","id":"wod8xcjgj6yykv5"},"id":"o96i8c1chlhob5f","previousOperationId":"zfm7ohvwvt647aw"}
{"type":"operationStart","subtype":"scriptsBeforeRender","name":"scripts beforeRender","timestamp":1675974971853,"id":"y8peu09q5vmgwea","previousEventId":"vkx1a7oyy8sf2fe","operationId":"oo8eeccl1mrmdxu","previousOperationId":"zfm7ohvwvt647aw"}
{"type":"operationStart","subtype":"script","name":"scripts chartscript","previousOperationId":"oo8eeccl1mrmdxu","timestamp":1675974971853,"id":"flgbvbht68947cx","previousEventId":"y8peu09q5vmgwea","operationId":"o9nuxc1uthl6w14"}
{"type":"log","timestamp":1675974972097,"level":"debug","message":"(console:log) { articulos: [ 50, 6 ] }","meta":{"userLevel":true,"rootId":"wod8xcjgj6yykv5","id":"wod8xcjgj6yykv5"},"id":"0gt34er6kdfy4pu","previousOperationId":"o9nuxc1uthl6w14"}
{"type":"operationEnd","operationId":"o9nuxc1uthl6w14","timestamp":1675974972098,"id":"84za2v9uzt40fwj","previousEventId":"vkx1a7oyy8sf2fe","previousOperationId":"zfm7ohvwvt647aw"}
{"type":"operationEnd","operationId":"oo8eeccl1mrmdxu","timestamp":1675974972098,"id":"e42yf7lobd18a8p","previousEventId":"84za2v9uzt40fwj","previousOperationId":"zfm7ohvwvt647aw"}
{"type":"log","timestamp":1675974972098,"level":"debug","message":"Base url not specified, skipping its injection.","meta":{"rootId":"wod8xcjgj6yykv5","id":"wod8xcjgj6yykv5"},"id":"0kw73a663n17ncz","previousOperationId":"oo8eeccl1mrmdxu"}
{"type":"operationStart","subtype":"engine","name":"handlebars","timestamp":1675974972099,"id":"nepj4vf1n4ha8ff","previousEventId":"e42yf7lobd18a8p","operationId":"1r8xdalbv7q52pp","previousOperationId":"oo8eeccl1mrmdxu"}
{"type":"log","timestamp":1675974972099,"level":"debug","message":"Rendering engine handlebars","meta":{"rootId":"wod8xcjgj6yykv5","id":"wod8xcjgj6yykv5"},"id":"a0g6tyg1xjy546e","previousOperationId":"1r8xdalbv7q52pp"}
{"type":"log","timestamp":1675974972449,"level":"debug","message":"(console:log) { articulos: [ 50, 6 ] }","meta":{"userLevel":true,"rootId":"wod8xcjgj6yykv5","id":"wod8xcjgj6yykv5"},"id":"kgsxk2hxb9xw7a8","previousOperationId":"1r8xdalbv7q52pp"}
{"type":"operationEnd","operationId":"1r8xdalbv7q52pp","timestamp":1675974972449,"id":"wjoda99ed209u89","previousEventId":"nepj4vf1n4ha8ff","previousOperationId":"1r8xdalbv7q52pp"}
{"type":"operationStart","subtype":"recipe","name":"phantom-pdf","timestamp":1675974972450,"id":"gyjbsuj0wyt6k9g","previousEventId":"wjoda99ed209u89","operationId":"1fxrsuevuudjrky","previousOperationId":"1r8xdalbv7q52pp"}
{"type":"log","timestamp":1675974972450,"level":"debug","message":"Executing recipe phantom-pdf","meta":{"rootId":"wod8xcjgj6yykv5","id":"wod8xcjgj6yykv5"},"id":"2krauyetlcrx19s","previousOperationId":"1fxrsuevuudjrky"}
{"type":"log","timestamp":1675974975447,"level":"debug","message":"Converting in dedicated phantomjs 1.9.8","meta":{"rootId":"wod8xcjgj6yykv5","id":"wod8xcjgj6yykv5"},"id":"5ba7904rlaccu8q","previousOperationId":"1fxrsuevuudjrky"}
{"type":"log","timestamp":1675974975447,"level":"debug","message":"Request file:///C%3A%5CUsers%5Calegu%5CAppData%5CLocal%5CTemp%5Cc2d39658-0d8d-4027-8971-b37f5a04371chtml.html","meta":{"rootId":"wod8xcjgj6yykv5","id":"wod8xcjgj6yykv5"},"id":"8pqhwvzujna6y4m","previousOperationId":"1fxrsuevuudjrky"}
{"type":"log","timestamp":1675974975447,"level":"debug","message":"Request https://cdnjs.cloudflare.com/ajax/libs/Chart.js/2.1.6/Chart.min.js","meta":{"rootId":"wod8xcjgj6yykv5","id":"wod8xcjgj6yykv5"},"id":"sg9snctrxq7l6iw","previousOperationId":"1fxrsuevuudjrky"}
{"type":"log","timestamp":1675974975447,"level":"debug","message":"PhantomJS printing done","meta":{"rootId":"wod8xcjgj6yykv5","id":"wod8xcjgj6yykv5"},"id":"8hqnra4t21hrexl","previousOperationId":"1fxrsuevuudjrky"}
{"type":"log","timestamp":1675974975447,"level":"debug","message":"PhantomJS printing done","meta":{"rootId":"wod8xcjgj6yykv5","id":"wod8xcjgj6yykv5"},"id":"khyvpu4eisshbfo","previousOperationId":"1fxrsuevuudjrky"}
{"type":"log","timestamp":1675974975447,"level":"debug","message":"PhantomJS printing done","meta":{"rootId":"wod8xcjgj6yykv5","id":"wod8xcjgj6yykv5"},"id":"lw6vhxokk9x42ap","previousOperationId":"1fxrsuevuudjrky"}
{"type":"log","timestamp":1675974975447,"level":"debug","message":"PhantomJS printing done","meta":{"rootId":"wod8xcjgj6yykv5","id":"wod8xcjgj6yykv5"},"id":"r1g6lf8hrlb8xp2","previousOperationId":"1fxrsuevuudjrky"}
{"type":"log","timestamp":1675974975447,"level":"debug","message":"PhantomJS printing done","meta":{"rootId":"wod8xcjgj6yykv5","id":"wod8xcjgj6yykv5"},"id":"m3t1vm0lzwwhqa3","previousOperationId":"1fxrsuevuudjrky"}
{"type":"log","timestamp":1675974975447,"level":"debug","message":"PhantomJS printing done","meta":{"rootId":"wod8xcjgj6yykv5","id":"wod8xcjgj6yykv5"},"id":"000d04dcqgj0900","previousOperationId":"1fxrsuevuudjrky"}
{"type":"log","timestamp":1675974975447,"level":"debug","message":"PhantomJS printing done","meta":{"rootId":"wod8xcjgj6yykv5","id":"wod8xcjgj6yykv5"},"id":"2rzt4zro7mdvmw6","previousOperationId":"1fxrsuevuudjrky"}
{"type":"log","timestamp":1675974975447,"level":"debug","message":"PhantomJS printing done","meta":{"rootId":"wod8xcjgj6yykv5","id":"wod8xcjgj6yykv5"},"id":"b94r041jmii4j2r","previousOperationId":"1fxrsuevuudjrky"}
{"type":"log","timestamp":1675974975447,"level":"debug","message":"PhantomJS printing done","meta":{"rootId":"wod8xcjgj6yykv5","id":"wod8xcjgj6yykv5"},"id":"1zygmj306xx5p98","previousOperationId":"1fxrsuevuudjrky"}
{"type":"log","timestamp":1675974975447,"level":"debug","message":"PhantomJS printing done","meta":{"rootId":"wod8xcjgj6yykv5","id":"wod8xcjgj6yykv5"},"id":"mkklmhvaliuumar","previousOperationId":"1fxrsuevuudjrky"}
{"type":"log","timestamp":1675974975447,"level":"debug","message":"Request http://intruct-javascript-ending/","meta":{"rootId":"wod8xcjgj6yykv5","id":"wod8xcjgj6yykv5"},"id":"o7p8mxz5kim1f7t","previousOperationId":"1fxrsuevuudjrky"}
{"type":"log","timestamp":1675974975447,"level":"debug","message":"PhantomJS printing done","meta":{"rootId":"wod8xcjgj6yykv5","id":"wod8xcjgj6yykv5"},"id":"rj1j5vik9826rlt","previousOperationId":"1fxrsuevuudjrky"}
{"type":"log","timestamp":1675974975449,"level":"debug","message":"phantom-pdf recipe finished with 1 pages generated","meta":{"rootId":"wod8xcjgj6yykv5","id":"wod8xcjgj6yykv5"},"id":"9hth50jrt5lo32v","previousOperationId":"1fxrsuevuudjrky"}
{"type":"operationEnd","operationId":"1fxrsuevuudjrky","timestamp":1675974975449,"id":"mfkj34ambk7ij3q","previousEventId":"gyjbsuj0wyt6k9g","previousOperationId":"1fxrsuevuudjrky"}
{"type":"log","timestamp":1675974975450,"level":"debug","message":"Skipping storing report.","meta":{"rootId":"wod8xcjgj6yykv5","id":"wod8xcjgj6yykv5"},"id":"tbaf9kbbp08sdpe","previousOperationId":"1fxrsuevuudjrky"}
{"type":"log","timestamp":1675974975450,"level":"info","message":"Rendering request 91 finished in 3958 ms","meta":{"rootId":"wod8xcjgj6yykv5","id":"wod8xcjgj6yykv5"},"id":"znmrzex5ytat2qk","previousOperationId":"1fxrsuevuudjrky"}
{"type":"operationEnd","subtype":"render","operationId":"zfm7ohvwvt647aw","timestamp":1675974975450,"id":"gsarjoes3x1h3qx","previousEventId":"mfkj34ambk7ij3q","previousOperationId":"1fxrsuevuudjrky"}
{"type":"operationEnd","doDiffs":false,"previousEventId":"e7as377s2mce1rz","previousOperationId":"zi21td9xjup05hw","operationId":"zi21td9xjup05hw","timestamp":1675974975473,"id":"7d6g4lb7eza8bta"}
