{"type":"operationStart","subtype":"profile","data":{"_id":"4csbuFI88O3LuB4i","timestamp":"2023-02-09T20:22:00.891Z","state":"queued","mode":"standard","creationDate":"2023-02-09T20:22:00.893Z","modificationDate":"2023-02-09T20:22:00.893Z","shortid":"9Flylw_","$entitySet":"profiles"},"doDiffs":false,"timestamp":1675974120892,"id":"nqiq47i0407nvd9","previousOperationId":null,"operationId":"m5019gmdas6y8jg"}
{"type":"log","level":"info","message":"Render request 69 queued for execution and waiting for available worker","previousOperationId":"m5019gmdas6y8jg","timestamp":1675974120892,"id":"wxswuenjzcwib9e"}
{"type":"operationStart","subtype":"render","name":"chart","previousOperationId":"m5019gmdas6y8jg","timestamp":1675974120901,"id":"9ni5t3fns6wl6lt","previousEventId":"nqiq47i0407nvd9","operationId":"zz7340cirjja6k1"}
{"type":"log","timestamp":1675974120901,"level":"info","message":"Starting rendering request 69","meta":{"rootId":"wpyhrb2pd8tojh9","id":"wpyhrb2pd8tojh9"},"id":"3x6e8qrj1nd00gx","previousOperationId":"zz7340cirjja6k1"}
{"type":"log","timestamp":1675974120902,"level":"info","message":"Rendering template { name: chart, recipe: phantom-pdf, engine: handlebars, preview: true }","meta":{"rootId":"wpyhrb2pd8tojh9","id":"wpyhrb2pd8tojh9"},"id":"wol1xqow1p9a67x","previousOperationId":"zz7340cirjja6k1"}
{"type":"log","timestamp":1675974120905,"level":"debug","message":"Data item not defined for this template.","meta":{"rootId":"wpyhrb2pd8tojh9","id":"wpyhrb2pd8tojh9"},"id":"j5f4cwzsmbn2ayw","previousOperationId":"zz7340cirjja6k1"}
{"type":"log","timestamp":1675974120912,"level":"debug","message":"Executing script chartscript (beforeRender)","meta":{"rootId":"wpyhrb2pd8tojh9","id":"wpyhrb2pd8tojh9"},"id":"ugupyf9lya4aarb","previousOperationId":"zz7340cirjja6k1"}
{"type":"operationStart","subtype":"scriptsBeforeRender","name":"scripts beforeRender","timestamp":1675974120940,"id":"1n9d94spxjjvil1","previousEventId":"9ni5t3fns6wl6lt","operationId":"0srkwrmiot68qcn","previousOperationId":"zz7340cirjja6k1"}
{"type":"operationStart","subtype":"script","name":"scripts chartscript","previousOperationId":"0srkwrmiot68qcn","timestamp":1675974120940,"id":"r1ztn2xoeyly44c","previousEventId":"1n9d94spxjjvil1","operationId":"4ujikdyj9qc3sng"}
{"type":"operationEnd","operationId":"4ujikdyj9qc3sng","timestamp":1675974121130,"id":"uz4gpgtwnxxm7v8","previousEventId":"9ni5t3fns6wl6lt","previousOperationId":"zz7340cirjja6k1"}
{"type":"operationEnd","operationId":"0srkwrmiot68qcn","timestamp":1675974121130,"id":"a613rw6o5tzs9ps","previousEventId":"uz4gpgtwnxxm7v8","previousOperationId":"zz7340cirjja6k1"}
{"type":"log","timestamp":1675974121130,"level":"debug","message":"Base url not specified, skipping its injection.","meta":{"rootId":"wpyhrb2pd8tojh9","id":"wpyhrb2pd8tojh9"},"id":"2whm56wtzyegm2l","previousOperationId":"0srkwrmiot68qcn"}
{"type":"operationStart","subtype":"engine","name":"handlebars","timestamp":1675974121130,"id":"l0pmbcpvanq6k1n","previousEventId":"a613rw6o5tzs9ps","operationId":"qvjo73huxyyrzgr","previousOperationId":"0srkwrmiot68qcn"}
{"type":"log","timestamp":1675974121130,"level":"debug","message":"Rendering engine handlebars","meta":{"rootId":"wpyhrb2pd8tojh9","id":"wpyhrb2pd8tojh9"},"id":"0r2kq8hywovdnoo","previousOperationId":"qvjo73huxyyrzgr"}
{"type":"log","timestamp":1675974121143,"level":"debug","message":"(console:log) {\"articulos\":[50,6]}","meta":{"userLevel":true,"rootId":"wpyhrb2pd8tojh9","id":"wpyhrb2pd8tojh9"},"id":"v7fy662zjvznss4","previousOperationId":"qvjo73huxyyrzgr"}
{"type":"operationEnd","operationId":"qvjo73huxyyrzgr","timestamp":1675974121143,"id":"ercofdikaiilf4y","previousEventId":"l0pmbcpvanq6k1n","previousOperationId":"qvjo73huxyyrzgr"}
{"type":"operationStart","subtype":"recipe","name":"phantom-pdf","timestamp":1675974121144,"id":"evjhctrlhmsr7uq","previousEventId":"ercofdikaiilf4y","operationId":"esum18v60uvz1p3","previousOperationId":"qvjo73huxyyrzgr"}
{"type":"log","timestamp":1675974121144,"level":"debug","message":"Executing recipe phantom-pdf","meta":{"rootId":"wpyhrb2pd8tojh9","id":"wpyhrb2pd8tojh9"},"id":"wciu1m38quy82zx","previousOperationId":"esum18v60uvz1p3"}
{"type":"log","timestamp":1675974124073,"level":"debug","message":"Converting in dedicated phantomjs 1.9.8","meta":{"rootId":"wpyhrb2pd8tojh9","id":"wpyhrb2pd8tojh9"},"id":"r0w7krqafzf4dwb","previousOperationId":"esum18v60uvz1p3"}
{"type":"log","timestamp":1675974124073,"level":"debug","message":"Request file:///C%3A%5CUsers%5Calegu%5CAppData%5CLocal%5CTemp%5Cb9ed7a9a-d30c-4937-8fec-91ebe1968217html.html","meta":{"rootId":"wpyhrb2pd8tojh9","id":"wpyhrb2pd8tojh9"},"id":"tom27xuf7c1bt2z","previousOperationId":"esum18v60uvz1p3"}
{"type":"log","timestamp":1675974124073,"level":"debug","message":"Request https://cdnjs.cloudflare.com/ajax/libs/Chart.js/2.1.6/Chart.min.js","meta":{"rootId":"wpyhrb2pd8tojh9","id":"wpyhrb2pd8tojh9"},"id":"swjyzbkd9ccsu8y","previousOperationId":"esum18v60uvz1p3"}
{"type":"log","timestamp":1675974124073,"level":"debug","message":"PhantomJS printing done","meta":{"rootId":"wpyhrb2pd8tojh9","id":"wpyhrb2pd8tojh9"},"id":"xi3ci708wy5assv","previousOperationId":"esum18v60uvz1p3"}
{"type":"log","timestamp":1675974124073,"level":"debug","message":"PhantomJS printing done","meta":{"rootId":"wpyhrb2pd8tojh9","id":"wpyhrb2pd8tojh9"},"id":"55phq2psr3ty2fr","previousOperationId":"esum18v60uvz1p3"}
{"type":"log","timestamp":1675974124073,"level":"debug","message":"PhantomJS printing done","meta":{"rootId":"wpyhrb2pd8tojh9","id":"wpyhrb2pd8tojh9"},"id":"np4ia5hfummeo60","previousOperationId":"esum18v60uvz1p3"}
{"type":"log","timestamp":1675974124073,"level":"debug","message":"PhantomJS printing done","meta":{"rootId":"wpyhrb2pd8tojh9","id":"wpyhrb2pd8tojh9"},"id":"hmbjk6i9qd9mwj9","previousOperationId":"esum18v60uvz1p3"}
{"type":"log","timestamp":1675974124073,"level":"debug","message":"PhantomJS printing done","meta":{"rootId":"wpyhrb2pd8tojh9","id":"wpyhrb2pd8tojh9"},"id":"yd1vhhg874fv7vy","previousOperationId":"esum18v60uvz1p3"}
{"type":"log","timestamp":1675974124073,"level":"debug","message":"PhantomJS printing done","meta":{"rootId":"wpyhrb2pd8tojh9","id":"wpyhrb2pd8tojh9"},"id":"lzthmf2p13gmsn1","previousOperationId":"esum18v60uvz1p3"}
{"type":"log","timestamp":1675974124073,"level":"debug","message":"PhantomJS printing done","meta":{"rootId":"wpyhrb2pd8tojh9","id":"wpyhrb2pd8tojh9"},"id":"rnwptqsg5x6lk43","previousOperationId":"esum18v60uvz1p3"}
{"type":"log","timestamp":1675974124073,"level":"debug","message":"PhantomJS printing done","meta":{"rootId":"wpyhrb2pd8tojh9","id":"wpyhrb2pd8tojh9"},"id":"caa1etvb1lt9aj3","previousOperationId":"esum18v60uvz1p3"}
{"type":"log","timestamp":1675974124073,"level":"debug","message":"PhantomJS printing done","meta":{"rootId":"wpyhrb2pd8tojh9","id":"wpyhrb2pd8tojh9"},"id":"a4skka2o0b1pfh7","previousOperationId":"esum18v60uvz1p3"}
{"type":"log","timestamp":1675974124073,"level":"debug","message":"Request http://intruct-javascript-ending/","meta":{"rootId":"wpyhrb2pd8tojh9","id":"wpyhrb2pd8tojh9"},"id":"lqbgd7ka6k1olod","previousOperationId":"esum18v60uvz1p3"}
{"type":"log","timestamp":1675974124073,"level":"debug","message":"PhantomJS printing done","meta":{"rootId":"wpyhrb2pd8tojh9","id":"wpyhrb2pd8tojh9"},"id":"gzvhd2ty95hy8ho","previousOperationId":"esum18v60uvz1p3"}
{"type":"log","timestamp":1675974124074,"level":"debug","message":"phantom-pdf recipe finished with 1 pages generated","meta":{"rootId":"wpyhrb2pd8tojh9","id":"wpyhrb2pd8tojh9"},"id":"v0vzd4czvh10av7","previousOperationId":"esum18v60uvz1p3"}
{"type":"operationEnd","operationId":"esum18v60uvz1p3","timestamp":1675974124074,"id":"trusek24uow47y5","previousEventId":"evjhctrlhmsr7uq","previousOperationId":"esum18v60uvz1p3"}
{"type":"log","timestamp":1675974124075,"level":"debug","message":"Skipping storing report.","meta":{"rootId":"wpyhrb2pd8tojh9","id":"wpyhrb2pd8tojh9"},"id":"twb8ixj7x904rfs","previousOperationId":"esum18v60uvz1p3"}
{"type":"log","timestamp":1675974124075,"level":"info","message":"Rendering request 69 finished in 3184 ms","meta":{"rootId":"wpyhrb2pd8tojh9","id":"wpyhrb2pd8tojh9"},"id":"2uzqdd00pot9k8j","previousOperationId":"esum18v60uvz1p3"}
{"type":"operationEnd","subtype":"render","operationId":"zz7340cirjja6k1","timestamp":1675974124075,"id":"1ndmwiyvvhzsskh","previousEventId":"trusek24uow47y5","previousOperationId":"esum18v60uvz1p3"}
{"type":"operationEnd","doDiffs":false,"previousEventId":"nqiq47i0407nvd9","previousOperationId":"m5019gmdas6y8jg","operationId":"m5019gmdas6y8jg","timestamp":1675974124095,"id":"wzil4k68w8gpjnz"}
