{"type":"operationStart","subtype":"profile","data":{"_id":"ErhrJkiedt1DNY4b","timestamp":"2023-02-09T20:40:37.952Z","state":"queued","mode":"standard","creationDate":"2023-02-09T20:40:37.954Z","modificationDate":"2023-02-09T20:40:37.954Z","shortid":"Fe-e9G1","$entitySet":"profiles"},"doDiffs":false,"timestamp":1675975237953,"id":"x7wi07weiy2zd70","previousOperationId":null,"operationId":"nbkbmijoaorrwjg"}
{"type":"log","level":"info","message":"Render request 96 queued for execution and waiting for available worker","previousOperationId":"nbkbmijoaorrwjg","timestamp":1675975237953,"id":"2yr39mx4xgdzt63"}
{"type":"operationStart","subtype":"render","name":"chart","previousOperationId":"nbkbmijoaorrwjg","timestamp":1675975237968,"id":"06t97c8zaqazgog","previousEventId":"x7wi07weiy2zd70","operationId":"bbzudlngm0qub1b"}
{"type":"log","timestamp":1675975237968,"level":"info","message":"Starting rendering request 96","meta":{"rootId":"wx09036eea8ibcz","id":"wx09036eea8ibcz"},"id":"g1fs3pbexm3oe9z","previousOperationId":"bbzudlngm0qub1b"}
{"type":"log","timestamp":1675975237970,"level":"info","message":"Rendering template { name: chart, recipe: phantom-pdf, engine: handlebars, preview: true }","meta":{"rootId":"wx09036eea8ibcz","id":"wx09036eea8ibcz"},"id":"v7zvcsy5t27kf68","previousOperationId":"bbzudlngm0qub1b"}
{"type":"log","timestamp":1675975237972,"level":"debug","message":"Data item not defined for this template.","meta":{"rootId":"wx09036eea8ibcz","id":"wx09036eea8ibcz"},"id":"x34nxcp0965i053","previousOperationId":"bbzudlngm0qub1b"}
{"type":"log","timestamp":1675975237976,"level":"debug","message":"Executing script chartscript (beforeRender)","meta":{"rootId":"wx09036eea8ibcz","id":"wx09036eea8ibcz"},"id":"hzoytm2ogjd93zi","previousOperationId":"bbzudlngm0qub1b"}
{"type":"operationStart","subtype":"scriptsBeforeRender","name":"scripts beforeRender","timestamp":1675975238002,"id":"kb4bsxc4rbm0985","previousEventId":"06t97c8zaqazgog","operationId":"yfxcwtijjvvdiyf","previousOperationId":"bbzudlngm0qub1b"}
{"type":"operationStart","subtype":"script","name":"scripts chartscript","previousOperationId":"yfxcwtijjvvdiyf","timestamp":1675975238002,"id":"a9wio02euo5efo9","previousEventId":"kb4bsxc4rbm0985","operationId":"7v9uwdxodakxj88"}
{"type":"log","timestamp":1675975238207,"level":"debug","message":"(console:log) { articulos: [ 50, 6 ] }","meta":{"userLevel":true,"rootId":"wx09036eea8ibcz","id":"wx09036eea8ibcz"},"id":"e7cnwgmnnrrhncf","previousOperationId":"7v9uwdxodakxj88"}
{"type":"operationEnd","operationId":"7v9uwdxodakxj88","timestamp":1675975238208,"id":"u1llne2nwzx14n7","previousEventId":"06t97c8zaqazgog","previousOperationId":"bbzudlngm0qub1b"}
{"type":"operationEnd","operationId":"yfxcwtijjvvdiyf","timestamp":1675975238208,"id":"f4nl37ag1gtwrvt","previousEventId":"u1llne2nwzx14n7","previousOperationId":"bbzudlngm0qub1b"}
{"type":"log","timestamp":1675975238208,"level":"debug","message":"Base url not specified, skipping its injection.","meta":{"rootId":"wx09036eea8ibcz","id":"wx09036eea8ibcz"},"id":"grdsjdpbnvzy3a6","previousOperationId":"yfxcwtijjvvdiyf"}
{"type":"operationStart","subtype":"engine","name":"handlebars","timestamp":1675975238208,"id":"dxbmlnsjq97cbhg","previousEventId":"f4nl37ag1gtwrvt","operationId":"c4nkw6kocsze2ra","previousOperationId":"yfxcwtijjvvdiyf"}
{"type":"log","timestamp":1675975238208,"level":"debug","message":"Rendering engine handlebars","meta":{"rootId":"wx09036eea8ibcz","id":"wx09036eea8ibcz"},"id":"ikub0dl7wkftjj7","previousOperationId":"c4nkw6kocsze2ra"}
{"type":"log","timestamp":1675975238223,"level":"debug","message":"(console:log) undefined","meta":{"userLevel":true,"rootId":"wx09036eea8ibcz","id":"wx09036eea8ibcz"},"id":"zcexh9gn13r3u1l","previousOperationId":"c4nkw6kocsze2ra"}
{"type":"operationEnd","operationId":"c4nkw6kocsze2ra","timestamp":1675975238224,"id":"8dzerk157rb4d79","previousEventId":"dxbmlnsjq97cbhg","previousOperationId":"c4nkw6kocsze2ra"}
{"type":"operationStart","subtype":"recipe","name":"phantom-pdf","timestamp":1675975238225,"id":"jc61fqty1idkj9y","previousEventId":"8dzerk157rb4d79","operationId":"a348k47ks9frl6q","previousOperationId":"c4nkw6kocsze2ra"}
{"type":"log","timestamp":1675975238225,"level":"debug","message":"Executing recipe phantom-pdf","meta":{"rootId":"wx09036eea8ibcz","id":"wx09036eea8ibcz"},"id":"z7d4xz8xgtcvf74","previousOperationId":"a348k47ks9frl6q"}
{"type":"log","timestamp":1675975241039,"level":"debug","message":"Converting in dedicated phantomjs 1.9.8","meta":{"rootId":"wx09036eea8ibcz","id":"wx09036eea8ibcz"},"id":"6wnvm5movyqtsxx","previousOperationId":"a348k47ks9frl6q"}
{"type":"log","timestamp":1675975241039,"level":"debug","message":"Request file:///C%3A%5CUsers%5Calegu%5CAppData%5CLocal%5CTemp%5Cc9c37aaa-1866-480c-abbc-596828acd37ahtml.html","meta":{"rootId":"wx09036eea8ibcz","id":"wx09036eea8ibcz"},"id":"pwtlgwor84kttjq","previousOperationId":"a348k47ks9frl6q"}
{"type":"log","timestamp":1675975241039,"level":"debug","message":"Request https://cdnjs.cloudflare.com/ajax/libs/Chart.js/2.1.6/Chart.min.js","meta":{"rootId":"wx09036eea8ibcz","id":"wx09036eea8ibcz"},"id":"czhytqhrsemtc4h","previousOperationId":"a348k47ks9frl6q"}
{"type":"log","timestamp":1675975241039,"level":"debug","message":"PhantomJS printing done","meta":{"rootId":"wx09036eea8ibcz","id":"wx09036eea8ibcz"},"id":"5t3evg5bjn3uag5","previousOperationId":"a348k47ks9frl6q"}
{"type":"log","timestamp":1675975241039,"level":"debug","message":"PhantomJS printing done","meta":{"rootId":"wx09036eea8ibcz","id":"wx09036eea8ibcz"},"id":"zruyr75rgovsnn6","previousOperationId":"a348k47ks9frl6q"}
{"type":"log","timestamp":1675975241039,"level":"debug","message":"PhantomJS printing done","meta":{"rootId":"wx09036eea8ibcz","id":"wx09036eea8ibcz"},"id":"cpkqm0ds83jskji","previousOperationId":"a348k47ks9frl6q"}
{"type":"log","timestamp":1675975241039,"level":"debug","message":"PhantomJS printing done","meta":{"rootId":"wx09036eea8ibcz","id":"wx09036eea8ibcz"},"id":"1wkw2bkbmscwjn1","previousOperationId":"a348k47ks9frl6q"}
{"type":"log","timestamp":1675975241039,"level":"debug","message":"PhantomJS printing done","meta":{"rootId":"wx09036eea8ibcz","id":"wx09036eea8ibcz"},"id":"1iep4q51tllsc0k","previousOperationId":"a348k47ks9frl6q"}
{"type":"log","timestamp":1675975241039,"level":"debug","message":"PhantomJS printing done","meta":{"rootId":"wx09036eea8ibcz","id":"wx09036eea8ibcz"},"id":"4g1noto82v536bk","previousOperationId":"a348k47ks9frl6q"}
{"type":"log","timestamp":1675975241039,"level":"debug","message":"PhantomJS printing done","meta":{"rootId":"wx09036eea8ibcz","id":"wx09036eea8ibcz"},"id":"2yf44brdk34gdg2","previousOperationId":"a348k47ks9frl6q"}
{"type":"log","timestamp":1675975241039,"level":"debug","message":"PhantomJS printing done","meta":{"rootId":"wx09036eea8ibcz","id":"wx09036eea8ibcz"},"id":"5s1kteh1icev8mx","previousOperationId":"a348k47ks9frl6q"}
{"type":"log","timestamp":1675975241039,"level":"debug","message":"PhantomJS printing done","meta":{"rootId":"wx09036eea8ibcz","id":"wx09036eea8ibcz"},"id":"t10miotee2a6knm","previousOperationId":"a348k47ks9frl6q"}
{"type":"log","timestamp":1675975241039,"level":"debug","message":"PhantomJS printing done","meta":{"rootId":"wx09036eea8ibcz","id":"wx09036eea8ibcz"},"id":"ivzelamif0b3obd","previousOperationId":"a348k47ks9frl6q"}
{"type":"log","timestamp":1675975241039,"level":"debug","message":"Request http://intruct-javascript-ending/","meta":{"rootId":"wx09036eea8ibcz","id":"wx09036eea8ibcz"},"id":"a7pthjrz87gn7ww","previousOperationId":"a348k47ks9frl6q"}
{"type":"log","timestamp":1675975241039,"level":"debug","message":"PhantomJS printing done","meta":{"rootId":"wx09036eea8ibcz","id":"wx09036eea8ibcz"},"id":"yp84noiubfqjrz2","previousOperationId":"a348k47ks9frl6q"}
{"type":"log","timestamp":1675975241040,"level":"debug","message":"phantom-pdf recipe finished with 1 pages generated","meta":{"rootId":"wx09036eea8ibcz","id":"wx09036eea8ibcz"},"id":"32spstteyhudmcs","previousOperationId":"a348k47ks9frl6q"}
{"type":"operationEnd","operationId":"a348k47ks9frl6q","timestamp":1675975241040,"id":"6qt4wndq0thlgyq","previousEventId":"jc61fqty1idkj9y","previousOperationId":"a348k47ks9frl6q"}
{"type":"log","timestamp":1675975241040,"level":"debug","message":"Skipping storing report.","meta":{"rootId":"wx09036eea8ibcz","id":"wx09036eea8ibcz"},"id":"2ht14asz4tg98n0","previousOperationId":"a348k47ks9frl6q"}
{"type":"log","timestamp":1675975241040,"level":"info","message":"Rendering request 96 finished in 3089 ms","meta":{"rootId":"wx09036eea8ibcz","id":"wx09036eea8ibcz"},"id":"1q86v3uo5mzbsfk","previousOperationId":"a348k47ks9frl6q"}
{"type":"operationEnd","subtype":"render","operationId":"bbzudlngm0qub1b","timestamp":1675975241040,"id":"10mc7db52rsrlpq","previousEventId":"6qt4wndq0thlgyq","previousOperationId":"a348k47ks9frl6q"}
{"type":"operationEnd","doDiffs":false,"previousEventId":"x7wi07weiy2zd70","previousOperationId":"nbkbmijoaorrwjg","operationId":"nbkbmijoaorrwjg","timestamp":1675975241058,"id":"244x07c7r233cgy"}
