{"type":"operationStart","subtype":"profile","data":{"_id":"GCacWuzFyHRpYVmL","timestamp":"2023-02-09T19:00:59.123Z","state":"queued","mode":"standard","creationDate":"2023-02-09T19:00:59.131Z","modificationDate":"2023-02-09T19:00:59.131Z","shortid":"BZFx6KN","$entitySet":"profiles"},"doDiffs":false,"timestamp":1675969259127,"id":"xtaortycd4mykby","previousOperationId":null,"operationId":"46p6rowsn7j581q"}
{"type":"log","level":"info","message":"Render request 1 queued for execution and waiting for available worker","previousOperationId":"46p6rowsn7j581q","timestamp":1675969259129,"id":"9bfmub0rzljy2yr"}
{"type":"operationStart","subtype":"render","name":"chart","previousOperationId":"46p6rowsn7j581q","timestamp":1675969259195,"id":"lfx4sjwl969hbot","previousEventId":"xtaortycd4mykby","operationId":"6fgzdhn8sdy42ll"}
{"type":"log","timestamp":1675969259197,"level":"info","message":"Starting rendering request 1","meta":{"rootId":"y2fmp8vmp1xk2ip","id":"y2fmp8vmp1xk2ip"},"id":"nhb54ki9ydg6ly9","previousOperationId":"6fgzdhn8sdy42ll"}
{"type":"log","timestamp":1675969259200,"level":"info","message":"Rendering template { name: chart, recipe: chrome-pdf, engine: handlebars, preview: true }","meta":{"rootId":"y2fmp8vmp1xk2ip","id":"y2fmp8vmp1xk2ip"},"id":"3ty9ukkp39v90ic","previousOperationId":"6fgzdhn8sdy42ll"}
{"type":"log","timestamp":1675969259217,"level":"debug","message":"Data item not defined for this template.","meta":{"rootId":"y2fmp8vmp1xk2ip","id":"y2fmp8vmp1xk2ip"},"id":"y1fvo53b6hucu35","previousOperationId":"6fgzdhn8sdy42ll"}
{"type":"log","timestamp":1675969259224,"level":"debug","message":"Base url not specified, skipping its injection.","meta":{"rootId":"y2fmp8vmp1xk2ip","id":"y2fmp8vmp1xk2ip"},"id":"8mr11i7xt5g81y9","previousOperationId":"6fgzdhn8sdy42ll"}
{"type":"operationStart","subtype":"engine","name":"handlebars","timestamp":1675969259227,"id":"cn08vezl4gowla1","previousEventId":"lfx4sjwl969hbot","operationId":"w5nc7o62deoaqdz","previousOperationId":"6fgzdhn8sdy42ll"}
{"type":"log","timestamp":1675969259227,"level":"debug","message":"Rendering engine handlebars","meta":{"rootId":"y2fmp8vmp1xk2ip","id":"y2fmp8vmp1xk2ip"},"id":"t7r4huuywnfdmja","previousOperationId":"w5nc7o62deoaqdz"}
{"type":"operationEnd","operationId":"w5nc7o62deoaqdz","timestamp":1675969259913,"id":"us136yctaq98fjw","previousEventId":"cn08vezl4gowla1","previousOperationId":"w5nc7o62deoaqdz"}
{"type":"operationStart","subtype":"recipe","name":"chrome-pdf","timestamp":1675969259914,"id":"4ngfoefvoyaeti8","previousEventId":"us136yctaq98fjw","operationId":"nin4tid3lgjqe1v","previousOperationId":"w5nc7o62deoaqdz"}
{"type":"log","timestamp":1675969259914,"level":"debug","message":"Executing recipe chrome-pdf","meta":{"rootId":"y2fmp8vmp1xk2ip","id":"y2fmp8vmp1xk2ip"},"id":"y616pfh73y2faym","previousOperationId":"nin4tid3lgjqe1v"}
{"type":"log","timestamp":1675969260283,"level":"debug","message":"Converting with chrome HeadlessChrome/105.0.5173.0 using chrome-pool strategy","meta":{"rootId":"y2fmp8vmp1xk2ip","id":"y2fmp8vmp1xk2ip"},"id":"wkdieri2sjjcco5","previousOperationId":"nin4tid3lgjqe1v"}
{"type":"log","timestamp":1675969261390,"level":"debug","message":"Page request: GET (document) file:///C:/Users/alegu/AppData/Local/Temp/jsreport/autocleanup/ca391f29-c85e-462a-84cf-8b9201e21a3f-chrome-pdf.html","meta":{"rootId":"y2fmp8vmp1xk2ip","id":"y2fmp8vmp1xk2ip"},"id":"vd7u510ngwu6wcd","previousOperationId":"nin4tid3lgjqe1v"}
{"type":"log","timestamp":1675969261403,"level":"debug","message":"Page request finished: GET (document) 200 file:///C:/Users/alegu/AppData/Local/Temp/jsreport/autocleanup/ca391f29-c85e-462a-84cf-8b9201e21a3f-chrome-pdf.html","meta":{"rootId":"y2fmp8vmp1xk2ip","id":"y2fmp8vmp1xk2ip"},"id":"5uyd9gpwct91tuh","previousOperationId":"nin4tid3lgjqe1v"}
{"type":"log","timestamp":1675969261404,"level":"debug","message":"Page request: GET (script) https://cdnjs.cloudflare.com/ajax/libs/Chart.js/2.1.6/Chart.min.js","meta":{"rootId":"y2fmp8vmp1xk2ip","id":"y2fmp8vmp1xk2ip"},"id":"y1zewa1begedjyf","previousOperationId":"nin4tid3lgjqe1v"}
{"type":"log","timestamp":1675969261628,"level":"debug","message":"Page request finished: GET (script) 200 https://cdnjs.cloudflare.com/ajax/libs/Chart.js/2.1.6/Chart.min.js","meta":{"rootId":"y2fmp8vmp1xk2ip","id":"y2fmp8vmp1xk2ip"},"id":"1zgplpxy0wp9rkz","previousOperationId":"nin4tid3lgjqe1v"}
{"type":"log","timestamp":1675969261636,"level":"warn","message":"Page error: SyntaxError: Unexpected token ','","meta":{"rootId":"y2fmp8vmp1xk2ip","id":"y2fmp8vmp1xk2ip"},"id":"6y092cf044302io","previousOperationId":"nin4tid3lgjqe1v"}
{"type":"log","timestamp":1675969261641,"level":"debug","message":"Running chrome with params {\"printBackground\":true,\"timeout\":59056,\"margin\":{}}","meta":{"rootId":"y2fmp8vmp1xk2ip","id":"y2fmp8vmp1xk2ip"},"id":"1mkix4medfnul4t","previousOperationId":"nin4tid3lgjqe1v"}
{"type":"operationEnd","operationId":"nin4tid3lgjqe1v","timestamp":1675969261671,"id":"aapq4n6tsr2l168","previousEventId":"4ngfoefvoyaeti8","previousOperationId":"nin4tid3lgjqe1v"}
{"type":"log","timestamp":1675969261673,"level":"debug","message":"Skipping storing report.","meta":{"rootId":"y2fmp8vmp1xk2ip","id":"y2fmp8vmp1xk2ip"},"id":"yyh0otu8d0woksy","previousOperationId":"nin4tid3lgjqe1v"}
{"type":"log","timestamp":1675969261675,"level":"info","message":"Rendering request 1 finished in 2551 ms","meta":{"rootId":"y2fmp8vmp1xk2ip","id":"y2fmp8vmp1xk2ip"},"id":"74ylosopoariri6","previousOperationId":"nin4tid3lgjqe1v"}
{"type":"operationEnd","subtype":"render","operationId":"6fgzdhn8sdy42ll","timestamp":1675969261675,"id":"5mha4hmltk64xh5","previousEventId":"aapq4n6tsr2l168","previousOperationId":"nin4tid3lgjqe1v"}
{"type":"operationEnd","doDiffs":false,"previousEventId":"xtaortycd4mykby","previousOperationId":"46p6rowsn7j581q","operationId":"46p6rowsn7j581q","timestamp":1675969261686,"id":"uqcc5jrw9gl2huj"}
