{"type":"operationStart","subtype":"profile","data":{"_id":"0mdZXrhzNOC9SRif","timestamp":"2023-02-10T15:37:42.334Z","state":"queued","mode":"standard","creationDate":"2023-02-10T15:37:42.337Z","modificationDate":"2023-02-10T15:37:42.337Z","shortid":"AFxZlWl","$entitySet":"profiles"},"doDiffs":false,"timestamp":1676043462335,"id":"t4vyu7y7qc3ox2d","previousOperationId":null,"operationId":"ue9nvl3gyu0ww9p"}
{"type":"log","level":"info","message":"Render request 25 queued for execution and waiting for available worker","previousOperationId":"ue9nvl3gyu0ww9p","timestamp":1676043462336,"id":"cacv62f68f4dbic"}
{"type":"operationStart","subtype":"render","name":"chart","previousOperationId":"ue9nvl3gyu0ww9p","timestamp":1676043462348,"id":"mysdq5h9h2lmgeg","previousEventId":"t4vyu7y7qc3ox2d","operationId":"cd54rrabc3w3634"}
{"type":"log","timestamp":1676043462349,"level":"info","message":"Starting rendering request 25","meta":{"rootId":"yjoynj7oit1iujf","id":"yjoynj7oit1iujf"},"id":"kj3qdn2npj1cr6y","previousOperationId":"cd54rrabc3w3634"}
{"type":"log","timestamp":1676043462351,"level":"info","message":"Rendering template { name: chart, recipe: phantom-pdf, engine: handlebars, preview: true }","meta":{"rootId":"yjoynj7oit1iujf","id":"yjoynj7oit1iujf"},"id":"wfyoh25k78ccp3l","previousOperationId":"cd54rrabc3w3634"}
{"type":"log","timestamp":1676043462356,"level":"debug","message":"Data item not defined for this template.","meta":{"rootId":"yjoynj7oit1iujf","id":"yjoynj7oit1iujf"},"id":"f3gavq530n6cnu3","previousOperationId":"cd54rrabc3w3634"}
{"type":"log","timestamp":1676043462361,"level":"debug","message":"Executing script chartscript (beforeRender)","meta":{"rootId":"yjoynj7oit1iujf","id":"yjoynj7oit1iujf"},"id":"jpbpnxml1u0qi0s","previousOperationId":"cd54rrabc3w3634"}
{"type":"operationStart","subtype":"scriptsBeforeRender","name":"scripts beforeRender","timestamp":1676043462392,"id":"flwe33n2qhkxe27","previousEventId":"mysdq5h9h2lmgeg","operationId":"j0s0jf02ezkxxlh","previousOperationId":"cd54rrabc3w3634"}
{"type":"operationStart","subtype":"script","name":"scripts chartscript","previousOperationId":"j0s0jf02ezkxxlh","timestamp":1676043462392,"id":"w7bx22ifqw440ab","previousEventId":"flwe33n2qhkxe27","operationId":"ky7yxyticd02vcy"}
{"type":"log","timestamp":1676043462598,"level":"debug","message":"(console:log) [ [ 50, 6 ] ]","meta":{"userLevel":true,"rootId":"yjoynj7oit1iujf","id":"yjoynj7oit1iujf"},"id":"givgxendap5ktgf","previousOperationId":"ky7yxyticd02vcy"}
{"type":"log","timestamp":1676043462599,"level":"debug","message":"(console:log) [ [ 50, 6 ] ]","meta":{"userLevel":true,"rootId":"yjoynj7oit1iujf","id":"yjoynj7oit1iujf"},"id":"kbcyapf7g9t9dre","previousOperationId":"ky7yxyticd02vcy"}
{"type":"operationEnd","operationId":"ky7yxyticd02vcy","timestamp":1676043462600,"id":"iiajalmts60eg31","previousEventId":"mysdq5h9h2lmgeg","previousOperationId":"cd54rrabc3w3634"}
{"type":"operationEnd","operationId":"j0s0jf02ezkxxlh","timestamp":1676043462600,"id":"cyqvpskneasdmx5","previousEventId":"iiajalmts60eg31","previousOperationId":"cd54rrabc3w3634"}
{"type":"log","timestamp":1676043462600,"level":"debug","message":"Base url not specified, skipping its injection.","meta":{"rootId":"yjoynj7oit1iujf","id":"yjoynj7oit1iujf"},"id":"nciuybzwswz8035","previousOperationId":"j0s0jf02ezkxxlh"}
{"type":"operationStart","subtype":"engine","name":"handlebars","timestamp":1676043462601,"id":"c2rxx7s7rij38gc","previousEventId":"cyqvpskneasdmx5","operationId":"127l63qwya57w3y","previousOperationId":"j0s0jf02ezkxxlh"}
{"type":"log","timestamp":1676043462601,"level":"debug","message":"Rendering engine handlebars","meta":{"rootId":"yjoynj7oit1iujf","id":"yjoynj7oit1iujf"},"id":"ghc47mczfcatgv6","previousOperationId":"127l63qwya57w3y"}
{"type":"log","timestamp":1676043462625,"level":"debug","message":"(console:log) [ [ 50, 6 ] ]","meta":{"userLevel":true,"rootId":"yjoynj7oit1iujf","id":"yjoynj7oit1iujf"},"id":"0xeudrrpwy1qokg","previousOperationId":"127l63qwya57w3y"}
{"type":"log","timestamp":1676043462625,"level":"debug","message":"(console:log) [[50,6]]","meta":{"userLevel":true,"rootId":"yjoynj7oit1iujf","id":"yjoynj7oit1iujf"},"id":"z4zcgi7udn1v3yt","previousOperationId":"127l63qwya57w3y"}
{"type":"operationEnd","operationId":"127l63qwya57w3y","timestamp":1676043462626,"id":"93mhlgrr1ml6jlz","previousEventId":"c2rxx7s7rij38gc","previousOperationId":"127l63qwya57w3y"}
{"type":"operationStart","subtype":"recipe","name":"phantom-pdf","timestamp":1676043462626,"id":"2cy7egadw2qbo8k","previousEventId":"93mhlgrr1ml6jlz","operationId":"5s5nh84zsfov2mj","previousOperationId":"127l63qwya57w3y"}
{"type":"log","timestamp":1676043462626,"level":"debug","message":"Executing recipe phantom-pdf","meta":{"rootId":"yjoynj7oit1iujf","id":"yjoynj7oit1iujf"},"id":"meljtq728swwo1s","previousOperationId":"5s5nh84zsfov2mj"}
{"type":"log","timestamp":1676043465572,"level":"debug","message":"Converting in dedicated phantomjs 1.9.8","meta":{"rootId":"yjoynj7oit1iujf","id":"yjoynj7oit1iujf"},"id":"vguanyd2ee26193","previousOperationId":"5s5nh84zsfov2mj"}
{"type":"log","timestamp":1676043465572,"level":"debug","message":"Request file:///C%3A%5CUsers%5Calegu%5CAppData%5CLocal%5CTemp%5C388ef5e8-f62c-4b37-8a4f-8b3b96a751cbhtml.html","meta":{"rootId":"yjoynj7oit1iujf","id":"yjoynj7oit1iujf"},"id":"nvycmtu9d2ym2cr","previousOperationId":"5s5nh84zsfov2mj"}
{"type":"log","timestamp":1676043465572,"level":"debug","message":"Request https://cdnjs.cloudflare.com/ajax/libs/Chart.js/2.1.6/Chart.min.js","meta":{"rootId":"yjoynj7oit1iujf","id":"yjoynj7oit1iujf"},"id":"nqhzr0vp92bhhcw","previousOperationId":"5s5nh84zsfov2mj"}
{"type":"log","timestamp":1676043465572,"level":"debug","message":"PhantomJS printing done","meta":{"rootId":"yjoynj7oit1iujf","id":"yjoynj7oit1iujf"},"id":"bbrg8ite1fbevud","previousOperationId":"5s5nh84zsfov2mj"}
{"type":"log","timestamp":1676043465572,"level":"debug","message":"PhantomJS printing done","meta":{"rootId":"yjoynj7oit1iujf","id":"yjoynj7oit1iujf"},"id":"k2svos6yhsdwa1k","previousOperationId":"5s5nh84zsfov2mj"}
{"type":"log","timestamp":1676043465572,"level":"debug","message":"PhantomJS printing done","meta":{"rootId":"yjoynj7oit1iujf","id":"yjoynj7oit1iujf"},"id":"ofxfklgejklkf5c","previousOperationId":"5s5nh84zsfov2mj"}
{"type":"log","timestamp":1676043465572,"level":"debug","message":"PhantomJS printing done","meta":{"rootId":"yjoynj7oit1iujf","id":"yjoynj7oit1iujf"},"id":"wzknvwf16ktdely","previousOperationId":"5s5nh84zsfov2mj"}
{"type":"log","timestamp":1676043465572,"level":"debug","message":"PhantomJS printing done","meta":{"rootId":"yjoynj7oit1iujf","id":"yjoynj7oit1iujf"},"id":"xxa91bomvtdwimk","previousOperationId":"5s5nh84zsfov2mj"}
{"type":"log","timestamp":1676043465572,"level":"debug","message":"PhantomJS printing done","meta":{"rootId":"yjoynj7oit1iujf","id":"yjoynj7oit1iujf"},"id":"65ud0dr5oygnre6","previousOperationId":"5s5nh84zsfov2mj"}
{"type":"log","timestamp":1676043465572,"level":"debug","message":"PhantomJS printing done","meta":{"rootId":"yjoynj7oit1iujf","id":"yjoynj7oit1iujf"},"id":"v36cotryuxpg4tq","previousOperationId":"5s5nh84zsfov2mj"}
{"type":"log","timestamp":1676043465572,"level":"debug","message":"PhantomJS printing done","meta":{"rootId":"yjoynj7oit1iujf","id":"yjoynj7oit1iujf"},"id":"zlbwzbj5yj8ge2y","previousOperationId":"5s5nh84zsfov2mj"}
{"type":"log","timestamp":1676043465572,"level":"debug","message":"PhantomJS printing done","meta":{"rootId":"yjoynj7oit1iujf","id":"yjoynj7oit1iujf"},"id":"pefyyv0nc3ay4po","previousOperationId":"5s5nh84zsfov2mj"}
{"type":"log","timestamp":1676043465572,"level":"debug","message":"Request http://intruct-javascript-ending/","meta":{"rootId":"yjoynj7oit1iujf","id":"yjoynj7oit1iujf"},"id":"qy0yvumbfm5236i","previousOperationId":"5s5nh84zsfov2mj"}
{"type":"log","timestamp":1676043465572,"level":"debug","message":"PhantomJS printing done","meta":{"rootId":"yjoynj7oit1iujf","id":"yjoynj7oit1iujf"},"id":"arv64kcmefvj6p7","previousOperationId":"5s5nh84zsfov2mj"}
{"type":"log","timestamp":1676043465574,"level":"debug","message":"phantom-pdf recipe finished with 1 pages generated","meta":{"rootId":"yjoynj7oit1iujf","id":"yjoynj7oit1iujf"},"id":"9g7nqs6pffkmydl","previousOperationId":"5s5nh84zsfov2mj"}
{"type":"operationEnd","operationId":"5s5nh84zsfov2mj","timestamp":1676043465574,"id":"0ahrjv8p4vf0s1z","previousEventId":"2cy7egadw2qbo8k","previousOperationId":"5s5nh84zsfov2mj"}
{"type":"log","timestamp":1676043465574,"level":"debug","message":"Skipping storing report.","meta":{"rootId":"yjoynj7oit1iujf","id":"yjoynj7oit1iujf"},"id":"sooh8o92ua4cyu0","previousOperationId":"5s5nh84zsfov2mj"}
{"type":"log","timestamp":1676043465574,"level":"info","message":"Rendering request 25 finished in 3240 ms","meta":{"rootId":"yjoynj7oit1iujf","id":"yjoynj7oit1iujf"},"id":"2cs6p9t0m7o1ds3","previousOperationId":"5s5nh84zsfov2mj"}
{"type":"operationEnd","subtype":"render","operationId":"cd54rrabc3w3634","timestamp":1676043465574,"id":"49eb6d3o3h2qvbs","previousEventId":"0ahrjv8p4vf0s1z","previousOperationId":"5s5nh84zsfov2mj"}
{"type":"operationEnd","doDiffs":false,"previousEventId":"t4vyu7y7qc3ox2d","previousOperationId":"ue9nvl3gyu0ww9p","operationId":"ue9nvl3gyu0ww9p","timestamp":1676043465601,"id":"80xt4in5vpqusl3"}
