{"type":"operationStart","subtype":"profile","data":{"_id":"pvdizTiDZ4X978Cf","timestamp":"2023-02-10T15:47:15.589Z","state":"queued","mode":"standard","creationDate":"2023-02-10T15:47:15.592Z","modificationDate":"2023-02-10T15:47:15.592Z","shortid":"3sPwK4Y","$entitySet":"profiles"},"doDiffs":false,"timestamp":1676044035590,"id":"v0btndpf9qvj6qx","previousOperationId":null,"operationId":"9wbxbpid71mrd9f"}
{"type":"log","level":"info","message":"Render request 39 queued for execution and waiting for available worker","previousOperationId":"9wbxbpid71mrd9f","timestamp":1676044035590,"id":"hw6itmful4ldcb9"}
{"type":"operationStart","subtype":"render","name":"chart","previousOperationId":"9wbxbpid71mrd9f","timestamp":1676044035603,"id":"7dn3hmf150qcf2n","previousEventId":"v0btndpf9qvj6qx","operationId":"svnje44y1tl9yv6"}
{"type":"log","timestamp":1676044035603,"level":"info","message":"Starting rendering request 39","meta":{"rootId":"z9zjz2l1k20gps5","id":"z9zjz2l1k20gps5"},"id":"xcklabj9rliw7u9","previousOperationId":"svnje44y1tl9yv6"}
{"type":"log","timestamp":1676044035603,"level":"info","message":"Rendering template { name: chart, recipe: phantom-pdf, engine: handlebars, preview: true }","meta":{"rootId":"z9zjz2l1k20gps5","id":"z9zjz2l1k20gps5"},"id":"pc2og73fzijjmez","previousOperationId":"svnje44y1tl9yv6"}
{"type":"log","timestamp":1676044035606,"level":"debug","message":"Data item not defined for this template.","meta":{"rootId":"z9zjz2l1k20gps5","id":"z9zjz2l1k20gps5"},"id":"x15lx311vbnygwg","previousOperationId":"svnje44y1tl9yv6"}
{"type":"log","timestamp":1676044035613,"level":"debug","message":"Executing script chartscript (beforeRender)","meta":{"rootId":"z9zjz2l1k20gps5","id":"z9zjz2l1k20gps5"},"id":"7vucre8lnnliuwt","previousOperationId":"svnje44y1tl9yv6"}
{"type":"operationStart","subtype":"scriptsBeforeRender","name":"scripts beforeRender","timestamp":1676044035641,"id":"9iip56zej0dxr5t","previousEventId":"7dn3hmf150qcf2n","operationId":"b6wcxkxyywwnfbf","previousOperationId":"svnje44y1tl9yv6"}
{"type":"operationStart","subtype":"script","name":"scripts chartscript","previousOperationId":"b6wcxkxyywwnfbf","timestamp":1676044035641,"id":"4csf0ijcbj8tls7","previousEventId":"9iip56zej0dxr5t","operationId":"nlprtw7x3aaxq5b"}
{"type":"log","timestamp":1676044035876,"level":"debug","message":"(console:log) [ 50, 45 ]","meta":{"userLevel":true,"rootId":"z9zjz2l1k20gps5","id":"z9zjz2l1k20gps5"},"id":"mzsrlks9w636z84","previousOperationId":"nlprtw7x3aaxq5b"}
{"type":"log","timestamp":1676044035876,"level":"debug","message":"(console:log) [ 50, 45 ]","meta":{"userLevel":true,"rootId":"z9zjz2l1k20gps5","id":"z9zjz2l1k20gps5"},"id":"i7jm2yr83y48h91","previousOperationId":"nlprtw7x3aaxq5b"}
{"type":"operationEnd","operationId":"nlprtw7x3aaxq5b","timestamp":1676044035876,"id":"jzf9hckidb8r43e","previousEventId":"7dn3hmf150qcf2n","previousOperationId":"svnje44y1tl9yv6"}
{"type":"operationEnd","operationId":"b6wcxkxyywwnfbf","timestamp":1676044035876,"id":"fv1nwoqarlhs6fd","previousEventId":"jzf9hckidb8r43e","previousOperationId":"svnje44y1tl9yv6"}
{"type":"log","timestamp":1676044035876,"level":"debug","message":"Base url not specified, skipping its injection.","meta":{"rootId":"z9zjz2l1k20gps5","id":"z9zjz2l1k20gps5"},"id":"z3bim80qicfteuu","previousOperationId":"b6wcxkxyywwnfbf"}
{"type":"operationStart","subtype":"engine","name":"handlebars","timestamp":1676044035876,"id":"8tke8k36rwopfrt","previousEventId":"fv1nwoqarlhs6fd","operationId":"cxpgpui0l95i4mm","previousOperationId":"b6wcxkxyywwnfbf"}
{"type":"log","timestamp":1676044035876,"level":"debug","message":"Rendering engine handlebars","meta":{"rootId":"z9zjz2l1k20gps5","id":"z9zjz2l1k20gps5"},"id":"sr9bpaa2ykjhgi2","previousOperationId":"cxpgpui0l95i4mm"}
{"type":"log","timestamp":1676044035896,"level":"debug","message":"(console:log) [ 50, 45 ]","meta":{"userLevel":true,"rootId":"z9zjz2l1k20gps5","id":"z9zjz2l1k20gps5"},"id":"fyofkpvrc9rzdvn","previousOperationId":"cxpgpui0l95i4mm"}
{"type":"log","timestamp":1676044035896,"level":"debug","message":"(console:log) [50,45]","meta":{"userLevel":true,"rootId":"z9zjz2l1k20gps5","id":"z9zjz2l1k20gps5"},"id":"l79pu8tj2lmwaja","previousOperationId":"cxpgpui0l95i4mm"}
{"type":"operationEnd","operationId":"cxpgpui0l95i4mm","timestamp":1676044035896,"id":"5di36corcia6mpv","previousEventId":"8tke8k36rwopfrt","previousOperationId":"cxpgpui0l95i4mm"}
{"type":"operationStart","subtype":"recipe","name":"phantom-pdf","timestamp":1676044035897,"id":"gy2xlt7vkgp84x9","previousEventId":"5di36corcia6mpv","operationId":"vymikcjwebkchq7","previousOperationId":"cxpgpui0l95i4mm"}
{"type":"log","timestamp":1676044035897,"level":"debug","message":"Executing recipe phantom-pdf","meta":{"rootId":"z9zjz2l1k20gps5","id":"z9zjz2l1k20gps5"},"id":"tdvuelubv2dq1dl","previousOperationId":"vymikcjwebkchq7"}
{"type":"log","timestamp":1676044038893,"level":"debug","message":"Converting in dedicated phantomjs 1.9.8","meta":{"rootId":"z9zjz2l1k20gps5","id":"z9zjz2l1k20gps5"},"id":"f8akmbavltkgrsn","previousOperationId":"vymikcjwebkchq7"}
{"type":"log","timestamp":1676044038893,"level":"debug","message":"Request file:///C%3A%5CUsers%5Calegu%5CAppData%5CLocal%5CTemp%5C2d96f6aa-6f35-4c84-bc1b-6e6a1d26b19fhtml.html","meta":{"rootId":"z9zjz2l1k20gps5","id":"z9zjz2l1k20gps5"},"id":"ttebmpj6qfqv7pz","previousOperationId":"vymikcjwebkchq7"}
{"type":"log","timestamp":1676044038893,"level":"debug","message":"Request https://cdnjs.cloudflare.com/ajax/libs/Chart.js/2.1.6/Chart.min.js","meta":{"rootId":"z9zjz2l1k20gps5","id":"z9zjz2l1k20gps5"},"id":"7fmipms8siw7k7t","previousOperationId":"vymikcjwebkchq7"}
{"type":"log","timestamp":1676044038893,"level":"debug","message":"PhantomJS printing done","meta":{"rootId":"z9zjz2l1k20gps5","id":"z9zjz2l1k20gps5"},"id":"xm7ftbjhmz6r4uu","previousOperationId":"vymikcjwebkchq7"}
{"type":"log","timestamp":1676044038893,"level":"debug","message":"PhantomJS printing done","meta":{"rootId":"z9zjz2l1k20gps5","id":"z9zjz2l1k20gps5"},"id":"1uwk0nwtxysu4e8","previousOperationId":"vymikcjwebkchq7"}
{"type":"log","timestamp":1676044038893,"level":"debug","message":"PhantomJS printing done","meta":{"rootId":"z9zjz2l1k20gps5","id":"z9zjz2l1k20gps5"},"id":"ou2mkcj93j2kybp","previousOperationId":"vymikcjwebkchq7"}
{"type":"log","timestamp":1676044038893,"level":"debug","message":"PhantomJS printing done","meta":{"rootId":"z9zjz2l1k20gps5","id":"z9zjz2l1k20gps5"},"id":"f1y2d4nnts3miyx","previousOperationId":"vymikcjwebkchq7"}
{"type":"log","timestamp":1676044038893,"level":"debug","message":"PhantomJS printing done","meta":{"rootId":"z9zjz2l1k20gps5","id":"z9zjz2l1k20gps5"},"id":"uq0rxafv3xe8mes","previousOperationId":"vymikcjwebkchq7"}
{"type":"log","timestamp":1676044038893,"level":"debug","message":"PhantomJS printing done","meta":{"rootId":"z9zjz2l1k20gps5","id":"z9zjz2l1k20gps5"},"id":"x3v4oq1lczj3ejq","previousOperationId":"vymikcjwebkchq7"}
{"type":"log","timestamp":1676044038893,"level":"debug","message":"PhantomJS printing done","meta":{"rootId":"z9zjz2l1k20gps5","id":"z9zjz2l1k20gps5"},"id":"sjrguole4wbzjop","previousOperationId":"vymikcjwebkchq7"}
{"type":"log","timestamp":1676044038893,"level":"debug","message":"PhantomJS printing done","meta":{"rootId":"z9zjz2l1k20gps5","id":"z9zjz2l1k20gps5"},"id":"swwfy1nuw0xq2j3","previousOperationId":"vymikcjwebkchq7"}
{"type":"log","timestamp":1676044038893,"level":"debug","message":"PhantomJS printing done","meta":{"rootId":"z9zjz2l1k20gps5","id":"z9zjz2l1k20gps5"},"id":"0dcl8lxy18y1ctu","previousOperationId":"vymikcjwebkchq7"}
{"type":"log","timestamp":1676044038893,"level":"debug","message":"Request http://intruct-javascript-ending/","meta":{"rootId":"z9zjz2l1k20gps5","id":"z9zjz2l1k20gps5"},"id":"b51pag4f2cs9vse","previousOperationId":"vymikcjwebkchq7"}
{"type":"log","timestamp":1676044038894,"level":"debug","message":"PhantomJS printing done","meta":{"rootId":"z9zjz2l1k20gps5","id":"z9zjz2l1k20gps5"},"id":"h0t336qdxml3ao1","previousOperationId":"vymikcjwebkchq7"}
{"type":"log","timestamp":1676044038895,"level":"debug","message":"phantom-pdf recipe finished with 1 pages generated","meta":{"rootId":"z9zjz2l1k20gps5","id":"z9zjz2l1k20gps5"},"id":"fy3shzuppqre7ah","previousOperationId":"vymikcjwebkchq7"}
{"type":"operationEnd","operationId":"vymikcjwebkchq7","timestamp":1676044038895,"id":"xhgec2hlfqucrl4","previousEventId":"gy2xlt7vkgp84x9","previousOperationId":"vymikcjwebkchq7"}
{"type":"log","timestamp":1676044038895,"level":"debug","message":"Skipping storing report.","meta":{"rootId":"z9zjz2l1k20gps5","id":"z9zjz2l1k20gps5"},"id":"in99njb5hcbn5c5","previousOperationId":"vymikcjwebkchq7"}
{"type":"log","timestamp":1676044038895,"level":"info","message":"Rendering request 39 finished in 3306 ms","meta":{"rootId":"z9zjz2l1k20gps5","id":"z9zjz2l1k20gps5"},"id":"cit9f8ydk4iqo8h","previousOperationId":"vymikcjwebkchq7"}
{"type":"operationEnd","subtype":"render","operationId":"svnje44y1tl9yv6","timestamp":1676044038895,"id":"p47h7awguf1ibzn","previousEventId":"xhgec2hlfqucrl4","previousOperationId":"vymikcjwebkchq7"}
{"type":"operationEnd","doDiffs":false,"previousEventId":"v0btndpf9qvj6qx","previousOperationId":"9wbxbpid71mrd9f","operationId":"9wbxbpid71mrd9f","timestamp":1676044038914,"id":"on46mthz3gy2lns"}
