{"type":"operationStart","subtype":"profile","data":{"_id":"hWkD8QSJX2R3zBdj","timestamp":"2023-02-10T15:44:37.585Z","state":"queued","mode":"standard","creationDate":"2023-02-10T15:44:37.587Z","modificationDate":"2023-02-10T15:44:37.587Z","shortid":"YK7kOP3","$entitySet":"profiles"},"doDiffs":false,"timestamp":1676043877586,"id":"vhwdef0ak4jd3u7","previousOperationId":null,"operationId":"buch28krpl8g3hp"}
{"type":"log","level":"info","message":"Render request 38 queued for execution and waiting for available worker","previousOperationId":"buch28krpl8g3hp","timestamp":1676043877586,"id":"eh4zd80wxs9a8jc"}
{"type":"operationStart","subtype":"render","name":"chart","previousOperationId":"buch28krpl8g3hp","timestamp":1676043877597,"id":"k3r0v8kuzq3qdix","previousEventId":"vhwdef0ak4jd3u7","operationId":"snhczrbx5s6mx6u"}
{"type":"log","timestamp":1676043877598,"level":"info","message":"Starting rendering request 38","meta":{"rootId":"zgr0p1qk2q48nsb","id":"zgr0p1qk2q48nsb"},"id":"pcpz0plqyt3yk96","previousOperationId":"snhczrbx5s6mx6u"}
{"type":"log","timestamp":1676043877598,"level":"info","message":"Rendering template { name: chart, recipe: phantom-pdf, engine: handlebars, preview: true }","meta":{"rootId":"zgr0p1qk2q48nsb","id":"zgr0p1qk2q48nsb"},"id":"8a7bjurctoo02pr","previousOperationId":"snhczrbx5s6mx6u"}
{"type":"log","timestamp":1676043877602,"level":"debug","message":"Data item not defined for this template.","meta":{"rootId":"zgr0p1qk2q48nsb","id":"zgr0p1qk2q48nsb"},"id":"6z7h7evz2y3qm8y","previousOperationId":"snhczrbx5s6mx6u"}
{"type":"log","timestamp":1676043877608,"level":"debug","message":"Executing script chartscript (beforeRender)","meta":{"rootId":"zgr0p1qk2q48nsb","id":"zgr0p1qk2q48nsb"},"id":"imx1lyz17jtaru6","previousOperationId":"snhczrbx5s6mx6u"}
{"type":"operationStart","subtype":"scriptsBeforeRender","name":"scripts beforeRender","timestamp":1676043877638,"id":"q1colysk3qudk0x","previousEventId":"k3r0v8kuzq3qdix","operationId":"lhi8srlatpzyzo7","previousOperationId":"snhczrbx5s6mx6u"}
{"type":"operationStart","subtype":"script","name":"scripts chartscript","previousOperationId":"lhi8srlatpzyzo7","timestamp":1676043877638,"id":"qm78hdkwkhqerlq","previousEventId":"q1colysk3qudk0x","operationId":"qi2qn0xsgx4v2nf"}
{"type":"log","timestamp":1676043877842,"level":"debug","message":"(console:log) [ 50, 45 ]","meta":{"userLevel":true,"rootId":"zgr0p1qk2q48nsb","id":"zgr0p1qk2q48nsb"},"id":"jvqlvp11shnrmto","previousOperationId":"qi2qn0xsgx4v2nf"}
{"type":"log","timestamp":1676043877842,"level":"debug","message":"(console:log) [ 50, 45 ]","meta":{"userLevel":true,"rootId":"zgr0p1qk2q48nsb","id":"zgr0p1qk2q48nsb"},"id":"zjx1q5qy2v0qfdg","previousOperationId":"qi2qn0xsgx4v2nf"}
{"type":"operationEnd","operationId":"qi2qn0xsgx4v2nf","timestamp":1676043877843,"id":"uq4fgihsa02g8e3","previousEventId":"k3r0v8kuzq3qdix","previousOperationId":"snhczrbx5s6mx6u"}
{"type":"operationEnd","operationId":"lhi8srlatpzyzo7","timestamp":1676043877843,"id":"tk7cvczad19qey1","previousEventId":"uq4fgihsa02g8e3","previousOperationId":"snhczrbx5s6mx6u"}
{"type":"log","timestamp":1676043877843,"level":"debug","message":"Base url not specified, skipping its injection.","meta":{"rootId":"zgr0p1qk2q48nsb","id":"zgr0p1qk2q48nsb"},"id":"78turxv6d45d3mo","previousOperationId":"lhi8srlatpzyzo7"}
{"type":"operationStart","subtype":"engine","name":"handlebars","timestamp":1676043877843,"id":"w6dl802da39issq","previousEventId":"tk7cvczad19qey1","operationId":"do8rkhfos71oepe","previousOperationId":"lhi8srlatpzyzo7"}
{"type":"log","timestamp":1676043877843,"level":"debug","message":"Rendering engine handlebars","meta":{"rootId":"zgr0p1qk2q48nsb","id":"zgr0p1qk2q48nsb"},"id":"eughuc0g60t6307","previousOperationId":"do8rkhfos71oepe"}
{"type":"log","timestamp":1676043877860,"level":"debug","message":"(console:log) [ 50, 45 ]","meta":{"userLevel":true,"rootId":"zgr0p1qk2q48nsb","id":"zgr0p1qk2q48nsb"},"id":"47ja4hhjha8np2n","previousOperationId":"do8rkhfos71oepe"}
{"type":"log","timestamp":1676043877860,"level":"debug","message":"(console:log) [50,45]","meta":{"userLevel":true,"rootId":"zgr0p1qk2q48nsb","id":"zgr0p1qk2q48nsb"},"id":"j4byl734eg96dfi","previousOperationId":"do8rkhfos71oepe"}
{"type":"operationEnd","operationId":"do8rkhfos71oepe","timestamp":1676043877860,"id":"l80c41oueyv7ajd","previousEventId":"w6dl802da39issq","previousOperationId":"do8rkhfos71oepe"}
{"type":"operationStart","subtype":"recipe","name":"phantom-pdf","timestamp":1676043877860,"id":"kgb1lng1fzln64p","previousEventId":"l80c41oueyv7ajd","operationId":"7f672ina7drre5p","previousOperationId":"do8rkhfos71oepe"}
{"type":"log","timestamp":1676043877860,"level":"debug","message":"Executing recipe phantom-pdf","meta":{"rootId":"zgr0p1qk2q48nsb","id":"zgr0p1qk2q48nsb"},"id":"02zazwl4rsp2vw1","previousOperationId":"7f672ina7drre5p"}
{"type":"log","timestamp":1676043880871,"level":"debug","message":"Converting in dedicated phantomjs 1.9.8","meta":{"rootId":"zgr0p1qk2q48nsb","id":"zgr0p1qk2q48nsb"},"id":"i7xcr57l2sbno2e","previousOperationId":"7f672ina7drre5p"}
{"type":"log","timestamp":1676043880871,"level":"debug","message":"Request file:///C%3A%5CUsers%5Calegu%5CAppData%5CLocal%5CTemp%5Cd1050a99-3e45-409f-9c4d-b496c1968a54html.html","meta":{"rootId":"zgr0p1qk2q48nsb","id":"zgr0p1qk2q48nsb"},"id":"goxih8o7e4yt7lm","previousOperationId":"7f672ina7drre5p"}
{"type":"log","timestamp":1676043880871,"level":"debug","message":"Request https://cdnjs.cloudflare.com/ajax/libs/Chart.js/2.1.6/Chart.min.js","meta":{"rootId":"zgr0p1qk2q48nsb","id":"zgr0p1qk2q48nsb"},"id":"e8es0wnejo4ob3y","previousOperationId":"7f672ina7drre5p"}
{"type":"log","timestamp":1676043880871,"level":"debug","message":"PhantomJS printing done","meta":{"rootId":"zgr0p1qk2q48nsb","id":"zgr0p1qk2q48nsb"},"id":"5ylcxyr5f4vjh8r","previousOperationId":"7f672ina7drre5p"}
{"type":"log","timestamp":1676043880871,"level":"debug","message":"PhantomJS printing done","meta":{"rootId":"zgr0p1qk2q48nsb","id":"zgr0p1qk2q48nsb"},"id":"dogxau6lnzz2n8w","previousOperationId":"7f672ina7drre5p"}
{"type":"log","timestamp":1676043880871,"level":"debug","message":"PhantomJS printing done","meta":{"rootId":"zgr0p1qk2q48nsb","id":"zgr0p1qk2q48nsb"},"id":"3feqwagilhejbir","previousOperationId":"7f672ina7drre5p"}
{"type":"log","timestamp":1676043880871,"level":"debug","message":"PhantomJS printing done","meta":{"rootId":"zgr0p1qk2q48nsb","id":"zgr0p1qk2q48nsb"},"id":"yf48f9jrszskam9","previousOperationId":"7f672ina7drre5p"}
{"type":"log","timestamp":1676043880871,"level":"debug","message":"PhantomJS printing done","meta":{"rootId":"zgr0p1qk2q48nsb","id":"zgr0p1qk2q48nsb"},"id":"0aamsg8i7jf6huy","previousOperationId":"7f672ina7drre5p"}
{"type":"log","timestamp":1676043880871,"level":"debug","message":"PhantomJS printing done","meta":{"rootId":"zgr0p1qk2q48nsb","id":"zgr0p1qk2q48nsb"},"id":"eytvh58gv3ylt27","previousOperationId":"7f672ina7drre5p"}
{"type":"log","timestamp":1676043880871,"level":"debug","message":"PhantomJS printing done","meta":{"rootId":"zgr0p1qk2q48nsb","id":"zgr0p1qk2q48nsb"},"id":"16d12yy80i5h8u6","previousOperationId":"7f672ina7drre5p"}
{"type":"log","timestamp":1676043880871,"level":"debug","message":"PhantomJS printing done","meta":{"rootId":"zgr0p1qk2q48nsb","id":"zgr0p1qk2q48nsb"},"id":"6zwjlthfer5lv29","previousOperationId":"7f672ina7drre5p"}
{"type":"log","timestamp":1676043880872,"level":"debug","message":"PhantomJS printing done","meta":{"rootId":"zgr0p1qk2q48nsb","id":"zgr0p1qk2q48nsb"},"id":"r9hnwvwl6g2lq41","previousOperationId":"7f672ina7drre5p"}
{"type":"log","timestamp":1676043880872,"level":"debug","message":"Request http://intruct-javascript-ending/","meta":{"rootId":"zgr0p1qk2q48nsb","id":"zgr0p1qk2q48nsb"},"id":"jqe5geuszldz43k","previousOperationId":"7f672ina7drre5p"}
{"type":"log","timestamp":1676043880872,"level":"debug","message":"PhantomJS printing done","meta":{"rootId":"zgr0p1qk2q48nsb","id":"zgr0p1qk2q48nsb"},"id":"zdtdtt5srb7sh1f","previousOperationId":"7f672ina7drre5p"}
{"type":"log","timestamp":1676043880872,"level":"debug","message":"phantom-pdf recipe finished with 1 pages generated","meta":{"rootId":"zgr0p1qk2q48nsb","id":"zgr0p1qk2q48nsb"},"id":"qu85p0mthhtzf4q","previousOperationId":"7f672ina7drre5p"}
{"type":"operationEnd","operationId":"7f672ina7drre5p","timestamp":1676043880872,"id":"2a32t7ep06e2v7b","previousEventId":"kgb1lng1fzln64p","previousOperationId":"7f672ina7drre5p"}
{"type":"log","timestamp":1676043880873,"level":"debug","message":"Skipping storing report.","meta":{"rootId":"zgr0p1qk2q48nsb","id":"zgr0p1qk2q48nsb"},"id":"stfi1dxhai8olnf","previousOperationId":"7f672ina7drre5p"}
{"type":"log","timestamp":1676043880873,"level":"info","message":"Rendering request 38 finished in 3288 ms","meta":{"rootId":"zgr0p1qk2q48nsb","id":"zgr0p1qk2q48nsb"},"id":"1l7yvbgu0e7vzix","previousOperationId":"7f672ina7drre5p"}
{"type":"operationEnd","subtype":"render","operationId":"snhczrbx5s6mx6u","timestamp":1676043880873,"id":"s6e1v5eptbso2cj","previousEventId":"2a32t7ep06e2v7b","previousOperationId":"7f672ina7drre5p"}
{"type":"operationEnd","doDiffs":false,"previousEventId":"vhwdef0ak4jd3u7","previousOperationId":"buch28krpl8g3hp","operationId":"buch28krpl8g3hp","timestamp":1676043880899,"id":"tey3tu56aup93uh"}
