{"type":"operationStart","subtype":"profile","data":{"_id":"lGHBJz9PvwGmNJCq","timestamp":"2023-02-10T15:14:05.297Z","state":"queued","mode":"standard","creationDate":"2023-02-10T15:14:05.300Z","modificationDate":"2023-02-10T15:14:05.300Z","shortid":"aipNwIQ","$entitySet":"profiles"},"doDiffs":false,"timestamp":1676042045298,"id":"t7m9lf35h59bav9","previousOperationId":null,"operationId":"i7egbsixvg5nurp"}
{"type":"log","level":"info","message":"Render request 4 queued for execution and waiting for available worker","previousOperationId":"i7egbsixvg5nurp","timestamp":1676042045299,"id":"9i4fc8532mlxtyo"}
{"type":"operationStart","subtype":"render","name":"chart","previousOperationId":"i7egbsixvg5nurp","timestamp":1676042045312,"id":"saw8minpzy6fhw0","previousEventId":"t7m9lf35h59bav9","operationId":"sh3ps18nrbuxm71"}
{"type":"log","timestamp":1676042045313,"level":"info","message":"Starting rendering request 4","meta":{"rootId":"zve72z1tcjeki5e","id":"zve72z1tcjeki5e"},"id":"nskm3gbqtwlm87y","previousOperationId":"sh3ps18nrbuxm71"}
{"type":"log","timestamp":1676042045314,"level":"info","message":"Rendering template { name: chart, recipe: phantom-pdf, engine: handlebars, preview: true }","meta":{"rootId":"zve72z1tcjeki5e","id":"zve72z1tcjeki5e"},"id":"e7nroa22y2gdqxc","previousOperationId":"sh3ps18nrbuxm71"}
{"type":"log","timestamp":1676042045320,"level":"debug","message":"Data item not defined for this template.","meta":{"rootId":"zve72z1tcjeki5e","id":"zve72z1tcjeki5e"},"id":"vkfz22uu53rvdbc","previousOperationId":"sh3ps18nrbuxm71"}
{"type":"log","timestamp":1676042045324,"level":"debug","message":"Executing script chartscript (beforeRender)","meta":{"rootId":"zve72z1tcjeki5e","id":"zve72z1tcjeki5e"},"id":"aifoa05hw6i2p86","previousOperationId":"sh3ps18nrbuxm71"}
{"type":"operationStart","subtype":"scriptsBeforeRender","name":"scripts beforeRender","timestamp":1676042045354,"id":"eo04fn0n64kxwm8","previousEventId":"saw8minpzy6fhw0","operationId":"1kl16q2kkmsui74","previousOperationId":"sh3ps18nrbuxm71"}
{"type":"operationStart","subtype":"script","name":"scripts chartscript","previousOperationId":"1kl16q2kkmsui74","timestamp":1676042045354,"id":"he9seffug6hjabi","previousEventId":"eo04fn0n64kxwm8","operationId":"g45jpe4bdqjmxjx"}
{"type":"operationEnd","operationId":"g45jpe4bdqjmxjx","timestamp":1676042045607,"id":"l4p4st53y8lscb7","previousEventId":"saw8minpzy6fhw0","previousOperationId":"sh3ps18nrbuxm71"}
{"type":"operationEnd","operationId":"1kl16q2kkmsui74","timestamp":1676042045607,"id":"hkjrur57dp8yehl","previousEventId":"l4p4st53y8lscb7","previousOperationId":"sh3ps18nrbuxm71"}
{"type":"log","timestamp":1676042045607,"level":"debug","message":"Base url not specified, skipping its injection.","meta":{"rootId":"zve72z1tcjeki5e","id":"zve72z1tcjeki5e"},"id":"zl85mywnxwcrc0f","previousOperationId":"1kl16q2kkmsui74"}
{"type":"operationStart","subtype":"engine","name":"handlebars","timestamp":1676042045607,"id":"e5nwe22cdnh7uiv","previousEventId":"hkjrur57dp8yehl","operationId":"7lzqswoa3nfv7cb","previousOperationId":"1kl16q2kkmsui74"}
{"type":"log","timestamp":1676042045607,"level":"debug","message":"Rendering engine handlebars","meta":{"rootId":"zve72z1tcjeki5e","id":"zve72z1tcjeki5e"},"id":"53w63fd2rzsj9a4","previousOperationId":"7lzqswoa3nfv7cb"}
{"type":"log","timestamp":1676042045625,"level":"debug","message":"(console:log) {\"articulos\":[50,6]}","meta":{"userLevel":true,"rootId":"zve72z1tcjeki5e","id":"zve72z1tcjeki5e"},"id":"zgd81u2hy84lvvu","previousOperationId":"7lzqswoa3nfv7cb"}
{"type":"operationEnd","operationId":"7lzqswoa3nfv7cb","timestamp":1676042045625,"id":"rl6l032xa9w9eho","previousEventId":"e5nwe22cdnh7uiv","previousOperationId":"7lzqswoa3nfv7cb"}
{"type":"operationStart","subtype":"recipe","name":"phantom-pdf","timestamp":1676042045625,"id":"gf5cv6se0uc3de6","previousEventId":"rl6l032xa9w9eho","operationId":"tysr0zhtwx5hpx9","previousOperationId":"7lzqswoa3nfv7cb"}
{"type":"log","timestamp":1676042045625,"level":"debug","message":"Executing recipe phantom-pdf","meta":{"rootId":"zve72z1tcjeki5e","id":"zve72z1tcjeki5e"},"id":"jrtgukpdfzqp94q","previousOperationId":"tysr0zhtwx5hpx9"}
{"type":"log","timestamp":1676042048747,"level":"debug","message":"Converting in dedicated phantomjs 1.9.8","meta":{"rootId":"zve72z1tcjeki5e","id":"zve72z1tcjeki5e"},"id":"q2brp2fqigq0h81","previousOperationId":"tysr0zhtwx5hpx9"}
{"type":"log","timestamp":1676042048747,"level":"debug","message":"Request file:///C%3A%5CUsers%5Calegu%5CAppData%5CLocal%5CTemp%5C31268ec7-2af1-4c3a-b96f-91daafbb447ehtml.html","meta":{"rootId":"zve72z1tcjeki5e","id":"zve72z1tcjeki5e"},"id":"sd134banfd9hxzv","previousOperationId":"tysr0zhtwx5hpx9"}
{"type":"log","timestamp":1676042048747,"level":"debug","message":"Request https://cdnjs.cloudflare.com/ajax/libs/Chart.js/2.1.6/Chart.min.js","meta":{"rootId":"zve72z1tcjeki5e","id":"zve72z1tcjeki5e"},"id":"s8kfji5tznrsrdm","previousOperationId":"tysr0zhtwx5hpx9"}
{"type":"log","timestamp":1676042048747,"level":"debug","message":"PhantomJS printing done","meta":{"rootId":"zve72z1tcjeki5e","id":"zve72z1tcjeki5e"},"id":"rq7be86mo71biso","previousOperationId":"tysr0zhtwx5hpx9"}
{"type":"log","timestamp":1676042048747,"level":"debug","message":"PhantomJS printing done","meta":{"rootId":"zve72z1tcjeki5e","id":"zve72z1tcjeki5e"},"id":"lp3mykhr4hz30lk","previousOperationId":"tysr0zhtwx5hpx9"}
{"type":"log","timestamp":1676042048747,"level":"debug","message":"PhantomJS printing done","meta":{"rootId":"zve72z1tcjeki5e","id":"zve72z1tcjeki5e"},"id":"kgkcu6ff0h9sgk1","previousOperationId":"tysr0zhtwx5hpx9"}
{"type":"log","timestamp":1676042048747,"level":"debug","message":"PhantomJS printing done","meta":{"rootId":"zve72z1tcjeki5e","id":"zve72z1tcjeki5e"},"id":"ut15dutkyifvb23","previousOperationId":"tysr0zhtwx5hpx9"}
{"type":"log","timestamp":1676042048748,"level":"debug","message":"PhantomJS printing done","meta":{"rootId":"zve72z1tcjeki5e","id":"zve72z1tcjeki5e"},"id":"dwxfnub9g168amk","previousOperationId":"tysr0zhtwx5hpx9"}
{"type":"log","timestamp":1676042048748,"level":"debug","message":"PhantomJS printing done","meta":{"rootId":"zve72z1tcjeki5e","id":"zve72z1tcjeki5e"},"id":"vddltfg3o3p4idl","previousOperationId":"tysr0zhtwx5hpx9"}
{"type":"log","timestamp":1676042048748,"level":"debug","message":"PhantomJS printing done","meta":{"rootId":"zve72z1tcjeki5e","id":"zve72z1tcjeki5e"},"id":"lhciiyouc56xsgv","previousOperationId":"tysr0zhtwx5hpx9"}
{"type":"log","timestamp":1676042048748,"level":"debug","message":"PhantomJS printing done","meta":{"rootId":"zve72z1tcjeki5e","id":"zve72z1tcjeki5e"},"id":"t4fggpqho7qlatl","previousOperationId":"tysr0zhtwx5hpx9"}
{"type":"log","timestamp":1676042048748,"level":"debug","message":"PhantomJS printing done","meta":{"rootId":"zve72z1tcjeki5e","id":"zve72z1tcjeki5e"},"id":"4z8npl0ja50m3ms","previousOperationId":"tysr0zhtwx5hpx9"}
{"type":"log","timestamp":1676042048748,"level":"debug","message":"PhantomJS printing done","meta":{"rootId":"zve72z1tcjeki5e","id":"zve72z1tcjeki5e"},"id":"fhzz0j7co7k9mof","previousOperationId":"tysr0zhtwx5hpx9"}
{"type":"log","timestamp":1676042048748,"level":"debug","message":"Request http://intruct-javascript-ending/","meta":{"rootId":"zve72z1tcjeki5e","id":"zve72z1tcjeki5e"},"id":"p4oct5aswlhnqcg","previousOperationId":"tysr0zhtwx5hpx9"}
{"type":"log","timestamp":1676042048748,"level":"debug","message":"PhantomJS printing done","meta":{"rootId":"zve72z1tcjeki5e","id":"zve72z1tcjeki5e"},"id":"fvvmwmpvmae99rg","previousOperationId":"tysr0zhtwx5hpx9"}
{"type":"log","timestamp":1676042048749,"level":"debug","message":"phantom-pdf recipe finished with 1 pages generated","meta":{"rootId":"zve72z1tcjeki5e","id":"zve72z1tcjeki5e"},"id":"wpvm1egmo9ko85k","previousOperationId":"tysr0zhtwx5hpx9"}
{"type":"operationEnd","operationId":"tysr0zhtwx5hpx9","timestamp":1676042048749,"id":"o02hiradsoox8a8","previousEventId":"gf5cv6se0uc3de6","previousOperationId":"tysr0zhtwx5hpx9"}
{"type":"log","timestamp":1676042048749,"level":"debug","message":"Skipping storing report.","meta":{"rootId":"zve72z1tcjeki5e","id":"zve72z1tcjeki5e"},"id":"yqk3e8t98fy8y1r","previousOperationId":"tysr0zhtwx5hpx9"}
{"type":"log","timestamp":1676042048750,"level":"info","message":"Rendering request 4 finished in 3454 ms","meta":{"rootId":"zve72z1tcjeki5e","id":"zve72z1tcjeki5e"},"id":"a61lknojievuw6t","previousOperationId":"tysr0zhtwx5hpx9"}
{"type":"operationEnd","subtype":"render","operationId":"sh3ps18nrbuxm71","timestamp":1676042048750,"id":"5geh2yedq1t720n","previousEventId":"o02hiradsoox8a8","previousOperationId":"tysr0zhtwx5hpx9"}
{"type":"operationEnd","doDiffs":false,"previousEventId":"t7m9lf35h59bav9","previousOperationId":"i7egbsixvg5nurp","operationId":"i7egbsixvg5nurp","timestamp":1676042048841,"id":"g20ebnmpbwoa288"}
